[2023-11-27T21:00:39.624-0300] {processor.py:157} INFO - Started process (PID=51757) to work on /home/marcos/anaconda3/envs/XPe-IGTI/lib/python3.8/site-packages/airflow/example_dags/example_params_trigger_ui.py
[2023-11-27T21:00:39.626-0300] {processor.py:829} INFO - Processing file /home/marcos/anaconda3/envs/XPe-IGTI/lib/python3.8/site-packages/airflow/example_dags/example_params_trigger_ui.py for tasks to queue
[2023-11-27T21:00:39.627-0300] {logging_mixin.py:154} INFO - [2023-11-27T21:00:39.626-0300] {dagbag.py:536} INFO - Filling up the DagBag from /home/marcos/anaconda3/envs/XPe-IGTI/lib/python3.8/site-packages/airflow/example_dags/example_params_trigger_ui.py
[2023-11-27T21:00:39.659-0300] {processor.py:839} INFO - DAG(s) dict_keys(['example_params_trigger_ui']) retrieved from /home/marcos/anaconda3/envs/XPe-IGTI/lib/python3.8/site-packages/airflow/example_dags/example_params_trigger_ui.py
[2023-11-27T21:00:39.768-0300] {logging_mixin.py:154} INFO - [2023-11-27T21:00:39.767-0300] {dag.py:2941} INFO - Sync 1 DAGs
[2023-11-27T21:00:39.791-0300] {logging_mixin.py:154} INFO - [2023-11-27T21:00:39.790-0300] {dag.py:3722} INFO - Setting next_dagrun for example_params_trigger_ui to None, run_after=None
[2023-11-27T21:00:39.830-0300] {processor.py:179} INFO - Processing /home/marcos/anaconda3/envs/XPe-IGTI/lib/python3.8/site-packages/airflow/example_dags/example_params_trigger_ui.py took 0.210 seconds
[2023-11-27T21:01:40.026-0300] {processor.py:157} INFO - Started process (PID=51827) to work on /home/marcos/anaconda3/envs/XPe-IGTI/lib/python3.8/site-packages/airflow/example_dags/example_params_trigger_ui.py
[2023-11-27T21:01:40.031-0300] {processor.py:829} INFO - Processing file /home/marcos/anaconda3/envs/XPe-IGTI/lib/python3.8/site-packages/airflow/example_dags/example_params_trigger_ui.py for tasks to queue
[2023-11-27T21:01:40.032-0300] {logging_mixin.py:154} INFO - [2023-11-27T21:01:40.032-0300] {dagbag.py:536} INFO - Filling up the DagBag from /home/marcos/anaconda3/envs/XPe-IGTI/lib/python3.8/site-packages/airflow/example_dags/example_params_trigger_ui.py
[2023-11-27T21:01:40.061-0300] {processor.py:839} INFO - DAG(s) dict_keys(['example_params_trigger_ui']) retrieved from /home/marcos/anaconda3/envs/XPe-IGTI/lib/python3.8/site-packages/airflow/example_dags/example_params_trigger_ui.py
[2023-11-27T21:01:40.140-0300] {logging_mixin.py:154} INFO - [2023-11-27T21:01:40.140-0300] {dag.py:2941} INFO - Sync 1 DAGs
[2023-11-27T21:01:40.160-0300] {logging_mixin.py:154} INFO - [2023-11-27T21:01:40.160-0300] {dag.py:3722} INFO - Setting next_dagrun for example_params_trigger_ui to None, run_after=None
[2023-11-27T21:01:40.197-0300] {processor.py:179} INFO - Processing /home/marcos/anaconda3/envs/XPe-IGTI/lib/python3.8/site-packages/airflow/example_dags/example_params_trigger_ui.py took 0.176 seconds
[2023-11-27T21:02:38.957-0300] {processor.py:157} INFO - Started process (PID=51935) to work on /home/marcos/anaconda3/envs/XPe-IGTI/lib/python3.8/site-packages/airflow/example_dags/example_params_trigger_ui.py
[2023-11-27T21:02:38.962-0300] {processor.py:829} INFO - Processing file /home/marcos/anaconda3/envs/XPe-IGTI/lib/python3.8/site-packages/airflow/example_dags/example_params_trigger_ui.py for tasks to queue
[2023-11-27T21:02:38.964-0300] {logging_mixin.py:154} INFO - [2023-11-27T21:02:38.963-0300] {dagbag.py:536} INFO - Filling up the DagBag from /home/marcos/anaconda3/envs/XPe-IGTI/lib/python3.8/site-packages/airflow/example_dags/example_params_trigger_ui.py
[2023-11-27T21:02:38.992-0300] {processor.py:839} INFO - DAG(s) dict_keys(['example_params_trigger_ui']) retrieved from /home/marcos/anaconda3/envs/XPe-IGTI/lib/python3.8/site-packages/airflow/example_dags/example_params_trigger_ui.py
[2023-11-27T21:02:39.077-0300] {logging_mixin.py:154} INFO - [2023-11-27T21:02:39.076-0300] {dag.py:2941} INFO - Sync 1 DAGs
[2023-11-27T21:02:39.096-0300] {logging_mixin.py:154} INFO - [2023-11-27T21:02:39.095-0300] {dag.py:3722} INFO - Setting next_dagrun for example_params_trigger_ui to None, run_after=None
[2023-11-27T21:02:39.132-0300] {processor.py:179} INFO - Processing /home/marcos/anaconda3/envs/XPe-IGTI/lib/python3.8/site-packages/airflow/example_dags/example_params_trigger_ui.py took 0.179 seconds
[2023-11-27T21:03:42.857-0300] {processor.py:157} INFO - Started process (PID=52005) to work on /home/marcos/anaconda3/envs/XPe-IGTI/lib/python3.8/site-packages/airflow/example_dags/example_params_trigger_ui.py
[2023-11-27T21:03:42.861-0300] {processor.py:829} INFO - Processing file /home/marcos/anaconda3/envs/XPe-IGTI/lib/python3.8/site-packages/airflow/example_dags/example_params_trigger_ui.py for tasks to queue
[2023-11-27T21:03:42.863-0300] {logging_mixin.py:154} INFO - [2023-11-27T21:03:42.862-0300] {dagbag.py:536} INFO - Filling up the DagBag from /home/marcos/anaconda3/envs/XPe-IGTI/lib/python3.8/site-packages/airflow/example_dags/example_params_trigger_ui.py
[2023-11-27T21:03:42.894-0300] {processor.py:839} INFO - DAG(s) dict_keys(['example_params_trigger_ui']) retrieved from /home/marcos/anaconda3/envs/XPe-IGTI/lib/python3.8/site-packages/airflow/example_dags/example_params_trigger_ui.py
[2023-11-27T21:03:42.984-0300] {logging_mixin.py:154} INFO - [2023-11-27T21:03:42.984-0300] {dag.py:2941} INFO - Sync 1 DAGs
[2023-11-27T21:03:43.002-0300] {logging_mixin.py:154} INFO - [2023-11-27T21:03:43.002-0300] {dag.py:3722} INFO - Setting next_dagrun for example_params_trigger_ui to None, run_after=None
[2023-11-27T21:03:43.041-0300] {processor.py:179} INFO - Processing /home/marcos/anaconda3/envs/XPe-IGTI/lib/python3.8/site-packages/airflow/example_dags/example_params_trigger_ui.py took 0.191 seconds
[2023-11-27T21:04:28.511-0300] {processor.py:157} INFO - Started process (PID=52063) to work on /home/marcos/anaconda3/envs/XPe-IGTI/lib/python3.8/site-packages/airflow/example_dags/example_params_trigger_ui.py
[2023-11-27T21:04:28.516-0300] {processor.py:829} INFO - Processing file /home/marcos/anaconda3/envs/XPe-IGTI/lib/python3.8/site-packages/airflow/example_dags/example_params_trigger_ui.py for tasks to queue
[2023-11-27T21:04:28.518-0300] {logging_mixin.py:154} INFO - [2023-11-27T21:04:28.517-0300] {dagbag.py:536} INFO - Filling up the DagBag from /home/marcos/anaconda3/envs/XPe-IGTI/lib/python3.8/site-packages/airflow/example_dags/example_params_trigger_ui.py
[2023-11-27T21:04:28.547-0300] {processor.py:839} INFO - DAG(s) dict_keys(['example_params_trigger_ui']) retrieved from /home/marcos/anaconda3/envs/XPe-IGTI/lib/python3.8/site-packages/airflow/example_dags/example_params_trigger_ui.py
[2023-11-27T21:04:28.627-0300] {logging_mixin.py:154} INFO - [2023-11-27T21:04:28.627-0300] {dag.py:2941} INFO - Sync 1 DAGs
[2023-11-27T21:04:28.645-0300] {logging_mixin.py:154} INFO - [2023-11-27T21:04:28.645-0300] {dag.py:3722} INFO - Setting next_dagrun for example_params_trigger_ui to None, run_after=None
[2023-11-27T21:04:28.683-0300] {processor.py:179} INFO - Processing /home/marcos/anaconda3/envs/XPe-IGTI/lib/python3.8/site-packages/airflow/example_dags/example_params_trigger_ui.py took 0.177 seconds
[2023-11-27T21:05:32.357-0300] {processor.py:157} INFO - Started process (PID=52158) to work on /home/marcos/anaconda3/envs/XPe-IGTI/lib/python3.8/site-packages/airflow/example_dags/example_params_trigger_ui.py
[2023-11-27T21:05:32.361-0300] {processor.py:829} INFO - Processing file /home/marcos/anaconda3/envs/XPe-IGTI/lib/python3.8/site-packages/airflow/example_dags/example_params_trigger_ui.py for tasks to queue
[2023-11-27T21:05:32.363-0300] {logging_mixin.py:154} INFO - [2023-11-27T21:05:32.362-0300] {dagbag.py:536} INFO - Filling up the DagBag from /home/marcos/anaconda3/envs/XPe-IGTI/lib/python3.8/site-packages/airflow/example_dags/example_params_trigger_ui.py
[2023-11-27T21:05:32.393-0300] {processor.py:839} INFO - DAG(s) dict_keys(['example_params_trigger_ui']) retrieved from /home/marcos/anaconda3/envs/XPe-IGTI/lib/python3.8/site-packages/airflow/example_dags/example_params_trigger_ui.py
[2023-11-27T21:05:32.463-0300] {logging_mixin.py:154} INFO - [2023-11-27T21:05:32.462-0300] {dag.py:2941} INFO - Sync 1 DAGs
[2023-11-27T21:05:32.479-0300] {logging_mixin.py:154} INFO - [2023-11-27T21:05:32.479-0300] {dag.py:3722} INFO - Setting next_dagrun for example_params_trigger_ui to None, run_after=None
[2023-11-27T21:05:32.510-0300] {processor.py:179} INFO - Processing /home/marcos/anaconda3/envs/XPe-IGTI/lib/python3.8/site-packages/airflow/example_dags/example_params_trigger_ui.py took 0.160 seconds
[2023-11-27T21:06:33.212-0300] {processor.py:157} INFO - Started process (PID=52246) to work on /home/marcos/anaconda3/envs/XPe-IGTI/lib/python3.8/site-packages/airflow/example_dags/example_params_trigger_ui.py
[2023-11-27T21:06:33.217-0300] {processor.py:829} INFO - Processing file /home/marcos/anaconda3/envs/XPe-IGTI/lib/python3.8/site-packages/airflow/example_dags/example_params_trigger_ui.py for tasks to queue
[2023-11-27T21:06:33.218-0300] {logging_mixin.py:154} INFO - [2023-11-27T21:06:33.218-0300] {dagbag.py:536} INFO - Filling up the DagBag from /home/marcos/anaconda3/envs/XPe-IGTI/lib/python3.8/site-packages/airflow/example_dags/example_params_trigger_ui.py
[2023-11-27T21:06:33.248-0300] {processor.py:839} INFO - DAG(s) dict_keys(['example_params_trigger_ui']) retrieved from /home/marcos/anaconda3/envs/XPe-IGTI/lib/python3.8/site-packages/airflow/example_dags/example_params_trigger_ui.py
[2023-11-27T21:06:33.330-0300] {logging_mixin.py:154} INFO - [2023-11-27T21:06:33.330-0300] {dag.py:2941} INFO - Sync 1 DAGs
[2023-11-27T21:06:33.355-0300] {logging_mixin.py:154} INFO - [2023-11-27T21:06:33.355-0300] {dag.py:3722} INFO - Setting next_dagrun for example_params_trigger_ui to None, run_after=None
[2023-11-27T21:06:33.391-0300] {processor.py:179} INFO - Processing /home/marcos/anaconda3/envs/XPe-IGTI/lib/python3.8/site-packages/airflow/example_dags/example_params_trigger_ui.py took 0.184 seconds
[2023-11-27T21:07:33.727-0300] {processor.py:157} INFO - Started process (PID=52347) to work on /home/marcos/anaconda3/envs/XPe-IGTI/lib/python3.8/site-packages/airflow/example_dags/example_params_trigger_ui.py
[2023-11-27T21:07:33.732-0300] {processor.py:829} INFO - Processing file /home/marcos/anaconda3/envs/XPe-IGTI/lib/python3.8/site-packages/airflow/example_dags/example_params_trigger_ui.py for tasks to queue
[2023-11-27T21:07:33.733-0300] {logging_mixin.py:154} INFO - [2023-11-27T21:07:33.732-0300] {dagbag.py:536} INFO - Filling up the DagBag from /home/marcos/anaconda3/envs/XPe-IGTI/lib/python3.8/site-packages/airflow/example_dags/example_params_trigger_ui.py
[2023-11-27T21:07:33.757-0300] {processor.py:839} INFO - DAG(s) dict_keys(['example_params_trigger_ui']) retrieved from /home/marcos/anaconda3/envs/XPe-IGTI/lib/python3.8/site-packages/airflow/example_dags/example_params_trigger_ui.py
[2023-11-27T21:07:33.827-0300] {logging_mixin.py:154} INFO - [2023-11-27T21:07:33.826-0300] {dag.py:2941} INFO - Sync 1 DAGs
[2023-11-27T21:07:33.843-0300] {logging_mixin.py:154} INFO - [2023-11-27T21:07:33.843-0300] {dag.py:3722} INFO - Setting next_dagrun for example_params_trigger_ui to None, run_after=None
[2023-11-27T21:07:33.873-0300] {processor.py:179} INFO - Processing /home/marcos/anaconda3/envs/XPe-IGTI/lib/python3.8/site-packages/airflow/example_dags/example_params_trigger_ui.py took 0.150 seconds
[2023-11-27T21:08:35.244-0300] {processor.py:157} INFO - Started process (PID=52417) to work on /home/marcos/anaconda3/envs/XPe-IGTI/lib/python3.8/site-packages/airflow/example_dags/example_params_trigger_ui.py
[2023-11-27T21:08:35.248-0300] {processor.py:829} INFO - Processing file /home/marcos/anaconda3/envs/XPe-IGTI/lib/python3.8/site-packages/airflow/example_dags/example_params_trigger_ui.py for tasks to queue
[2023-11-27T21:08:35.251-0300] {logging_mixin.py:154} INFO - [2023-11-27T21:08:35.250-0300] {dagbag.py:536} INFO - Filling up the DagBag from /home/marcos/anaconda3/envs/XPe-IGTI/lib/python3.8/site-packages/airflow/example_dags/example_params_trigger_ui.py
[2023-11-27T21:08:35.289-0300] {processor.py:839} INFO - DAG(s) dict_keys(['example_params_trigger_ui']) retrieved from /home/marcos/anaconda3/envs/XPe-IGTI/lib/python3.8/site-packages/airflow/example_dags/example_params_trigger_ui.py
[2023-11-27T21:08:35.356-0300] {logging_mixin.py:154} INFO - [2023-11-27T21:08:35.356-0300] {dag.py:2941} INFO - Sync 1 DAGs
[2023-11-27T21:08:35.372-0300] {logging_mixin.py:154} INFO - [2023-11-27T21:08:35.372-0300] {dag.py:3722} INFO - Setting next_dagrun for example_params_trigger_ui to None, run_after=None
[2023-11-27T21:08:35.404-0300] {processor.py:179} INFO - Processing /home/marcos/anaconda3/envs/XPe-IGTI/lib/python3.8/site-packages/airflow/example_dags/example_params_trigger_ui.py took 0.165 seconds
[2023-11-27T21:09:41.712-0300] {processor.py:157} INFO - Started process (PID=52497) to work on /home/marcos/anaconda3/envs/XPe-IGTI/lib/python3.8/site-packages/airflow/example_dags/example_params_trigger_ui.py
[2023-11-27T21:09:41.716-0300] {processor.py:829} INFO - Processing file /home/marcos/anaconda3/envs/XPe-IGTI/lib/python3.8/site-packages/airflow/example_dags/example_params_trigger_ui.py for tasks to queue
[2023-11-27T21:09:41.718-0300] {logging_mixin.py:154} INFO - [2023-11-27T21:09:41.717-0300] {dagbag.py:536} INFO - Filling up the DagBag from /home/marcos/anaconda3/envs/XPe-IGTI/lib/python3.8/site-packages/airflow/example_dags/example_params_trigger_ui.py
[2023-11-27T21:09:41.745-0300] {processor.py:839} INFO - DAG(s) dict_keys(['example_params_trigger_ui']) retrieved from /home/marcos/anaconda3/envs/XPe-IGTI/lib/python3.8/site-packages/airflow/example_dags/example_params_trigger_ui.py
[2023-11-27T21:09:41.818-0300] {logging_mixin.py:154} INFO - [2023-11-27T21:09:41.817-0300] {dag.py:2941} INFO - Sync 1 DAGs
[2023-11-27T21:09:41.835-0300] {logging_mixin.py:154} INFO - [2023-11-27T21:09:41.835-0300] {dag.py:3722} INFO - Setting next_dagrun for example_params_trigger_ui to None, run_after=None
[2023-11-27T21:09:41.869-0300] {processor.py:179} INFO - Processing /home/marcos/anaconda3/envs/XPe-IGTI/lib/python3.8/site-packages/airflow/example_dags/example_params_trigger_ui.py took 0.162 seconds
[2023-11-27T21:10:44.916-0300] {processor.py:157} INFO - Started process (PID=52570) to work on /home/marcos/anaconda3/envs/XPe-IGTI/lib/python3.8/site-packages/airflow/example_dags/example_params_trigger_ui.py
[2023-11-27T21:10:44.920-0300] {processor.py:829} INFO - Processing file /home/marcos/anaconda3/envs/XPe-IGTI/lib/python3.8/site-packages/airflow/example_dags/example_params_trigger_ui.py for tasks to queue
[2023-11-27T21:10:44.921-0300] {logging_mixin.py:154} INFO - [2023-11-27T21:10:44.920-0300] {dagbag.py:536} INFO - Filling up the DagBag from /home/marcos/anaconda3/envs/XPe-IGTI/lib/python3.8/site-packages/airflow/example_dags/example_params_trigger_ui.py
[2023-11-27T21:10:44.945-0300] {processor.py:839} INFO - DAG(s) dict_keys(['example_params_trigger_ui']) retrieved from /home/marcos/anaconda3/envs/XPe-IGTI/lib/python3.8/site-packages/airflow/example_dags/example_params_trigger_ui.py
[2023-11-27T21:10:45.017-0300] {logging_mixin.py:154} INFO - [2023-11-27T21:10:45.017-0300] {dag.py:2941} INFO - Sync 1 DAGs
[2023-11-27T21:10:45.034-0300] {logging_mixin.py:154} INFO - [2023-11-27T21:10:45.034-0300] {dag.py:3722} INFO - Setting next_dagrun for example_params_trigger_ui to None, run_after=None
[2023-11-27T21:10:45.065-0300] {processor.py:179} INFO - Processing /home/marcos/anaconda3/envs/XPe-IGTI/lib/python3.8/site-packages/airflow/example_dags/example_params_trigger_ui.py took 0.154 seconds
[2023-11-27T21:11:30.725-0300] {processor.py:157} INFO - Started process (PID=52624) to work on /home/marcos/anaconda3/envs/XPe-IGTI/lib/python3.8/site-packages/airflow/example_dags/example_params_trigger_ui.py
[2023-11-27T21:11:30.729-0300] {processor.py:829} INFO - Processing file /home/marcos/anaconda3/envs/XPe-IGTI/lib/python3.8/site-packages/airflow/example_dags/example_params_trigger_ui.py for tasks to queue
[2023-11-27T21:11:30.730-0300] {logging_mixin.py:154} INFO - [2023-11-27T21:11:30.730-0300] {dagbag.py:536} INFO - Filling up the DagBag from /home/marcos/anaconda3/envs/XPe-IGTI/lib/python3.8/site-packages/airflow/example_dags/example_params_trigger_ui.py
[2023-11-27T21:11:30.756-0300] {processor.py:839} INFO - DAG(s) dict_keys(['example_params_trigger_ui']) retrieved from /home/marcos/anaconda3/envs/XPe-IGTI/lib/python3.8/site-packages/airflow/example_dags/example_params_trigger_ui.py
[2023-11-27T21:11:30.830-0300] {logging_mixin.py:154} INFO - [2023-11-27T21:11:30.830-0300] {dag.py:2941} INFO - Sync 1 DAGs
[2023-11-27T21:11:30.848-0300] {logging_mixin.py:154} INFO - [2023-11-27T21:11:30.847-0300] {dag.py:3722} INFO - Setting next_dagrun for example_params_trigger_ui to None, run_after=None
[2023-11-27T21:11:30.882-0300] {processor.py:179} INFO - Processing /home/marcos/anaconda3/envs/XPe-IGTI/lib/python3.8/site-packages/airflow/example_dags/example_params_trigger_ui.py took 0.162 seconds
[2023-11-27T21:12:17.217-0300] {processor.py:157} INFO - Started process (PID=52700) to work on /home/marcos/anaconda3/envs/XPe-IGTI/lib/python3.8/site-packages/airflow/example_dags/example_params_trigger_ui.py
[2023-11-27T21:12:17.221-0300] {processor.py:829} INFO - Processing file /home/marcos/anaconda3/envs/XPe-IGTI/lib/python3.8/site-packages/airflow/example_dags/example_params_trigger_ui.py for tasks to queue
[2023-11-27T21:12:17.222-0300] {logging_mixin.py:154} INFO - [2023-11-27T21:12:17.222-0300] {dagbag.py:536} INFO - Filling up the DagBag from /home/marcos/anaconda3/envs/XPe-IGTI/lib/python3.8/site-packages/airflow/example_dags/example_params_trigger_ui.py
[2023-11-27T21:12:17.249-0300] {processor.py:839} INFO - DAG(s) dict_keys(['example_params_trigger_ui']) retrieved from /home/marcos/anaconda3/envs/XPe-IGTI/lib/python3.8/site-packages/airflow/example_dags/example_params_trigger_ui.py
[2023-11-27T21:12:17.317-0300] {logging_mixin.py:154} INFO - [2023-11-27T21:12:17.317-0300] {dag.py:2941} INFO - Sync 1 DAGs
[2023-11-27T21:12:17.333-0300] {logging_mixin.py:154} INFO - [2023-11-27T21:12:17.333-0300] {dag.py:3722} INFO - Setting next_dagrun for example_params_trigger_ui to None, run_after=None
[2023-11-27T21:12:17.365-0300] {processor.py:179} INFO - Processing /home/marcos/anaconda3/envs/XPe-IGTI/lib/python3.8/site-packages/airflow/example_dags/example_params_trigger_ui.py took 0.152 seconds
[2023-11-27T21:13:16.540-0300] {processor.py:157} INFO - Started process (PID=52777) to work on /home/marcos/anaconda3/envs/XPe-IGTI/lib/python3.8/site-packages/airflow/example_dags/example_params_trigger_ui.py
[2023-11-27T21:13:16.545-0300] {processor.py:829} INFO - Processing file /home/marcos/anaconda3/envs/XPe-IGTI/lib/python3.8/site-packages/airflow/example_dags/example_params_trigger_ui.py for tasks to queue
[2023-11-27T21:13:16.546-0300] {logging_mixin.py:154} INFO - [2023-11-27T21:13:16.545-0300] {dagbag.py:536} INFO - Filling up the DagBag from /home/marcos/anaconda3/envs/XPe-IGTI/lib/python3.8/site-packages/airflow/example_dags/example_params_trigger_ui.py
[2023-11-27T21:13:16.570-0300] {processor.py:839} INFO - DAG(s) dict_keys(['example_params_trigger_ui']) retrieved from /home/marcos/anaconda3/envs/XPe-IGTI/lib/python3.8/site-packages/airflow/example_dags/example_params_trigger_ui.py
[2023-11-27T21:13:16.639-0300] {logging_mixin.py:154} INFO - [2023-11-27T21:13:16.639-0300] {dag.py:2941} INFO - Sync 1 DAGs
[2023-11-27T21:13:16.656-0300] {logging_mixin.py:154} INFO - [2023-11-27T21:13:16.656-0300] {dag.py:3722} INFO - Setting next_dagrun for example_params_trigger_ui to None, run_after=None
[2023-11-27T21:13:16.687-0300] {processor.py:179} INFO - Processing /home/marcos/anaconda3/envs/XPe-IGTI/lib/python3.8/site-packages/airflow/example_dags/example_params_trigger_ui.py took 0.151 seconds
[2023-11-27T21:14:18.511-0300] {processor.py:157} INFO - Started process (PID=52885) to work on /home/marcos/anaconda3/envs/XPe-IGTI/lib/python3.8/site-packages/airflow/example_dags/example_params_trigger_ui.py
[2023-11-27T21:14:18.512-0300] {processor.py:829} INFO - Processing file /home/marcos/anaconda3/envs/XPe-IGTI/lib/python3.8/site-packages/airflow/example_dags/example_params_trigger_ui.py for tasks to queue
[2023-11-27T21:14:18.513-0300] {logging_mixin.py:154} INFO - [2023-11-27T21:14:18.513-0300] {dagbag.py:536} INFO - Filling up the DagBag from /home/marcos/anaconda3/envs/XPe-IGTI/lib/python3.8/site-packages/airflow/example_dags/example_params_trigger_ui.py
[2023-11-27T21:14:18.550-0300] {processor.py:839} INFO - DAG(s) dict_keys(['example_params_trigger_ui']) retrieved from /home/marcos/anaconda3/envs/XPe-IGTI/lib/python3.8/site-packages/airflow/example_dags/example_params_trigger_ui.py
[2023-11-27T21:14:18.666-0300] {logging_mixin.py:154} INFO - [2023-11-27T21:14:18.665-0300] {dag.py:2941} INFO - Sync 1 DAGs
[2023-11-27T21:14:18.687-0300] {logging_mixin.py:154} INFO - [2023-11-27T21:14:18.686-0300] {dag.py:3722} INFO - Setting next_dagrun for example_params_trigger_ui to None, run_after=None
[2023-11-27T21:14:18.722-0300] {processor.py:179} INFO - Processing /home/marcos/anaconda3/envs/XPe-IGTI/lib/python3.8/site-packages/airflow/example_dags/example_params_trigger_ui.py took 0.218 seconds
[2023-11-27T21:15:26.359-0300] {processor.py:157} INFO - Started process (PID=52981) to work on /home/marcos/anaconda3/envs/XPe-IGTI/lib/python3.8/site-packages/airflow/example_dags/example_params_trigger_ui.py
[2023-11-27T21:15:26.364-0300] {processor.py:829} INFO - Processing file /home/marcos/anaconda3/envs/XPe-IGTI/lib/python3.8/site-packages/airflow/example_dags/example_params_trigger_ui.py for tasks to queue
[2023-11-27T21:15:26.365-0300] {logging_mixin.py:154} INFO - [2023-11-27T21:15:26.365-0300] {dagbag.py:536} INFO - Filling up the DagBag from /home/marcos/anaconda3/envs/XPe-IGTI/lib/python3.8/site-packages/airflow/example_dags/example_params_trigger_ui.py
[2023-11-27T21:15:26.394-0300] {processor.py:839} INFO - DAG(s) dict_keys(['example_params_trigger_ui']) retrieved from /home/marcos/anaconda3/envs/XPe-IGTI/lib/python3.8/site-packages/airflow/example_dags/example_params_trigger_ui.py
[2023-11-27T21:15:26.471-0300] {logging_mixin.py:154} INFO - [2023-11-27T21:15:26.471-0300] {dag.py:2941} INFO - Sync 1 DAGs
[2023-11-27T21:15:26.489-0300] {logging_mixin.py:154} INFO - [2023-11-27T21:15:26.489-0300] {dag.py:3722} INFO - Setting next_dagrun for example_params_trigger_ui to None, run_after=None
[2023-11-27T21:15:26.525-0300] {processor.py:179} INFO - Processing /home/marcos/anaconda3/envs/XPe-IGTI/lib/python3.8/site-packages/airflow/example_dags/example_params_trigger_ui.py took 0.171 seconds
[2023-11-27T21:16:35.262-0300] {processor.py:157} INFO - Started process (PID=53062) to work on /home/marcos/anaconda3/envs/XPe-IGTI/lib/python3.8/site-packages/airflow/example_dags/example_params_trigger_ui.py
[2023-11-27T21:16:35.267-0300] {processor.py:829} INFO - Processing file /home/marcos/anaconda3/envs/XPe-IGTI/lib/python3.8/site-packages/airflow/example_dags/example_params_trigger_ui.py for tasks to queue
[2023-11-27T21:16:35.268-0300] {logging_mixin.py:154} INFO - [2023-11-27T21:16:35.268-0300] {dagbag.py:536} INFO - Filling up the DagBag from /home/marcos/anaconda3/envs/XPe-IGTI/lib/python3.8/site-packages/airflow/example_dags/example_params_trigger_ui.py
[2023-11-27T21:16:35.295-0300] {processor.py:839} INFO - DAG(s) dict_keys(['example_params_trigger_ui']) retrieved from /home/marcos/anaconda3/envs/XPe-IGTI/lib/python3.8/site-packages/airflow/example_dags/example_params_trigger_ui.py
[2023-11-27T21:16:35.375-0300] {logging_mixin.py:154} INFO - [2023-11-27T21:16:35.374-0300] {dag.py:2941} INFO - Sync 1 DAGs
[2023-11-27T21:16:35.394-0300] {logging_mixin.py:154} INFO - [2023-11-27T21:16:35.394-0300] {dag.py:3722} INFO - Setting next_dagrun for example_params_trigger_ui to None, run_after=None
[2023-11-27T21:16:35.438-0300] {processor.py:179} INFO - Processing /home/marcos/anaconda3/envs/XPe-IGTI/lib/python3.8/site-packages/airflow/example_dags/example_params_trigger_ui.py took 0.180 seconds
[2023-11-27T21:17:25.085-0300] {processor.py:157} INFO - Started process (PID=53140) to work on /home/marcos/anaconda3/envs/XPe-IGTI/lib/python3.8/site-packages/airflow/example_dags/example_params_trigger_ui.py
[2023-11-27T21:17:25.089-0300] {processor.py:829} INFO - Processing file /home/marcos/anaconda3/envs/XPe-IGTI/lib/python3.8/site-packages/airflow/example_dags/example_params_trigger_ui.py for tasks to queue
[2023-11-27T21:17:25.091-0300] {logging_mixin.py:154} INFO - [2023-11-27T21:17:25.090-0300] {dagbag.py:536} INFO - Filling up the DagBag from /home/marcos/anaconda3/envs/XPe-IGTI/lib/python3.8/site-packages/airflow/example_dags/example_params_trigger_ui.py
[2023-11-27T21:17:25.121-0300] {processor.py:839} INFO - DAG(s) dict_keys(['example_params_trigger_ui']) retrieved from /home/marcos/anaconda3/envs/XPe-IGTI/lib/python3.8/site-packages/airflow/example_dags/example_params_trigger_ui.py
[2023-11-27T21:17:25.220-0300] {logging_mixin.py:154} INFO - [2023-11-27T21:17:25.219-0300] {dag.py:2941} INFO - Sync 1 DAGs
[2023-11-27T21:17:25.239-0300] {logging_mixin.py:154} INFO - [2023-11-27T21:17:25.239-0300] {dag.py:3722} INFO - Setting next_dagrun for example_params_trigger_ui to None, run_after=None
[2023-11-27T21:17:25.273-0300] {processor.py:179} INFO - Processing /home/marcos/anaconda3/envs/XPe-IGTI/lib/python3.8/site-packages/airflow/example_dags/example_params_trigger_ui.py took 0.193 seconds
[2023-11-27T21:18:14.409-0300] {processor.py:157} INFO - Started process (PID=53198) to work on /home/marcos/anaconda3/envs/XPe-IGTI/lib/python3.8/site-packages/airflow/example_dags/example_params_trigger_ui.py
[2023-11-27T21:18:14.413-0300] {processor.py:829} INFO - Processing file /home/marcos/anaconda3/envs/XPe-IGTI/lib/python3.8/site-packages/airflow/example_dags/example_params_trigger_ui.py for tasks to queue
[2023-11-27T21:18:14.415-0300] {logging_mixin.py:154} INFO - [2023-11-27T21:18:14.414-0300] {dagbag.py:536} INFO - Filling up the DagBag from /home/marcos/anaconda3/envs/XPe-IGTI/lib/python3.8/site-packages/airflow/example_dags/example_params_trigger_ui.py
[2023-11-27T21:18:14.443-0300] {processor.py:839} INFO - DAG(s) dict_keys(['example_params_trigger_ui']) retrieved from /home/marcos/anaconda3/envs/XPe-IGTI/lib/python3.8/site-packages/airflow/example_dags/example_params_trigger_ui.py
[2023-11-27T21:18:14.537-0300] {logging_mixin.py:154} INFO - [2023-11-27T21:18:14.537-0300] {dag.py:2941} INFO - Sync 1 DAGs
[2023-11-27T21:18:14.560-0300] {logging_mixin.py:154} INFO - [2023-11-27T21:18:14.560-0300] {dag.py:3722} INFO - Setting next_dagrun for example_params_trigger_ui to None, run_after=None
[2023-11-27T21:18:14.598-0300] {processor.py:179} INFO - Processing /home/marcos/anaconda3/envs/XPe-IGTI/lib/python3.8/site-packages/airflow/example_dags/example_params_trigger_ui.py took 0.194 seconds
[2023-11-27T21:19:17.330-0300] {processor.py:157} INFO - Started process (PID=53281) to work on /home/marcos/anaconda3/envs/XPe-IGTI/lib/python3.8/site-packages/airflow/example_dags/example_params_trigger_ui.py
[2023-11-27T21:19:17.335-0300] {processor.py:829} INFO - Processing file /home/marcos/anaconda3/envs/XPe-IGTI/lib/python3.8/site-packages/airflow/example_dags/example_params_trigger_ui.py for tasks to queue
[2023-11-27T21:19:17.336-0300] {logging_mixin.py:154} INFO - [2023-11-27T21:19:17.336-0300] {dagbag.py:536} INFO - Filling up the DagBag from /home/marcos/anaconda3/envs/XPe-IGTI/lib/python3.8/site-packages/airflow/example_dags/example_params_trigger_ui.py
[2023-11-27T21:19:17.371-0300] {processor.py:839} INFO - DAG(s) dict_keys(['example_params_trigger_ui']) retrieved from /home/marcos/anaconda3/envs/XPe-IGTI/lib/python3.8/site-packages/airflow/example_dags/example_params_trigger_ui.py
[2023-11-27T21:19:17.458-0300] {logging_mixin.py:154} INFO - [2023-11-27T21:19:17.457-0300] {dag.py:2941} INFO - Sync 1 DAGs
[2023-11-27T21:19:17.477-0300] {logging_mixin.py:154} INFO - [2023-11-27T21:19:17.476-0300] {dag.py:3722} INFO - Setting next_dagrun for example_params_trigger_ui to None, run_after=None
[2023-11-27T21:19:17.515-0300] {processor.py:179} INFO - Processing /home/marcos/anaconda3/envs/XPe-IGTI/lib/python3.8/site-packages/airflow/example_dags/example_params_trigger_ui.py took 0.190 seconds
[2023-11-27T21:20:26.007-0300] {processor.py:157} INFO - Started process (PID=53355) to work on /home/marcos/anaconda3/envs/XPe-IGTI/lib/python3.8/site-packages/airflow/example_dags/example_params_trigger_ui.py
[2023-11-27T21:20:26.012-0300] {processor.py:829} INFO - Processing file /home/marcos/anaconda3/envs/XPe-IGTI/lib/python3.8/site-packages/airflow/example_dags/example_params_trigger_ui.py for tasks to queue
[2023-11-27T21:20:26.013-0300] {logging_mixin.py:154} INFO - [2023-11-27T21:20:26.013-0300] {dagbag.py:536} INFO - Filling up the DagBag from /home/marcos/anaconda3/envs/XPe-IGTI/lib/python3.8/site-packages/airflow/example_dags/example_params_trigger_ui.py
[2023-11-27T21:20:26.048-0300] {processor.py:839} INFO - DAG(s) dict_keys(['example_params_trigger_ui']) retrieved from /home/marcos/anaconda3/envs/XPe-IGTI/lib/python3.8/site-packages/airflow/example_dags/example_params_trigger_ui.py
[2023-11-27T21:20:26.149-0300] {logging_mixin.py:154} INFO - [2023-11-27T21:20:26.149-0300] {dag.py:2941} INFO - Sync 1 DAGs
[2023-11-27T21:20:26.175-0300] {logging_mixin.py:154} INFO - [2023-11-27T21:20:26.174-0300] {dag.py:3722} INFO - Setting next_dagrun for example_params_trigger_ui to None, run_after=None
[2023-11-27T21:20:26.214-0300] {processor.py:179} INFO - Processing /home/marcos/anaconda3/envs/XPe-IGTI/lib/python3.8/site-packages/airflow/example_dags/example_params_trigger_ui.py took 0.214 seconds
[2023-11-27T21:21:31.770-0300] {processor.py:157} INFO - Started process (PID=53440) to work on /home/marcos/anaconda3/envs/XPe-IGTI/lib/python3.8/site-packages/airflow/example_dags/example_params_trigger_ui.py
[2023-11-27T21:21:31.774-0300] {processor.py:829} INFO - Processing file /home/marcos/anaconda3/envs/XPe-IGTI/lib/python3.8/site-packages/airflow/example_dags/example_params_trigger_ui.py for tasks to queue
[2023-11-27T21:21:31.776-0300] {logging_mixin.py:154} INFO - [2023-11-27T21:21:31.775-0300] {dagbag.py:536} INFO - Filling up the DagBag from /home/marcos/anaconda3/envs/XPe-IGTI/lib/python3.8/site-packages/airflow/example_dags/example_params_trigger_ui.py
[2023-11-27T21:21:31.811-0300] {processor.py:839} INFO - DAG(s) dict_keys(['example_params_trigger_ui']) retrieved from /home/marcos/anaconda3/envs/XPe-IGTI/lib/python3.8/site-packages/airflow/example_dags/example_params_trigger_ui.py
[2023-11-27T21:21:31.897-0300] {logging_mixin.py:154} INFO - [2023-11-27T21:21:31.896-0300] {dag.py:2941} INFO - Sync 1 DAGs
[2023-11-27T21:21:31.923-0300] {logging_mixin.py:154} INFO - [2023-11-27T21:21:31.923-0300] {dag.py:3722} INFO - Setting next_dagrun for example_params_trigger_ui to None, run_after=None
[2023-11-27T21:21:31.966-0300] {processor.py:179} INFO - Processing /home/marcos/anaconda3/envs/XPe-IGTI/lib/python3.8/site-packages/airflow/example_dags/example_params_trigger_ui.py took 0.203 seconds
[2023-11-27T21:22:15.826-0300] {processor.py:157} INFO - Started process (PID=53509) to work on /home/marcos/anaconda3/envs/XPe-IGTI/lib/python3.8/site-packages/airflow/example_dags/example_params_trigger_ui.py
[2023-11-27T21:22:15.830-0300] {processor.py:829} INFO - Processing file /home/marcos/anaconda3/envs/XPe-IGTI/lib/python3.8/site-packages/airflow/example_dags/example_params_trigger_ui.py for tasks to queue
[2023-11-27T21:22:15.831-0300] {logging_mixin.py:154} INFO - [2023-11-27T21:22:15.831-0300] {dagbag.py:536} INFO - Filling up the DagBag from /home/marcos/anaconda3/envs/XPe-IGTI/lib/python3.8/site-packages/airflow/example_dags/example_params_trigger_ui.py
[2023-11-27T21:22:15.859-0300] {processor.py:839} INFO - DAG(s) dict_keys(['example_params_trigger_ui']) retrieved from /home/marcos/anaconda3/envs/XPe-IGTI/lib/python3.8/site-packages/airflow/example_dags/example_params_trigger_ui.py
[2023-11-27T21:22:15.945-0300] {logging_mixin.py:154} INFO - [2023-11-27T21:22:15.944-0300] {dag.py:2941} INFO - Sync 1 DAGs
[2023-11-27T21:22:15.965-0300] {logging_mixin.py:154} INFO - [2023-11-27T21:22:15.965-0300] {dag.py:3722} INFO - Setting next_dagrun for example_params_trigger_ui to None, run_after=None
[2023-11-27T21:22:16.000-0300] {processor.py:179} INFO - Processing /home/marcos/anaconda3/envs/XPe-IGTI/lib/python3.8/site-packages/airflow/example_dags/example_params_trigger_ui.py took 0.180 seconds
[2023-11-27T21:23:17.299-0300] {processor.py:157} INFO - Started process (PID=53580) to work on /home/marcos/anaconda3/envs/XPe-IGTI/lib/python3.8/site-packages/airflow/example_dags/example_params_trigger_ui.py
[2023-11-27T21:23:17.304-0300] {processor.py:829} INFO - Processing file /home/marcos/anaconda3/envs/XPe-IGTI/lib/python3.8/site-packages/airflow/example_dags/example_params_trigger_ui.py for tasks to queue
[2023-11-27T21:23:17.305-0300] {logging_mixin.py:154} INFO - [2023-11-27T21:23:17.305-0300] {dagbag.py:536} INFO - Filling up the DagBag from /home/marcos/anaconda3/envs/XPe-IGTI/lib/python3.8/site-packages/airflow/example_dags/example_params_trigger_ui.py
[2023-11-27T21:23:17.336-0300] {processor.py:839} INFO - DAG(s) dict_keys(['example_params_trigger_ui']) retrieved from /home/marcos/anaconda3/envs/XPe-IGTI/lib/python3.8/site-packages/airflow/example_dags/example_params_trigger_ui.py
[2023-11-27T21:23:17.448-0300] {logging_mixin.py:154} INFO - [2023-11-27T21:23:17.448-0300] {dag.py:2941} INFO - Sync 1 DAGs
[2023-11-27T21:23:17.471-0300] {logging_mixin.py:154} INFO - [2023-11-27T21:23:17.470-0300] {dag.py:3722} INFO - Setting next_dagrun for example_params_trigger_ui to None, run_after=None
[2023-11-27T21:23:17.508-0300] {processor.py:179} INFO - Processing /home/marcos/anaconda3/envs/XPe-IGTI/lib/python3.8/site-packages/airflow/example_dags/example_params_trigger_ui.py took 0.215 seconds
[2023-11-27T21:24:21.902-0300] {processor.py:157} INFO - Started process (PID=53659) to work on /home/marcos/anaconda3/envs/XPe-IGTI/lib/python3.8/site-packages/airflow/example_dags/example_params_trigger_ui.py
[2023-11-27T21:24:21.907-0300] {processor.py:829} INFO - Processing file /home/marcos/anaconda3/envs/XPe-IGTI/lib/python3.8/site-packages/airflow/example_dags/example_params_trigger_ui.py for tasks to queue
[2023-11-27T21:24:21.909-0300] {logging_mixin.py:154} INFO - [2023-11-27T21:24:21.908-0300] {dagbag.py:536} INFO - Filling up the DagBag from /home/marcos/anaconda3/envs/XPe-IGTI/lib/python3.8/site-packages/airflow/example_dags/example_params_trigger_ui.py
[2023-11-27T21:24:21.936-0300] {processor.py:839} INFO - DAG(s) dict_keys(['example_params_trigger_ui']) retrieved from /home/marcos/anaconda3/envs/XPe-IGTI/lib/python3.8/site-packages/airflow/example_dags/example_params_trigger_ui.py
[2023-11-27T21:24:22.021-0300] {logging_mixin.py:154} INFO - [2023-11-27T21:24:22.020-0300] {dag.py:2941} INFO - Sync 1 DAGs
[2023-11-27T21:24:22.042-0300] {logging_mixin.py:154} INFO - [2023-11-27T21:24:22.042-0300] {dag.py:3722} INFO - Setting next_dagrun for example_params_trigger_ui to None, run_after=None
[2023-11-27T21:24:22.075-0300] {processor.py:179} INFO - Processing /home/marcos/anaconda3/envs/XPe-IGTI/lib/python3.8/site-packages/airflow/example_dags/example_params_trigger_ui.py took 0.177 seconds
[2023-11-27T21:25:11.486-0300] {processor.py:157} INFO - Started process (PID=53725) to work on /home/marcos/anaconda3/envs/XPe-IGTI/lib/python3.8/site-packages/airflow/example_dags/example_params_trigger_ui.py
[2023-11-27T21:25:11.491-0300] {processor.py:829} INFO - Processing file /home/marcos/anaconda3/envs/XPe-IGTI/lib/python3.8/site-packages/airflow/example_dags/example_params_trigger_ui.py for tasks to queue
[2023-11-27T21:25:11.492-0300] {logging_mixin.py:154} INFO - [2023-11-27T21:25:11.492-0300] {dagbag.py:536} INFO - Filling up the DagBag from /home/marcos/anaconda3/envs/XPe-IGTI/lib/python3.8/site-packages/airflow/example_dags/example_params_trigger_ui.py
[2023-11-27T21:25:11.522-0300] {processor.py:839} INFO - DAG(s) dict_keys(['example_params_trigger_ui']) retrieved from /home/marcos/anaconda3/envs/XPe-IGTI/lib/python3.8/site-packages/airflow/example_dags/example_params_trigger_ui.py
[2023-11-27T21:25:11.611-0300] {logging_mixin.py:154} INFO - [2023-11-27T21:25:11.611-0300] {dag.py:2941} INFO - Sync 1 DAGs
[2023-11-27T21:25:11.633-0300] {logging_mixin.py:154} INFO - [2023-11-27T21:25:11.633-0300] {dag.py:3722} INFO - Setting next_dagrun for example_params_trigger_ui to None, run_after=None
[2023-11-27T21:25:11.670-0300] {processor.py:179} INFO - Processing /home/marcos/anaconda3/envs/XPe-IGTI/lib/python3.8/site-packages/airflow/example_dags/example_params_trigger_ui.py took 0.191 seconds
[2023-11-27T21:26:00.699-0300] {processor.py:157} INFO - Started process (PID=53782) to work on /home/marcos/anaconda3/envs/XPe-IGTI/lib/python3.8/site-packages/airflow/example_dags/example_params_trigger_ui.py
[2023-11-27T21:26:00.703-0300] {processor.py:829} INFO - Processing file /home/marcos/anaconda3/envs/XPe-IGTI/lib/python3.8/site-packages/airflow/example_dags/example_params_trigger_ui.py for tasks to queue
[2023-11-27T21:26:00.705-0300] {logging_mixin.py:154} INFO - [2023-11-27T21:26:00.704-0300] {dagbag.py:536} INFO - Filling up the DagBag from /home/marcos/anaconda3/envs/XPe-IGTI/lib/python3.8/site-packages/airflow/example_dags/example_params_trigger_ui.py
[2023-11-27T21:26:00.736-0300] {processor.py:839} INFO - DAG(s) dict_keys(['example_params_trigger_ui']) retrieved from /home/marcos/anaconda3/envs/XPe-IGTI/lib/python3.8/site-packages/airflow/example_dags/example_params_trigger_ui.py
[2023-11-27T21:26:00.825-0300] {logging_mixin.py:154} INFO - [2023-11-27T21:26:00.825-0300] {dag.py:2941} INFO - Sync 1 DAGs
[2023-11-27T21:26:00.847-0300] {logging_mixin.py:154} INFO - [2023-11-27T21:26:00.847-0300] {dag.py:3722} INFO - Setting next_dagrun for example_params_trigger_ui to None, run_after=None
[2023-11-27T21:26:00.885-0300] {processor.py:179} INFO - Processing /home/marcos/anaconda3/envs/XPe-IGTI/lib/python3.8/site-packages/airflow/example_dags/example_params_trigger_ui.py took 0.191 seconds
[2023-11-27T21:26:49.821-0300] {processor.py:157} INFO - Started process (PID=53867) to work on /home/marcos/anaconda3/envs/XPe-IGTI/lib/python3.8/site-packages/airflow/example_dags/example_params_trigger_ui.py
[2023-11-27T21:26:49.827-0300] {processor.py:829} INFO - Processing file /home/marcos/anaconda3/envs/XPe-IGTI/lib/python3.8/site-packages/airflow/example_dags/example_params_trigger_ui.py for tasks to queue
[2023-11-27T21:26:49.830-0300] {logging_mixin.py:154} INFO - [2023-11-27T21:26:49.829-0300] {dagbag.py:536} INFO - Filling up the DagBag from /home/marcos/anaconda3/envs/XPe-IGTI/lib/python3.8/site-packages/airflow/example_dags/example_params_trigger_ui.py
[2023-11-27T21:26:49.891-0300] {processor.py:839} INFO - DAG(s) dict_keys(['example_params_trigger_ui']) retrieved from /home/marcos/anaconda3/envs/XPe-IGTI/lib/python3.8/site-packages/airflow/example_dags/example_params_trigger_ui.py
[2023-11-27T21:26:49.972-0300] {logging_mixin.py:154} INFO - [2023-11-27T21:26:49.971-0300] {dag.py:2941} INFO - Sync 1 DAGs
[2023-11-27T21:26:49.990-0300] {logging_mixin.py:154} INFO - [2023-11-27T21:26:49.990-0300] {dag.py:3722} INFO - Setting next_dagrun for example_params_trigger_ui to None, run_after=None
[2023-11-27T21:26:50.026-0300] {processor.py:179} INFO - Processing /home/marcos/anaconda3/envs/XPe-IGTI/lib/python3.8/site-packages/airflow/example_dags/example_params_trigger_ui.py took 0.217 seconds
[2023-11-27T21:27:55.352-0300] {processor.py:157} INFO - Started process (PID=53946) to work on /home/marcos/anaconda3/envs/XPe-IGTI/lib/python3.8/site-packages/airflow/example_dags/example_params_trigger_ui.py
[2023-11-27T21:27:55.357-0300] {processor.py:829} INFO - Processing file /home/marcos/anaconda3/envs/XPe-IGTI/lib/python3.8/site-packages/airflow/example_dags/example_params_trigger_ui.py for tasks to queue
[2023-11-27T21:27:55.358-0300] {logging_mixin.py:154} INFO - [2023-11-27T21:27:55.358-0300] {dagbag.py:536} INFO - Filling up the DagBag from /home/marcos/anaconda3/envs/XPe-IGTI/lib/python3.8/site-packages/airflow/example_dags/example_params_trigger_ui.py
[2023-11-27T21:27:55.399-0300] {processor.py:839} INFO - DAG(s) dict_keys(['example_params_trigger_ui']) retrieved from /home/marcos/anaconda3/envs/XPe-IGTI/lib/python3.8/site-packages/airflow/example_dags/example_params_trigger_ui.py
[2023-11-27T21:27:55.493-0300] {logging_mixin.py:154} INFO - [2023-11-27T21:27:55.493-0300] {dag.py:2941} INFO - Sync 1 DAGs
[2023-11-27T21:27:55.516-0300] {logging_mixin.py:154} INFO - [2023-11-27T21:27:55.516-0300] {dag.py:3722} INFO - Setting next_dagrun for example_params_trigger_ui to None, run_after=None
[2023-11-27T21:27:55.562-0300] {processor.py:179} INFO - Processing /home/marcos/anaconda3/envs/XPe-IGTI/lib/python3.8/site-packages/airflow/example_dags/example_params_trigger_ui.py took 0.217 seconds
[2023-11-27T21:28:58.988-0300] {processor.py:157} INFO - Started process (PID=54033) to work on /home/marcos/anaconda3/envs/XPe-IGTI/lib/python3.8/site-packages/airflow/example_dags/example_params_trigger_ui.py
[2023-11-27T21:28:58.993-0300] {processor.py:829} INFO - Processing file /home/marcos/anaconda3/envs/XPe-IGTI/lib/python3.8/site-packages/airflow/example_dags/example_params_trigger_ui.py for tasks to queue
[2023-11-27T21:28:58.995-0300] {logging_mixin.py:154} INFO - [2023-11-27T21:28:58.994-0300] {dagbag.py:536} INFO - Filling up the DagBag from /home/marcos/anaconda3/envs/XPe-IGTI/lib/python3.8/site-packages/airflow/example_dags/example_params_trigger_ui.py
[2023-11-27T21:28:59.026-0300] {processor.py:839} INFO - DAG(s) dict_keys(['example_params_trigger_ui']) retrieved from /home/marcos/anaconda3/envs/XPe-IGTI/lib/python3.8/site-packages/airflow/example_dags/example_params_trigger_ui.py
[2023-11-27T21:28:59.102-0300] {logging_mixin.py:154} INFO - [2023-11-27T21:28:59.102-0300] {dag.py:2941} INFO - Sync 1 DAGs
[2023-11-27T21:28:59.119-0300] {logging_mixin.py:154} INFO - [2023-11-27T21:28:59.118-0300] {dag.py:3722} INFO - Setting next_dagrun for example_params_trigger_ui to None, run_after=None
[2023-11-27T21:28:59.151-0300] {processor.py:179} INFO - Processing /home/marcos/anaconda3/envs/XPe-IGTI/lib/python3.8/site-packages/airflow/example_dags/example_params_trigger_ui.py took 0.170 seconds
[2023-11-28T18:52:38.786-0300] {processor.py:157} INFO - Started process (PID=144635) to work on /home/marcos/anaconda3/envs/XPe-IGTI/lib/python3.8/site-packages/airflow/example_dags/example_params_trigger_ui.py
[2023-11-28T18:52:38.787-0300] {processor.py:829} INFO - Processing file /home/marcos/anaconda3/envs/XPe-IGTI/lib/python3.8/site-packages/airflow/example_dags/example_params_trigger_ui.py for tasks to queue
[2023-11-28T18:52:38.788-0300] {logging_mixin.py:154} INFO - [2023-11-28T18:52:38.788-0300] {dagbag.py:536} INFO - Filling up the DagBag from /home/marcos/anaconda3/envs/XPe-IGTI/lib/python3.8/site-packages/airflow/example_dags/example_params_trigger_ui.py
[2023-11-28T18:52:38.802-0300] {processor.py:839} INFO - DAG(s) dict_keys(['example_params_trigger_ui']) retrieved from /home/marcos/anaconda3/envs/XPe-IGTI/lib/python3.8/site-packages/airflow/example_dags/example_params_trigger_ui.py
[2023-11-28T18:52:38.838-0300] {logging_mixin.py:154} INFO - [2023-11-28T18:52:38.838-0300] {dag.py:2941} INFO - Sync 1 DAGs
[2023-11-28T18:52:38.847-0300] {logging_mixin.py:154} INFO - [2023-11-28T18:52:38.847-0300] {dag.py:3722} INFO - Setting next_dagrun for example_params_trigger_ui to None, run_after=None
[2023-11-28T18:52:38.865-0300] {processor.py:179} INFO - Processing /home/marcos/anaconda3/envs/XPe-IGTI/lib/python3.8/site-packages/airflow/example_dags/example_params_trigger_ui.py took 0.081 seconds
[2023-11-28T18:53:26.431-0300] {processor.py:157} INFO - Started process (PID=144720) to work on /home/marcos/anaconda3/envs/XPe-IGTI/lib/python3.8/site-packages/airflow/example_dags/example_params_trigger_ui.py
[2023-11-28T18:53:26.435-0300] {processor.py:829} INFO - Processing file /home/marcos/anaconda3/envs/XPe-IGTI/lib/python3.8/site-packages/airflow/example_dags/example_params_trigger_ui.py for tasks to queue
[2023-11-28T18:53:26.436-0300] {logging_mixin.py:154} INFO - [2023-11-28T18:53:26.435-0300] {dagbag.py:536} INFO - Filling up the DagBag from /home/marcos/anaconda3/envs/XPe-IGTI/lib/python3.8/site-packages/airflow/example_dags/example_params_trigger_ui.py
[2023-11-28T18:53:26.453-0300] {processor.py:839} INFO - DAG(s) dict_keys(['example_params_trigger_ui']) retrieved from /home/marcos/anaconda3/envs/XPe-IGTI/lib/python3.8/site-packages/airflow/example_dags/example_params_trigger_ui.py
[2023-11-28T18:53:26.496-0300] {logging_mixin.py:154} INFO - [2023-11-28T18:53:26.496-0300] {dag.py:2941} INFO - Sync 1 DAGs
[2023-11-28T18:53:26.507-0300] {logging_mixin.py:154} INFO - [2023-11-28T18:53:26.507-0300] {dag.py:3722} INFO - Setting next_dagrun for example_params_trigger_ui to None, run_after=None
[2023-11-28T18:53:26.527-0300] {processor.py:179} INFO - Processing /home/marcos/anaconda3/envs/XPe-IGTI/lib/python3.8/site-packages/airflow/example_dags/example_params_trigger_ui.py took 0.101 seconds
[2023-11-28T18:54:22.408-0300] {processor.py:157} INFO - Started process (PID=145263) to work on /home/marcos/anaconda3/envs/XPe-IGTI/lib/python3.8/site-packages/airflow/example_dags/example_params_trigger_ui.py
[2023-11-28T18:54:22.409-0300] {processor.py:829} INFO - Processing file /home/marcos/anaconda3/envs/XPe-IGTI/lib/python3.8/site-packages/airflow/example_dags/example_params_trigger_ui.py for tasks to queue
[2023-11-28T18:54:22.410-0300] {logging_mixin.py:154} INFO - [2023-11-28T18:54:22.410-0300] {dagbag.py:536} INFO - Filling up the DagBag from /home/marcos/anaconda3/envs/XPe-IGTI/lib/python3.8/site-packages/airflow/example_dags/example_params_trigger_ui.py
[2023-11-28T18:54:22.436-0300] {processor.py:839} INFO - DAG(s) dict_keys(['example_params_trigger_ui']) retrieved from /home/marcos/anaconda3/envs/XPe-IGTI/lib/python3.8/site-packages/airflow/example_dags/example_params_trigger_ui.py
[2023-11-28T18:54:22.508-0300] {logging_mixin.py:154} INFO - [2023-11-28T18:54:22.508-0300] {dag.py:2941} INFO - Sync 1 DAGs
[2023-11-28T18:54:22.524-0300] {logging_mixin.py:154} INFO - [2023-11-28T18:54:22.524-0300] {dag.py:3722} INFO - Setting next_dagrun for example_params_trigger_ui to None, run_after=None
[2023-11-28T18:54:22.555-0300] {processor.py:179} INFO - Processing /home/marcos/anaconda3/envs/XPe-IGTI/lib/python3.8/site-packages/airflow/example_dags/example_params_trigger_ui.py took 0.152 seconds
[2023-11-28T18:55:24.438-0300] {processor.py:157} INFO - Started process (PID=145369) to work on /home/marcos/anaconda3/envs/XPe-IGTI/lib/python3.8/site-packages/airflow/example_dags/example_params_trigger_ui.py
[2023-11-28T18:55:24.442-0300] {processor.py:829} INFO - Processing file /home/marcos/anaconda3/envs/XPe-IGTI/lib/python3.8/site-packages/airflow/example_dags/example_params_trigger_ui.py for tasks to queue
[2023-11-28T18:55:24.443-0300] {logging_mixin.py:154} INFO - [2023-11-28T18:55:24.443-0300] {dagbag.py:536} INFO - Filling up the DagBag from /home/marcos/anaconda3/envs/XPe-IGTI/lib/python3.8/site-packages/airflow/example_dags/example_params_trigger_ui.py
[2023-11-28T18:55:24.468-0300] {processor.py:839} INFO - DAG(s) dict_keys(['example_params_trigger_ui']) retrieved from /home/marcos/anaconda3/envs/XPe-IGTI/lib/python3.8/site-packages/airflow/example_dags/example_params_trigger_ui.py
[2023-11-28T18:55:24.539-0300] {logging_mixin.py:154} INFO - [2023-11-28T18:55:24.538-0300] {dag.py:2941} INFO - Sync 1 DAGs
[2023-11-28T18:55:24.558-0300] {logging_mixin.py:154} INFO - [2023-11-28T18:55:24.558-0300] {dag.py:3722} INFO - Setting next_dagrun for example_params_trigger_ui to None, run_after=None
[2023-11-28T18:55:24.590-0300] {processor.py:179} INFO - Processing /home/marcos/anaconda3/envs/XPe-IGTI/lib/python3.8/site-packages/airflow/example_dags/example_params_trigger_ui.py took 0.156 seconds
[2023-11-28T18:56:21.959-0300] {processor.py:157} INFO - Started process (PID=145452) to work on /home/marcos/anaconda3/envs/XPe-IGTI/lib/python3.8/site-packages/airflow/example_dags/example_params_trigger_ui.py
[2023-11-28T18:56:21.963-0300] {processor.py:829} INFO - Processing file /home/marcos/anaconda3/envs/XPe-IGTI/lib/python3.8/site-packages/airflow/example_dags/example_params_trigger_ui.py for tasks to queue
[2023-11-28T18:56:21.964-0300] {logging_mixin.py:154} INFO - [2023-11-28T18:56:21.964-0300] {dagbag.py:536} INFO - Filling up the DagBag from /home/marcos/anaconda3/envs/XPe-IGTI/lib/python3.8/site-packages/airflow/example_dags/example_params_trigger_ui.py
[2023-11-28T18:56:21.979-0300] {processor.py:839} INFO - DAG(s) dict_keys(['example_params_trigger_ui']) retrieved from /home/marcos/anaconda3/envs/XPe-IGTI/lib/python3.8/site-packages/airflow/example_dags/example_params_trigger_ui.py
[2023-11-28T18:56:22.019-0300] {logging_mixin.py:154} INFO - [2023-11-28T18:56:22.019-0300] {dag.py:2941} INFO - Sync 1 DAGs
[2023-11-28T18:56:22.029-0300] {logging_mixin.py:154} INFO - [2023-11-28T18:56:22.029-0300] {dag.py:3722} INFO - Setting next_dagrun for example_params_trigger_ui to None, run_after=None
[2023-11-28T18:56:22.046-0300] {processor.py:179} INFO - Processing /home/marcos/anaconda3/envs/XPe-IGTI/lib/python3.8/site-packages/airflow/example_dags/example_params_trigger_ui.py took 0.090 seconds
[2023-11-28T18:57:15.861-0300] {processor.py:157} INFO - Started process (PID=145577) to work on /home/marcos/anaconda3/envs/XPe-IGTI/lib/python3.8/site-packages/airflow/example_dags/example_params_trigger_ui.py
[2023-11-28T18:57:15.862-0300] {processor.py:829} INFO - Processing file /home/marcos/anaconda3/envs/XPe-IGTI/lib/python3.8/site-packages/airflow/example_dags/example_params_trigger_ui.py for tasks to queue
[2023-11-28T18:57:15.862-0300] {logging_mixin.py:154} INFO - [2023-11-28T18:57:15.862-0300] {dagbag.py:536} INFO - Filling up the DagBag from /home/marcos/anaconda3/envs/XPe-IGTI/lib/python3.8/site-packages/airflow/example_dags/example_params_trigger_ui.py
[2023-11-28T18:57:15.877-0300] {processor.py:839} INFO - DAG(s) dict_keys(['example_params_trigger_ui']) retrieved from /home/marcos/anaconda3/envs/XPe-IGTI/lib/python3.8/site-packages/airflow/example_dags/example_params_trigger_ui.py
[2023-11-28T18:57:15.918-0300] {logging_mixin.py:154} INFO - [2023-11-28T18:57:15.918-0300] {dag.py:2941} INFO - Sync 1 DAGs
[2023-11-28T18:57:15.930-0300] {logging_mixin.py:154} INFO - [2023-11-28T18:57:15.930-0300] {dag.py:3722} INFO - Setting next_dagrun for example_params_trigger_ui to None, run_after=None
[2023-11-28T18:57:15.949-0300] {processor.py:179} INFO - Processing /home/marcos/anaconda3/envs/XPe-IGTI/lib/python3.8/site-packages/airflow/example_dags/example_params_trigger_ui.py took 0.091 seconds
[2023-11-28T18:58:11.329-0300] {processor.py:157} INFO - Started process (PID=145683) to work on /home/marcos/anaconda3/envs/XPe-IGTI/lib/python3.8/site-packages/airflow/example_dags/example_params_trigger_ui.py
[2023-11-28T18:58:11.330-0300] {processor.py:829} INFO - Processing file /home/marcos/anaconda3/envs/XPe-IGTI/lib/python3.8/site-packages/airflow/example_dags/example_params_trigger_ui.py for tasks to queue
[2023-11-28T18:58:11.330-0300] {logging_mixin.py:154} INFO - [2023-11-28T18:58:11.330-0300] {dagbag.py:536} INFO - Filling up the DagBag from /home/marcos/anaconda3/envs/XPe-IGTI/lib/python3.8/site-packages/airflow/example_dags/example_params_trigger_ui.py
[2023-11-28T18:58:11.346-0300] {processor.py:839} INFO - DAG(s) dict_keys(['example_params_trigger_ui']) retrieved from /home/marcos/anaconda3/envs/XPe-IGTI/lib/python3.8/site-packages/airflow/example_dags/example_params_trigger_ui.py
[2023-11-28T18:58:11.387-0300] {logging_mixin.py:154} INFO - [2023-11-28T18:58:11.386-0300] {dag.py:2941} INFO - Sync 1 DAGs
[2023-11-28T18:58:11.396-0300] {logging_mixin.py:154} INFO - [2023-11-28T18:58:11.396-0300] {dag.py:3722} INFO - Setting next_dagrun for example_params_trigger_ui to None, run_after=None
[2023-11-28T18:58:11.414-0300] {processor.py:179} INFO - Processing /home/marcos/anaconda3/envs/XPe-IGTI/lib/python3.8/site-packages/airflow/example_dags/example_params_trigger_ui.py took 0.087 seconds
[2023-11-28T18:59:09.725-0300] {processor.py:157} INFO - Started process (PID=145762) to work on /home/marcos/anaconda3/envs/XPe-IGTI/lib/python3.8/site-packages/airflow/example_dags/example_params_trigger_ui.py
[2023-11-28T18:59:09.726-0300] {processor.py:829} INFO - Processing file /home/marcos/anaconda3/envs/XPe-IGTI/lib/python3.8/site-packages/airflow/example_dags/example_params_trigger_ui.py for tasks to queue
[2023-11-28T18:59:09.727-0300] {logging_mixin.py:154} INFO - [2023-11-28T18:59:09.726-0300] {dagbag.py:536} INFO - Filling up the DagBag from /home/marcos/anaconda3/envs/XPe-IGTI/lib/python3.8/site-packages/airflow/example_dags/example_params_trigger_ui.py
[2023-11-28T18:59:09.743-0300] {processor.py:839} INFO - DAG(s) dict_keys(['example_params_trigger_ui']) retrieved from /home/marcos/anaconda3/envs/XPe-IGTI/lib/python3.8/site-packages/airflow/example_dags/example_params_trigger_ui.py
[2023-11-28T18:59:09.794-0300] {logging_mixin.py:154} INFO - [2023-11-28T18:59:09.794-0300] {dag.py:2941} INFO - Sync 1 DAGs
[2023-11-28T18:59:09.803-0300] {logging_mixin.py:154} INFO - [2023-11-28T18:59:09.802-0300] {dag.py:3722} INFO - Setting next_dagrun for example_params_trigger_ui to None, run_after=None
[2023-11-28T18:59:09.817-0300] {processor.py:179} INFO - Processing /home/marcos/anaconda3/envs/XPe-IGTI/lib/python3.8/site-packages/airflow/example_dags/example_params_trigger_ui.py took 0.096 seconds
[2023-11-28T18:59:59.675-0300] {processor.py:157} INFO - Started process (PID=145846) to work on /home/marcos/anaconda3/envs/XPe-IGTI/lib/python3.8/site-packages/airflow/example_dags/example_params_trigger_ui.py
[2023-11-28T18:59:59.680-0300] {processor.py:829} INFO - Processing file /home/marcos/anaconda3/envs/XPe-IGTI/lib/python3.8/site-packages/airflow/example_dags/example_params_trigger_ui.py for tasks to queue
[2023-11-28T18:59:59.682-0300] {logging_mixin.py:154} INFO - [2023-11-28T18:59:59.681-0300] {dagbag.py:536} INFO - Filling up the DagBag from /home/marcos/anaconda3/envs/XPe-IGTI/lib/python3.8/site-packages/airflow/example_dags/example_params_trigger_ui.py
[2023-11-28T18:59:59.709-0300] {processor.py:839} INFO - DAG(s) dict_keys(['example_params_trigger_ui']) retrieved from /home/marcos/anaconda3/envs/XPe-IGTI/lib/python3.8/site-packages/airflow/example_dags/example_params_trigger_ui.py
[2023-11-28T18:59:59.748-0300] {logging_mixin.py:154} INFO - [2023-11-28T18:59:59.748-0300] {dag.py:2941} INFO - Sync 1 DAGs
[2023-11-28T18:59:59.758-0300] {logging_mixin.py:154} INFO - [2023-11-28T18:59:59.758-0300] {dag.py:3722} INFO - Setting next_dagrun for example_params_trigger_ui to None, run_after=None
[2023-11-28T18:59:59.785-0300] {processor.py:179} INFO - Processing /home/marcos/anaconda3/envs/XPe-IGTI/lib/python3.8/site-packages/airflow/example_dags/example_params_trigger_ui.py took 0.116 seconds
[2023-11-28T19:00:49.101-0300] {processor.py:157} INFO - Started process (PID=145923) to work on /home/marcos/anaconda3/envs/XPe-IGTI/lib/python3.8/site-packages/airflow/example_dags/example_params_trigger_ui.py
[2023-11-28T19:00:49.105-0300] {processor.py:829} INFO - Processing file /home/marcos/anaconda3/envs/XPe-IGTI/lib/python3.8/site-packages/airflow/example_dags/example_params_trigger_ui.py for tasks to queue
[2023-11-28T19:00:49.106-0300] {logging_mixin.py:154} INFO - [2023-11-28T19:00:49.106-0300] {dagbag.py:536} INFO - Filling up the DagBag from /home/marcos/anaconda3/envs/XPe-IGTI/lib/python3.8/site-packages/airflow/example_dags/example_params_trigger_ui.py
[2023-11-28T19:00:49.127-0300] {processor.py:839} INFO - DAG(s) dict_keys(['example_params_trigger_ui']) retrieved from /home/marcos/anaconda3/envs/XPe-IGTI/lib/python3.8/site-packages/airflow/example_dags/example_params_trigger_ui.py
[2023-11-28T19:00:49.168-0300] {logging_mixin.py:154} INFO - [2023-11-28T19:00:49.168-0300] {dag.py:2941} INFO - Sync 1 DAGs
[2023-11-28T19:00:49.177-0300] {logging_mixin.py:154} INFO - [2023-11-28T19:00:49.177-0300] {dag.py:3722} INFO - Setting next_dagrun for example_params_trigger_ui to None, run_after=None
[2023-11-28T19:00:49.194-0300] {processor.py:179} INFO - Processing /home/marcos/anaconda3/envs/XPe-IGTI/lib/python3.8/site-packages/airflow/example_dags/example_params_trigger_ui.py took 0.096 seconds
[2023-11-28T19:01:46.703-0300] {processor.py:157} INFO - Started process (PID=146058) to work on /home/marcos/anaconda3/envs/XPe-IGTI/lib/python3.8/site-packages/airflow/example_dags/example_params_trigger_ui.py
[2023-11-28T19:01:46.708-0300] {processor.py:829} INFO - Processing file /home/marcos/anaconda3/envs/XPe-IGTI/lib/python3.8/site-packages/airflow/example_dags/example_params_trigger_ui.py for tasks to queue
[2023-11-28T19:01:46.710-0300] {logging_mixin.py:154} INFO - [2023-11-28T19:01:46.709-0300] {dagbag.py:536} INFO - Filling up the DagBag from /home/marcos/anaconda3/envs/XPe-IGTI/lib/python3.8/site-packages/airflow/example_dags/example_params_trigger_ui.py
[2023-11-28T19:01:46.735-0300] {processor.py:839} INFO - DAG(s) dict_keys(['example_params_trigger_ui']) retrieved from /home/marcos/anaconda3/envs/XPe-IGTI/lib/python3.8/site-packages/airflow/example_dags/example_params_trigger_ui.py
[2023-11-28T19:01:46.812-0300] {logging_mixin.py:154} INFO - [2023-11-28T19:01:46.812-0300] {dag.py:2941} INFO - Sync 1 DAGs
[2023-11-28T19:01:46.830-0300] {logging_mixin.py:154} INFO - [2023-11-28T19:01:46.829-0300] {dag.py:3722} INFO - Setting next_dagrun for example_params_trigger_ui to None, run_after=None
[2023-11-28T19:01:46.864-0300] {processor.py:179} INFO - Processing /home/marcos/anaconda3/envs/XPe-IGTI/lib/python3.8/site-packages/airflow/example_dags/example_params_trigger_ui.py took 0.165 seconds
[2023-11-28T19:02:45.662-0300] {processor.py:157} INFO - Started process (PID=146176) to work on /home/marcos/anaconda3/envs/XPe-IGTI/lib/python3.8/site-packages/airflow/example_dags/example_params_trigger_ui.py
[2023-11-28T19:02:45.667-0300] {processor.py:829} INFO - Processing file /home/marcos/anaconda3/envs/XPe-IGTI/lib/python3.8/site-packages/airflow/example_dags/example_params_trigger_ui.py for tasks to queue
[2023-11-28T19:02:45.668-0300] {logging_mixin.py:154} INFO - [2023-11-28T19:02:45.668-0300] {dagbag.py:536} INFO - Filling up the DagBag from /home/marcos/anaconda3/envs/XPe-IGTI/lib/python3.8/site-packages/airflow/example_dags/example_params_trigger_ui.py
[2023-11-28T19:02:45.695-0300] {processor.py:839} INFO - DAG(s) dict_keys(['example_params_trigger_ui']) retrieved from /home/marcos/anaconda3/envs/XPe-IGTI/lib/python3.8/site-packages/airflow/example_dags/example_params_trigger_ui.py
[2023-11-28T19:02:45.740-0300] {logging_mixin.py:154} INFO - [2023-11-28T19:02:45.740-0300] {dag.py:2941} INFO - Sync 1 DAGs
[2023-11-28T19:02:45.751-0300] {logging_mixin.py:154} INFO - [2023-11-28T19:02:45.750-0300] {dag.py:3722} INFO - Setting next_dagrun for example_params_trigger_ui to None, run_after=None
[2023-11-28T19:02:45.769-0300] {processor.py:179} INFO - Processing /home/marcos/anaconda3/envs/XPe-IGTI/lib/python3.8/site-packages/airflow/example_dags/example_params_trigger_ui.py took 0.112 seconds
[2023-11-28T19:03:43.794-0300] {processor.py:157} INFO - Started process (PID=146288) to work on /home/marcos/anaconda3/envs/XPe-IGTI/lib/python3.8/site-packages/airflow/example_dags/example_params_trigger_ui.py
[2023-11-28T19:03:43.798-0300] {processor.py:829} INFO - Processing file /home/marcos/anaconda3/envs/XPe-IGTI/lib/python3.8/site-packages/airflow/example_dags/example_params_trigger_ui.py for tasks to queue
[2023-11-28T19:03:43.799-0300] {logging_mixin.py:154} INFO - [2023-11-28T19:03:43.799-0300] {dagbag.py:536} INFO - Filling up the DagBag from /home/marcos/anaconda3/envs/XPe-IGTI/lib/python3.8/site-packages/airflow/example_dags/example_params_trigger_ui.py
[2023-11-28T19:03:43.817-0300] {processor.py:839} INFO - DAG(s) dict_keys(['example_params_trigger_ui']) retrieved from /home/marcos/anaconda3/envs/XPe-IGTI/lib/python3.8/site-packages/airflow/example_dags/example_params_trigger_ui.py
[2023-11-28T19:03:43.868-0300] {logging_mixin.py:154} INFO - [2023-11-28T19:03:43.868-0300] {dag.py:2941} INFO - Sync 1 DAGs
[2023-11-28T19:03:43.879-0300] {logging_mixin.py:154} INFO - [2023-11-28T19:03:43.879-0300] {dag.py:3722} INFO - Setting next_dagrun for example_params_trigger_ui to None, run_after=None
[2023-11-28T19:03:43.898-0300] {processor.py:179} INFO - Processing /home/marcos/anaconda3/envs/XPe-IGTI/lib/python3.8/site-packages/airflow/example_dags/example_params_trigger_ui.py took 0.107 seconds
[2023-11-28T19:04:53.531-0300] {processor.py:157} INFO - Started process (PID=146396) to work on /home/marcos/anaconda3/envs/XPe-IGTI/lib/python3.8/site-packages/airflow/example_dags/example_params_trigger_ui.py
[2023-11-28T19:04:53.536-0300] {processor.py:829} INFO - Processing file /home/marcos/anaconda3/envs/XPe-IGTI/lib/python3.8/site-packages/airflow/example_dags/example_params_trigger_ui.py for tasks to queue
[2023-11-28T19:04:53.537-0300] {logging_mixin.py:154} INFO - [2023-11-28T19:04:53.536-0300] {dagbag.py:536} INFO - Filling up the DagBag from /home/marcos/anaconda3/envs/XPe-IGTI/lib/python3.8/site-packages/airflow/example_dags/example_params_trigger_ui.py
[2023-11-28T19:04:53.562-0300] {processor.py:839} INFO - DAG(s) dict_keys(['example_params_trigger_ui']) retrieved from /home/marcos/anaconda3/envs/XPe-IGTI/lib/python3.8/site-packages/airflow/example_dags/example_params_trigger_ui.py
[2023-11-28T19:04:53.640-0300] {logging_mixin.py:154} INFO - [2023-11-28T19:04:53.640-0300] {dag.py:2941} INFO - Sync 1 DAGs
[2023-11-28T19:04:53.657-0300] {logging_mixin.py:154} INFO - [2023-11-28T19:04:53.657-0300] {dag.py:3722} INFO - Setting next_dagrun for example_params_trigger_ui to None, run_after=None
[2023-11-28T19:04:53.691-0300] {processor.py:179} INFO - Processing /home/marcos/anaconda3/envs/XPe-IGTI/lib/python3.8/site-packages/airflow/example_dags/example_params_trigger_ui.py took 0.165 seconds
[2023-11-28T19:05:43.515-0300] {processor.py:157} INFO - Started process (PID=146486) to work on /home/marcos/anaconda3/envs/XPe-IGTI/lib/python3.8/site-packages/airflow/example_dags/example_params_trigger_ui.py
[2023-11-28T19:05:43.520-0300] {processor.py:829} INFO - Processing file /home/marcos/anaconda3/envs/XPe-IGTI/lib/python3.8/site-packages/airflow/example_dags/example_params_trigger_ui.py for tasks to queue
[2023-11-28T19:05:43.522-0300] {logging_mixin.py:154} INFO - [2023-11-28T19:05:43.521-0300] {dagbag.py:536} INFO - Filling up the DagBag from /home/marcos/anaconda3/envs/XPe-IGTI/lib/python3.8/site-packages/airflow/example_dags/example_params_trigger_ui.py
[2023-11-28T19:05:43.564-0300] {processor.py:839} INFO - DAG(s) dict_keys(['example_params_trigger_ui']) retrieved from /home/marcos/anaconda3/envs/XPe-IGTI/lib/python3.8/site-packages/airflow/example_dags/example_params_trigger_ui.py
[2023-11-28T19:05:43.679-0300] {logging_mixin.py:154} INFO - [2023-11-28T19:05:43.679-0300] {dag.py:2941} INFO - Sync 1 DAGs
[2023-11-28T19:05:43.703-0300] {logging_mixin.py:154} INFO - [2023-11-28T19:05:43.703-0300] {dag.py:3722} INFO - Setting next_dagrun for example_params_trigger_ui to None, run_after=None
[2023-11-28T19:05:43.766-0300] {processor.py:179} INFO - Processing /home/marcos/anaconda3/envs/XPe-IGTI/lib/python3.8/site-packages/airflow/example_dags/example_params_trigger_ui.py took 0.258 seconds
[2023-11-28T19:06:35.187-0300] {processor.py:157} INFO - Started process (PID=146569) to work on /home/marcos/anaconda3/envs/XPe-IGTI/lib/python3.8/site-packages/airflow/example_dags/example_params_trigger_ui.py
[2023-11-28T19:06:35.188-0300] {processor.py:829} INFO - Processing file /home/marcos/anaconda3/envs/XPe-IGTI/lib/python3.8/site-packages/airflow/example_dags/example_params_trigger_ui.py for tasks to queue
[2023-11-28T19:06:35.191-0300] {logging_mixin.py:154} INFO - [2023-11-28T19:06:35.191-0300] {dagbag.py:536} INFO - Filling up the DagBag from /home/marcos/anaconda3/envs/XPe-IGTI/lib/python3.8/site-packages/airflow/example_dags/example_params_trigger_ui.py
[2023-11-28T19:06:35.212-0300] {processor.py:839} INFO - DAG(s) dict_keys(['example_params_trigger_ui']) retrieved from /home/marcos/anaconda3/envs/XPe-IGTI/lib/python3.8/site-packages/airflow/example_dags/example_params_trigger_ui.py
[2023-11-28T19:06:35.255-0300] {logging_mixin.py:154} INFO - [2023-11-28T19:06:35.254-0300] {dag.py:2941} INFO - Sync 1 DAGs
[2023-11-28T19:06:35.265-0300] {logging_mixin.py:154} INFO - [2023-11-28T19:06:35.265-0300] {dag.py:3722} INFO - Setting next_dagrun for example_params_trigger_ui to None, run_after=None
[2023-11-28T19:06:35.286-0300] {processor.py:179} INFO - Processing /home/marcos/anaconda3/envs/XPe-IGTI/lib/python3.8/site-packages/airflow/example_dags/example_params_trigger_ui.py took 0.103 seconds
[2023-11-28T19:07:34.310-0300] {processor.py:157} INFO - Started process (PID=146659) to work on /home/marcos/anaconda3/envs/XPe-IGTI/lib/python3.8/site-packages/airflow/example_dags/example_params_trigger_ui.py
[2023-11-28T19:07:34.311-0300] {processor.py:829} INFO - Processing file /home/marcos/anaconda3/envs/XPe-IGTI/lib/python3.8/site-packages/airflow/example_dags/example_params_trigger_ui.py for tasks to queue
[2023-11-28T19:07:34.314-0300] {logging_mixin.py:154} INFO - [2023-11-28T19:07:34.314-0300] {dagbag.py:536} INFO - Filling up the DagBag from /home/marcos/anaconda3/envs/XPe-IGTI/lib/python3.8/site-packages/airflow/example_dags/example_params_trigger_ui.py
[2023-11-28T19:07:34.334-0300] {processor.py:839} INFO - DAG(s) dict_keys(['example_params_trigger_ui']) retrieved from /home/marcos/anaconda3/envs/XPe-IGTI/lib/python3.8/site-packages/airflow/example_dags/example_params_trigger_ui.py
[2023-11-28T19:07:34.380-0300] {logging_mixin.py:154} INFO - [2023-11-28T19:07:34.380-0300] {dag.py:2941} INFO - Sync 1 DAGs
[2023-11-28T19:07:34.393-0300] {logging_mixin.py:154} INFO - [2023-11-28T19:07:34.393-0300] {dag.py:3722} INFO - Setting next_dagrun for example_params_trigger_ui to None, run_after=None
[2023-11-28T19:07:34.413-0300] {processor.py:179} INFO - Processing /home/marcos/anaconda3/envs/XPe-IGTI/lib/python3.8/site-packages/airflow/example_dags/example_params_trigger_ui.py took 0.107 seconds
[2023-11-28T19:08:22.339-0300] {processor.py:157} INFO - Started process (PID=146726) to work on /home/marcos/anaconda3/envs/XPe-IGTI/lib/python3.8/site-packages/airflow/example_dags/example_params_trigger_ui.py
[2023-11-28T19:08:22.343-0300] {processor.py:829} INFO - Processing file /home/marcos/anaconda3/envs/XPe-IGTI/lib/python3.8/site-packages/airflow/example_dags/example_params_trigger_ui.py for tasks to queue
[2023-11-28T19:08:22.347-0300] {logging_mixin.py:154} INFO - [2023-11-28T19:08:22.346-0300] {dagbag.py:536} INFO - Filling up the DagBag from /home/marcos/anaconda3/envs/XPe-IGTI/lib/python3.8/site-packages/airflow/example_dags/example_params_trigger_ui.py
[2023-11-28T19:08:22.372-0300] {processor.py:839} INFO - DAG(s) dict_keys(['example_params_trigger_ui']) retrieved from /home/marcos/anaconda3/envs/XPe-IGTI/lib/python3.8/site-packages/airflow/example_dags/example_params_trigger_ui.py
[2023-11-28T19:08:22.445-0300] {logging_mixin.py:154} INFO - [2023-11-28T19:08:22.444-0300] {dag.py:2941} INFO - Sync 1 DAGs
[2023-11-28T19:08:22.462-0300] {logging_mixin.py:154} INFO - [2023-11-28T19:08:22.462-0300] {dag.py:3722} INFO - Setting next_dagrun for example_params_trigger_ui to None, run_after=None
[2023-11-28T19:08:22.493-0300] {processor.py:179} INFO - Processing /home/marcos/anaconda3/envs/XPe-IGTI/lib/python3.8/site-packages/airflow/example_dags/example_params_trigger_ui.py took 0.158 seconds
[2023-11-28T19:09:48.229-0300] {processor.py:157} INFO - Started process (PID=146925) to work on /home/marcos/anaconda3/envs/XPe-IGTI/lib/python3.8/site-packages/airflow/example_dags/example_params_trigger_ui.py
[2023-11-28T19:09:48.233-0300] {processor.py:829} INFO - Processing file /home/marcos/anaconda3/envs/XPe-IGTI/lib/python3.8/site-packages/airflow/example_dags/example_params_trigger_ui.py for tasks to queue
[2023-11-28T19:09:48.236-0300] {logging_mixin.py:154} INFO - [2023-11-28T19:09:48.235-0300] {dagbag.py:536} INFO - Filling up the DagBag from /home/marcos/anaconda3/envs/XPe-IGTI/lib/python3.8/site-packages/airflow/example_dags/example_params_trigger_ui.py
[2023-11-28T19:09:48.251-0300] {processor.py:839} INFO - DAG(s) dict_keys(['example_params_trigger_ui']) retrieved from /home/marcos/anaconda3/envs/XPe-IGTI/lib/python3.8/site-packages/airflow/example_dags/example_params_trigger_ui.py
[2023-11-28T19:09:48.292-0300] {logging_mixin.py:154} INFO - [2023-11-28T19:09:48.291-0300] {dag.py:2941} INFO - Sync 1 DAGs
[2023-11-28T19:09:48.302-0300] {logging_mixin.py:154} INFO - [2023-11-28T19:09:48.301-0300] {dag.py:3722} INFO - Setting next_dagrun for example_params_trigger_ui to None, run_after=None
[2023-11-28T19:09:48.331-0300] {processor.py:179} INFO - Processing /home/marcos/anaconda3/envs/XPe-IGTI/lib/python3.8/site-packages/airflow/example_dags/example_params_trigger_ui.py took 0.104 seconds
[2023-11-28T19:10:38.787-0300] {processor.py:157} INFO - Started process (PID=146998) to work on /home/marcos/anaconda3/envs/XPe-IGTI/lib/python3.8/site-packages/airflow/example_dags/example_params_trigger_ui.py
[2023-11-28T19:10:38.792-0300] {processor.py:829} INFO - Processing file /home/marcos/anaconda3/envs/XPe-IGTI/lib/python3.8/site-packages/airflow/example_dags/example_params_trigger_ui.py for tasks to queue
[2023-11-28T19:10:38.798-0300] {logging_mixin.py:154} INFO - [2023-11-28T19:10:38.797-0300] {dagbag.py:536} INFO - Filling up the DagBag from /home/marcos/anaconda3/envs/XPe-IGTI/lib/python3.8/site-packages/airflow/example_dags/example_params_trigger_ui.py
[2023-11-28T19:10:38.849-0300] {processor.py:839} INFO - DAG(s) dict_keys(['example_params_trigger_ui']) retrieved from /home/marcos/anaconda3/envs/XPe-IGTI/lib/python3.8/site-packages/airflow/example_dags/example_params_trigger_ui.py
[2023-11-28T19:10:38.945-0300] {logging_mixin.py:154} INFO - [2023-11-28T19:10:38.944-0300] {dag.py:2941} INFO - Sync 1 DAGs
[2023-11-28T19:10:38.955-0300] {logging_mixin.py:154} INFO - [2023-11-28T19:10:38.955-0300] {dag.py:3722} INFO - Setting next_dagrun for example_params_trigger_ui to None, run_after=None
[2023-11-28T19:10:38.993-0300] {processor.py:179} INFO - Processing /home/marcos/anaconda3/envs/XPe-IGTI/lib/python3.8/site-packages/airflow/example_dags/example_params_trigger_ui.py took 0.215 seconds
[2023-11-28T19:11:41.275-0300] {processor.py:157} INFO - Started process (PID=147168) to work on /home/marcos/anaconda3/envs/XPe-IGTI/lib/python3.8/site-packages/airflow/example_dags/example_params_trigger_ui.py
[2023-11-28T19:11:41.281-0300] {processor.py:829} INFO - Processing file /home/marcos/anaconda3/envs/XPe-IGTI/lib/python3.8/site-packages/airflow/example_dags/example_params_trigger_ui.py for tasks to queue
[2023-11-28T19:11:41.286-0300] {logging_mixin.py:154} INFO - [2023-11-28T19:11:41.286-0300] {dagbag.py:536} INFO - Filling up the DagBag from /home/marcos/anaconda3/envs/XPe-IGTI/lib/python3.8/site-packages/airflow/example_dags/example_params_trigger_ui.py
[2023-11-28T19:11:41.320-0300] {processor.py:839} INFO - DAG(s) dict_keys(['example_params_trigger_ui']) retrieved from /home/marcos/anaconda3/envs/XPe-IGTI/lib/python3.8/site-packages/airflow/example_dags/example_params_trigger_ui.py
[2023-11-28T19:11:41.392-0300] {logging_mixin.py:154} INFO - [2023-11-28T19:11:41.391-0300] {dag.py:2941} INFO - Sync 1 DAGs
[2023-11-28T19:11:41.409-0300] {logging_mixin.py:154} INFO - [2023-11-28T19:11:41.409-0300] {dag.py:3722} INFO - Setting next_dagrun for example_params_trigger_ui to None, run_after=None
[2023-11-28T19:11:41.439-0300] {processor.py:179} INFO - Processing /home/marcos/anaconda3/envs/XPe-IGTI/lib/python3.8/site-packages/airflow/example_dags/example_params_trigger_ui.py took 0.176 seconds
[2023-11-28T19:12:50.759-0300] {processor.py:157} INFO - Started process (PID=147375) to work on /home/marcos/anaconda3/envs/XPe-IGTI/lib/python3.8/site-packages/airflow/example_dags/example_params_trigger_ui.py
[2023-11-28T19:12:50.764-0300] {processor.py:829} INFO - Processing file /home/marcos/anaconda3/envs/XPe-IGTI/lib/python3.8/site-packages/airflow/example_dags/example_params_trigger_ui.py for tasks to queue
[2023-11-28T19:12:50.770-0300] {logging_mixin.py:154} INFO - [2023-11-28T19:12:50.769-0300] {dagbag.py:536} INFO - Filling up the DagBag from /home/marcos/anaconda3/envs/XPe-IGTI/lib/python3.8/site-packages/airflow/example_dags/example_params_trigger_ui.py
[2023-11-28T19:12:50.829-0300] {processor.py:839} INFO - DAG(s) dict_keys(['example_params_trigger_ui']) retrieved from /home/marcos/anaconda3/envs/XPe-IGTI/lib/python3.8/site-packages/airflow/example_dags/example_params_trigger_ui.py
[2023-11-28T19:12:50.946-0300] {logging_mixin.py:154} INFO - [2023-11-28T19:12:50.946-0300] {dag.py:2941} INFO - Sync 1 DAGs
[2023-11-28T19:12:50.966-0300] {logging_mixin.py:154} INFO - [2023-11-28T19:12:50.965-0300] {dag.py:3722} INFO - Setting next_dagrun for example_params_trigger_ui to None, run_after=None
[2023-11-28T19:12:51.000-0300] {processor.py:179} INFO - Processing /home/marcos/anaconda3/envs/XPe-IGTI/lib/python3.8/site-packages/airflow/example_dags/example_params_trigger_ui.py took 0.248 seconds
[2023-11-28T19:13:45.153-0300] {processor.py:157} INFO - Started process (PID=147510) to work on /home/marcos/anaconda3/envs/XPe-IGTI/lib/python3.8/site-packages/airflow/example_dags/example_params_trigger_ui.py
[2023-11-28T19:13:45.155-0300] {processor.py:829} INFO - Processing file /home/marcos/anaconda3/envs/XPe-IGTI/lib/python3.8/site-packages/airflow/example_dags/example_params_trigger_ui.py for tasks to queue
[2023-11-28T19:13:45.158-0300] {logging_mixin.py:154} INFO - [2023-11-28T19:13:45.158-0300] {dagbag.py:536} INFO - Filling up the DagBag from /home/marcos/anaconda3/envs/XPe-IGTI/lib/python3.8/site-packages/airflow/example_dags/example_params_trigger_ui.py
[2023-11-28T19:13:45.186-0300] {processor.py:839} INFO - DAG(s) dict_keys(['example_params_trigger_ui']) retrieved from /home/marcos/anaconda3/envs/XPe-IGTI/lib/python3.8/site-packages/airflow/example_dags/example_params_trigger_ui.py
[2023-11-28T19:13:45.261-0300] {logging_mixin.py:154} INFO - [2023-11-28T19:13:45.260-0300] {dag.py:2941} INFO - Sync 1 DAGs
[2023-11-28T19:13:45.279-0300] {logging_mixin.py:154} INFO - [2023-11-28T19:13:45.279-0300] {dag.py:3722} INFO - Setting next_dagrun for example_params_trigger_ui to None, run_after=None
[2023-11-28T19:13:45.311-0300] {processor.py:179} INFO - Processing /home/marcos/anaconda3/envs/XPe-IGTI/lib/python3.8/site-packages/airflow/example_dags/example_params_trigger_ui.py took 0.163 seconds
[2023-11-28T19:14:37.488-0300] {processor.py:157} INFO - Started process (PID=147569) to work on /home/marcos/anaconda3/envs/XPe-IGTI/lib/python3.8/site-packages/airflow/example_dags/example_params_trigger_ui.py
[2023-11-28T19:14:37.492-0300] {processor.py:829} INFO - Processing file /home/marcos/anaconda3/envs/XPe-IGTI/lib/python3.8/site-packages/airflow/example_dags/example_params_trigger_ui.py for tasks to queue
[2023-11-28T19:14:37.496-0300] {logging_mixin.py:154} INFO - [2023-11-28T19:14:37.495-0300] {dagbag.py:536} INFO - Filling up the DagBag from /home/marcos/anaconda3/envs/XPe-IGTI/lib/python3.8/site-packages/airflow/example_dags/example_params_trigger_ui.py
[2023-11-28T19:14:37.530-0300] {processor.py:839} INFO - DAG(s) dict_keys(['example_params_trigger_ui']) retrieved from /home/marcos/anaconda3/envs/XPe-IGTI/lib/python3.8/site-packages/airflow/example_dags/example_params_trigger_ui.py
[2023-11-28T19:14:37.622-0300] {logging_mixin.py:154} INFO - [2023-11-28T19:14:37.621-0300] {dag.py:2941} INFO - Sync 1 DAGs
[2023-11-28T19:14:37.646-0300] {logging_mixin.py:154} INFO - [2023-11-28T19:14:37.645-0300] {dag.py:3722} INFO - Setting next_dagrun for example_params_trigger_ui to None, run_after=None
[2023-11-28T19:14:37.682-0300] {processor.py:179} INFO - Processing /home/marcos/anaconda3/envs/XPe-IGTI/lib/python3.8/site-packages/airflow/example_dags/example_params_trigger_ui.py took 0.199 seconds
[2023-11-28T19:15:24.774-0300] {processor.py:157} INFO - Started process (PID=147618) to work on /home/marcos/anaconda3/envs/XPe-IGTI/lib/python3.8/site-packages/airflow/example_dags/example_params_trigger_ui.py
[2023-11-28T19:15:24.778-0300] {processor.py:829} INFO - Processing file /home/marcos/anaconda3/envs/XPe-IGTI/lib/python3.8/site-packages/airflow/example_dags/example_params_trigger_ui.py for tasks to queue
[2023-11-28T19:15:24.783-0300] {logging_mixin.py:154} INFO - [2023-11-28T19:15:24.782-0300] {dagbag.py:536} INFO - Filling up the DagBag from /home/marcos/anaconda3/envs/XPe-IGTI/lib/python3.8/site-packages/airflow/example_dags/example_params_trigger_ui.py
[2023-11-28T19:15:24.816-0300] {processor.py:839} INFO - DAG(s) dict_keys(['example_params_trigger_ui']) retrieved from /home/marcos/anaconda3/envs/XPe-IGTI/lib/python3.8/site-packages/airflow/example_dags/example_params_trigger_ui.py
[2023-11-28T19:15:24.899-0300] {logging_mixin.py:154} INFO - [2023-11-28T19:15:24.898-0300] {dag.py:2941} INFO - Sync 1 DAGs
[2023-11-28T19:15:24.922-0300] {logging_mixin.py:154} INFO - [2023-11-28T19:15:24.922-0300] {dag.py:3722} INFO - Setting next_dagrun for example_params_trigger_ui to None, run_after=None
[2023-11-28T19:15:24.961-0300] {processor.py:179} INFO - Processing /home/marcos/anaconda3/envs/XPe-IGTI/lib/python3.8/site-packages/airflow/example_dags/example_params_trigger_ui.py took 0.192 seconds
[2023-11-28T19:16:14.420-0300] {processor.py:157} INFO - Started process (PID=147673) to work on /home/marcos/anaconda3/envs/XPe-IGTI/lib/python3.8/site-packages/airflow/example_dags/example_params_trigger_ui.py
[2023-11-28T19:16:14.424-0300] {processor.py:829} INFO - Processing file /home/marcos/anaconda3/envs/XPe-IGTI/lib/python3.8/site-packages/airflow/example_dags/example_params_trigger_ui.py for tasks to queue
[2023-11-28T19:16:14.428-0300] {logging_mixin.py:154} INFO - [2023-11-28T19:16:14.428-0300] {dagbag.py:536} INFO - Filling up the DagBag from /home/marcos/anaconda3/envs/XPe-IGTI/lib/python3.8/site-packages/airflow/example_dags/example_params_trigger_ui.py
[2023-11-28T19:16:14.458-0300] {processor.py:839} INFO - DAG(s) dict_keys(['example_params_trigger_ui']) retrieved from /home/marcos/anaconda3/envs/XPe-IGTI/lib/python3.8/site-packages/airflow/example_dags/example_params_trigger_ui.py
[2023-11-28T19:16:14.545-0300] {logging_mixin.py:154} INFO - [2023-11-28T19:16:14.545-0300] {dag.py:2941} INFO - Sync 1 DAGs
[2023-11-28T19:16:14.564-0300] {logging_mixin.py:154} INFO - [2023-11-28T19:16:14.564-0300] {dag.py:3722} INFO - Setting next_dagrun for example_params_trigger_ui to None, run_after=None
[2023-11-28T19:16:14.599-0300] {processor.py:179} INFO - Processing /home/marcos/anaconda3/envs/XPe-IGTI/lib/python3.8/site-packages/airflow/example_dags/example_params_trigger_ui.py took 0.184 seconds
[2023-11-28T19:17:18.221-0300] {processor.py:157} INFO - Started process (PID=147771) to work on /home/marcos/anaconda3/envs/XPe-IGTI/lib/python3.8/site-packages/airflow/example_dags/example_params_trigger_ui.py
[2023-11-28T19:17:18.226-0300] {processor.py:829} INFO - Processing file /home/marcos/anaconda3/envs/XPe-IGTI/lib/python3.8/site-packages/airflow/example_dags/example_params_trigger_ui.py for tasks to queue
[2023-11-28T19:17:18.234-0300] {logging_mixin.py:154} INFO - [2023-11-28T19:17:18.233-0300] {dagbag.py:536} INFO - Filling up the DagBag from /home/marcos/anaconda3/envs/XPe-IGTI/lib/python3.8/site-packages/airflow/example_dags/example_params_trigger_ui.py
[2023-11-28T19:17:18.269-0300] {processor.py:839} INFO - DAG(s) dict_keys(['example_params_trigger_ui']) retrieved from /home/marcos/anaconda3/envs/XPe-IGTI/lib/python3.8/site-packages/airflow/example_dags/example_params_trigger_ui.py
[2023-11-28T19:17:18.342-0300] {logging_mixin.py:154} INFO - [2023-11-28T19:17:18.342-0300] {dag.py:2941} INFO - Sync 1 DAGs
[2023-11-28T19:17:18.361-0300] {logging_mixin.py:154} INFO - [2023-11-28T19:17:18.360-0300] {dag.py:3722} INFO - Setting next_dagrun for example_params_trigger_ui to None, run_after=None
[2023-11-28T19:17:18.393-0300] {processor.py:179} INFO - Processing /home/marcos/anaconda3/envs/XPe-IGTI/lib/python3.8/site-packages/airflow/example_dags/example_params_trigger_ui.py took 0.176 seconds
[2023-11-28T19:18:27.274-0300] {processor.py:157} INFO - Started process (PID=147852) to work on /home/marcos/anaconda3/envs/XPe-IGTI/lib/python3.8/site-packages/airflow/example_dags/example_params_trigger_ui.py
[2023-11-28T19:18:27.278-0300] {processor.py:829} INFO - Processing file /home/marcos/anaconda3/envs/XPe-IGTI/lib/python3.8/site-packages/airflow/example_dags/example_params_trigger_ui.py for tasks to queue
[2023-11-28T19:18:27.282-0300] {logging_mixin.py:154} INFO - [2023-11-28T19:18:27.281-0300] {dagbag.py:536} INFO - Filling up the DagBag from /home/marcos/anaconda3/envs/XPe-IGTI/lib/python3.8/site-packages/airflow/example_dags/example_params_trigger_ui.py
[2023-11-28T19:18:27.315-0300] {processor.py:839} INFO - DAG(s) dict_keys(['example_params_trigger_ui']) retrieved from /home/marcos/anaconda3/envs/XPe-IGTI/lib/python3.8/site-packages/airflow/example_dags/example_params_trigger_ui.py
[2023-11-28T19:18:27.397-0300] {logging_mixin.py:154} INFO - [2023-11-28T19:18:27.396-0300] {dag.py:2941} INFO - Sync 1 DAGs
[2023-11-28T19:18:27.418-0300] {logging_mixin.py:154} INFO - [2023-11-28T19:18:27.417-0300] {dag.py:3722} INFO - Setting next_dagrun for example_params_trigger_ui to None, run_after=None
[2023-11-28T19:18:27.457-0300] {processor.py:179} INFO - Processing /home/marcos/anaconda3/envs/XPe-IGTI/lib/python3.8/site-packages/airflow/example_dags/example_params_trigger_ui.py took 0.187 seconds
[2023-11-28T19:20:28.482-0300] {processor.py:157} INFO - Started process (PID=148280) to work on /home/marcos/anaconda3/envs/XPe-IGTI/lib/python3.8/site-packages/airflow/example_dags/example_params_trigger_ui.py
[2023-11-28T19:20:28.487-0300] {processor.py:829} INFO - Processing file /home/marcos/anaconda3/envs/XPe-IGTI/lib/python3.8/site-packages/airflow/example_dags/example_params_trigger_ui.py for tasks to queue
[2023-11-28T19:20:28.491-0300] {logging_mixin.py:154} INFO - [2023-11-28T19:20:28.491-0300] {dagbag.py:536} INFO - Filling up the DagBag from /home/marcos/anaconda3/envs/XPe-IGTI/lib/python3.8/site-packages/airflow/example_dags/example_params_trigger_ui.py
[2023-11-28T19:20:28.525-0300] {processor.py:839} INFO - DAG(s) dict_keys(['example_params_trigger_ui']) retrieved from /home/marcos/anaconda3/envs/XPe-IGTI/lib/python3.8/site-packages/airflow/example_dags/example_params_trigger_ui.py
[2023-11-28T19:20:28.617-0300] {logging_mixin.py:154} INFO - [2023-11-28T19:20:28.616-0300] {dag.py:2941} INFO - Sync 1 DAGs
[2023-11-28T19:20:28.639-0300] {logging_mixin.py:154} INFO - [2023-11-28T19:20:28.639-0300] {dag.py:3722} INFO - Setting next_dagrun for example_params_trigger_ui to None, run_after=None
[2023-11-28T19:20:28.680-0300] {processor.py:179} INFO - Processing /home/marcos/anaconda3/envs/XPe-IGTI/lib/python3.8/site-packages/airflow/example_dags/example_params_trigger_ui.py took 0.202 seconds
[2023-11-28T19:21:59.546-0300] {processor.py:157} INFO - Started process (PID=148721) to work on /home/marcos/anaconda3/envs/XPe-IGTI/lib/python3.8/site-packages/airflow/example_dags/example_params_trigger_ui.py
[2023-11-28T19:21:59.554-0300] {processor.py:829} INFO - Processing file /home/marcos/anaconda3/envs/XPe-IGTI/lib/python3.8/site-packages/airflow/example_dags/example_params_trigger_ui.py for tasks to queue
[2023-11-28T19:21:59.558-0300] {logging_mixin.py:154} INFO - [2023-11-28T19:21:59.558-0300] {dagbag.py:536} INFO - Filling up the DagBag from /home/marcos/anaconda3/envs/XPe-IGTI/lib/python3.8/site-packages/airflow/example_dags/example_params_trigger_ui.py
[2023-11-28T19:21:59.597-0300] {processor.py:839} INFO - DAG(s) dict_keys(['example_params_trigger_ui']) retrieved from /home/marcos/anaconda3/envs/XPe-IGTI/lib/python3.8/site-packages/airflow/example_dags/example_params_trigger_ui.py
[2023-11-28T19:21:59.731-0300] {logging_mixin.py:154} INFO - [2023-11-28T19:21:59.730-0300] {dag.py:2941} INFO - Sync 1 DAGs
[2023-11-28T19:21:59.759-0300] {logging_mixin.py:154} INFO - [2023-11-28T19:21:59.759-0300] {dag.py:3722} INFO - Setting next_dagrun for example_params_trigger_ui to None, run_after=None
[2023-11-28T19:21:59.805-0300] {processor.py:179} INFO - Processing /home/marcos/anaconda3/envs/XPe-IGTI/lib/python3.8/site-packages/airflow/example_dags/example_params_trigger_ui.py took 0.265 seconds
[2023-11-28T19:22:53.936-0300] {processor.py:157} INFO - Started process (PID=148891) to work on /home/marcos/anaconda3/envs/XPe-IGTI/lib/python3.8/site-packages/airflow/example_dags/example_params_trigger_ui.py
[2023-11-28T19:22:53.941-0300] {processor.py:829} INFO - Processing file /home/marcos/anaconda3/envs/XPe-IGTI/lib/python3.8/site-packages/airflow/example_dags/example_params_trigger_ui.py for tasks to queue
[2023-11-28T19:22:53.947-0300] {logging_mixin.py:154} INFO - [2023-11-28T19:22:53.946-0300] {dagbag.py:536} INFO - Filling up the DagBag from /home/marcos/anaconda3/envs/XPe-IGTI/lib/python3.8/site-packages/airflow/example_dags/example_params_trigger_ui.py
[2023-11-28T19:22:53.988-0300] {processor.py:839} INFO - DAG(s) dict_keys(['example_params_trigger_ui']) retrieved from /home/marcos/anaconda3/envs/XPe-IGTI/lib/python3.8/site-packages/airflow/example_dags/example_params_trigger_ui.py
[2023-11-28T19:22:54.116-0300] {logging_mixin.py:154} INFO - [2023-11-28T19:22:54.115-0300] {dag.py:2941} INFO - Sync 1 DAGs
[2023-11-28T19:22:54.137-0300] {logging_mixin.py:154} INFO - [2023-11-28T19:22:54.137-0300] {dag.py:3722} INFO - Setting next_dagrun for example_params_trigger_ui to None, run_after=None
[2023-11-28T19:22:54.178-0300] {processor.py:179} INFO - Processing /home/marcos/anaconda3/envs/XPe-IGTI/lib/python3.8/site-packages/airflow/example_dags/example_params_trigger_ui.py took 0.248 seconds
[2023-11-28T19:24:03.559-0300] {processor.py:157} INFO - Started process (PID=148971) to work on /home/marcos/anaconda3/envs/XPe-IGTI/lib/python3.8/site-packages/airflow/example_dags/example_params_trigger_ui.py
[2023-11-28T19:24:03.564-0300] {processor.py:829} INFO - Processing file /home/marcos/anaconda3/envs/XPe-IGTI/lib/python3.8/site-packages/airflow/example_dags/example_params_trigger_ui.py for tasks to queue
[2023-11-28T19:24:03.568-0300] {logging_mixin.py:154} INFO - [2023-11-28T19:24:03.567-0300] {dagbag.py:536} INFO - Filling up the DagBag from /home/marcos/anaconda3/envs/XPe-IGTI/lib/python3.8/site-packages/airflow/example_dags/example_params_trigger_ui.py
[2023-11-28T19:24:03.593-0300] {processor.py:839} INFO - DAG(s) dict_keys(['example_params_trigger_ui']) retrieved from /home/marcos/anaconda3/envs/XPe-IGTI/lib/python3.8/site-packages/airflow/example_dags/example_params_trigger_ui.py
[2023-11-28T19:24:03.669-0300] {logging_mixin.py:154} INFO - [2023-11-28T19:24:03.669-0300] {dag.py:2941} INFO - Sync 1 DAGs
[2023-11-28T19:24:03.687-0300] {logging_mixin.py:154} INFO - [2023-11-28T19:24:03.687-0300] {dag.py:3722} INFO - Setting next_dagrun for example_params_trigger_ui to None, run_after=None
[2023-11-28T19:24:03.724-0300] {processor.py:179} INFO - Processing /home/marcos/anaconda3/envs/XPe-IGTI/lib/python3.8/site-packages/airflow/example_dags/example_params_trigger_ui.py took 0.169 seconds
[2023-11-28T19:25:13.827-0300] {processor.py:157} INFO - Started process (PID=149042) to work on /home/marcos/anaconda3/envs/XPe-IGTI/lib/python3.8/site-packages/airflow/example_dags/example_params_trigger_ui.py
[2023-11-28T19:25:13.832-0300] {processor.py:829} INFO - Processing file /home/marcos/anaconda3/envs/XPe-IGTI/lib/python3.8/site-packages/airflow/example_dags/example_params_trigger_ui.py for tasks to queue
[2023-11-28T19:25:13.840-0300] {logging_mixin.py:154} INFO - [2023-11-28T19:25:13.839-0300] {dagbag.py:536} INFO - Filling up the DagBag from /home/marcos/anaconda3/envs/XPe-IGTI/lib/python3.8/site-packages/airflow/example_dags/example_params_trigger_ui.py
[2023-11-28T19:25:13.871-0300] {processor.py:839} INFO - DAG(s) dict_keys(['example_params_trigger_ui']) retrieved from /home/marcos/anaconda3/envs/XPe-IGTI/lib/python3.8/site-packages/airflow/example_dags/example_params_trigger_ui.py
[2023-11-28T19:25:13.946-0300] {logging_mixin.py:154} INFO - [2023-11-28T19:25:13.946-0300] {dag.py:2941} INFO - Sync 1 DAGs
[2023-11-28T19:25:13.967-0300] {logging_mixin.py:154} INFO - [2023-11-28T19:25:13.966-0300] {dag.py:3722} INFO - Setting next_dagrun for example_params_trigger_ui to None, run_after=None
[2023-11-28T19:25:14.000-0300] {processor.py:179} INFO - Processing /home/marcos/anaconda3/envs/XPe-IGTI/lib/python3.8/site-packages/airflow/example_dags/example_params_trigger_ui.py took 0.178 seconds
[2023-11-28T19:26:02.626-0300] {processor.py:157} INFO - Started process (PID=149095) to work on /home/marcos/anaconda3/envs/XPe-IGTI/lib/python3.8/site-packages/airflow/example_dags/example_params_trigger_ui.py
[2023-11-28T19:26:02.628-0300] {processor.py:829} INFO - Processing file /home/marcos/anaconda3/envs/XPe-IGTI/lib/python3.8/site-packages/airflow/example_dags/example_params_trigger_ui.py for tasks to queue
[2023-11-28T19:26:02.631-0300] {logging_mixin.py:154} INFO - [2023-11-28T19:26:02.631-0300] {dagbag.py:536} INFO - Filling up the DagBag from /home/marcos/anaconda3/envs/XPe-IGTI/lib/python3.8/site-packages/airflow/example_dags/example_params_trigger_ui.py
[2023-11-28T19:26:02.658-0300] {processor.py:839} INFO - DAG(s) dict_keys(['example_params_trigger_ui']) retrieved from /home/marcos/anaconda3/envs/XPe-IGTI/lib/python3.8/site-packages/airflow/example_dags/example_params_trigger_ui.py
[2023-11-28T19:26:02.735-0300] {logging_mixin.py:154} INFO - [2023-11-28T19:26:02.734-0300] {dag.py:2941} INFO - Sync 1 DAGs
[2023-11-28T19:26:02.753-0300] {logging_mixin.py:154} INFO - [2023-11-28T19:26:02.753-0300] {dag.py:3722} INFO - Setting next_dagrun for example_params_trigger_ui to None, run_after=None
[2023-11-28T19:26:02.789-0300] {processor.py:179} INFO - Processing /home/marcos/anaconda3/envs/XPe-IGTI/lib/python3.8/site-packages/airflow/example_dags/example_params_trigger_ui.py took 0.168 seconds
[2023-11-28T19:26:50.632-0300] {processor.py:157} INFO - Started process (PID=149160) to work on /home/marcos/anaconda3/envs/XPe-IGTI/lib/python3.8/site-packages/airflow/example_dags/example_params_trigger_ui.py
[2023-11-28T19:26:50.636-0300] {processor.py:829} INFO - Processing file /home/marcos/anaconda3/envs/XPe-IGTI/lib/python3.8/site-packages/airflow/example_dags/example_params_trigger_ui.py for tasks to queue
[2023-11-28T19:26:50.640-0300] {logging_mixin.py:154} INFO - [2023-11-28T19:26:50.639-0300] {dagbag.py:536} INFO - Filling up the DagBag from /home/marcos/anaconda3/envs/XPe-IGTI/lib/python3.8/site-packages/airflow/example_dags/example_params_trigger_ui.py
[2023-11-28T19:26:50.666-0300] {processor.py:839} INFO - DAG(s) dict_keys(['example_params_trigger_ui']) retrieved from /home/marcos/anaconda3/envs/XPe-IGTI/lib/python3.8/site-packages/airflow/example_dags/example_params_trigger_ui.py
[2023-11-28T19:26:50.749-0300] {logging_mixin.py:154} INFO - [2023-11-28T19:26:50.748-0300] {dag.py:2941} INFO - Sync 1 DAGs
[2023-11-28T19:26:50.767-0300] {logging_mixin.py:154} INFO - [2023-11-28T19:26:50.766-0300] {dag.py:3722} INFO - Setting next_dagrun for example_params_trigger_ui to None, run_after=None
[2023-11-28T19:26:50.801-0300] {processor.py:179} INFO - Processing /home/marcos/anaconda3/envs/XPe-IGTI/lib/python3.8/site-packages/airflow/example_dags/example_params_trigger_ui.py took 0.175 seconds
[2023-11-28T19:27:52.387-0300] {processor.py:157} INFO - Started process (PID=149269) to work on /home/marcos/anaconda3/envs/XPe-IGTI/lib/python3.8/site-packages/airflow/example_dags/example_params_trigger_ui.py
[2023-11-28T19:27:52.392-0300] {processor.py:829} INFO - Processing file /home/marcos/anaconda3/envs/XPe-IGTI/lib/python3.8/site-packages/airflow/example_dags/example_params_trigger_ui.py for tasks to queue
[2023-11-28T19:27:52.400-0300] {logging_mixin.py:154} INFO - [2023-11-28T19:27:52.399-0300] {dagbag.py:536} INFO - Filling up the DagBag from /home/marcos/anaconda3/envs/XPe-IGTI/lib/python3.8/site-packages/airflow/example_dags/example_params_trigger_ui.py
[2023-11-28T19:27:52.433-0300] {processor.py:839} INFO - DAG(s) dict_keys(['example_params_trigger_ui']) retrieved from /home/marcos/anaconda3/envs/XPe-IGTI/lib/python3.8/site-packages/airflow/example_dags/example_params_trigger_ui.py
[2023-11-28T19:27:52.481-0300] {logging_mixin.py:154} INFO - [2023-11-28T19:27:52.480-0300] {dag.py:2941} INFO - Sync 1 DAGs
[2023-11-28T19:27:52.491-0300] {logging_mixin.py:154} INFO - [2023-11-28T19:27:52.490-0300] {dag.py:3722} INFO - Setting next_dagrun for example_params_trigger_ui to None, run_after=None
[2023-11-28T19:27:52.514-0300] {processor.py:179} INFO - Processing /home/marcos/anaconda3/envs/XPe-IGTI/lib/python3.8/site-packages/airflow/example_dags/example_params_trigger_ui.py took 0.130 seconds
[2023-11-28T19:28:47.814-0300] {processor.py:157} INFO - Started process (PID=149337) to work on /home/marcos/anaconda3/envs/XPe-IGTI/lib/python3.8/site-packages/airflow/example_dags/example_params_trigger_ui.py
[2023-11-28T19:28:47.819-0300] {processor.py:829} INFO - Processing file /home/marcos/anaconda3/envs/XPe-IGTI/lib/python3.8/site-packages/airflow/example_dags/example_params_trigger_ui.py for tasks to queue
[2023-11-28T19:28:47.823-0300] {logging_mixin.py:154} INFO - [2023-11-28T19:28:47.822-0300] {dagbag.py:536} INFO - Filling up the DagBag from /home/marcos/anaconda3/envs/XPe-IGTI/lib/python3.8/site-packages/airflow/example_dags/example_params_trigger_ui.py
[2023-11-28T19:28:47.860-0300] {processor.py:839} INFO - DAG(s) dict_keys(['example_params_trigger_ui']) retrieved from /home/marcos/anaconda3/envs/XPe-IGTI/lib/python3.8/site-packages/airflow/example_dags/example_params_trigger_ui.py
[2023-11-28T19:28:47.979-0300] {logging_mixin.py:154} INFO - [2023-11-28T19:28:47.978-0300] {dag.py:2941} INFO - Sync 1 DAGs
[2023-11-28T19:28:48.004-0300] {logging_mixin.py:154} INFO - [2023-11-28T19:28:48.004-0300] {dag.py:3722} INFO - Setting next_dagrun for example_params_trigger_ui to None, run_after=None
[2023-11-28T19:28:48.046-0300] {processor.py:179} INFO - Processing /home/marcos/anaconda3/envs/XPe-IGTI/lib/python3.8/site-packages/airflow/example_dags/example_params_trigger_ui.py took 0.238 seconds
