[2023-11-27T21:00:23.987-0300] {processor.py:157} INFO - Started process (PID=51730) to work on /home/marcos/anaconda3/envs/XPe-IGTI/lib/python3.8/site-packages/airflow/example_dags/example_branch_day_of_week_operator.py
[2023-11-27T21:00:23.988-0300] {processor.py:829} INFO - Processing file /home/marcos/anaconda3/envs/XPe-IGTI/lib/python3.8/site-packages/airflow/example_dags/example_branch_day_of_week_operator.py for tasks to queue
[2023-11-27T21:00:23.990-0300] {logging_mixin.py:154} INFO - [2023-11-27T21:00:23.989-0300] {dagbag.py:536} INFO - Filling up the DagBag from /home/marcos/anaconda3/envs/XPe-IGTI/lib/python3.8/site-packages/airflow/example_dags/example_branch_day_of_week_operator.py
[2023-11-27T21:00:24.002-0300] {processor.py:839} INFO - DAG(s) dict_keys(['example_weekday_branch_operator']) retrieved from /home/marcos/anaconda3/envs/XPe-IGTI/lib/python3.8/site-packages/airflow/example_dags/example_branch_day_of_week_operator.py
[2023-11-27T21:00:24.038-0300] {logging_mixin.py:154} INFO - [2023-11-27T21:00:24.038-0300] {dag.py:2941} INFO - Sync 1 DAGs
[2023-11-27T21:00:24.083-0300] {logging_mixin.py:154} INFO - [2023-11-27T21:00:24.083-0300] {dag.py:3722} INFO - Setting next_dagrun for example_weekday_branch_operator to 2023-11-27T00:00:00+00:00, run_after=2023-11-28T00:00:00+00:00
[2023-11-27T21:00:24.134-0300] {processor.py:179} INFO - Processing /home/marcos/anaconda3/envs/XPe-IGTI/lib/python3.8/site-packages/airflow/example_dags/example_branch_day_of_week_operator.py took 0.153 seconds
[2023-11-27T21:01:25.449-0300] {processor.py:157} INFO - Started process (PID=51807) to work on /home/marcos/anaconda3/envs/XPe-IGTI/lib/python3.8/site-packages/airflow/example_dags/example_branch_day_of_week_operator.py
[2023-11-27T21:01:25.454-0300] {processor.py:829} INFO - Processing file /home/marcos/anaconda3/envs/XPe-IGTI/lib/python3.8/site-packages/airflow/example_dags/example_branch_day_of_week_operator.py for tasks to queue
[2023-11-27T21:01:25.455-0300] {logging_mixin.py:154} INFO - [2023-11-27T21:01:25.454-0300] {dagbag.py:536} INFO - Filling up the DagBag from /home/marcos/anaconda3/envs/XPe-IGTI/lib/python3.8/site-packages/airflow/example_dags/example_branch_day_of_week_operator.py
[2023-11-27T21:01:25.467-0300] {processor.py:839} INFO - DAG(s) dict_keys(['example_weekday_branch_operator']) retrieved from /home/marcos/anaconda3/envs/XPe-IGTI/lib/python3.8/site-packages/airflow/example_dags/example_branch_day_of_week_operator.py
[2023-11-27T21:01:25.495-0300] {logging_mixin.py:154} INFO - [2023-11-27T21:01:25.495-0300] {dag.py:2941} INFO - Sync 1 DAGs
[2023-11-27T21:01:25.531-0300] {logging_mixin.py:154} INFO - [2023-11-27T21:01:25.531-0300] {dag.py:3722} INFO - Setting next_dagrun for example_weekday_branch_operator to 2023-11-27T00:00:00+00:00, run_after=2023-11-28T00:00:00+00:00
[2023-11-27T21:01:25.563-0300] {processor.py:179} INFO - Processing /home/marcos/anaconda3/envs/XPe-IGTI/lib/python3.8/site-packages/airflow/example_dags/example_branch_day_of_week_operator.py took 0.118 seconds
[2023-11-27T21:02:26.783-0300] {processor.py:157} INFO - Started process (PID=51908) to work on /home/marcos/anaconda3/envs/XPe-IGTI/lib/python3.8/site-packages/airflow/example_dags/example_branch_day_of_week_operator.py
[2023-11-27T21:02:26.788-0300] {processor.py:829} INFO - Processing file /home/marcos/anaconda3/envs/XPe-IGTI/lib/python3.8/site-packages/airflow/example_dags/example_branch_day_of_week_operator.py for tasks to queue
[2023-11-27T21:02:26.789-0300] {logging_mixin.py:154} INFO - [2023-11-27T21:02:26.788-0300] {dagbag.py:536} INFO - Filling up the DagBag from /home/marcos/anaconda3/envs/XPe-IGTI/lib/python3.8/site-packages/airflow/example_dags/example_branch_day_of_week_operator.py
[2023-11-27T21:02:26.805-0300] {processor.py:839} INFO - DAG(s) dict_keys(['example_weekday_branch_operator']) retrieved from /home/marcos/anaconda3/envs/XPe-IGTI/lib/python3.8/site-packages/airflow/example_dags/example_branch_day_of_week_operator.py
[2023-11-27T21:02:26.834-0300] {logging_mixin.py:154} INFO - [2023-11-27T21:02:26.833-0300] {dag.py:2941} INFO - Sync 1 DAGs
[2023-11-27T21:02:26.871-0300] {logging_mixin.py:154} INFO - [2023-11-27T21:02:26.871-0300] {dag.py:3722} INFO - Setting next_dagrun for example_weekday_branch_operator to 2023-11-27T00:00:00+00:00, run_after=2023-11-28T00:00:00+00:00
[2023-11-27T21:02:26.903-0300] {processor.py:179} INFO - Processing /home/marcos/anaconda3/envs/XPe-IGTI/lib/python3.8/site-packages/airflow/example_dags/example_branch_day_of_week_operator.py took 0.126 seconds
[2023-11-27T21:03:25.957-0300] {processor.py:157} INFO - Started process (PID=51984) to work on /home/marcos/anaconda3/envs/XPe-IGTI/lib/python3.8/site-packages/airflow/example_dags/example_branch_day_of_week_operator.py
[2023-11-27T21:03:25.962-0300] {processor.py:829} INFO - Processing file /home/marcos/anaconda3/envs/XPe-IGTI/lib/python3.8/site-packages/airflow/example_dags/example_branch_day_of_week_operator.py for tasks to queue
[2023-11-27T21:03:25.963-0300] {logging_mixin.py:154} INFO - [2023-11-27T21:03:25.962-0300] {dagbag.py:536} INFO - Filling up the DagBag from /home/marcos/anaconda3/envs/XPe-IGTI/lib/python3.8/site-packages/airflow/example_dags/example_branch_day_of_week_operator.py
[2023-11-27T21:03:25.978-0300] {processor.py:839} INFO - DAG(s) dict_keys(['example_weekday_branch_operator']) retrieved from /home/marcos/anaconda3/envs/XPe-IGTI/lib/python3.8/site-packages/airflow/example_dags/example_branch_day_of_week_operator.py
[2023-11-27T21:03:26.004-0300] {logging_mixin.py:154} INFO - [2023-11-27T21:03:26.004-0300] {dag.py:2941} INFO - Sync 1 DAGs
[2023-11-27T21:03:26.044-0300] {logging_mixin.py:154} INFO - [2023-11-27T21:03:26.044-0300] {dag.py:3722} INFO - Setting next_dagrun for example_weekday_branch_operator to 2023-11-27T00:00:00+00:00, run_after=2023-11-28T00:00:00+00:00
[2023-11-27T21:03:26.075-0300] {processor.py:179} INFO - Processing /home/marcos/anaconda3/envs/XPe-IGTI/lib/python3.8/site-packages/airflow/example_dags/example_branch_day_of_week_operator.py took 0.124 seconds
[2023-11-27T21:04:34.585-0300] {processor.py:157} INFO - Started process (PID=52068) to work on /home/marcos/anaconda3/envs/XPe-IGTI/lib/python3.8/site-packages/airflow/example_dags/example_branch_day_of_week_operator.py
[2023-11-27T21:04:34.589-0300] {processor.py:829} INFO - Processing file /home/marcos/anaconda3/envs/XPe-IGTI/lib/python3.8/site-packages/airflow/example_dags/example_branch_day_of_week_operator.py for tasks to queue
[2023-11-27T21:04:34.591-0300] {logging_mixin.py:154} INFO - [2023-11-27T21:04:34.590-0300] {dagbag.py:536} INFO - Filling up the DagBag from /home/marcos/anaconda3/envs/XPe-IGTI/lib/python3.8/site-packages/airflow/example_dags/example_branch_day_of_week_operator.py
[2023-11-27T21:04:34.607-0300] {processor.py:839} INFO - DAG(s) dict_keys(['example_weekday_branch_operator']) retrieved from /home/marcos/anaconda3/envs/XPe-IGTI/lib/python3.8/site-packages/airflow/example_dags/example_branch_day_of_week_operator.py
[2023-11-27T21:04:34.641-0300] {logging_mixin.py:154} INFO - [2023-11-27T21:04:34.641-0300] {dag.py:2941} INFO - Sync 1 DAGs
[2023-11-27T21:04:34.683-0300] {logging_mixin.py:154} INFO - [2023-11-27T21:04:34.683-0300] {dag.py:3722} INFO - Setting next_dagrun for example_weekday_branch_operator to 2023-11-27T00:00:00+00:00, run_after=2023-11-28T00:00:00+00:00
[2023-11-27T21:04:34.718-0300] {processor.py:179} INFO - Processing /home/marcos/anaconda3/envs/XPe-IGTI/lib/python3.8/site-packages/airflow/example_dags/example_branch_day_of_week_operator.py took 0.141 seconds
[2023-11-27T21:05:37.632-0300] {processor.py:157} INFO - Started process (PID=52164) to work on /home/marcos/anaconda3/envs/XPe-IGTI/lib/python3.8/site-packages/airflow/example_dags/example_branch_day_of_week_operator.py
[2023-11-27T21:05:37.636-0300] {processor.py:829} INFO - Processing file /home/marcos/anaconda3/envs/XPe-IGTI/lib/python3.8/site-packages/airflow/example_dags/example_branch_day_of_week_operator.py for tasks to queue
[2023-11-27T21:05:37.637-0300] {logging_mixin.py:154} INFO - [2023-11-27T21:05:37.637-0300] {dagbag.py:536} INFO - Filling up the DagBag from /home/marcos/anaconda3/envs/XPe-IGTI/lib/python3.8/site-packages/airflow/example_dags/example_branch_day_of_week_operator.py
[2023-11-27T21:05:37.649-0300] {processor.py:839} INFO - DAG(s) dict_keys(['example_weekday_branch_operator']) retrieved from /home/marcos/anaconda3/envs/XPe-IGTI/lib/python3.8/site-packages/airflow/example_dags/example_branch_day_of_week_operator.py
[2023-11-27T21:05:37.674-0300] {logging_mixin.py:154} INFO - [2023-11-27T21:05:37.674-0300] {dag.py:2941} INFO - Sync 1 DAGs
[2023-11-27T21:05:37.707-0300] {logging_mixin.py:154} INFO - [2023-11-27T21:05:37.706-0300] {dag.py:3722} INFO - Setting next_dagrun for example_weekday_branch_operator to 2023-11-27T00:00:00+00:00, run_after=2023-11-28T00:00:00+00:00
[2023-11-27T21:05:37.742-0300] {processor.py:179} INFO - Processing /home/marcos/anaconda3/envs/XPe-IGTI/lib/python3.8/site-packages/airflow/example_dags/example_branch_day_of_week_operator.py took 0.115 seconds
[2023-11-27T21:06:38.792-0300] {processor.py:157} INFO - Started process (PID=52251) to work on /home/marcos/anaconda3/envs/XPe-IGTI/lib/python3.8/site-packages/airflow/example_dags/example_branch_day_of_week_operator.py
[2023-11-27T21:06:38.796-0300] {processor.py:829} INFO - Processing file /home/marcos/anaconda3/envs/XPe-IGTI/lib/python3.8/site-packages/airflow/example_dags/example_branch_day_of_week_operator.py for tasks to queue
[2023-11-27T21:06:38.797-0300] {logging_mixin.py:154} INFO - [2023-11-27T21:06:38.796-0300] {dagbag.py:536} INFO - Filling up the DagBag from /home/marcos/anaconda3/envs/XPe-IGTI/lib/python3.8/site-packages/airflow/example_dags/example_branch_day_of_week_operator.py
[2023-11-27T21:06:38.807-0300] {processor.py:839} INFO - DAG(s) dict_keys(['example_weekday_branch_operator']) retrieved from /home/marcos/anaconda3/envs/XPe-IGTI/lib/python3.8/site-packages/airflow/example_dags/example_branch_day_of_week_operator.py
[2023-11-27T21:06:38.832-0300] {logging_mixin.py:154} INFO - [2023-11-27T21:06:38.832-0300] {dag.py:2941} INFO - Sync 1 DAGs
[2023-11-27T21:06:38.865-0300] {logging_mixin.py:154} INFO - [2023-11-27T21:06:38.865-0300] {dag.py:3722} INFO - Setting next_dagrun for example_weekday_branch_operator to 2023-11-27T00:00:00+00:00, run_after=2023-11-28T00:00:00+00:00
[2023-11-27T21:06:38.893-0300] {processor.py:179} INFO - Processing /home/marcos/anaconda3/envs/XPe-IGTI/lib/python3.8/site-packages/airflow/example_dags/example_branch_day_of_week_operator.py took 0.105 seconds
[2023-11-27T21:07:38.357-0300] {processor.py:157} INFO - Started process (PID=52352) to work on /home/marcos/anaconda3/envs/XPe-IGTI/lib/python3.8/site-packages/airflow/example_dags/example_branch_day_of_week_operator.py
[2023-11-27T21:07:38.362-0300] {processor.py:829} INFO - Processing file /home/marcos/anaconda3/envs/XPe-IGTI/lib/python3.8/site-packages/airflow/example_dags/example_branch_day_of_week_operator.py for tasks to queue
[2023-11-27T21:07:38.363-0300] {logging_mixin.py:154} INFO - [2023-11-27T21:07:38.362-0300] {dagbag.py:536} INFO - Filling up the DagBag from /home/marcos/anaconda3/envs/XPe-IGTI/lib/python3.8/site-packages/airflow/example_dags/example_branch_day_of_week_operator.py
[2023-11-27T21:07:38.373-0300] {processor.py:839} INFO - DAG(s) dict_keys(['example_weekday_branch_operator']) retrieved from /home/marcos/anaconda3/envs/XPe-IGTI/lib/python3.8/site-packages/airflow/example_dags/example_branch_day_of_week_operator.py
[2023-11-27T21:07:38.398-0300] {logging_mixin.py:154} INFO - [2023-11-27T21:07:38.398-0300] {dag.py:2941} INFO - Sync 1 DAGs
[2023-11-27T21:07:38.447-0300] {logging_mixin.py:154} INFO - [2023-11-27T21:07:38.447-0300] {dag.py:3722} INFO - Setting next_dagrun for example_weekday_branch_operator to 2023-11-27T00:00:00+00:00, run_after=2023-11-28T00:00:00+00:00
[2023-11-27T21:07:38.478-0300] {processor.py:179} INFO - Processing /home/marcos/anaconda3/envs/XPe-IGTI/lib/python3.8/site-packages/airflow/example_dags/example_branch_day_of_week_operator.py took 0.125 seconds
[2023-11-27T21:08:40.529-0300] {processor.py:157} INFO - Started process (PID=52423) to work on /home/marcos/anaconda3/envs/XPe-IGTI/lib/python3.8/site-packages/airflow/example_dags/example_branch_day_of_week_operator.py
[2023-11-27T21:08:40.533-0300] {processor.py:829} INFO - Processing file /home/marcos/anaconda3/envs/XPe-IGTI/lib/python3.8/site-packages/airflow/example_dags/example_branch_day_of_week_operator.py for tasks to queue
[2023-11-27T21:08:40.535-0300] {logging_mixin.py:154} INFO - [2023-11-27T21:08:40.534-0300] {dagbag.py:536} INFO - Filling up the DagBag from /home/marcos/anaconda3/envs/XPe-IGTI/lib/python3.8/site-packages/airflow/example_dags/example_branch_day_of_week_operator.py
[2023-11-27T21:08:40.546-0300] {processor.py:839} INFO - DAG(s) dict_keys(['example_weekday_branch_operator']) retrieved from /home/marcos/anaconda3/envs/XPe-IGTI/lib/python3.8/site-packages/airflow/example_dags/example_branch_day_of_week_operator.py
[2023-11-27T21:08:40.571-0300] {logging_mixin.py:154} INFO - [2023-11-27T21:08:40.571-0300] {dag.py:2941} INFO - Sync 1 DAGs
[2023-11-27T21:08:40.602-0300] {logging_mixin.py:154} INFO - [2023-11-27T21:08:40.602-0300] {dag.py:3722} INFO - Setting next_dagrun for example_weekday_branch_operator to 2023-11-27T00:00:00+00:00, run_after=2023-11-28T00:00:00+00:00
[2023-11-27T21:08:40.630-0300] {processor.py:179} INFO - Processing /home/marcos/anaconda3/envs/XPe-IGTI/lib/python3.8/site-packages/airflow/example_dags/example_branch_day_of_week_operator.py took 0.106 seconds
[2023-11-27T21:09:47.009-0300] {processor.py:157} INFO - Started process (PID=52502) to work on /home/marcos/anaconda3/envs/XPe-IGTI/lib/python3.8/site-packages/airflow/example_dags/example_branch_day_of_week_operator.py
[2023-11-27T21:09:47.013-0300] {processor.py:829} INFO - Processing file /home/marcos/anaconda3/envs/XPe-IGTI/lib/python3.8/site-packages/airflow/example_dags/example_branch_day_of_week_operator.py for tasks to queue
[2023-11-27T21:09:47.015-0300] {logging_mixin.py:154} INFO - [2023-11-27T21:09:47.015-0300] {dagbag.py:536} INFO - Filling up the DagBag from /home/marcos/anaconda3/envs/XPe-IGTI/lib/python3.8/site-packages/airflow/example_dags/example_branch_day_of_week_operator.py
[2023-11-27T21:09:47.031-0300] {processor.py:839} INFO - DAG(s) dict_keys(['example_weekday_branch_operator']) retrieved from /home/marcos/anaconda3/envs/XPe-IGTI/lib/python3.8/site-packages/airflow/example_dags/example_branch_day_of_week_operator.py
[2023-11-27T21:09:47.056-0300] {logging_mixin.py:154} INFO - [2023-11-27T21:09:47.056-0300] {dag.py:2941} INFO - Sync 1 DAGs
[2023-11-27T21:09:47.088-0300] {logging_mixin.py:154} INFO - [2023-11-27T21:09:47.087-0300] {dag.py:3722} INFO - Setting next_dagrun for example_weekday_branch_operator to 2023-11-27T00:00:00+00:00, run_after=2023-11-28T00:00:00+00:00
[2023-11-27T21:09:47.114-0300] {processor.py:179} INFO - Processing /home/marcos/anaconda3/envs/XPe-IGTI/lib/python3.8/site-packages/airflow/example_dags/example_branch_day_of_week_operator.py took 0.112 seconds
[2023-11-27T21:10:51.266-0300] {processor.py:157} INFO - Started process (PID=52575) to work on /home/marcos/anaconda3/envs/XPe-IGTI/lib/python3.8/site-packages/airflow/example_dags/example_branch_day_of_week_operator.py
[2023-11-27T21:10:51.271-0300] {processor.py:829} INFO - Processing file /home/marcos/anaconda3/envs/XPe-IGTI/lib/python3.8/site-packages/airflow/example_dags/example_branch_day_of_week_operator.py for tasks to queue
[2023-11-27T21:10:51.274-0300] {logging_mixin.py:154} INFO - [2023-11-27T21:10:51.273-0300] {dagbag.py:536} INFO - Filling up the DagBag from /home/marcos/anaconda3/envs/XPe-IGTI/lib/python3.8/site-packages/airflow/example_dags/example_branch_day_of_week_operator.py
[2023-11-27T21:10:51.294-0300] {processor.py:839} INFO - DAG(s) dict_keys(['example_weekday_branch_operator']) retrieved from /home/marcos/anaconda3/envs/XPe-IGTI/lib/python3.8/site-packages/airflow/example_dags/example_branch_day_of_week_operator.py
[2023-11-27T21:10:51.319-0300] {logging_mixin.py:154} INFO - [2023-11-27T21:10:51.318-0300] {dag.py:2941} INFO - Sync 1 DAGs
[2023-11-27T21:10:51.351-0300] {logging_mixin.py:154} INFO - [2023-11-27T21:10:51.351-0300] {dag.py:3722} INFO - Setting next_dagrun for example_weekday_branch_operator to 2023-11-27T00:00:00+00:00, run_after=2023-11-28T00:00:00+00:00
[2023-11-27T21:10:51.378-0300] {processor.py:179} INFO - Processing /home/marcos/anaconda3/envs/XPe-IGTI/lib/python3.8/site-packages/airflow/example_dags/example_branch_day_of_week_operator.py took 0.118 seconds
[2023-11-27T21:12:00.072-0300] {processor.py:157} INFO - Started process (PID=52684) to work on /home/marcos/anaconda3/envs/XPe-IGTI/lib/python3.8/site-packages/airflow/example_dags/example_branch_day_of_week_operator.py
[2023-11-27T21:12:00.076-0300] {processor.py:829} INFO - Processing file /home/marcos/anaconda3/envs/XPe-IGTI/lib/python3.8/site-packages/airflow/example_dags/example_branch_day_of_week_operator.py for tasks to queue
[2023-11-27T21:12:00.077-0300] {logging_mixin.py:154} INFO - [2023-11-27T21:12:00.077-0300] {dagbag.py:536} INFO - Filling up the DagBag from /home/marcos/anaconda3/envs/XPe-IGTI/lib/python3.8/site-packages/airflow/example_dags/example_branch_day_of_week_operator.py
[2023-11-27T21:12:00.089-0300] {processor.py:839} INFO - DAG(s) dict_keys(['example_weekday_branch_operator']) retrieved from /home/marcos/anaconda3/envs/XPe-IGTI/lib/python3.8/site-packages/airflow/example_dags/example_branch_day_of_week_operator.py
[2023-11-27T21:12:00.115-0300] {logging_mixin.py:154} INFO - [2023-11-27T21:12:00.115-0300] {dag.py:2941} INFO - Sync 1 DAGs
[2023-11-27T21:12:00.150-0300] {logging_mixin.py:154} INFO - [2023-11-27T21:12:00.150-0300] {dag.py:3722} INFO - Setting next_dagrun for example_weekday_branch_operator to 2023-11-27T00:00:00+00:00, run_after=2023-11-28T00:00:00+00:00
[2023-11-27T21:12:00.181-0300] {processor.py:179} INFO - Processing /home/marcos/anaconda3/envs/XPe-IGTI/lib/python3.8/site-packages/airflow/example_dags/example_branch_day_of_week_operator.py took 0.114 seconds
[2023-11-27T21:13:04.008-0300] {processor.py:157} INFO - Started process (PID=52756) to work on /home/marcos/anaconda3/envs/XPe-IGTI/lib/python3.8/site-packages/airflow/example_dags/example_branch_day_of_week_operator.py
[2023-11-27T21:13:04.013-0300] {processor.py:829} INFO - Processing file /home/marcos/anaconda3/envs/XPe-IGTI/lib/python3.8/site-packages/airflow/example_dags/example_branch_day_of_week_operator.py for tasks to queue
[2023-11-27T21:13:04.014-0300] {logging_mixin.py:154} INFO - [2023-11-27T21:13:04.013-0300] {dagbag.py:536} INFO - Filling up the DagBag from /home/marcos/anaconda3/envs/XPe-IGTI/lib/python3.8/site-packages/airflow/example_dags/example_branch_day_of_week_operator.py
[2023-11-27T21:13:04.028-0300] {processor.py:839} INFO - DAG(s) dict_keys(['example_weekday_branch_operator']) retrieved from /home/marcos/anaconda3/envs/XPe-IGTI/lib/python3.8/site-packages/airflow/example_dags/example_branch_day_of_week_operator.py
[2023-11-27T21:13:04.059-0300] {logging_mixin.py:154} INFO - [2023-11-27T21:13:04.059-0300] {dag.py:2941} INFO - Sync 1 DAGs
[2023-11-27T21:13:04.099-0300] {logging_mixin.py:154} INFO - [2023-11-27T21:13:04.099-0300] {dag.py:3722} INFO - Setting next_dagrun for example_weekday_branch_operator to 2023-11-27T00:00:00+00:00, run_after=2023-11-28T00:00:00+00:00
[2023-11-27T21:13:04.126-0300] {processor.py:179} INFO - Processing /home/marcos/anaconda3/envs/XPe-IGTI/lib/python3.8/site-packages/airflow/example_dags/example_branch_day_of_week_operator.py took 0.122 seconds
[2023-11-27T21:14:01.679-0300] {processor.py:157} INFO - Started process (PID=52865) to work on /home/marcos/anaconda3/envs/XPe-IGTI/lib/python3.8/site-packages/airflow/example_dags/example_branch_day_of_week_operator.py
[2023-11-27T21:14:01.684-0300] {processor.py:829} INFO - Processing file /home/marcos/anaconda3/envs/XPe-IGTI/lib/python3.8/site-packages/airflow/example_dags/example_branch_day_of_week_operator.py for tasks to queue
[2023-11-27T21:14:01.685-0300] {logging_mixin.py:154} INFO - [2023-11-27T21:14:01.684-0300] {dagbag.py:536} INFO - Filling up the DagBag from /home/marcos/anaconda3/envs/XPe-IGTI/lib/python3.8/site-packages/airflow/example_dags/example_branch_day_of_week_operator.py
[2023-11-27T21:14:01.699-0300] {processor.py:839} INFO - DAG(s) dict_keys(['example_weekday_branch_operator']) retrieved from /home/marcos/anaconda3/envs/XPe-IGTI/lib/python3.8/site-packages/airflow/example_dags/example_branch_day_of_week_operator.py
[2023-11-27T21:14:01.730-0300] {logging_mixin.py:154} INFO - [2023-11-27T21:14:01.730-0300] {dag.py:2941} INFO - Sync 1 DAGs
[2023-11-27T21:14:01.768-0300] {logging_mixin.py:154} INFO - [2023-11-27T21:14:01.767-0300] {dag.py:3722} INFO - Setting next_dagrun for example_weekday_branch_operator to 2023-11-27T00:00:00+00:00, run_after=2023-11-28T00:00:00+00:00
[2023-11-27T21:14:01.810-0300] {processor.py:179} INFO - Processing /home/marcos/anaconda3/envs/XPe-IGTI/lib/python3.8/site-packages/airflow/example_dags/example_branch_day_of_week_operator.py took 0.135 seconds
[2023-11-27T21:15:09.933-0300] {processor.py:157} INFO - Started process (PID=52960) to work on /home/marcos/anaconda3/envs/XPe-IGTI/lib/python3.8/site-packages/airflow/example_dags/example_branch_day_of_week_operator.py
[2023-11-27T21:15:09.937-0300] {processor.py:829} INFO - Processing file /home/marcos/anaconda3/envs/XPe-IGTI/lib/python3.8/site-packages/airflow/example_dags/example_branch_day_of_week_operator.py for tasks to queue
[2023-11-27T21:15:09.939-0300] {logging_mixin.py:154} INFO - [2023-11-27T21:15:09.938-0300] {dagbag.py:536} INFO - Filling up the DagBag from /home/marcos/anaconda3/envs/XPe-IGTI/lib/python3.8/site-packages/airflow/example_dags/example_branch_day_of_week_operator.py
[2023-11-27T21:15:09.953-0300] {processor.py:839} INFO - DAG(s) dict_keys(['example_weekday_branch_operator']) retrieved from /home/marcos/anaconda3/envs/XPe-IGTI/lib/python3.8/site-packages/airflow/example_dags/example_branch_day_of_week_operator.py
[2023-11-27T21:15:09.984-0300] {logging_mixin.py:154} INFO - [2023-11-27T21:15:09.984-0300] {dag.py:2941} INFO - Sync 1 DAGs
[2023-11-27T21:15:10.021-0300] {logging_mixin.py:154} INFO - [2023-11-27T21:15:10.021-0300] {dag.py:3722} INFO - Setting next_dagrun for example_weekday_branch_operator to 2023-11-27T00:00:00+00:00, run_after=2023-11-28T00:00:00+00:00
[2023-11-27T21:15:10.063-0300] {processor.py:179} INFO - Processing /home/marcos/anaconda3/envs/XPe-IGTI/lib/python3.8/site-packages/airflow/example_dags/example_branch_day_of_week_operator.py took 0.137 seconds
[2023-11-27T21:16:19.876-0300] {processor.py:157} INFO - Started process (PID=53041) to work on /home/marcos/anaconda3/envs/XPe-IGTI/lib/python3.8/site-packages/airflow/example_dags/example_branch_day_of_week_operator.py
[2023-11-27T21:16:19.880-0300] {processor.py:829} INFO - Processing file /home/marcos/anaconda3/envs/XPe-IGTI/lib/python3.8/site-packages/airflow/example_dags/example_branch_day_of_week_operator.py for tasks to queue
[2023-11-27T21:16:19.882-0300] {logging_mixin.py:154} INFO - [2023-11-27T21:16:19.881-0300] {dagbag.py:536} INFO - Filling up the DagBag from /home/marcos/anaconda3/envs/XPe-IGTI/lib/python3.8/site-packages/airflow/example_dags/example_branch_day_of_week_operator.py
[2023-11-27T21:16:19.894-0300] {processor.py:839} INFO - DAG(s) dict_keys(['example_weekday_branch_operator']) retrieved from /home/marcos/anaconda3/envs/XPe-IGTI/lib/python3.8/site-packages/airflow/example_dags/example_branch_day_of_week_operator.py
[2023-11-27T21:16:19.923-0300] {logging_mixin.py:154} INFO - [2023-11-27T21:16:19.923-0300] {dag.py:2941} INFO - Sync 1 DAGs
[2023-11-27T21:16:19.960-0300] {logging_mixin.py:154} INFO - [2023-11-27T21:16:19.960-0300] {dag.py:3722} INFO - Setting next_dagrun for example_weekday_branch_operator to 2023-11-27T00:00:00+00:00, run_after=2023-11-28T00:00:00+00:00
[2023-11-27T21:16:19.993-0300] {processor.py:179} INFO - Processing /home/marcos/anaconda3/envs/XPe-IGTI/lib/python3.8/site-packages/airflow/example_dags/example_branch_day_of_week_operator.py took 0.122 seconds
[2023-11-27T21:17:31.392-0300] {processor.py:157} INFO - Started process (PID=53151) to work on /home/marcos/anaconda3/envs/XPe-IGTI/lib/python3.8/site-packages/airflow/example_dags/example_branch_day_of_week_operator.py
[2023-11-27T21:17:31.400-0300] {processor.py:829} INFO - Processing file /home/marcos/anaconda3/envs/XPe-IGTI/lib/python3.8/site-packages/airflow/example_dags/example_branch_day_of_week_operator.py for tasks to queue
[2023-11-27T21:17:31.403-0300] {logging_mixin.py:154} INFO - [2023-11-27T21:17:31.402-0300] {dagbag.py:536} INFO - Filling up the DagBag from /home/marcos/anaconda3/envs/XPe-IGTI/lib/python3.8/site-packages/airflow/example_dags/example_branch_day_of_week_operator.py
[2023-11-27T21:17:31.432-0300] {processor.py:839} INFO - DAG(s) dict_keys(['example_weekday_branch_operator']) retrieved from /home/marcos/anaconda3/envs/XPe-IGTI/lib/python3.8/site-packages/airflow/example_dags/example_branch_day_of_week_operator.py
[2023-11-27T21:17:31.463-0300] {logging_mixin.py:154} INFO - [2023-11-27T21:17:31.463-0300] {dag.py:2941} INFO - Sync 1 DAGs
[2023-11-27T21:17:31.501-0300] {logging_mixin.py:154} INFO - [2023-11-27T21:17:31.500-0300] {dag.py:3722} INFO - Setting next_dagrun for example_weekday_branch_operator to 2023-11-27T00:00:00+00:00, run_after=2023-11-28T00:00:00+00:00
[2023-11-27T21:17:31.533-0300] {processor.py:179} INFO - Processing /home/marcos/anaconda3/envs/XPe-IGTI/lib/python3.8/site-packages/airflow/example_dags/example_branch_day_of_week_operator.py took 0.154 seconds
[2023-11-27T21:18:39.187-0300] {processor.py:157} INFO - Started process (PID=53238) to work on /home/marcos/anaconda3/envs/XPe-IGTI/lib/python3.8/site-packages/airflow/example_dags/example_branch_day_of_week_operator.py
[2023-11-27T21:18:39.192-0300] {processor.py:829} INFO - Processing file /home/marcos/anaconda3/envs/XPe-IGTI/lib/python3.8/site-packages/airflow/example_dags/example_branch_day_of_week_operator.py for tasks to queue
[2023-11-27T21:18:39.193-0300] {logging_mixin.py:154} INFO - [2023-11-27T21:18:39.192-0300] {dagbag.py:536} INFO - Filling up the DagBag from /home/marcos/anaconda3/envs/XPe-IGTI/lib/python3.8/site-packages/airflow/example_dags/example_branch_day_of_week_operator.py
[2023-11-27T21:18:39.206-0300] {processor.py:839} INFO - DAG(s) dict_keys(['example_weekday_branch_operator']) retrieved from /home/marcos/anaconda3/envs/XPe-IGTI/lib/python3.8/site-packages/airflow/example_dags/example_branch_day_of_week_operator.py
[2023-11-27T21:18:39.236-0300] {logging_mixin.py:154} INFO - [2023-11-27T21:18:39.236-0300] {dag.py:2941} INFO - Sync 1 DAGs
[2023-11-27T21:18:39.273-0300] {logging_mixin.py:154} INFO - [2023-11-27T21:18:39.272-0300] {dag.py:3722} INFO - Setting next_dagrun for example_weekday_branch_operator to 2023-11-27T00:00:00+00:00, run_after=2023-11-28T00:00:00+00:00
[2023-11-27T21:18:39.305-0300] {processor.py:179} INFO - Processing /home/marcos/anaconda3/envs/XPe-IGTI/lib/python3.8/site-packages/airflow/example_dags/example_branch_day_of_week_operator.py took 0.122 seconds
[2023-11-27T21:19:45.522-0300] {processor.py:157} INFO - Started process (PID=53311) to work on /home/marcos/anaconda3/envs/XPe-IGTI/lib/python3.8/site-packages/airflow/example_dags/example_branch_day_of_week_operator.py
[2023-11-27T21:19:45.526-0300] {processor.py:829} INFO - Processing file /home/marcos/anaconda3/envs/XPe-IGTI/lib/python3.8/site-packages/airflow/example_dags/example_branch_day_of_week_operator.py for tasks to queue
[2023-11-27T21:19:45.527-0300] {logging_mixin.py:154} INFO - [2023-11-27T21:19:45.527-0300] {dagbag.py:536} INFO - Filling up the DagBag from /home/marcos/anaconda3/envs/XPe-IGTI/lib/python3.8/site-packages/airflow/example_dags/example_branch_day_of_week_operator.py
[2023-11-27T21:19:45.541-0300] {processor.py:839} INFO - DAG(s) dict_keys(['example_weekday_branch_operator']) retrieved from /home/marcos/anaconda3/envs/XPe-IGTI/lib/python3.8/site-packages/airflow/example_dags/example_branch_day_of_week_operator.py
[2023-11-27T21:19:45.569-0300] {logging_mixin.py:154} INFO - [2023-11-27T21:19:45.569-0300] {dag.py:2941} INFO - Sync 1 DAGs
[2023-11-27T21:19:45.607-0300] {logging_mixin.py:154} INFO - [2023-11-27T21:19:45.606-0300] {dag.py:3722} INFO - Setting next_dagrun for example_weekday_branch_operator to 2023-11-27T00:00:00+00:00, run_after=2023-11-28T00:00:00+00:00
[2023-11-27T21:19:45.638-0300] {processor.py:179} INFO - Processing /home/marcos/anaconda3/envs/XPe-IGTI/lib/python3.8/site-packages/airflow/example_dags/example_branch_day_of_week_operator.py took 0.121 seconds
[2023-11-27T21:20:54.644-0300] {processor.py:157} INFO - Started process (PID=53394) to work on /home/marcos/anaconda3/envs/XPe-IGTI/lib/python3.8/site-packages/airflow/example_dags/example_branch_day_of_week_operator.py
[2023-11-27T21:20:54.648-0300] {processor.py:829} INFO - Processing file /home/marcos/anaconda3/envs/XPe-IGTI/lib/python3.8/site-packages/airflow/example_dags/example_branch_day_of_week_operator.py for tasks to queue
[2023-11-27T21:20:54.650-0300] {logging_mixin.py:154} INFO - [2023-11-27T21:20:54.649-0300] {dagbag.py:536} INFO - Filling up the DagBag from /home/marcos/anaconda3/envs/XPe-IGTI/lib/python3.8/site-packages/airflow/example_dags/example_branch_day_of_week_operator.py
[2023-11-27T21:20:54.667-0300] {processor.py:839} INFO - DAG(s) dict_keys(['example_weekday_branch_operator']) retrieved from /home/marcos/anaconda3/envs/XPe-IGTI/lib/python3.8/site-packages/airflow/example_dags/example_branch_day_of_week_operator.py
[2023-11-27T21:20:54.701-0300] {logging_mixin.py:154} INFO - [2023-11-27T21:20:54.701-0300] {dag.py:2941} INFO - Sync 1 DAGs
[2023-11-27T21:20:54.747-0300] {logging_mixin.py:154} INFO - [2023-11-27T21:20:54.747-0300] {dag.py:3722} INFO - Setting next_dagrun for example_weekday_branch_operator to 2023-11-27T00:00:00+00:00, run_after=2023-11-28T00:00:00+00:00
[2023-11-27T21:20:54.787-0300] {processor.py:179} INFO - Processing /home/marcos/anaconda3/envs/XPe-IGTI/lib/python3.8/site-packages/airflow/example_dags/example_branch_day_of_week_operator.py took 0.148 seconds
[2023-11-27T21:22:01.765-0300] {processor.py:157} INFO - Started process (PID=53488) to work on /home/marcos/anaconda3/envs/XPe-IGTI/lib/python3.8/site-packages/airflow/example_dags/example_branch_day_of_week_operator.py
[2023-11-27T21:22:01.769-0300] {processor.py:829} INFO - Processing file /home/marcos/anaconda3/envs/XPe-IGTI/lib/python3.8/site-packages/airflow/example_dags/example_branch_day_of_week_operator.py for tasks to queue
[2023-11-27T21:22:01.770-0300] {logging_mixin.py:154} INFO - [2023-11-27T21:22:01.770-0300] {dagbag.py:536} INFO - Filling up the DagBag from /home/marcos/anaconda3/envs/XPe-IGTI/lib/python3.8/site-packages/airflow/example_dags/example_branch_day_of_week_operator.py
[2023-11-27T21:22:01.783-0300] {processor.py:839} INFO - DAG(s) dict_keys(['example_weekday_branch_operator']) retrieved from /home/marcos/anaconda3/envs/XPe-IGTI/lib/python3.8/site-packages/airflow/example_dags/example_branch_day_of_week_operator.py
[2023-11-27T21:22:01.811-0300] {logging_mixin.py:154} INFO - [2023-11-27T21:22:01.811-0300] {dag.py:2941} INFO - Sync 1 DAGs
[2023-11-27T21:22:01.850-0300] {logging_mixin.py:154} INFO - [2023-11-27T21:22:01.850-0300] {dag.py:3722} INFO - Setting next_dagrun for example_weekday_branch_operator to 2023-11-27T00:00:00+00:00, run_after=2023-11-28T00:00:00+00:00
[2023-11-27T21:22:01.881-0300] {processor.py:179} INFO - Processing /home/marcos/anaconda3/envs/XPe-IGTI/lib/python3.8/site-packages/airflow/example_dags/example_branch_day_of_week_operator.py took 0.123 seconds
[2023-11-27T21:23:02.244-0300] {processor.py:157} INFO - Started process (PID=53565) to work on /home/marcos/anaconda3/envs/XPe-IGTI/lib/python3.8/site-packages/airflow/example_dags/example_branch_day_of_week_operator.py
[2023-11-27T21:23:02.249-0300] {processor.py:829} INFO - Processing file /home/marcos/anaconda3/envs/XPe-IGTI/lib/python3.8/site-packages/airflow/example_dags/example_branch_day_of_week_operator.py for tasks to queue
[2023-11-27T21:23:02.250-0300] {logging_mixin.py:154} INFO - [2023-11-27T21:23:02.250-0300] {dagbag.py:536} INFO - Filling up the DagBag from /home/marcos/anaconda3/envs/XPe-IGTI/lib/python3.8/site-packages/airflow/example_dags/example_branch_day_of_week_operator.py
[2023-11-27T21:23:02.263-0300] {processor.py:839} INFO - DAG(s) dict_keys(['example_weekday_branch_operator']) retrieved from /home/marcos/anaconda3/envs/XPe-IGTI/lib/python3.8/site-packages/airflow/example_dags/example_branch_day_of_week_operator.py
[2023-11-27T21:23:02.292-0300] {logging_mixin.py:154} INFO - [2023-11-27T21:23:02.292-0300] {dag.py:2941} INFO - Sync 1 DAGs
[2023-11-27T21:23:02.329-0300] {logging_mixin.py:154} INFO - [2023-11-27T21:23:02.329-0300] {dag.py:3722} INFO - Setting next_dagrun for example_weekday_branch_operator to 2023-11-27T00:00:00+00:00, run_after=2023-11-28T00:00:00+00:00
[2023-11-27T21:23:02.364-0300] {processor.py:179} INFO - Processing /home/marcos/anaconda3/envs/XPe-IGTI/lib/python3.8/site-packages/airflow/example_dags/example_branch_day_of_week_operator.py took 0.125 seconds
[2023-11-27T21:24:06.052-0300] {processor.py:157} INFO - Started process (PID=53637) to work on /home/marcos/anaconda3/envs/XPe-IGTI/lib/python3.8/site-packages/airflow/example_dags/example_branch_day_of_week_operator.py
[2023-11-27T21:24:06.058-0300] {processor.py:829} INFO - Processing file /home/marcos/anaconda3/envs/XPe-IGTI/lib/python3.8/site-packages/airflow/example_dags/example_branch_day_of_week_operator.py for tasks to queue
[2023-11-27T21:24:06.060-0300] {logging_mixin.py:154} INFO - [2023-11-27T21:24:06.059-0300] {dagbag.py:536} INFO - Filling up the DagBag from /home/marcos/anaconda3/envs/XPe-IGTI/lib/python3.8/site-packages/airflow/example_dags/example_branch_day_of_week_operator.py
[2023-11-27T21:24:06.080-0300] {processor.py:839} INFO - DAG(s) dict_keys(['example_weekday_branch_operator']) retrieved from /home/marcos/anaconda3/envs/XPe-IGTI/lib/python3.8/site-packages/airflow/example_dags/example_branch_day_of_week_operator.py
[2023-11-27T21:24:06.117-0300] {logging_mixin.py:154} INFO - [2023-11-27T21:24:06.117-0300] {dag.py:2941} INFO - Sync 1 DAGs
[2023-11-27T21:24:06.159-0300] {logging_mixin.py:154} INFO - [2023-11-27T21:24:06.158-0300] {dag.py:3722} INFO - Setting next_dagrun for example_weekday_branch_operator to 2023-11-27T00:00:00+00:00, run_after=2023-11-28T00:00:00+00:00
[2023-11-27T21:24:06.197-0300] {processor.py:179} INFO - Processing /home/marcos/anaconda3/envs/XPe-IGTI/lib/python3.8/site-packages/airflow/example_dags/example_branch_day_of_week_operator.py took 0.152 seconds
[2023-11-27T21:25:16.238-0300] {processor.py:157} INFO - Started process (PID=53730) to work on /home/marcos/anaconda3/envs/XPe-IGTI/lib/python3.8/site-packages/airflow/example_dags/example_branch_day_of_week_operator.py
[2023-11-27T21:25:16.244-0300] {processor.py:829} INFO - Processing file /home/marcos/anaconda3/envs/XPe-IGTI/lib/python3.8/site-packages/airflow/example_dags/example_branch_day_of_week_operator.py for tasks to queue
[2023-11-27T21:25:16.249-0300] {logging_mixin.py:154} INFO - [2023-11-27T21:25:16.246-0300] {dagbag.py:536} INFO - Filling up the DagBag from /home/marcos/anaconda3/envs/XPe-IGTI/lib/python3.8/site-packages/airflow/example_dags/example_branch_day_of_week_operator.py
[2023-11-27T21:25:16.283-0300] {processor.py:839} INFO - DAG(s) dict_keys(['example_weekday_branch_operator']) retrieved from /home/marcos/anaconda3/envs/XPe-IGTI/lib/python3.8/site-packages/airflow/example_dags/example_branch_day_of_week_operator.py
[2023-11-27T21:25:16.323-0300] {logging_mixin.py:154} INFO - [2023-11-27T21:25:16.323-0300] {dag.py:2941} INFO - Sync 1 DAGs
[2023-11-27T21:25:16.362-0300] {logging_mixin.py:154} INFO - [2023-11-27T21:25:16.361-0300] {dag.py:3722} INFO - Setting next_dagrun for example_weekday_branch_operator to 2023-11-27T00:00:00+00:00, run_after=2023-11-28T00:00:00+00:00
[2023-11-27T21:25:16.398-0300] {processor.py:179} INFO - Processing /home/marcos/anaconda3/envs/XPe-IGTI/lib/python3.8/site-packages/airflow/example_dags/example_branch_day_of_week_operator.py took 0.174 seconds
[2023-11-27T21:26:30.281-0300] {processor.py:157} INFO - Started process (PID=53820) to work on /home/marcos/anaconda3/envs/XPe-IGTI/lib/python3.8/site-packages/airflow/example_dags/example_branch_day_of_week_operator.py
[2023-11-27T21:26:30.286-0300] {processor.py:829} INFO - Processing file /home/marcos/anaconda3/envs/XPe-IGTI/lib/python3.8/site-packages/airflow/example_dags/example_branch_day_of_week_operator.py for tasks to queue
[2023-11-27T21:26:30.288-0300] {logging_mixin.py:154} INFO - [2023-11-27T21:26:30.287-0300] {dagbag.py:536} INFO - Filling up the DagBag from /home/marcos/anaconda3/envs/XPe-IGTI/lib/python3.8/site-packages/airflow/example_dags/example_branch_day_of_week_operator.py
[2023-11-27T21:26:30.302-0300] {processor.py:839} INFO - DAG(s) dict_keys(['example_weekday_branch_operator']) retrieved from /home/marcos/anaconda3/envs/XPe-IGTI/lib/python3.8/site-packages/airflow/example_dags/example_branch_day_of_week_operator.py
[2023-11-27T21:26:30.333-0300] {logging_mixin.py:154} INFO - [2023-11-27T21:26:30.333-0300] {dag.py:2941} INFO - Sync 1 DAGs
[2023-11-27T21:26:30.377-0300] {logging_mixin.py:154} INFO - [2023-11-27T21:26:30.377-0300] {dag.py:3722} INFO - Setting next_dagrun for example_weekday_branch_operator to 2023-11-27T00:00:00+00:00, run_after=2023-11-28T00:00:00+00:00
[2023-11-27T21:26:30.415-0300] {processor.py:179} INFO - Processing /home/marcos/anaconda3/envs/XPe-IGTI/lib/python3.8/site-packages/airflow/example_dags/example_branch_day_of_week_operator.py took 0.138 seconds
[2023-11-27T21:27:39.533-0300] {processor.py:157} INFO - Started process (PID=53928) to work on /home/marcos/anaconda3/envs/XPe-IGTI/lib/python3.8/site-packages/airflow/example_dags/example_branch_day_of_week_operator.py
[2023-11-27T21:27:39.537-0300] {processor.py:829} INFO - Processing file /home/marcos/anaconda3/envs/XPe-IGTI/lib/python3.8/site-packages/airflow/example_dags/example_branch_day_of_week_operator.py for tasks to queue
[2023-11-27T21:27:39.538-0300] {logging_mixin.py:154} INFO - [2023-11-27T21:27:39.538-0300] {dagbag.py:536} INFO - Filling up the DagBag from /home/marcos/anaconda3/envs/XPe-IGTI/lib/python3.8/site-packages/airflow/example_dags/example_branch_day_of_week_operator.py
[2023-11-27T21:27:39.552-0300] {processor.py:839} INFO - DAG(s) dict_keys(['example_weekday_branch_operator']) retrieved from /home/marcos/anaconda3/envs/XPe-IGTI/lib/python3.8/site-packages/airflow/example_dags/example_branch_day_of_week_operator.py
[2023-11-27T21:27:39.581-0300] {logging_mixin.py:154} INFO - [2023-11-27T21:27:39.581-0300] {dag.py:2941} INFO - Sync 1 DAGs
[2023-11-27T21:27:39.622-0300] {logging_mixin.py:154} INFO - [2023-11-27T21:27:39.622-0300] {dag.py:3722} INFO - Setting next_dagrun for example_weekday_branch_operator to 2023-11-27T00:00:00+00:00, run_after=2023-11-28T00:00:00+00:00
[2023-11-27T21:27:39.655-0300] {processor.py:179} INFO - Processing /home/marcos/anaconda3/envs/XPe-IGTI/lib/python3.8/site-packages/airflow/example_dags/example_branch_day_of_week_operator.py took 0.128 seconds
[2023-11-27T21:28:43.979-0300] {processor.py:157} INFO - Started process (PID=54012) to work on /home/marcos/anaconda3/envs/XPe-IGTI/lib/python3.8/site-packages/airflow/example_dags/example_branch_day_of_week_operator.py
[2023-11-27T21:28:43.984-0300] {processor.py:829} INFO - Processing file /home/marcos/anaconda3/envs/XPe-IGTI/lib/python3.8/site-packages/airflow/example_dags/example_branch_day_of_week_operator.py for tasks to queue
[2023-11-27T21:28:43.985-0300] {logging_mixin.py:154} INFO - [2023-11-27T21:28:43.984-0300] {dagbag.py:536} INFO - Filling up the DagBag from /home/marcos/anaconda3/envs/XPe-IGTI/lib/python3.8/site-packages/airflow/example_dags/example_branch_day_of_week_operator.py
[2023-11-27T21:28:44.000-0300] {processor.py:839} INFO - DAG(s) dict_keys(['example_weekday_branch_operator']) retrieved from /home/marcos/anaconda3/envs/XPe-IGTI/lib/python3.8/site-packages/airflow/example_dags/example_branch_day_of_week_operator.py
[2023-11-27T21:28:44.036-0300] {logging_mixin.py:154} INFO - [2023-11-27T21:28:44.035-0300] {dag.py:2941} INFO - Sync 1 DAGs
[2023-11-27T21:28:44.086-0300] {logging_mixin.py:154} INFO - [2023-11-27T21:28:44.086-0300] {dag.py:3722} INFO - Setting next_dagrun for example_weekday_branch_operator to 2023-11-27T00:00:00+00:00, run_after=2023-11-28T00:00:00+00:00
[2023-11-27T21:28:44.119-0300] {processor.py:179} INFO - Processing /home/marcos/anaconda3/envs/XPe-IGTI/lib/python3.8/site-packages/airflow/example_dags/example_branch_day_of_week_operator.py took 0.144 seconds
[2023-11-28T18:52:53.026-0300] {processor.py:157} INFO - Started process (PID=144651) to work on /home/marcos/anaconda3/envs/XPe-IGTI/lib/python3.8/site-packages/airflow/example_dags/example_branch_day_of_week_operator.py
[2023-11-28T18:52:53.031-0300] {processor.py:829} INFO - Processing file /home/marcos/anaconda3/envs/XPe-IGTI/lib/python3.8/site-packages/airflow/example_dags/example_branch_day_of_week_operator.py for tasks to queue
[2023-11-28T18:52:53.032-0300] {logging_mixin.py:154} INFO - [2023-11-28T18:52:53.032-0300] {dagbag.py:536} INFO - Filling up the DagBag from /home/marcos/anaconda3/envs/XPe-IGTI/lib/python3.8/site-packages/airflow/example_dags/example_branch_day_of_week_operator.py
[2023-11-28T18:52:53.042-0300] {processor.py:839} INFO - DAG(s) dict_keys(['example_weekday_branch_operator']) retrieved from /home/marcos/anaconda3/envs/XPe-IGTI/lib/python3.8/site-packages/airflow/example_dags/example_branch_day_of_week_operator.py
[2023-11-28T18:52:53.061-0300] {logging_mixin.py:154} INFO - [2023-11-28T18:52:53.061-0300] {dag.py:2941} INFO - Sync 1 DAGs
[2023-11-28T18:52:53.083-0300] {logging_mixin.py:154} INFO - [2023-11-28T18:52:53.083-0300] {dag.py:3722} INFO - Setting next_dagrun for example_weekday_branch_operator to 2023-11-27T00:00:00+00:00, run_after=2023-11-28T00:00:00+00:00
[2023-11-28T18:52:53.103-0300] {processor.py:179} INFO - Processing /home/marcos/anaconda3/envs/XPe-IGTI/lib/python3.8/site-packages/airflow/example_dags/example_branch_day_of_week_operator.py took 0.080 seconds
[2023-11-28T18:53:47.590-0300] {processor.py:157} INFO - Started process (PID=144759) to work on /home/marcos/anaconda3/envs/XPe-IGTI/lib/python3.8/site-packages/airflow/example_dags/example_branch_day_of_week_operator.py
[2023-11-28T18:53:47.594-0300] {processor.py:829} INFO - Processing file /home/marcos/anaconda3/envs/XPe-IGTI/lib/python3.8/site-packages/airflow/example_dags/example_branch_day_of_week_operator.py for tasks to queue
[2023-11-28T18:53:47.595-0300] {logging_mixin.py:154} INFO - [2023-11-28T18:53:47.595-0300] {dagbag.py:536} INFO - Filling up the DagBag from /home/marcos/anaconda3/envs/XPe-IGTI/lib/python3.8/site-packages/airflow/example_dags/example_branch_day_of_week_operator.py
[2023-11-28T18:53:47.603-0300] {processor.py:839} INFO - DAG(s) dict_keys(['example_weekday_branch_operator']) retrieved from /home/marcos/anaconda3/envs/XPe-IGTI/lib/python3.8/site-packages/airflow/example_dags/example_branch_day_of_week_operator.py
[2023-11-28T18:53:47.621-0300] {logging_mixin.py:154} INFO - [2023-11-28T18:53:47.621-0300] {dag.py:2941} INFO - Sync 1 DAGs
[2023-11-28T18:53:47.639-0300] {logging_mixin.py:154} INFO - [2023-11-28T18:53:47.639-0300] {dag.py:3722} INFO - Setting next_dagrun for example_weekday_branch_operator to 2023-11-27T00:00:00+00:00, run_after=2023-11-28T00:00:00+00:00
[2023-11-28T18:53:47.657-0300] {processor.py:179} INFO - Processing /home/marcos/anaconda3/envs/XPe-IGTI/lib/python3.8/site-packages/airflow/example_dags/example_branch_day_of_week_operator.py took 0.070 seconds
[2023-11-28T18:54:48.479-0300] {processor.py:157} INFO - Started process (PID=145300) to work on /home/marcos/anaconda3/envs/XPe-IGTI/lib/python3.8/site-packages/airflow/example_dags/example_branch_day_of_week_operator.py
[2023-11-28T18:54:48.484-0300] {processor.py:829} INFO - Processing file /home/marcos/anaconda3/envs/XPe-IGTI/lib/python3.8/site-packages/airflow/example_dags/example_branch_day_of_week_operator.py for tasks to queue
[2023-11-28T18:54:48.486-0300] {logging_mixin.py:154} INFO - [2023-11-28T18:54:48.485-0300] {dagbag.py:536} INFO - Filling up the DagBag from /home/marcos/anaconda3/envs/XPe-IGTI/lib/python3.8/site-packages/airflow/example_dags/example_branch_day_of_week_operator.py
[2023-11-28T18:54:48.501-0300] {processor.py:839} INFO - DAG(s) dict_keys(['example_weekday_branch_operator']) retrieved from /home/marcos/anaconda3/envs/XPe-IGTI/lib/python3.8/site-packages/airflow/example_dags/example_branch_day_of_week_operator.py
[2023-11-28T18:54:48.525-0300] {logging_mixin.py:154} INFO - [2023-11-28T18:54:48.525-0300] {dag.py:2941} INFO - Sync 1 DAGs
[2023-11-28T18:54:48.555-0300] {logging_mixin.py:154} INFO - [2023-11-28T18:54:48.555-0300] {dag.py:3722} INFO - Setting next_dagrun for example_weekday_branch_operator to 2023-11-27T00:00:00+00:00, run_after=2023-11-28T00:00:00+00:00
[2023-11-28T18:54:48.586-0300] {processor.py:179} INFO - Processing /home/marcos/anaconda3/envs/XPe-IGTI/lib/python3.8/site-packages/airflow/example_dags/example_branch_day_of_week_operator.py took 0.113 seconds
[2023-11-28T18:55:51.231-0300] {processor.py:157} INFO - Started process (PID=145405) to work on /home/marcos/anaconda3/envs/XPe-IGTI/lib/python3.8/site-packages/airflow/example_dags/example_branch_day_of_week_operator.py
[2023-11-28T18:55:51.235-0300] {processor.py:829} INFO - Processing file /home/marcos/anaconda3/envs/XPe-IGTI/lib/python3.8/site-packages/airflow/example_dags/example_branch_day_of_week_operator.py for tasks to queue
[2023-11-28T18:55:51.236-0300] {logging_mixin.py:154} INFO - [2023-11-28T18:55:51.236-0300] {dagbag.py:536} INFO - Filling up the DagBag from /home/marcos/anaconda3/envs/XPe-IGTI/lib/python3.8/site-packages/airflow/example_dags/example_branch_day_of_week_operator.py
[2023-11-28T18:55:51.245-0300] {processor.py:839} INFO - DAG(s) dict_keys(['example_weekday_branch_operator']) retrieved from /home/marcos/anaconda3/envs/XPe-IGTI/lib/python3.8/site-packages/airflow/example_dags/example_branch_day_of_week_operator.py
[2023-11-28T18:55:51.263-0300] {logging_mixin.py:154} INFO - [2023-11-28T18:55:51.263-0300] {dag.py:2941} INFO - Sync 1 DAGs
[2023-11-28T18:55:51.283-0300] {logging_mixin.py:154} INFO - [2023-11-28T18:55:51.283-0300] {dag.py:3722} INFO - Setting next_dagrun for example_weekday_branch_operator to 2023-11-27T00:00:00+00:00, run_after=2023-11-28T00:00:00+00:00
[2023-11-28T18:55:51.305-0300] {processor.py:179} INFO - Processing /home/marcos/anaconda3/envs/XPe-IGTI/lib/python3.8/site-packages/airflow/example_dags/example_branch_day_of_week_operator.py took 0.077 seconds
[2023-11-28T18:56:47.202-0300] {processor.py:157} INFO - Started process (PID=145519) to work on /home/marcos/anaconda3/envs/XPe-IGTI/lib/python3.8/site-packages/airflow/example_dags/example_branch_day_of_week_operator.py
[2023-11-28T18:56:47.203-0300] {processor.py:829} INFO - Processing file /home/marcos/anaconda3/envs/XPe-IGTI/lib/python3.8/site-packages/airflow/example_dags/example_branch_day_of_week_operator.py for tasks to queue
[2023-11-28T18:56:47.204-0300] {logging_mixin.py:154} INFO - [2023-11-28T18:56:47.203-0300] {dagbag.py:536} INFO - Filling up the DagBag from /home/marcos/anaconda3/envs/XPe-IGTI/lib/python3.8/site-packages/airflow/example_dags/example_branch_day_of_week_operator.py
[2023-11-28T18:56:47.212-0300] {processor.py:839} INFO - DAG(s) dict_keys(['example_weekday_branch_operator']) retrieved from /home/marcos/anaconda3/envs/XPe-IGTI/lib/python3.8/site-packages/airflow/example_dags/example_branch_day_of_week_operator.py
[2023-11-28T18:56:47.231-0300] {logging_mixin.py:154} INFO - [2023-11-28T18:56:47.231-0300] {dag.py:2941} INFO - Sync 1 DAGs
[2023-11-28T18:56:47.252-0300] {logging_mixin.py:154} INFO - [2023-11-28T18:56:47.252-0300] {dag.py:3722} INFO - Setting next_dagrun for example_weekday_branch_operator to 2023-11-27T00:00:00+00:00, run_after=2023-11-28T00:00:00+00:00
[2023-11-28T18:56:47.271-0300] {processor.py:179} INFO - Processing /home/marcos/anaconda3/envs/XPe-IGTI/lib/python3.8/site-packages/airflow/example_dags/example_branch_day_of_week_operator.py took 0.072 seconds
[2023-11-28T18:57:41.029-0300] {processor.py:157} INFO - Started process (PID=145633) to work on /home/marcos/anaconda3/envs/XPe-IGTI/lib/python3.8/site-packages/airflow/example_dags/example_branch_day_of_week_operator.py
[2023-11-28T18:57:41.031-0300] {processor.py:829} INFO - Processing file /home/marcos/anaconda3/envs/XPe-IGTI/lib/python3.8/site-packages/airflow/example_dags/example_branch_day_of_week_operator.py for tasks to queue
[2023-11-28T18:57:41.032-0300] {logging_mixin.py:154} INFO - [2023-11-28T18:57:41.032-0300] {dagbag.py:536} INFO - Filling up the DagBag from /home/marcos/anaconda3/envs/XPe-IGTI/lib/python3.8/site-packages/airflow/example_dags/example_branch_day_of_week_operator.py
[2023-11-28T18:57:41.039-0300] {processor.py:839} INFO - DAG(s) dict_keys(['example_weekday_branch_operator']) retrieved from /home/marcos/anaconda3/envs/XPe-IGTI/lib/python3.8/site-packages/airflow/example_dags/example_branch_day_of_week_operator.py
[2023-11-28T18:57:41.055-0300] {logging_mixin.py:154} INFO - [2023-11-28T18:57:41.055-0300] {dag.py:2941} INFO - Sync 1 DAGs
[2023-11-28T18:57:41.072-0300] {logging_mixin.py:154} INFO - [2023-11-28T18:57:41.072-0300] {dag.py:3722} INFO - Setting next_dagrun for example_weekday_branch_operator to 2023-11-27T00:00:00+00:00, run_after=2023-11-28T00:00:00+00:00
[2023-11-28T18:57:41.088-0300] {processor.py:179} INFO - Processing /home/marcos/anaconda3/envs/XPe-IGTI/lib/python3.8/site-packages/airflow/example_dags/example_branch_day_of_week_operator.py took 0.062 seconds
[2023-11-28T18:58:35.967-0300] {processor.py:157} INFO - Started process (PID=145711) to work on /home/marcos/anaconda3/envs/XPe-IGTI/lib/python3.8/site-packages/airflow/example_dags/example_branch_day_of_week_operator.py
[2023-11-28T18:58:35.971-0300] {processor.py:829} INFO - Processing file /home/marcos/anaconda3/envs/XPe-IGTI/lib/python3.8/site-packages/airflow/example_dags/example_branch_day_of_week_operator.py for tasks to queue
[2023-11-28T18:58:35.972-0300] {logging_mixin.py:154} INFO - [2023-11-28T18:58:35.971-0300] {dagbag.py:536} INFO - Filling up the DagBag from /home/marcos/anaconda3/envs/XPe-IGTI/lib/python3.8/site-packages/airflow/example_dags/example_branch_day_of_week_operator.py
[2023-11-28T18:58:35.978-0300] {processor.py:839} INFO - DAG(s) dict_keys(['example_weekday_branch_operator']) retrieved from /home/marcos/anaconda3/envs/XPe-IGTI/lib/python3.8/site-packages/airflow/example_dags/example_branch_day_of_week_operator.py
[2023-11-28T18:58:35.994-0300] {logging_mixin.py:154} INFO - [2023-11-28T18:58:35.993-0300] {dag.py:2941} INFO - Sync 1 DAGs
[2023-11-28T18:58:36.012-0300] {logging_mixin.py:154} INFO - [2023-11-28T18:58:36.012-0300] {dag.py:3722} INFO - Setting next_dagrun for example_weekday_branch_operator to 2023-11-27T00:00:00+00:00, run_after=2023-11-28T00:00:00+00:00
[2023-11-28T18:58:36.029-0300] {processor.py:179} INFO - Processing /home/marcos/anaconda3/envs/XPe-IGTI/lib/python3.8/site-packages/airflow/example_dags/example_branch_day_of_week_operator.py took 0.065 seconds
[2023-11-28T18:59:36.540-0300] {processor.py:157} INFO - Started process (PID=145813) to work on /home/marcos/anaconda3/envs/XPe-IGTI/lib/python3.8/site-packages/airflow/example_dags/example_branch_day_of_week_operator.py
[2023-11-28T18:59:36.544-0300] {processor.py:829} INFO - Processing file /home/marcos/anaconda3/envs/XPe-IGTI/lib/python3.8/site-packages/airflow/example_dags/example_branch_day_of_week_operator.py for tasks to queue
[2023-11-28T18:59:36.546-0300] {logging_mixin.py:154} INFO - [2023-11-28T18:59:36.545-0300] {dagbag.py:536} INFO - Filling up the DagBag from /home/marcos/anaconda3/envs/XPe-IGTI/lib/python3.8/site-packages/airflow/example_dags/example_branch_day_of_week_operator.py
[2023-11-28T18:59:36.556-0300] {processor.py:839} INFO - DAG(s) dict_keys(['example_weekday_branch_operator']) retrieved from /home/marcos/anaconda3/envs/XPe-IGTI/lib/python3.8/site-packages/airflow/example_dags/example_branch_day_of_week_operator.py
[2023-11-28T18:59:36.572-0300] {logging_mixin.py:154} INFO - [2023-11-28T18:59:36.572-0300] {dag.py:2941} INFO - Sync 1 DAGs
[2023-11-28T18:59:36.592-0300] {logging_mixin.py:154} INFO - [2023-11-28T18:59:36.592-0300] {dag.py:3722} INFO - Setting next_dagrun for example_weekday_branch_operator to 2023-11-27T00:00:00+00:00, run_after=2023-11-28T00:00:00+00:00
[2023-11-28T18:59:36.611-0300] {processor.py:179} INFO - Processing /home/marcos/anaconda3/envs/XPe-IGTI/lib/python3.8/site-packages/airflow/example_dags/example_branch_day_of_week_operator.py took 0.078 seconds
[2023-11-28T19:00:30.755-0300] {processor.py:157} INFO - Started process (PID=145897) to work on /home/marcos/anaconda3/envs/XPe-IGTI/lib/python3.8/site-packages/airflow/example_dags/example_branch_day_of_week_operator.py
[2023-11-28T19:00:30.756-0300] {processor.py:829} INFO - Processing file /home/marcos/anaconda3/envs/XPe-IGTI/lib/python3.8/site-packages/airflow/example_dags/example_branch_day_of_week_operator.py for tasks to queue
[2023-11-28T19:00:30.757-0300] {logging_mixin.py:154} INFO - [2023-11-28T19:00:30.757-0300] {dagbag.py:536} INFO - Filling up the DagBag from /home/marcos/anaconda3/envs/XPe-IGTI/lib/python3.8/site-packages/airflow/example_dags/example_branch_day_of_week_operator.py
[2023-11-28T19:00:30.769-0300] {processor.py:839} INFO - DAG(s) dict_keys(['example_weekday_branch_operator']) retrieved from /home/marcos/anaconda3/envs/XPe-IGTI/lib/python3.8/site-packages/airflow/example_dags/example_branch_day_of_week_operator.py
[2023-11-28T19:00:30.795-0300] {logging_mixin.py:154} INFO - [2023-11-28T19:00:30.795-0300] {dag.py:2941} INFO - Sync 1 DAGs
[2023-11-28T19:00:30.827-0300] {logging_mixin.py:154} INFO - [2023-11-28T19:00:30.827-0300] {dag.py:3722} INFO - Setting next_dagrun for example_weekday_branch_operator to 2023-11-27T00:00:00+00:00, run_after=2023-11-28T00:00:00+00:00
[2023-11-28T19:00:30.856-0300] {processor.py:179} INFO - Processing /home/marcos/anaconda3/envs/XPe-IGTI/lib/python3.8/site-packages/airflow/example_dags/example_branch_day_of_week_operator.py took 0.105 seconds
[2023-11-28T19:01:23.888-0300] {processor.py:157} INFO - Started process (PID=145974) to work on /home/marcos/anaconda3/envs/XPe-IGTI/lib/python3.8/site-packages/airflow/example_dags/example_branch_day_of_week_operator.py
[2023-11-28T19:01:23.892-0300] {processor.py:829} INFO - Processing file /home/marcos/anaconda3/envs/XPe-IGTI/lib/python3.8/site-packages/airflow/example_dags/example_branch_day_of_week_operator.py for tasks to queue
[2023-11-28T19:01:23.894-0300] {logging_mixin.py:154} INFO - [2023-11-28T19:01:23.893-0300] {dagbag.py:536} INFO - Filling up the DagBag from /home/marcos/anaconda3/envs/XPe-IGTI/lib/python3.8/site-packages/airflow/example_dags/example_branch_day_of_week_operator.py
[2023-11-28T19:01:23.906-0300] {processor.py:839} INFO - DAG(s) dict_keys(['example_weekday_branch_operator']) retrieved from /home/marcos/anaconda3/envs/XPe-IGTI/lib/python3.8/site-packages/airflow/example_dags/example_branch_day_of_week_operator.py
[2023-11-28T19:01:23.924-0300] {logging_mixin.py:154} INFO - [2023-11-28T19:01:23.924-0300] {dag.py:2941} INFO - Sync 1 DAGs
[2023-11-28T19:01:23.943-0300] {logging_mixin.py:154} INFO - [2023-11-28T19:01:23.943-0300] {dag.py:3722} INFO - Setting next_dagrun for example_weekday_branch_operator to 2023-11-27T00:00:00+00:00, run_after=2023-11-28T00:00:00+00:00
[2023-11-28T19:01:23.970-0300] {processor.py:179} INFO - Processing /home/marcos/anaconda3/envs/XPe-IGTI/lib/python3.8/site-packages/airflow/example_dags/example_branch_day_of_week_operator.py took 0.088 seconds
[2023-11-28T19:02:26.433-0300] {processor.py:157} INFO - Started process (PID=146131) to work on /home/marcos/anaconda3/envs/XPe-IGTI/lib/python3.8/site-packages/airflow/example_dags/example_branch_day_of_week_operator.py
[2023-11-28T19:02:26.438-0300] {processor.py:829} INFO - Processing file /home/marcos/anaconda3/envs/XPe-IGTI/lib/python3.8/site-packages/airflow/example_dags/example_branch_day_of_week_operator.py for tasks to queue
[2023-11-28T19:02:26.439-0300] {logging_mixin.py:154} INFO - [2023-11-28T19:02:26.438-0300] {dagbag.py:536} INFO - Filling up the DagBag from /home/marcos/anaconda3/envs/XPe-IGTI/lib/python3.8/site-packages/airflow/example_dags/example_branch_day_of_week_operator.py
[2023-11-28T19:02:26.447-0300] {processor.py:839} INFO - DAG(s) dict_keys(['example_weekday_branch_operator']) retrieved from /home/marcos/anaconda3/envs/XPe-IGTI/lib/python3.8/site-packages/airflow/example_dags/example_branch_day_of_week_operator.py
[2023-11-28T19:02:26.468-0300] {logging_mixin.py:154} INFO - [2023-11-28T19:02:26.468-0300] {dag.py:2941} INFO - Sync 1 DAGs
[2023-11-28T19:02:26.491-0300] {logging_mixin.py:154} INFO - [2023-11-28T19:02:26.491-0300] {dag.py:3722} INFO - Setting next_dagrun for example_weekday_branch_operator to 2023-11-27T00:00:00+00:00, run_after=2023-11-28T00:00:00+00:00
[2023-11-28T19:02:26.514-0300] {processor.py:179} INFO - Processing /home/marcos/anaconda3/envs/XPe-IGTI/lib/python3.8/site-packages/airflow/example_dags/example_branch_day_of_week_operator.py took 0.084 seconds
[2023-11-28T19:03:20.284-0300] {processor.py:157} INFO - Started process (PID=146229) to work on /home/marcos/anaconda3/envs/XPe-IGTI/lib/python3.8/site-packages/airflow/example_dags/example_branch_day_of_week_operator.py
[2023-11-28T19:03:20.289-0300] {processor.py:829} INFO - Processing file /home/marcos/anaconda3/envs/XPe-IGTI/lib/python3.8/site-packages/airflow/example_dags/example_branch_day_of_week_operator.py for tasks to queue
[2023-11-28T19:03:20.290-0300] {logging_mixin.py:154} INFO - [2023-11-28T19:03:20.289-0300] {dagbag.py:536} INFO - Filling up the DagBag from /home/marcos/anaconda3/envs/XPe-IGTI/lib/python3.8/site-packages/airflow/example_dags/example_branch_day_of_week_operator.py
[2023-11-28T19:03:20.302-0300] {processor.py:839} INFO - DAG(s) dict_keys(['example_weekday_branch_operator']) retrieved from /home/marcos/anaconda3/envs/XPe-IGTI/lib/python3.8/site-packages/airflow/example_dags/example_branch_day_of_week_operator.py
[2023-11-28T19:03:20.328-0300] {logging_mixin.py:154} INFO - [2023-11-28T19:03:20.328-0300] {dag.py:2941} INFO - Sync 1 DAGs
[2023-11-28T19:03:20.361-0300] {logging_mixin.py:154} INFO - [2023-11-28T19:03:20.360-0300] {dag.py:3722} INFO - Setting next_dagrun for example_weekday_branch_operator to 2023-11-27T00:00:00+00:00, run_after=2023-11-28T00:00:00+00:00
[2023-11-28T19:03:20.390-0300] {processor.py:179} INFO - Processing /home/marcos/anaconda3/envs/XPe-IGTI/lib/python3.8/site-packages/airflow/example_dags/example_branch_day_of_week_operator.py took 0.111 seconds
[2023-11-28T19:04:29.938-0300] {processor.py:157} INFO - Started process (PID=146366) to work on /home/marcos/anaconda3/envs/XPe-IGTI/lib/python3.8/site-packages/airflow/example_dags/example_branch_day_of_week_operator.py
[2023-11-28T19:04:29.942-0300] {processor.py:829} INFO - Processing file /home/marcos/anaconda3/envs/XPe-IGTI/lib/python3.8/site-packages/airflow/example_dags/example_branch_day_of_week_operator.py for tasks to queue
[2023-11-28T19:04:29.943-0300] {logging_mixin.py:154} INFO - [2023-11-28T19:04:29.943-0300] {dagbag.py:536} INFO - Filling up the DagBag from /home/marcos/anaconda3/envs/XPe-IGTI/lib/python3.8/site-packages/airflow/example_dags/example_branch_day_of_week_operator.py
[2023-11-28T19:04:29.955-0300] {processor.py:839} INFO - DAG(s) dict_keys(['example_weekday_branch_operator']) retrieved from /home/marcos/anaconda3/envs/XPe-IGTI/lib/python3.8/site-packages/airflow/example_dags/example_branch_day_of_week_operator.py
[2023-11-28T19:04:29.980-0300] {logging_mixin.py:154} INFO - [2023-11-28T19:04:29.980-0300] {dag.py:2941} INFO - Sync 1 DAGs
[2023-11-28T19:04:30.010-0300] {logging_mixin.py:154} INFO - [2023-11-28T19:04:30.010-0300] {dag.py:3722} INFO - Setting next_dagrun for example_weekday_branch_operator to 2023-11-27T00:00:00+00:00, run_after=2023-11-28T00:00:00+00:00
[2023-11-28T19:04:30.043-0300] {processor.py:179} INFO - Processing /home/marcos/anaconda3/envs/XPe-IGTI/lib/python3.8/site-packages/airflow/example_dags/example_branch_day_of_week_operator.py took 0.111 seconds
[2023-11-28T19:05:46.226-0300] {processor.py:157} INFO - Started process (PID=146489) to work on /home/marcos/anaconda3/envs/XPe-IGTI/lib/python3.8/site-packages/airflow/example_dags/example_branch_day_of_week_operator.py
[2023-11-28T19:05:46.232-0300] {processor.py:829} INFO - Processing file /home/marcos/anaconda3/envs/XPe-IGTI/lib/python3.8/site-packages/airflow/example_dags/example_branch_day_of_week_operator.py for tasks to queue
[2023-11-28T19:05:46.233-0300] {logging_mixin.py:154} INFO - [2023-11-28T19:05:46.233-0300] {dagbag.py:536} INFO - Filling up the DagBag from /home/marcos/anaconda3/envs/XPe-IGTI/lib/python3.8/site-packages/airflow/example_dags/example_branch_day_of_week_operator.py
[2023-11-28T19:05:46.252-0300] {processor.py:839} INFO - DAG(s) dict_keys(['example_weekday_branch_operator']) retrieved from /home/marcos/anaconda3/envs/XPe-IGTI/lib/python3.8/site-packages/airflow/example_dags/example_branch_day_of_week_operator.py
[2023-11-28T19:05:46.292-0300] {logging_mixin.py:154} INFO - [2023-11-28T19:05:46.291-0300] {dag.py:2941} INFO - Sync 1 DAGs
[2023-11-28T19:05:46.342-0300] {logging_mixin.py:154} INFO - [2023-11-28T19:05:46.342-0300] {dag.py:3722} INFO - Setting next_dagrun for example_weekday_branch_operator to 2023-11-27T00:00:00+00:00, run_after=2023-11-28T00:00:00+00:00
[2023-11-28T19:05:46.391-0300] {processor.py:179} INFO - Processing /home/marcos/anaconda3/envs/XPe-IGTI/lib/python3.8/site-packages/airflow/example_dags/example_branch_day_of_week_operator.py took 0.171 seconds
[2023-11-28T19:06:41.197-0300] {processor.py:157} INFO - Started process (PID=146574) to work on /home/marcos/anaconda3/envs/XPe-IGTI/lib/python3.8/site-packages/airflow/example_dags/example_branch_day_of_week_operator.py
[2023-11-28T19:06:41.202-0300] {processor.py:829} INFO - Processing file /home/marcos/anaconda3/envs/XPe-IGTI/lib/python3.8/site-packages/airflow/example_dags/example_branch_day_of_week_operator.py for tasks to queue
[2023-11-28T19:06:41.208-0300] {logging_mixin.py:154} INFO - [2023-11-28T19:06:41.207-0300] {dagbag.py:536} INFO - Filling up the DagBag from /home/marcos/anaconda3/envs/XPe-IGTI/lib/python3.8/site-packages/airflow/example_dags/example_branch_day_of_week_operator.py
[2023-11-28T19:06:41.227-0300] {processor.py:839} INFO - DAG(s) dict_keys(['example_weekday_branch_operator']) retrieved from /home/marcos/anaconda3/envs/XPe-IGTI/lib/python3.8/site-packages/airflow/example_dags/example_branch_day_of_week_operator.py
[2023-11-28T19:06:41.251-0300] {logging_mixin.py:154} INFO - [2023-11-28T19:06:41.250-0300] {dag.py:2941} INFO - Sync 1 DAGs
[2023-11-28T19:06:41.281-0300] {logging_mixin.py:154} INFO - [2023-11-28T19:06:41.281-0300] {dag.py:3722} INFO - Setting next_dagrun for example_weekday_branch_operator to 2023-11-27T00:00:00+00:00, run_after=2023-11-28T00:00:00+00:00
[2023-11-28T19:06:41.308-0300] {processor.py:179} INFO - Processing /home/marcos/anaconda3/envs/XPe-IGTI/lib/python3.8/site-packages/airflow/example_dags/example_branch_day_of_week_operator.py took 0.118 seconds
[2023-11-28T19:07:40.864-0300] {processor.py:157} INFO - Started process (PID=146679) to work on /home/marcos/anaconda3/envs/XPe-IGTI/lib/python3.8/site-packages/airflow/example_dags/example_branch_day_of_week_operator.py
[2023-11-28T19:07:40.868-0300] {processor.py:829} INFO - Processing file /home/marcos/anaconda3/envs/XPe-IGTI/lib/python3.8/site-packages/airflow/example_dags/example_branch_day_of_week_operator.py for tasks to queue
[2023-11-28T19:07:40.872-0300] {logging_mixin.py:154} INFO - [2023-11-28T19:07:40.871-0300] {dagbag.py:536} INFO - Filling up the DagBag from /home/marcos/anaconda3/envs/XPe-IGTI/lib/python3.8/site-packages/airflow/example_dags/example_branch_day_of_week_operator.py
[2023-11-28T19:07:40.884-0300] {processor.py:839} INFO - DAG(s) dict_keys(['example_weekday_branch_operator']) retrieved from /home/marcos/anaconda3/envs/XPe-IGTI/lib/python3.8/site-packages/airflow/example_dags/example_branch_day_of_week_operator.py
[2023-11-28T19:07:40.907-0300] {logging_mixin.py:154} INFO - [2023-11-28T19:07:40.906-0300] {dag.py:2941} INFO - Sync 1 DAGs
[2023-11-28T19:07:40.948-0300] {logging_mixin.py:154} INFO - [2023-11-28T19:07:40.948-0300] {dag.py:3722} INFO - Setting next_dagrun for example_weekday_branch_operator to 2023-11-27T00:00:00+00:00, run_after=2023-11-28T00:00:00+00:00
[2023-11-28T19:07:40.976-0300] {processor.py:179} INFO - Processing /home/marcos/anaconda3/envs/XPe-IGTI/lib/python3.8/site-packages/airflow/example_dags/example_branch_day_of_week_operator.py took 0.117 seconds
[2023-11-28T19:09:17.088-0300] {processor.py:157} INFO - Started process (PID=146895) to work on /home/marcos/anaconda3/envs/XPe-IGTI/lib/python3.8/site-packages/airflow/example_dags/example_branch_day_of_week_operator.py
[2023-11-28T19:09:17.093-0300] {processor.py:829} INFO - Processing file /home/marcos/anaconda3/envs/XPe-IGTI/lib/python3.8/site-packages/airflow/example_dags/example_branch_day_of_week_operator.py for tasks to queue
[2023-11-28T19:09:17.100-0300] {logging_mixin.py:154} INFO - [2023-11-28T19:09:17.099-0300] {dagbag.py:536} INFO - Filling up the DagBag from /home/marcos/anaconda3/envs/XPe-IGTI/lib/python3.8/site-packages/airflow/example_dags/example_branch_day_of_week_operator.py
[2023-11-28T19:09:17.119-0300] {processor.py:839} INFO - DAG(s) dict_keys(['example_weekday_branch_operator']) retrieved from /home/marcos/anaconda3/envs/XPe-IGTI/lib/python3.8/site-packages/airflow/example_dags/example_branch_day_of_week_operator.py
[2023-11-28T19:09:17.136-0300] {logging_mixin.py:154} INFO - [2023-11-28T19:09:17.135-0300] {dag.py:2941} INFO - Sync 1 DAGs
[2023-11-28T19:09:17.154-0300] {logging_mixin.py:154} INFO - [2023-11-28T19:09:17.154-0300] {dag.py:3722} INFO - Setting next_dagrun for example_weekday_branch_operator to 2023-11-27T00:00:00+00:00, run_after=2023-11-28T00:00:00+00:00
[2023-11-28T19:09:17.181-0300] {processor.py:179} INFO - Processing /home/marcos/anaconda3/envs/XPe-IGTI/lib/python3.8/site-packages/airflow/example_dags/example_branch_day_of_week_operator.py took 0.098 seconds
[2023-11-28T19:10:19.844-0300] {processor.py:157} INFO - Started process (PID=146980) to work on /home/marcos/anaconda3/envs/XPe-IGTI/lib/python3.8/site-packages/airflow/example_dags/example_branch_day_of_week_operator.py
[2023-11-28T19:10:19.849-0300] {processor.py:829} INFO - Processing file /home/marcos/anaconda3/envs/XPe-IGTI/lib/python3.8/site-packages/airflow/example_dags/example_branch_day_of_week_operator.py for tasks to queue
[2023-11-28T19:10:19.852-0300] {logging_mixin.py:154} INFO - [2023-11-28T19:10:19.852-0300] {dagbag.py:536} INFO - Filling up the DagBag from /home/marcos/anaconda3/envs/XPe-IGTI/lib/python3.8/site-packages/airflow/example_dags/example_branch_day_of_week_operator.py
[2023-11-28T19:10:19.861-0300] {processor.py:839} INFO - DAG(s) dict_keys(['example_weekday_branch_operator']) retrieved from /home/marcos/anaconda3/envs/XPe-IGTI/lib/python3.8/site-packages/airflow/example_dags/example_branch_day_of_week_operator.py
[2023-11-28T19:10:19.879-0300] {logging_mixin.py:154} INFO - [2023-11-28T19:10:19.879-0300] {dag.py:2941} INFO - Sync 1 DAGs
[2023-11-28T19:10:19.900-0300] {logging_mixin.py:154} INFO - [2023-11-28T19:10:19.900-0300] {dag.py:3722} INFO - Setting next_dagrun for example_weekday_branch_operator to 2023-11-27T00:00:00+00:00, run_after=2023-11-28T00:00:00+00:00
[2023-11-28T19:10:19.921-0300] {processor.py:179} INFO - Processing /home/marcos/anaconda3/envs/XPe-IGTI/lib/python3.8/site-packages/airflow/example_dags/example_branch_day_of_week_operator.py took 0.081 seconds
[2023-11-28T19:11:20.309-0300] {processor.py:157} INFO - Started process (PID=147142) to work on /home/marcos/anaconda3/envs/XPe-IGTI/lib/python3.8/site-packages/airflow/example_dags/example_branch_day_of_week_operator.py
[2023-11-28T19:11:20.311-0300] {processor.py:829} INFO - Processing file /home/marcos/anaconda3/envs/XPe-IGTI/lib/python3.8/site-packages/airflow/example_dags/example_branch_day_of_week_operator.py for tasks to queue
[2023-11-28T19:11:20.315-0300] {logging_mixin.py:154} INFO - [2023-11-28T19:11:20.315-0300] {dagbag.py:536} INFO - Filling up the DagBag from /home/marcos/anaconda3/envs/XPe-IGTI/lib/python3.8/site-packages/airflow/example_dags/example_branch_day_of_week_operator.py
[2023-11-28T19:11:20.336-0300] {processor.py:839} INFO - DAG(s) dict_keys(['example_weekday_branch_operator']) retrieved from /home/marcos/anaconda3/envs/XPe-IGTI/lib/python3.8/site-packages/airflow/example_dags/example_branch_day_of_week_operator.py
[2023-11-28T19:11:20.382-0300] {logging_mixin.py:154} INFO - [2023-11-28T19:11:20.381-0300] {dag.py:2941} INFO - Sync 1 DAGs
[2023-11-28T19:11:20.439-0300] {logging_mixin.py:154} INFO - [2023-11-28T19:11:20.438-0300] {dag.py:3722} INFO - Setting next_dagrun for example_weekday_branch_operator to 2023-11-27T00:00:00+00:00, run_after=2023-11-28T00:00:00+00:00
[2023-11-28T19:11:20.539-0300] {processor.py:179} INFO - Processing /home/marcos/anaconda3/envs/XPe-IGTI/lib/python3.8/site-packages/airflow/example_dags/example_branch_day_of_week_operator.py took 0.236 seconds
[2023-11-28T19:12:33.636-0300] {processor.py:157} INFO - Started process (PID=147359) to work on /home/marcos/anaconda3/envs/XPe-IGTI/lib/python3.8/site-packages/airflow/example_dags/example_branch_day_of_week_operator.py
[2023-11-28T19:12:33.640-0300] {processor.py:829} INFO - Processing file /home/marcos/anaconda3/envs/XPe-IGTI/lib/python3.8/site-packages/airflow/example_dags/example_branch_day_of_week_operator.py for tasks to queue
[2023-11-28T19:12:33.645-0300] {logging_mixin.py:154} INFO - [2023-11-28T19:12:33.644-0300] {dagbag.py:536} INFO - Filling up the DagBag from /home/marcos/anaconda3/envs/XPe-IGTI/lib/python3.8/site-packages/airflow/example_dags/example_branch_day_of_week_operator.py
[2023-11-28T19:12:33.656-0300] {processor.py:839} INFO - DAG(s) dict_keys(['example_weekday_branch_operator']) retrieved from /home/marcos/anaconda3/envs/XPe-IGTI/lib/python3.8/site-packages/airflow/example_dags/example_branch_day_of_week_operator.py
[2023-11-28T19:12:33.682-0300] {logging_mixin.py:154} INFO - [2023-11-28T19:12:33.681-0300] {dag.py:2941} INFO - Sync 1 DAGs
[2023-11-28T19:12:33.716-0300] {logging_mixin.py:154} INFO - [2023-11-28T19:12:33.716-0300] {dag.py:3722} INFO - Setting next_dagrun for example_weekday_branch_operator to 2023-11-27T00:00:00+00:00, run_after=2023-11-28T00:00:00+00:00
[2023-11-28T19:12:33.748-0300] {processor.py:179} INFO - Processing /home/marcos/anaconda3/envs/XPe-IGTI/lib/python3.8/site-packages/airflow/example_dags/example_branch_day_of_week_operator.py took 0.117 seconds
[2023-11-28T19:13:52.887-0300] {processor.py:157} INFO - Started process (PID=147518) to work on /home/marcos/anaconda3/envs/XPe-IGTI/lib/python3.8/site-packages/airflow/example_dags/example_branch_day_of_week_operator.py
[2023-11-28T19:13:52.889-0300] {processor.py:829} INFO - Processing file /home/marcos/anaconda3/envs/XPe-IGTI/lib/python3.8/site-packages/airflow/example_dags/example_branch_day_of_week_operator.py for tasks to queue
[2023-11-28T19:13:52.893-0300] {logging_mixin.py:154} INFO - [2023-11-28T19:13:52.892-0300] {dagbag.py:536} INFO - Filling up the DagBag from /home/marcos/anaconda3/envs/XPe-IGTI/lib/python3.8/site-packages/airflow/example_dags/example_branch_day_of_week_operator.py
[2023-11-28T19:13:52.905-0300] {processor.py:839} INFO - DAG(s) dict_keys(['example_weekday_branch_operator']) retrieved from /home/marcos/anaconda3/envs/XPe-IGTI/lib/python3.8/site-packages/airflow/example_dags/example_branch_day_of_week_operator.py
[2023-11-28T19:13:52.932-0300] {logging_mixin.py:154} INFO - [2023-11-28T19:13:52.931-0300] {dag.py:2941} INFO - Sync 1 DAGs
[2023-11-28T19:13:52.967-0300] {logging_mixin.py:154} INFO - [2023-11-28T19:13:52.966-0300] {dag.py:3722} INFO - Setting next_dagrun for example_weekday_branch_operator to 2023-11-27T00:00:00+00:00, run_after=2023-11-28T00:00:00+00:00
[2023-11-28T19:13:52.998-0300] {processor.py:179} INFO - Processing /home/marcos/anaconda3/envs/XPe-IGTI/lib/python3.8/site-packages/airflow/example_dags/example_branch_day_of_week_operator.py took 0.115 seconds
[2023-11-28T19:15:07.011-0300] {processor.py:157} INFO - Started process (PID=147602) to work on /home/marcos/anaconda3/envs/XPe-IGTI/lib/python3.8/site-packages/airflow/example_dags/example_branch_day_of_week_operator.py
[2023-11-28T19:15:07.015-0300] {processor.py:829} INFO - Processing file /home/marcos/anaconda3/envs/XPe-IGTI/lib/python3.8/site-packages/airflow/example_dags/example_branch_day_of_week_operator.py for tasks to queue
[2023-11-28T19:15:07.021-0300] {logging_mixin.py:154} INFO - [2023-11-28T19:15:07.020-0300] {dagbag.py:536} INFO - Filling up the DagBag from /home/marcos/anaconda3/envs/XPe-IGTI/lib/python3.8/site-packages/airflow/example_dags/example_branch_day_of_week_operator.py
[2023-11-28T19:15:07.037-0300] {processor.py:839} INFO - DAG(s) dict_keys(['example_weekday_branch_operator']) retrieved from /home/marcos/anaconda3/envs/XPe-IGTI/lib/python3.8/site-packages/airflow/example_dags/example_branch_day_of_week_operator.py
[2023-11-28T19:15:07.070-0300] {logging_mixin.py:154} INFO - [2023-11-28T19:15:07.069-0300] {dag.py:2941} INFO - Sync 1 DAGs
[2023-11-28T19:15:07.114-0300] {logging_mixin.py:154} INFO - [2023-11-28T19:15:07.114-0300] {dag.py:3722} INFO - Setting next_dagrun for example_weekday_branch_operator to 2023-11-27T00:00:00+00:00, run_after=2023-11-28T00:00:00+00:00
[2023-11-28T19:15:07.160-0300] {processor.py:179} INFO - Processing /home/marcos/anaconda3/envs/XPe-IGTI/lib/python3.8/site-packages/airflow/example_dags/example_branch_day_of_week_operator.py took 0.155 seconds
[2023-11-28T19:16:20.274-0300] {processor.py:157} INFO - Started process (PID=147679) to work on /home/marcos/anaconda3/envs/XPe-IGTI/lib/python3.8/site-packages/airflow/example_dags/example_branch_day_of_week_operator.py
[2023-11-28T19:16:20.279-0300] {processor.py:829} INFO - Processing file /home/marcos/anaconda3/envs/XPe-IGTI/lib/python3.8/site-packages/airflow/example_dags/example_branch_day_of_week_operator.py for tasks to queue
[2023-11-28T19:16:20.282-0300] {logging_mixin.py:154} INFO - [2023-11-28T19:16:20.281-0300] {dagbag.py:536} INFO - Filling up the DagBag from /home/marcos/anaconda3/envs/XPe-IGTI/lib/python3.8/site-packages/airflow/example_dags/example_branch_day_of_week_operator.py
[2023-11-28T19:16:20.294-0300] {processor.py:839} INFO - DAG(s) dict_keys(['example_weekday_branch_operator']) retrieved from /home/marcos/anaconda3/envs/XPe-IGTI/lib/python3.8/site-packages/airflow/example_dags/example_branch_day_of_week_operator.py
[2023-11-28T19:16:20.318-0300] {logging_mixin.py:154} INFO - [2023-11-28T19:16:20.318-0300] {dag.py:2941} INFO - Sync 1 DAGs
[2023-11-28T19:16:20.351-0300] {logging_mixin.py:154} INFO - [2023-11-28T19:16:20.351-0300] {dag.py:3722} INFO - Setting next_dagrun for example_weekday_branch_operator to 2023-11-27T00:00:00+00:00, run_after=2023-11-28T00:00:00+00:00
[2023-11-28T19:16:20.382-0300] {processor.py:179} INFO - Processing /home/marcos/anaconda3/envs/XPe-IGTI/lib/python3.8/site-packages/airflow/example_dags/example_branch_day_of_week_operator.py took 0.114 seconds
[2023-11-28T19:17:23.864-0300] {processor.py:157} INFO - Started process (PID=147777) to work on /home/marcos/anaconda3/envs/XPe-IGTI/lib/python3.8/site-packages/airflow/example_dags/example_branch_day_of_week_operator.py
[2023-11-28T19:17:23.869-0300] {processor.py:829} INFO - Processing file /home/marcos/anaconda3/envs/XPe-IGTI/lib/python3.8/site-packages/airflow/example_dags/example_branch_day_of_week_operator.py for tasks to queue
[2023-11-28T19:17:23.878-0300] {logging_mixin.py:154} INFO - [2023-11-28T19:17:23.876-0300] {dagbag.py:536} INFO - Filling up the DagBag from /home/marcos/anaconda3/envs/XPe-IGTI/lib/python3.8/site-packages/airflow/example_dags/example_branch_day_of_week_operator.py
[2023-11-28T19:17:23.899-0300] {processor.py:839} INFO - DAG(s) dict_keys(['example_weekday_branch_operator']) retrieved from /home/marcos/anaconda3/envs/XPe-IGTI/lib/python3.8/site-packages/airflow/example_dags/example_branch_day_of_week_operator.py
[2023-11-28T19:17:23.924-0300] {logging_mixin.py:154} INFO - [2023-11-28T19:17:23.923-0300] {dag.py:2941} INFO - Sync 1 DAGs
[2023-11-28T19:17:23.958-0300] {logging_mixin.py:154} INFO - [2023-11-28T19:17:23.957-0300] {dag.py:3722} INFO - Setting next_dagrun for example_weekday_branch_operator to 2023-11-27T00:00:00+00:00, run_after=2023-11-28T00:00:00+00:00
[2023-11-28T19:17:23.990-0300] {processor.py:179} INFO - Processing /home/marcos/anaconda3/envs/XPe-IGTI/lib/python3.8/site-packages/airflow/example_dags/example_branch_day_of_week_operator.py took 0.131 seconds
[2023-11-28T19:18:34.986-0300] {processor.py:157} INFO - Started process (PID=147859) to work on /home/marcos/anaconda3/envs/XPe-IGTI/lib/python3.8/site-packages/airflow/example_dags/example_branch_day_of_week_operator.py
[2023-11-28T19:18:34.991-0300] {processor.py:829} INFO - Processing file /home/marcos/anaconda3/envs/XPe-IGTI/lib/python3.8/site-packages/airflow/example_dags/example_branch_day_of_week_operator.py for tasks to queue
[2023-11-28T19:18:34.994-0300] {logging_mixin.py:154} INFO - [2023-11-28T19:18:34.994-0300] {dagbag.py:536} INFO - Filling up the DagBag from /home/marcos/anaconda3/envs/XPe-IGTI/lib/python3.8/site-packages/airflow/example_dags/example_branch_day_of_week_operator.py
[2023-11-28T19:18:35.006-0300] {processor.py:839} INFO - DAG(s) dict_keys(['example_weekday_branch_operator']) retrieved from /home/marcos/anaconda3/envs/XPe-IGTI/lib/python3.8/site-packages/airflow/example_dags/example_branch_day_of_week_operator.py
[2023-11-28T19:18:35.033-0300] {logging_mixin.py:154} INFO - [2023-11-28T19:18:35.032-0300] {dag.py:2941} INFO - Sync 1 DAGs
[2023-11-28T19:18:35.066-0300] {logging_mixin.py:154} INFO - [2023-11-28T19:18:35.066-0300] {dag.py:3722} INFO - Setting next_dagrun for example_weekday_branch_operator to 2023-11-27T00:00:00+00:00, run_after=2023-11-28T00:00:00+00:00
[2023-11-28T19:18:35.096-0300] {processor.py:179} INFO - Processing /home/marcos/anaconda3/envs/XPe-IGTI/lib/python3.8/site-packages/airflow/example_dags/example_branch_day_of_week_operator.py took 0.114 seconds
[2023-11-28T19:21:21.958-0300] {processor.py:157} INFO - Started process (PID=148648) to work on /home/marcos/anaconda3/envs/XPe-IGTI/lib/python3.8/site-packages/airflow/example_dags/example_branch_day_of_week_operator.py
[2023-11-28T19:21:21.963-0300] {processor.py:829} INFO - Processing file /home/marcos/anaconda3/envs/XPe-IGTI/lib/python3.8/site-packages/airflow/example_dags/example_branch_day_of_week_operator.py for tasks to queue
[2023-11-28T19:21:21.966-0300] {logging_mixin.py:154} INFO - [2023-11-28T19:21:21.966-0300] {dagbag.py:536} INFO - Filling up the DagBag from /home/marcos/anaconda3/envs/XPe-IGTI/lib/python3.8/site-packages/airflow/example_dags/example_branch_day_of_week_operator.py
[2023-11-28T19:21:21.978-0300] {processor.py:839} INFO - DAG(s) dict_keys(['example_weekday_branch_operator']) retrieved from /home/marcos/anaconda3/envs/XPe-IGTI/lib/python3.8/site-packages/airflow/example_dags/example_branch_day_of_week_operator.py
[2023-11-28T19:21:22.005-0300] {logging_mixin.py:154} INFO - [2023-11-28T19:21:22.004-0300] {dag.py:2941} INFO - Sync 1 DAGs
[2023-11-28T19:21:22.039-0300] {logging_mixin.py:154} INFO - [2023-11-28T19:21:22.039-0300] {dag.py:3722} INFO - Setting next_dagrun for example_weekday_branch_operator to 2023-11-27T00:00:00+00:00, run_after=2023-11-28T00:00:00+00:00
[2023-11-28T19:21:22.068-0300] {processor.py:179} INFO - Processing /home/marcos/anaconda3/envs/XPe-IGTI/lib/python3.8/site-packages/airflow/example_dags/example_branch_day_of_week_operator.py took 0.116 seconds
[2023-11-28T19:22:31.570-0300] {processor.py:157} INFO - Started process (PID=148845) to work on /home/marcos/anaconda3/envs/XPe-IGTI/lib/python3.8/site-packages/airflow/example_dags/example_branch_day_of_week_operator.py
[2023-11-28T19:22:31.572-0300] {processor.py:829} INFO - Processing file /home/marcos/anaconda3/envs/XPe-IGTI/lib/python3.8/site-packages/airflow/example_dags/example_branch_day_of_week_operator.py for tasks to queue
[2023-11-28T19:22:31.578-0300] {logging_mixin.py:154} INFO - [2023-11-28T19:22:31.577-0300] {dagbag.py:536} INFO - Filling up the DagBag from /home/marcos/anaconda3/envs/XPe-IGTI/lib/python3.8/site-packages/airflow/example_dags/example_branch_day_of_week_operator.py
[2023-11-28T19:22:31.597-0300] {processor.py:839} INFO - DAG(s) dict_keys(['example_weekday_branch_operator']) retrieved from /home/marcos/anaconda3/envs/XPe-IGTI/lib/python3.8/site-packages/airflow/example_dags/example_branch_day_of_week_operator.py
[2023-11-28T19:22:31.634-0300] {logging_mixin.py:154} INFO - [2023-11-28T19:22:31.633-0300] {dag.py:2941} INFO - Sync 1 DAGs
[2023-11-28T19:22:31.687-0300] {logging_mixin.py:154} INFO - [2023-11-28T19:22:31.686-0300] {dag.py:3722} INFO - Setting next_dagrun for example_weekday_branch_operator to 2023-11-27T00:00:00+00:00, run_after=2023-11-28T00:00:00+00:00
[2023-11-28T19:22:31.730-0300] {processor.py:179} INFO - Processing /home/marcos/anaconda3/envs/XPe-IGTI/lib/python3.8/site-packages/airflow/example_dags/example_branch_day_of_week_operator.py took 0.166 seconds
[2023-11-28T19:23:44.021-0300] {processor.py:157} INFO - Started process (PID=148946) to work on /home/marcos/anaconda3/envs/XPe-IGTI/lib/python3.8/site-packages/airflow/example_dags/example_branch_day_of_week_operator.py
[2023-11-28T19:23:44.026-0300] {processor.py:829} INFO - Processing file /home/marcos/anaconda3/envs/XPe-IGTI/lib/python3.8/site-packages/airflow/example_dags/example_branch_day_of_week_operator.py for tasks to queue
[2023-11-28T19:23:44.029-0300] {logging_mixin.py:154} INFO - [2023-11-28T19:23:44.028-0300] {dagbag.py:536} INFO - Filling up the DagBag from /home/marcos/anaconda3/envs/XPe-IGTI/lib/python3.8/site-packages/airflow/example_dags/example_branch_day_of_week_operator.py
[2023-11-28T19:23:44.041-0300] {processor.py:839} INFO - DAG(s) dict_keys(['example_weekday_branch_operator']) retrieved from /home/marcos/anaconda3/envs/XPe-IGTI/lib/python3.8/site-packages/airflow/example_dags/example_branch_day_of_week_operator.py
[2023-11-28T19:23:44.076-0300] {logging_mixin.py:154} INFO - [2023-11-28T19:23:44.075-0300] {dag.py:2941} INFO - Sync 1 DAGs
[2023-11-28T19:23:44.108-0300] {logging_mixin.py:154} INFO - [2023-11-28T19:23:44.108-0300] {dag.py:3722} INFO - Setting next_dagrun for example_weekday_branch_operator to 2023-11-27T00:00:00+00:00, run_after=2023-11-28T00:00:00+00:00
[2023-11-28T19:23:44.140-0300] {processor.py:179} INFO - Processing /home/marcos/anaconda3/envs/XPe-IGTI/lib/python3.8/site-packages/airflow/example_dags/example_branch_day_of_week_operator.py took 0.123 seconds
[2023-11-28T19:24:50.928-0300] {processor.py:157} INFO - Started process (PID=149017) to work on /home/marcos/anaconda3/envs/XPe-IGTI/lib/python3.8/site-packages/airflow/example_dags/example_branch_day_of_week_operator.py
[2023-11-28T19:24:50.933-0300] {processor.py:829} INFO - Processing file /home/marcos/anaconda3/envs/XPe-IGTI/lib/python3.8/site-packages/airflow/example_dags/example_branch_day_of_week_operator.py for tasks to queue
[2023-11-28T19:24:50.943-0300] {logging_mixin.py:154} INFO - [2023-11-28T19:24:50.940-0300] {dagbag.py:536} INFO - Filling up the DagBag from /home/marcos/anaconda3/envs/XPe-IGTI/lib/python3.8/site-packages/airflow/example_dags/example_branch_day_of_week_operator.py
[2023-11-28T19:24:50.960-0300] {processor.py:839} INFO - DAG(s) dict_keys(['example_weekday_branch_operator']) retrieved from /home/marcos/anaconda3/envs/XPe-IGTI/lib/python3.8/site-packages/airflow/example_dags/example_branch_day_of_week_operator.py
[2023-11-28T19:24:50.988-0300] {logging_mixin.py:154} INFO - [2023-11-28T19:24:50.987-0300] {dag.py:2941} INFO - Sync 1 DAGs
[2023-11-28T19:24:51.021-0300] {logging_mixin.py:154} INFO - [2023-11-28T19:24:51.021-0300] {dag.py:3722} INFO - Setting next_dagrun for example_weekday_branch_operator to 2023-11-27T00:00:00+00:00, run_after=2023-11-28T00:00:00+00:00
[2023-11-28T19:24:51.054-0300] {processor.py:179} INFO - Processing /home/marcos/anaconda3/envs/XPe-IGTI/lib/python3.8/site-packages/airflow/example_dags/example_branch_day_of_week_operator.py took 0.131 seconds
[2023-11-28T19:26:06.275-0300] {processor.py:157} INFO - Started process (PID=149098) to work on /home/marcos/anaconda3/envs/XPe-IGTI/lib/python3.8/site-packages/airflow/example_dags/example_branch_day_of_week_operator.py
[2023-11-28T19:26:06.280-0300] {processor.py:829} INFO - Processing file /home/marcos/anaconda3/envs/XPe-IGTI/lib/python3.8/site-packages/airflow/example_dags/example_branch_day_of_week_operator.py for tasks to queue
[2023-11-28T19:26:06.285-0300] {logging_mixin.py:154} INFO - [2023-11-28T19:26:06.284-0300] {dagbag.py:536} INFO - Filling up the DagBag from /home/marcos/anaconda3/envs/XPe-IGTI/lib/python3.8/site-packages/airflow/example_dags/example_branch_day_of_week_operator.py
[2023-11-28T19:26:06.298-0300] {processor.py:839} INFO - DAG(s) dict_keys(['example_weekday_branch_operator']) retrieved from /home/marcos/anaconda3/envs/XPe-IGTI/lib/python3.8/site-packages/airflow/example_dags/example_branch_day_of_week_operator.py
[2023-11-28T19:26:06.325-0300] {logging_mixin.py:154} INFO - [2023-11-28T19:26:06.324-0300] {dag.py:2941} INFO - Sync 1 DAGs
[2023-11-28T19:26:06.361-0300] {logging_mixin.py:154} INFO - [2023-11-28T19:26:06.360-0300] {dag.py:3722} INFO - Setting next_dagrun for example_weekday_branch_operator to 2023-11-27T00:00:00+00:00, run_after=2023-11-28T00:00:00+00:00
[2023-11-28T19:26:06.392-0300] {processor.py:179} INFO - Processing /home/marcos/anaconda3/envs/XPe-IGTI/lib/python3.8/site-packages/airflow/example_dags/example_branch_day_of_week_operator.py took 0.122 seconds
[2023-11-28T19:27:17.094-0300] {processor.py:157} INFO - Started process (PID=149199) to work on /home/marcos/anaconda3/envs/XPe-IGTI/lib/python3.8/site-packages/airflow/example_dags/example_branch_day_of_week_operator.py
[2023-11-28T19:27:17.095-0300] {processor.py:829} INFO - Processing file /home/marcos/anaconda3/envs/XPe-IGTI/lib/python3.8/site-packages/airflow/example_dags/example_branch_day_of_week_operator.py for tasks to queue
[2023-11-28T19:27:17.098-0300] {logging_mixin.py:154} INFO - [2023-11-28T19:27:17.098-0300] {dagbag.py:536} INFO - Filling up the DagBag from /home/marcos/anaconda3/envs/XPe-IGTI/lib/python3.8/site-packages/airflow/example_dags/example_branch_day_of_week_operator.py
[2023-11-28T19:27:17.108-0300] {processor.py:839} INFO - DAG(s) dict_keys(['example_weekday_branch_operator']) retrieved from /home/marcos/anaconda3/envs/XPe-IGTI/lib/python3.8/site-packages/airflow/example_dags/example_branch_day_of_week_operator.py
[2023-11-28T19:27:17.125-0300] {logging_mixin.py:154} INFO - [2023-11-28T19:27:17.125-0300] {dag.py:2941} INFO - Sync 1 DAGs
[2023-11-28T19:27:17.146-0300] {logging_mixin.py:154} INFO - [2023-11-28T19:27:17.146-0300] {dag.py:3722} INFO - Setting next_dagrun for example_weekday_branch_operator to 2023-11-27T00:00:00+00:00, run_after=2023-11-28T00:00:00+00:00
[2023-11-28T19:27:17.164-0300] {processor.py:179} INFO - Processing /home/marcos/anaconda3/envs/XPe-IGTI/lib/python3.8/site-packages/airflow/example_dags/example_branch_day_of_week_operator.py took 0.074 seconds
[2023-11-28T19:28:14.164-0300] {processor.py:157} INFO - Started process (PID=149301) to work on /home/marcos/anaconda3/envs/XPe-IGTI/lib/python3.8/site-packages/airflow/example_dags/example_branch_day_of_week_operator.py
[2023-11-28T19:28:14.169-0300] {processor.py:829} INFO - Processing file /home/marcos/anaconda3/envs/XPe-IGTI/lib/python3.8/site-packages/airflow/example_dags/example_branch_day_of_week_operator.py for tasks to queue
[2023-11-28T19:28:14.171-0300] {logging_mixin.py:154} INFO - [2023-11-28T19:28:14.171-0300] {dagbag.py:536} INFO - Filling up the DagBag from /home/marcos/anaconda3/envs/XPe-IGTI/lib/python3.8/site-packages/airflow/example_dags/example_branch_day_of_week_operator.py
[2023-11-28T19:28:14.180-0300] {processor.py:839} INFO - DAG(s) dict_keys(['example_weekday_branch_operator']) retrieved from /home/marcos/anaconda3/envs/XPe-IGTI/lib/python3.8/site-packages/airflow/example_dags/example_branch_day_of_week_operator.py
[2023-11-28T19:28:14.197-0300] {logging_mixin.py:154} INFO - [2023-11-28T19:28:14.197-0300] {dag.py:2941} INFO - Sync 1 DAGs
[2023-11-28T19:28:14.221-0300] {logging_mixin.py:154} INFO - [2023-11-28T19:28:14.221-0300] {dag.py:3722} INFO - Setting next_dagrun for example_weekday_branch_operator to 2023-11-27T00:00:00+00:00, run_after=2023-11-28T00:00:00+00:00
[2023-11-28T19:28:14.244-0300] {processor.py:179} INFO - Processing /home/marcos/anaconda3/envs/XPe-IGTI/lib/python3.8/site-packages/airflow/example_dags/example_branch_day_of_week_operator.py took 0.083 seconds
