[2023-11-27T21:00:42.270-0300] {processor.py:157} INFO - Started process (PID=51759) to work on /home/marcos/anaconda3/envs/XPe-IGTI/lib/python3.8/site-packages/airflow/example_dags/example_kubernetes_executor.py
[2023-11-27T21:00:42.272-0300] {processor.py:829} INFO - Processing file /home/marcos/anaconda3/envs/XPe-IGTI/lib/python3.8/site-packages/airflow/example_dags/example_kubernetes_executor.py for tasks to queue
[2023-11-27T21:00:42.273-0300] {logging_mixin.py:154} INFO - [2023-11-27T21:00:42.273-0300] {dagbag.py:536} INFO - Filling up the DagBag from /home/marcos/anaconda3/envs/XPe-IGTI/lib/python3.8/site-packages/airflow/example_dags/example_kubernetes_executor.py
[2023-11-27T21:00:42.279-0300] {logging_mixin.py:154} INFO - [2023-11-27T21:00:42.279-0300] {example_kubernetes_executor.py:38} WARNING - The example_kubernetes_executor example DAG requires the kubernetes provider. Please install it with: pip install apache-airflow[cncf.kubernetes]
[2023-11-27T21:00:42.280-0300] {processor.py:841} WARNING - No viable dags retrieved from /home/marcos/anaconda3/envs/XPe-IGTI/lib/python3.8/site-packages/airflow/example_dags/example_kubernetes_executor.py
[2023-11-27T21:00:42.298-0300] {processor.py:179} INFO - Processing /home/marcos/anaconda3/envs/XPe-IGTI/lib/python3.8/site-packages/airflow/example_dags/example_kubernetes_executor.py took 0.034 seconds
[2023-11-27T21:01:42.552-0300] {processor.py:157} INFO - Started process (PID=51829) to work on /home/marcos/anaconda3/envs/XPe-IGTI/lib/python3.8/site-packages/airflow/example_dags/example_kubernetes_executor.py
[2023-11-27T21:01:42.557-0300] {processor.py:829} INFO - Processing file /home/marcos/anaconda3/envs/XPe-IGTI/lib/python3.8/site-packages/airflow/example_dags/example_kubernetes_executor.py for tasks to queue
[2023-11-27T21:01:42.559-0300] {logging_mixin.py:154} INFO - [2023-11-27T21:01:42.559-0300] {dagbag.py:536} INFO - Filling up the DagBag from /home/marcos/anaconda3/envs/XPe-IGTI/lib/python3.8/site-packages/airflow/example_dags/example_kubernetes_executor.py
[2023-11-27T21:01:42.565-0300] {logging_mixin.py:154} INFO - [2023-11-27T21:01:42.565-0300] {example_kubernetes_executor.py:38} WARNING - The example_kubernetes_executor example DAG requires the kubernetes provider. Please install it with: pip install apache-airflow[cncf.kubernetes]
[2023-11-27T21:01:42.565-0300] {processor.py:841} WARNING - No viable dags retrieved from /home/marcos/anaconda3/envs/XPe-IGTI/lib/python3.8/site-packages/airflow/example_dags/example_kubernetes_executor.py
[2023-11-27T21:01:42.582-0300] {processor.py:179} INFO - Processing /home/marcos/anaconda3/envs/XPe-IGTI/lib/python3.8/site-packages/airflow/example_dags/example_kubernetes_executor.py took 0.035 seconds
[2023-11-27T21:02:41.254-0300] {processor.py:157} INFO - Started process (PID=51937) to work on /home/marcos/anaconda3/envs/XPe-IGTI/lib/python3.8/site-packages/airflow/example_dags/example_kubernetes_executor.py
[2023-11-27T21:02:41.259-0300] {processor.py:829} INFO - Processing file /home/marcos/anaconda3/envs/XPe-IGTI/lib/python3.8/site-packages/airflow/example_dags/example_kubernetes_executor.py for tasks to queue
[2023-11-27T21:02:41.260-0300] {logging_mixin.py:154} INFO - [2023-11-27T21:02:41.260-0300] {dagbag.py:536} INFO - Filling up the DagBag from /home/marcos/anaconda3/envs/XPe-IGTI/lib/python3.8/site-packages/airflow/example_dags/example_kubernetes_executor.py
[2023-11-27T21:02:41.268-0300] {logging_mixin.py:154} INFO - [2023-11-27T21:02:41.268-0300] {example_kubernetes_executor.py:38} WARNING - The example_kubernetes_executor example DAG requires the kubernetes provider. Please install it with: pip install apache-airflow[cncf.kubernetes]
[2023-11-27T21:02:41.268-0300] {processor.py:841} WARNING - No viable dags retrieved from /home/marcos/anaconda3/envs/XPe-IGTI/lib/python3.8/site-packages/airflow/example_dags/example_kubernetes_executor.py
[2023-11-27T21:02:41.283-0300] {processor.py:179} INFO - Processing /home/marcos/anaconda3/envs/XPe-IGTI/lib/python3.8/site-packages/airflow/example_dags/example_kubernetes_executor.py took 0.033 seconds
[2023-11-27T21:03:45.417-0300] {processor.py:157} INFO - Started process (PID=52007) to work on /home/marcos/anaconda3/envs/XPe-IGTI/lib/python3.8/site-packages/airflow/example_dags/example_kubernetes_executor.py
[2023-11-27T21:03:45.422-0300] {processor.py:829} INFO - Processing file /home/marcos/anaconda3/envs/XPe-IGTI/lib/python3.8/site-packages/airflow/example_dags/example_kubernetes_executor.py for tasks to queue
[2023-11-27T21:03:45.423-0300] {logging_mixin.py:154} INFO - [2023-11-27T21:03:45.422-0300] {dagbag.py:536} INFO - Filling up the DagBag from /home/marcos/anaconda3/envs/XPe-IGTI/lib/python3.8/site-packages/airflow/example_dags/example_kubernetes_executor.py
[2023-11-27T21:03:45.428-0300] {logging_mixin.py:154} INFO - [2023-11-27T21:03:45.428-0300] {example_kubernetes_executor.py:38} WARNING - The example_kubernetes_executor example DAG requires the kubernetes provider. Please install it with: pip install apache-airflow[cncf.kubernetes]
[2023-11-27T21:03:45.428-0300] {processor.py:841} WARNING - No viable dags retrieved from /home/marcos/anaconda3/envs/XPe-IGTI/lib/python3.8/site-packages/airflow/example_dags/example_kubernetes_executor.py
[2023-11-27T21:03:45.445-0300] {processor.py:179} INFO - Processing /home/marcos/anaconda3/envs/XPe-IGTI/lib/python3.8/site-packages/airflow/example_dags/example_kubernetes_executor.py took 0.031 seconds
[2023-11-27T21:04:50.721-0300] {processor.py:157} INFO - Started process (PID=52100) to work on /home/marcos/anaconda3/envs/XPe-IGTI/lib/python3.8/site-packages/airflow/example_dags/example_kubernetes_executor.py
[2023-11-27T21:04:50.727-0300] {processor.py:829} INFO - Processing file /home/marcos/anaconda3/envs/XPe-IGTI/lib/python3.8/site-packages/airflow/example_dags/example_kubernetes_executor.py for tasks to queue
[2023-11-27T21:04:50.730-0300] {logging_mixin.py:154} INFO - [2023-11-27T21:04:50.729-0300] {dagbag.py:536} INFO - Filling up the DagBag from /home/marcos/anaconda3/envs/XPe-IGTI/lib/python3.8/site-packages/airflow/example_dags/example_kubernetes_executor.py
[2023-11-27T21:04:50.746-0300] {logging_mixin.py:154} INFO - [2023-11-27T21:04:50.745-0300] {example_kubernetes_executor.py:38} WARNING - The example_kubernetes_executor example DAG requires the kubernetes provider. Please install it with: pip install apache-airflow[cncf.kubernetes]
[2023-11-27T21:04:50.747-0300] {processor.py:841} WARNING - No viable dags retrieved from /home/marcos/anaconda3/envs/XPe-IGTI/lib/python3.8/site-packages/airflow/example_dags/example_kubernetes_executor.py
[2023-11-27T21:04:50.785-0300] {processor.py:179} INFO - Processing /home/marcos/anaconda3/envs/XPe-IGTI/lib/python3.8/site-packages/airflow/example_dags/example_kubernetes_executor.py took 0.078 seconds
[2023-11-27T21:05:54.573-0300] {processor.py:157} INFO - Started process (PID=52197) to work on /home/marcos/anaconda3/envs/XPe-IGTI/lib/python3.8/site-packages/airflow/example_dags/example_kubernetes_executor.py
[2023-11-27T21:05:54.577-0300] {processor.py:829} INFO - Processing file /home/marcos/anaconda3/envs/XPe-IGTI/lib/python3.8/site-packages/airflow/example_dags/example_kubernetes_executor.py for tasks to queue
[2023-11-27T21:05:54.579-0300] {logging_mixin.py:154} INFO - [2023-11-27T21:05:54.578-0300] {dagbag.py:536} INFO - Filling up the DagBag from /home/marcos/anaconda3/envs/XPe-IGTI/lib/python3.8/site-packages/airflow/example_dags/example_kubernetes_executor.py
[2023-11-27T21:05:54.584-0300] {logging_mixin.py:154} INFO - [2023-11-27T21:05:54.584-0300] {example_kubernetes_executor.py:38} WARNING - The example_kubernetes_executor example DAG requires the kubernetes provider. Please install it with: pip install apache-airflow[cncf.kubernetes]
[2023-11-27T21:05:54.584-0300] {processor.py:841} WARNING - No viable dags retrieved from /home/marcos/anaconda3/envs/XPe-IGTI/lib/python3.8/site-packages/airflow/example_dags/example_kubernetes_executor.py
[2023-11-27T21:05:54.599-0300] {processor.py:179} INFO - Processing /home/marcos/anaconda3/envs/XPe-IGTI/lib/python3.8/site-packages/airflow/example_dags/example_kubernetes_executor.py took 0.030 seconds
[2023-11-27T21:06:56.266-0300] {processor.py:157} INFO - Started process (PID=52298) to work on /home/marcos/anaconda3/envs/XPe-IGTI/lib/python3.8/site-packages/airflow/example_dags/example_kubernetes_executor.py
[2023-11-27T21:06:56.270-0300] {processor.py:829} INFO - Processing file /home/marcos/anaconda3/envs/XPe-IGTI/lib/python3.8/site-packages/airflow/example_dags/example_kubernetes_executor.py for tasks to queue
[2023-11-27T21:06:56.272-0300] {logging_mixin.py:154} INFO - [2023-11-27T21:06:56.271-0300] {dagbag.py:536} INFO - Filling up the DagBag from /home/marcos/anaconda3/envs/XPe-IGTI/lib/python3.8/site-packages/airflow/example_dags/example_kubernetes_executor.py
[2023-11-27T21:06:56.279-0300] {logging_mixin.py:154} INFO - [2023-11-27T21:06:56.278-0300] {example_kubernetes_executor.py:38} WARNING - The example_kubernetes_executor example DAG requires the kubernetes provider. Please install it with: pip install apache-airflow[cncf.kubernetes]
[2023-11-27T21:06:56.279-0300] {processor.py:841} WARNING - No viable dags retrieved from /home/marcos/anaconda3/envs/XPe-IGTI/lib/python3.8/site-packages/airflow/example_dags/example_kubernetes_executor.py
[2023-11-27T21:06:56.297-0300] {processor.py:179} INFO - Processing /home/marcos/anaconda3/envs/XPe-IGTI/lib/python3.8/site-packages/airflow/example_dags/example_kubernetes_executor.py took 0.035 seconds
[2023-11-27T21:07:54.809-0300] {processor.py:157} INFO - Started process (PID=52368) to work on /home/marcos/anaconda3/envs/XPe-IGTI/lib/python3.8/site-packages/airflow/example_dags/example_kubernetes_executor.py
[2023-11-27T21:07:54.814-0300] {processor.py:829} INFO - Processing file /home/marcos/anaconda3/envs/XPe-IGTI/lib/python3.8/site-packages/airflow/example_dags/example_kubernetes_executor.py for tasks to queue
[2023-11-27T21:07:54.815-0300] {logging_mixin.py:154} INFO - [2023-11-27T21:07:54.814-0300] {dagbag.py:536} INFO - Filling up the DagBag from /home/marcos/anaconda3/envs/XPe-IGTI/lib/python3.8/site-packages/airflow/example_dags/example_kubernetes_executor.py
[2023-11-27T21:07:54.821-0300] {logging_mixin.py:154} INFO - [2023-11-27T21:07:54.820-0300] {example_kubernetes_executor.py:38} WARNING - The example_kubernetes_executor example DAG requires the kubernetes provider. Please install it with: pip install apache-airflow[cncf.kubernetes]
[2023-11-27T21:07:54.821-0300] {processor.py:841} WARNING - No viable dags retrieved from /home/marcos/anaconda3/envs/XPe-IGTI/lib/python3.8/site-packages/airflow/example_dags/example_kubernetes_executor.py
[2023-11-27T21:07:54.836-0300] {processor.py:179} INFO - Processing /home/marcos/anaconda3/envs/XPe-IGTI/lib/python3.8/site-packages/airflow/example_dags/example_kubernetes_executor.py took 0.032 seconds
[2023-11-27T21:08:59.704-0300] {processor.py:157} INFO - Started process (PID=52446) to work on /home/marcos/anaconda3/envs/XPe-IGTI/lib/python3.8/site-packages/airflow/example_dags/example_kubernetes_executor.py
[2023-11-27T21:08:59.709-0300] {processor.py:829} INFO - Processing file /home/marcos/anaconda3/envs/XPe-IGTI/lib/python3.8/site-packages/airflow/example_dags/example_kubernetes_executor.py for tasks to queue
[2023-11-27T21:08:59.710-0300] {logging_mixin.py:154} INFO - [2023-11-27T21:08:59.710-0300] {dagbag.py:536} INFO - Filling up the DagBag from /home/marcos/anaconda3/envs/XPe-IGTI/lib/python3.8/site-packages/airflow/example_dags/example_kubernetes_executor.py
[2023-11-27T21:08:59.716-0300] {logging_mixin.py:154} INFO - [2023-11-27T21:08:59.716-0300] {example_kubernetes_executor.py:38} WARNING - The example_kubernetes_executor example DAG requires the kubernetes provider. Please install it with: pip install apache-airflow[cncf.kubernetes]
[2023-11-27T21:08:59.716-0300] {processor.py:841} WARNING - No viable dags retrieved from /home/marcos/anaconda3/envs/XPe-IGTI/lib/python3.8/site-packages/airflow/example_dags/example_kubernetes_executor.py
[2023-11-27T21:08:59.731-0300] {processor.py:179} INFO - Processing /home/marcos/anaconda3/envs/XPe-IGTI/lib/python3.8/site-packages/airflow/example_dags/example_kubernetes_executor.py took 0.031 seconds
[2023-11-27T21:10:04.746-0300] {processor.py:157} INFO - Started process (PID=52519) to work on /home/marcos/anaconda3/envs/XPe-IGTI/lib/python3.8/site-packages/airflow/example_dags/example_kubernetes_executor.py
[2023-11-27T21:10:04.751-0300] {processor.py:829} INFO - Processing file /home/marcos/anaconda3/envs/XPe-IGTI/lib/python3.8/site-packages/airflow/example_dags/example_kubernetes_executor.py for tasks to queue
[2023-11-27T21:10:04.753-0300] {logging_mixin.py:154} INFO - [2023-11-27T21:10:04.752-0300] {dagbag.py:536} INFO - Filling up the DagBag from /home/marcos/anaconda3/envs/XPe-IGTI/lib/python3.8/site-packages/airflow/example_dags/example_kubernetes_executor.py
[2023-11-27T21:10:04.766-0300] {logging_mixin.py:154} INFO - [2023-11-27T21:10:04.765-0300] {example_kubernetes_executor.py:38} WARNING - The example_kubernetes_executor example DAG requires the kubernetes provider. Please install it with: pip install apache-airflow[cncf.kubernetes]
[2023-11-27T21:10:04.769-0300] {processor.py:841} WARNING - No viable dags retrieved from /home/marcos/anaconda3/envs/XPe-IGTI/lib/python3.8/site-packages/airflow/example_dags/example_kubernetes_executor.py
[2023-11-27T21:10:04.785-0300] {processor.py:179} INFO - Processing /home/marcos/anaconda3/envs/XPe-IGTI/lib/python3.8/site-packages/airflow/example_dags/example_kubernetes_executor.py took 0.043 seconds
[2023-11-27T21:11:11.653-0300] {processor.py:157} INFO - Started process (PID=52601) to work on /home/marcos/anaconda3/envs/XPe-IGTI/lib/python3.8/site-packages/airflow/example_dags/example_kubernetes_executor.py
[2023-11-27T21:11:11.658-0300] {processor.py:829} INFO - Processing file /home/marcos/anaconda3/envs/XPe-IGTI/lib/python3.8/site-packages/airflow/example_dags/example_kubernetes_executor.py for tasks to queue
[2023-11-27T21:11:11.659-0300] {logging_mixin.py:154} INFO - [2023-11-27T21:11:11.659-0300] {dagbag.py:536} INFO - Filling up the DagBag from /home/marcos/anaconda3/envs/XPe-IGTI/lib/python3.8/site-packages/airflow/example_dags/example_kubernetes_executor.py
[2023-11-27T21:11:11.665-0300] {logging_mixin.py:154} INFO - [2023-11-27T21:11:11.664-0300] {example_kubernetes_executor.py:38} WARNING - The example_kubernetes_executor example DAG requires the kubernetes provider. Please install it with: pip install apache-airflow[cncf.kubernetes]
[2023-11-27T21:11:11.665-0300] {processor.py:841} WARNING - No viable dags retrieved from /home/marcos/anaconda3/envs/XPe-IGTI/lib/python3.8/site-packages/airflow/example_dags/example_kubernetes_executor.py
[2023-11-27T21:11:11.680-0300] {processor.py:179} INFO - Processing /home/marcos/anaconda3/envs/XPe-IGTI/lib/python3.8/site-packages/airflow/example_dags/example_kubernetes_executor.py took 0.031 seconds
[2023-11-27T21:12:19.430-0300] {processor.py:157} INFO - Started process (PID=52702) to work on /home/marcos/anaconda3/envs/XPe-IGTI/lib/python3.8/site-packages/airflow/example_dags/example_kubernetes_executor.py
[2023-11-27T21:12:19.435-0300] {processor.py:829} INFO - Processing file /home/marcos/anaconda3/envs/XPe-IGTI/lib/python3.8/site-packages/airflow/example_dags/example_kubernetes_executor.py for tasks to queue
[2023-11-27T21:12:19.436-0300] {logging_mixin.py:154} INFO - [2023-11-27T21:12:19.435-0300] {dagbag.py:536} INFO - Filling up the DagBag from /home/marcos/anaconda3/envs/XPe-IGTI/lib/python3.8/site-packages/airflow/example_dags/example_kubernetes_executor.py
[2023-11-27T21:12:19.441-0300] {logging_mixin.py:154} INFO - [2023-11-27T21:12:19.441-0300] {example_kubernetes_executor.py:38} WARNING - The example_kubernetes_executor example DAG requires the kubernetes provider. Please install it with: pip install apache-airflow[cncf.kubernetes]
[2023-11-27T21:12:19.441-0300] {processor.py:841} WARNING - No viable dags retrieved from /home/marcos/anaconda3/envs/XPe-IGTI/lib/python3.8/site-packages/airflow/example_dags/example_kubernetes_executor.py
[2023-11-27T21:12:19.455-0300] {processor.py:179} INFO - Processing /home/marcos/anaconda3/envs/XPe-IGTI/lib/python3.8/site-packages/airflow/example_dags/example_kubernetes_executor.py took 0.029 seconds
[2023-11-27T21:13:19.074-0300] {processor.py:157} INFO - Started process (PID=52779) to work on /home/marcos/anaconda3/envs/XPe-IGTI/lib/python3.8/site-packages/airflow/example_dags/example_kubernetes_executor.py
[2023-11-27T21:13:19.079-0300] {processor.py:829} INFO - Processing file /home/marcos/anaconda3/envs/XPe-IGTI/lib/python3.8/site-packages/airflow/example_dags/example_kubernetes_executor.py for tasks to queue
[2023-11-27T21:13:19.081-0300] {logging_mixin.py:154} INFO - [2023-11-27T21:13:19.080-0300] {dagbag.py:536} INFO - Filling up the DagBag from /home/marcos/anaconda3/envs/XPe-IGTI/lib/python3.8/site-packages/airflow/example_dags/example_kubernetes_executor.py
[2023-11-27T21:13:19.088-0300] {logging_mixin.py:154} INFO - [2023-11-27T21:13:19.088-0300] {example_kubernetes_executor.py:38} WARNING - The example_kubernetes_executor example DAG requires the kubernetes provider. Please install it with: pip install apache-airflow[cncf.kubernetes]
[2023-11-27T21:13:19.089-0300] {processor.py:841} WARNING - No viable dags retrieved from /home/marcos/anaconda3/envs/XPe-IGTI/lib/python3.8/site-packages/airflow/example_dags/example_kubernetes_executor.py
[2023-11-27T21:13:19.104-0300] {processor.py:179} INFO - Processing /home/marcos/anaconda3/envs/XPe-IGTI/lib/python3.8/site-packages/airflow/example_dags/example_kubernetes_executor.py took 0.037 seconds
[2023-11-27T21:14:19.970-0300] {processor.py:157} INFO - Started process (PID=52887) to work on /home/marcos/anaconda3/envs/XPe-IGTI/lib/python3.8/site-packages/airflow/example_dags/example_kubernetes_executor.py
[2023-11-27T21:14:19.975-0300] {processor.py:829} INFO - Processing file /home/marcos/anaconda3/envs/XPe-IGTI/lib/python3.8/site-packages/airflow/example_dags/example_kubernetes_executor.py for tasks to queue
[2023-11-27T21:14:19.976-0300] {logging_mixin.py:154} INFO - [2023-11-27T21:14:19.976-0300] {dagbag.py:536} INFO - Filling up the DagBag from /home/marcos/anaconda3/envs/XPe-IGTI/lib/python3.8/site-packages/airflow/example_dags/example_kubernetes_executor.py
[2023-11-27T21:14:19.981-0300] {logging_mixin.py:154} INFO - [2023-11-27T21:14:19.981-0300] {example_kubernetes_executor.py:38} WARNING - The example_kubernetes_executor example DAG requires the kubernetes provider. Please install it with: pip install apache-airflow[cncf.kubernetes]
[2023-11-27T21:14:19.982-0300] {processor.py:841} WARNING - No viable dags retrieved from /home/marcos/anaconda3/envs/XPe-IGTI/lib/python3.8/site-packages/airflow/example_dags/example_kubernetes_executor.py
[2023-11-27T21:14:20.001-0300] {processor.py:179} INFO - Processing /home/marcos/anaconda3/envs/XPe-IGTI/lib/python3.8/site-packages/airflow/example_dags/example_kubernetes_executor.py took 0.036 seconds
[2023-11-27T21:15:28.191-0300] {processor.py:157} INFO - Started process (PID=52989) to work on /home/marcos/anaconda3/envs/XPe-IGTI/lib/python3.8/site-packages/airflow/example_dags/example_kubernetes_executor.py
[2023-11-27T21:15:28.196-0300] {processor.py:829} INFO - Processing file /home/marcos/anaconda3/envs/XPe-IGTI/lib/python3.8/site-packages/airflow/example_dags/example_kubernetes_executor.py for tasks to queue
[2023-11-27T21:15:28.198-0300] {logging_mixin.py:154} INFO - [2023-11-27T21:15:28.197-0300] {dagbag.py:536} INFO - Filling up the DagBag from /home/marcos/anaconda3/envs/XPe-IGTI/lib/python3.8/site-packages/airflow/example_dags/example_kubernetes_executor.py
[2023-11-27T21:15:28.205-0300] {logging_mixin.py:154} INFO - [2023-11-27T21:15:28.205-0300] {example_kubernetes_executor.py:38} WARNING - The example_kubernetes_executor example DAG requires the kubernetes provider. Please install it with: pip install apache-airflow[cncf.kubernetes]
[2023-11-27T21:15:28.205-0300] {processor.py:841} WARNING - No viable dags retrieved from /home/marcos/anaconda3/envs/XPe-IGTI/lib/python3.8/site-packages/airflow/example_dags/example_kubernetes_executor.py
[2023-11-27T21:15:28.222-0300] {processor.py:179} INFO - Processing /home/marcos/anaconda3/envs/XPe-IGTI/lib/python3.8/site-packages/airflow/example_dags/example_kubernetes_executor.py took 0.037 seconds
[2023-11-27T21:16:37.983-0300] {processor.py:157} INFO - Started process (PID=53065) to work on /home/marcos/anaconda3/envs/XPe-IGTI/lib/python3.8/site-packages/airflow/example_dags/example_kubernetes_executor.py
[2023-11-27T21:16:37.985-0300] {processor.py:829} INFO - Processing file /home/marcos/anaconda3/envs/XPe-IGTI/lib/python3.8/site-packages/airflow/example_dags/example_kubernetes_executor.py for tasks to queue
[2023-11-27T21:16:37.987-0300] {logging_mixin.py:154} INFO - [2023-11-27T21:16:37.986-0300] {dagbag.py:536} INFO - Filling up the DagBag from /home/marcos/anaconda3/envs/XPe-IGTI/lib/python3.8/site-packages/airflow/example_dags/example_kubernetes_executor.py
[2023-11-27T21:16:37.993-0300] {logging_mixin.py:154} INFO - [2023-11-27T21:16:37.993-0300] {example_kubernetes_executor.py:38} WARNING - The example_kubernetes_executor example DAG requires the kubernetes provider. Please install it with: pip install apache-airflow[cncf.kubernetes]
[2023-11-27T21:16:37.994-0300] {processor.py:841} WARNING - No viable dags retrieved from /home/marcos/anaconda3/envs/XPe-IGTI/lib/python3.8/site-packages/airflow/example_dags/example_kubernetes_executor.py
[2023-11-27T21:16:38.008-0300] {processor.py:179} INFO - Processing /home/marcos/anaconda3/envs/XPe-IGTI/lib/python3.8/site-packages/airflow/example_dags/example_kubernetes_executor.py took 0.032 seconds
[2023-11-27T21:17:53.012-0300] {processor.py:157} INFO - Started process (PID=53178) to work on /home/marcos/anaconda3/envs/XPe-IGTI/lib/python3.8/site-packages/airflow/example_dags/example_kubernetes_executor.py
[2023-11-27T21:17:53.019-0300] {processor.py:829} INFO - Processing file /home/marcos/anaconda3/envs/XPe-IGTI/lib/python3.8/site-packages/airflow/example_dags/example_kubernetes_executor.py for tasks to queue
[2023-11-27T21:17:53.022-0300] {logging_mixin.py:154} INFO - [2023-11-27T21:17:53.020-0300] {dagbag.py:536} INFO - Filling up the DagBag from /home/marcos/anaconda3/envs/XPe-IGTI/lib/python3.8/site-packages/airflow/example_dags/example_kubernetes_executor.py
[2023-11-27T21:17:53.035-0300] {logging_mixin.py:154} INFO - [2023-11-27T21:17:53.034-0300] {example_kubernetes_executor.py:38} WARNING - The example_kubernetes_executor example DAG requires the kubernetes provider. Please install it with: pip install apache-airflow[cncf.kubernetes]
[2023-11-27T21:17:53.036-0300] {processor.py:841} WARNING - No viable dags retrieved from /home/marcos/anaconda3/envs/XPe-IGTI/lib/python3.8/site-packages/airflow/example_dags/example_kubernetes_executor.py
[2023-11-27T21:17:53.065-0300] {processor.py:179} INFO - Processing /home/marcos/anaconda3/envs/XPe-IGTI/lib/python3.8/site-packages/airflow/example_dags/example_kubernetes_executor.py took 0.063 seconds
[2023-11-27T21:18:57.280-0300] {processor.py:157} INFO - Started process (PID=53254) to work on /home/marcos/anaconda3/envs/XPe-IGTI/lib/python3.8/site-packages/airflow/example_dags/example_kubernetes_executor.py
[2023-11-27T21:18:57.285-0300] {processor.py:829} INFO - Processing file /home/marcos/anaconda3/envs/XPe-IGTI/lib/python3.8/site-packages/airflow/example_dags/example_kubernetes_executor.py for tasks to queue
[2023-11-27T21:18:57.286-0300] {logging_mixin.py:154} INFO - [2023-11-27T21:18:57.285-0300] {dagbag.py:536} INFO - Filling up the DagBag from /home/marcos/anaconda3/envs/XPe-IGTI/lib/python3.8/site-packages/airflow/example_dags/example_kubernetes_executor.py
[2023-11-27T21:18:57.292-0300] {logging_mixin.py:154} INFO - [2023-11-27T21:18:57.292-0300] {example_kubernetes_executor.py:38} WARNING - The example_kubernetes_executor example DAG requires the kubernetes provider. Please install it with: pip install apache-airflow[cncf.kubernetes]
[2023-11-27T21:18:57.293-0300] {processor.py:841} WARNING - No viable dags retrieved from /home/marcos/anaconda3/envs/XPe-IGTI/lib/python3.8/site-packages/airflow/example_dags/example_kubernetes_executor.py
[2023-11-27T21:18:57.309-0300] {processor.py:179} INFO - Processing /home/marcos/anaconda3/envs/XPe-IGTI/lib/python3.8/site-packages/airflow/example_dags/example_kubernetes_executor.py took 0.033 seconds
[2023-11-27T21:20:07.448-0300] {processor.py:157} INFO - Started process (PID=53336) to work on /home/marcos/anaconda3/envs/XPe-IGTI/lib/python3.8/site-packages/airflow/example_dags/example_kubernetes_executor.py
[2023-11-27T21:20:07.453-0300] {processor.py:829} INFO - Processing file /home/marcos/anaconda3/envs/XPe-IGTI/lib/python3.8/site-packages/airflow/example_dags/example_kubernetes_executor.py for tasks to queue
[2023-11-27T21:20:07.454-0300] {logging_mixin.py:154} INFO - [2023-11-27T21:20:07.453-0300] {dagbag.py:536} INFO - Filling up the DagBag from /home/marcos/anaconda3/envs/XPe-IGTI/lib/python3.8/site-packages/airflow/example_dags/example_kubernetes_executor.py
[2023-11-27T21:20:07.461-0300] {logging_mixin.py:154} INFO - [2023-11-27T21:20:07.460-0300] {example_kubernetes_executor.py:38} WARNING - The example_kubernetes_executor example DAG requires the kubernetes provider. Please install it with: pip install apache-airflow[cncf.kubernetes]
[2023-11-27T21:20:07.461-0300] {processor.py:841} WARNING - No viable dags retrieved from /home/marcos/anaconda3/envs/XPe-IGTI/lib/python3.8/site-packages/airflow/example_dags/example_kubernetes_executor.py
[2023-11-27T21:20:07.477-0300] {processor.py:179} INFO - Processing /home/marcos/anaconda3/envs/XPe-IGTI/lib/python3.8/site-packages/airflow/example_dags/example_kubernetes_executor.py took 0.034 seconds
[2023-11-27T21:21:12.997-0300] {processor.py:157} INFO - Started process (PID=53411) to work on /home/marcos/anaconda3/envs/XPe-IGTI/lib/python3.8/site-packages/airflow/example_dags/example_kubernetes_executor.py
[2023-11-27T21:21:12.999-0300] {processor.py:829} INFO - Processing file /home/marcos/anaconda3/envs/XPe-IGTI/lib/python3.8/site-packages/airflow/example_dags/example_kubernetes_executor.py for tasks to queue
[2023-11-27T21:21:13.001-0300] {logging_mixin.py:154} INFO - [2023-11-27T21:21:13.000-0300] {dagbag.py:536} INFO - Filling up the DagBag from /home/marcos/anaconda3/envs/XPe-IGTI/lib/python3.8/site-packages/airflow/example_dags/example_kubernetes_executor.py
[2023-11-27T21:21:13.008-0300] {logging_mixin.py:154} INFO - [2023-11-27T21:21:13.008-0300] {example_kubernetes_executor.py:38} WARNING - The example_kubernetes_executor example DAG requires the kubernetes provider. Please install it with: pip install apache-airflow[cncf.kubernetes]
[2023-11-27T21:21:13.008-0300] {processor.py:841} WARNING - No viable dags retrieved from /home/marcos/anaconda3/envs/XPe-IGTI/lib/python3.8/site-packages/airflow/example_dags/example_kubernetes_executor.py
[2023-11-27T21:21:13.027-0300] {processor.py:179} INFO - Processing /home/marcos/anaconda3/envs/XPe-IGTI/lib/python3.8/site-packages/airflow/example_dags/example_kubernetes_executor.py took 0.035 seconds
[2023-11-27T21:22:19.177-0300] {processor.py:157} INFO - Started process (PID=53512) to work on /home/marcos/anaconda3/envs/XPe-IGTI/lib/python3.8/site-packages/airflow/example_dags/example_kubernetes_executor.py
[2023-11-27T21:22:19.182-0300] {processor.py:829} INFO - Processing file /home/marcos/anaconda3/envs/XPe-IGTI/lib/python3.8/site-packages/airflow/example_dags/example_kubernetes_executor.py for tasks to queue
[2023-11-27T21:22:19.184-0300] {logging_mixin.py:154} INFO - [2023-11-27T21:22:19.183-0300] {dagbag.py:536} INFO - Filling up the DagBag from /home/marcos/anaconda3/envs/XPe-IGTI/lib/python3.8/site-packages/airflow/example_dags/example_kubernetes_executor.py
[2023-11-27T21:22:19.190-0300] {logging_mixin.py:154} INFO - [2023-11-27T21:22:19.190-0300] {example_kubernetes_executor.py:38} WARNING - The example_kubernetes_executor example DAG requires the kubernetes provider. Please install it with: pip install apache-airflow[cncf.kubernetes]
[2023-11-27T21:22:19.191-0300] {processor.py:841} WARNING - No viable dags retrieved from /home/marcos/anaconda3/envs/XPe-IGTI/lib/python3.8/site-packages/airflow/example_dags/example_kubernetes_executor.py
[2023-11-27T21:22:19.208-0300] {processor.py:179} INFO - Processing /home/marcos/anaconda3/envs/XPe-IGTI/lib/python3.8/site-packages/airflow/example_dags/example_kubernetes_executor.py took 0.039 seconds
[2023-11-27T21:23:20.485-0300] {processor.py:157} INFO - Started process (PID=53583) to work on /home/marcos/anaconda3/envs/XPe-IGTI/lib/python3.8/site-packages/airflow/example_dags/example_kubernetes_executor.py
[2023-11-27T21:23:20.490-0300] {processor.py:829} INFO - Processing file /home/marcos/anaconda3/envs/XPe-IGTI/lib/python3.8/site-packages/airflow/example_dags/example_kubernetes_executor.py for tasks to queue
[2023-11-27T21:23:20.492-0300] {logging_mixin.py:154} INFO - [2023-11-27T21:23:20.492-0300] {dagbag.py:536} INFO - Filling up the DagBag from /home/marcos/anaconda3/envs/XPe-IGTI/lib/python3.8/site-packages/airflow/example_dags/example_kubernetes_executor.py
[2023-11-27T21:23:20.501-0300] {logging_mixin.py:154} INFO - [2023-11-27T21:23:20.500-0300] {example_kubernetes_executor.py:38} WARNING - The example_kubernetes_executor example DAG requires the kubernetes provider. Please install it with: pip install apache-airflow[cncf.kubernetes]
[2023-11-27T21:23:20.501-0300] {processor.py:841} WARNING - No viable dags retrieved from /home/marcos/anaconda3/envs/XPe-IGTI/lib/python3.8/site-packages/airflow/example_dags/example_kubernetes_executor.py
[2023-11-27T21:23:20.518-0300] {processor.py:179} INFO - Processing /home/marcos/anaconda3/envs/XPe-IGTI/lib/python3.8/site-packages/airflow/example_dags/example_kubernetes_executor.py took 0.041 seconds
[2023-11-27T21:24:25.831-0300] {processor.py:157} INFO - Started process (PID=53662) to work on /home/marcos/anaconda3/envs/XPe-IGTI/lib/python3.8/site-packages/airflow/example_dags/example_kubernetes_executor.py
[2023-11-27T21:24:25.836-0300] {processor.py:829} INFO - Processing file /home/marcos/anaconda3/envs/XPe-IGTI/lib/python3.8/site-packages/airflow/example_dags/example_kubernetes_executor.py for tasks to queue
[2023-11-27T21:24:25.839-0300] {logging_mixin.py:154} INFO - [2023-11-27T21:24:25.837-0300] {dagbag.py:536} INFO - Filling up the DagBag from /home/marcos/anaconda3/envs/XPe-IGTI/lib/python3.8/site-packages/airflow/example_dags/example_kubernetes_executor.py
[2023-11-27T21:24:25.852-0300] {logging_mixin.py:154} INFO - [2023-11-27T21:24:25.851-0300] {example_kubernetes_executor.py:38} WARNING - The example_kubernetes_executor example DAG requires the kubernetes provider. Please install it with: pip install apache-airflow[cncf.kubernetes]
[2023-11-27T21:24:25.852-0300] {processor.py:841} WARNING - No viable dags retrieved from /home/marcos/anaconda3/envs/XPe-IGTI/lib/python3.8/site-packages/airflow/example_dags/example_kubernetes_executor.py
[2023-11-27T21:24:25.869-0300] {processor.py:179} INFO - Processing /home/marcos/anaconda3/envs/XPe-IGTI/lib/python3.8/site-packages/airflow/example_dags/example_kubernetes_executor.py took 0.044 seconds
[2023-11-27T21:25:39.415-0300] {processor.py:157} INFO - Started process (PID=53756) to work on /home/marcos/anaconda3/envs/XPe-IGTI/lib/python3.8/site-packages/airflow/example_dags/example_kubernetes_executor.py
[2023-11-27T21:25:39.417-0300] {processor.py:829} INFO - Processing file /home/marcos/anaconda3/envs/XPe-IGTI/lib/python3.8/site-packages/airflow/example_dags/example_kubernetes_executor.py for tasks to queue
[2023-11-27T21:25:39.418-0300] {logging_mixin.py:154} INFO - [2023-11-27T21:25:39.418-0300] {dagbag.py:536} INFO - Filling up the DagBag from /home/marcos/anaconda3/envs/XPe-IGTI/lib/python3.8/site-packages/airflow/example_dags/example_kubernetes_executor.py
[2023-11-27T21:25:39.423-0300] {logging_mixin.py:154} INFO - [2023-11-27T21:25:39.423-0300] {example_kubernetes_executor.py:38} WARNING - The example_kubernetes_executor example DAG requires the kubernetes provider. Please install it with: pip install apache-airflow[cncf.kubernetes]
[2023-11-27T21:25:39.423-0300] {processor.py:841} WARNING - No viable dags retrieved from /home/marcos/anaconda3/envs/XPe-IGTI/lib/python3.8/site-packages/airflow/example_dags/example_kubernetes_executor.py
[2023-11-27T21:25:39.440-0300] {processor.py:179} INFO - Processing /home/marcos/anaconda3/envs/XPe-IGTI/lib/python3.8/site-packages/airflow/example_dags/example_kubernetes_executor.py took 0.030 seconds
[2023-11-27T21:26:52.144-0300] {processor.py:157} INFO - Started process (PID=53869) to work on /home/marcos/anaconda3/envs/XPe-IGTI/lib/python3.8/site-packages/airflow/example_dags/example_kubernetes_executor.py
[2023-11-27T21:26:52.149-0300] {processor.py:829} INFO - Processing file /home/marcos/anaconda3/envs/XPe-IGTI/lib/python3.8/site-packages/airflow/example_dags/example_kubernetes_executor.py for tasks to queue
[2023-11-27T21:26:52.151-0300] {logging_mixin.py:154} INFO - [2023-11-27T21:26:52.150-0300] {dagbag.py:536} INFO - Filling up the DagBag from /home/marcos/anaconda3/envs/XPe-IGTI/lib/python3.8/site-packages/airflow/example_dags/example_kubernetes_executor.py
[2023-11-27T21:26:52.158-0300] {logging_mixin.py:154} INFO - [2023-11-27T21:26:52.157-0300] {example_kubernetes_executor.py:38} WARNING - The example_kubernetes_executor example DAG requires the kubernetes provider. Please install it with: pip install apache-airflow[cncf.kubernetes]
[2023-11-27T21:26:52.158-0300] {processor.py:841} WARNING - No viable dags retrieved from /home/marcos/anaconda3/envs/XPe-IGTI/lib/python3.8/site-packages/airflow/example_dags/example_kubernetes_executor.py
[2023-11-27T21:26:52.173-0300] {processor.py:179} INFO - Processing /home/marcos/anaconda3/envs/XPe-IGTI/lib/python3.8/site-packages/airflow/example_dags/example_kubernetes_executor.py took 0.032 seconds
[2023-11-27T21:27:57.993-0300] {processor.py:157} INFO - Started process (PID=53949) to work on /home/marcos/anaconda3/envs/XPe-IGTI/lib/python3.8/site-packages/airflow/example_dags/example_kubernetes_executor.py
[2023-11-27T21:27:57.998-0300] {processor.py:829} INFO - Processing file /home/marcos/anaconda3/envs/XPe-IGTI/lib/python3.8/site-packages/airflow/example_dags/example_kubernetes_executor.py for tasks to queue
[2023-11-27T21:27:57.999-0300] {logging_mixin.py:154} INFO - [2023-11-27T21:27:57.999-0300] {dagbag.py:536} INFO - Filling up the DagBag from /home/marcos/anaconda3/envs/XPe-IGTI/lib/python3.8/site-packages/airflow/example_dags/example_kubernetes_executor.py
[2023-11-27T21:27:58.006-0300] {logging_mixin.py:154} INFO - [2023-11-27T21:27:58.005-0300] {example_kubernetes_executor.py:38} WARNING - The example_kubernetes_executor example DAG requires the kubernetes provider. Please install it with: pip install apache-airflow[cncf.kubernetes]
[2023-11-27T21:27:58.006-0300] {processor.py:841} WARNING - No viable dags retrieved from /home/marcos/anaconda3/envs/XPe-IGTI/lib/python3.8/site-packages/airflow/example_dags/example_kubernetes_executor.py
[2023-11-27T21:27:58.023-0300] {processor.py:179} INFO - Processing /home/marcos/anaconda3/envs/XPe-IGTI/lib/python3.8/site-packages/airflow/example_dags/example_kubernetes_executor.py took 0.035 seconds
[2023-11-27T21:29:01.547-0300] {processor.py:157} INFO - Started process (PID=54048) to work on /home/marcos/anaconda3/envs/XPe-IGTI/lib/python3.8/site-packages/airflow/example_dags/example_kubernetes_executor.py
[2023-11-27T21:29:01.552-0300] {processor.py:829} INFO - Processing file /home/marcos/anaconda3/envs/XPe-IGTI/lib/python3.8/site-packages/airflow/example_dags/example_kubernetes_executor.py for tasks to queue
[2023-11-27T21:29:01.553-0300] {logging_mixin.py:154} INFO - [2023-11-27T21:29:01.552-0300] {dagbag.py:536} INFO - Filling up the DagBag from /home/marcos/anaconda3/envs/XPe-IGTI/lib/python3.8/site-packages/airflow/example_dags/example_kubernetes_executor.py
[2023-11-27T21:29:01.560-0300] {logging_mixin.py:154} INFO - [2023-11-27T21:29:01.560-0300] {example_kubernetes_executor.py:38} WARNING - The example_kubernetes_executor example DAG requires the kubernetes provider. Please install it with: pip install apache-airflow[cncf.kubernetes]
[2023-11-27T21:29:01.561-0300] {processor.py:841} WARNING - No viable dags retrieved from /home/marcos/anaconda3/envs/XPe-IGTI/lib/python3.8/site-packages/airflow/example_dags/example_kubernetes_executor.py
[2023-11-27T21:29:01.577-0300] {processor.py:179} INFO - Processing /home/marcos/anaconda3/envs/XPe-IGTI/lib/python3.8/site-packages/airflow/example_dags/example_kubernetes_executor.py took 0.036 seconds
[2023-11-28T18:52:46.662-0300] {processor.py:157} INFO - Started process (PID=144643) to work on /home/marcos/anaconda3/envs/XPe-IGTI/lib/python3.8/site-packages/airflow/example_dags/example_kubernetes_executor.py
[2023-11-28T18:52:46.667-0300] {processor.py:829} INFO - Processing file /home/marcos/anaconda3/envs/XPe-IGTI/lib/python3.8/site-packages/airflow/example_dags/example_kubernetes_executor.py for tasks to queue
[2023-11-28T18:52:46.668-0300] {logging_mixin.py:154} INFO - [2023-11-28T18:52:46.668-0300] {dagbag.py:536} INFO - Filling up the DagBag from /home/marcos/anaconda3/envs/XPe-IGTI/lib/python3.8/site-packages/airflow/example_dags/example_kubernetes_executor.py
[2023-11-28T18:52:46.673-0300] {logging_mixin.py:154} INFO - [2023-11-28T18:52:46.673-0300] {example_kubernetes_executor.py:38} WARNING - The example_kubernetes_executor example DAG requires the kubernetes provider. Please install it with: pip install apache-airflow[cncf.kubernetes]
[2023-11-28T18:52:46.674-0300] {processor.py:841} WARNING - No viable dags retrieved from /home/marcos/anaconda3/envs/XPe-IGTI/lib/python3.8/site-packages/airflow/example_dags/example_kubernetes_executor.py
[2023-11-28T18:52:46.688-0300] {processor.py:179} INFO - Processing /home/marcos/anaconda3/envs/XPe-IGTI/lib/python3.8/site-packages/airflow/example_dags/example_kubernetes_executor.py took 0.032 seconds
[2023-11-28T18:53:42.006-0300] {processor.py:157} INFO - Started process (PID=144753) to work on /home/marcos/anaconda3/envs/XPe-IGTI/lib/python3.8/site-packages/airflow/example_dags/example_kubernetes_executor.py
[2023-11-28T18:53:42.007-0300] {processor.py:829} INFO - Processing file /home/marcos/anaconda3/envs/XPe-IGTI/lib/python3.8/site-packages/airflow/example_dags/example_kubernetes_executor.py for tasks to queue
[2023-11-28T18:53:42.008-0300] {logging_mixin.py:154} INFO - [2023-11-28T18:53:42.007-0300] {dagbag.py:536} INFO - Filling up the DagBag from /home/marcos/anaconda3/envs/XPe-IGTI/lib/python3.8/site-packages/airflow/example_dags/example_kubernetes_executor.py
[2023-11-28T18:53:42.010-0300] {logging_mixin.py:154} INFO - [2023-11-28T18:53:42.010-0300] {example_kubernetes_executor.py:38} WARNING - The example_kubernetes_executor example DAG requires the kubernetes provider. Please install it with: pip install apache-airflow[cncf.kubernetes]
[2023-11-28T18:53:42.010-0300] {processor.py:841} WARNING - No viable dags retrieved from /home/marcos/anaconda3/envs/XPe-IGTI/lib/python3.8/site-packages/airflow/example_dags/example_kubernetes_executor.py
[2023-11-28T18:53:42.018-0300] {processor.py:179} INFO - Processing /home/marcos/anaconda3/envs/XPe-IGTI/lib/python3.8/site-packages/airflow/example_dags/example_kubernetes_executor.py took 0.015 seconds
[2023-11-28T18:54:42.044-0300] {processor.py:157} INFO - Started process (PID=145292) to work on /home/marcos/anaconda3/envs/XPe-IGTI/lib/python3.8/site-packages/airflow/example_dags/example_kubernetes_executor.py
[2023-11-28T18:54:42.048-0300] {processor.py:829} INFO - Processing file /home/marcos/anaconda3/envs/XPe-IGTI/lib/python3.8/site-packages/airflow/example_dags/example_kubernetes_executor.py for tasks to queue
[2023-11-28T18:54:42.049-0300] {logging_mixin.py:154} INFO - [2023-11-28T18:54:42.049-0300] {dagbag.py:536} INFO - Filling up the DagBag from /home/marcos/anaconda3/envs/XPe-IGTI/lib/python3.8/site-packages/airflow/example_dags/example_kubernetes_executor.py
[2023-11-28T18:54:42.052-0300] {logging_mixin.py:154} INFO - [2023-11-28T18:54:42.052-0300] {example_kubernetes_executor.py:38} WARNING - The example_kubernetes_executor example DAG requires the kubernetes provider. Please install it with: pip install apache-airflow[cncf.kubernetes]
[2023-11-28T18:54:42.052-0300] {processor.py:841} WARNING - No viable dags retrieved from /home/marcos/anaconda3/envs/XPe-IGTI/lib/python3.8/site-packages/airflow/example_dags/example_kubernetes_executor.py
[2023-11-28T18:54:42.064-0300] {processor.py:179} INFO - Processing /home/marcos/anaconda3/envs/XPe-IGTI/lib/python3.8/site-packages/airflow/example_dags/example_kubernetes_executor.py took 0.022 seconds
[2023-11-28T18:55:32.995-0300] {processor.py:157} INFO - Started process (PID=145380) to work on /home/marcos/anaconda3/envs/XPe-IGTI/lib/python3.8/site-packages/airflow/example_dags/example_kubernetes_executor.py
[2023-11-28T18:55:33.000-0300] {processor.py:829} INFO - Processing file /home/marcos/anaconda3/envs/XPe-IGTI/lib/python3.8/site-packages/airflow/example_dags/example_kubernetes_executor.py for tasks to queue
[2023-11-28T18:55:33.001-0300] {logging_mixin.py:154} INFO - [2023-11-28T18:55:33.000-0300] {dagbag.py:536} INFO - Filling up the DagBag from /home/marcos/anaconda3/envs/XPe-IGTI/lib/python3.8/site-packages/airflow/example_dags/example_kubernetes_executor.py
[2023-11-28T18:55:33.006-0300] {logging_mixin.py:154} INFO - [2023-11-28T18:55:33.006-0300] {example_kubernetes_executor.py:38} WARNING - The example_kubernetes_executor example DAG requires the kubernetes provider. Please install it with: pip install apache-airflow[cncf.kubernetes]
[2023-11-28T18:55:33.006-0300] {processor.py:841} WARNING - No viable dags retrieved from /home/marcos/anaconda3/envs/XPe-IGTI/lib/python3.8/site-packages/airflow/example_dags/example_kubernetes_executor.py
[2023-11-28T18:55:33.021-0300] {processor.py:179} INFO - Processing /home/marcos/anaconda3/envs/XPe-IGTI/lib/python3.8/site-packages/airflow/example_dags/example_kubernetes_executor.py took 0.030 seconds
[2023-11-28T18:56:30.569-0300] {processor.py:157} INFO - Started process (PID=145475) to work on /home/marcos/anaconda3/envs/XPe-IGTI/lib/python3.8/site-packages/airflow/example_dags/example_kubernetes_executor.py
[2023-11-28T18:56:30.574-0300] {processor.py:829} INFO - Processing file /home/marcos/anaconda3/envs/XPe-IGTI/lib/python3.8/site-packages/airflow/example_dags/example_kubernetes_executor.py for tasks to queue
[2023-11-28T18:56:30.576-0300] {logging_mixin.py:154} INFO - [2023-11-28T18:56:30.575-0300] {dagbag.py:536} INFO - Filling up the DagBag from /home/marcos/anaconda3/envs/XPe-IGTI/lib/python3.8/site-packages/airflow/example_dags/example_kubernetes_executor.py
[2023-11-28T18:56:30.583-0300] {logging_mixin.py:154} INFO - [2023-11-28T18:56:30.583-0300] {example_kubernetes_executor.py:38} WARNING - The example_kubernetes_executor example DAG requires the kubernetes provider. Please install it with: pip install apache-airflow[cncf.kubernetes]
[2023-11-28T18:56:30.583-0300] {processor.py:841} WARNING - No viable dags retrieved from /home/marcos/anaconda3/envs/XPe-IGTI/lib/python3.8/site-packages/airflow/example_dags/example_kubernetes_executor.py
[2023-11-28T18:56:30.599-0300] {processor.py:179} INFO - Processing /home/marcos/anaconda3/envs/XPe-IGTI/lib/python3.8/site-packages/airflow/example_dags/example_kubernetes_executor.py took 0.037 seconds
[2023-11-28T18:57:24.293-0300] {processor.py:157} INFO - Started process (PID=145601) to work on /home/marcos/anaconda3/envs/XPe-IGTI/lib/python3.8/site-packages/airflow/example_dags/example_kubernetes_executor.py
[2023-11-28T18:57:24.295-0300] {processor.py:829} INFO - Processing file /home/marcos/anaconda3/envs/XPe-IGTI/lib/python3.8/site-packages/airflow/example_dags/example_kubernetes_executor.py for tasks to queue
[2023-11-28T18:57:24.296-0300] {logging_mixin.py:154} INFO - [2023-11-28T18:57:24.296-0300] {dagbag.py:536} INFO - Filling up the DagBag from /home/marcos/anaconda3/envs/XPe-IGTI/lib/python3.8/site-packages/airflow/example_dags/example_kubernetes_executor.py
[2023-11-28T18:57:24.300-0300] {logging_mixin.py:154} INFO - [2023-11-28T18:57:24.300-0300] {example_kubernetes_executor.py:38} WARNING - The example_kubernetes_executor example DAG requires the kubernetes provider. Please install it with: pip install apache-airflow[cncf.kubernetes]
[2023-11-28T18:57:24.301-0300] {processor.py:841} WARNING - No viable dags retrieved from /home/marcos/anaconda3/envs/XPe-IGTI/lib/python3.8/site-packages/airflow/example_dags/example_kubernetes_executor.py
[2023-11-28T18:57:24.314-0300] {processor.py:179} INFO - Processing /home/marcos/anaconda3/envs/XPe-IGTI/lib/python3.8/site-packages/airflow/example_dags/example_kubernetes_executor.py took 0.025 seconds
[2023-11-28T18:58:19.273-0300] {processor.py:157} INFO - Started process (PID=145691) to work on /home/marcos/anaconda3/envs/XPe-IGTI/lib/python3.8/site-packages/airflow/example_dags/example_kubernetes_executor.py
[2023-11-28T18:58:19.278-0300] {processor.py:829} INFO - Processing file /home/marcos/anaconda3/envs/XPe-IGTI/lib/python3.8/site-packages/airflow/example_dags/example_kubernetes_executor.py for tasks to queue
[2023-11-28T18:58:19.280-0300] {logging_mixin.py:154} INFO - [2023-11-28T18:58:19.279-0300] {dagbag.py:536} INFO - Filling up the DagBag from /home/marcos/anaconda3/envs/XPe-IGTI/lib/python3.8/site-packages/airflow/example_dags/example_kubernetes_executor.py
[2023-11-28T18:58:19.286-0300] {logging_mixin.py:154} INFO - [2023-11-28T18:58:19.286-0300] {example_kubernetes_executor.py:38} WARNING - The example_kubernetes_executor example DAG requires the kubernetes provider. Please install it with: pip install apache-airflow[cncf.kubernetes]
[2023-11-28T18:58:19.287-0300] {processor.py:841} WARNING - No viable dags retrieved from /home/marcos/anaconda3/envs/XPe-IGTI/lib/python3.8/site-packages/airflow/example_dags/example_kubernetes_executor.py
[2023-11-28T18:58:19.303-0300] {processor.py:179} INFO - Processing /home/marcos/anaconda3/envs/XPe-IGTI/lib/python3.8/site-packages/airflow/example_dags/example_kubernetes_executor.py took 0.036 seconds
[2023-11-28T18:59:18.221-0300] {processor.py:157} INFO - Started process (PID=145770) to work on /home/marcos/anaconda3/envs/XPe-IGTI/lib/python3.8/site-packages/airflow/example_dags/example_kubernetes_executor.py
[2023-11-28T18:59:18.225-0300] {processor.py:829} INFO - Processing file /home/marcos/anaconda3/envs/XPe-IGTI/lib/python3.8/site-packages/airflow/example_dags/example_kubernetes_executor.py for tasks to queue
[2023-11-28T18:59:18.228-0300] {logging_mixin.py:154} INFO - [2023-11-28T18:59:18.227-0300] {dagbag.py:536} INFO - Filling up the DagBag from /home/marcos/anaconda3/envs/XPe-IGTI/lib/python3.8/site-packages/airflow/example_dags/example_kubernetes_executor.py
[2023-11-28T18:59:18.237-0300] {logging_mixin.py:154} INFO - [2023-11-28T18:59:18.237-0300] {example_kubernetes_executor.py:38} WARNING - The example_kubernetes_executor example DAG requires the kubernetes provider. Please install it with: pip install apache-airflow[cncf.kubernetes]
[2023-11-28T18:59:18.238-0300] {processor.py:841} WARNING - No viable dags retrieved from /home/marcos/anaconda3/envs/XPe-IGTI/lib/python3.8/site-packages/airflow/example_dags/example_kubernetes_executor.py
[2023-11-28T18:59:18.252-0300] {processor.py:179} INFO - Processing /home/marcos/anaconda3/envs/XPe-IGTI/lib/python3.8/site-packages/airflow/example_dags/example_kubernetes_executor.py took 0.034 seconds
[2023-11-28T19:00:15.868-0300] {processor.py:157} INFO - Started process (PID=145873) to work on /home/marcos/anaconda3/envs/XPe-IGTI/lib/python3.8/site-packages/airflow/example_dags/example_kubernetes_executor.py
[2023-11-28T19:00:15.872-0300] {processor.py:829} INFO - Processing file /home/marcos/anaconda3/envs/XPe-IGTI/lib/python3.8/site-packages/airflow/example_dags/example_kubernetes_executor.py for tasks to queue
[2023-11-28T19:00:15.873-0300] {logging_mixin.py:154} INFO - [2023-11-28T19:00:15.873-0300] {dagbag.py:536} INFO - Filling up the DagBag from /home/marcos/anaconda3/envs/XPe-IGTI/lib/python3.8/site-packages/airflow/example_dags/example_kubernetes_executor.py
[2023-11-28T19:00:15.877-0300] {logging_mixin.py:154} INFO - [2023-11-28T19:00:15.876-0300] {example_kubernetes_executor.py:38} WARNING - The example_kubernetes_executor example DAG requires the kubernetes provider. Please install it with: pip install apache-airflow[cncf.kubernetes]
[2023-11-28T19:00:15.877-0300] {processor.py:841} WARNING - No viable dags retrieved from /home/marcos/anaconda3/envs/XPe-IGTI/lib/python3.8/site-packages/airflow/example_dags/example_kubernetes_executor.py
[2023-11-28T19:00:15.888-0300] {processor.py:179} INFO - Processing /home/marcos/anaconda3/envs/XPe-IGTI/lib/python3.8/site-packages/airflow/example_dags/example_kubernetes_executor.py took 0.022 seconds
[2023-11-28T19:01:07.176-0300] {processor.py:157} INFO - Started process (PID=145950) to work on /home/marcos/anaconda3/envs/XPe-IGTI/lib/python3.8/site-packages/airflow/example_dags/example_kubernetes_executor.py
[2023-11-28T19:01:07.177-0300] {processor.py:829} INFO - Processing file /home/marcos/anaconda3/envs/XPe-IGTI/lib/python3.8/site-packages/airflow/example_dags/example_kubernetes_executor.py for tasks to queue
[2023-11-28T19:01:07.178-0300] {logging_mixin.py:154} INFO - [2023-11-28T19:01:07.178-0300] {dagbag.py:536} INFO - Filling up the DagBag from /home/marcos/anaconda3/envs/XPe-IGTI/lib/python3.8/site-packages/airflow/example_dags/example_kubernetes_executor.py
[2023-11-28T19:01:07.181-0300] {logging_mixin.py:154} INFO - [2023-11-28T19:01:07.181-0300] {example_kubernetes_executor.py:38} WARNING - The example_kubernetes_executor example DAG requires the kubernetes provider. Please install it with: pip install apache-airflow[cncf.kubernetes]
[2023-11-28T19:01:07.182-0300] {processor.py:841} WARNING - No viable dags retrieved from /home/marcos/anaconda3/envs/XPe-IGTI/lib/python3.8/site-packages/airflow/example_dags/example_kubernetes_executor.py
[2023-11-28T19:01:07.191-0300] {processor.py:179} INFO - Processing /home/marcos/anaconda3/envs/XPe-IGTI/lib/python3.8/site-packages/airflow/example_dags/example_kubernetes_executor.py took 0.018 seconds
[2023-11-28T19:02:07.211-0300] {processor.py:157} INFO - Started process (PID=146104) to work on /home/marcos/anaconda3/envs/XPe-IGTI/lib/python3.8/site-packages/airflow/example_dags/example_kubernetes_executor.py
[2023-11-28T19:02:07.215-0300] {processor.py:829} INFO - Processing file /home/marcos/anaconda3/envs/XPe-IGTI/lib/python3.8/site-packages/airflow/example_dags/example_kubernetes_executor.py for tasks to queue
[2023-11-28T19:02:07.217-0300] {logging_mixin.py:154} INFO - [2023-11-28T19:02:07.216-0300] {dagbag.py:536} INFO - Filling up the DagBag from /home/marcos/anaconda3/envs/XPe-IGTI/lib/python3.8/site-packages/airflow/example_dags/example_kubernetes_executor.py
[2023-11-28T19:02:07.221-0300] {logging_mixin.py:154} INFO - [2023-11-28T19:02:07.221-0300] {example_kubernetes_executor.py:38} WARNING - The example_kubernetes_executor example DAG requires the kubernetes provider. Please install it with: pip install apache-airflow[cncf.kubernetes]
[2023-11-28T19:02:07.221-0300] {processor.py:841} WARNING - No viable dags retrieved from /home/marcos/anaconda3/envs/XPe-IGTI/lib/python3.8/site-packages/airflow/example_dags/example_kubernetes_executor.py
[2023-11-28T19:02:07.236-0300] {processor.py:179} INFO - Processing /home/marcos/anaconda3/envs/XPe-IGTI/lib/python3.8/site-packages/airflow/example_dags/example_kubernetes_executor.py took 0.031 seconds
[2023-11-28T19:03:03.244-0300] {processor.py:157} INFO - Started process (PID=146205) to work on /home/marcos/anaconda3/envs/XPe-IGTI/lib/python3.8/site-packages/airflow/example_dags/example_kubernetes_executor.py
[2023-11-28T19:03:03.248-0300] {processor.py:829} INFO - Processing file /home/marcos/anaconda3/envs/XPe-IGTI/lib/python3.8/site-packages/airflow/example_dags/example_kubernetes_executor.py for tasks to queue
[2023-11-28T19:03:03.249-0300] {logging_mixin.py:154} INFO - [2023-11-28T19:03:03.248-0300] {dagbag.py:536} INFO - Filling up the DagBag from /home/marcos/anaconda3/envs/XPe-IGTI/lib/python3.8/site-packages/airflow/example_dags/example_kubernetes_executor.py
[2023-11-28T19:03:03.253-0300] {logging_mixin.py:154} INFO - [2023-11-28T19:03:03.253-0300] {example_kubernetes_executor.py:38} WARNING - The example_kubernetes_executor example DAG requires the kubernetes provider. Please install it with: pip install apache-airflow[cncf.kubernetes]
[2023-11-28T19:03:03.253-0300] {processor.py:841} WARNING - No viable dags retrieved from /home/marcos/anaconda3/envs/XPe-IGTI/lib/python3.8/site-packages/airflow/example_dags/example_kubernetes_executor.py
[2023-11-28T19:03:03.265-0300] {processor.py:179} INFO - Processing /home/marcos/anaconda3/envs/XPe-IGTI/lib/python3.8/site-packages/airflow/example_dags/example_kubernetes_executor.py took 0.026 seconds
[2023-11-28T19:04:07.384-0300] {processor.py:157} INFO - Started process (PID=146328) to work on /home/marcos/anaconda3/envs/XPe-IGTI/lib/python3.8/site-packages/airflow/example_dags/example_kubernetes_executor.py
[2023-11-28T19:04:07.389-0300] {processor.py:829} INFO - Processing file /home/marcos/anaconda3/envs/XPe-IGTI/lib/python3.8/site-packages/airflow/example_dags/example_kubernetes_executor.py for tasks to queue
[2023-11-28T19:04:07.390-0300] {logging_mixin.py:154} INFO - [2023-11-28T19:04:07.390-0300] {dagbag.py:536} INFO - Filling up the DagBag from /home/marcos/anaconda3/envs/XPe-IGTI/lib/python3.8/site-packages/airflow/example_dags/example_kubernetes_executor.py
[2023-11-28T19:04:07.396-0300] {logging_mixin.py:154} INFO - [2023-11-28T19:04:07.396-0300] {example_kubernetes_executor.py:38} WARNING - The example_kubernetes_executor example DAG requires the kubernetes provider. Please install it with: pip install apache-airflow[cncf.kubernetes]
[2023-11-28T19:04:07.396-0300] {processor.py:841} WARNING - No viable dags retrieved from /home/marcos/anaconda3/envs/XPe-IGTI/lib/python3.8/site-packages/airflow/example_dags/example_kubernetes_executor.py
[2023-11-28T19:04:07.412-0300] {processor.py:179} INFO - Processing /home/marcos/anaconda3/envs/XPe-IGTI/lib/python3.8/site-packages/airflow/example_dags/example_kubernetes_executor.py took 0.032 seconds
[2023-11-28T19:05:18.005-0300] {processor.py:157} INFO - Started process (PID=146447) to work on /home/marcos/anaconda3/envs/XPe-IGTI/lib/python3.8/site-packages/airflow/example_dags/example_kubernetes_executor.py
[2023-11-28T19:05:18.007-0300] {processor.py:829} INFO - Processing file /home/marcos/anaconda3/envs/XPe-IGTI/lib/python3.8/site-packages/airflow/example_dags/example_kubernetes_executor.py for tasks to queue
[2023-11-28T19:05:18.008-0300] {logging_mixin.py:154} INFO - [2023-11-28T19:05:18.007-0300] {dagbag.py:536} INFO - Filling up the DagBag from /home/marcos/anaconda3/envs/XPe-IGTI/lib/python3.8/site-packages/airflow/example_dags/example_kubernetes_executor.py
[2023-11-28T19:05:18.015-0300] {logging_mixin.py:154} INFO - [2023-11-28T19:05:18.014-0300] {example_kubernetes_executor.py:38} WARNING - The example_kubernetes_executor example DAG requires the kubernetes provider. Please install it with: pip install apache-airflow[cncf.kubernetes]
[2023-11-28T19:05:18.015-0300] {processor.py:841} WARNING - No viable dags retrieved from /home/marcos/anaconda3/envs/XPe-IGTI/lib/python3.8/site-packages/airflow/example_dags/example_kubernetes_executor.py
[2023-11-28T19:05:18.031-0300] {processor.py:179} INFO - Processing /home/marcos/anaconda3/envs/XPe-IGTI/lib/python3.8/site-packages/airflow/example_dags/example_kubernetes_executor.py took 0.031 seconds
[2023-11-28T19:06:14.677-0300] {processor.py:157} INFO - Started process (PID=146550) to work on /home/marcos/anaconda3/envs/XPe-IGTI/lib/python3.8/site-packages/airflow/example_dags/example_kubernetes_executor.py
[2023-11-28T19:06:14.679-0300] {processor.py:829} INFO - Processing file /home/marcos/anaconda3/envs/XPe-IGTI/lib/python3.8/site-packages/airflow/example_dags/example_kubernetes_executor.py for tasks to queue
[2023-11-28T19:06:14.683-0300] {logging_mixin.py:154} INFO - [2023-11-28T19:06:14.682-0300] {dagbag.py:536} INFO - Filling up the DagBag from /home/marcos/anaconda3/envs/XPe-IGTI/lib/python3.8/site-packages/airflow/example_dags/example_kubernetes_executor.py
[2023-11-28T19:06:14.689-0300] {logging_mixin.py:154} INFO - [2023-11-28T19:06:14.689-0300] {example_kubernetes_executor.py:38} WARNING - The example_kubernetes_executor example DAG requires the kubernetes provider. Please install it with: pip install apache-airflow[cncf.kubernetes]
[2023-11-28T19:06:14.690-0300] {processor.py:841} WARNING - No viable dags retrieved from /home/marcos/anaconda3/envs/XPe-IGTI/lib/python3.8/site-packages/airflow/example_dags/example_kubernetes_executor.py
[2023-11-28T19:06:14.711-0300] {processor.py:179} INFO - Processing /home/marcos/anaconda3/envs/XPe-IGTI/lib/python3.8/site-packages/airflow/example_dags/example_kubernetes_executor.py took 0.039 seconds
[2023-11-28T19:07:18.695-0300] {processor.py:157} INFO - Started process (PID=146644) to work on /home/marcos/anaconda3/envs/XPe-IGTI/lib/python3.8/site-packages/airflow/example_dags/example_kubernetes_executor.py
[2023-11-28T19:07:18.699-0300] {processor.py:829} INFO - Processing file /home/marcos/anaconda3/envs/XPe-IGTI/lib/python3.8/site-packages/airflow/example_dags/example_kubernetes_executor.py for tasks to queue
[2023-11-28T19:07:18.701-0300] {logging_mixin.py:154} INFO - [2023-11-28T19:07:18.701-0300] {dagbag.py:536} INFO - Filling up the DagBag from /home/marcos/anaconda3/envs/XPe-IGTI/lib/python3.8/site-packages/airflow/example_dags/example_kubernetes_executor.py
[2023-11-28T19:07:18.705-0300] {logging_mixin.py:154} INFO - [2023-11-28T19:07:18.704-0300] {example_kubernetes_executor.py:38} WARNING - The example_kubernetes_executor example DAG requires the kubernetes provider. Please install it with: pip install apache-airflow[cncf.kubernetes]
[2023-11-28T19:07:18.705-0300] {processor.py:841} WARNING - No viable dags retrieved from /home/marcos/anaconda3/envs/XPe-IGTI/lib/python3.8/site-packages/airflow/example_dags/example_kubernetes_executor.py
[2023-11-28T19:07:18.715-0300] {processor.py:179} INFO - Processing /home/marcos/anaconda3/envs/XPe-IGTI/lib/python3.8/site-packages/airflow/example_dags/example_kubernetes_executor.py took 0.023 seconds
[2023-11-28T19:08:27.617-0300] {processor.py:157} INFO - Started process (PID=146730) to work on /home/marcos/anaconda3/envs/XPe-IGTI/lib/python3.8/site-packages/airflow/example_dags/example_kubernetes_executor.py
[2023-11-28T19:08:27.619-0300] {processor.py:829} INFO - Processing file /home/marcos/anaconda3/envs/XPe-IGTI/lib/python3.8/site-packages/airflow/example_dags/example_kubernetes_executor.py for tasks to queue
[2023-11-28T19:08:27.622-0300] {logging_mixin.py:154} INFO - [2023-11-28T19:08:27.622-0300] {dagbag.py:536} INFO - Filling up the DagBag from /home/marcos/anaconda3/envs/XPe-IGTI/lib/python3.8/site-packages/airflow/example_dags/example_kubernetes_executor.py
[2023-11-28T19:08:27.628-0300] {logging_mixin.py:154} INFO - [2023-11-28T19:08:27.628-0300] {example_kubernetes_executor.py:38} WARNING - The example_kubernetes_executor example DAG requires the kubernetes provider. Please install it with: pip install apache-airflow[cncf.kubernetes]
[2023-11-28T19:08:27.629-0300] {processor.py:841} WARNING - No viable dags retrieved from /home/marcos/anaconda3/envs/XPe-IGTI/lib/python3.8/site-packages/airflow/example_dags/example_kubernetes_executor.py
[2023-11-28T19:08:27.653-0300] {processor.py:179} INFO - Processing /home/marcos/anaconda3/envs/XPe-IGTI/lib/python3.8/site-packages/airflow/example_dags/example_kubernetes_executor.py took 0.041 seconds
[2023-11-28T19:09:56.074-0300] {processor.py:157} INFO - Started process (PID=146954) to work on /home/marcos/anaconda3/envs/XPe-IGTI/lib/python3.8/site-packages/airflow/example_dags/example_kubernetes_executor.py
[2023-11-28T19:09:56.076-0300] {processor.py:829} INFO - Processing file /home/marcos/anaconda3/envs/XPe-IGTI/lib/python3.8/site-packages/airflow/example_dags/example_kubernetes_executor.py for tasks to queue
[2023-11-28T19:09:56.081-0300] {logging_mixin.py:154} INFO - [2023-11-28T19:09:56.080-0300] {dagbag.py:536} INFO - Filling up the DagBag from /home/marcos/anaconda3/envs/XPe-IGTI/lib/python3.8/site-packages/airflow/example_dags/example_kubernetes_executor.py
[2023-11-28T19:09:56.086-0300] {logging_mixin.py:154} INFO - [2023-11-28T19:09:56.086-0300] {example_kubernetes_executor.py:38} WARNING - The example_kubernetes_executor example DAG requires the kubernetes provider. Please install it with: pip install apache-airflow[cncf.kubernetes]
[2023-11-28T19:09:56.087-0300] {processor.py:841} WARNING - No viable dags retrieved from /home/marcos/anaconda3/envs/XPe-IGTI/lib/python3.8/site-packages/airflow/example_dags/example_kubernetes_executor.py
[2023-11-28T19:09:56.104-0300] {processor.py:179} INFO - Processing /home/marcos/anaconda3/envs/XPe-IGTI/lib/python3.8/site-packages/airflow/example_dags/example_kubernetes_executor.py took 0.036 seconds
[2023-11-28T19:10:56.951-0300] {processor.py:157} INFO - Started process (PID=147102) to work on /home/marcos/anaconda3/envs/XPe-IGTI/lib/python3.8/site-packages/airflow/example_dags/example_kubernetes_executor.py
[2023-11-28T19:10:56.956-0300] {processor.py:829} INFO - Processing file /home/marcos/anaconda3/envs/XPe-IGTI/lib/python3.8/site-packages/airflow/example_dags/example_kubernetes_executor.py for tasks to queue
[2023-11-28T19:10:56.964-0300] {logging_mixin.py:154} INFO - [2023-11-28T19:10:56.963-0300] {dagbag.py:536} INFO - Filling up the DagBag from /home/marcos/anaconda3/envs/XPe-IGTI/lib/python3.8/site-packages/airflow/example_dags/example_kubernetes_executor.py
[2023-11-28T19:10:56.972-0300] {logging_mixin.py:154} INFO - [2023-11-28T19:10:56.971-0300] {example_kubernetes_executor.py:38} WARNING - The example_kubernetes_executor example DAG requires the kubernetes provider. Please install it with: pip install apache-airflow[cncf.kubernetes]
[2023-11-28T19:10:56.973-0300] {processor.py:841} WARNING - No viable dags retrieved from /home/marcos/anaconda3/envs/XPe-IGTI/lib/python3.8/site-packages/airflow/example_dags/example_kubernetes_executor.py
[2023-11-28T19:10:56.985-0300] {processor.py:179} INFO - Processing /home/marcos/anaconda3/envs/XPe-IGTI/lib/python3.8/site-packages/airflow/example_dags/example_kubernetes_executor.py took 0.038 seconds
[2023-11-28T19:12:06.126-0300] {processor.py:157} INFO - Started process (PID=147304) to work on /home/marcos/anaconda3/envs/XPe-IGTI/lib/python3.8/site-packages/airflow/example_dags/example_kubernetes_executor.py
[2023-11-28T19:12:06.131-0300] {processor.py:829} INFO - Processing file /home/marcos/anaconda3/envs/XPe-IGTI/lib/python3.8/site-packages/airflow/example_dags/example_kubernetes_executor.py for tasks to queue
[2023-11-28T19:12:06.135-0300] {logging_mixin.py:154} INFO - [2023-11-28T19:12:06.134-0300] {dagbag.py:536} INFO - Filling up the DagBag from /home/marcos/anaconda3/envs/XPe-IGTI/lib/python3.8/site-packages/airflow/example_dags/example_kubernetes_executor.py
[2023-11-28T19:12:06.141-0300] {logging_mixin.py:154} INFO - [2023-11-28T19:12:06.140-0300] {example_kubernetes_executor.py:38} WARNING - The example_kubernetes_executor example DAG requires the kubernetes provider. Please install it with: pip install apache-airflow[cncf.kubernetes]
[2023-11-28T19:12:06.141-0300] {processor.py:841} WARNING - No viable dags retrieved from /home/marcos/anaconda3/envs/XPe-IGTI/lib/python3.8/site-packages/airflow/example_dags/example_kubernetes_executor.py
[2023-11-28T19:12:06.168-0300] {processor.py:179} INFO - Processing /home/marcos/anaconda3/envs/XPe-IGTI/lib/python3.8/site-packages/airflow/example_dags/example_kubernetes_executor.py took 0.047 seconds
[2023-11-28T19:13:19.103-0300] {processor.py:157} INFO - Started process (PID=147487) to work on /home/marcos/anaconda3/envs/XPe-IGTI/lib/python3.8/site-packages/airflow/example_dags/example_kubernetes_executor.py
[2023-11-28T19:13:19.105-0300] {processor.py:829} INFO - Processing file /home/marcos/anaconda3/envs/XPe-IGTI/lib/python3.8/site-packages/airflow/example_dags/example_kubernetes_executor.py for tasks to queue
[2023-11-28T19:13:19.108-0300] {logging_mixin.py:154} INFO - [2023-11-28T19:13:19.108-0300] {dagbag.py:536} INFO - Filling up the DagBag from /home/marcos/anaconda3/envs/XPe-IGTI/lib/python3.8/site-packages/airflow/example_dags/example_kubernetes_executor.py
[2023-11-28T19:13:19.114-0300] {logging_mixin.py:154} INFO - [2023-11-28T19:13:19.114-0300] {example_kubernetes_executor.py:38} WARNING - The example_kubernetes_executor example DAG requires the kubernetes provider. Please install it with: pip install apache-airflow[cncf.kubernetes]
[2023-11-28T19:13:19.114-0300] {processor.py:841} WARNING - No viable dags retrieved from /home/marcos/anaconda3/envs/XPe-IGTI/lib/python3.8/site-packages/airflow/example_dags/example_kubernetes_executor.py
[2023-11-28T19:13:19.133-0300] {processor.py:179} INFO - Processing /home/marcos/anaconda3/envs/XPe-IGTI/lib/python3.8/site-packages/airflow/example_dags/example_kubernetes_executor.py took 0.036 seconds
[2023-11-28T19:14:16.207-0300] {processor.py:157} INFO - Started process (PID=147549) to work on /home/marcos/anaconda3/envs/XPe-IGTI/lib/python3.8/site-packages/airflow/example_dags/example_kubernetes_executor.py
[2023-11-28T19:14:16.211-0300] {processor.py:829} INFO - Processing file /home/marcos/anaconda3/envs/XPe-IGTI/lib/python3.8/site-packages/airflow/example_dags/example_kubernetes_executor.py for tasks to queue
[2023-11-28T19:14:16.215-0300] {logging_mixin.py:154} INFO - [2023-11-28T19:14:16.215-0300] {dagbag.py:536} INFO - Filling up the DagBag from /home/marcos/anaconda3/envs/XPe-IGTI/lib/python3.8/site-packages/airflow/example_dags/example_kubernetes_executor.py
[2023-11-28T19:14:16.221-0300] {logging_mixin.py:154} INFO - [2023-11-28T19:14:16.221-0300] {example_kubernetes_executor.py:38} WARNING - The example_kubernetes_executor example DAG requires the kubernetes provider. Please install it with: pip install apache-airflow[cncf.kubernetes]
[2023-11-28T19:14:16.221-0300] {processor.py:841} WARNING - No viable dags retrieved from /home/marcos/anaconda3/envs/XPe-IGTI/lib/python3.8/site-packages/airflow/example_dags/example_kubernetes_executor.py
[2023-11-28T19:14:16.237-0300] {processor.py:179} INFO - Processing /home/marcos/anaconda3/envs/XPe-IGTI/lib/python3.8/site-packages/airflow/example_dags/example_kubernetes_executor.py took 0.034 seconds
[2023-11-28T19:15:28.574-0300] {processor.py:157} INFO - Started process (PID=147621) to work on /home/marcos/anaconda3/envs/XPe-IGTI/lib/python3.8/site-packages/airflow/example_dags/example_kubernetes_executor.py
[2023-11-28T19:15:28.579-0300] {processor.py:829} INFO - Processing file /home/marcos/anaconda3/envs/XPe-IGTI/lib/python3.8/site-packages/airflow/example_dags/example_kubernetes_executor.py for tasks to queue
[2023-11-28T19:15:28.583-0300] {logging_mixin.py:154} INFO - [2023-11-28T19:15:28.582-0300] {dagbag.py:536} INFO - Filling up the DagBag from /home/marcos/anaconda3/envs/XPe-IGTI/lib/python3.8/site-packages/airflow/example_dags/example_kubernetes_executor.py
[2023-11-28T19:15:28.589-0300] {logging_mixin.py:154} INFO - [2023-11-28T19:15:28.589-0300] {example_kubernetes_executor.py:38} WARNING - The example_kubernetes_executor example DAG requires the kubernetes provider. Please install it with: pip install apache-airflow[cncf.kubernetes]
[2023-11-28T19:15:28.590-0300] {processor.py:841} WARNING - No viable dags retrieved from /home/marcos/anaconda3/envs/XPe-IGTI/lib/python3.8/site-packages/airflow/example_dags/example_kubernetes_executor.py
[2023-11-28T19:15:28.606-0300] {processor.py:179} INFO - Processing /home/marcos/anaconda3/envs/XPe-IGTI/lib/python3.8/site-packages/airflow/example_dags/example_kubernetes_executor.py took 0.036 seconds
[2023-11-28T19:16:18.001-0300] {processor.py:157} INFO - Started process (PID=147677) to work on /home/marcos/anaconda3/envs/XPe-IGTI/lib/python3.8/site-packages/airflow/example_dags/example_kubernetes_executor.py
[2023-11-28T19:16:18.005-0300] {processor.py:829} INFO - Processing file /home/marcos/anaconda3/envs/XPe-IGTI/lib/python3.8/site-packages/airflow/example_dags/example_kubernetes_executor.py for tasks to queue
[2023-11-28T19:16:18.010-0300] {logging_mixin.py:154} INFO - [2023-11-28T19:16:18.009-0300] {dagbag.py:536} INFO - Filling up the DagBag from /home/marcos/anaconda3/envs/XPe-IGTI/lib/python3.8/site-packages/airflow/example_dags/example_kubernetes_executor.py
[2023-11-28T19:16:18.016-0300] {logging_mixin.py:154} INFO - [2023-11-28T19:16:18.016-0300] {example_kubernetes_executor.py:38} WARNING - The example_kubernetes_executor example DAG requires the kubernetes provider. Please install it with: pip install apache-airflow[cncf.kubernetes]
[2023-11-28T19:16:18.016-0300] {processor.py:841} WARNING - No viable dags retrieved from /home/marcos/anaconda3/envs/XPe-IGTI/lib/python3.8/site-packages/airflow/example_dags/example_kubernetes_executor.py
[2023-11-28T19:16:18.031-0300] {processor.py:179} INFO - Processing /home/marcos/anaconda3/envs/XPe-IGTI/lib/python3.8/site-packages/airflow/example_dags/example_kubernetes_executor.py took 0.035 seconds
[2023-11-28T19:17:23.007-0300] {processor.py:157} INFO - Started process (PID=147775) to work on /home/marcos/anaconda3/envs/XPe-IGTI/lib/python3.8/site-packages/airflow/example_dags/example_kubernetes_executor.py
[2023-11-28T19:17:23.012-0300] {processor.py:829} INFO - Processing file /home/marcos/anaconda3/envs/XPe-IGTI/lib/python3.8/site-packages/airflow/example_dags/example_kubernetes_executor.py for tasks to queue
[2023-11-28T19:17:23.016-0300] {logging_mixin.py:154} INFO - [2023-11-28T19:17:23.015-0300] {dagbag.py:536} INFO - Filling up the DagBag from /home/marcos/anaconda3/envs/XPe-IGTI/lib/python3.8/site-packages/airflow/example_dags/example_kubernetes_executor.py
[2023-11-28T19:17:23.021-0300] {logging_mixin.py:154} INFO - [2023-11-28T19:17:23.021-0300] {example_kubernetes_executor.py:38} WARNING - The example_kubernetes_executor example DAG requires the kubernetes provider. Please install it with: pip install apache-airflow[cncf.kubernetes]
[2023-11-28T19:17:23.021-0300] {processor.py:841} WARNING - No viable dags retrieved from /home/marcos/anaconda3/envs/XPe-IGTI/lib/python3.8/site-packages/airflow/example_dags/example_kubernetes_executor.py
[2023-11-28T19:17:23.035-0300] {processor.py:179} INFO - Processing /home/marcos/anaconda3/envs/XPe-IGTI/lib/python3.8/site-packages/airflow/example_dags/example_kubernetes_executor.py took 0.032 seconds
[2023-11-28T19:18:32.551-0300] {processor.py:157} INFO - Started process (PID=147857) to work on /home/marcos/anaconda3/envs/XPe-IGTI/lib/python3.8/site-packages/airflow/example_dags/example_kubernetes_executor.py
[2023-11-28T19:18:32.556-0300] {processor.py:829} INFO - Processing file /home/marcos/anaconda3/envs/XPe-IGTI/lib/python3.8/site-packages/airflow/example_dags/example_kubernetes_executor.py for tasks to queue
[2023-11-28T19:18:32.559-0300] {logging_mixin.py:154} INFO - [2023-11-28T19:18:32.559-0300] {dagbag.py:536} INFO - Filling up the DagBag from /home/marcos/anaconda3/envs/XPe-IGTI/lib/python3.8/site-packages/airflow/example_dags/example_kubernetes_executor.py
[2023-11-28T19:18:32.565-0300] {logging_mixin.py:154} INFO - [2023-11-28T19:18:32.565-0300] {example_kubernetes_executor.py:38} WARNING - The example_kubernetes_executor example DAG requires the kubernetes provider. Please install it with: pip install apache-airflow[cncf.kubernetes]
[2023-11-28T19:18:32.565-0300] {processor.py:841} WARNING - No viable dags retrieved from /home/marcos/anaconda3/envs/XPe-IGTI/lib/python3.8/site-packages/airflow/example_dags/example_kubernetes_executor.py
[2023-11-28T19:18:32.580-0300] {processor.py:179} INFO - Processing /home/marcos/anaconda3/envs/XPe-IGTI/lib/python3.8/site-packages/airflow/example_dags/example_kubernetes_executor.py took 0.034 seconds
[2023-11-28T19:21:17.861-0300] {processor.py:157} INFO - Started process (PID=148644) to work on /home/marcos/anaconda3/envs/XPe-IGTI/lib/python3.8/site-packages/airflow/example_dags/example_kubernetes_executor.py
[2023-11-28T19:21:17.866-0300] {processor.py:829} INFO - Processing file /home/marcos/anaconda3/envs/XPe-IGTI/lib/python3.8/site-packages/airflow/example_dags/example_kubernetes_executor.py for tasks to queue
[2023-11-28T19:21:17.869-0300] {logging_mixin.py:154} INFO - [2023-11-28T19:21:17.869-0300] {dagbag.py:536} INFO - Filling up the DagBag from /home/marcos/anaconda3/envs/XPe-IGTI/lib/python3.8/site-packages/airflow/example_dags/example_kubernetes_executor.py
[2023-11-28T19:21:17.877-0300] {logging_mixin.py:154} INFO - [2023-11-28T19:21:17.876-0300] {example_kubernetes_executor.py:38} WARNING - The example_kubernetes_executor example DAG requires the kubernetes provider. Please install it with: pip install apache-airflow[cncf.kubernetes]
[2023-11-28T19:21:17.877-0300] {processor.py:841} WARNING - No viable dags retrieved from /home/marcos/anaconda3/envs/XPe-IGTI/lib/python3.8/site-packages/airflow/example_dags/example_kubernetes_executor.py
[2023-11-28T19:21:17.894-0300] {processor.py:179} INFO - Processing /home/marcos/anaconda3/envs/XPe-IGTI/lib/python3.8/site-packages/airflow/example_dags/example_kubernetes_executor.py took 0.038 seconds
[2023-11-28T19:22:27.538-0300] {processor.py:157} INFO - Started process (PID=148840) to work on /home/marcos/anaconda3/envs/XPe-IGTI/lib/python3.8/site-packages/airflow/example_dags/example_kubernetes_executor.py
[2023-11-28T19:22:27.543-0300] {processor.py:829} INFO - Processing file /home/marcos/anaconda3/envs/XPe-IGTI/lib/python3.8/site-packages/airflow/example_dags/example_kubernetes_executor.py for tasks to queue
[2023-11-28T19:22:27.548-0300] {logging_mixin.py:154} INFO - [2023-11-28T19:22:27.547-0300] {dagbag.py:536} INFO - Filling up the DagBag from /home/marcos/anaconda3/envs/XPe-IGTI/lib/python3.8/site-packages/airflow/example_dags/example_kubernetes_executor.py
[2023-11-28T19:22:27.553-0300] {logging_mixin.py:154} INFO - [2023-11-28T19:22:27.553-0300] {example_kubernetes_executor.py:38} WARNING - The example_kubernetes_executor example DAG requires the kubernetes provider. Please install it with: pip install apache-airflow[cncf.kubernetes]
[2023-11-28T19:22:27.554-0300] {processor.py:841} WARNING - No viable dags retrieved from /home/marcos/anaconda3/envs/XPe-IGTI/lib/python3.8/site-packages/airflow/example_dags/example_kubernetes_executor.py
[2023-11-28T19:22:27.571-0300] {processor.py:179} INFO - Processing /home/marcos/anaconda3/envs/XPe-IGTI/lib/python3.8/site-packages/airflow/example_dags/example_kubernetes_executor.py took 0.037 seconds
[2023-11-28T19:23:19.910-0300] {processor.py:157} INFO - Started process (PID=148923) to work on /home/marcos/anaconda3/envs/XPe-IGTI/lib/python3.8/site-packages/airflow/example_dags/example_kubernetes_executor.py
[2023-11-28T19:23:19.912-0300] {processor.py:829} INFO - Processing file /home/marcos/anaconda3/envs/XPe-IGTI/lib/python3.8/site-packages/airflow/example_dags/example_kubernetes_executor.py for tasks to queue
[2023-11-28T19:23:19.916-0300] {logging_mixin.py:154} INFO - [2023-11-28T19:23:19.916-0300] {dagbag.py:536} INFO - Filling up the DagBag from /home/marcos/anaconda3/envs/XPe-IGTI/lib/python3.8/site-packages/airflow/example_dags/example_kubernetes_executor.py
[2023-11-28T19:23:19.923-0300] {logging_mixin.py:154} INFO - [2023-11-28T19:23:19.922-0300] {example_kubernetes_executor.py:38} WARNING - The example_kubernetes_executor example DAG requires the kubernetes provider. Please install it with: pip install apache-airflow[cncf.kubernetes]
[2023-11-28T19:23:19.924-0300] {processor.py:841} WARNING - No viable dags retrieved from /home/marcos/anaconda3/envs/XPe-IGTI/lib/python3.8/site-packages/airflow/example_dags/example_kubernetes_executor.py
[2023-11-28T19:23:19.940-0300] {processor.py:179} INFO - Processing /home/marcos/anaconda3/envs/XPe-IGTI/lib/python3.8/site-packages/airflow/example_dags/example_kubernetes_executor.py took 0.034 seconds
[2023-11-28T19:24:28.518-0300] {processor.py:157} INFO - Started process (PID=148995) to work on /home/marcos/anaconda3/envs/XPe-IGTI/lib/python3.8/site-packages/airflow/example_dags/example_kubernetes_executor.py
[2023-11-28T19:24:28.522-0300] {processor.py:829} INFO - Processing file /home/marcos/anaconda3/envs/XPe-IGTI/lib/python3.8/site-packages/airflow/example_dags/example_kubernetes_executor.py for tasks to queue
[2023-11-28T19:24:28.525-0300] {logging_mixin.py:154} INFO - [2023-11-28T19:24:28.525-0300] {dagbag.py:536} INFO - Filling up the DagBag from /home/marcos/anaconda3/envs/XPe-IGTI/lib/python3.8/site-packages/airflow/example_dags/example_kubernetes_executor.py
[2023-11-28T19:24:28.532-0300] {logging_mixin.py:154} INFO - [2023-11-28T19:24:28.531-0300] {example_kubernetes_executor.py:38} WARNING - The example_kubernetes_executor example DAG requires the kubernetes provider. Please install it with: pip install apache-airflow[cncf.kubernetes]
[2023-11-28T19:24:28.532-0300] {processor.py:841} WARNING - No viable dags retrieved from /home/marcos/anaconda3/envs/XPe-IGTI/lib/python3.8/site-packages/airflow/example_dags/example_kubernetes_executor.py
[2023-11-28T19:24:28.546-0300] {processor.py:179} INFO - Processing /home/marcos/anaconda3/envs/XPe-IGTI/lib/python3.8/site-packages/airflow/example_dags/example_kubernetes_executor.py took 0.032 seconds
[2023-11-28T19:25:40.150-0300] {processor.py:157} INFO - Started process (PID=149067) to work on /home/marcos/anaconda3/envs/XPe-IGTI/lib/python3.8/site-packages/airflow/example_dags/example_kubernetes_executor.py
[2023-11-28T19:25:40.155-0300] {processor.py:829} INFO - Processing file /home/marcos/anaconda3/envs/XPe-IGTI/lib/python3.8/site-packages/airflow/example_dags/example_kubernetes_executor.py for tasks to queue
[2023-11-28T19:25:40.158-0300] {logging_mixin.py:154} INFO - [2023-11-28T19:25:40.157-0300] {dagbag.py:536} INFO - Filling up the DagBag from /home/marcos/anaconda3/envs/XPe-IGTI/lib/python3.8/site-packages/airflow/example_dags/example_kubernetes_executor.py
[2023-11-28T19:25:40.164-0300] {logging_mixin.py:154} INFO - [2023-11-28T19:25:40.163-0300] {example_kubernetes_executor.py:38} WARNING - The example_kubernetes_executor example DAG requires the kubernetes provider. Please install it with: pip install apache-airflow[cncf.kubernetes]
[2023-11-28T19:25:40.164-0300] {processor.py:841} WARNING - No viable dags retrieved from /home/marcos/anaconda3/envs/XPe-IGTI/lib/python3.8/site-packages/airflow/example_dags/example_kubernetes_executor.py
[2023-11-28T19:25:40.182-0300] {processor.py:179} INFO - Processing /home/marcos/anaconda3/envs/XPe-IGTI/lib/python3.8/site-packages/airflow/example_dags/example_kubernetes_executor.py took 0.038 seconds
[2023-11-28T19:26:51.900-0300] {processor.py:157} INFO - Started process (PID=149161) to work on /home/marcos/anaconda3/envs/XPe-IGTI/lib/python3.8/site-packages/airflow/example_dags/example_kubernetes_executor.py
[2023-11-28T19:26:51.901-0300] {processor.py:829} INFO - Processing file /home/marcos/anaconda3/envs/XPe-IGTI/lib/python3.8/site-packages/airflow/example_dags/example_kubernetes_executor.py for tasks to queue
[2023-11-28T19:26:51.905-0300] {logging_mixin.py:154} INFO - [2023-11-28T19:26:51.905-0300] {dagbag.py:536} INFO - Filling up the DagBag from /home/marcos/anaconda3/envs/XPe-IGTI/lib/python3.8/site-packages/airflow/example_dags/example_kubernetes_executor.py
[2023-11-28T19:26:51.911-0300] {logging_mixin.py:154} INFO - [2023-11-28T19:26:51.910-0300] {example_kubernetes_executor.py:38} WARNING - The example_kubernetes_executor example DAG requires the kubernetes provider. Please install it with: pip install apache-airflow[cncf.kubernetes]
[2023-11-28T19:26:51.911-0300] {processor.py:841} WARNING - No viable dags retrieved from /home/marcos/anaconda3/envs/XPe-IGTI/lib/python3.8/site-packages/airflow/example_dags/example_kubernetes_executor.py
[2023-11-28T19:26:51.925-0300] {processor.py:179} INFO - Processing /home/marcos/anaconda3/envs/XPe-IGTI/lib/python3.8/site-packages/airflow/example_dags/example_kubernetes_executor.py took 0.029 seconds
[2023-11-28T19:27:53.660-0300] {processor.py:157} INFO - Started process (PID=149270) to work on /home/marcos/anaconda3/envs/XPe-IGTI/lib/python3.8/site-packages/airflow/example_dags/example_kubernetes_executor.py
[2023-11-28T19:27:53.664-0300] {processor.py:829} INFO - Processing file /home/marcos/anaconda3/envs/XPe-IGTI/lib/python3.8/site-packages/airflow/example_dags/example_kubernetes_executor.py for tasks to queue
[2023-11-28T19:27:53.667-0300] {logging_mixin.py:154} INFO - [2023-11-28T19:27:53.667-0300] {dagbag.py:536} INFO - Filling up the DagBag from /home/marcos/anaconda3/envs/XPe-IGTI/lib/python3.8/site-packages/airflow/example_dags/example_kubernetes_executor.py
[2023-11-28T19:27:53.672-0300] {logging_mixin.py:154} INFO - [2023-11-28T19:27:53.672-0300] {example_kubernetes_executor.py:38} WARNING - The example_kubernetes_executor example DAG requires the kubernetes provider. Please install it with: pip install apache-airflow[cncf.kubernetes]
[2023-11-28T19:27:53.672-0300] {processor.py:841} WARNING - No viable dags retrieved from /home/marcos/anaconda3/envs/XPe-IGTI/lib/python3.8/site-packages/airflow/example_dags/example_kubernetes_executor.py
[2023-11-28T19:27:53.683-0300] {processor.py:179} INFO - Processing /home/marcos/anaconda3/envs/XPe-IGTI/lib/python3.8/site-packages/airflow/example_dags/example_kubernetes_executor.py took 0.026 seconds
[2023-11-28T19:28:49.178-0300] {processor.py:157} INFO - Started process (PID=149338) to work on /home/marcos/anaconda3/envs/XPe-IGTI/lib/python3.8/site-packages/airflow/example_dags/example_kubernetes_executor.py
[2023-11-28T19:28:49.182-0300] {processor.py:829} INFO - Processing file /home/marcos/anaconda3/envs/XPe-IGTI/lib/python3.8/site-packages/airflow/example_dags/example_kubernetes_executor.py for tasks to queue
[2023-11-28T19:28:49.186-0300] {logging_mixin.py:154} INFO - [2023-11-28T19:28:49.186-0300] {dagbag.py:536} INFO - Filling up the DagBag from /home/marcos/anaconda3/envs/XPe-IGTI/lib/python3.8/site-packages/airflow/example_dags/example_kubernetes_executor.py
[2023-11-28T19:28:49.193-0300] {logging_mixin.py:154} INFO - [2023-11-28T19:28:49.192-0300] {example_kubernetes_executor.py:38} WARNING - The example_kubernetes_executor example DAG requires the kubernetes provider. Please install it with: pip install apache-airflow[cncf.kubernetes]
[2023-11-28T19:28:49.193-0300] {processor.py:841} WARNING - No viable dags retrieved from /home/marcos/anaconda3/envs/XPe-IGTI/lib/python3.8/site-packages/airflow/example_dags/example_kubernetes_executor.py
[2023-11-28T19:28:49.210-0300] {processor.py:179} INFO - Processing /home/marcos/anaconda3/envs/XPe-IGTI/lib/python3.8/site-packages/airflow/example_dags/example_kubernetes_executor.py took 0.038 seconds
