[2023-11-27T21:01:02.458-0300] {processor.py:157} INFO - Started process (PID=51779) to work on /home/marcos/anaconda3/envs/XPe-IGTI/lib/python3.8/site-packages/airflow/example_dags/example_dag_decorator.py
[2023-11-27T21:01:02.460-0300] {processor.py:829} INFO - Processing file /home/marcos/anaconda3/envs/XPe-IGTI/lib/python3.8/site-packages/airflow/example_dags/example_dag_decorator.py for tasks to queue
[2023-11-27T21:01:02.462-0300] {logging_mixin.py:154} INFO - [2023-11-27T21:01:02.461-0300] {dagbag.py:536} INFO - Filling up the DagBag from /home/marcos/anaconda3/envs/XPe-IGTI/lib/python3.8/site-packages/airflow/example_dags/example_dag_decorator.py
[2023-11-27T21:01:02.592-0300] {processor.py:839} INFO - DAG(s) dict_keys(['example_dag_decorator']) retrieved from /home/marcos/anaconda3/envs/XPe-IGTI/lib/python3.8/site-packages/airflow/example_dags/example_dag_decorator.py
[2023-11-27T21:01:02.768-0300] {logging_mixin.py:154} INFO - [2023-11-27T21:01:02.768-0300] {dag.py:2941} INFO - Sync 1 DAGs
[2023-11-27T21:01:02.797-0300] {logging_mixin.py:154} INFO - [2023-11-27T21:01:02.796-0300] {dag.py:3722} INFO - Setting next_dagrun for example_dag_decorator to None, run_after=None
[2023-11-27T21:01:02.837-0300] {processor.py:179} INFO - Processing /home/marcos/anaconda3/envs/XPe-IGTI/lib/python3.8/site-packages/airflow/example_dags/example_dag_decorator.py took 0.383 seconds
[2023-11-27T21:02:03.107-0300] {processor.py:157} INFO - Started process (PID=51878) to work on /home/marcos/anaconda3/envs/XPe-IGTI/lib/python3.8/site-packages/airflow/example_dags/example_dag_decorator.py
[2023-11-27T21:02:03.111-0300] {processor.py:829} INFO - Processing file /home/marcos/anaconda3/envs/XPe-IGTI/lib/python3.8/site-packages/airflow/example_dags/example_dag_decorator.py for tasks to queue
[2023-11-27T21:02:03.112-0300] {logging_mixin.py:154} INFO - [2023-11-27T21:02:03.112-0300] {dagbag.py:536} INFO - Filling up the DagBag from /home/marcos/anaconda3/envs/XPe-IGTI/lib/python3.8/site-packages/airflow/example_dags/example_dag_decorator.py
[2023-11-27T21:02:03.242-0300] {processor.py:839} INFO - DAG(s) dict_keys(['example_dag_decorator']) retrieved from /home/marcos/anaconda3/envs/XPe-IGTI/lib/python3.8/site-packages/airflow/example_dags/example_dag_decorator.py
[2023-11-27T21:02:03.272-0300] {logging_mixin.py:154} INFO - [2023-11-27T21:02:03.272-0300] {dag.py:2941} INFO - Sync 1 DAGs
[2023-11-27T21:02:03.294-0300] {logging_mixin.py:154} INFO - [2023-11-27T21:02:03.294-0300] {dag.py:3722} INFO - Setting next_dagrun for example_dag_decorator to None, run_after=None
[2023-11-27T21:02:03.330-0300] {processor.py:179} INFO - Processing /home/marcos/anaconda3/envs/XPe-IGTI/lib/python3.8/site-packages/airflow/example_dags/example_dag_decorator.py took 0.230 seconds
[2023-11-27T21:03:00.530-0300] {processor.py:157} INFO - Started process (PID=51954) to work on /home/marcos/anaconda3/envs/XPe-IGTI/lib/python3.8/site-packages/airflow/example_dags/example_dag_decorator.py
[2023-11-27T21:03:00.536-0300] {processor.py:829} INFO - Processing file /home/marcos/anaconda3/envs/XPe-IGTI/lib/python3.8/site-packages/airflow/example_dags/example_dag_decorator.py for tasks to queue
[2023-11-27T21:03:00.537-0300] {logging_mixin.py:154} INFO - [2023-11-27T21:03:00.537-0300] {dagbag.py:536} INFO - Filling up the DagBag from /home/marcos/anaconda3/envs/XPe-IGTI/lib/python3.8/site-packages/airflow/example_dags/example_dag_decorator.py
[2023-11-27T21:03:00.695-0300] {processor.py:839} INFO - DAG(s) dict_keys(['example_dag_decorator']) retrieved from /home/marcos/anaconda3/envs/XPe-IGTI/lib/python3.8/site-packages/airflow/example_dags/example_dag_decorator.py
[2023-11-27T21:03:00.729-0300] {logging_mixin.py:154} INFO - [2023-11-27T21:03:00.729-0300] {dag.py:2941} INFO - Sync 1 DAGs
[2023-11-27T21:03:00.750-0300] {logging_mixin.py:154} INFO - [2023-11-27T21:03:00.749-0300] {dag.py:3722} INFO - Setting next_dagrun for example_dag_decorator to None, run_after=None
[2023-11-27T21:03:00.789-0300] {processor.py:179} INFO - Processing /home/marcos/anaconda3/envs/XPe-IGTI/lib/python3.8/site-packages/airflow/example_dags/example_dag_decorator.py took 0.268 seconds
[2023-11-27T21:04:09.359-0300] {processor.py:157} INFO - Started process (PID=52038) to work on /home/marcos/anaconda3/envs/XPe-IGTI/lib/python3.8/site-packages/airflow/example_dags/example_dag_decorator.py
[2023-11-27T21:04:09.360-0300] {processor.py:829} INFO - Processing file /home/marcos/anaconda3/envs/XPe-IGTI/lib/python3.8/site-packages/airflow/example_dags/example_dag_decorator.py for tasks to queue
[2023-11-27T21:04:09.362-0300] {logging_mixin.py:154} INFO - [2023-11-27T21:04:09.361-0300] {dagbag.py:536} INFO - Filling up the DagBag from /home/marcos/anaconda3/envs/XPe-IGTI/lib/python3.8/site-packages/airflow/example_dags/example_dag_decorator.py
[2023-11-27T21:04:09.494-0300] {processor.py:839} INFO - DAG(s) dict_keys(['example_dag_decorator']) retrieved from /home/marcos/anaconda3/envs/XPe-IGTI/lib/python3.8/site-packages/airflow/example_dags/example_dag_decorator.py
[2023-11-27T21:04:09.659-0300] {logging_mixin.py:154} INFO - [2023-11-27T21:04:09.658-0300] {dag.py:2941} INFO - Sync 1 DAGs
[2023-11-27T21:04:09.675-0300] {logging_mixin.py:154} INFO - [2023-11-27T21:04:09.675-0300] {dag.py:3722} INFO - Setting next_dagrun for example_dag_decorator to None, run_after=None
[2023-11-27T21:04:09.712-0300] {processor.py:179} INFO - Processing /home/marcos/anaconda3/envs/XPe-IGTI/lib/python3.8/site-packages/airflow/example_dags/example_dag_decorator.py took 0.359 seconds
[2023-11-27T21:05:12.760-0300] {processor.py:157} INFO - Started process (PID=52126) to work on /home/marcos/anaconda3/envs/XPe-IGTI/lib/python3.8/site-packages/airflow/example_dags/example_dag_decorator.py
[2023-11-27T21:05:12.762-0300] {processor.py:829} INFO - Processing file /home/marcos/anaconda3/envs/XPe-IGTI/lib/python3.8/site-packages/airflow/example_dags/example_dag_decorator.py for tasks to queue
[2023-11-27T21:05:12.763-0300] {logging_mixin.py:154} INFO - [2023-11-27T21:05:12.762-0300] {dagbag.py:536} INFO - Filling up the DagBag from /home/marcos/anaconda3/envs/XPe-IGTI/lib/python3.8/site-packages/airflow/example_dags/example_dag_decorator.py
[2023-11-27T21:05:12.870-0300] {processor.py:839} INFO - DAG(s) dict_keys(['example_dag_decorator']) retrieved from /home/marcos/anaconda3/envs/XPe-IGTI/lib/python3.8/site-packages/airflow/example_dags/example_dag_decorator.py
[2023-11-27T21:05:13.020-0300] {logging_mixin.py:154} INFO - [2023-11-27T21:05:13.020-0300] {dag.py:2941} INFO - Sync 1 DAGs
[2023-11-27T21:05:13.036-0300] {logging_mixin.py:154} INFO - [2023-11-27T21:05:13.035-0300] {dag.py:3722} INFO - Setting next_dagrun for example_dag_decorator to None, run_after=None
[2023-11-27T21:05:13.067-0300] {processor.py:179} INFO - Processing /home/marcos/anaconda3/envs/XPe-IGTI/lib/python3.8/site-packages/airflow/example_dags/example_dag_decorator.py took 0.312 seconds
[2023-11-27T21:06:15.305-0300] {processor.py:157} INFO - Started process (PID=52224) to work on /home/marcos/anaconda3/envs/XPe-IGTI/lib/python3.8/site-packages/airflow/example_dags/example_dag_decorator.py
[2023-11-27T21:06:15.309-0300] {processor.py:829} INFO - Processing file /home/marcos/anaconda3/envs/XPe-IGTI/lib/python3.8/site-packages/airflow/example_dags/example_dag_decorator.py for tasks to queue
[2023-11-27T21:06:15.310-0300] {logging_mixin.py:154} INFO - [2023-11-27T21:06:15.310-0300] {dagbag.py:536} INFO - Filling up the DagBag from /home/marcos/anaconda3/envs/XPe-IGTI/lib/python3.8/site-packages/airflow/example_dags/example_dag_decorator.py
[2023-11-27T21:06:15.417-0300] {processor.py:839} INFO - DAG(s) dict_keys(['example_dag_decorator']) retrieved from /home/marcos/anaconda3/envs/XPe-IGTI/lib/python3.8/site-packages/airflow/example_dags/example_dag_decorator.py
[2023-11-27T21:06:15.558-0300] {logging_mixin.py:154} INFO - [2023-11-27T21:06:15.557-0300] {dag.py:2941} INFO - Sync 1 DAGs
[2023-11-27T21:06:15.572-0300] {logging_mixin.py:154} INFO - [2023-11-27T21:06:15.572-0300] {dag.py:3722} INFO - Setting next_dagrun for example_dag_decorator to None, run_after=None
[2023-11-27T21:06:15.603-0300] {processor.py:179} INFO - Processing /home/marcos/anaconda3/envs/XPe-IGTI/lib/python3.8/site-packages/airflow/example_dags/example_dag_decorator.py took 0.303 seconds
[2023-11-27T21:07:15.966-0300] {processor.py:157} INFO - Started process (PID=52318) to work on /home/marcos/anaconda3/envs/XPe-IGTI/lib/python3.8/site-packages/airflow/example_dags/example_dag_decorator.py
[2023-11-27T21:07:15.970-0300] {processor.py:829} INFO - Processing file /home/marcos/anaconda3/envs/XPe-IGTI/lib/python3.8/site-packages/airflow/example_dags/example_dag_decorator.py for tasks to queue
[2023-11-27T21:07:15.971-0300] {logging_mixin.py:154} INFO - [2023-11-27T21:07:15.970-0300] {dagbag.py:536} INFO - Filling up the DagBag from /home/marcos/anaconda3/envs/XPe-IGTI/lib/python3.8/site-packages/airflow/example_dags/example_dag_decorator.py
[2023-11-27T21:07:16.077-0300] {processor.py:839} INFO - DAG(s) dict_keys(['example_dag_decorator']) retrieved from /home/marcos/anaconda3/envs/XPe-IGTI/lib/python3.8/site-packages/airflow/example_dags/example_dag_decorator.py
[2023-11-27T21:07:16.271-0300] {logging_mixin.py:154} INFO - [2023-11-27T21:07:16.270-0300] {dag.py:2941} INFO - Sync 1 DAGs
[2023-11-27T21:07:16.292-0300] {logging_mixin.py:154} INFO - [2023-11-27T21:07:16.291-0300] {dag.py:3722} INFO - Setting next_dagrun for example_dag_decorator to None, run_after=None
[2023-11-27T21:07:16.328-0300] {processor.py:179} INFO - Processing /home/marcos/anaconda3/envs/XPe-IGTI/lib/python3.8/site-packages/airflow/example_dags/example_dag_decorator.py took 0.366 seconds
[2023-11-27T21:08:16.317-0300] {processor.py:157} INFO - Started process (PID=52394) to work on /home/marcos/anaconda3/envs/XPe-IGTI/lib/python3.8/site-packages/airflow/example_dags/example_dag_decorator.py
[2023-11-27T21:08:16.322-0300] {processor.py:829} INFO - Processing file /home/marcos/anaconda3/envs/XPe-IGTI/lib/python3.8/site-packages/airflow/example_dags/example_dag_decorator.py for tasks to queue
[2023-11-27T21:08:16.323-0300] {logging_mixin.py:154} INFO - [2023-11-27T21:08:16.322-0300] {dagbag.py:536} INFO - Filling up the DagBag from /home/marcos/anaconda3/envs/XPe-IGTI/lib/python3.8/site-packages/airflow/example_dags/example_dag_decorator.py
[2023-11-27T21:08:16.423-0300] {processor.py:839} INFO - DAG(s) dict_keys(['example_dag_decorator']) retrieved from /home/marcos/anaconda3/envs/XPe-IGTI/lib/python3.8/site-packages/airflow/example_dags/example_dag_decorator.py
[2023-11-27T21:08:16.567-0300] {logging_mixin.py:154} INFO - [2023-11-27T21:08:16.567-0300] {dag.py:2941} INFO - Sync 1 DAGs
[2023-11-27T21:08:16.582-0300] {logging_mixin.py:154} INFO - [2023-11-27T21:08:16.582-0300] {dag.py:3722} INFO - Setting next_dagrun for example_dag_decorator to None, run_after=None
[2023-11-27T21:08:16.613-0300] {processor.py:179} INFO - Processing /home/marcos/anaconda3/envs/XPe-IGTI/lib/python3.8/site-packages/airflow/example_dags/example_dag_decorator.py took 0.300 seconds
[2023-11-27T21:09:22.896-0300] {processor.py:157} INFO - Started process (PID=52467) to work on /home/marcos/anaconda3/envs/XPe-IGTI/lib/python3.8/site-packages/airflow/example_dags/example_dag_decorator.py
[2023-11-27T21:09:22.901-0300] {processor.py:829} INFO - Processing file /home/marcos/anaconda3/envs/XPe-IGTI/lib/python3.8/site-packages/airflow/example_dags/example_dag_decorator.py for tasks to queue
[2023-11-27T21:09:22.902-0300] {logging_mixin.py:154} INFO - [2023-11-27T21:09:22.901-0300] {dagbag.py:536} INFO - Filling up the DagBag from /home/marcos/anaconda3/envs/XPe-IGTI/lib/python3.8/site-packages/airflow/example_dags/example_dag_decorator.py
[2023-11-27T21:09:23.004-0300] {processor.py:839} INFO - DAG(s) dict_keys(['example_dag_decorator']) retrieved from /home/marcos/anaconda3/envs/XPe-IGTI/lib/python3.8/site-packages/airflow/example_dags/example_dag_decorator.py
[2023-11-27T21:09:23.143-0300] {logging_mixin.py:154} INFO - [2023-11-27T21:09:23.143-0300] {dag.py:2941} INFO - Sync 1 DAGs
[2023-11-27T21:09:23.157-0300] {logging_mixin.py:154} INFO - [2023-11-27T21:09:23.157-0300] {dag.py:3722} INFO - Setting next_dagrun for example_dag_decorator to None, run_after=None
[2023-11-27T21:09:23.189-0300] {processor.py:179} INFO - Processing /home/marcos/anaconda3/envs/XPe-IGTI/lib/python3.8/site-packages/airflow/example_dags/example_dag_decorator.py took 0.297 seconds
[2023-11-27T21:10:25.582-0300] {processor.py:157} INFO - Started process (PID=52547) to work on /home/marcos/anaconda3/envs/XPe-IGTI/lib/python3.8/site-packages/airflow/example_dags/example_dag_decorator.py
[2023-11-27T21:10:25.587-0300] {processor.py:829} INFO - Processing file /home/marcos/anaconda3/envs/XPe-IGTI/lib/python3.8/site-packages/airflow/example_dags/example_dag_decorator.py for tasks to queue
[2023-11-27T21:10:25.590-0300] {logging_mixin.py:154} INFO - [2023-11-27T21:10:25.589-0300] {dagbag.py:536} INFO - Filling up the DagBag from /home/marcos/anaconda3/envs/XPe-IGTI/lib/python3.8/site-packages/airflow/example_dags/example_dag_decorator.py
[2023-11-27T21:10:25.699-0300] {processor.py:839} INFO - DAG(s) dict_keys(['example_dag_decorator']) retrieved from /home/marcos/anaconda3/envs/XPe-IGTI/lib/python3.8/site-packages/airflow/example_dags/example_dag_decorator.py
[2023-11-27T21:10:25.725-0300] {logging_mixin.py:154} INFO - [2023-11-27T21:10:25.725-0300] {dag.py:2941} INFO - Sync 1 DAGs
[2023-11-27T21:10:25.741-0300] {logging_mixin.py:154} INFO - [2023-11-27T21:10:25.741-0300] {dag.py:3722} INFO - Setting next_dagrun for example_dag_decorator to None, run_after=None
[2023-11-27T21:10:25.771-0300] {processor.py:179} INFO - Processing /home/marcos/anaconda3/envs/XPe-IGTI/lib/python3.8/site-packages/airflow/example_dags/example_dag_decorator.py took 0.195 seconds
[2023-11-27T21:11:34.306-0300] {processor.py:157} INFO - Started process (PID=52628) to work on /home/marcos/anaconda3/envs/XPe-IGTI/lib/python3.8/site-packages/airflow/example_dags/example_dag_decorator.py
[2023-11-27T21:11:34.311-0300] {processor.py:829} INFO - Processing file /home/marcos/anaconda3/envs/XPe-IGTI/lib/python3.8/site-packages/airflow/example_dags/example_dag_decorator.py for tasks to queue
[2023-11-27T21:11:34.314-0300] {logging_mixin.py:154} INFO - [2023-11-27T21:11:34.313-0300] {dagbag.py:536} INFO - Filling up the DagBag from /home/marcos/anaconda3/envs/XPe-IGTI/lib/python3.8/site-packages/airflow/example_dags/example_dag_decorator.py
[2023-11-27T21:11:34.424-0300] {processor.py:839} INFO - DAG(s) dict_keys(['example_dag_decorator']) retrieved from /home/marcos/anaconda3/envs/XPe-IGTI/lib/python3.8/site-packages/airflow/example_dags/example_dag_decorator.py
[2023-11-27T21:11:34.561-0300] {logging_mixin.py:154} INFO - [2023-11-27T21:11:34.561-0300] {dag.py:2941} INFO - Sync 1 DAGs
[2023-11-27T21:11:34.575-0300] {logging_mixin.py:154} INFO - [2023-11-27T21:11:34.574-0300] {dag.py:3722} INFO - Setting next_dagrun for example_dag_decorator to None, run_after=None
[2023-11-27T21:11:34.608-0300] {processor.py:179} INFO - Processing /home/marcos/anaconda3/envs/XPe-IGTI/lib/python3.8/site-packages/airflow/example_dags/example_dag_decorator.py took 0.308 seconds
[2023-11-27T21:12:40.745-0300] {processor.py:157} INFO - Started process (PID=52734) to work on /home/marcos/anaconda3/envs/XPe-IGTI/lib/python3.8/site-packages/airflow/example_dags/example_dag_decorator.py
[2023-11-27T21:12:40.750-0300] {processor.py:829} INFO - Processing file /home/marcos/anaconda3/envs/XPe-IGTI/lib/python3.8/site-packages/airflow/example_dags/example_dag_decorator.py for tasks to queue
[2023-11-27T21:12:40.751-0300] {logging_mixin.py:154} INFO - [2023-11-27T21:12:40.751-0300] {dagbag.py:536} INFO - Filling up the DagBag from /home/marcos/anaconda3/envs/XPe-IGTI/lib/python3.8/site-packages/airflow/example_dags/example_dag_decorator.py
[2023-11-27T21:12:40.856-0300] {processor.py:839} INFO - DAG(s) dict_keys(['example_dag_decorator']) retrieved from /home/marcos/anaconda3/envs/XPe-IGTI/lib/python3.8/site-packages/airflow/example_dags/example_dag_decorator.py
[2023-11-27T21:12:40.884-0300] {logging_mixin.py:154} INFO - [2023-11-27T21:12:40.883-0300] {dag.py:2941} INFO - Sync 1 DAGs
[2023-11-27T21:12:40.901-0300] {logging_mixin.py:154} INFO - [2023-11-27T21:12:40.901-0300] {dag.py:3722} INFO - Setting next_dagrun for example_dag_decorator to None, run_after=None
[2023-11-27T21:12:40.932-0300] {processor.py:179} INFO - Processing /home/marcos/anaconda3/envs/XPe-IGTI/lib/python3.8/site-packages/airflow/example_dags/example_dag_decorator.py took 0.193 seconds
[2023-11-27T21:13:37.387-0300] {processor.py:157} INFO - Started process (PID=52817) to work on /home/marcos/anaconda3/envs/XPe-IGTI/lib/python3.8/site-packages/airflow/example_dags/example_dag_decorator.py
[2023-11-27T21:13:37.391-0300] {processor.py:829} INFO - Processing file /home/marcos/anaconda3/envs/XPe-IGTI/lib/python3.8/site-packages/airflow/example_dags/example_dag_decorator.py for tasks to queue
[2023-11-27T21:13:37.392-0300] {logging_mixin.py:154} INFO - [2023-11-27T21:13:37.392-0300] {dagbag.py:536} INFO - Filling up the DagBag from /home/marcos/anaconda3/envs/XPe-IGTI/lib/python3.8/site-packages/airflow/example_dags/example_dag_decorator.py
[2023-11-27T21:13:37.495-0300] {processor.py:839} INFO - DAG(s) dict_keys(['example_dag_decorator']) retrieved from /home/marcos/anaconda3/envs/XPe-IGTI/lib/python3.8/site-packages/airflow/example_dags/example_dag_decorator.py
[2023-11-27T21:13:37.522-0300] {logging_mixin.py:154} INFO - [2023-11-27T21:13:37.522-0300] {dag.py:2941} INFO - Sync 1 DAGs
[2023-11-27T21:13:37.540-0300] {logging_mixin.py:154} INFO - [2023-11-27T21:13:37.540-0300] {dag.py:3722} INFO - Setting next_dagrun for example_dag_decorator to None, run_after=None
[2023-11-27T21:13:37.570-0300] {processor.py:179} INFO - Processing /home/marcos/anaconda3/envs/XPe-IGTI/lib/python3.8/site-packages/airflow/example_dags/example_dag_decorator.py took 0.188 seconds
[2023-11-27T21:14:43.606-0300] {processor.py:157} INFO - Started process (PID=52925) to work on /home/marcos/anaconda3/envs/XPe-IGTI/lib/python3.8/site-packages/airflow/example_dags/example_dag_decorator.py
[2023-11-27T21:14:43.608-0300] {processor.py:829} INFO - Processing file /home/marcos/anaconda3/envs/XPe-IGTI/lib/python3.8/site-packages/airflow/example_dags/example_dag_decorator.py for tasks to queue
[2023-11-27T21:14:43.609-0300] {logging_mixin.py:154} INFO - [2023-11-27T21:14:43.608-0300] {dagbag.py:536} INFO - Filling up the DagBag from /home/marcos/anaconda3/envs/XPe-IGTI/lib/python3.8/site-packages/airflow/example_dags/example_dag_decorator.py
[2023-11-27T21:14:43.756-0300] {processor.py:839} INFO - DAG(s) dict_keys(['example_dag_decorator']) retrieved from /home/marcos/anaconda3/envs/XPe-IGTI/lib/python3.8/site-packages/airflow/example_dags/example_dag_decorator.py
[2023-11-27T21:14:43.948-0300] {logging_mixin.py:154} INFO - [2023-11-27T21:14:43.947-0300] {dag.py:2941} INFO - Sync 1 DAGs
[2023-11-27T21:14:43.968-0300] {logging_mixin.py:154} INFO - [2023-11-27T21:14:43.967-0300] {dag.py:3722} INFO - Setting next_dagrun for example_dag_decorator to None, run_after=None
[2023-11-27T21:14:44.005-0300] {processor.py:179} INFO - Processing /home/marcos/anaconda3/envs/XPe-IGTI/lib/python3.8/site-packages/airflow/example_dags/example_dag_decorator.py took 0.404 seconds
[2023-11-27T21:15:51.553-0300] {processor.py:157} INFO - Started process (PID=53010) to work on /home/marcos/anaconda3/envs/XPe-IGTI/lib/python3.8/site-packages/airflow/example_dags/example_dag_decorator.py
[2023-11-27T21:15:51.558-0300] {processor.py:829} INFO - Processing file /home/marcos/anaconda3/envs/XPe-IGTI/lib/python3.8/site-packages/airflow/example_dags/example_dag_decorator.py for tasks to queue
[2023-11-27T21:15:51.560-0300] {logging_mixin.py:154} INFO - [2023-11-27T21:15:51.559-0300] {dagbag.py:536} INFO - Filling up the DagBag from /home/marcos/anaconda3/envs/XPe-IGTI/lib/python3.8/site-packages/airflow/example_dags/example_dag_decorator.py
[2023-11-27T21:15:51.677-0300] {processor.py:839} INFO - DAG(s) dict_keys(['example_dag_decorator']) retrieved from /home/marcos/anaconda3/envs/XPe-IGTI/lib/python3.8/site-packages/airflow/example_dags/example_dag_decorator.py
[2023-11-27T21:15:51.832-0300] {logging_mixin.py:154} INFO - [2023-11-27T21:15:51.832-0300] {dag.py:2941} INFO - Sync 1 DAGs
[2023-11-27T21:15:51.848-0300] {logging_mixin.py:154} INFO - [2023-11-27T21:15:51.848-0300] {dag.py:3722} INFO - Setting next_dagrun for example_dag_decorator to None, run_after=None
[2023-11-27T21:15:51.885-0300] {processor.py:179} INFO - Processing /home/marcos/anaconda3/envs/XPe-IGTI/lib/python3.8/site-packages/airflow/example_dags/example_dag_decorator.py took 0.336 seconds
[2023-11-27T21:17:00.714-0300] {processor.py:157} INFO - Started process (PID=53113) to work on /home/marcos/anaconda3/envs/XPe-IGTI/lib/python3.8/site-packages/airflow/example_dags/example_dag_decorator.py
[2023-11-27T21:17:00.720-0300] {processor.py:829} INFO - Processing file /home/marcos/anaconda3/envs/XPe-IGTI/lib/python3.8/site-packages/airflow/example_dags/example_dag_decorator.py for tasks to queue
[2023-11-27T21:17:00.724-0300] {logging_mixin.py:154} INFO - [2023-11-27T21:17:00.722-0300] {dagbag.py:536} INFO - Filling up the DagBag from /home/marcos/anaconda3/envs/XPe-IGTI/lib/python3.8/site-packages/airflow/example_dags/example_dag_decorator.py
[2023-11-27T21:17:00.860-0300] {processor.py:839} INFO - DAG(s) dict_keys(['example_dag_decorator']) retrieved from /home/marcos/anaconda3/envs/XPe-IGTI/lib/python3.8/site-packages/airflow/example_dags/example_dag_decorator.py
[2023-11-27T21:17:01.039-0300] {logging_mixin.py:154} INFO - [2023-11-27T21:17:01.038-0300] {dag.py:2941} INFO - Sync 1 DAGs
[2023-11-27T21:17:01.213-0300] {logging_mixin.py:154} INFO - [2023-11-27T21:17:01.213-0300] {dag.py:3722} INFO - Setting next_dagrun for example_dag_decorator to None, run_after=None
[2023-11-27T21:17:01.245-0300] {processor.py:179} INFO - Processing /home/marcos/anaconda3/envs/XPe-IGTI/lib/python3.8/site-packages/airflow/example_dags/example_dag_decorator.py took 0.544 seconds
[2023-11-27T21:17:50.236-0300] {processor.py:157} INFO - Started process (PID=53176) to work on /home/marcos/anaconda3/envs/XPe-IGTI/lib/python3.8/site-packages/airflow/example_dags/example_dag_decorator.py
[2023-11-27T21:17:50.241-0300] {processor.py:829} INFO - Processing file /home/marcos/anaconda3/envs/XPe-IGTI/lib/python3.8/site-packages/airflow/example_dags/example_dag_decorator.py for tasks to queue
[2023-11-27T21:17:50.242-0300] {logging_mixin.py:154} INFO - [2023-11-27T21:17:50.241-0300] {dagbag.py:536} INFO - Filling up the DagBag from /home/marcos/anaconda3/envs/XPe-IGTI/lib/python3.8/site-packages/airflow/example_dags/example_dag_decorator.py
[2023-11-27T21:17:50.359-0300] {processor.py:839} INFO - DAG(s) dict_keys(['example_dag_decorator']) retrieved from /home/marcos/anaconda3/envs/XPe-IGTI/lib/python3.8/site-packages/airflow/example_dags/example_dag_decorator.py
[2023-11-27T21:17:50.513-0300] {logging_mixin.py:154} INFO - [2023-11-27T21:17:50.513-0300] {dag.py:2941} INFO - Sync 1 DAGs
[2023-11-27T21:17:50.529-0300] {logging_mixin.py:154} INFO - [2023-11-27T21:17:50.529-0300] {dag.py:3722} INFO - Setting next_dagrun for example_dag_decorator to None, run_after=None
[2023-11-27T21:17:50.564-0300] {processor.py:179} INFO - Processing /home/marcos/anaconda3/envs/XPe-IGTI/lib/python3.8/site-packages/airflow/example_dags/example_dag_decorator.py took 0.333 seconds
[2023-11-27T21:18:54.570-0300] {processor.py:157} INFO - Started process (PID=53252) to work on /home/marcos/anaconda3/envs/XPe-IGTI/lib/python3.8/site-packages/airflow/example_dags/example_dag_decorator.py
[2023-11-27T21:18:54.576-0300] {processor.py:829} INFO - Processing file /home/marcos/anaconda3/envs/XPe-IGTI/lib/python3.8/site-packages/airflow/example_dags/example_dag_decorator.py for tasks to queue
[2023-11-27T21:18:54.580-0300] {logging_mixin.py:154} INFO - [2023-11-27T21:18:54.578-0300] {dagbag.py:536} INFO - Filling up the DagBag from /home/marcos/anaconda3/envs/XPe-IGTI/lib/python3.8/site-packages/airflow/example_dags/example_dag_decorator.py
[2023-11-27T21:18:54.764-0300] {processor.py:839} INFO - DAG(s) dict_keys(['example_dag_decorator']) retrieved from /home/marcos/anaconda3/envs/XPe-IGTI/lib/python3.8/site-packages/airflow/example_dags/example_dag_decorator.py
[2023-11-27T21:18:55.094-0300] {logging_mixin.py:154} INFO - [2023-11-27T21:18:55.093-0300] {dag.py:2941} INFO - Sync 1 DAGs
[2023-11-27T21:18:55.110-0300] {logging_mixin.py:154} INFO - [2023-11-27T21:18:55.110-0300] {dag.py:3722} INFO - Setting next_dagrun for example_dag_decorator to None, run_after=None
[2023-11-27T21:18:55.146-0300] {processor.py:179} INFO - Processing /home/marcos/anaconda3/envs/XPe-IGTI/lib/python3.8/site-packages/airflow/example_dags/example_dag_decorator.py took 0.592 seconds
[2023-11-27T21:20:04.510-0300] {processor.py:157} INFO - Started process (PID=53334) to work on /home/marcos/anaconda3/envs/XPe-IGTI/lib/python3.8/site-packages/airflow/example_dags/example_dag_decorator.py
[2023-11-27T21:20:04.515-0300] {processor.py:829} INFO - Processing file /home/marcos/anaconda3/envs/XPe-IGTI/lib/python3.8/site-packages/airflow/example_dags/example_dag_decorator.py for tasks to queue
[2023-11-27T21:20:04.516-0300] {logging_mixin.py:154} INFO - [2023-11-27T21:20:04.516-0300] {dagbag.py:536} INFO - Filling up the DagBag from /home/marcos/anaconda3/envs/XPe-IGTI/lib/python3.8/site-packages/airflow/example_dags/example_dag_decorator.py
[2023-11-27T21:20:04.665-0300] {processor.py:839} INFO - DAG(s) dict_keys(['example_dag_decorator']) retrieved from /home/marcos/anaconda3/envs/XPe-IGTI/lib/python3.8/site-packages/airflow/example_dags/example_dag_decorator.py
[2023-11-27T21:20:05.021-0300] {logging_mixin.py:154} INFO - [2023-11-27T21:20:05.021-0300] {dag.py:2941} INFO - Sync 1 DAGs
[2023-11-27T21:20:05.036-0300] {logging_mixin.py:154} INFO - [2023-11-27T21:20:05.035-0300] {dag.py:3722} INFO - Setting next_dagrun for example_dag_decorator to None, run_after=None
[2023-11-27T21:20:05.075-0300] {processor.py:179} INFO - Processing /home/marcos/anaconda3/envs/XPe-IGTI/lib/python3.8/site-packages/airflow/example_dags/example_dag_decorator.py took 0.570 seconds
[2023-11-27T21:21:11.518-0300] {processor.py:157} INFO - Started process (PID=53409) to work on /home/marcos/anaconda3/envs/XPe-IGTI/lib/python3.8/site-packages/airflow/example_dags/example_dag_decorator.py
[2023-11-27T21:21:11.524-0300] {processor.py:829} INFO - Processing file /home/marcos/anaconda3/envs/XPe-IGTI/lib/python3.8/site-packages/airflow/example_dags/example_dag_decorator.py for tasks to queue
[2023-11-27T21:21:11.525-0300] {logging_mixin.py:154} INFO - [2023-11-27T21:21:11.525-0300] {dagbag.py:536} INFO - Filling up the DagBag from /home/marcos/anaconda3/envs/XPe-IGTI/lib/python3.8/site-packages/airflow/example_dags/example_dag_decorator.py
[2023-11-27T21:21:11.689-0300] {processor.py:839} INFO - DAG(s) dict_keys(['example_dag_decorator']) retrieved from /home/marcos/anaconda3/envs/XPe-IGTI/lib/python3.8/site-packages/airflow/example_dags/example_dag_decorator.py
[2023-11-27T21:21:11.729-0300] {logging_mixin.py:154} INFO - [2023-11-27T21:21:11.728-0300] {dag.py:2941} INFO - Sync 1 DAGs
[2023-11-27T21:21:11.758-0300] {logging_mixin.py:154} INFO - [2023-11-27T21:21:11.758-0300] {dag.py:3722} INFO - Setting next_dagrun for example_dag_decorator to None, run_after=None
[2023-11-27T21:21:11.800-0300] {processor.py:179} INFO - Processing /home/marcos/anaconda3/envs/XPe-IGTI/lib/python3.8/site-packages/airflow/example_dags/example_dag_decorator.py took 0.287 seconds
[2023-11-27T21:22:16.335-0300] {processor.py:157} INFO - Started process (PID=53510) to work on /home/marcos/anaconda3/envs/XPe-IGTI/lib/python3.8/site-packages/airflow/example_dags/example_dag_decorator.py
[2023-11-27T21:22:16.339-0300] {processor.py:829} INFO - Processing file /home/marcos/anaconda3/envs/XPe-IGTI/lib/python3.8/site-packages/airflow/example_dags/example_dag_decorator.py for tasks to queue
[2023-11-27T21:22:16.340-0300] {logging_mixin.py:154} INFO - [2023-11-27T21:22:16.340-0300] {dagbag.py:536} INFO - Filling up the DagBag from /home/marcos/anaconda3/envs/XPe-IGTI/lib/python3.8/site-packages/airflow/example_dags/example_dag_decorator.py
[2023-11-27T21:22:16.460-0300] {processor.py:839} INFO - DAG(s) dict_keys(['example_dag_decorator']) retrieved from /home/marcos/anaconda3/envs/XPe-IGTI/lib/python3.8/site-packages/airflow/example_dags/example_dag_decorator.py
[2023-11-27T21:22:16.618-0300] {logging_mixin.py:154} INFO - [2023-11-27T21:22:16.617-0300] {dag.py:2941} INFO - Sync 1 DAGs
[2023-11-27T21:22:16.771-0300] {logging_mixin.py:154} INFO - [2023-11-27T21:22:16.770-0300] {dag.py:3722} INFO - Setting next_dagrun for example_dag_decorator to None, run_after=None
[2023-11-27T21:22:16.806-0300] {processor.py:179} INFO - Processing /home/marcos/anaconda3/envs/XPe-IGTI/lib/python3.8/site-packages/airflow/example_dags/example_dag_decorator.py took 0.476 seconds
[2023-11-27T21:23:18.736-0300] {processor.py:157} INFO - Started process (PID=53581) to work on /home/marcos/anaconda3/envs/XPe-IGTI/lib/python3.8/site-packages/airflow/example_dags/example_dag_decorator.py
[2023-11-27T21:23:18.743-0300] {processor.py:829} INFO - Processing file /home/marcos/anaconda3/envs/XPe-IGTI/lib/python3.8/site-packages/airflow/example_dags/example_dag_decorator.py for tasks to queue
[2023-11-27T21:23:18.746-0300] {logging_mixin.py:154} INFO - [2023-11-27T21:23:18.744-0300] {dagbag.py:536} INFO - Filling up the DagBag from /home/marcos/anaconda3/envs/XPe-IGTI/lib/python3.8/site-packages/airflow/example_dags/example_dag_decorator.py
[2023-11-27T21:23:18.900-0300] {processor.py:839} INFO - DAG(s) dict_keys(['example_dag_decorator']) retrieved from /home/marcos/anaconda3/envs/XPe-IGTI/lib/python3.8/site-packages/airflow/example_dags/example_dag_decorator.py
[2023-11-27T21:23:18.932-0300] {logging_mixin.py:154} INFO - [2023-11-27T21:23:18.931-0300] {dag.py:2941} INFO - Sync 1 DAGs
[2023-11-27T21:23:18.953-0300] {logging_mixin.py:154} INFO - [2023-11-27T21:23:18.952-0300] {dag.py:3722} INFO - Setting next_dagrun for example_dag_decorator to None, run_after=None
[2023-11-27T21:23:18.989-0300] {processor.py:179} INFO - Processing /home/marcos/anaconda3/envs/XPe-IGTI/lib/python3.8/site-packages/airflow/example_dags/example_dag_decorator.py took 0.265 seconds
[2023-11-27T21:24:23.178-0300] {processor.py:157} INFO - Started process (PID=53660) to work on /home/marcos/anaconda3/envs/XPe-IGTI/lib/python3.8/site-packages/airflow/example_dags/example_dag_decorator.py
[2023-11-27T21:24:23.182-0300] {processor.py:829} INFO - Processing file /home/marcos/anaconda3/envs/XPe-IGTI/lib/python3.8/site-packages/airflow/example_dags/example_dag_decorator.py for tasks to queue
[2023-11-27T21:24:23.184-0300] {logging_mixin.py:154} INFO - [2023-11-27T21:24:23.183-0300] {dagbag.py:536} INFO - Filling up the DagBag from /home/marcos/anaconda3/envs/XPe-IGTI/lib/python3.8/site-packages/airflow/example_dags/example_dag_decorator.py
[2023-11-27T21:24:23.305-0300] {processor.py:839} INFO - DAG(s) dict_keys(['example_dag_decorator']) retrieved from /home/marcos/anaconda3/envs/XPe-IGTI/lib/python3.8/site-packages/airflow/example_dags/example_dag_decorator.py
[2023-11-27T21:24:23.336-0300] {logging_mixin.py:154} INFO - [2023-11-27T21:24:23.336-0300] {dag.py:2941} INFO - Sync 1 DAGs
[2023-11-27T21:24:23.356-0300] {logging_mixin.py:154} INFO - [2023-11-27T21:24:23.356-0300] {dag.py:3722} INFO - Setting next_dagrun for example_dag_decorator to None, run_after=None
[2023-11-27T21:24:23.395-0300] {processor.py:179} INFO - Processing /home/marcos/anaconda3/envs/XPe-IGTI/lib/python3.8/site-packages/airflow/example_dags/example_dag_decorator.py took 0.223 seconds
[2023-11-27T21:25:37.107-0300] {processor.py:157} INFO - Started process (PID=53754) to work on /home/marcos/anaconda3/envs/XPe-IGTI/lib/python3.8/site-packages/airflow/example_dags/example_dag_decorator.py
[2023-11-27T21:25:37.114-0300] {processor.py:829} INFO - Processing file /home/marcos/anaconda3/envs/XPe-IGTI/lib/python3.8/site-packages/airflow/example_dags/example_dag_decorator.py for tasks to queue
[2023-11-27T21:25:37.119-0300] {logging_mixin.py:154} INFO - [2023-11-27T21:25:37.117-0300] {dagbag.py:536} INFO - Filling up the DagBag from /home/marcos/anaconda3/envs/XPe-IGTI/lib/python3.8/site-packages/airflow/example_dags/example_dag_decorator.py
[2023-11-27T21:25:37.267-0300] {processor.py:839} INFO - DAG(s) dict_keys(['example_dag_decorator']) retrieved from /home/marcos/anaconda3/envs/XPe-IGTI/lib/python3.8/site-packages/airflow/example_dags/example_dag_decorator.py
[2023-11-27T21:25:37.579-0300] {logging_mixin.py:154} INFO - [2023-11-27T21:25:37.578-0300] {dag.py:2941} INFO - Sync 1 DAGs
[2023-11-27T21:25:37.593-0300] {logging_mixin.py:154} INFO - [2023-11-27T21:25:37.592-0300] {dag.py:3722} INFO - Setting next_dagrun for example_dag_decorator to None, run_after=None
[2023-11-27T21:25:37.626-0300] {processor.py:179} INFO - Processing /home/marcos/anaconda3/envs/XPe-IGTI/lib/python3.8/site-packages/airflow/example_dags/example_dag_decorator.py took 0.534 seconds
[2023-11-27T21:26:26.323-0300] {processor.py:157} INFO - Started process (PID=53810) to work on /home/marcos/anaconda3/envs/XPe-IGTI/lib/python3.8/site-packages/airflow/example_dags/example_dag_decorator.py
[2023-11-27T21:26:26.328-0300] {processor.py:829} INFO - Processing file /home/marcos/anaconda3/envs/XPe-IGTI/lib/python3.8/site-packages/airflow/example_dags/example_dag_decorator.py for tasks to queue
[2023-11-27T21:26:26.330-0300] {logging_mixin.py:154} INFO - [2023-11-27T21:26:26.329-0300] {dagbag.py:536} INFO - Filling up the DagBag from /home/marcos/anaconda3/envs/XPe-IGTI/lib/python3.8/site-packages/airflow/example_dags/example_dag_decorator.py
[2023-11-27T21:26:26.453-0300] {processor.py:839} INFO - DAG(s) dict_keys(['example_dag_decorator']) retrieved from /home/marcos/anaconda3/envs/XPe-IGTI/lib/python3.8/site-packages/airflow/example_dags/example_dag_decorator.py
[2023-11-27T21:26:26.483-0300] {logging_mixin.py:154} INFO - [2023-11-27T21:26:26.483-0300] {dag.py:2941} INFO - Sync 1 DAGs
[2023-11-27T21:26:26.503-0300] {logging_mixin.py:154} INFO - [2023-11-27T21:26:26.503-0300] {dag.py:3722} INFO - Setting next_dagrun for example_dag_decorator to None, run_after=None
[2023-11-27T21:26:26.540-0300] {processor.py:179} INFO - Processing /home/marcos/anaconda3/envs/XPe-IGTI/lib/python3.8/site-packages/airflow/example_dags/example_dag_decorator.py took 0.224 seconds
[2023-11-27T21:27:35.532-0300] {processor.py:157} INFO - Started process (PID=53925) to work on /home/marcos/anaconda3/envs/XPe-IGTI/lib/python3.8/site-packages/airflow/example_dags/example_dag_decorator.py
[2023-11-27T21:27:35.536-0300] {processor.py:829} INFO - Processing file /home/marcos/anaconda3/envs/XPe-IGTI/lib/python3.8/site-packages/airflow/example_dags/example_dag_decorator.py for tasks to queue
[2023-11-27T21:27:35.538-0300] {logging_mixin.py:154} INFO - [2023-11-27T21:27:35.537-0300] {dagbag.py:536} INFO - Filling up the DagBag from /home/marcos/anaconda3/envs/XPe-IGTI/lib/python3.8/site-packages/airflow/example_dags/example_dag_decorator.py
[2023-11-27T21:27:35.681-0300] {processor.py:839} INFO - DAG(s) dict_keys(['example_dag_decorator']) retrieved from /home/marcos/anaconda3/envs/XPe-IGTI/lib/python3.8/site-packages/airflow/example_dags/example_dag_decorator.py
[2023-11-27T21:27:36.037-0300] {logging_mixin.py:154} INFO - [2023-11-27T21:27:36.036-0300] {dag.py:2941} INFO - Sync 1 DAGs
[2023-11-27T21:27:36.052-0300] {logging_mixin.py:154} INFO - [2023-11-27T21:27:36.051-0300] {dag.py:3722} INFO - Setting next_dagrun for example_dag_decorator to None, run_after=None
[2023-11-27T21:27:36.095-0300] {processor.py:179} INFO - Processing /home/marcos/anaconda3/envs/XPe-IGTI/lib/python3.8/site-packages/airflow/example_dags/example_dag_decorator.py took 0.567 seconds
[2023-11-27T21:28:40.936-0300] {processor.py:157} INFO - Started process (PID=54009) to work on /home/marcos/anaconda3/envs/XPe-IGTI/lib/python3.8/site-packages/airflow/example_dags/example_dag_decorator.py
[2023-11-27T21:28:40.940-0300] {processor.py:829} INFO - Processing file /home/marcos/anaconda3/envs/XPe-IGTI/lib/python3.8/site-packages/airflow/example_dags/example_dag_decorator.py for tasks to queue
[2023-11-27T21:28:40.942-0300] {logging_mixin.py:154} INFO - [2023-11-27T21:28:40.941-0300] {dagbag.py:536} INFO - Filling up the DagBag from /home/marcos/anaconda3/envs/XPe-IGTI/lib/python3.8/site-packages/airflow/example_dags/example_dag_decorator.py
[2023-11-27T21:28:41.107-0300] {processor.py:839} INFO - DAG(s) dict_keys(['example_dag_decorator']) retrieved from /home/marcos/anaconda3/envs/XPe-IGTI/lib/python3.8/site-packages/airflow/example_dags/example_dag_decorator.py
[2023-11-27T21:28:41.435-0300] {logging_mixin.py:154} INFO - [2023-11-27T21:28:41.435-0300] {dag.py:2941} INFO - Sync 1 DAGs
[2023-11-27T21:28:41.455-0300] {logging_mixin.py:154} INFO - [2023-11-27T21:28:41.455-0300] {dag.py:3722} INFO - Setting next_dagrun for example_dag_decorator to None, run_after=None
[2023-11-27T21:28:41.491-0300] {processor.py:179} INFO - Processing /home/marcos/anaconda3/envs/XPe-IGTI/lib/python3.8/site-packages/airflow/example_dags/example_dag_decorator.py took 0.559 seconds
[2023-11-28T18:52:43.982-0300] {processor.py:157} INFO - Started process (PID=144640) to work on /home/marcos/anaconda3/envs/XPe-IGTI/lib/python3.8/site-packages/airflow/example_dags/example_dag_decorator.py
[2023-11-28T18:52:43.988-0300] {processor.py:829} INFO - Processing file /home/marcos/anaconda3/envs/XPe-IGTI/lib/python3.8/site-packages/airflow/example_dags/example_dag_decorator.py for tasks to queue
[2023-11-28T18:52:43.989-0300] {logging_mixin.py:154} INFO - [2023-11-28T18:52:43.989-0300] {dagbag.py:536} INFO - Filling up the DagBag from /home/marcos/anaconda3/envs/XPe-IGTI/lib/python3.8/site-packages/airflow/example_dags/example_dag_decorator.py
[2023-11-28T18:52:44.062-0300] {processor.py:839} INFO - DAG(s) dict_keys(['example_dag_decorator']) retrieved from /home/marcos/anaconda3/envs/XPe-IGTI/lib/python3.8/site-packages/airflow/example_dags/example_dag_decorator.py
[2023-11-28T18:52:44.136-0300] {logging_mixin.py:154} INFO - [2023-11-28T18:52:44.135-0300] {dag.py:2941} INFO - Sync 1 DAGs
[2023-11-28T18:52:44.143-0300] {logging_mixin.py:154} INFO - [2023-11-28T18:52:44.143-0300] {dag.py:3722} INFO - Setting next_dagrun for example_dag_decorator to None, run_after=None
[2023-11-28T18:52:44.162-0300] {processor.py:179} INFO - Processing /home/marcos/anaconda3/envs/XPe-IGTI/lib/python3.8/site-packages/airflow/example_dags/example_dag_decorator.py took 0.187 seconds
[2023-11-28T18:53:31.494-0300] {processor.py:157} INFO - Started process (PID=144732) to work on /home/marcos/anaconda3/envs/XPe-IGTI/lib/python3.8/site-packages/airflow/example_dags/example_dag_decorator.py
[2023-11-28T18:53:31.496-0300] {processor.py:829} INFO - Processing file /home/marcos/anaconda3/envs/XPe-IGTI/lib/python3.8/site-packages/airflow/example_dags/example_dag_decorator.py for tasks to queue
[2023-11-28T18:53:31.498-0300] {logging_mixin.py:154} INFO - [2023-11-28T18:53:31.497-0300] {dagbag.py:536} INFO - Filling up the DagBag from /home/marcos/anaconda3/envs/XPe-IGTI/lib/python3.8/site-packages/airflow/example_dags/example_dag_decorator.py
[2023-11-28T18:53:31.570-0300] {processor.py:839} INFO - DAG(s) dict_keys(['example_dag_decorator']) retrieved from /home/marcos/anaconda3/envs/XPe-IGTI/lib/python3.8/site-packages/airflow/example_dags/example_dag_decorator.py
[2023-11-28T18:53:31.652-0300] {logging_mixin.py:154} INFO - [2023-11-28T18:53:31.652-0300] {dag.py:2941} INFO - Sync 1 DAGs
[2023-11-28T18:53:31.660-0300] {logging_mixin.py:154} INFO - [2023-11-28T18:53:31.660-0300] {dag.py:3722} INFO - Setting next_dagrun for example_dag_decorator to None, run_after=None
[2023-11-28T18:53:31.686-0300] {processor.py:179} INFO - Processing /home/marcos/anaconda3/envs/XPe-IGTI/lib/python3.8/site-packages/airflow/example_dags/example_dag_decorator.py took 0.199 seconds
[2023-11-28T18:54:27.890-0300] {processor.py:157} INFO - Started process (PID=145277) to work on /home/marcos/anaconda3/envs/XPe-IGTI/lib/python3.8/site-packages/airflow/example_dags/example_dag_decorator.py
[2023-11-28T18:54:27.892-0300] {processor.py:829} INFO - Processing file /home/marcos/anaconda3/envs/XPe-IGTI/lib/python3.8/site-packages/airflow/example_dags/example_dag_decorator.py for tasks to queue
[2023-11-28T18:54:27.895-0300] {logging_mixin.py:154} INFO - [2023-11-28T18:54:27.894-0300] {dagbag.py:536} INFO - Filling up the DagBag from /home/marcos/anaconda3/envs/XPe-IGTI/lib/python3.8/site-packages/airflow/example_dags/example_dag_decorator.py
[2023-11-28T18:54:28.067-0300] {processor.py:839} INFO - DAG(s) dict_keys(['example_dag_decorator']) retrieved from /home/marcos/anaconda3/envs/XPe-IGTI/lib/python3.8/site-packages/airflow/example_dags/example_dag_decorator.py
[2023-11-28T18:54:28.285-0300] {logging_mixin.py:154} INFO - [2023-11-28T18:54:28.285-0300] {dag.py:2941} INFO - Sync 1 DAGs
[2023-11-28T18:54:28.311-0300] {logging_mixin.py:154} INFO - [2023-11-28T18:54:28.310-0300] {dag.py:3722} INFO - Setting next_dagrun for example_dag_decorator to None, run_after=None
[2023-11-28T18:54:28.351-0300] {processor.py:179} INFO - Processing /home/marcos/anaconda3/envs/XPe-IGTI/lib/python3.8/site-packages/airflow/example_dags/example_dag_decorator.py took 0.468 seconds
[2023-11-28T18:55:29.446-0300] {processor.py:157} INFO - Started process (PID=145377) to work on /home/marcos/anaconda3/envs/XPe-IGTI/lib/python3.8/site-packages/airflow/example_dags/example_dag_decorator.py
[2023-11-28T18:55:29.447-0300] {processor.py:829} INFO - Processing file /home/marcos/anaconda3/envs/XPe-IGTI/lib/python3.8/site-packages/airflow/example_dags/example_dag_decorator.py for tasks to queue
[2023-11-28T18:55:29.448-0300] {logging_mixin.py:154} INFO - [2023-11-28T18:55:29.448-0300] {dagbag.py:536} INFO - Filling up the DagBag from /home/marcos/anaconda3/envs/XPe-IGTI/lib/python3.8/site-packages/airflow/example_dags/example_dag_decorator.py
[2023-11-28T18:55:29.548-0300] {processor.py:839} INFO - DAG(s) dict_keys(['example_dag_decorator']) retrieved from /home/marcos/anaconda3/envs/XPe-IGTI/lib/python3.8/site-packages/airflow/example_dags/example_dag_decorator.py
[2023-11-28T18:55:29.692-0300] {logging_mixin.py:154} INFO - [2023-11-28T18:55:29.692-0300] {dag.py:2941} INFO - Sync 1 DAGs
[2023-11-28T18:55:29.708-0300] {logging_mixin.py:154} INFO - [2023-11-28T18:55:29.708-0300] {dag.py:3722} INFO - Setting next_dagrun for example_dag_decorator to None, run_after=None
[2023-11-28T18:55:29.740-0300] {processor.py:179} INFO - Processing /home/marcos/anaconda3/envs/XPe-IGTI/lib/python3.8/site-packages/airflow/example_dags/example_dag_decorator.py took 0.299 seconds
[2023-11-28T18:56:26.734-0300] {processor.py:157} INFO - Started process (PID=145472) to work on /home/marcos/anaconda3/envs/XPe-IGTI/lib/python3.8/site-packages/airflow/example_dags/example_dag_decorator.py
[2023-11-28T18:56:26.738-0300] {processor.py:829} INFO - Processing file /home/marcos/anaconda3/envs/XPe-IGTI/lib/python3.8/site-packages/airflow/example_dags/example_dag_decorator.py for tasks to queue
[2023-11-28T18:56:26.739-0300] {logging_mixin.py:154} INFO - [2023-11-28T18:56:26.739-0300] {dagbag.py:536} INFO - Filling up the DagBag from /home/marcos/anaconda3/envs/XPe-IGTI/lib/python3.8/site-packages/airflow/example_dags/example_dag_decorator.py
[2023-11-28T18:56:26.801-0300] {processor.py:839} INFO - DAG(s) dict_keys(['example_dag_decorator']) retrieved from /home/marcos/anaconda3/envs/XPe-IGTI/lib/python3.8/site-packages/airflow/example_dags/example_dag_decorator.py
[2023-11-28T18:56:26.891-0300] {logging_mixin.py:154} INFO - [2023-11-28T18:56:26.891-0300] {dag.py:2941} INFO - Sync 1 DAGs
[2023-11-28T18:56:26.903-0300] {logging_mixin.py:154} INFO - [2023-11-28T18:56:26.903-0300] {dag.py:3722} INFO - Setting next_dagrun for example_dag_decorator to None, run_after=None
[2023-11-28T18:56:26.937-0300] {processor.py:179} INFO - Processing /home/marcos/anaconda3/envs/XPe-IGTI/lib/python3.8/site-packages/airflow/example_dags/example_dag_decorator.py took 0.207 seconds
[2023-11-28T18:57:21.016-0300] {processor.py:157} INFO - Started process (PID=145597) to work on /home/marcos/anaconda3/envs/XPe-IGTI/lib/python3.8/site-packages/airflow/example_dags/example_dag_decorator.py
[2023-11-28T18:57:21.017-0300] {processor.py:829} INFO - Processing file /home/marcos/anaconda3/envs/XPe-IGTI/lib/python3.8/site-packages/airflow/example_dags/example_dag_decorator.py for tasks to queue
[2023-11-28T18:57:21.019-0300] {logging_mixin.py:154} INFO - [2023-11-28T18:57:21.018-0300] {dagbag.py:536} INFO - Filling up the DagBag from /home/marcos/anaconda3/envs/XPe-IGTI/lib/python3.8/site-packages/airflow/example_dags/example_dag_decorator.py
[2023-11-28T18:57:21.145-0300] {processor.py:839} INFO - DAG(s) dict_keys(['example_dag_decorator']) retrieved from /home/marcos/anaconda3/envs/XPe-IGTI/lib/python3.8/site-packages/airflow/example_dags/example_dag_decorator.py
[2023-11-28T18:57:21.300-0300] {logging_mixin.py:154} INFO - [2023-11-28T18:57:21.300-0300] {dag.py:2941} INFO - Sync 1 DAGs
[2023-11-28T18:57:21.316-0300] {logging_mixin.py:154} INFO - [2023-11-28T18:57:21.316-0300] {dag.py:3722} INFO - Setting next_dagrun for example_dag_decorator to None, run_after=None
[2023-11-28T18:57:21.353-0300] {processor.py:179} INFO - Processing /home/marcos/anaconda3/envs/XPe-IGTI/lib/python3.8/site-packages/airflow/example_dags/example_dag_decorator.py took 0.341 seconds
[2023-11-28T18:58:16.463-0300] {processor.py:157} INFO - Started process (PID=145688) to work on /home/marcos/anaconda3/envs/XPe-IGTI/lib/python3.8/site-packages/airflow/example_dags/example_dag_decorator.py
[2023-11-28T18:58:16.468-0300] {processor.py:829} INFO - Processing file /home/marcos/anaconda3/envs/XPe-IGTI/lib/python3.8/site-packages/airflow/example_dags/example_dag_decorator.py for tasks to queue
[2023-11-28T18:58:16.470-0300] {logging_mixin.py:154} INFO - [2023-11-28T18:58:16.469-0300] {dagbag.py:536} INFO - Filling up the DagBag from /home/marcos/anaconda3/envs/XPe-IGTI/lib/python3.8/site-packages/airflow/example_dags/example_dag_decorator.py
[2023-11-28T18:58:16.539-0300] {processor.py:839} INFO - DAG(s) dict_keys(['example_dag_decorator']) retrieved from /home/marcos/anaconda3/envs/XPe-IGTI/lib/python3.8/site-packages/airflow/example_dags/example_dag_decorator.py
[2023-11-28T18:58:16.615-0300] {logging_mixin.py:154} INFO - [2023-11-28T18:58:16.615-0300] {dag.py:2941} INFO - Sync 1 DAGs
[2023-11-28T18:58:16.622-0300] {logging_mixin.py:154} INFO - [2023-11-28T18:58:16.622-0300] {dag.py:3722} INFO - Setting next_dagrun for example_dag_decorator to None, run_after=None
[2023-11-28T18:58:16.643-0300] {processor.py:179} INFO - Processing /home/marcos/anaconda3/envs/XPe-IGTI/lib/python3.8/site-packages/airflow/example_dags/example_dag_decorator.py took 0.187 seconds
[2023-11-28T18:59:14.698-0300] {processor.py:157} INFO - Started process (PID=145767) to work on /home/marcos/anaconda3/envs/XPe-IGTI/lib/python3.8/site-packages/airflow/example_dags/example_dag_decorator.py
[2023-11-28T18:59:14.699-0300] {processor.py:829} INFO - Processing file /home/marcos/anaconda3/envs/XPe-IGTI/lib/python3.8/site-packages/airflow/example_dags/example_dag_decorator.py for tasks to queue
[2023-11-28T18:59:14.700-0300] {logging_mixin.py:154} INFO - [2023-11-28T18:59:14.700-0300] {dagbag.py:536} INFO - Filling up the DagBag from /home/marcos/anaconda3/envs/XPe-IGTI/lib/python3.8/site-packages/airflow/example_dags/example_dag_decorator.py
[2023-11-28T18:59:14.766-0300] {processor.py:839} INFO - DAG(s) dict_keys(['example_dag_decorator']) retrieved from /home/marcos/anaconda3/envs/XPe-IGTI/lib/python3.8/site-packages/airflow/example_dags/example_dag_decorator.py
[2023-11-28T18:59:14.844-0300] {logging_mixin.py:154} INFO - [2023-11-28T18:59:14.844-0300] {dag.py:2941} INFO - Sync 1 DAGs
[2023-11-28T18:59:14.852-0300] {logging_mixin.py:154} INFO - [2023-11-28T18:59:14.852-0300] {dag.py:3722} INFO - Setting next_dagrun for example_dag_decorator to None, run_after=None
[2023-11-28T18:59:14.878-0300] {processor.py:179} INFO - Processing /home/marcos/anaconda3/envs/XPe-IGTI/lib/python3.8/site-packages/airflow/example_dags/example_dag_decorator.py took 0.183 seconds
[2023-11-28T19:00:12.715-0300] {processor.py:157} INFO - Started process (PID=145869) to work on /home/marcos/anaconda3/envs/XPe-IGTI/lib/python3.8/site-packages/airflow/example_dags/example_dag_decorator.py
[2023-11-28T19:00:12.716-0300] {processor.py:829} INFO - Processing file /home/marcos/anaconda3/envs/XPe-IGTI/lib/python3.8/site-packages/airflow/example_dags/example_dag_decorator.py for tasks to queue
[2023-11-28T19:00:12.717-0300] {logging_mixin.py:154} INFO - [2023-11-28T19:00:12.717-0300] {dagbag.py:536} INFO - Filling up the DagBag from /home/marcos/anaconda3/envs/XPe-IGTI/lib/python3.8/site-packages/airflow/example_dags/example_dag_decorator.py
[2023-11-28T19:00:12.769-0300] {processor.py:839} INFO - DAG(s) dict_keys(['example_dag_decorator']) retrieved from /home/marcos/anaconda3/envs/XPe-IGTI/lib/python3.8/site-packages/airflow/example_dags/example_dag_decorator.py
[2023-11-28T19:00:12.855-0300] {logging_mixin.py:154} INFO - [2023-11-28T19:00:12.855-0300] {dag.py:2941} INFO - Sync 1 DAGs
[2023-11-28T19:00:12.872-0300] {logging_mixin.py:154} INFO - [2023-11-28T19:00:12.872-0300] {dag.py:3722} INFO - Setting next_dagrun for example_dag_decorator to None, run_after=None
[2023-11-28T19:00:12.900-0300] {processor.py:179} INFO - Processing /home/marcos/anaconda3/envs/XPe-IGTI/lib/python3.8/site-packages/airflow/example_dags/example_dag_decorator.py took 0.187 seconds
[2023-11-28T19:01:04.470-0300] {processor.py:157} INFO - Started process (PID=145947) to work on /home/marcos/anaconda3/envs/XPe-IGTI/lib/python3.8/site-packages/airflow/example_dags/example_dag_decorator.py
[2023-11-28T19:01:04.474-0300] {processor.py:829} INFO - Processing file /home/marcos/anaconda3/envs/XPe-IGTI/lib/python3.8/site-packages/airflow/example_dags/example_dag_decorator.py for tasks to queue
[2023-11-28T19:01:04.475-0300] {logging_mixin.py:154} INFO - [2023-11-28T19:01:04.475-0300] {dagbag.py:536} INFO - Filling up the DagBag from /home/marcos/anaconda3/envs/XPe-IGTI/lib/python3.8/site-packages/airflow/example_dags/example_dag_decorator.py
[2023-11-28T19:01:04.543-0300] {processor.py:839} INFO - DAG(s) dict_keys(['example_dag_decorator']) retrieved from /home/marcos/anaconda3/envs/XPe-IGTI/lib/python3.8/site-packages/airflow/example_dags/example_dag_decorator.py
[2023-11-28T19:01:04.621-0300] {logging_mixin.py:154} INFO - [2023-11-28T19:01:04.621-0300] {dag.py:2941} INFO - Sync 1 DAGs
[2023-11-28T19:01:04.628-0300] {logging_mixin.py:154} INFO - [2023-11-28T19:01:04.628-0300] {dag.py:3722} INFO - Setting next_dagrun for example_dag_decorator to None, run_after=None
[2023-11-28T19:01:04.648-0300] {processor.py:179} INFO - Processing /home/marcos/anaconda3/envs/XPe-IGTI/lib/python3.8/site-packages/airflow/example_dags/example_dag_decorator.py took 0.181 seconds
[2023-11-28T19:02:05.898-0300] {processor.py:157} INFO - Started process (PID=146101) to work on /home/marcos/anaconda3/envs/XPe-IGTI/lib/python3.8/site-packages/airflow/example_dags/example_dag_decorator.py
[2023-11-28T19:02:05.900-0300] {processor.py:829} INFO - Processing file /home/marcos/anaconda3/envs/XPe-IGTI/lib/python3.8/site-packages/airflow/example_dags/example_dag_decorator.py for tasks to queue
[2023-11-28T19:02:05.901-0300] {logging_mixin.py:154} INFO - [2023-11-28T19:02:05.901-0300] {dagbag.py:536} INFO - Filling up the DagBag from /home/marcos/anaconda3/envs/XPe-IGTI/lib/python3.8/site-packages/airflow/example_dags/example_dag_decorator.py
[2023-11-28T19:02:06.019-0300] {processor.py:839} INFO - DAG(s) dict_keys(['example_dag_decorator']) retrieved from /home/marcos/anaconda3/envs/XPe-IGTI/lib/python3.8/site-packages/airflow/example_dags/example_dag_decorator.py
[2023-11-28T19:02:06.187-0300] {logging_mixin.py:154} INFO - [2023-11-28T19:02:06.186-0300] {dag.py:2941} INFO - Sync 1 DAGs
[2023-11-28T19:02:06.203-0300] {logging_mixin.py:154} INFO - [2023-11-28T19:02:06.202-0300] {dag.py:3722} INFO - Setting next_dagrun for example_dag_decorator to None, run_after=None
[2023-11-28T19:02:06.236-0300] {processor.py:179} INFO - Processing /home/marcos/anaconda3/envs/XPe-IGTI/lib/python3.8/site-packages/airflow/example_dags/example_dag_decorator.py took 0.343 seconds
[2023-11-28T19:02:59.662-0300] {processor.py:157} INFO - Started process (PID=146200) to work on /home/marcos/anaconda3/envs/XPe-IGTI/lib/python3.8/site-packages/airflow/example_dags/example_dag_decorator.py
[2023-11-28T19:02:59.663-0300] {processor.py:829} INFO - Processing file /home/marcos/anaconda3/envs/XPe-IGTI/lib/python3.8/site-packages/airflow/example_dags/example_dag_decorator.py for tasks to queue
[2023-11-28T19:02:59.663-0300] {logging_mixin.py:154} INFO - [2023-11-28T19:02:59.663-0300] {dagbag.py:536} INFO - Filling up the DagBag from /home/marcos/anaconda3/envs/XPe-IGTI/lib/python3.8/site-packages/airflow/example_dags/example_dag_decorator.py
[2023-11-28T19:02:59.731-0300] {processor.py:839} INFO - DAG(s) dict_keys(['example_dag_decorator']) retrieved from /home/marcos/anaconda3/envs/XPe-IGTI/lib/python3.8/site-packages/airflow/example_dags/example_dag_decorator.py
[2023-11-28T19:02:59.833-0300] {logging_mixin.py:154} INFO - [2023-11-28T19:02:59.833-0300] {dag.py:2941} INFO - Sync 1 DAGs
[2023-11-28T19:02:59.850-0300] {logging_mixin.py:154} INFO - [2023-11-28T19:02:59.850-0300] {dag.py:3722} INFO - Setting next_dagrun for example_dag_decorator to None, run_after=None
[2023-11-28T19:02:59.884-0300] {processor.py:179} INFO - Processing /home/marcos/anaconda3/envs/XPe-IGTI/lib/python3.8/site-packages/airflow/example_dags/example_dag_decorator.py took 0.225 seconds
[2023-11-28T19:04:04.609-0300] {processor.py:157} INFO - Started process (PID=146325) to work on /home/marcos/anaconda3/envs/XPe-IGTI/lib/python3.8/site-packages/airflow/example_dags/example_dag_decorator.py
[2023-11-28T19:04:04.613-0300] {processor.py:829} INFO - Processing file /home/marcos/anaconda3/envs/XPe-IGTI/lib/python3.8/site-packages/airflow/example_dags/example_dag_decorator.py for tasks to queue
[2023-11-28T19:04:04.615-0300] {logging_mixin.py:154} INFO - [2023-11-28T19:04:04.614-0300] {dagbag.py:536} INFO - Filling up the DagBag from /home/marcos/anaconda3/envs/XPe-IGTI/lib/python3.8/site-packages/airflow/example_dags/example_dag_decorator.py
[2023-11-28T19:04:04.740-0300] {processor.py:839} INFO - DAG(s) dict_keys(['example_dag_decorator']) retrieved from /home/marcos/anaconda3/envs/XPe-IGTI/lib/python3.8/site-packages/airflow/example_dags/example_dag_decorator.py
[2023-11-28T19:04:04.902-0300] {logging_mixin.py:154} INFO - [2023-11-28T19:04:04.902-0300] {dag.py:2941} INFO - Sync 1 DAGs
[2023-11-28T19:04:04.928-0300] {logging_mixin.py:154} INFO - [2023-11-28T19:04:04.927-0300] {dag.py:3722} INFO - Setting next_dagrun for example_dag_decorator to None, run_after=None
[2023-11-28T19:04:04.968-0300] {processor.py:179} INFO - Processing /home/marcos/anaconda3/envs/XPe-IGTI/lib/python3.8/site-packages/airflow/example_dags/example_dag_decorator.py took 0.366 seconds
[2023-11-28T19:05:15.160-0300] {processor.py:157} INFO - Started process (PID=146444) to work on /home/marcos/anaconda3/envs/XPe-IGTI/lib/python3.8/site-packages/airflow/example_dags/example_dag_decorator.py
[2023-11-28T19:05:15.162-0300] {processor.py:829} INFO - Processing file /home/marcos/anaconda3/envs/XPe-IGTI/lib/python3.8/site-packages/airflow/example_dags/example_dag_decorator.py for tasks to queue
[2023-11-28T19:05:15.163-0300] {logging_mixin.py:154} INFO - [2023-11-28T19:05:15.163-0300] {dagbag.py:536} INFO - Filling up the DagBag from /home/marcos/anaconda3/envs/XPe-IGTI/lib/python3.8/site-packages/airflow/example_dags/example_dag_decorator.py
[2023-11-28T19:05:15.282-0300] {processor.py:839} INFO - DAG(s) dict_keys(['example_dag_decorator']) retrieved from /home/marcos/anaconda3/envs/XPe-IGTI/lib/python3.8/site-packages/airflow/example_dags/example_dag_decorator.py
[2023-11-28T19:05:15.437-0300] {logging_mixin.py:154} INFO - [2023-11-28T19:05:15.437-0300] {dag.py:2941} INFO - Sync 1 DAGs
[2023-11-28T19:05:15.455-0300] {logging_mixin.py:154} INFO - [2023-11-28T19:05:15.455-0300] {dag.py:3722} INFO - Setting next_dagrun for example_dag_decorator to None, run_after=None
[2023-11-28T19:05:15.491-0300] {processor.py:179} INFO - Processing /home/marcos/anaconda3/envs/XPe-IGTI/lib/python3.8/site-packages/airflow/example_dags/example_dag_decorator.py took 0.336 seconds
[2023-11-28T19:06:11.168-0300] {processor.py:157} INFO - Started process (PID=146547) to work on /home/marcos/anaconda3/envs/XPe-IGTI/lib/python3.8/site-packages/airflow/example_dags/example_dag_decorator.py
[2023-11-28T19:06:11.172-0300] {processor.py:829} INFO - Processing file /home/marcos/anaconda3/envs/XPe-IGTI/lib/python3.8/site-packages/airflow/example_dags/example_dag_decorator.py for tasks to queue
[2023-11-28T19:06:11.176-0300] {logging_mixin.py:154} INFO - [2023-11-28T19:06:11.176-0300] {dagbag.py:536} INFO - Filling up the DagBag from /home/marcos/anaconda3/envs/XPe-IGTI/lib/python3.8/site-packages/airflow/example_dags/example_dag_decorator.py
[2023-11-28T19:06:11.285-0300] {processor.py:839} INFO - DAG(s) dict_keys(['example_dag_decorator']) retrieved from /home/marcos/anaconda3/envs/XPe-IGTI/lib/python3.8/site-packages/airflow/example_dags/example_dag_decorator.py
[2023-11-28T19:06:11.424-0300] {logging_mixin.py:154} INFO - [2023-11-28T19:06:11.423-0300] {dag.py:2941} INFO - Sync 1 DAGs
[2023-11-28T19:06:11.438-0300] {logging_mixin.py:154} INFO - [2023-11-28T19:06:11.438-0300] {dag.py:3722} INFO - Setting next_dagrun for example_dag_decorator to None, run_after=None
[2023-11-28T19:06:11.471-0300] {processor.py:179} INFO - Processing /home/marcos/anaconda3/envs/XPe-IGTI/lib/python3.8/site-packages/airflow/example_dags/example_dag_decorator.py took 0.308 seconds
[2023-11-28T19:07:15.962-0300] {processor.py:157} INFO - Started process (PID=146641) to work on /home/marcos/anaconda3/envs/XPe-IGTI/lib/python3.8/site-packages/airflow/example_dags/example_dag_decorator.py
[2023-11-28T19:07:15.963-0300] {processor.py:829} INFO - Processing file /home/marcos/anaconda3/envs/XPe-IGTI/lib/python3.8/site-packages/airflow/example_dags/example_dag_decorator.py for tasks to queue
[2023-11-28T19:07:15.967-0300] {logging_mixin.py:154} INFO - [2023-11-28T19:07:15.966-0300] {dagbag.py:536} INFO - Filling up the DagBag from /home/marcos/anaconda3/envs/XPe-IGTI/lib/python3.8/site-packages/airflow/example_dags/example_dag_decorator.py
[2023-11-28T19:07:16.035-0300] {processor.py:839} INFO - DAG(s) dict_keys(['example_dag_decorator']) retrieved from /home/marcos/anaconda3/envs/XPe-IGTI/lib/python3.8/site-packages/airflow/example_dags/example_dag_decorator.py
[2023-11-28T19:07:16.111-0300] {logging_mixin.py:154} INFO - [2023-11-28T19:07:16.111-0300] {dag.py:2941} INFO - Sync 1 DAGs
[2023-11-28T19:07:16.119-0300] {logging_mixin.py:154} INFO - [2023-11-28T19:07:16.119-0300] {dag.py:3722} INFO - Setting next_dagrun for example_dag_decorator to None, run_after=None
[2023-11-28T19:07:16.136-0300] {processor.py:179} INFO - Processing /home/marcos/anaconda3/envs/XPe-IGTI/lib/python3.8/site-packages/airflow/example_dags/example_dag_decorator.py took 0.179 seconds
[2023-11-28T19:08:23.605-0300] {processor.py:157} INFO - Started process (PID=146727) to work on /home/marcos/anaconda3/envs/XPe-IGTI/lib/python3.8/site-packages/airflow/example_dags/example_dag_decorator.py
[2023-11-28T19:08:23.610-0300] {processor.py:829} INFO - Processing file /home/marcos/anaconda3/envs/XPe-IGTI/lib/python3.8/site-packages/airflow/example_dags/example_dag_decorator.py for tasks to queue
[2023-11-28T19:08:23.613-0300] {logging_mixin.py:154} INFO - [2023-11-28T19:08:23.613-0300] {dagbag.py:536} INFO - Filling up the DagBag from /home/marcos/anaconda3/envs/XPe-IGTI/lib/python3.8/site-packages/airflow/example_dags/example_dag_decorator.py
[2023-11-28T19:08:23.728-0300] {processor.py:839} INFO - DAG(s) dict_keys(['example_dag_decorator']) retrieved from /home/marcos/anaconda3/envs/XPe-IGTI/lib/python3.8/site-packages/airflow/example_dags/example_dag_decorator.py
[2023-11-28T19:08:23.886-0300] {logging_mixin.py:154} INFO - [2023-11-28T19:08:23.885-0300] {dag.py:2941} INFO - Sync 1 DAGs
[2023-11-28T19:08:23.901-0300] {logging_mixin.py:154} INFO - [2023-11-28T19:08:23.901-0300] {dag.py:3722} INFO - Setting next_dagrun for example_dag_decorator to None, run_after=None
[2023-11-28T19:08:23.933-0300] {processor.py:179} INFO - Processing /home/marcos/anaconda3/envs/XPe-IGTI/lib/python3.8/site-packages/airflow/example_dags/example_dag_decorator.py took 0.332 seconds
[2023-11-28T19:09:52.374-0300] {processor.py:157} INFO - Started process (PID=146942) to work on /home/marcos/anaconda3/envs/XPe-IGTI/lib/python3.8/site-packages/airflow/example_dags/example_dag_decorator.py
[2023-11-28T19:09:52.378-0300] {processor.py:829} INFO - Processing file /home/marcos/anaconda3/envs/XPe-IGTI/lib/python3.8/site-packages/airflow/example_dags/example_dag_decorator.py for tasks to queue
[2023-11-28T19:09:52.382-0300] {logging_mixin.py:154} INFO - [2023-11-28T19:09:52.381-0300] {dagbag.py:536} INFO - Filling up the DagBag from /home/marcos/anaconda3/envs/XPe-IGTI/lib/python3.8/site-packages/airflow/example_dags/example_dag_decorator.py
[2023-11-28T19:09:52.504-0300] {processor.py:839} INFO - DAG(s) dict_keys(['example_dag_decorator']) retrieved from /home/marcos/anaconda3/envs/XPe-IGTI/lib/python3.8/site-packages/airflow/example_dags/example_dag_decorator.py
[2023-11-28T19:09:52.666-0300] {logging_mixin.py:154} INFO - [2023-11-28T19:09:52.665-0300] {dag.py:2941} INFO - Sync 1 DAGs
[2023-11-28T19:09:52.690-0300] {logging_mixin.py:154} INFO - [2023-11-28T19:09:52.690-0300] {dag.py:3722} INFO - Setting next_dagrun for example_dag_decorator to None, run_after=None
[2023-11-28T19:09:52.735-0300] {processor.py:179} INFO - Processing /home/marcos/anaconda3/envs/XPe-IGTI/lib/python3.8/site-packages/airflow/example_dags/example_dag_decorator.py took 0.366 seconds
[2023-11-28T19:10:53.831-0300] {processor.py:157} INFO - Started process (PID=147091) to work on /home/marcos/anaconda3/envs/XPe-IGTI/lib/python3.8/site-packages/airflow/example_dags/example_dag_decorator.py
[2023-11-28T19:10:53.835-0300] {processor.py:829} INFO - Processing file /home/marcos/anaconda3/envs/XPe-IGTI/lib/python3.8/site-packages/airflow/example_dags/example_dag_decorator.py for tasks to queue
[2023-11-28T19:10:53.838-0300] {logging_mixin.py:154} INFO - [2023-11-28T19:10:53.837-0300] {dagbag.py:536} INFO - Filling up the DagBag from /home/marcos/anaconda3/envs/XPe-IGTI/lib/python3.8/site-packages/airflow/example_dags/example_dag_decorator.py
[2023-11-28T19:10:53.926-0300] {processor.py:839} INFO - DAG(s) dict_keys(['example_dag_decorator']) retrieved from /home/marcos/anaconda3/envs/XPe-IGTI/lib/python3.8/site-packages/airflow/example_dags/example_dag_decorator.py
[2023-11-28T19:10:54.057-0300] {logging_mixin.py:154} INFO - [2023-11-28T19:10:54.056-0300] {dag.py:2941} INFO - Sync 1 DAGs
[2023-11-28T19:10:54.068-0300] {logging_mixin.py:154} INFO - [2023-11-28T19:10:54.068-0300] {dag.py:3722} INFO - Setting next_dagrun for example_dag_decorator to None, run_after=None
[2023-11-28T19:10:54.086-0300] {processor.py:179} INFO - Processing /home/marcos/anaconda3/envs/XPe-IGTI/lib/python3.8/site-packages/airflow/example_dags/example_dag_decorator.py took 0.259 seconds
[2023-11-28T19:12:02.874-0300] {processor.py:157} INFO - Started process (PID=147301) to work on /home/marcos/anaconda3/envs/XPe-IGTI/lib/python3.8/site-packages/airflow/example_dags/example_dag_decorator.py
[2023-11-28T19:12:02.880-0300] {processor.py:829} INFO - Processing file /home/marcos/anaconda3/envs/XPe-IGTI/lib/python3.8/site-packages/airflow/example_dags/example_dag_decorator.py for tasks to queue
[2023-11-28T19:12:02.886-0300] {logging_mixin.py:154} INFO - [2023-11-28T19:12:02.886-0300] {dagbag.py:536} INFO - Filling up the DagBag from /home/marcos/anaconda3/envs/XPe-IGTI/lib/python3.8/site-packages/airflow/example_dags/example_dag_decorator.py
[2023-11-28T19:12:03.037-0300] {processor.py:839} INFO - DAG(s) dict_keys(['example_dag_decorator']) retrieved from /home/marcos/anaconda3/envs/XPe-IGTI/lib/python3.8/site-packages/airflow/example_dags/example_dag_decorator.py
[2023-11-28T19:12:03.069-0300] {logging_mixin.py:154} INFO - [2023-11-28T19:12:03.068-0300] {dag.py:2941} INFO - Sync 1 DAGs
[2023-11-28T19:12:03.091-0300] {logging_mixin.py:154} INFO - [2023-11-28T19:12:03.091-0300] {dag.py:3722} INFO - Setting next_dagrun for example_dag_decorator to None, run_after=None
[2023-11-28T19:12:03.128-0300] {processor.py:179} INFO - Processing /home/marcos/anaconda3/envs/XPe-IGTI/lib/python3.8/site-packages/airflow/example_dags/example_dag_decorator.py took 0.260 seconds
[2023-11-28T19:12:57.181-0300] {processor.py:157} INFO - Started process (PID=147389) to work on /home/marcos/anaconda3/envs/XPe-IGTI/lib/python3.8/site-packages/airflow/example_dags/example_dag_decorator.py
[2023-11-28T19:12:57.186-0300] {processor.py:829} INFO - Processing file /home/marcos/anaconda3/envs/XPe-IGTI/lib/python3.8/site-packages/airflow/example_dags/example_dag_decorator.py for tasks to queue
[2023-11-28T19:12:57.191-0300] {logging_mixin.py:154} INFO - [2023-11-28T19:12:57.191-0300] {dagbag.py:536} INFO - Filling up the DagBag from /home/marcos/anaconda3/envs/XPe-IGTI/lib/python3.8/site-packages/airflow/example_dags/example_dag_decorator.py
[2023-11-28T19:12:57.335-0300] {processor.py:839} INFO - DAG(s) dict_keys(['example_dag_decorator']) retrieved from /home/marcos/anaconda3/envs/XPe-IGTI/lib/python3.8/site-packages/airflow/example_dags/example_dag_decorator.py
[2023-11-28T19:12:57.364-0300] {logging_mixin.py:154} INFO - [2023-11-28T19:12:57.364-0300] {dag.py:2941} INFO - Sync 1 DAGs
[2023-11-28T19:12:57.382-0300] {logging_mixin.py:154} INFO - [2023-11-28T19:12:57.382-0300] {dag.py:3722} INFO - Setting next_dagrun for example_dag_decorator to None, run_after=None
[2023-11-28T19:12:57.418-0300] {processor.py:179} INFO - Processing /home/marcos/anaconda3/envs/XPe-IGTI/lib/python3.8/site-packages/airflow/example_dags/example_dag_decorator.py took 0.243 seconds
[2023-11-28T19:14:12.360-0300] {processor.py:157} INFO - Started process (PID=147546) to work on /home/marcos/anaconda3/envs/XPe-IGTI/lib/python3.8/site-packages/airflow/example_dags/example_dag_decorator.py
[2023-11-28T19:14:12.361-0300] {processor.py:829} INFO - Processing file /home/marcos/anaconda3/envs/XPe-IGTI/lib/python3.8/site-packages/airflow/example_dags/example_dag_decorator.py for tasks to queue
[2023-11-28T19:14:12.365-0300] {logging_mixin.py:154} INFO - [2023-11-28T19:14:12.364-0300] {dagbag.py:536} INFO - Filling up the DagBag from /home/marcos/anaconda3/envs/XPe-IGTI/lib/python3.8/site-packages/airflow/example_dags/example_dag_decorator.py
[2023-11-28T19:14:12.509-0300] {processor.py:839} INFO - DAG(s) dict_keys(['example_dag_decorator']) retrieved from /home/marcos/anaconda3/envs/XPe-IGTI/lib/python3.8/site-packages/airflow/example_dags/example_dag_decorator.py
[2023-11-28T19:14:12.696-0300] {logging_mixin.py:154} INFO - [2023-11-28T19:14:12.695-0300] {dag.py:2941} INFO - Sync 1 DAGs
[2023-11-28T19:14:12.716-0300] {logging_mixin.py:154} INFO - [2023-11-28T19:14:12.716-0300] {dag.py:3722} INFO - Setting next_dagrun for example_dag_decorator to None, run_after=None
[2023-11-28T19:14:12.753-0300] {processor.py:179} INFO - Processing /home/marcos/anaconda3/envs/XPe-IGTI/lib/python3.8/site-packages/airflow/example_dags/example_dag_decorator.py took 0.399 seconds
[2023-11-28T19:15:04.367-0300] {processor.py:157} INFO - Started process (PID=147600) to work on /home/marcos/anaconda3/envs/XPe-IGTI/lib/python3.8/site-packages/airflow/example_dags/example_dag_decorator.py
[2023-11-28T19:15:04.372-0300] {processor.py:829} INFO - Processing file /home/marcos/anaconda3/envs/XPe-IGTI/lib/python3.8/site-packages/airflow/example_dags/example_dag_decorator.py for tasks to queue
[2023-11-28T19:15:04.375-0300] {logging_mixin.py:154} INFO - [2023-11-28T19:15:04.375-0300] {dagbag.py:536} INFO - Filling up the DagBag from /home/marcos/anaconda3/envs/XPe-IGTI/lib/python3.8/site-packages/airflow/example_dags/example_dag_decorator.py
[2023-11-28T19:15:04.507-0300] {processor.py:839} INFO - DAG(s) dict_keys(['example_dag_decorator']) retrieved from /home/marcos/anaconda3/envs/XPe-IGTI/lib/python3.8/site-packages/airflow/example_dags/example_dag_decorator.py
[2023-11-28T19:15:04.539-0300] {logging_mixin.py:154} INFO - [2023-11-28T19:15:04.538-0300] {dag.py:2941} INFO - Sync 1 DAGs
[2023-11-28T19:15:04.556-0300] {logging_mixin.py:154} INFO - [2023-11-28T19:15:04.556-0300] {dag.py:3722} INFO - Setting next_dagrun for example_dag_decorator to None, run_after=None
[2023-11-28T19:15:04.592-0300] {processor.py:179} INFO - Processing /home/marcos/anaconda3/envs/XPe-IGTI/lib/python3.8/site-packages/airflow/example_dags/example_dag_decorator.py took 0.230 seconds
[2023-11-28T19:16:14.893-0300] {processor.py:157} INFO - Started process (PID=147674) to work on /home/marcos/anaconda3/envs/XPe-IGTI/lib/python3.8/site-packages/airflow/example_dags/example_dag_decorator.py
[2023-11-28T19:16:14.897-0300] {processor.py:829} INFO - Processing file /home/marcos/anaconda3/envs/XPe-IGTI/lib/python3.8/site-packages/airflow/example_dags/example_dag_decorator.py for tasks to queue
[2023-11-28T19:16:14.901-0300] {logging_mixin.py:154} INFO - [2023-11-28T19:16:14.900-0300] {dagbag.py:536} INFO - Filling up the DagBag from /home/marcos/anaconda3/envs/XPe-IGTI/lib/python3.8/site-packages/airflow/example_dags/example_dag_decorator.py
[2023-11-28T19:16:15.028-0300] {processor.py:839} INFO - DAG(s) dict_keys(['example_dag_decorator']) retrieved from /home/marcos/anaconda3/envs/XPe-IGTI/lib/python3.8/site-packages/airflow/example_dags/example_dag_decorator.py
[2023-11-28T19:16:15.060-0300] {logging_mixin.py:154} INFO - [2023-11-28T19:16:15.059-0300] {dag.py:2941} INFO - Sync 1 DAGs
[2023-11-28T19:16:15.082-0300] {logging_mixin.py:154} INFO - [2023-11-28T19:16:15.082-0300] {dag.py:3722} INFO - Setting next_dagrun for example_dag_decorator to None, run_after=None
[2023-11-28T19:16:15.120-0300] {processor.py:179} INFO - Processing /home/marcos/anaconda3/envs/XPe-IGTI/lib/python3.8/site-packages/airflow/example_dags/example_dag_decorator.py took 0.232 seconds
[2023-11-28T19:17:18.996-0300] {processor.py:157} INFO - Started process (PID=147772) to work on /home/marcos/anaconda3/envs/XPe-IGTI/lib/python3.8/site-packages/airflow/example_dags/example_dag_decorator.py
[2023-11-28T19:17:18.998-0300] {processor.py:829} INFO - Processing file /home/marcos/anaconda3/envs/XPe-IGTI/lib/python3.8/site-packages/airflow/example_dags/example_dag_decorator.py for tasks to queue
[2023-11-28T19:17:19.002-0300] {logging_mixin.py:154} INFO - [2023-11-28T19:17:19.001-0300] {dagbag.py:536} INFO - Filling up the DagBag from /home/marcos/anaconda3/envs/XPe-IGTI/lib/python3.8/site-packages/airflow/example_dags/example_dag_decorator.py
[2023-11-28T19:17:19.121-0300] {processor.py:839} INFO - DAG(s) dict_keys(['example_dag_decorator']) retrieved from /home/marcos/anaconda3/envs/XPe-IGTI/lib/python3.8/site-packages/airflow/example_dags/example_dag_decorator.py
[2023-11-28T19:17:19.279-0300] {logging_mixin.py:154} INFO - [2023-11-28T19:17:19.278-0300] {dag.py:2941} INFO - Sync 1 DAGs
[2023-11-28T19:17:19.298-0300] {logging_mixin.py:154} INFO - [2023-11-28T19:17:19.298-0300] {dag.py:3722} INFO - Setting next_dagrun for example_dag_decorator to None, run_after=None
[2023-11-28T19:17:19.333-0300] {processor.py:179} INFO - Processing /home/marcos/anaconda3/envs/XPe-IGTI/lib/python3.8/site-packages/airflow/example_dags/example_dag_decorator.py took 0.341 seconds
[2023-11-28T19:18:28.542-0300] {processor.py:157} INFO - Started process (PID=147853) to work on /home/marcos/anaconda3/envs/XPe-IGTI/lib/python3.8/site-packages/airflow/example_dags/example_dag_decorator.py
[2023-11-28T19:18:28.546-0300] {processor.py:829} INFO - Processing file /home/marcos/anaconda3/envs/XPe-IGTI/lib/python3.8/site-packages/airflow/example_dags/example_dag_decorator.py for tasks to queue
[2023-11-28T19:18:28.550-0300] {logging_mixin.py:154} INFO - [2023-11-28T19:18:28.549-0300] {dagbag.py:536} INFO - Filling up the DagBag from /home/marcos/anaconda3/envs/XPe-IGTI/lib/python3.8/site-packages/airflow/example_dags/example_dag_decorator.py
[2023-11-28T19:18:28.663-0300] {processor.py:839} INFO - DAG(s) dict_keys(['example_dag_decorator']) retrieved from /home/marcos/anaconda3/envs/XPe-IGTI/lib/python3.8/site-packages/airflow/example_dags/example_dag_decorator.py
[2023-11-28T19:18:28.817-0300] {logging_mixin.py:154} INFO - [2023-11-28T19:18:28.816-0300] {dag.py:2941} INFO - Sync 1 DAGs
[2023-11-28T19:18:28.832-0300] {logging_mixin.py:154} INFO - [2023-11-28T19:18:28.832-0300] {dag.py:3722} INFO - Setting next_dagrun for example_dag_decorator to None, run_after=None
[2023-11-28T19:18:28.865-0300] {processor.py:179} INFO - Processing /home/marcos/anaconda3/envs/XPe-IGTI/lib/python3.8/site-packages/airflow/example_dags/example_dag_decorator.py took 0.328 seconds
[2023-11-28T19:20:40.533-0300] {processor.py:157} INFO - Started process (PID=148340) to work on /home/marcos/anaconda3/envs/XPe-IGTI/lib/python3.8/site-packages/airflow/example_dags/example_dag_decorator.py
[2023-11-28T19:20:40.535-0300] {processor.py:829} INFO - Processing file /home/marcos/anaconda3/envs/XPe-IGTI/lib/python3.8/site-packages/airflow/example_dags/example_dag_decorator.py for tasks to queue
[2023-11-28T19:20:40.538-0300] {logging_mixin.py:154} INFO - [2023-11-28T19:20:40.537-0300] {dagbag.py:536} INFO - Filling up the DagBag from /home/marcos/anaconda3/envs/XPe-IGTI/lib/python3.8/site-packages/airflow/example_dags/example_dag_decorator.py
[2023-11-28T19:20:40.677-0300] {processor.py:839} INFO - DAG(s) dict_keys(['example_dag_decorator']) retrieved from /home/marcos/anaconda3/envs/XPe-IGTI/lib/python3.8/site-packages/airflow/example_dags/example_dag_decorator.py
[2023-11-28T19:20:40.851-0300] {logging_mixin.py:154} INFO - [2023-11-28T19:20:40.850-0300] {dag.py:2941} INFO - Sync 1 DAGs
[2023-11-28T19:20:40.869-0300] {logging_mixin.py:154} INFO - [2023-11-28T19:20:40.868-0300] {dag.py:3722} INFO - Setting next_dagrun for example_dag_decorator to None, run_after=None
[2023-11-28T19:20:40.906-0300] {processor.py:179} INFO - Processing /home/marcos/anaconda3/envs/XPe-IGTI/lib/python3.8/site-packages/airflow/example_dags/example_dag_decorator.py took 0.378 seconds
[2023-11-28T19:22:05.871-0300] {processor.py:157} INFO - Started process (PID=148731) to work on /home/marcos/anaconda3/envs/XPe-IGTI/lib/python3.8/site-packages/airflow/example_dags/example_dag_decorator.py
[2023-11-28T19:22:05.876-0300] {processor.py:829} INFO - Processing file /home/marcos/anaconda3/envs/XPe-IGTI/lib/python3.8/site-packages/airflow/example_dags/example_dag_decorator.py for tasks to queue
[2023-11-28T19:22:05.880-0300] {logging_mixin.py:154} INFO - [2023-11-28T19:22:05.879-0300] {dagbag.py:536} INFO - Filling up the DagBag from /home/marcos/anaconda3/envs/XPe-IGTI/lib/python3.8/site-packages/airflow/example_dags/example_dag_decorator.py
[2023-11-28T19:22:06.035-0300] {processor.py:839} INFO - DAG(s) dict_keys(['example_dag_decorator']) retrieved from /home/marcos/anaconda3/envs/XPe-IGTI/lib/python3.8/site-packages/airflow/example_dags/example_dag_decorator.py
[2023-11-28T19:22:06.231-0300] {logging_mixin.py:154} INFO - [2023-11-28T19:22:06.230-0300] {dag.py:2941} INFO - Sync 1 DAGs
[2023-11-28T19:22:06.248-0300] {logging_mixin.py:154} INFO - [2023-11-28T19:22:06.247-0300] {dag.py:3722} INFO - Setting next_dagrun for example_dag_decorator to None, run_after=None
[2023-11-28T19:22:06.291-0300] {processor.py:179} INFO - Processing /home/marcos/anaconda3/envs/XPe-IGTI/lib/python3.8/site-packages/airflow/example_dags/example_dag_decorator.py took 0.426 seconds
[2023-11-28T19:23:16.168-0300] {processor.py:157} INFO - Started process (PID=148920) to work on /home/marcos/anaconda3/envs/XPe-IGTI/lib/python3.8/site-packages/airflow/example_dags/example_dag_decorator.py
[2023-11-28T19:23:16.173-0300] {processor.py:829} INFO - Processing file /home/marcos/anaconda3/envs/XPe-IGTI/lib/python3.8/site-packages/airflow/example_dags/example_dag_decorator.py for tasks to queue
[2023-11-28T19:23:16.179-0300] {logging_mixin.py:154} INFO - [2023-11-28T19:23:16.178-0300] {dagbag.py:536} INFO - Filling up the DagBag from /home/marcos/anaconda3/envs/XPe-IGTI/lib/python3.8/site-packages/airflow/example_dags/example_dag_decorator.py
[2023-11-28T19:23:16.329-0300] {processor.py:839} INFO - DAG(s) dict_keys(['example_dag_decorator']) retrieved from /home/marcos/anaconda3/envs/XPe-IGTI/lib/python3.8/site-packages/airflow/example_dags/example_dag_decorator.py
[2023-11-28T19:23:16.553-0300] {logging_mixin.py:154} INFO - [2023-11-28T19:23:16.552-0300] {dag.py:2941} INFO - Sync 1 DAGs
[2023-11-28T19:23:16.578-0300] {logging_mixin.py:154} INFO - [2023-11-28T19:23:16.577-0300] {dag.py:3722} INFO - Setting next_dagrun for example_dag_decorator to None, run_after=None
[2023-11-28T19:23:16.628-0300] {processor.py:179} INFO - Processing /home/marcos/anaconda3/envs/XPe-IGTI/lib/python3.8/site-packages/airflow/example_dags/example_dag_decorator.py took 0.464 seconds
[2023-11-28T19:24:08.700-0300] {processor.py:157} INFO - Started process (PID=148976) to work on /home/marcos/anaconda3/envs/XPe-IGTI/lib/python3.8/site-packages/airflow/example_dags/example_dag_decorator.py
[2023-11-28T19:24:08.705-0300] {processor.py:829} INFO - Processing file /home/marcos/anaconda3/envs/XPe-IGTI/lib/python3.8/site-packages/airflow/example_dags/example_dag_decorator.py for tasks to queue
[2023-11-28T19:24:08.708-0300] {logging_mixin.py:154} INFO - [2023-11-28T19:24:08.708-0300] {dagbag.py:536} INFO - Filling up the DagBag from /home/marcos/anaconda3/envs/XPe-IGTI/lib/python3.8/site-packages/airflow/example_dags/example_dag_decorator.py
[2023-11-28T19:24:08.827-0300] {processor.py:839} INFO - DAG(s) dict_keys(['example_dag_decorator']) retrieved from /home/marcos/anaconda3/envs/XPe-IGTI/lib/python3.8/site-packages/airflow/example_dags/example_dag_decorator.py
[2023-11-28T19:24:08.985-0300] {logging_mixin.py:154} INFO - [2023-11-28T19:24:08.984-0300] {dag.py:2941} INFO - Sync 1 DAGs
[2023-11-28T19:24:09.000-0300] {logging_mixin.py:154} INFO - [2023-11-28T19:24:09.000-0300] {dag.py:3722} INFO - Setting next_dagrun for example_dag_decorator to None, run_after=None
[2023-11-28T19:24:09.034-0300] {processor.py:179} INFO - Processing /home/marcos/anaconda3/envs/XPe-IGTI/lib/python3.8/site-packages/airflow/example_dags/example_dag_decorator.py took 0.339 seconds
[2023-11-28T19:25:19.090-0300] {processor.py:157} INFO - Started process (PID=149047) to work on /home/marcos/anaconda3/envs/XPe-IGTI/lib/python3.8/site-packages/airflow/example_dags/example_dag_decorator.py
[2023-11-28T19:25:19.095-0300] {processor.py:829} INFO - Processing file /home/marcos/anaconda3/envs/XPe-IGTI/lib/python3.8/site-packages/airflow/example_dags/example_dag_decorator.py for tasks to queue
[2023-11-28T19:25:19.098-0300] {logging_mixin.py:154} INFO - [2023-11-28T19:25:19.098-0300] {dagbag.py:536} INFO - Filling up the DagBag from /home/marcos/anaconda3/envs/XPe-IGTI/lib/python3.8/site-packages/airflow/example_dags/example_dag_decorator.py
[2023-11-28T19:25:19.213-0300] {processor.py:839} INFO - DAG(s) dict_keys(['example_dag_decorator']) retrieved from /home/marcos/anaconda3/envs/XPe-IGTI/lib/python3.8/site-packages/airflow/example_dags/example_dag_decorator.py
[2023-11-28T19:25:19.366-0300] {logging_mixin.py:154} INFO - [2023-11-28T19:25:19.365-0300] {dag.py:2941} INFO - Sync 1 DAGs
[2023-11-28T19:25:19.380-0300] {logging_mixin.py:154} INFO - [2023-11-28T19:25:19.380-0300] {dag.py:3722} INFO - Setting next_dagrun for example_dag_decorator to None, run_after=None
[2023-11-28T19:25:19.413-0300] {processor.py:179} INFO - Processing /home/marcos/anaconda3/envs/XPe-IGTI/lib/python3.8/site-packages/airflow/example_dags/example_dag_decorator.py took 0.328 seconds
[2023-11-28T19:26:29.661-0300] {processor.py:157} INFO - Started process (PID=149120) to work on /home/marcos/anaconda3/envs/XPe-IGTI/lib/python3.8/site-packages/airflow/example_dags/example_dag_decorator.py
[2023-11-28T19:26:29.662-0300] {processor.py:829} INFO - Processing file /home/marcos/anaconda3/envs/XPe-IGTI/lib/python3.8/site-packages/airflow/example_dags/example_dag_decorator.py for tasks to queue
[2023-11-28T19:26:29.667-0300] {logging_mixin.py:154} INFO - [2023-11-28T19:26:29.666-0300] {dagbag.py:536} INFO - Filling up the DagBag from /home/marcos/anaconda3/envs/XPe-IGTI/lib/python3.8/site-packages/airflow/example_dags/example_dag_decorator.py
[2023-11-28T19:26:29.782-0300] {processor.py:839} INFO - DAG(s) dict_keys(['example_dag_decorator']) retrieved from /home/marcos/anaconda3/envs/XPe-IGTI/lib/python3.8/site-packages/airflow/example_dags/example_dag_decorator.py
[2023-11-28T19:26:29.932-0300] {logging_mixin.py:154} INFO - [2023-11-28T19:26:29.931-0300] {dag.py:2941} INFO - Sync 1 DAGs
[2023-11-28T19:26:29.949-0300] {logging_mixin.py:154} INFO - [2023-11-28T19:26:29.948-0300] {dag.py:3722} INFO - Setting next_dagrun for example_dag_decorator to None, run_after=None
[2023-11-28T19:26:29.983-0300] {processor.py:179} INFO - Processing /home/marcos/anaconda3/envs/XPe-IGTI/lib/python3.8/site-packages/airflow/example_dags/example_dag_decorator.py took 0.328 seconds
[2023-11-28T19:27:36.282-0300] {processor.py:157} INFO - Started process (PID=149220) to work on /home/marcos/anaconda3/envs/XPe-IGTI/lib/python3.8/site-packages/airflow/example_dags/example_dag_decorator.py
[2023-11-28T19:27:36.286-0300] {processor.py:829} INFO - Processing file /home/marcos/anaconda3/envs/XPe-IGTI/lib/python3.8/site-packages/airflow/example_dags/example_dag_decorator.py for tasks to queue
[2023-11-28T19:27:36.289-0300] {logging_mixin.py:154} INFO - [2023-11-28T19:27:36.289-0300] {dagbag.py:536} INFO - Filling up the DagBag from /home/marcos/anaconda3/envs/XPe-IGTI/lib/python3.8/site-packages/airflow/example_dags/example_dag_decorator.py
[2023-11-28T19:27:36.358-0300] {processor.py:839} INFO - DAG(s) dict_keys(['example_dag_decorator']) retrieved from /home/marcos/anaconda3/envs/XPe-IGTI/lib/python3.8/site-packages/airflow/example_dags/example_dag_decorator.py
[2023-11-28T19:27:36.453-0300] {logging_mixin.py:154} INFO - [2023-11-28T19:27:36.453-0300] {dag.py:2941} INFO - Sync 1 DAGs
[2023-11-28T19:27:36.463-0300] {logging_mixin.py:154} INFO - [2023-11-28T19:27:36.462-0300] {dag.py:3722} INFO - Setting next_dagrun for example_dag_decorator to None, run_after=None
[2023-11-28T19:27:36.498-0300] {processor.py:179} INFO - Processing /home/marcos/anaconda3/envs/XPe-IGTI/lib/python3.8/site-packages/airflow/example_dags/example_dag_decorator.py took 0.219 seconds
[2023-11-28T19:28:32.220-0300] {processor.py:157} INFO - Started process (PID=149321) to work on /home/marcos/anaconda3/envs/XPe-IGTI/lib/python3.8/site-packages/airflow/example_dags/example_dag_decorator.py
[2023-11-28T19:28:32.221-0300] {processor.py:829} INFO - Processing file /home/marcos/anaconda3/envs/XPe-IGTI/lib/python3.8/site-packages/airflow/example_dags/example_dag_decorator.py for tasks to queue
[2023-11-28T19:28:32.223-0300] {logging_mixin.py:154} INFO - [2023-11-28T19:28:32.223-0300] {dagbag.py:536} INFO - Filling up the DagBag from /home/marcos/anaconda3/envs/XPe-IGTI/lib/python3.8/site-packages/airflow/example_dags/example_dag_decorator.py
[2023-11-28T19:28:32.297-0300] {processor.py:839} INFO - DAG(s) dict_keys(['example_dag_decorator']) retrieved from /home/marcos/anaconda3/envs/XPe-IGTI/lib/python3.8/site-packages/airflow/example_dags/example_dag_decorator.py
[2023-11-28T19:28:32.384-0300] {logging_mixin.py:154} INFO - [2023-11-28T19:28:32.383-0300] {dag.py:2941} INFO - Sync 1 DAGs
[2023-11-28T19:28:32.393-0300] {logging_mixin.py:154} INFO - [2023-11-28T19:28:32.393-0300] {dag.py:3722} INFO - Setting next_dagrun for example_dag_decorator to None, run_after=None
[2023-11-28T19:28:32.414-0300] {processor.py:179} INFO - Processing /home/marcos/anaconda3/envs/XPe-IGTI/lib/python3.8/site-packages/airflow/example_dags/example_dag_decorator.py took 0.198 seconds
