[2023-11-27T21:00:44.693-0300] {processor.py:157} INFO - Started process (PID=51761) to work on /home/marcos/anaconda3/envs/XPe-IGTI/lib/python3.8/site-packages/airflow/example_dags/example_branch_python_dop_operator_3.py
[2023-11-27T21:00:44.694-0300] {processor.py:829} INFO - Processing file /home/marcos/anaconda3/envs/XPe-IGTI/lib/python3.8/site-packages/airflow/example_dags/example_branch_python_dop_operator_3.py for tasks to queue
[2023-11-27T21:00:44.695-0300] {logging_mixin.py:154} INFO - [2023-11-27T21:00:44.695-0300] {dagbag.py:536} INFO - Filling up the DagBag from /home/marcos/anaconda3/envs/XPe-IGTI/lib/python3.8/site-packages/airflow/example_dags/example_branch_python_dop_operator_3.py
[2023-11-27T21:00:44.710-0300] {processor.py:839} INFO - DAG(s) dict_keys(['example_branch_dop_operator_v3']) retrieved from /home/marcos/anaconda3/envs/XPe-IGTI/lib/python3.8/site-packages/airflow/example_dags/example_branch_python_dop_operator_3.py
[2023-11-27T21:00:44.738-0300] {logging_mixin.py:154} INFO - [2023-11-27T21:00:44.737-0300] {dag.py:2941} INFO - Sync 1 DAGs
[2023-11-27T21:00:44.781-0300] {logging_mixin.py:154} INFO - [2023-11-27T21:00:44.781-0300] {dag.py:3722} INFO - Setting next_dagrun for example_branch_dop_operator_v3 to 2023-11-27T23:59:00+00:00, run_after=2023-11-28T00:00:00+00:00
[2023-11-27T21:00:44.821-0300] {processor.py:179} INFO - Processing /home/marcos/anaconda3/envs/XPe-IGTI/lib/python3.8/site-packages/airflow/example_dags/example_branch_python_dop_operator_3.py took 0.133 seconds
[2023-11-27T21:01:44.997-0300] {processor.py:157} INFO - Started process (PID=51831) to work on /home/marcos/anaconda3/envs/XPe-IGTI/lib/python3.8/site-packages/airflow/example_dags/example_branch_python_dop_operator_3.py
[2023-11-27T21:01:45.001-0300] {processor.py:829} INFO - Processing file /home/marcos/anaconda3/envs/XPe-IGTI/lib/python3.8/site-packages/airflow/example_dags/example_branch_python_dop_operator_3.py for tasks to queue
[2023-11-27T21:01:45.003-0300] {logging_mixin.py:154} INFO - [2023-11-27T21:01:45.002-0300] {dagbag.py:536} INFO - Filling up the DagBag from /home/marcos/anaconda3/envs/XPe-IGTI/lib/python3.8/site-packages/airflow/example_dags/example_branch_python_dop_operator_3.py
[2023-11-27T21:01:45.017-0300] {processor.py:839} INFO - DAG(s) dict_keys(['example_branch_dop_operator_v3']) retrieved from /home/marcos/anaconda3/envs/XPe-IGTI/lib/python3.8/site-packages/airflow/example_dags/example_branch_python_dop_operator_3.py
[2023-11-27T21:01:45.044-0300] {logging_mixin.py:154} INFO - [2023-11-27T21:01:45.044-0300] {dag.py:2941} INFO - Sync 1 DAGs
[2023-11-27T21:01:45.087-0300] {logging_mixin.py:154} INFO - [2023-11-27T21:01:45.086-0300] {dag.py:3722} INFO - Setting next_dagrun for example_branch_dop_operator_v3 to 2023-11-28T00:00:00+00:00, run_after=2023-11-28T00:01:00+00:00
[2023-11-27T21:01:45.121-0300] {processor.py:179} INFO - Processing /home/marcos/anaconda3/envs/XPe-IGTI/lib/python3.8/site-packages/airflow/example_dags/example_branch_python_dop_operator_3.py took 0.129 seconds
[2023-11-27T21:02:43.706-0300] {processor.py:157} INFO - Started process (PID=51939) to work on /home/marcos/anaconda3/envs/XPe-IGTI/lib/python3.8/site-packages/airflow/example_dags/example_branch_python_dop_operator_3.py
[2023-11-27T21:02:43.709-0300] {processor.py:829} INFO - Processing file /home/marcos/anaconda3/envs/XPe-IGTI/lib/python3.8/site-packages/airflow/example_dags/example_branch_python_dop_operator_3.py for tasks to queue
[2023-11-27T21:02:43.713-0300] {logging_mixin.py:154} INFO - [2023-11-27T21:02:43.711-0300] {dagbag.py:536} INFO - Filling up the DagBag from /home/marcos/anaconda3/envs/XPe-IGTI/lib/python3.8/site-packages/airflow/example_dags/example_branch_python_dop_operator_3.py
[2023-11-27T21:02:43.745-0300] {processor.py:839} INFO - DAG(s) dict_keys(['example_branch_dop_operator_v3']) retrieved from /home/marcos/anaconda3/envs/XPe-IGTI/lib/python3.8/site-packages/airflow/example_dags/example_branch_python_dop_operator_3.py
[2023-11-27T21:02:43.784-0300] {logging_mixin.py:154} INFO - [2023-11-27T21:02:43.784-0300] {dag.py:2941} INFO - Sync 1 DAGs
[2023-11-27T21:02:43.826-0300] {logging_mixin.py:154} INFO - [2023-11-27T21:02:43.825-0300] {dag.py:3722} INFO - Setting next_dagrun for example_branch_dop_operator_v3 to 2023-11-28T00:01:00+00:00, run_after=2023-11-28T00:02:00+00:00
[2023-11-27T21:02:43.865-0300] {processor.py:179} INFO - Processing /home/marcos/anaconda3/envs/XPe-IGTI/lib/python3.8/site-packages/airflow/example_dags/example_branch_python_dop_operator_3.py took 0.173 seconds
[2023-11-27T21:03:47.861-0300] {processor.py:157} INFO - Started process (PID=52009) to work on /home/marcos/anaconda3/envs/XPe-IGTI/lib/python3.8/site-packages/airflow/example_dags/example_branch_python_dop_operator_3.py
[2023-11-27T21:03:47.866-0300] {processor.py:829} INFO - Processing file /home/marcos/anaconda3/envs/XPe-IGTI/lib/python3.8/site-packages/airflow/example_dags/example_branch_python_dop_operator_3.py for tasks to queue
[2023-11-27T21:03:47.868-0300] {logging_mixin.py:154} INFO - [2023-11-27T21:03:47.867-0300] {dagbag.py:536} INFO - Filling up the DagBag from /home/marcos/anaconda3/envs/XPe-IGTI/lib/python3.8/site-packages/airflow/example_dags/example_branch_python_dop_operator_3.py
[2023-11-27T21:03:47.901-0300] {processor.py:839} INFO - DAG(s) dict_keys(['example_branch_dop_operator_v3']) retrieved from /home/marcos/anaconda3/envs/XPe-IGTI/lib/python3.8/site-packages/airflow/example_dags/example_branch_python_dop_operator_3.py
[2023-11-27T21:03:47.951-0300] {logging_mixin.py:154} INFO - [2023-11-27T21:03:47.950-0300] {dag.py:2941} INFO - Sync 1 DAGs
[2023-11-27T21:03:47.998-0300] {logging_mixin.py:154} INFO - [2023-11-27T21:03:47.998-0300] {dag.py:3722} INFO - Setting next_dagrun for example_branch_dop_operator_v3 to 2023-11-28T00:02:00+00:00, run_after=2023-11-28T00:03:00+00:00
[2023-11-27T21:03:48.042-0300] {processor.py:179} INFO - Processing /home/marcos/anaconda3/envs/XPe-IGTI/lib/python3.8/site-packages/airflow/example_dags/example_branch_python_dop_operator_3.py took 0.192 seconds
[2023-11-27T21:04:52.426-0300] {processor.py:157} INFO - Started process (PID=52102) to work on /home/marcos/anaconda3/envs/XPe-IGTI/lib/python3.8/site-packages/airflow/example_dags/example_branch_python_dop_operator_3.py
[2023-11-27T21:04:52.431-0300] {processor.py:829} INFO - Processing file /home/marcos/anaconda3/envs/XPe-IGTI/lib/python3.8/site-packages/airflow/example_dags/example_branch_python_dop_operator_3.py for tasks to queue
[2023-11-27T21:04:52.433-0300] {logging_mixin.py:154} INFO - [2023-11-27T21:04:52.432-0300] {dagbag.py:536} INFO - Filling up the DagBag from /home/marcos/anaconda3/envs/XPe-IGTI/lib/python3.8/site-packages/airflow/example_dags/example_branch_python_dop_operator_3.py
[2023-11-27T21:04:52.454-0300] {processor.py:839} INFO - DAG(s) dict_keys(['example_branch_dop_operator_v3']) retrieved from /home/marcos/anaconda3/envs/XPe-IGTI/lib/python3.8/site-packages/airflow/example_dags/example_branch_python_dop_operator_3.py
[2023-11-27T21:04:52.494-0300] {logging_mixin.py:154} INFO - [2023-11-27T21:04:52.494-0300] {dag.py:2941} INFO - Sync 1 DAGs
[2023-11-27T21:04:52.535-0300] {logging_mixin.py:154} INFO - [2023-11-27T21:04:52.534-0300] {dag.py:3722} INFO - Setting next_dagrun for example_branch_dop_operator_v3 to 2023-11-28T00:03:00+00:00, run_after=2023-11-28T00:04:00+00:00
[2023-11-27T21:04:52.571-0300] {processor.py:179} INFO - Processing /home/marcos/anaconda3/envs/XPe-IGTI/lib/python3.8/site-packages/airflow/example_dags/example_branch_python_dop_operator_3.py took 0.153 seconds
[2023-11-27T21:05:57.048-0300] {processor.py:157} INFO - Started process (PID=52200) to work on /home/marcos/anaconda3/envs/XPe-IGTI/lib/python3.8/site-packages/airflow/example_dags/example_branch_python_dop_operator_3.py
[2023-11-27T21:05:57.053-0300] {processor.py:829} INFO - Processing file /home/marcos/anaconda3/envs/XPe-IGTI/lib/python3.8/site-packages/airflow/example_dags/example_branch_python_dop_operator_3.py for tasks to queue
[2023-11-27T21:05:57.054-0300] {logging_mixin.py:154} INFO - [2023-11-27T21:05:57.054-0300] {dagbag.py:536} INFO - Filling up the DagBag from /home/marcos/anaconda3/envs/XPe-IGTI/lib/python3.8/site-packages/airflow/example_dags/example_branch_python_dop_operator_3.py
[2023-11-27T21:05:57.071-0300] {processor.py:839} INFO - DAG(s) dict_keys(['example_branch_dop_operator_v3']) retrieved from /home/marcos/anaconda3/envs/XPe-IGTI/lib/python3.8/site-packages/airflow/example_dags/example_branch_python_dop_operator_3.py
[2023-11-27T21:05:57.095-0300] {logging_mixin.py:154} INFO - [2023-11-27T21:05:57.095-0300] {dag.py:2941} INFO - Sync 1 DAGs
[2023-11-27T21:05:57.129-0300] {logging_mixin.py:154} INFO - [2023-11-27T21:05:57.128-0300] {dag.py:3722} INFO - Setting next_dagrun for example_branch_dop_operator_v3 to 2023-11-28T00:04:00+00:00, run_after=2023-11-28T00:05:00+00:00
[2023-11-27T21:05:57.157-0300] {processor.py:179} INFO - Processing /home/marcos/anaconda3/envs/XPe-IGTI/lib/python3.8/site-packages/airflow/example_dags/example_branch_python_dop_operator_3.py took 0.115 seconds
[2023-11-27T21:06:58.669-0300] {processor.py:157} INFO - Started process (PID=52301) to work on /home/marcos/anaconda3/envs/XPe-IGTI/lib/python3.8/site-packages/airflow/example_dags/example_branch_python_dop_operator_3.py
[2023-11-27T21:06:58.670-0300] {processor.py:829} INFO - Processing file /home/marcos/anaconda3/envs/XPe-IGTI/lib/python3.8/site-packages/airflow/example_dags/example_branch_python_dop_operator_3.py for tasks to queue
[2023-11-27T21:06:58.671-0300] {logging_mixin.py:154} INFO - [2023-11-27T21:06:58.671-0300] {dagbag.py:536} INFO - Filling up the DagBag from /home/marcos/anaconda3/envs/XPe-IGTI/lib/python3.8/site-packages/airflow/example_dags/example_branch_python_dop_operator_3.py
[2023-11-27T21:06:58.683-0300] {processor.py:839} INFO - DAG(s) dict_keys(['example_branch_dop_operator_v3']) retrieved from /home/marcos/anaconda3/envs/XPe-IGTI/lib/python3.8/site-packages/airflow/example_dags/example_branch_python_dop_operator_3.py
[2023-11-27T21:06:58.706-0300] {logging_mixin.py:154} INFO - [2023-11-27T21:06:58.706-0300] {dag.py:2941} INFO - Sync 1 DAGs
[2023-11-27T21:06:58.741-0300] {logging_mixin.py:154} INFO - [2023-11-27T21:06:58.741-0300] {dag.py:3722} INFO - Setting next_dagrun for example_branch_dop_operator_v3 to 2023-11-28T00:05:00+00:00, run_after=2023-11-28T00:06:00+00:00
[2023-11-27T21:06:58.768-0300] {processor.py:179} INFO - Processing /home/marcos/anaconda3/envs/XPe-IGTI/lib/python3.8/site-packages/airflow/example_dags/example_branch_python_dop_operator_3.py took 0.103 seconds
[2023-11-27T21:07:57.274-0300] {processor.py:157} INFO - Started process (PID=52370) to work on /home/marcos/anaconda3/envs/XPe-IGTI/lib/python3.8/site-packages/airflow/example_dags/example_branch_python_dop_operator_3.py
[2023-11-27T21:07:57.276-0300] {processor.py:829} INFO - Processing file /home/marcos/anaconda3/envs/XPe-IGTI/lib/python3.8/site-packages/airflow/example_dags/example_branch_python_dop_operator_3.py for tasks to queue
[2023-11-27T21:07:57.278-0300] {logging_mixin.py:154} INFO - [2023-11-27T21:07:57.277-0300] {dagbag.py:536} INFO - Filling up the DagBag from /home/marcos/anaconda3/envs/XPe-IGTI/lib/python3.8/site-packages/airflow/example_dags/example_branch_python_dop_operator_3.py
[2023-11-27T21:07:57.293-0300] {processor.py:839} INFO - DAG(s) dict_keys(['example_branch_dop_operator_v3']) retrieved from /home/marcos/anaconda3/envs/XPe-IGTI/lib/python3.8/site-packages/airflow/example_dags/example_branch_python_dop_operator_3.py
[2023-11-27T21:07:57.316-0300] {logging_mixin.py:154} INFO - [2023-11-27T21:07:57.315-0300] {dag.py:2941} INFO - Sync 1 DAGs
[2023-11-27T21:07:57.352-0300] {logging_mixin.py:154} INFO - [2023-11-27T21:07:57.352-0300] {dag.py:3722} INFO - Setting next_dagrun for example_branch_dop_operator_v3 to 2023-11-28T00:06:00+00:00, run_after=2023-11-28T00:07:00+00:00
[2023-11-27T21:07:57.379-0300] {processor.py:179} INFO - Processing /home/marcos/anaconda3/envs/XPe-IGTI/lib/python3.8/site-packages/airflow/example_dags/example_branch_python_dop_operator_3.py took 0.111 seconds
[2023-11-27T21:09:02.183-0300] {processor.py:157} INFO - Started process (PID=52448) to work on /home/marcos/anaconda3/envs/XPe-IGTI/lib/python3.8/site-packages/airflow/example_dags/example_branch_python_dop_operator_3.py
[2023-11-27T21:09:02.187-0300] {processor.py:829} INFO - Processing file /home/marcos/anaconda3/envs/XPe-IGTI/lib/python3.8/site-packages/airflow/example_dags/example_branch_python_dop_operator_3.py for tasks to queue
[2023-11-27T21:09:02.189-0300] {logging_mixin.py:154} INFO - [2023-11-27T21:09:02.188-0300] {dagbag.py:536} INFO - Filling up the DagBag from /home/marcos/anaconda3/envs/XPe-IGTI/lib/python3.8/site-packages/airflow/example_dags/example_branch_python_dop_operator_3.py
[2023-11-27T21:09:02.200-0300] {processor.py:839} INFO - DAG(s) dict_keys(['example_branch_dop_operator_v3']) retrieved from /home/marcos/anaconda3/envs/XPe-IGTI/lib/python3.8/site-packages/airflow/example_dags/example_branch_python_dop_operator_3.py
[2023-11-27T21:09:02.223-0300] {logging_mixin.py:154} INFO - [2023-11-27T21:09:02.223-0300] {dag.py:2941} INFO - Sync 1 DAGs
[2023-11-27T21:09:02.258-0300] {logging_mixin.py:154} INFO - [2023-11-27T21:09:02.258-0300] {dag.py:3722} INFO - Setting next_dagrun for example_branch_dop_operator_v3 to 2023-11-28T00:08:00+00:00, run_after=2023-11-28T00:09:00+00:00
[2023-11-27T21:09:02.291-0300] {processor.py:179} INFO - Processing /home/marcos/anaconda3/envs/XPe-IGTI/lib/python3.8/site-packages/airflow/example_dags/example_branch_python_dop_operator_3.py took 0.112 seconds
[2023-11-27T21:10:07.199-0300] {processor.py:157} INFO - Started process (PID=52521) to work on /home/marcos/anaconda3/envs/XPe-IGTI/lib/python3.8/site-packages/airflow/example_dags/example_branch_python_dop_operator_3.py
[2023-11-27T21:10:07.203-0300] {processor.py:829} INFO - Processing file /home/marcos/anaconda3/envs/XPe-IGTI/lib/python3.8/site-packages/airflow/example_dags/example_branch_python_dop_operator_3.py for tasks to queue
[2023-11-27T21:10:07.205-0300] {logging_mixin.py:154} INFO - [2023-11-27T21:10:07.204-0300] {dagbag.py:536} INFO - Filling up the DagBag from /home/marcos/anaconda3/envs/XPe-IGTI/lib/python3.8/site-packages/airflow/example_dags/example_branch_python_dop_operator_3.py
[2023-11-27T21:10:07.219-0300] {processor.py:839} INFO - DAG(s) dict_keys(['example_branch_dop_operator_v3']) retrieved from /home/marcos/anaconda3/envs/XPe-IGTI/lib/python3.8/site-packages/airflow/example_dags/example_branch_python_dop_operator_3.py
[2023-11-27T21:10:07.244-0300] {logging_mixin.py:154} INFO - [2023-11-27T21:10:07.244-0300] {dag.py:2941} INFO - Sync 1 DAGs
[2023-11-27T21:10:07.281-0300] {logging_mixin.py:154} INFO - [2023-11-27T21:10:07.281-0300] {dag.py:3722} INFO - Setting next_dagrun for example_branch_dop_operator_v3 to 2023-11-28T00:09:00+00:00, run_after=2023-11-28T00:10:00+00:00
[2023-11-27T21:10:07.312-0300] {processor.py:179} INFO - Processing /home/marcos/anaconda3/envs/XPe-IGTI/lib/python3.8/site-packages/airflow/example_dags/example_branch_python_dop_operator_3.py took 0.118 seconds
[2023-11-27T21:11:14.108-0300] {processor.py:157} INFO - Started process (PID=52603) to work on /home/marcos/anaconda3/envs/XPe-IGTI/lib/python3.8/site-packages/airflow/example_dags/example_branch_python_dop_operator_3.py
[2023-11-27T21:11:14.112-0300] {processor.py:829} INFO - Processing file /home/marcos/anaconda3/envs/XPe-IGTI/lib/python3.8/site-packages/airflow/example_dags/example_branch_python_dop_operator_3.py for tasks to queue
[2023-11-27T21:11:14.114-0300] {logging_mixin.py:154} INFO - [2023-11-27T21:11:14.113-0300] {dagbag.py:536} INFO - Filling up the DagBag from /home/marcos/anaconda3/envs/XPe-IGTI/lib/python3.8/site-packages/airflow/example_dags/example_branch_python_dop_operator_3.py
[2023-11-27T21:11:14.126-0300] {processor.py:839} INFO - DAG(s) dict_keys(['example_branch_dop_operator_v3']) retrieved from /home/marcos/anaconda3/envs/XPe-IGTI/lib/python3.8/site-packages/airflow/example_dags/example_branch_python_dop_operator_3.py
[2023-11-27T21:11:14.148-0300] {logging_mixin.py:154} INFO - [2023-11-27T21:11:14.148-0300] {dag.py:2941} INFO - Sync 1 DAGs
[2023-11-27T21:11:14.182-0300] {logging_mixin.py:154} INFO - [2023-11-27T21:11:14.181-0300] {dag.py:3722} INFO - Setting next_dagrun for example_branch_dop_operator_v3 to 2023-11-28T00:10:00+00:00, run_after=2023-11-28T00:11:00+00:00
[2023-11-27T21:11:14.209-0300] {processor.py:179} INFO - Processing /home/marcos/anaconda3/envs/XPe-IGTI/lib/python3.8/site-packages/airflow/example_dags/example_branch_python_dop_operator_3.py took 0.105 seconds
[2023-11-27T21:12:21.909-0300] {processor.py:157} INFO - Started process (PID=52704) to work on /home/marcos/anaconda3/envs/XPe-IGTI/lib/python3.8/site-packages/airflow/example_dags/example_branch_python_dop_operator_3.py
[2023-11-27T21:12:21.913-0300] {processor.py:829} INFO - Processing file /home/marcos/anaconda3/envs/XPe-IGTI/lib/python3.8/site-packages/airflow/example_dags/example_branch_python_dop_operator_3.py for tasks to queue
[2023-11-27T21:12:21.915-0300] {logging_mixin.py:154} INFO - [2023-11-27T21:12:21.914-0300] {dagbag.py:536} INFO - Filling up the DagBag from /home/marcos/anaconda3/envs/XPe-IGTI/lib/python3.8/site-packages/airflow/example_dags/example_branch_python_dop_operator_3.py
[2023-11-27T21:12:21.932-0300] {processor.py:839} INFO - DAG(s) dict_keys(['example_branch_dop_operator_v3']) retrieved from /home/marcos/anaconda3/envs/XPe-IGTI/lib/python3.8/site-packages/airflow/example_dags/example_branch_python_dop_operator_3.py
[2023-11-27T21:12:21.955-0300] {logging_mixin.py:154} INFO - [2023-11-27T21:12:21.955-0300] {dag.py:2941} INFO - Sync 1 DAGs
[2023-11-27T21:12:21.989-0300] {logging_mixin.py:154} INFO - [2023-11-27T21:12:21.989-0300] {dag.py:3722} INFO - Setting next_dagrun for example_branch_dop_operator_v3 to 2023-11-28T00:11:00+00:00, run_after=2023-11-28T00:12:00+00:00
[2023-11-27T21:12:22.017-0300] {processor.py:179} INFO - Processing /home/marcos/anaconda3/envs/XPe-IGTI/lib/python3.8/site-packages/airflow/example_dags/example_branch_python_dop_operator_3.py took 0.114 seconds
[2023-11-27T21:13:21.487-0300] {processor.py:157} INFO - Started process (PID=52781) to work on /home/marcos/anaconda3/envs/XPe-IGTI/lib/python3.8/site-packages/airflow/example_dags/example_branch_python_dop_operator_3.py
[2023-11-27T21:13:21.491-0300] {processor.py:829} INFO - Processing file /home/marcos/anaconda3/envs/XPe-IGTI/lib/python3.8/site-packages/airflow/example_dags/example_branch_python_dop_operator_3.py for tasks to queue
[2023-11-27T21:13:21.493-0300] {logging_mixin.py:154} INFO - [2023-11-27T21:13:21.492-0300] {dagbag.py:536} INFO - Filling up the DagBag from /home/marcos/anaconda3/envs/XPe-IGTI/lib/python3.8/site-packages/airflow/example_dags/example_branch_python_dop_operator_3.py
[2023-11-27T21:13:21.508-0300] {processor.py:839} INFO - DAG(s) dict_keys(['example_branch_dop_operator_v3']) retrieved from /home/marcos/anaconda3/envs/XPe-IGTI/lib/python3.8/site-packages/airflow/example_dags/example_branch_python_dop_operator_3.py
[2023-11-27T21:13:21.537-0300] {logging_mixin.py:154} INFO - [2023-11-27T21:13:21.537-0300] {dag.py:2941} INFO - Sync 1 DAGs
[2023-11-27T21:13:21.591-0300] {logging_mixin.py:154} INFO - [2023-11-27T21:13:21.590-0300] {dag.py:3722} INFO - Setting next_dagrun for example_branch_dop_operator_v3 to 2023-11-28T00:12:00+00:00, run_after=2023-11-28T00:13:00+00:00
[2023-11-27T21:13:21.629-0300] {processor.py:179} INFO - Processing /home/marcos/anaconda3/envs/XPe-IGTI/lib/python3.8/site-packages/airflow/example_dags/example_branch_python_dop_operator_3.py took 0.147 seconds
[2023-11-27T21:14:22.414-0300] {processor.py:157} INFO - Started process (PID=52892) to work on /home/marcos/anaconda3/envs/XPe-IGTI/lib/python3.8/site-packages/airflow/example_dags/example_branch_python_dop_operator_3.py
[2023-11-27T21:14:22.419-0300] {processor.py:829} INFO - Processing file /home/marcos/anaconda3/envs/XPe-IGTI/lib/python3.8/site-packages/airflow/example_dags/example_branch_python_dop_operator_3.py for tasks to queue
[2023-11-27T21:14:22.421-0300] {logging_mixin.py:154} INFO - [2023-11-27T21:14:22.420-0300] {dagbag.py:536} INFO - Filling up the DagBag from /home/marcos/anaconda3/envs/XPe-IGTI/lib/python3.8/site-packages/airflow/example_dags/example_branch_python_dop_operator_3.py
[2023-11-27T21:14:22.438-0300] {processor.py:839} INFO - DAG(s) dict_keys(['example_branch_dop_operator_v3']) retrieved from /home/marcos/anaconda3/envs/XPe-IGTI/lib/python3.8/site-packages/airflow/example_dags/example_branch_python_dop_operator_3.py
[2023-11-27T21:14:22.471-0300] {logging_mixin.py:154} INFO - [2023-11-27T21:14:22.470-0300] {dag.py:2941} INFO - Sync 1 DAGs
[2023-11-27T21:14:22.519-0300] {logging_mixin.py:154} INFO - [2023-11-27T21:14:22.518-0300] {dag.py:3722} INFO - Setting next_dagrun for example_branch_dop_operator_v3 to 2023-11-28T00:13:00+00:00, run_after=2023-11-28T00:14:00+00:00
[2023-11-27T21:14:22.568-0300] {processor.py:179} INFO - Processing /home/marcos/anaconda3/envs/XPe-IGTI/lib/python3.8/site-packages/airflow/example_dags/example_branch_python_dop_operator_3.py took 0.158 seconds
[2023-11-27T21:15:30.589-0300] {processor.py:157} INFO - Started process (PID=52991) to work on /home/marcos/anaconda3/envs/XPe-IGTI/lib/python3.8/site-packages/airflow/example_dags/example_branch_python_dop_operator_3.py
[2023-11-27T21:15:30.594-0300] {processor.py:829} INFO - Processing file /home/marcos/anaconda3/envs/XPe-IGTI/lib/python3.8/site-packages/airflow/example_dags/example_branch_python_dop_operator_3.py for tasks to queue
[2023-11-27T21:15:30.596-0300] {logging_mixin.py:154} INFO - [2023-11-27T21:15:30.596-0300] {dagbag.py:536} INFO - Filling up the DagBag from /home/marcos/anaconda3/envs/XPe-IGTI/lib/python3.8/site-packages/airflow/example_dags/example_branch_python_dop_operator_3.py
[2023-11-27T21:15:30.617-0300] {processor.py:839} INFO - DAG(s) dict_keys(['example_branch_dop_operator_v3']) retrieved from /home/marcos/anaconda3/envs/XPe-IGTI/lib/python3.8/site-packages/airflow/example_dags/example_branch_python_dop_operator_3.py
[2023-11-27T21:15:30.659-0300] {logging_mixin.py:154} INFO - [2023-11-27T21:15:30.658-0300] {dag.py:2941} INFO - Sync 1 DAGs
[2023-11-27T21:15:30.701-0300] {logging_mixin.py:154} INFO - [2023-11-27T21:15:30.701-0300] {dag.py:3722} INFO - Setting next_dagrun for example_branch_dop_operator_v3 to 2023-11-28T00:14:00+00:00, run_after=2023-11-28T00:15:00+00:00
[2023-11-27T21:15:30.736-0300] {processor.py:179} INFO - Processing /home/marcos/anaconda3/envs/XPe-IGTI/lib/python3.8/site-packages/airflow/example_dags/example_branch_python_dop_operator_3.py took 0.153 seconds
[2023-11-27T21:16:40.423-0300] {processor.py:157} INFO - Started process (PID=53067) to work on /home/marcos/anaconda3/envs/XPe-IGTI/lib/python3.8/site-packages/airflow/example_dags/example_branch_python_dop_operator_3.py
[2023-11-27T21:16:40.427-0300] {processor.py:829} INFO - Processing file /home/marcos/anaconda3/envs/XPe-IGTI/lib/python3.8/site-packages/airflow/example_dags/example_branch_python_dop_operator_3.py for tasks to queue
[2023-11-27T21:16:40.429-0300] {logging_mixin.py:154} INFO - [2023-11-27T21:16:40.428-0300] {dagbag.py:536} INFO - Filling up the DagBag from /home/marcos/anaconda3/envs/XPe-IGTI/lib/python3.8/site-packages/airflow/example_dags/example_branch_python_dop_operator_3.py
[2023-11-27T21:16:40.442-0300] {processor.py:839} INFO - DAG(s) dict_keys(['example_branch_dop_operator_v3']) retrieved from /home/marcos/anaconda3/envs/XPe-IGTI/lib/python3.8/site-packages/airflow/example_dags/example_branch_python_dop_operator_3.py
[2023-11-27T21:16:40.470-0300] {logging_mixin.py:154} INFO - [2023-11-27T21:16:40.470-0300] {dag.py:2941} INFO - Sync 1 DAGs
[2023-11-27T21:16:40.509-0300] {logging_mixin.py:154} INFO - [2023-11-27T21:16:40.509-0300] {dag.py:3722} INFO - Setting next_dagrun for example_branch_dop_operator_v3 to 2023-11-28T00:15:00+00:00, run_after=2023-11-28T00:16:00+00:00
[2023-11-27T21:16:40.546-0300] {processor.py:179} INFO - Processing /home/marcos/anaconda3/envs/XPe-IGTI/lib/python3.8/site-packages/airflow/example_dags/example_branch_python_dop_operator_3.py took 0.129 seconds
[2023-11-27T21:17:55.565-0300] {processor.py:157} INFO - Started process (PID=53180) to work on /home/marcos/anaconda3/envs/XPe-IGTI/lib/python3.8/site-packages/airflow/example_dags/example_branch_python_dop_operator_3.py
[2023-11-27T21:17:55.570-0300] {processor.py:829} INFO - Processing file /home/marcos/anaconda3/envs/XPe-IGTI/lib/python3.8/site-packages/airflow/example_dags/example_branch_python_dop_operator_3.py for tasks to queue
[2023-11-27T21:17:55.573-0300] {logging_mixin.py:154} INFO - [2023-11-27T21:17:55.572-0300] {dagbag.py:536} INFO - Filling up the DagBag from /home/marcos/anaconda3/envs/XPe-IGTI/lib/python3.8/site-packages/airflow/example_dags/example_branch_python_dop_operator_3.py
[2023-11-27T21:17:55.588-0300] {processor.py:839} INFO - DAG(s) dict_keys(['example_branch_dop_operator_v3']) retrieved from /home/marcos/anaconda3/envs/XPe-IGTI/lib/python3.8/site-packages/airflow/example_dags/example_branch_python_dop_operator_3.py
[2023-11-27T21:17:55.614-0300] {logging_mixin.py:154} INFO - [2023-11-27T21:17:55.614-0300] {dag.py:2941} INFO - Sync 1 DAGs
[2023-11-27T21:17:55.654-0300] {logging_mixin.py:154} INFO - [2023-11-27T21:17:55.654-0300] {dag.py:3722} INFO - Setting next_dagrun for example_branch_dop_operator_v3 to 2023-11-28T00:16:00+00:00, run_after=2023-11-28T00:17:00+00:00
[2023-11-27T21:17:55.685-0300] {processor.py:179} INFO - Processing /home/marcos/anaconda3/envs/XPe-IGTI/lib/python3.8/site-packages/airflow/example_dags/example_branch_python_dop_operator_3.py took 0.126 seconds
[2023-11-27T21:18:59.726-0300] {processor.py:157} INFO - Started process (PID=53256) to work on /home/marcos/anaconda3/envs/XPe-IGTI/lib/python3.8/site-packages/airflow/example_dags/example_branch_python_dop_operator_3.py
[2023-11-27T21:18:59.731-0300] {processor.py:829} INFO - Processing file /home/marcos/anaconda3/envs/XPe-IGTI/lib/python3.8/site-packages/airflow/example_dags/example_branch_python_dop_operator_3.py for tasks to queue
[2023-11-27T21:18:59.735-0300] {logging_mixin.py:154} INFO - [2023-11-27T21:18:59.733-0300] {dagbag.py:536} INFO - Filling up the DagBag from /home/marcos/anaconda3/envs/XPe-IGTI/lib/python3.8/site-packages/airflow/example_dags/example_branch_python_dop_operator_3.py
[2023-11-27T21:18:59.755-0300] {processor.py:839} INFO - DAG(s) dict_keys(['example_branch_dop_operator_v3']) retrieved from /home/marcos/anaconda3/envs/XPe-IGTI/lib/python3.8/site-packages/airflow/example_dags/example_branch_python_dop_operator_3.py
[2023-11-27T21:18:59.790-0300] {logging_mixin.py:154} INFO - [2023-11-27T21:18:59.789-0300] {dag.py:2941} INFO - Sync 1 DAGs
[2023-11-27T21:18:59.836-0300] {logging_mixin.py:154} INFO - [2023-11-27T21:18:59.835-0300] {dag.py:3722} INFO - Setting next_dagrun for example_branch_dop_operator_v3 to 2023-11-28T00:17:00+00:00, run_after=2023-11-28T00:18:00+00:00
[2023-11-27T21:18:59.878-0300] {processor.py:179} INFO - Processing /home/marcos/anaconda3/envs/XPe-IGTI/lib/python3.8/site-packages/airflow/example_dags/example_branch_python_dop_operator_3.py took 0.157 seconds
[2023-11-27T21:20:09.873-0300] {processor.py:157} INFO - Started process (PID=53338) to work on /home/marcos/anaconda3/envs/XPe-IGTI/lib/python3.8/site-packages/airflow/example_dags/example_branch_python_dop_operator_3.py
[2023-11-27T21:20:09.878-0300] {processor.py:829} INFO - Processing file /home/marcos/anaconda3/envs/XPe-IGTI/lib/python3.8/site-packages/airflow/example_dags/example_branch_python_dop_operator_3.py for tasks to queue
[2023-11-27T21:20:09.880-0300] {logging_mixin.py:154} INFO - [2023-11-27T21:20:09.879-0300] {dagbag.py:536} INFO - Filling up the DagBag from /home/marcos/anaconda3/envs/XPe-IGTI/lib/python3.8/site-packages/airflow/example_dags/example_branch_python_dop_operator_3.py
[2023-11-27T21:20:09.894-0300] {processor.py:839} INFO - DAG(s) dict_keys(['example_branch_dop_operator_v3']) retrieved from /home/marcos/anaconda3/envs/XPe-IGTI/lib/python3.8/site-packages/airflow/example_dags/example_branch_python_dop_operator_3.py
[2023-11-27T21:20:09.930-0300] {logging_mixin.py:154} INFO - [2023-11-27T21:20:09.930-0300] {dag.py:2941} INFO - Sync 1 DAGs
[2023-11-27T21:20:09.983-0300] {logging_mixin.py:154} INFO - [2023-11-27T21:20:09.983-0300] {dag.py:3722} INFO - Setting next_dagrun for example_branch_dop_operator_v3 to 2023-11-28T00:19:00+00:00, run_after=2023-11-28T00:20:00+00:00
[2023-11-27T21:20:10.021-0300] {processor.py:179} INFO - Processing /home/marcos/anaconda3/envs/XPe-IGTI/lib/python3.8/site-packages/airflow/example_dags/example_branch_python_dop_operator_3.py took 0.152 seconds
[2023-11-27T21:21:15.118-0300] {processor.py:157} INFO - Started process (PID=53413) to work on /home/marcos/anaconda3/envs/XPe-IGTI/lib/python3.8/site-packages/airflow/example_dags/example_branch_python_dop_operator_3.py
[2023-11-27T21:21:15.123-0300] {processor.py:829} INFO - Processing file /home/marcos/anaconda3/envs/XPe-IGTI/lib/python3.8/site-packages/airflow/example_dags/example_branch_python_dop_operator_3.py for tasks to queue
[2023-11-27T21:21:15.124-0300] {logging_mixin.py:154} INFO - [2023-11-27T21:21:15.123-0300] {dagbag.py:536} INFO - Filling up the DagBag from /home/marcos/anaconda3/envs/XPe-IGTI/lib/python3.8/site-packages/airflow/example_dags/example_branch_python_dop_operator_3.py
[2023-11-27T21:21:15.140-0300] {processor.py:839} INFO - DAG(s) dict_keys(['example_branch_dop_operator_v3']) retrieved from /home/marcos/anaconda3/envs/XPe-IGTI/lib/python3.8/site-packages/airflow/example_dags/example_branch_python_dop_operator_3.py
[2023-11-27T21:21:15.165-0300] {logging_mixin.py:154} INFO - [2023-11-27T21:21:15.165-0300] {dag.py:2941} INFO - Sync 1 DAGs
[2023-11-27T21:21:15.209-0300] {logging_mixin.py:154} INFO - [2023-11-27T21:21:15.209-0300] {dag.py:3722} INFO - Setting next_dagrun for example_branch_dop_operator_v3 to 2023-11-28T00:20:00+00:00, run_after=2023-11-28T00:21:00+00:00
[2023-11-27T21:21:15.249-0300] {processor.py:179} INFO - Processing /home/marcos/anaconda3/envs/XPe-IGTI/lib/python3.8/site-packages/airflow/example_dags/example_branch_python_dop_operator_3.py took 0.137 seconds
[2023-11-27T21:22:21.008-0300] {processor.py:157} INFO - Started process (PID=53514) to work on /home/marcos/anaconda3/envs/XPe-IGTI/lib/python3.8/site-packages/airflow/example_dags/example_branch_python_dop_operator_3.py
[2023-11-27T21:22:21.013-0300] {processor.py:829} INFO - Processing file /home/marcos/anaconda3/envs/XPe-IGTI/lib/python3.8/site-packages/airflow/example_dags/example_branch_python_dop_operator_3.py for tasks to queue
[2023-11-27T21:22:21.015-0300] {logging_mixin.py:154} INFO - [2023-11-27T21:22:21.014-0300] {dagbag.py:536} INFO - Filling up the DagBag from /home/marcos/anaconda3/envs/XPe-IGTI/lib/python3.8/site-packages/airflow/example_dags/example_branch_python_dop_operator_3.py
[2023-11-27T21:22:21.028-0300] {processor.py:839} INFO - DAG(s) dict_keys(['example_branch_dop_operator_v3']) retrieved from /home/marcos/anaconda3/envs/XPe-IGTI/lib/python3.8/site-packages/airflow/example_dags/example_branch_python_dop_operator_3.py
[2023-11-27T21:22:21.054-0300] {logging_mixin.py:154} INFO - [2023-11-27T21:22:21.054-0300] {dag.py:2941} INFO - Sync 1 DAGs
[2023-11-27T21:22:21.096-0300] {logging_mixin.py:154} INFO - [2023-11-27T21:22:21.096-0300] {dag.py:3722} INFO - Setting next_dagrun for example_branch_dop_operator_v3 to 2023-11-28T00:21:00+00:00, run_after=2023-11-28T00:22:00+00:00
[2023-11-27T21:22:21.128-0300] {processor.py:179} INFO - Processing /home/marcos/anaconda3/envs/XPe-IGTI/lib/python3.8/site-packages/airflow/example_dags/example_branch_python_dop_operator_3.py took 0.126 seconds
[2023-11-27T21:23:22.909-0300] {processor.py:157} INFO - Started process (PID=53585) to work on /home/marcos/anaconda3/envs/XPe-IGTI/lib/python3.8/site-packages/airflow/example_dags/example_branch_python_dop_operator_3.py
[2023-11-27T21:23:22.914-0300] {processor.py:829} INFO - Processing file /home/marcos/anaconda3/envs/XPe-IGTI/lib/python3.8/site-packages/airflow/example_dags/example_branch_python_dop_operator_3.py for tasks to queue
[2023-11-27T21:23:22.916-0300] {logging_mixin.py:154} INFO - [2023-11-27T21:23:22.915-0300] {dagbag.py:536} INFO - Filling up the DagBag from /home/marcos/anaconda3/envs/XPe-IGTI/lib/python3.8/site-packages/airflow/example_dags/example_branch_python_dop_operator_3.py
[2023-11-27T21:23:22.929-0300] {processor.py:839} INFO - DAG(s) dict_keys(['example_branch_dop_operator_v3']) retrieved from /home/marcos/anaconda3/envs/XPe-IGTI/lib/python3.8/site-packages/airflow/example_dags/example_branch_python_dop_operator_3.py
[2023-11-27T21:23:22.958-0300] {logging_mixin.py:154} INFO - [2023-11-27T21:23:22.958-0300] {dag.py:2941} INFO - Sync 1 DAGs
[2023-11-27T21:23:23.000-0300] {logging_mixin.py:154} INFO - [2023-11-27T21:23:22.999-0300] {dag.py:3722} INFO - Setting next_dagrun for example_branch_dop_operator_v3 to 2023-11-28T00:22:00+00:00, run_after=2023-11-28T00:23:00+00:00
[2023-11-27T21:23:23.032-0300] {processor.py:179} INFO - Processing /home/marcos/anaconda3/envs/XPe-IGTI/lib/python3.8/site-packages/airflow/example_dags/example_branch_python_dop_operator_3.py took 0.134 seconds
[2023-11-27T21:24:27.697-0300] {processor.py:157} INFO - Started process (PID=53671) to work on /home/marcos/anaconda3/envs/XPe-IGTI/lib/python3.8/site-packages/airflow/example_dags/example_branch_python_dop_operator_3.py
[2023-11-27T21:24:27.702-0300] {processor.py:829} INFO - Processing file /home/marcos/anaconda3/envs/XPe-IGTI/lib/python3.8/site-packages/airflow/example_dags/example_branch_python_dop_operator_3.py for tasks to queue
[2023-11-27T21:24:27.707-0300] {logging_mixin.py:154} INFO - [2023-11-27T21:24:27.705-0300] {dagbag.py:536} INFO - Filling up the DagBag from /home/marcos/anaconda3/envs/XPe-IGTI/lib/python3.8/site-packages/airflow/example_dags/example_branch_python_dop_operator_3.py
[2023-11-27T21:24:27.746-0300] {processor.py:839} INFO - DAG(s) dict_keys(['example_branch_dop_operator_v3']) retrieved from /home/marcos/anaconda3/envs/XPe-IGTI/lib/python3.8/site-packages/airflow/example_dags/example_branch_python_dop_operator_3.py
[2023-11-27T21:24:27.791-0300] {logging_mixin.py:154} INFO - [2023-11-27T21:24:27.791-0300] {dag.py:2941} INFO - Sync 1 DAGs
[2023-11-27T21:24:27.833-0300] {logging_mixin.py:154} INFO - [2023-11-27T21:24:27.833-0300] {dag.py:3722} INFO - Setting next_dagrun for example_branch_dop_operator_v3 to 2023-11-28T00:23:00+00:00, run_after=2023-11-28T00:24:00+00:00
[2023-11-27T21:24:27.869-0300] {processor.py:179} INFO - Processing /home/marcos/anaconda3/envs/XPe-IGTI/lib/python3.8/site-packages/airflow/example_dags/example_branch_python_dop_operator_3.py took 0.184 seconds
[2023-11-27T21:25:40.696-0300] {processor.py:157} INFO - Started process (PID=53758) to work on /home/marcos/anaconda3/envs/XPe-IGTI/lib/python3.8/site-packages/airflow/example_dags/example_branch_python_dop_operator_3.py
[2023-11-27T21:25:40.701-0300] {processor.py:829} INFO - Processing file /home/marcos/anaconda3/envs/XPe-IGTI/lib/python3.8/site-packages/airflow/example_dags/example_branch_python_dop_operator_3.py for tasks to queue
[2023-11-27T21:25:40.704-0300] {logging_mixin.py:154} INFO - [2023-11-27T21:25:40.703-0300] {dagbag.py:536} INFO - Filling up the DagBag from /home/marcos/anaconda3/envs/XPe-IGTI/lib/python3.8/site-packages/airflow/example_dags/example_branch_python_dop_operator_3.py
[2023-11-27T21:25:40.719-0300] {processor.py:839} INFO - DAG(s) dict_keys(['example_branch_dop_operator_v3']) retrieved from /home/marcos/anaconda3/envs/XPe-IGTI/lib/python3.8/site-packages/airflow/example_dags/example_branch_python_dop_operator_3.py
[2023-11-27T21:25:40.746-0300] {logging_mixin.py:154} INFO - [2023-11-27T21:25:40.746-0300] {dag.py:2941} INFO - Sync 1 DAGs
[2023-11-27T21:25:40.787-0300] {logging_mixin.py:154} INFO - [2023-11-27T21:25:40.787-0300] {dag.py:3722} INFO - Setting next_dagrun for example_branch_dop_operator_v3 to 2023-11-28T00:24:00+00:00, run_after=2023-11-28T00:25:00+00:00
[2023-11-27T21:25:40.821-0300] {processor.py:179} INFO - Processing /home/marcos/anaconda3/envs/XPe-IGTI/lib/python3.8/site-packages/airflow/example_dags/example_branch_python_dop_operator_3.py took 0.133 seconds
[2023-11-27T21:26:53.824-0300] {processor.py:157} INFO - Started process (PID=53871) to work on /home/marcos/anaconda3/envs/XPe-IGTI/lib/python3.8/site-packages/airflow/example_dags/example_branch_python_dop_operator_3.py
[2023-11-27T21:26:53.830-0300] {processor.py:829} INFO - Processing file /home/marcos/anaconda3/envs/XPe-IGTI/lib/python3.8/site-packages/airflow/example_dags/example_branch_python_dop_operator_3.py for tasks to queue
[2023-11-27T21:26:53.834-0300] {logging_mixin.py:154} INFO - [2023-11-27T21:26:53.832-0300] {dagbag.py:536} INFO - Filling up the DagBag from /home/marcos/anaconda3/envs/XPe-IGTI/lib/python3.8/site-packages/airflow/example_dags/example_branch_python_dop_operator_3.py
[2023-11-27T21:26:53.878-0300] {processor.py:839} INFO - DAG(s) dict_keys(['example_branch_dop_operator_v3']) retrieved from /home/marcos/anaconda3/envs/XPe-IGTI/lib/python3.8/site-packages/airflow/example_dags/example_branch_python_dop_operator_3.py
[2023-11-27T21:26:53.919-0300] {logging_mixin.py:154} INFO - [2023-11-27T21:26:53.919-0300] {dag.py:2941} INFO - Sync 1 DAGs
[2023-11-27T21:26:53.962-0300] {logging_mixin.py:154} INFO - [2023-11-27T21:26:53.962-0300] {dag.py:3722} INFO - Setting next_dagrun for example_branch_dop_operator_v3 to 2023-11-28T00:25:00+00:00, run_after=2023-11-28T00:26:00+00:00
[2023-11-27T21:26:54.000-0300] {processor.py:179} INFO - Processing /home/marcos/anaconda3/envs/XPe-IGTI/lib/python3.8/site-packages/airflow/example_dags/example_branch_python_dop_operator_3.py took 0.191 seconds
[2023-11-27T21:28:00.431-0300] {processor.py:157} INFO - Started process (PID=53951) to work on /home/marcos/anaconda3/envs/XPe-IGTI/lib/python3.8/site-packages/airflow/example_dags/example_branch_python_dop_operator_3.py
[2023-11-27T21:28:00.436-0300] {processor.py:829} INFO - Processing file /home/marcos/anaconda3/envs/XPe-IGTI/lib/python3.8/site-packages/airflow/example_dags/example_branch_python_dop_operator_3.py for tasks to queue
[2023-11-27T21:28:00.438-0300] {logging_mixin.py:154} INFO - [2023-11-27T21:28:00.437-0300] {dagbag.py:536} INFO - Filling up the DagBag from /home/marcos/anaconda3/envs/XPe-IGTI/lib/python3.8/site-packages/airflow/example_dags/example_branch_python_dop_operator_3.py
[2023-11-27T21:28:00.455-0300] {processor.py:839} INFO - DAG(s) dict_keys(['example_branch_dop_operator_v3']) retrieved from /home/marcos/anaconda3/envs/XPe-IGTI/lib/python3.8/site-packages/airflow/example_dags/example_branch_python_dop_operator_3.py
[2023-11-27T21:28:00.487-0300] {logging_mixin.py:154} INFO - [2023-11-27T21:28:00.487-0300] {dag.py:2941} INFO - Sync 1 DAGs
[2023-11-27T21:28:00.544-0300] {logging_mixin.py:154} INFO - [2023-11-27T21:28:00.544-0300] {dag.py:3722} INFO - Setting next_dagrun for example_branch_dop_operator_v3 to 2023-11-28T00:27:00+00:00, run_after=2023-11-28T00:28:00+00:00
[2023-11-27T21:28:00.583-0300] {processor.py:179} INFO - Processing /home/marcos/anaconda3/envs/XPe-IGTI/lib/python3.8/site-packages/airflow/example_dags/example_branch_python_dop_operator_3.py took 0.157 seconds
[2023-11-27T21:29:03.249-0300] {processor.py:157} INFO - Started process (PID=54050) to work on /home/marcos/anaconda3/envs/XPe-IGTI/lib/python3.8/site-packages/airflow/example_dags/example_branch_python_dop_operator_3.py
[2023-11-27T21:29:03.254-0300] {processor.py:829} INFO - Processing file /home/marcos/anaconda3/envs/XPe-IGTI/lib/python3.8/site-packages/airflow/example_dags/example_branch_python_dop_operator_3.py for tasks to queue
[2023-11-27T21:29:03.255-0300] {logging_mixin.py:154} INFO - [2023-11-27T21:29:03.255-0300] {dagbag.py:536} INFO - Filling up the DagBag from /home/marcos/anaconda3/envs/XPe-IGTI/lib/python3.8/site-packages/airflow/example_dags/example_branch_python_dop_operator_3.py
[2023-11-27T21:29:03.268-0300] {processor.py:839} INFO - DAG(s) dict_keys(['example_branch_dop_operator_v3']) retrieved from /home/marcos/anaconda3/envs/XPe-IGTI/lib/python3.8/site-packages/airflow/example_dags/example_branch_python_dop_operator_3.py
[2023-11-27T21:29:03.292-0300] {logging_mixin.py:154} INFO - [2023-11-27T21:29:03.292-0300] {dag.py:2941} INFO - Sync 1 DAGs
[2023-11-27T21:29:03.331-0300] {logging_mixin.py:154} INFO - [2023-11-27T21:29:03.330-0300] {dag.py:3722} INFO - Setting next_dagrun for example_branch_dop_operator_v3 to 2023-11-28T00:28:00+00:00, run_after=2023-11-28T00:29:00+00:00
[2023-11-27T21:29:03.361-0300] {processor.py:179} INFO - Processing /home/marcos/anaconda3/envs/XPe-IGTI/lib/python3.8/site-packages/airflow/example_dags/example_branch_python_dop_operator_3.py took 0.116 seconds
[2023-11-28T18:52:54.203-0300] {processor.py:157} INFO - Started process (PID=144659) to work on /home/marcos/anaconda3/envs/XPe-IGTI/lib/python3.8/site-packages/airflow/example_dags/example_branch_python_dop_operator_3.py
[2023-11-28T18:52:54.206-0300] {processor.py:829} INFO - Processing file /home/marcos/anaconda3/envs/XPe-IGTI/lib/python3.8/site-packages/airflow/example_dags/example_branch_python_dop_operator_3.py for tasks to queue
[2023-11-28T18:52:54.209-0300] {logging_mixin.py:154} INFO - [2023-11-28T18:52:54.208-0300] {dagbag.py:536} INFO - Filling up the DagBag from /home/marcos/anaconda3/envs/XPe-IGTI/lib/python3.8/site-packages/airflow/example_dags/example_branch_python_dop_operator_3.py
[2023-11-28T18:52:54.242-0300] {processor.py:839} INFO - DAG(s) dict_keys(['example_branch_dop_operator_v3']) retrieved from /home/marcos/anaconda3/envs/XPe-IGTI/lib/python3.8/site-packages/airflow/example_dags/example_branch_python_dop_operator_3.py
[2023-11-28T18:52:54.293-0300] {logging_mixin.py:154} INFO - [2023-11-28T18:52:54.293-0300] {dag.py:2941} INFO - Sync 1 DAGs
[2023-11-28T18:52:54.323-0300] {logging_mixin.py:154} INFO - [2023-11-28T18:52:54.323-0300] {dag.py:3722} INFO - Setting next_dagrun for example_branch_dop_operator_v3 to 2023-11-28T21:51:00+00:00, run_after=2023-11-28T21:52:00+00:00
[2023-11-28T18:52:54.341-0300] {processor.py:179} INFO - Processing /home/marcos/anaconda3/envs/XPe-IGTI/lib/python3.8/site-packages/airflow/example_dags/example_branch_python_dop_operator_3.py took 0.150 seconds
[2023-11-28T18:53:48.752-0300] {processor.py:157} INFO - Started process (PID=144760) to work on /home/marcos/anaconda3/envs/XPe-IGTI/lib/python3.8/site-packages/airflow/example_dags/example_branch_python_dop_operator_3.py
[2023-11-28T18:53:48.754-0300] {processor.py:829} INFO - Processing file /home/marcos/anaconda3/envs/XPe-IGTI/lib/python3.8/site-packages/airflow/example_dags/example_branch_python_dop_operator_3.py for tasks to queue
[2023-11-28T18:53:48.755-0300] {logging_mixin.py:154} INFO - [2023-11-28T18:53:48.754-0300] {dagbag.py:536} INFO - Filling up the DagBag from /home/marcos/anaconda3/envs/XPe-IGTI/lib/python3.8/site-packages/airflow/example_dags/example_branch_python_dop_operator_3.py
[2023-11-28T18:53:48.763-0300] {processor.py:839} INFO - DAG(s) dict_keys(['example_branch_dop_operator_v3']) retrieved from /home/marcos/anaconda3/envs/XPe-IGTI/lib/python3.8/site-packages/airflow/example_dags/example_branch_python_dop_operator_3.py
[2023-11-28T18:53:48.777-0300] {logging_mixin.py:154} INFO - [2023-11-28T18:53:48.777-0300] {dag.py:2941} INFO - Sync 1 DAGs
[2023-11-28T18:53:48.799-0300] {logging_mixin.py:154} INFO - [2023-11-28T18:53:48.799-0300] {dag.py:3722} INFO - Setting next_dagrun for example_branch_dop_operator_v3 to 2023-11-28T21:52:00+00:00, run_after=2023-11-28T21:53:00+00:00
[2023-11-28T18:53:48.816-0300] {processor.py:179} INFO - Processing /home/marcos/anaconda3/envs/XPe-IGTI/lib/python3.8/site-packages/airflow/example_dags/example_branch_python_dop_operator_3.py took 0.068 seconds
[2023-11-28T18:54:48.748-0300] {processor.py:157} INFO - Started process (PID=145301) to work on /home/marcos/anaconda3/envs/XPe-IGTI/lib/python3.8/site-packages/airflow/example_dags/example_branch_python_dop_operator_3.py
[2023-11-28T18:54:48.750-0300] {processor.py:829} INFO - Processing file /home/marcos/anaconda3/envs/XPe-IGTI/lib/python3.8/site-packages/airflow/example_dags/example_branch_python_dop_operator_3.py for tasks to queue
[2023-11-28T18:54:48.751-0300] {logging_mixin.py:154} INFO - [2023-11-28T18:54:48.750-0300] {dagbag.py:536} INFO - Filling up the DagBag from /home/marcos/anaconda3/envs/XPe-IGTI/lib/python3.8/site-packages/airflow/example_dags/example_branch_python_dop_operator_3.py
[2023-11-28T18:54:48.763-0300] {processor.py:839} INFO - DAG(s) dict_keys(['example_branch_dop_operator_v3']) retrieved from /home/marcos/anaconda3/envs/XPe-IGTI/lib/python3.8/site-packages/airflow/example_dags/example_branch_python_dop_operator_3.py
[2023-11-28T18:54:48.787-0300] {logging_mixin.py:154} INFO - [2023-11-28T18:54:48.787-0300] {dag.py:2941} INFO - Sync 1 DAGs
[2023-11-28T18:54:48.822-0300] {logging_mixin.py:154} INFO - [2023-11-28T18:54:48.822-0300] {dag.py:3722} INFO - Setting next_dagrun for example_branch_dop_operator_v3 to 2023-11-28T21:53:00+00:00, run_after=2023-11-28T21:54:00+00:00
[2023-11-28T18:54:48.855-0300] {processor.py:179} INFO - Processing /home/marcos/anaconda3/envs/XPe-IGTI/lib/python3.8/site-packages/airflow/example_dags/example_branch_python_dop_operator_3.py took 0.111 seconds
[2023-11-28T18:55:52.373-0300] {processor.py:157} INFO - Started process (PID=145406) to work on /home/marcos/anaconda3/envs/XPe-IGTI/lib/python3.8/site-packages/airflow/example_dags/example_branch_python_dop_operator_3.py
[2023-11-28T18:55:52.377-0300] {processor.py:829} INFO - Processing file /home/marcos/anaconda3/envs/XPe-IGTI/lib/python3.8/site-packages/airflow/example_dags/example_branch_python_dop_operator_3.py for tasks to queue
[2023-11-28T18:55:52.378-0300] {logging_mixin.py:154} INFO - [2023-11-28T18:55:52.377-0300] {dagbag.py:536} INFO - Filling up the DagBag from /home/marcos/anaconda3/envs/XPe-IGTI/lib/python3.8/site-packages/airflow/example_dags/example_branch_python_dop_operator_3.py
[2023-11-28T18:55:52.387-0300] {processor.py:839} INFO - DAG(s) dict_keys(['example_branch_dop_operator_v3']) retrieved from /home/marcos/anaconda3/envs/XPe-IGTI/lib/python3.8/site-packages/airflow/example_dags/example_branch_python_dop_operator_3.py
[2023-11-28T18:55:52.404-0300] {logging_mixin.py:154} INFO - [2023-11-28T18:55:52.404-0300] {dag.py:2941} INFO - Sync 1 DAGs
[2023-11-28T18:55:52.425-0300] {logging_mixin.py:154} INFO - [2023-11-28T18:55:52.425-0300] {dag.py:3722} INFO - Setting next_dagrun for example_branch_dop_operator_v3 to 2023-11-28T21:54:00+00:00, run_after=2023-11-28T21:55:00+00:00
[2023-11-28T18:55:52.442-0300] {processor.py:179} INFO - Processing /home/marcos/anaconda3/envs/XPe-IGTI/lib/python3.8/site-packages/airflow/example_dags/example_branch_python_dop_operator_3.py took 0.073 seconds
[2023-11-28T18:56:48.364-0300] {processor.py:157} INFO - Started process (PID=145520) to work on /home/marcos/anaconda3/envs/XPe-IGTI/lib/python3.8/site-packages/airflow/example_dags/example_branch_python_dop_operator_3.py
[2023-11-28T18:56:48.369-0300] {processor.py:829} INFO - Processing file /home/marcos/anaconda3/envs/XPe-IGTI/lib/python3.8/site-packages/airflow/example_dags/example_branch_python_dop_operator_3.py for tasks to queue
[2023-11-28T18:56:48.371-0300] {logging_mixin.py:154} INFO - [2023-11-28T18:56:48.370-0300] {dagbag.py:536} INFO - Filling up the DagBag from /home/marcos/anaconda3/envs/XPe-IGTI/lib/python3.8/site-packages/airflow/example_dags/example_branch_python_dop_operator_3.py
[2023-11-28T18:56:48.390-0300] {processor.py:839} INFO - DAG(s) dict_keys(['example_branch_dop_operator_v3']) retrieved from /home/marcos/anaconda3/envs/XPe-IGTI/lib/python3.8/site-packages/airflow/example_dags/example_branch_python_dop_operator_3.py
[2023-11-28T18:56:48.409-0300] {logging_mixin.py:154} INFO - [2023-11-28T18:56:48.408-0300] {dag.py:2941} INFO - Sync 1 DAGs
[2023-11-28T18:56:48.431-0300] {logging_mixin.py:154} INFO - [2023-11-28T18:56:48.431-0300] {dag.py:3722} INFO - Setting next_dagrun for example_branch_dop_operator_v3 to 2023-11-28T21:55:00+00:00, run_after=2023-11-28T21:56:00+00:00
[2023-11-28T18:56:48.451-0300] {processor.py:179} INFO - Processing /home/marcos/anaconda3/envs/XPe-IGTI/lib/python3.8/site-packages/airflow/example_dags/example_branch_python_dop_operator_3.py took 0.094 seconds
[2023-11-28T18:57:41.863-0300] {processor.py:157} INFO - Started process (PID=145634) to work on /home/marcos/anaconda3/envs/XPe-IGTI/lib/python3.8/site-packages/airflow/example_dags/example_branch_python_dop_operator_3.py
[2023-11-28T18:57:41.864-0300] {processor.py:829} INFO - Processing file /home/marcos/anaconda3/envs/XPe-IGTI/lib/python3.8/site-packages/airflow/example_dags/example_branch_python_dop_operator_3.py for tasks to queue
[2023-11-28T18:57:41.865-0300] {logging_mixin.py:154} INFO - [2023-11-28T18:57:41.865-0300] {dagbag.py:536} INFO - Filling up the DagBag from /home/marcos/anaconda3/envs/XPe-IGTI/lib/python3.8/site-packages/airflow/example_dags/example_branch_python_dop_operator_3.py
[2023-11-28T18:57:41.873-0300] {processor.py:839} INFO - DAG(s) dict_keys(['example_branch_dop_operator_v3']) retrieved from /home/marcos/anaconda3/envs/XPe-IGTI/lib/python3.8/site-packages/airflow/example_dags/example_branch_python_dop_operator_3.py
[2023-11-28T18:57:41.890-0300] {logging_mixin.py:154} INFO - [2023-11-28T18:57:41.889-0300] {dag.py:2941} INFO - Sync 1 DAGs
[2023-11-28T18:57:41.910-0300] {logging_mixin.py:154} INFO - [2023-11-28T18:57:41.909-0300] {dag.py:3722} INFO - Setting next_dagrun for example_branch_dop_operator_v3 to 2023-11-28T21:56:00+00:00, run_after=2023-11-28T21:57:00+00:00
[2023-11-28T18:57:41.928-0300] {processor.py:179} INFO - Processing /home/marcos/anaconda3/envs/XPe-IGTI/lib/python3.8/site-packages/airflow/example_dags/example_branch_python_dop_operator_3.py took 0.068 seconds
[2023-11-28T18:58:37.110-0300] {processor.py:157} INFO - Started process (PID=145712) to work on /home/marcos/anaconda3/envs/XPe-IGTI/lib/python3.8/site-packages/airflow/example_dags/example_branch_python_dop_operator_3.py
[2023-11-28T18:58:37.116-0300] {processor.py:829} INFO - Processing file /home/marcos/anaconda3/envs/XPe-IGTI/lib/python3.8/site-packages/airflow/example_dags/example_branch_python_dop_operator_3.py for tasks to queue
[2023-11-28T18:58:37.117-0300] {logging_mixin.py:154} INFO - [2023-11-28T18:58:37.117-0300] {dagbag.py:536} INFO - Filling up the DagBag from /home/marcos/anaconda3/envs/XPe-IGTI/lib/python3.8/site-packages/airflow/example_dags/example_branch_python_dop_operator_3.py
[2023-11-28T18:58:37.127-0300] {processor.py:839} INFO - DAG(s) dict_keys(['example_branch_dop_operator_v3']) retrieved from /home/marcos/anaconda3/envs/XPe-IGTI/lib/python3.8/site-packages/airflow/example_dags/example_branch_python_dop_operator_3.py
[2023-11-28T18:58:37.147-0300] {logging_mixin.py:154} INFO - [2023-11-28T18:58:37.147-0300] {dag.py:2941} INFO - Sync 1 DAGs
[2023-11-28T18:58:37.168-0300] {logging_mixin.py:154} INFO - [2023-11-28T18:58:37.168-0300] {dag.py:3722} INFO - Setting next_dagrun for example_branch_dop_operator_v3 to 2023-11-28T21:57:00+00:00, run_after=2023-11-28T21:58:00+00:00
[2023-11-28T18:58:37.186-0300] {processor.py:179} INFO - Processing /home/marcos/anaconda3/envs/XPe-IGTI/lib/python3.8/site-packages/airflow/example_dags/example_branch_python_dop_operator_3.py took 0.079 seconds
[2023-11-28T18:59:37.721-0300] {processor.py:157} INFO - Started process (PID=145814) to work on /home/marcos/anaconda3/envs/XPe-IGTI/lib/python3.8/site-packages/airflow/example_dags/example_branch_python_dop_operator_3.py
[2023-11-28T18:59:37.726-0300] {processor.py:829} INFO - Processing file /home/marcos/anaconda3/envs/XPe-IGTI/lib/python3.8/site-packages/airflow/example_dags/example_branch_python_dop_operator_3.py for tasks to queue
[2023-11-28T18:59:37.727-0300] {logging_mixin.py:154} INFO - [2023-11-28T18:59:37.727-0300] {dagbag.py:536} INFO - Filling up the DagBag from /home/marcos/anaconda3/envs/XPe-IGTI/lib/python3.8/site-packages/airflow/example_dags/example_branch_python_dop_operator_3.py
[2023-11-28T18:59:37.742-0300] {processor.py:839} INFO - DAG(s) dict_keys(['example_branch_dop_operator_v3']) retrieved from /home/marcos/anaconda3/envs/XPe-IGTI/lib/python3.8/site-packages/airflow/example_dags/example_branch_python_dop_operator_3.py
[2023-11-28T18:59:37.760-0300] {logging_mixin.py:154} INFO - [2023-11-28T18:59:37.760-0300] {dag.py:2941} INFO - Sync 1 DAGs
[2023-11-28T18:59:37.781-0300] {logging_mixin.py:154} INFO - [2023-11-28T18:59:37.781-0300] {dag.py:3722} INFO - Setting next_dagrun for example_branch_dop_operator_v3 to 2023-11-28T21:58:00+00:00, run_after=2023-11-28T21:59:00+00:00
[2023-11-28T18:59:37.809-0300] {processor.py:179} INFO - Processing /home/marcos/anaconda3/envs/XPe-IGTI/lib/python3.8/site-packages/airflow/example_dags/example_branch_python_dop_operator_3.py took 0.093 seconds
[2023-11-28T19:00:31.996-0300] {processor.py:157} INFO - Started process (PID=145899) to work on /home/marcos/anaconda3/envs/XPe-IGTI/lib/python3.8/site-packages/airflow/example_dags/example_branch_python_dop_operator_3.py
[2023-11-28T19:00:31.997-0300] {processor.py:829} INFO - Processing file /home/marcos/anaconda3/envs/XPe-IGTI/lib/python3.8/site-packages/airflow/example_dags/example_branch_python_dop_operator_3.py for tasks to queue
[2023-11-28T19:00:31.998-0300] {logging_mixin.py:154} INFO - [2023-11-28T19:00:31.997-0300] {dagbag.py:536} INFO - Filling up the DagBag from /home/marcos/anaconda3/envs/XPe-IGTI/lib/python3.8/site-packages/airflow/example_dags/example_branch_python_dop_operator_3.py
[2023-11-28T19:00:32.006-0300] {processor.py:839} INFO - DAG(s) dict_keys(['example_branch_dop_operator_v3']) retrieved from /home/marcos/anaconda3/envs/XPe-IGTI/lib/python3.8/site-packages/airflow/example_dags/example_branch_python_dop_operator_3.py
[2023-11-28T19:00:32.021-0300] {logging_mixin.py:154} INFO - [2023-11-28T19:00:32.021-0300] {dag.py:2941} INFO - Sync 1 DAGs
[2023-11-28T19:00:32.043-0300] {logging_mixin.py:154} INFO - [2023-11-28T19:00:32.043-0300] {dag.py:3722} INFO - Setting next_dagrun for example_branch_dop_operator_v3 to 2023-11-28T21:59:00+00:00, run_after=2023-11-28T22:00:00+00:00
[2023-11-28T19:00:32.065-0300] {processor.py:179} INFO - Processing /home/marcos/anaconda3/envs/XPe-IGTI/lib/python3.8/site-packages/airflow/example_dags/example_branch_python_dop_operator_3.py took 0.072 seconds
[2023-11-28T19:01:25.061-0300] {processor.py:157} INFO - Started process (PID=145975) to work on /home/marcos/anaconda3/envs/XPe-IGTI/lib/python3.8/site-packages/airflow/example_dags/example_branch_python_dop_operator_3.py
[2023-11-28T19:01:25.065-0300] {processor.py:829} INFO - Processing file /home/marcos/anaconda3/envs/XPe-IGTI/lib/python3.8/site-packages/airflow/example_dags/example_branch_python_dop_operator_3.py for tasks to queue
[2023-11-28T19:01:25.066-0300] {logging_mixin.py:154} INFO - [2023-11-28T19:01:25.066-0300] {dagbag.py:536} INFO - Filling up the DagBag from /home/marcos/anaconda3/envs/XPe-IGTI/lib/python3.8/site-packages/airflow/example_dags/example_branch_python_dop_operator_3.py
[2023-11-28T19:01:25.078-0300] {processor.py:839} INFO - DAG(s) dict_keys(['example_branch_dop_operator_v3']) retrieved from /home/marcos/anaconda3/envs/XPe-IGTI/lib/python3.8/site-packages/airflow/example_dags/example_branch_python_dop_operator_3.py
[2023-11-28T19:01:25.096-0300] {logging_mixin.py:154} INFO - [2023-11-28T19:01:25.095-0300] {dag.py:2941} INFO - Sync 1 DAGs
[2023-11-28T19:01:25.120-0300] {logging_mixin.py:154} INFO - [2023-11-28T19:01:25.120-0300] {dag.py:3722} INFO - Setting next_dagrun for example_branch_dop_operator_v3 to 2023-11-28T22:00:00+00:00, run_after=2023-11-28T22:01:00+00:00
[2023-11-28T19:01:25.139-0300] {processor.py:179} INFO - Processing /home/marcos/anaconda3/envs/XPe-IGTI/lib/python3.8/site-packages/airflow/example_dags/example_branch_python_dop_operator_3.py took 0.082 seconds
[2023-11-28T19:02:26.980-0300] {processor.py:157} INFO - Started process (PID=146132) to work on /home/marcos/anaconda3/envs/XPe-IGTI/lib/python3.8/site-packages/airflow/example_dags/example_branch_python_dop_operator_3.py
[2023-11-28T19:02:26.985-0300] {processor.py:829} INFO - Processing file /home/marcos/anaconda3/envs/XPe-IGTI/lib/python3.8/site-packages/airflow/example_dags/example_branch_python_dop_operator_3.py for tasks to queue
[2023-11-28T19:02:26.986-0300] {logging_mixin.py:154} INFO - [2023-11-28T19:02:26.985-0300] {dagbag.py:536} INFO - Filling up the DagBag from /home/marcos/anaconda3/envs/XPe-IGTI/lib/python3.8/site-packages/airflow/example_dags/example_branch_python_dop_operator_3.py
[2023-11-28T19:02:26.998-0300] {processor.py:839} INFO - DAG(s) dict_keys(['example_branch_dop_operator_v3']) retrieved from /home/marcos/anaconda3/envs/XPe-IGTI/lib/python3.8/site-packages/airflow/example_dags/example_branch_python_dop_operator_3.py
[2023-11-28T19:02:27.018-0300] {logging_mixin.py:154} INFO - [2023-11-28T19:02:27.018-0300] {dag.py:2941} INFO - Sync 1 DAGs
[2023-11-28T19:02:27.048-0300] {logging_mixin.py:154} INFO - [2023-11-28T19:02:27.048-0300] {dag.py:3722} INFO - Setting next_dagrun for example_branch_dop_operator_v3 to 2023-11-28T22:01:00+00:00, run_after=2023-11-28T22:02:00+00:00
[2023-11-28T19:02:27.075-0300] {processor.py:179} INFO - Processing /home/marcos/anaconda3/envs/XPe-IGTI/lib/python3.8/site-packages/airflow/example_dags/example_branch_python_dop_operator_3.py took 0.098 seconds
[2023-11-28T19:03:21.536-0300] {processor.py:157} INFO - Started process (PID=146230) to work on /home/marcos/anaconda3/envs/XPe-IGTI/lib/python3.8/site-packages/airflow/example_dags/example_branch_python_dop_operator_3.py
[2023-11-28T19:03:21.540-0300] {processor.py:829} INFO - Processing file /home/marcos/anaconda3/envs/XPe-IGTI/lib/python3.8/site-packages/airflow/example_dags/example_branch_python_dop_operator_3.py for tasks to queue
[2023-11-28T19:03:21.541-0300] {logging_mixin.py:154} INFO - [2023-11-28T19:03:21.541-0300] {dagbag.py:536} INFO - Filling up the DagBag from /home/marcos/anaconda3/envs/XPe-IGTI/lib/python3.8/site-packages/airflow/example_dags/example_branch_python_dop_operator_3.py
[2023-11-28T19:03:21.555-0300] {processor.py:839} INFO - DAG(s) dict_keys(['example_branch_dop_operator_v3']) retrieved from /home/marcos/anaconda3/envs/XPe-IGTI/lib/python3.8/site-packages/airflow/example_dags/example_branch_python_dop_operator_3.py
[2023-11-28T19:03:21.584-0300] {logging_mixin.py:154} INFO - [2023-11-28T19:03:21.584-0300] {dag.py:2941} INFO - Sync 1 DAGs
[2023-11-28T19:03:21.631-0300] {logging_mixin.py:154} INFO - [2023-11-28T19:03:21.631-0300] {dag.py:3722} INFO - Setting next_dagrun for example_branch_dop_operator_v3 to 2023-11-28T22:02:00+00:00, run_after=2023-11-28T22:03:00+00:00
[2023-11-28T19:03:21.667-0300] {processor.py:179} INFO - Processing /home/marcos/anaconda3/envs/XPe-IGTI/lib/python3.8/site-packages/airflow/example_dags/example_branch_python_dop_operator_3.py took 0.136 seconds
[2023-11-28T19:04:31.222-0300] {processor.py:157} INFO - Started process (PID=146367) to work on /home/marcos/anaconda3/envs/XPe-IGTI/lib/python3.8/site-packages/airflow/example_dags/example_branch_python_dop_operator_3.py
[2023-11-28T19:04:31.227-0300] {processor.py:829} INFO - Processing file /home/marcos/anaconda3/envs/XPe-IGTI/lib/python3.8/site-packages/airflow/example_dags/example_branch_python_dop_operator_3.py for tasks to queue
[2023-11-28T19:04:31.228-0300] {logging_mixin.py:154} INFO - [2023-11-28T19:04:31.227-0300] {dagbag.py:536} INFO - Filling up the DagBag from /home/marcos/anaconda3/envs/XPe-IGTI/lib/python3.8/site-packages/airflow/example_dags/example_branch_python_dop_operator_3.py
[2023-11-28T19:04:31.242-0300] {processor.py:839} INFO - DAG(s) dict_keys(['example_branch_dop_operator_v3']) retrieved from /home/marcos/anaconda3/envs/XPe-IGTI/lib/python3.8/site-packages/airflow/example_dags/example_branch_python_dop_operator_3.py
[2023-11-28T19:04:31.265-0300] {logging_mixin.py:154} INFO - [2023-11-28T19:04:31.264-0300] {dag.py:2941} INFO - Sync 1 DAGs
[2023-11-28T19:04:31.300-0300] {logging_mixin.py:154} INFO - [2023-11-28T19:04:31.300-0300] {dag.py:3722} INFO - Setting next_dagrun for example_branch_dop_operator_v3 to 2023-11-28T22:03:00+00:00, run_after=2023-11-28T22:04:00+00:00
[2023-11-28T19:04:31.327-0300] {processor.py:179} INFO - Processing /home/marcos/anaconda3/envs/XPe-IGTI/lib/python3.8/site-packages/airflow/example_dags/example_branch_python_dop_operator_3.py took 0.110 seconds
[2023-11-28T19:05:47.524-0300] {processor.py:157} INFO - Started process (PID=146490) to work on /home/marcos/anaconda3/envs/XPe-IGTI/lib/python3.8/site-packages/airflow/example_dags/example_branch_python_dop_operator_3.py
[2023-11-28T19:05:47.526-0300] {processor.py:829} INFO - Processing file /home/marcos/anaconda3/envs/XPe-IGTI/lib/python3.8/site-packages/airflow/example_dags/example_branch_python_dop_operator_3.py for tasks to queue
[2023-11-28T19:05:47.527-0300] {logging_mixin.py:154} INFO - [2023-11-28T19:05:47.526-0300] {dagbag.py:536} INFO - Filling up the DagBag from /home/marcos/anaconda3/envs/XPe-IGTI/lib/python3.8/site-packages/airflow/example_dags/example_branch_python_dop_operator_3.py
[2023-11-28T19:05:47.541-0300] {processor.py:839} INFO - DAG(s) dict_keys(['example_branch_dop_operator_v3']) retrieved from /home/marcos/anaconda3/envs/XPe-IGTI/lib/python3.8/site-packages/airflow/example_dags/example_branch_python_dop_operator_3.py
[2023-11-28T19:05:47.566-0300] {logging_mixin.py:154} INFO - [2023-11-28T19:05:47.565-0300] {dag.py:2941} INFO - Sync 1 DAGs
[2023-11-28T19:05:47.608-0300] {logging_mixin.py:154} INFO - [2023-11-28T19:05:47.608-0300] {dag.py:3722} INFO - Setting next_dagrun for example_branch_dop_operator_v3 to 2023-11-28T22:04:00+00:00, run_after=2023-11-28T22:05:00+00:00
[2023-11-28T19:05:47.640-0300] {processor.py:179} INFO - Processing /home/marcos/anaconda3/envs/XPe-IGTI/lib/python3.8/site-packages/airflow/example_dags/example_branch_python_dop_operator_3.py took 0.122 seconds
[2023-11-28T19:07:00.351-0300] {processor.py:157} INFO - Started process (PID=146621) to work on /home/marcos/anaconda3/envs/XPe-IGTI/lib/python3.8/site-packages/airflow/example_dags/example_branch_python_dop_operator_3.py
[2023-11-28T19:07:00.356-0300] {processor.py:829} INFO - Processing file /home/marcos/anaconda3/envs/XPe-IGTI/lib/python3.8/site-packages/airflow/example_dags/example_branch_python_dop_operator_3.py for tasks to queue
[2023-11-28T19:07:00.364-0300] {logging_mixin.py:154} INFO - [2023-11-28T19:07:00.363-0300] {dagbag.py:536} INFO - Filling up the DagBag from /home/marcos/anaconda3/envs/XPe-IGTI/lib/python3.8/site-packages/airflow/example_dags/example_branch_python_dop_operator_3.py
[2023-11-28T19:07:00.385-0300] {processor.py:839} INFO - DAG(s) dict_keys(['example_branch_dop_operator_v3']) retrieved from /home/marcos/anaconda3/envs/XPe-IGTI/lib/python3.8/site-packages/airflow/example_dags/example_branch_python_dop_operator_3.py
[2023-11-28T19:07:00.401-0300] {logging_mixin.py:154} INFO - [2023-11-28T19:07:00.400-0300] {dag.py:2941} INFO - Sync 1 DAGs
[2023-11-28T19:07:00.423-0300] {logging_mixin.py:154} INFO - [2023-11-28T19:07:00.423-0300] {dag.py:3722} INFO - Setting next_dagrun for example_branch_dop_operator_v3 to 2023-11-28T22:06:00+00:00, run_after=2023-11-28T22:07:00+00:00
[2023-11-28T19:07:00.449-0300] {processor.py:179} INFO - Processing /home/marcos/anaconda3/envs/XPe-IGTI/lib/python3.8/site-packages/airflow/example_dags/example_branch_python_dop_operator_3.py took 0.102 seconds
[2023-11-28T19:08:02.982-0300] {processor.py:157} INFO - Started process (PID=146708) to work on /home/marcos/anaconda3/envs/XPe-IGTI/lib/python3.8/site-packages/airflow/example_dags/example_branch_python_dop_operator_3.py
[2023-11-28T19:08:02.988-0300] {processor.py:829} INFO - Processing file /home/marcos/anaconda3/envs/XPe-IGTI/lib/python3.8/site-packages/airflow/example_dags/example_branch_python_dop_operator_3.py for tasks to queue
[2023-11-28T19:08:02.996-0300] {logging_mixin.py:154} INFO - [2023-11-28T19:08:02.995-0300] {dagbag.py:536} INFO - Filling up the DagBag from /home/marcos/anaconda3/envs/XPe-IGTI/lib/python3.8/site-packages/airflow/example_dags/example_branch_python_dop_operator_3.py
[2023-11-28T19:08:03.010-0300] {processor.py:839} INFO - DAG(s) dict_keys(['example_branch_dop_operator_v3']) retrieved from /home/marcos/anaconda3/envs/XPe-IGTI/lib/python3.8/site-packages/airflow/example_dags/example_branch_python_dop_operator_3.py
[2023-11-28T19:08:03.026-0300] {logging_mixin.py:154} INFO - [2023-11-28T19:08:03.026-0300] {dag.py:2941} INFO - Sync 1 DAGs
[2023-11-28T19:08:03.047-0300] {logging_mixin.py:154} INFO - [2023-11-28T19:08:03.047-0300] {dag.py:3722} INFO - Setting next_dagrun for example_branch_dop_operator_v3 to 2023-11-28T22:07:00+00:00, run_after=2023-11-28T22:08:00+00:00
[2023-11-28T19:08:03.072-0300] {processor.py:179} INFO - Processing /home/marcos/anaconda3/envs/XPe-IGTI/lib/python3.8/site-packages/airflow/example_dags/example_branch_python_dop_operator_3.py took 0.094 seconds
[2023-11-28T19:09:58.519-0300] {processor.py:157} INFO - Started process (PID=146956) to work on /home/marcos/anaconda3/envs/XPe-IGTI/lib/python3.8/site-packages/airflow/example_dags/example_branch_python_dop_operator_3.py
[2023-11-28T19:09:58.524-0300] {processor.py:829} INFO - Processing file /home/marcos/anaconda3/envs/XPe-IGTI/lib/python3.8/site-packages/airflow/example_dags/example_branch_python_dop_operator_3.py for tasks to queue
[2023-11-28T19:09:58.527-0300] {logging_mixin.py:154} INFO - [2023-11-28T19:09:58.526-0300] {dagbag.py:536} INFO - Filling up the DagBag from /home/marcos/anaconda3/envs/XPe-IGTI/lib/python3.8/site-packages/airflow/example_dags/example_branch_python_dop_operator_3.py
[2023-11-28T19:09:58.541-0300] {processor.py:839} INFO - DAG(s) dict_keys(['example_branch_dop_operator_v3']) retrieved from /home/marcos/anaconda3/envs/XPe-IGTI/lib/python3.8/site-packages/airflow/example_dags/example_branch_python_dop_operator_3.py
[2023-11-28T19:09:58.566-0300] {logging_mixin.py:154} INFO - [2023-11-28T19:09:58.565-0300] {dag.py:2941} INFO - Sync 1 DAGs
[2023-11-28T19:09:58.605-0300] {logging_mixin.py:154} INFO - [2023-11-28T19:09:58.604-0300] {dag.py:3722} INFO - Setting next_dagrun for example_branch_dop_operator_v3 to 2023-11-28T22:08:00+00:00, run_after=2023-11-28T22:09:00+00:00
[2023-11-28T19:09:58.636-0300] {processor.py:179} INFO - Processing /home/marcos/anaconda3/envs/XPe-IGTI/lib/python3.8/site-packages/airflow/example_dags/example_branch_python_dop_operator_3.py took 0.123 seconds
[2023-11-28T19:10:59.152-0300] {processor.py:157} INFO - Started process (PID=147104) to work on /home/marcos/anaconda3/envs/XPe-IGTI/lib/python3.8/site-packages/airflow/example_dags/example_branch_python_dop_operator_3.py
[2023-11-28T19:10:59.153-0300] {processor.py:829} INFO - Processing file /home/marcos/anaconda3/envs/XPe-IGTI/lib/python3.8/site-packages/airflow/example_dags/example_branch_python_dop_operator_3.py for tasks to queue
[2023-11-28T19:10:59.156-0300] {logging_mixin.py:154} INFO - [2023-11-28T19:10:59.156-0300] {dagbag.py:536} INFO - Filling up the DagBag from /home/marcos/anaconda3/envs/XPe-IGTI/lib/python3.8/site-packages/airflow/example_dags/example_branch_python_dop_operator_3.py
[2023-11-28T19:10:59.166-0300] {processor.py:839} INFO - DAG(s) dict_keys(['example_branch_dop_operator_v3']) retrieved from /home/marcos/anaconda3/envs/XPe-IGTI/lib/python3.8/site-packages/airflow/example_dags/example_branch_python_dop_operator_3.py
[2023-11-28T19:10:59.181-0300] {logging_mixin.py:154} INFO - [2023-11-28T19:10:59.180-0300] {dag.py:2941} INFO - Sync 1 DAGs
[2023-11-28T19:10:59.203-0300] {logging_mixin.py:154} INFO - [2023-11-28T19:10:59.203-0300] {dag.py:3722} INFO - Setting next_dagrun for example_branch_dop_operator_v3 to 2023-11-28T22:09:00+00:00, run_after=2023-11-28T22:10:00+00:00
[2023-11-28T19:10:59.222-0300] {processor.py:179} INFO - Processing /home/marcos/anaconda3/envs/XPe-IGTI/lib/python3.8/site-packages/airflow/example_dags/example_branch_python_dop_operator_3.py took 0.073 seconds
[2023-11-28T19:12:08.167-0300] {processor.py:157} INFO - Started process (PID=147326) to work on /home/marcos/anaconda3/envs/XPe-IGTI/lib/python3.8/site-packages/airflow/example_dags/example_branch_python_dop_operator_3.py
[2023-11-28T19:12:08.172-0300] {processor.py:829} INFO - Processing file /home/marcos/anaconda3/envs/XPe-IGTI/lib/python3.8/site-packages/airflow/example_dags/example_branch_python_dop_operator_3.py for tasks to queue
[2023-11-28T19:12:08.178-0300] {logging_mixin.py:154} INFO - [2023-11-28T19:12:08.177-0300] {dagbag.py:536} INFO - Filling up the DagBag from /home/marcos/anaconda3/envs/XPe-IGTI/lib/python3.8/site-packages/airflow/example_dags/example_branch_python_dop_operator_3.py
[2023-11-28T19:12:08.218-0300] {processor.py:839} INFO - DAG(s) dict_keys(['example_branch_dop_operator_v3']) retrieved from /home/marcos/anaconda3/envs/XPe-IGTI/lib/python3.8/site-packages/airflow/example_dags/example_branch_python_dop_operator_3.py
[2023-11-28T19:12:08.258-0300] {logging_mixin.py:154} INFO - [2023-11-28T19:12:08.256-0300] {dag.py:2941} INFO - Sync 1 DAGs
[2023-11-28T19:12:08.343-0300] {logging_mixin.py:154} INFO - [2023-11-28T19:12:08.343-0300] {dag.py:3722} INFO - Setting next_dagrun for example_branch_dop_operator_v3 to 2023-11-28T22:11:00+00:00, run_after=2023-11-28T22:12:00+00:00
[2023-11-28T19:12:08.434-0300] {processor.py:179} INFO - Processing /home/marcos/anaconda3/envs/XPe-IGTI/lib/python3.8/site-packages/airflow/example_dags/example_branch_python_dop_operator_3.py took 0.273 seconds
[2023-11-28T19:13:22.527-0300] {processor.py:157} INFO - Started process (PID=147490) to work on /home/marcos/anaconda3/envs/XPe-IGTI/lib/python3.8/site-packages/airflow/example_dags/example_branch_python_dop_operator_3.py
[2023-11-28T19:13:22.528-0300] {processor.py:829} INFO - Processing file /home/marcos/anaconda3/envs/XPe-IGTI/lib/python3.8/site-packages/airflow/example_dags/example_branch_python_dop_operator_3.py for tasks to queue
[2023-11-28T19:13:22.533-0300] {logging_mixin.py:154} INFO - [2023-11-28T19:13:22.533-0300] {dagbag.py:536} INFO - Filling up the DagBag from /home/marcos/anaconda3/envs/XPe-IGTI/lib/python3.8/site-packages/airflow/example_dags/example_branch_python_dop_operator_3.py
[2023-11-28T19:13:22.552-0300] {processor.py:839} INFO - DAG(s) dict_keys(['example_branch_dop_operator_v3']) retrieved from /home/marcos/anaconda3/envs/XPe-IGTI/lib/python3.8/site-packages/airflow/example_dags/example_branch_python_dop_operator_3.py
[2023-11-28T19:13:22.581-0300] {logging_mixin.py:154} INFO - [2023-11-28T19:13:22.580-0300] {dag.py:2941} INFO - Sync 1 DAGs
[2023-11-28T19:13:22.630-0300] {logging_mixin.py:154} INFO - [2023-11-28T19:13:22.629-0300] {dag.py:3722} INFO - Setting next_dagrun for example_branch_dop_operator_v3 to 2023-11-28T22:12:00+00:00, run_after=2023-11-28T22:13:00+00:00
[2023-11-28T19:13:22.672-0300] {processor.py:179} INFO - Processing /home/marcos/anaconda3/envs/XPe-IGTI/lib/python3.8/site-packages/airflow/example_dags/example_branch_python_dop_operator_3.py took 0.149 seconds
[2023-11-28T19:14:19.801-0300] {processor.py:157} INFO - Started process (PID=147552) to work on /home/marcos/anaconda3/envs/XPe-IGTI/lib/python3.8/site-packages/airflow/example_dags/example_branch_python_dop_operator_3.py
[2023-11-28T19:14:19.806-0300] {processor.py:829} INFO - Processing file /home/marcos/anaconda3/envs/XPe-IGTI/lib/python3.8/site-packages/airflow/example_dags/example_branch_python_dop_operator_3.py for tasks to queue
[2023-11-28T19:14:19.812-0300] {logging_mixin.py:154} INFO - [2023-11-28T19:14:19.811-0300] {dagbag.py:536} INFO - Filling up the DagBag from /home/marcos/anaconda3/envs/XPe-IGTI/lib/python3.8/site-packages/airflow/example_dags/example_branch_python_dop_operator_3.py
[2023-11-28T19:14:19.832-0300] {processor.py:839} INFO - DAG(s) dict_keys(['example_branch_dop_operator_v3']) retrieved from /home/marcos/anaconda3/envs/XPe-IGTI/lib/python3.8/site-packages/airflow/example_dags/example_branch_python_dop_operator_3.py
[2023-11-28T19:14:19.865-0300] {logging_mixin.py:154} INFO - [2023-11-28T19:14:19.864-0300] {dag.py:2941} INFO - Sync 1 DAGs
[2023-11-28T19:14:19.922-0300] {logging_mixin.py:154} INFO - [2023-11-28T19:14:19.922-0300] {dag.py:3722} INFO - Setting next_dagrun for example_branch_dop_operator_v3 to 2023-11-28T22:13:00+00:00, run_after=2023-11-28T22:14:00+00:00
[2023-11-28T19:14:19.960-0300] {processor.py:179} INFO - Processing /home/marcos/anaconda3/envs/XPe-IGTI/lib/python3.8/site-packages/airflow/example_dags/example_branch_python_dop_operator_3.py took 0.164 seconds
[2023-11-28T19:15:32.258-0300] {processor.py:157} INFO - Started process (PID=147624) to work on /home/marcos/anaconda3/envs/XPe-IGTI/lib/python3.8/site-packages/airflow/example_dags/example_branch_python_dop_operator_3.py
[2023-11-28T19:15:32.263-0300] {processor.py:829} INFO - Processing file /home/marcos/anaconda3/envs/XPe-IGTI/lib/python3.8/site-packages/airflow/example_dags/example_branch_python_dop_operator_3.py for tasks to queue
[2023-11-28T19:15:32.268-0300] {logging_mixin.py:154} INFO - [2023-11-28T19:15:32.267-0300] {dagbag.py:536} INFO - Filling up the DagBag from /home/marcos/anaconda3/envs/XPe-IGTI/lib/python3.8/site-packages/airflow/example_dags/example_branch_python_dop_operator_3.py
[2023-11-28T19:15:32.285-0300] {processor.py:839} INFO - DAG(s) dict_keys(['example_branch_dop_operator_v3']) retrieved from /home/marcos/anaconda3/envs/XPe-IGTI/lib/python3.8/site-packages/airflow/example_dags/example_branch_python_dop_operator_3.py
[2023-11-28T19:15:32.313-0300] {logging_mixin.py:154} INFO - [2023-11-28T19:15:32.312-0300] {dag.py:2941} INFO - Sync 1 DAGs
[2023-11-28T19:15:32.364-0300] {logging_mixin.py:154} INFO - [2023-11-28T19:15:32.364-0300] {dag.py:3722} INFO - Setting next_dagrun for example_branch_dop_operator_v3 to 2023-11-28T22:14:00+00:00, run_after=2023-11-28T22:15:00+00:00
[2023-11-28T19:15:32.404-0300] {processor.py:179} INFO - Processing /home/marcos/anaconda3/envs/XPe-IGTI/lib/python3.8/site-packages/airflow/example_dags/example_branch_python_dop_operator_3.py took 0.151 seconds
[2023-11-28T19:16:40.007-0300] {processor.py:157} INFO - Started process (PID=147699) to work on /home/marcos/anaconda3/envs/XPe-IGTI/lib/python3.8/site-packages/airflow/example_dags/example_branch_python_dop_operator_3.py
[2023-11-28T19:16:40.011-0300] {processor.py:829} INFO - Processing file /home/marcos/anaconda3/envs/XPe-IGTI/lib/python3.8/site-packages/airflow/example_dags/example_branch_python_dop_operator_3.py for tasks to queue
[2023-11-28T19:16:40.015-0300] {logging_mixin.py:154} INFO - [2023-11-28T19:16:40.014-0300] {dagbag.py:536} INFO - Filling up the DagBag from /home/marcos/anaconda3/envs/XPe-IGTI/lib/python3.8/site-packages/airflow/example_dags/example_branch_python_dop_operator_3.py
[2023-11-28T19:16:40.029-0300] {processor.py:839} INFO - DAG(s) dict_keys(['example_branch_dop_operator_v3']) retrieved from /home/marcos/anaconda3/envs/XPe-IGTI/lib/python3.8/site-packages/airflow/example_dags/example_branch_python_dop_operator_3.py
[2023-11-28T19:16:40.052-0300] {logging_mixin.py:154} INFO - [2023-11-28T19:16:40.051-0300] {dag.py:2941} INFO - Sync 1 DAGs
[2023-11-28T19:16:40.091-0300] {logging_mixin.py:154} INFO - [2023-11-28T19:16:40.091-0300] {dag.py:3722} INFO - Setting next_dagrun for example_branch_dop_operator_v3 to 2023-11-28T22:15:00+00:00, run_after=2023-11-28T22:16:00+00:00
[2023-11-28T19:16:40.122-0300] {processor.py:179} INFO - Processing /home/marcos/anaconda3/envs/XPe-IGTI/lib/python3.8/site-packages/airflow/example_dags/example_branch_python_dop_operator_3.py took 0.120 seconds
[2023-11-28T19:17:44.338-0300] {processor.py:157} INFO - Started process (PID=147799) to work on /home/marcos/anaconda3/envs/XPe-IGTI/lib/python3.8/site-packages/airflow/example_dags/example_branch_python_dop_operator_3.py
[2023-11-28T19:17:44.342-0300] {processor.py:829} INFO - Processing file /home/marcos/anaconda3/envs/XPe-IGTI/lib/python3.8/site-packages/airflow/example_dags/example_branch_python_dop_operator_3.py for tasks to queue
[2023-11-28T19:17:44.346-0300] {logging_mixin.py:154} INFO - [2023-11-28T19:17:44.346-0300] {dagbag.py:536} INFO - Filling up the DagBag from /home/marcos/anaconda3/envs/XPe-IGTI/lib/python3.8/site-packages/airflow/example_dags/example_branch_python_dop_operator_3.py
[2023-11-28T19:17:44.361-0300] {processor.py:839} INFO - DAG(s) dict_keys(['example_branch_dop_operator_v3']) retrieved from /home/marcos/anaconda3/envs/XPe-IGTI/lib/python3.8/site-packages/airflow/example_dags/example_branch_python_dop_operator_3.py
[2023-11-28T19:17:44.384-0300] {logging_mixin.py:154} INFO - [2023-11-28T19:17:44.383-0300] {dag.py:2941} INFO - Sync 1 DAGs
[2023-11-28T19:17:44.423-0300] {logging_mixin.py:154} INFO - [2023-11-28T19:17:44.423-0300] {dag.py:3722} INFO - Setting next_dagrun for example_branch_dop_operator_v3 to 2023-11-28T22:16:00+00:00, run_after=2023-11-28T22:17:00+00:00
[2023-11-28T19:17:44.456-0300] {processor.py:179} INFO - Processing /home/marcos/anaconda3/envs/XPe-IGTI/lib/python3.8/site-packages/airflow/example_dags/example_branch_python_dop_operator_3.py took 0.122 seconds
[2023-11-28T19:18:54.931-0300] {processor.py:157} INFO - Started process (PID=147885) to work on /home/marcos/anaconda3/envs/XPe-IGTI/lib/python3.8/site-packages/airflow/example_dags/example_branch_python_dop_operator_3.py
[2023-11-28T19:18:54.937-0300] {processor.py:829} INFO - Processing file /home/marcos/anaconda3/envs/XPe-IGTI/lib/python3.8/site-packages/airflow/example_dags/example_branch_python_dop_operator_3.py for tasks to queue
[2023-11-28T19:18:54.944-0300] {logging_mixin.py:154} INFO - [2023-11-28T19:18:54.943-0300] {dagbag.py:536} INFO - Filling up the DagBag from /home/marcos/anaconda3/envs/XPe-IGTI/lib/python3.8/site-packages/airflow/example_dags/example_branch_python_dop_operator_3.py
[2023-11-28T19:18:54.980-0300] {processor.py:839} INFO - DAG(s) dict_keys(['example_branch_dop_operator_v3']) retrieved from /home/marcos/anaconda3/envs/XPe-IGTI/lib/python3.8/site-packages/airflow/example_dags/example_branch_python_dop_operator_3.py
[2023-11-28T19:18:55.008-0300] {logging_mixin.py:154} INFO - [2023-11-28T19:18:55.007-0300] {dag.py:2941} INFO - Sync 1 DAGs
[2023-11-28T19:18:55.049-0300] {logging_mixin.py:154} INFO - [2023-11-28T19:18:55.049-0300] {dag.py:3722} INFO - Setting next_dagrun for example_branch_dop_operator_v3 to 2023-11-28T22:17:00+00:00, run_after=2023-11-28T22:18:00+00:00
[2023-11-28T19:18:55.085-0300] {processor.py:179} INFO - Processing /home/marcos/anaconda3/envs/XPe-IGTI/lib/python3.8/site-packages/airflow/example_dags/example_branch_python_dop_operator_3.py took 0.165 seconds
[2023-11-28T19:21:23.231-0300] {processor.py:157} INFO - Started process (PID=148649) to work on /home/marcos/anaconda3/envs/XPe-IGTI/lib/python3.8/site-packages/airflow/example_dags/example_branch_python_dop_operator_3.py
[2023-11-28T19:21:23.235-0300] {processor.py:829} INFO - Processing file /home/marcos/anaconda3/envs/XPe-IGTI/lib/python3.8/site-packages/airflow/example_dags/example_branch_python_dop_operator_3.py for tasks to queue
[2023-11-28T19:21:23.239-0300] {logging_mixin.py:154} INFO - [2023-11-28T19:21:23.238-0300] {dagbag.py:536} INFO - Filling up the DagBag from /home/marcos/anaconda3/envs/XPe-IGTI/lib/python3.8/site-packages/airflow/example_dags/example_branch_python_dop_operator_3.py
[2023-11-28T19:21:23.252-0300] {processor.py:839} INFO - DAG(s) dict_keys(['example_branch_dop_operator_v3']) retrieved from /home/marcos/anaconda3/envs/XPe-IGTI/lib/python3.8/site-packages/airflow/example_dags/example_branch_python_dop_operator_3.py
[2023-11-28T19:21:23.275-0300] {logging_mixin.py:154} INFO - [2023-11-28T19:21:23.274-0300] {dag.py:2941} INFO - Sync 1 DAGs
[2023-11-28T19:21:23.315-0300] {logging_mixin.py:154} INFO - [2023-11-28T19:21:23.315-0300] {dag.py:3722} INFO - Setting next_dagrun for example_branch_dop_operator_v3 to 2023-11-28T22:20:00+00:00, run_after=2023-11-28T22:21:00+00:00
[2023-11-28T19:21:23.349-0300] {processor.py:179} INFO - Processing /home/marcos/anaconda3/envs/XPe-IGTI/lib/python3.8/site-packages/airflow/example_dags/example_branch_python_dop_operator_3.py took 0.122 seconds
[2023-11-28T19:22:32.686-0300] {processor.py:157} INFO - Started process (PID=148847) to work on /home/marcos/anaconda3/envs/XPe-IGTI/lib/python3.8/site-packages/airflow/example_dags/example_branch_python_dop_operator_3.py
[2023-11-28T19:22:32.690-0300] {processor.py:829} INFO - Processing file /home/marcos/anaconda3/envs/XPe-IGTI/lib/python3.8/site-packages/airflow/example_dags/example_branch_python_dop_operator_3.py for tasks to queue
[2023-11-28T19:22:32.694-0300] {logging_mixin.py:154} INFO - [2023-11-28T19:22:32.694-0300] {dagbag.py:536} INFO - Filling up the DagBag from /home/marcos/anaconda3/envs/XPe-IGTI/lib/python3.8/site-packages/airflow/example_dags/example_branch_python_dop_operator_3.py
[2023-11-28T19:22:32.714-0300] {processor.py:839} INFO - DAG(s) dict_keys(['example_branch_dop_operator_v3']) retrieved from /home/marcos/anaconda3/envs/XPe-IGTI/lib/python3.8/site-packages/airflow/example_dags/example_branch_python_dop_operator_3.py
[2023-11-28T19:22:32.742-0300] {logging_mixin.py:154} INFO - [2023-11-28T19:22:32.741-0300] {dag.py:2941} INFO - Sync 1 DAGs
[2023-11-28T19:22:32.786-0300] {logging_mixin.py:154} INFO - [2023-11-28T19:22:32.786-0300] {dag.py:3722} INFO - Setting next_dagrun for example_branch_dop_operator_v3 to 2023-11-28T22:21:00+00:00, run_after=2023-11-28T22:22:00+00:00
[2023-11-28T19:22:32.826-0300] {processor.py:179} INFO - Processing /home/marcos/anaconda3/envs/XPe-IGTI/lib/python3.8/site-packages/airflow/example_dags/example_branch_python_dop_operator_3.py took 0.146 seconds
[2023-11-28T19:23:45.316-0300] {processor.py:157} INFO - Started process (PID=148947) to work on /home/marcos/anaconda3/envs/XPe-IGTI/lib/python3.8/site-packages/airflow/example_dags/example_branch_python_dop_operator_3.py
[2023-11-28T19:23:45.321-0300] {processor.py:829} INFO - Processing file /home/marcos/anaconda3/envs/XPe-IGTI/lib/python3.8/site-packages/airflow/example_dags/example_branch_python_dop_operator_3.py for tasks to queue
[2023-11-28T19:23:45.324-0300] {logging_mixin.py:154} INFO - [2023-11-28T19:23:45.324-0300] {dagbag.py:536} INFO - Filling up the DagBag from /home/marcos/anaconda3/envs/XPe-IGTI/lib/python3.8/site-packages/airflow/example_dags/example_branch_python_dop_operator_3.py
[2023-11-28T19:23:45.338-0300] {processor.py:839} INFO - DAG(s) dict_keys(['example_branch_dop_operator_v3']) retrieved from /home/marcos/anaconda3/envs/XPe-IGTI/lib/python3.8/site-packages/airflow/example_dags/example_branch_python_dop_operator_3.py
[2023-11-28T19:23:45.361-0300] {logging_mixin.py:154} INFO - [2023-11-28T19:23:45.360-0300] {dag.py:2941} INFO - Sync 1 DAGs
[2023-11-28T19:23:45.400-0300] {logging_mixin.py:154} INFO - [2023-11-28T19:23:45.400-0300] {dag.py:3722} INFO - Setting next_dagrun for example_branch_dop_operator_v3 to 2023-11-28T22:22:00+00:00, run_after=2023-11-28T22:23:00+00:00
[2023-11-28T19:23:45.429-0300] {processor.py:179} INFO - Processing /home/marcos/anaconda3/envs/XPe-IGTI/lib/python3.8/site-packages/airflow/example_dags/example_branch_python_dop_operator_3.py took 0.118 seconds
[2023-11-28T19:24:52.190-0300] {processor.py:157} INFO - Started process (PID=149018) to work on /home/marcos/anaconda3/envs/XPe-IGTI/lib/python3.8/site-packages/airflow/example_dags/example_branch_python_dop_operator_3.py
[2023-11-28T19:24:52.195-0300] {processor.py:829} INFO - Processing file /home/marcos/anaconda3/envs/XPe-IGTI/lib/python3.8/site-packages/airflow/example_dags/example_branch_python_dop_operator_3.py for tasks to queue
[2023-11-28T19:24:52.199-0300] {logging_mixin.py:154} INFO - [2023-11-28T19:24:52.198-0300] {dagbag.py:536} INFO - Filling up the DagBag from /home/marcos/anaconda3/envs/XPe-IGTI/lib/python3.8/site-packages/airflow/example_dags/example_branch_python_dop_operator_3.py
[2023-11-28T19:24:52.214-0300] {processor.py:839} INFO - DAG(s) dict_keys(['example_branch_dop_operator_v3']) retrieved from /home/marcos/anaconda3/envs/XPe-IGTI/lib/python3.8/site-packages/airflow/example_dags/example_branch_python_dop_operator_3.py
[2023-11-28T19:24:52.237-0300] {logging_mixin.py:154} INFO - [2023-11-28T19:24:52.236-0300] {dag.py:2941} INFO - Sync 1 DAGs
[2023-11-28T19:24:52.276-0300] {logging_mixin.py:154} INFO - [2023-11-28T19:24:52.275-0300] {dag.py:3722} INFO - Setting next_dagrun for example_branch_dop_operator_v3 to 2023-11-28T22:23:00+00:00, run_after=2023-11-28T22:24:00+00:00
[2023-11-28T19:24:52.307-0300] {processor.py:179} INFO - Processing /home/marcos/anaconda3/envs/XPe-IGTI/lib/python3.8/site-packages/airflow/example_dags/example_branch_python_dop_operator_3.py took 0.122 seconds
[2023-11-28T19:26:07.562-0300] {processor.py:157} INFO - Started process (PID=149099) to work on /home/marcos/anaconda3/envs/XPe-IGTI/lib/python3.8/site-packages/airflow/example_dags/example_branch_python_dop_operator_3.py
[2023-11-28T19:26:07.567-0300] {processor.py:829} INFO - Processing file /home/marcos/anaconda3/envs/XPe-IGTI/lib/python3.8/site-packages/airflow/example_dags/example_branch_python_dop_operator_3.py for tasks to queue
[2023-11-28T19:26:07.570-0300] {logging_mixin.py:154} INFO - [2023-11-28T19:26:07.570-0300] {dagbag.py:536} INFO - Filling up the DagBag from /home/marcos/anaconda3/envs/XPe-IGTI/lib/python3.8/site-packages/airflow/example_dags/example_branch_python_dop_operator_3.py
[2023-11-28T19:26:07.585-0300] {processor.py:839} INFO - DAG(s) dict_keys(['example_branch_dop_operator_v3']) retrieved from /home/marcos/anaconda3/envs/XPe-IGTI/lib/python3.8/site-packages/airflow/example_dags/example_branch_python_dop_operator_3.py
[2023-11-28T19:26:07.609-0300] {logging_mixin.py:154} INFO - [2023-11-28T19:26:07.608-0300] {dag.py:2941} INFO - Sync 1 DAGs
[2023-11-28T19:26:07.649-0300] {logging_mixin.py:154} INFO - [2023-11-28T19:26:07.649-0300] {dag.py:3722} INFO - Setting next_dagrun for example_branch_dop_operator_v3 to 2023-11-28T22:25:00+00:00, run_after=2023-11-28T22:26:00+00:00
[2023-11-28T19:26:07.680-0300] {processor.py:179} INFO - Processing /home/marcos/anaconda3/envs/XPe-IGTI/lib/python3.8/site-packages/airflow/example_dags/example_branch_python_dop_operator_3.py took 0.124 seconds
[2023-11-28T19:27:18.232-0300] {processor.py:157} INFO - Started process (PID=149200) to work on /home/marcos/anaconda3/envs/XPe-IGTI/lib/python3.8/site-packages/airflow/example_dags/example_branch_python_dop_operator_3.py
[2023-11-28T19:27:18.236-0300] {processor.py:829} INFO - Processing file /home/marcos/anaconda3/envs/XPe-IGTI/lib/python3.8/site-packages/airflow/example_dags/example_branch_python_dop_operator_3.py for tasks to queue
[2023-11-28T19:27:18.239-0300] {logging_mixin.py:154} INFO - [2023-11-28T19:27:18.239-0300] {dagbag.py:536} INFO - Filling up the DagBag from /home/marcos/anaconda3/envs/XPe-IGTI/lib/python3.8/site-packages/airflow/example_dags/example_branch_python_dop_operator_3.py
[2023-11-28T19:27:18.249-0300] {processor.py:839} INFO - DAG(s) dict_keys(['example_branch_dop_operator_v3']) retrieved from /home/marcos/anaconda3/envs/XPe-IGTI/lib/python3.8/site-packages/airflow/example_dags/example_branch_python_dop_operator_3.py
[2023-11-28T19:27:18.265-0300] {logging_mixin.py:154} INFO - [2023-11-28T19:27:18.264-0300] {dag.py:2941} INFO - Sync 1 DAGs
[2023-11-28T19:27:18.291-0300] {logging_mixin.py:154} INFO - [2023-11-28T19:27:18.290-0300] {dag.py:3722} INFO - Setting next_dagrun for example_branch_dop_operator_v3 to 2023-11-28T22:26:00+00:00, run_after=2023-11-28T22:27:00+00:00
[2023-11-28T19:27:18.310-0300] {processor.py:179} INFO - Processing /home/marcos/anaconda3/envs/XPe-IGTI/lib/python3.8/site-packages/airflow/example_dags/example_branch_python_dop_operator_3.py took 0.082 seconds
[2023-11-28T19:28:15.303-0300] {processor.py:157} INFO - Started process (PID=149302) to work on /home/marcos/anaconda3/envs/XPe-IGTI/lib/python3.8/site-packages/airflow/example_dags/example_branch_python_dop_operator_3.py
[2023-11-28T19:28:15.307-0300] {processor.py:829} INFO - Processing file /home/marcos/anaconda3/envs/XPe-IGTI/lib/python3.8/site-packages/airflow/example_dags/example_branch_python_dop_operator_3.py for tasks to queue
[2023-11-28T19:28:15.309-0300] {logging_mixin.py:154} INFO - [2023-11-28T19:28:15.309-0300] {dagbag.py:536} INFO - Filling up the DagBag from /home/marcos/anaconda3/envs/XPe-IGTI/lib/python3.8/site-packages/airflow/example_dags/example_branch_python_dop_operator_3.py
[2023-11-28T19:28:15.320-0300] {processor.py:839} INFO - DAG(s) dict_keys(['example_branch_dop_operator_v3']) retrieved from /home/marcos/anaconda3/envs/XPe-IGTI/lib/python3.8/site-packages/airflow/example_dags/example_branch_python_dop_operator_3.py
[2023-11-28T19:28:15.336-0300] {logging_mixin.py:154} INFO - [2023-11-28T19:28:15.335-0300] {dag.py:2941} INFO - Sync 1 DAGs
[2023-11-28T19:28:15.362-0300] {logging_mixin.py:154} INFO - [2023-11-28T19:28:15.362-0300] {dag.py:3722} INFO - Setting next_dagrun for example_branch_dop_operator_v3 to 2023-11-28T22:27:00+00:00, run_after=2023-11-28T22:28:00+00:00
[2023-11-28T19:28:15.383-0300] {processor.py:179} INFO - Processing /home/marcos/anaconda3/envs/XPe-IGTI/lib/python3.8/site-packages/airflow/example_dags/example_branch_python_dop_operator_3.py took 0.084 seconds
