[2023-11-27T21:00:37.344-0300] {processor.py:157} INFO - Started process (PID=51755) to work on /home/marcos/anaconda3/envs/XPe-IGTI/lib/python3.8/site-packages/airflow/example_dags/example_sensors.py
[2023-11-27T21:00:37.346-0300] {processor.py:829} INFO - Processing file /home/marcos/anaconda3/envs/XPe-IGTI/lib/python3.8/site-packages/airflow/example_dags/example_sensors.py for tasks to queue
[2023-11-27T21:00:37.347-0300] {logging_mixin.py:154} INFO - [2023-11-27T21:00:37.347-0300] {dagbag.py:536} INFO - Filling up the DagBag from /home/marcos/anaconda3/envs/XPe-IGTI/lib/python3.8/site-packages/airflow/example_dags/example_sensors.py
[2023-11-27T21:00:37.371-0300] {processor.py:839} INFO - DAG(s) dict_keys(['example_sensors']) retrieved from /home/marcos/anaconda3/envs/XPe-IGTI/lib/python3.8/site-packages/airflow/example_dags/example_sensors.py
[2023-11-27T21:00:37.405-0300] {logging_mixin.py:154} INFO - [2023-11-27T21:00:37.405-0300] {dag.py:2941} INFO - Sync 1 DAGs
[2023-11-27T21:00:37.429-0300] {logging_mixin.py:154} INFO - [2023-11-27T21:00:37.429-0300] {dag.py:3722} INFO - Setting next_dagrun for example_sensors to None, run_after=None
[2023-11-27T21:00:37.465-0300] {processor.py:179} INFO - Processing /home/marcos/anaconda3/envs/XPe-IGTI/lib/python3.8/site-packages/airflow/example_dags/example_sensors.py took 0.126 seconds
[2023-11-27T21:01:37.372-0300] {processor.py:157} INFO - Started process (PID=51825) to work on /home/marcos/anaconda3/envs/XPe-IGTI/lib/python3.8/site-packages/airflow/example_dags/example_sensors.py
[2023-11-27T21:01:37.374-0300] {processor.py:829} INFO - Processing file /home/marcos/anaconda3/envs/XPe-IGTI/lib/python3.8/site-packages/airflow/example_dags/example_sensors.py for tasks to queue
[2023-11-27T21:01:37.376-0300] {logging_mixin.py:154} INFO - [2023-11-27T21:01:37.375-0300] {dagbag.py:536} INFO - Filling up the DagBag from /home/marcos/anaconda3/envs/XPe-IGTI/lib/python3.8/site-packages/airflow/example_dags/example_sensors.py
[2023-11-27T21:01:37.396-0300] {processor.py:839} INFO - DAG(s) dict_keys(['example_sensors']) retrieved from /home/marcos/anaconda3/envs/XPe-IGTI/lib/python3.8/site-packages/airflow/example_dags/example_sensors.py
[2023-11-27T21:01:37.431-0300] {logging_mixin.py:154} INFO - [2023-11-27T21:01:37.431-0300] {dag.py:2941} INFO - Sync 1 DAGs
[2023-11-27T21:01:37.449-0300] {logging_mixin.py:154} INFO - [2023-11-27T21:01:37.449-0300] {dag.py:3722} INFO - Setting next_dagrun for example_sensors to None, run_after=None
[2023-11-27T21:01:37.482-0300] {processor.py:179} INFO - Processing /home/marcos/anaconda3/envs/XPe-IGTI/lib/python3.8/site-packages/airflow/example_dags/example_sensors.py took 0.115 seconds
[2023-11-27T21:02:18.943-0300] {processor.py:157} INFO - Started process (PID=51901) to work on /home/marcos/anaconda3/envs/XPe-IGTI/lib/python3.8/site-packages/airflow/example_dags/example_sensors.py
[2023-11-27T21:02:18.948-0300] {processor.py:829} INFO - Processing file /home/marcos/anaconda3/envs/XPe-IGTI/lib/python3.8/site-packages/airflow/example_dags/example_sensors.py for tasks to queue
[2023-11-27T21:02:18.949-0300] {logging_mixin.py:154} INFO - [2023-11-27T21:02:18.948-0300] {dagbag.py:536} INFO - Filling up the DagBag from /home/marcos/anaconda3/envs/XPe-IGTI/lib/python3.8/site-packages/airflow/example_dags/example_sensors.py
[2023-11-27T21:02:18.965-0300] {processor.py:839} INFO - DAG(s) dict_keys(['example_sensors']) retrieved from /home/marcos/anaconda3/envs/XPe-IGTI/lib/python3.8/site-packages/airflow/example_dags/example_sensors.py
[2023-11-27T21:02:19.002-0300] {logging_mixin.py:154} INFO - [2023-11-27T21:02:19.002-0300] {dag.py:2941} INFO - Sync 1 DAGs
[2023-11-27T21:02:19.023-0300] {logging_mixin.py:154} INFO - [2023-11-27T21:02:19.023-0300] {dag.py:3722} INFO - Setting next_dagrun for example_sensors to None, run_after=None
[2023-11-27T21:02:19.061-0300] {processor.py:179} INFO - Processing /home/marcos/anaconda3/envs/XPe-IGTI/lib/python3.8/site-packages/airflow/example_dags/example_sensors.py took 0.123 seconds
[2023-11-27T21:03:18.553-0300] {processor.py:157} INFO - Started process (PID=51977) to work on /home/marcos/anaconda3/envs/XPe-IGTI/lib/python3.8/site-packages/airflow/example_dags/example_sensors.py
[2023-11-27T21:03:18.559-0300] {processor.py:829} INFO - Processing file /home/marcos/anaconda3/envs/XPe-IGTI/lib/python3.8/site-packages/airflow/example_dags/example_sensors.py for tasks to queue
[2023-11-27T21:03:18.563-0300] {logging_mixin.py:154} INFO - [2023-11-27T21:03:18.562-0300] {dagbag.py:536} INFO - Filling up the DagBag from /home/marcos/anaconda3/envs/XPe-IGTI/lib/python3.8/site-packages/airflow/example_dags/example_sensors.py
[2023-11-27T21:03:18.587-0300] {processor.py:839} INFO - DAG(s) dict_keys(['example_sensors']) retrieved from /home/marcos/anaconda3/envs/XPe-IGTI/lib/python3.8/site-packages/airflow/example_dags/example_sensors.py
[2023-11-27T21:03:18.628-0300] {logging_mixin.py:154} INFO - [2023-11-27T21:03:18.627-0300] {dag.py:2941} INFO - Sync 1 DAGs
[2023-11-27T21:03:18.649-0300] {logging_mixin.py:154} INFO - [2023-11-27T21:03:18.649-0300] {dag.py:3722} INFO - Setting next_dagrun for example_sensors to None, run_after=None
[2023-11-27T21:03:18.688-0300] {processor.py:179} INFO - Processing /home/marcos/anaconda3/envs/XPe-IGTI/lib/python3.8/site-packages/airflow/example_dags/example_sensors.py took 0.143 seconds
[2023-11-27T21:04:04.669-0300] {processor.py:157} INFO - Started process (PID=52033) to work on /home/marcos/anaconda3/envs/XPe-IGTI/lib/python3.8/site-packages/airflow/example_dags/example_sensors.py
[2023-11-27T21:04:04.674-0300] {processor.py:829} INFO - Processing file /home/marcos/anaconda3/envs/XPe-IGTI/lib/python3.8/site-packages/airflow/example_dags/example_sensors.py for tasks to queue
[2023-11-27T21:04:04.675-0300] {logging_mixin.py:154} INFO - [2023-11-27T21:04:04.674-0300] {dagbag.py:536} INFO - Filling up the DagBag from /home/marcos/anaconda3/envs/XPe-IGTI/lib/python3.8/site-packages/airflow/example_dags/example_sensors.py
[2023-11-27T21:04:04.691-0300] {processor.py:839} INFO - DAG(s) dict_keys(['example_sensors']) retrieved from /home/marcos/anaconda3/envs/XPe-IGTI/lib/python3.8/site-packages/airflow/example_dags/example_sensors.py
[2023-11-27T21:04:04.725-0300] {logging_mixin.py:154} INFO - [2023-11-27T21:04:04.725-0300] {dag.py:2941} INFO - Sync 1 DAGs
[2023-11-27T21:04:04.745-0300] {logging_mixin.py:154} INFO - [2023-11-27T21:04:04.745-0300] {dag.py:3722} INFO - Setting next_dagrun for example_sensors to None, run_after=None
[2023-11-27T21:04:04.780-0300] {processor.py:179} INFO - Processing /home/marcos/anaconda3/envs/XPe-IGTI/lib/python3.8/site-packages/airflow/example_dags/example_sensors.py took 0.116 seconds
[2023-11-27T21:04:48.021-0300] {processor.py:157} INFO - Started process (PID=52088) to work on /home/marcos/anaconda3/envs/XPe-IGTI/lib/python3.8/site-packages/airflow/example_dags/example_sensors.py
[2023-11-27T21:04:48.028-0300] {processor.py:829} INFO - Processing file /home/marcos/anaconda3/envs/XPe-IGTI/lib/python3.8/site-packages/airflow/example_dags/example_sensors.py for tasks to queue
[2023-11-27T21:04:48.032-0300] {logging_mixin.py:154} INFO - [2023-11-27T21:04:48.031-0300] {dagbag.py:536} INFO - Filling up the DagBag from /home/marcos/anaconda3/envs/XPe-IGTI/lib/python3.8/site-packages/airflow/example_dags/example_sensors.py
[2023-11-27T21:04:48.080-0300] {processor.py:839} INFO - DAG(s) dict_keys(['example_sensors']) retrieved from /home/marcos/anaconda3/envs/XPe-IGTI/lib/python3.8/site-packages/airflow/example_dags/example_sensors.py
[2023-11-27T21:04:48.136-0300] {logging_mixin.py:154} INFO - [2023-11-27T21:04:48.136-0300] {dag.py:2941} INFO - Sync 1 DAGs
[2023-11-27T21:04:48.156-0300] {logging_mixin.py:154} INFO - [2023-11-27T21:04:48.156-0300] {dag.py:3722} INFO - Setting next_dagrun for example_sensors to None, run_after=None
[2023-11-27T21:04:48.201-0300] {processor.py:179} INFO - Processing /home/marcos/anaconda3/envs/XPe-IGTI/lib/python3.8/site-packages/airflow/example_dags/example_sensors.py took 0.195 seconds
[2023-11-27T21:05:52.460-0300] {processor.py:157} INFO - Started process (PID=52195) to work on /home/marcos/anaconda3/envs/XPe-IGTI/lib/python3.8/site-packages/airflow/example_dags/example_sensors.py
[2023-11-27T21:05:52.465-0300] {processor.py:829} INFO - Processing file /home/marcos/anaconda3/envs/XPe-IGTI/lib/python3.8/site-packages/airflow/example_dags/example_sensors.py for tasks to queue
[2023-11-27T21:05:52.467-0300] {logging_mixin.py:154} INFO - [2023-11-27T21:05:52.466-0300] {dagbag.py:536} INFO - Filling up the DagBag from /home/marcos/anaconda3/envs/XPe-IGTI/lib/python3.8/site-packages/airflow/example_dags/example_sensors.py
[2023-11-27T21:05:52.485-0300] {processor.py:839} INFO - DAG(s) dict_keys(['example_sensors']) retrieved from /home/marcos/anaconda3/envs/XPe-IGTI/lib/python3.8/site-packages/airflow/example_dags/example_sensors.py
[2023-11-27T21:05:52.514-0300] {logging_mixin.py:154} INFO - [2023-11-27T21:05:52.514-0300] {dag.py:2941} INFO - Sync 1 DAGs
[2023-11-27T21:05:52.531-0300] {logging_mixin.py:154} INFO - [2023-11-27T21:05:52.531-0300] {dag.py:3722} INFO - Setting next_dagrun for example_sensors to None, run_after=None
[2023-11-27T21:05:52.560-0300] {processor.py:179} INFO - Processing /home/marcos/anaconda3/envs/XPe-IGTI/lib/python3.8/site-packages/airflow/example_dags/example_sensors.py took 0.107 seconds
[2023-11-27T21:06:53.717-0300] {processor.py:157} INFO - Started process (PID=52296) to work on /home/marcos/anaconda3/envs/XPe-IGTI/lib/python3.8/site-packages/airflow/example_dags/example_sensors.py
[2023-11-27T21:06:53.719-0300] {processor.py:829} INFO - Processing file /home/marcos/anaconda3/envs/XPe-IGTI/lib/python3.8/site-packages/airflow/example_dags/example_sensors.py for tasks to queue
[2023-11-27T21:06:53.720-0300] {logging_mixin.py:154} INFO - [2023-11-27T21:06:53.719-0300] {dagbag.py:536} INFO - Filling up the DagBag from /home/marcos/anaconda3/envs/XPe-IGTI/lib/python3.8/site-packages/airflow/example_dags/example_sensors.py
[2023-11-27T21:06:53.736-0300] {processor.py:839} INFO - DAG(s) dict_keys(['example_sensors']) retrieved from /home/marcos/anaconda3/envs/XPe-IGTI/lib/python3.8/site-packages/airflow/example_dags/example_sensors.py
[2023-11-27T21:06:53.768-0300] {logging_mixin.py:154} INFO - [2023-11-27T21:06:53.767-0300] {dag.py:2941} INFO - Sync 1 DAGs
[2023-11-27T21:06:53.785-0300] {logging_mixin.py:154} INFO - [2023-11-27T21:06:53.785-0300] {dag.py:3722} INFO - Setting next_dagrun for example_sensors to None, run_after=None
[2023-11-27T21:06:53.818-0300] {processor.py:179} INFO - Processing /home/marcos/anaconda3/envs/XPe-IGTI/lib/python3.8/site-packages/airflow/example_dags/example_sensors.py took 0.106 seconds
[2023-11-27T21:07:53.177-0300] {processor.py:157} INFO - Started process (PID=52366) to work on /home/marcos/anaconda3/envs/XPe-IGTI/lib/python3.8/site-packages/airflow/example_dags/example_sensors.py
[2023-11-27T21:07:53.179-0300] {processor.py:829} INFO - Processing file /home/marcos/anaconda3/envs/XPe-IGTI/lib/python3.8/site-packages/airflow/example_dags/example_sensors.py for tasks to queue
[2023-11-27T21:07:53.180-0300] {logging_mixin.py:154} INFO - [2023-11-27T21:07:53.179-0300] {dagbag.py:536} INFO - Filling up the DagBag from /home/marcos/anaconda3/envs/XPe-IGTI/lib/python3.8/site-packages/airflow/example_dags/example_sensors.py
[2023-11-27T21:07:53.195-0300] {processor.py:839} INFO - DAG(s) dict_keys(['example_sensors']) retrieved from /home/marcos/anaconda3/envs/XPe-IGTI/lib/python3.8/site-packages/airflow/example_dags/example_sensors.py
[2023-11-27T21:07:53.226-0300] {logging_mixin.py:154} INFO - [2023-11-27T21:07:53.226-0300] {dag.py:2941} INFO - Sync 1 DAGs
[2023-11-27T21:07:53.244-0300] {logging_mixin.py:154} INFO - [2023-11-27T21:07:53.243-0300] {dag.py:3722} INFO - Setting next_dagrun for example_sensors to None, run_after=None
[2023-11-27T21:07:53.272-0300] {processor.py:179} INFO - Processing /home/marcos/anaconda3/envs/XPe-IGTI/lib/python3.8/site-packages/airflow/example_dags/example_sensors.py took 0.099 seconds
[2023-11-27T21:08:57.133-0300] {processor.py:157} INFO - Started process (PID=52444) to work on /home/marcos/anaconda3/envs/XPe-IGTI/lib/python3.8/site-packages/airflow/example_dags/example_sensors.py
[2023-11-27T21:08:57.138-0300] {processor.py:829} INFO - Processing file /home/marcos/anaconda3/envs/XPe-IGTI/lib/python3.8/site-packages/airflow/example_dags/example_sensors.py for tasks to queue
[2023-11-27T21:08:57.139-0300] {logging_mixin.py:154} INFO - [2023-11-27T21:08:57.138-0300] {dagbag.py:536} INFO - Filling up the DagBag from /home/marcos/anaconda3/envs/XPe-IGTI/lib/python3.8/site-packages/airflow/example_dags/example_sensors.py
[2023-11-27T21:08:57.154-0300] {processor.py:839} INFO - DAG(s) dict_keys(['example_sensors']) retrieved from /home/marcos/anaconda3/envs/XPe-IGTI/lib/python3.8/site-packages/airflow/example_dags/example_sensors.py
[2023-11-27T21:08:57.182-0300] {logging_mixin.py:154} INFO - [2023-11-27T21:08:57.182-0300] {dag.py:2941} INFO - Sync 1 DAGs
[2023-11-27T21:08:57.198-0300] {logging_mixin.py:154} INFO - [2023-11-27T21:08:57.197-0300] {dag.py:3722} INFO - Setting next_dagrun for example_sensors to None, run_after=None
[2023-11-27T21:08:57.228-0300] {processor.py:179} INFO - Processing /home/marcos/anaconda3/envs/XPe-IGTI/lib/python3.8/site-packages/airflow/example_dags/example_sensors.py took 0.099 seconds
[2023-11-27T21:10:00.861-0300] {processor.py:157} INFO - Started process (PID=52515) to work on /home/marcos/anaconda3/envs/XPe-IGTI/lib/python3.8/site-packages/airflow/example_dags/example_sensors.py
[2023-11-27T21:10:00.865-0300] {processor.py:829} INFO - Processing file /home/marcos/anaconda3/envs/XPe-IGTI/lib/python3.8/site-packages/airflow/example_dags/example_sensors.py for tasks to queue
[2023-11-27T21:10:00.866-0300] {logging_mixin.py:154} INFO - [2023-11-27T21:10:00.865-0300] {dagbag.py:536} INFO - Filling up the DagBag from /home/marcos/anaconda3/envs/XPe-IGTI/lib/python3.8/site-packages/airflow/example_dags/example_sensors.py
[2023-11-27T21:10:00.881-0300] {processor.py:839} INFO - DAG(s) dict_keys(['example_sensors']) retrieved from /home/marcos/anaconda3/envs/XPe-IGTI/lib/python3.8/site-packages/airflow/example_dags/example_sensors.py
[2023-11-27T21:10:00.913-0300] {logging_mixin.py:154} INFO - [2023-11-27T21:10:00.912-0300] {dag.py:2941} INFO - Sync 1 DAGs
[2023-11-27T21:10:00.930-0300] {logging_mixin.py:154} INFO - [2023-11-27T21:10:00.930-0300] {dag.py:3722} INFO - Setting next_dagrun for example_sensors to None, run_after=None
[2023-11-27T21:10:00.961-0300] {processor.py:179} INFO - Processing /home/marcos/anaconda3/envs/XPe-IGTI/lib/python3.8/site-packages/airflow/example_dags/example_sensors.py took 0.106 seconds
[2023-11-27T21:11:06.808-0300] {processor.py:157} INFO - Started process (PID=52596) to work on /home/marcos/anaconda3/envs/XPe-IGTI/lib/python3.8/site-packages/airflow/example_dags/example_sensors.py
[2023-11-27T21:11:06.813-0300] {processor.py:829} INFO - Processing file /home/marcos/anaconda3/envs/XPe-IGTI/lib/python3.8/site-packages/airflow/example_dags/example_sensors.py for tasks to queue
[2023-11-27T21:11:06.816-0300] {logging_mixin.py:154} INFO - [2023-11-27T21:11:06.815-0300] {dagbag.py:536} INFO - Filling up the DagBag from /home/marcos/anaconda3/envs/XPe-IGTI/lib/python3.8/site-packages/airflow/example_dags/example_sensors.py
[2023-11-27T21:11:06.836-0300] {processor.py:839} INFO - DAG(s) dict_keys(['example_sensors']) retrieved from /home/marcos/anaconda3/envs/XPe-IGTI/lib/python3.8/site-packages/airflow/example_dags/example_sensors.py
[2023-11-27T21:11:06.869-0300] {logging_mixin.py:154} INFO - [2023-11-27T21:11:06.869-0300] {dag.py:2941} INFO - Sync 1 DAGs
[2023-11-27T21:11:06.887-0300] {logging_mixin.py:154} INFO - [2023-11-27T21:11:06.887-0300] {dag.py:3722} INFO - Setting next_dagrun for example_sensors to None, run_after=None
[2023-11-27T21:11:06.919-0300] {processor.py:179} INFO - Processing /home/marcos/anaconda3/envs/XPe-IGTI/lib/python3.8/site-packages/airflow/example_dags/example_sensors.py took 0.117 seconds
[2023-11-27T21:11:52.645-0300] {processor.py:157} INFO - Started process (PID=52677) to work on /home/marcos/anaconda3/envs/XPe-IGTI/lib/python3.8/site-packages/airflow/example_dags/example_sensors.py
[2023-11-27T21:11:52.649-0300] {processor.py:829} INFO - Processing file /home/marcos/anaconda3/envs/XPe-IGTI/lib/python3.8/site-packages/airflow/example_dags/example_sensors.py for tasks to queue
[2023-11-27T21:11:52.650-0300] {logging_mixin.py:154} INFO - [2023-11-27T21:11:52.650-0300] {dagbag.py:536} INFO - Filling up the DagBag from /home/marcos/anaconda3/envs/XPe-IGTI/lib/python3.8/site-packages/airflow/example_dags/example_sensors.py
[2023-11-27T21:11:52.664-0300] {processor.py:839} INFO - DAG(s) dict_keys(['example_sensors']) retrieved from /home/marcos/anaconda3/envs/XPe-IGTI/lib/python3.8/site-packages/airflow/example_dags/example_sensors.py
[2023-11-27T21:11:52.692-0300] {logging_mixin.py:154} INFO - [2023-11-27T21:11:52.692-0300] {dag.py:2941} INFO - Sync 1 DAGs
[2023-11-27T21:11:52.708-0300] {logging_mixin.py:154} INFO - [2023-11-27T21:11:52.707-0300] {dag.py:3722} INFO - Setting next_dagrun for example_sensors to None, run_after=None
[2023-11-27T21:11:52.736-0300] {processor.py:179} INFO - Processing /home/marcos/anaconda3/envs/XPe-IGTI/lib/python3.8/site-packages/airflow/example_dags/example_sensors.py took 0.095 seconds
[2023-11-27T21:12:37.907-0300] {processor.py:157} INFO - Started process (PID=52731) to work on /home/marcos/anaconda3/envs/XPe-IGTI/lib/python3.8/site-packages/airflow/example_dags/example_sensors.py
[2023-11-27T21:12:37.912-0300] {processor.py:829} INFO - Processing file /home/marcos/anaconda3/envs/XPe-IGTI/lib/python3.8/site-packages/airflow/example_dags/example_sensors.py for tasks to queue
[2023-11-27T21:12:37.913-0300] {logging_mixin.py:154} INFO - [2023-11-27T21:12:37.912-0300] {dagbag.py:536} INFO - Filling up the DagBag from /home/marcos/anaconda3/envs/XPe-IGTI/lib/python3.8/site-packages/airflow/example_dags/example_sensors.py
[2023-11-27T21:12:37.926-0300] {processor.py:839} INFO - DAG(s) dict_keys(['example_sensors']) retrieved from /home/marcos/anaconda3/envs/XPe-IGTI/lib/python3.8/site-packages/airflow/example_dags/example_sensors.py
[2023-11-27T21:12:37.954-0300] {logging_mixin.py:154} INFO - [2023-11-27T21:12:37.954-0300] {dag.py:2941} INFO - Sync 1 DAGs
[2023-11-27T21:12:37.970-0300] {logging_mixin.py:154} INFO - [2023-11-27T21:12:37.970-0300] {dag.py:3722} INFO - Setting next_dagrun for example_sensors to None, run_after=None
[2023-11-27T21:12:37.998-0300] {processor.py:179} INFO - Processing /home/marcos/anaconda3/envs/XPe-IGTI/lib/python3.8/site-packages/airflow/example_dags/example_sensors.py took 0.095 seconds
[2023-11-27T21:13:33.630-0300] {processor.py:157} INFO - Started process (PID=52801) to work on /home/marcos/anaconda3/envs/XPe-IGTI/lib/python3.8/site-packages/airflow/example_dags/example_sensors.py
[2023-11-27T21:13:33.634-0300] {processor.py:829} INFO - Processing file /home/marcos/anaconda3/envs/XPe-IGTI/lib/python3.8/site-packages/airflow/example_dags/example_sensors.py for tasks to queue
[2023-11-27T21:13:33.635-0300] {logging_mixin.py:154} INFO - [2023-11-27T21:13:33.635-0300] {dagbag.py:536} INFO - Filling up the DagBag from /home/marcos/anaconda3/envs/XPe-IGTI/lib/python3.8/site-packages/airflow/example_dags/example_sensors.py
[2023-11-27T21:13:33.651-0300] {processor.py:839} INFO - DAG(s) dict_keys(['example_sensors']) retrieved from /home/marcos/anaconda3/envs/XPe-IGTI/lib/python3.8/site-packages/airflow/example_dags/example_sensors.py
[2023-11-27T21:13:33.680-0300] {logging_mixin.py:154} INFO - [2023-11-27T21:13:33.679-0300] {dag.py:2941} INFO - Sync 1 DAGs
[2023-11-27T21:13:33.696-0300] {logging_mixin.py:154} INFO - [2023-11-27T21:13:33.696-0300] {dag.py:3722} INFO - Setting next_dagrun for example_sensors to None, run_after=None
[2023-11-27T21:13:33.724-0300] {processor.py:179} INFO - Processing /home/marcos/anaconda3/envs/XPe-IGTI/lib/python3.8/site-packages/airflow/example_dags/example_sensors.py took 0.098 seconds
[2023-11-27T21:14:38.444-0300] {processor.py:157} INFO - Started process (PID=52921) to work on /home/marcos/anaconda3/envs/XPe-IGTI/lib/python3.8/site-packages/airflow/example_dags/example_sensors.py
[2023-11-27T21:14:38.448-0300] {processor.py:829} INFO - Processing file /home/marcos/anaconda3/envs/XPe-IGTI/lib/python3.8/site-packages/airflow/example_dags/example_sensors.py for tasks to queue
[2023-11-27T21:14:38.450-0300] {logging_mixin.py:154} INFO - [2023-11-27T21:14:38.449-0300] {dagbag.py:536} INFO - Filling up the DagBag from /home/marcos/anaconda3/envs/XPe-IGTI/lib/python3.8/site-packages/airflow/example_dags/example_sensors.py
[2023-11-27T21:14:38.473-0300] {processor.py:839} INFO - DAG(s) dict_keys(['example_sensors']) retrieved from /home/marcos/anaconda3/envs/XPe-IGTI/lib/python3.8/site-packages/airflow/example_dags/example_sensors.py
[2023-11-27T21:14:38.517-0300] {logging_mixin.py:154} INFO - [2023-11-27T21:14:38.517-0300] {dag.py:2941} INFO - Sync 1 DAGs
[2023-11-27T21:14:38.539-0300] {logging_mixin.py:154} INFO - [2023-11-27T21:14:38.539-0300] {dag.py:3722} INFO - Setting next_dagrun for example_sensors to None, run_after=None
[2023-11-27T21:14:38.578-0300] {processor.py:179} INFO - Processing /home/marcos/anaconda3/envs/XPe-IGTI/lib/python3.8/site-packages/airflow/example_dags/example_sensors.py took 0.139 seconds
[2023-11-27T21:15:24.182-0300] {processor.py:157} INFO - Started process (PID=52979) to work on /home/marcos/anaconda3/envs/XPe-IGTI/lib/python3.8/site-packages/airflow/example_dags/example_sensors.py
[2023-11-27T21:15:24.186-0300] {processor.py:829} INFO - Processing file /home/marcos/anaconda3/envs/XPe-IGTI/lib/python3.8/site-packages/airflow/example_dags/example_sensors.py for tasks to queue
[2023-11-27T21:15:24.188-0300] {logging_mixin.py:154} INFO - [2023-11-27T21:15:24.187-0300] {dagbag.py:536} INFO - Filling up the DagBag from /home/marcos/anaconda3/envs/XPe-IGTI/lib/python3.8/site-packages/airflow/example_dags/example_sensors.py
[2023-11-27T21:15:24.205-0300] {processor.py:839} INFO - DAG(s) dict_keys(['example_sensors']) retrieved from /home/marcos/anaconda3/envs/XPe-IGTI/lib/python3.8/site-packages/airflow/example_dags/example_sensors.py
[2023-11-27T21:15:24.250-0300] {logging_mixin.py:154} INFO - [2023-11-27T21:15:24.250-0300] {dag.py:2941} INFO - Sync 1 DAGs
[2023-11-27T21:15:24.270-0300] {logging_mixin.py:154} INFO - [2023-11-27T21:15:24.270-0300] {dag.py:3722} INFO - Setting next_dagrun for example_sensors to None, run_after=None
[2023-11-27T21:15:24.313-0300] {processor.py:179} INFO - Processing /home/marcos/anaconda3/envs/XPe-IGTI/lib/python3.8/site-packages/airflow/example_dags/example_sensors.py took 0.139 seconds
[2023-11-27T21:16:09.918-0300] {processor.py:157} INFO - Started process (PID=53032) to work on /home/marcos/anaconda3/envs/XPe-IGTI/lib/python3.8/site-packages/airflow/example_dags/example_sensors.py
[2023-11-27T21:16:09.924-0300] {processor.py:829} INFO - Processing file /home/marcos/anaconda3/envs/XPe-IGTI/lib/python3.8/site-packages/airflow/example_dags/example_sensors.py for tasks to queue
[2023-11-27T21:16:09.926-0300] {logging_mixin.py:154} INFO - [2023-11-27T21:16:09.925-0300] {dagbag.py:536} INFO - Filling up the DagBag from /home/marcos/anaconda3/envs/XPe-IGTI/lib/python3.8/site-packages/airflow/example_dags/example_sensors.py
[2023-11-27T21:16:09.946-0300] {processor.py:839} INFO - DAG(s) dict_keys(['example_sensors']) retrieved from /home/marcos/anaconda3/envs/XPe-IGTI/lib/python3.8/site-packages/airflow/example_dags/example_sensors.py
[2023-11-27T21:16:09.977-0300] {logging_mixin.py:154} INFO - [2023-11-27T21:16:09.977-0300] {dag.py:2941} INFO - Sync 1 DAGs
[2023-11-27T21:16:09.996-0300] {logging_mixin.py:154} INFO - [2023-11-27T21:16:09.995-0300] {dag.py:3722} INFO - Setting next_dagrun for example_sensors to None, run_after=None
[2023-11-27T21:16:10.032-0300] {processor.py:179} INFO - Processing /home/marcos/anaconda3/envs/XPe-IGTI/lib/python3.8/site-packages/airflow/example_dags/example_sensors.py took 0.125 seconds
[2023-11-27T21:16:56.846-0300] {processor.py:157} INFO - Started process (PID=53110) to work on /home/marcos/anaconda3/envs/XPe-IGTI/lib/python3.8/site-packages/airflow/example_dags/example_sensors.py
[2023-11-27T21:16:56.851-0300] {processor.py:829} INFO - Processing file /home/marcos/anaconda3/envs/XPe-IGTI/lib/python3.8/site-packages/airflow/example_dags/example_sensors.py for tasks to queue
[2023-11-27T21:16:56.852-0300] {logging_mixin.py:154} INFO - [2023-11-27T21:16:56.851-0300] {dagbag.py:536} INFO - Filling up the DagBag from /home/marcos/anaconda3/envs/XPe-IGTI/lib/python3.8/site-packages/airflow/example_dags/example_sensors.py
[2023-11-27T21:16:56.867-0300] {processor.py:839} INFO - DAG(s) dict_keys(['example_sensors']) retrieved from /home/marcos/anaconda3/envs/XPe-IGTI/lib/python3.8/site-packages/airflow/example_dags/example_sensors.py
[2023-11-27T21:16:56.898-0300] {logging_mixin.py:154} INFO - [2023-11-27T21:16:56.898-0300] {dag.py:2941} INFO - Sync 1 DAGs
[2023-11-27T21:16:56.918-0300] {logging_mixin.py:154} INFO - [2023-11-27T21:16:56.918-0300] {dag.py:3722} INFO - Setting next_dagrun for example_sensors to None, run_after=None
[2023-11-27T21:16:56.950-0300] {processor.py:179} INFO - Processing /home/marcos/anaconda3/envs/XPe-IGTI/lib/python3.8/site-packages/airflow/example_dags/example_sensors.py took 0.109 seconds
[2023-11-27T21:17:44.944-0300] {processor.py:157} INFO - Started process (PID=53170) to work on /home/marcos/anaconda3/envs/XPe-IGTI/lib/python3.8/site-packages/airflow/example_dags/example_sensors.py
[2023-11-27T21:17:44.948-0300] {processor.py:829} INFO - Processing file /home/marcos/anaconda3/envs/XPe-IGTI/lib/python3.8/site-packages/airflow/example_dags/example_sensors.py for tasks to queue
[2023-11-27T21:17:44.949-0300] {logging_mixin.py:154} INFO - [2023-11-27T21:17:44.948-0300] {dagbag.py:536} INFO - Filling up the DagBag from /home/marcos/anaconda3/envs/XPe-IGTI/lib/python3.8/site-packages/airflow/example_dags/example_sensors.py
[2023-11-27T21:17:44.965-0300] {processor.py:839} INFO - DAG(s) dict_keys(['example_sensors']) retrieved from /home/marcos/anaconda3/envs/XPe-IGTI/lib/python3.8/site-packages/airflow/example_dags/example_sensors.py
[2023-11-27T21:17:44.999-0300] {logging_mixin.py:154} INFO - [2023-11-27T21:17:44.999-0300] {dag.py:2941} INFO - Sync 1 DAGs
[2023-11-27T21:17:45.017-0300] {logging_mixin.py:154} INFO - [2023-11-27T21:17:45.016-0300] {dag.py:3722} INFO - Setting next_dagrun for example_sensors to None, run_after=None
[2023-11-27T21:17:45.051-0300] {processor.py:179} INFO - Processing /home/marcos/anaconda3/envs/XPe-IGTI/lib/python3.8/site-packages/airflow/example_dags/example_sensors.py took 0.112 seconds
[2023-11-27T21:18:32.272-0300] {processor.py:157} INFO - Started process (PID=53228) to work on /home/marcos/anaconda3/envs/XPe-IGTI/lib/python3.8/site-packages/airflow/example_dags/example_sensors.py
[2023-11-27T21:18:32.274-0300] {processor.py:829} INFO - Processing file /home/marcos/anaconda3/envs/XPe-IGTI/lib/python3.8/site-packages/airflow/example_dags/example_sensors.py for tasks to queue
[2023-11-27T21:18:32.275-0300] {logging_mixin.py:154} INFO - [2023-11-27T21:18:32.274-0300] {dagbag.py:536} INFO - Filling up the DagBag from /home/marcos/anaconda3/envs/XPe-IGTI/lib/python3.8/site-packages/airflow/example_dags/example_sensors.py
[2023-11-27T21:18:32.292-0300] {processor.py:839} INFO - DAG(s) dict_keys(['example_sensors']) retrieved from /home/marcos/anaconda3/envs/XPe-IGTI/lib/python3.8/site-packages/airflow/example_dags/example_sensors.py
[2023-11-27T21:18:32.324-0300] {logging_mixin.py:154} INFO - [2023-11-27T21:18:32.324-0300] {dag.py:2941} INFO - Sync 1 DAGs
[2023-11-27T21:18:32.343-0300] {logging_mixin.py:154} INFO - [2023-11-27T21:18:32.342-0300] {dag.py:3722} INFO - Setting next_dagrun for example_sensors to None, run_after=None
[2023-11-27T21:18:32.377-0300] {processor.py:179} INFO - Processing /home/marcos/anaconda3/envs/XPe-IGTI/lib/python3.8/site-packages/airflow/example_dags/example_sensors.py took 0.110 seconds
[2023-11-27T21:19:36.631-0300] {processor.py:157} INFO - Started process (PID=53304) to work on /home/marcos/anaconda3/envs/XPe-IGTI/lib/python3.8/site-packages/airflow/example_dags/example_sensors.py
[2023-11-27T21:19:36.636-0300] {processor.py:829} INFO - Processing file /home/marcos/anaconda3/envs/XPe-IGTI/lib/python3.8/site-packages/airflow/example_dags/example_sensors.py for tasks to queue
[2023-11-27T21:19:36.637-0300] {logging_mixin.py:154} INFO - [2023-11-27T21:19:36.637-0300] {dagbag.py:536} INFO - Filling up the DagBag from /home/marcos/anaconda3/envs/XPe-IGTI/lib/python3.8/site-packages/airflow/example_dags/example_sensors.py
[2023-11-27T21:19:36.655-0300] {processor.py:839} INFO - DAG(s) dict_keys(['example_sensors']) retrieved from /home/marcos/anaconda3/envs/XPe-IGTI/lib/python3.8/site-packages/airflow/example_dags/example_sensors.py
[2023-11-27T21:19:36.689-0300] {logging_mixin.py:154} INFO - [2023-11-27T21:19:36.689-0300] {dag.py:2941} INFO - Sync 1 DAGs
[2023-11-27T21:19:36.708-0300] {logging_mixin.py:154} INFO - [2023-11-27T21:19:36.708-0300] {dag.py:3722} INFO - Setting next_dagrun for example_sensors to None, run_after=None
[2023-11-27T21:19:36.742-0300] {processor.py:179} INFO - Processing /home/marcos/anaconda3/envs/XPe-IGTI/lib/python3.8/site-packages/airflow/example_dags/example_sensors.py took 0.116 seconds
[2023-11-27T21:20:23.943-0300] {processor.py:157} INFO - Started process (PID=53353) to work on /home/marcos/anaconda3/envs/XPe-IGTI/lib/python3.8/site-packages/airflow/example_dags/example_sensors.py
[2023-11-27T21:20:23.947-0300] {processor.py:829} INFO - Processing file /home/marcos/anaconda3/envs/XPe-IGTI/lib/python3.8/site-packages/airflow/example_dags/example_sensors.py for tasks to queue
[2023-11-27T21:20:23.949-0300] {logging_mixin.py:154} INFO - [2023-11-27T21:20:23.948-0300] {dagbag.py:536} INFO - Filling up the DagBag from /home/marcos/anaconda3/envs/XPe-IGTI/lib/python3.8/site-packages/airflow/example_dags/example_sensors.py
[2023-11-27T21:20:23.967-0300] {processor.py:839} INFO - DAG(s) dict_keys(['example_sensors']) retrieved from /home/marcos/anaconda3/envs/XPe-IGTI/lib/python3.8/site-packages/airflow/example_dags/example_sensors.py
[2023-11-27T21:20:24.005-0300] {logging_mixin.py:154} INFO - [2023-11-27T21:20:24.004-0300] {dag.py:2941} INFO - Sync 1 DAGs
[2023-11-27T21:20:24.032-0300] {logging_mixin.py:154} INFO - [2023-11-27T21:20:24.032-0300] {dag.py:3722} INFO - Setting next_dagrun for example_sensors to None, run_after=None
[2023-11-27T21:20:24.082-0300] {processor.py:179} INFO - Processing /home/marcos/anaconda3/envs/XPe-IGTI/lib/python3.8/site-packages/airflow/example_dags/example_sensors.py took 0.145 seconds
[2023-11-27T21:21:08.998-0300] {processor.py:157} INFO - Started process (PID=53407) to work on /home/marcos/anaconda3/envs/XPe-IGTI/lib/python3.8/site-packages/airflow/example_dags/example_sensors.py
[2023-11-27T21:21:09.002-0300] {processor.py:829} INFO - Processing file /home/marcos/anaconda3/envs/XPe-IGTI/lib/python3.8/site-packages/airflow/example_dags/example_sensors.py for tasks to queue
[2023-11-27T21:21:09.004-0300] {logging_mixin.py:154} INFO - [2023-11-27T21:21:09.004-0300] {dagbag.py:536} INFO - Filling up the DagBag from /home/marcos/anaconda3/envs/XPe-IGTI/lib/python3.8/site-packages/airflow/example_dags/example_sensors.py
[2023-11-27T21:21:09.020-0300] {processor.py:839} INFO - DAG(s) dict_keys(['example_sensors']) retrieved from /home/marcos/anaconda3/envs/XPe-IGTI/lib/python3.8/site-packages/airflow/example_dags/example_sensors.py
[2023-11-27T21:21:09.067-0300] {logging_mixin.py:154} INFO - [2023-11-27T21:21:09.067-0300] {dag.py:2941} INFO - Sync 1 DAGs
[2023-11-27T21:21:09.100-0300] {logging_mixin.py:154} INFO - [2023-11-27T21:21:09.100-0300] {dag.py:3722} INFO - Setting next_dagrun for example_sensors to None, run_after=None
[2023-11-27T21:21:09.142-0300] {processor.py:179} INFO - Processing /home/marcos/anaconda3/envs/XPe-IGTI/lib/python3.8/site-packages/airflow/example_dags/example_sensors.py took 0.149 seconds
[2023-11-27T21:21:54.754-0300] {processor.py:157} INFO - Started process (PID=53482) to work on /home/marcos/anaconda3/envs/XPe-IGTI/lib/python3.8/site-packages/airflow/example_dags/example_sensors.py
[2023-11-27T21:21:54.759-0300] {processor.py:829} INFO - Processing file /home/marcos/anaconda3/envs/XPe-IGTI/lib/python3.8/site-packages/airflow/example_dags/example_sensors.py for tasks to queue
[2023-11-27T21:21:54.761-0300] {logging_mixin.py:154} INFO - [2023-11-27T21:21:54.760-0300] {dagbag.py:536} INFO - Filling up the DagBag from /home/marcos/anaconda3/envs/XPe-IGTI/lib/python3.8/site-packages/airflow/example_dags/example_sensors.py
[2023-11-27T21:21:54.785-0300] {processor.py:839} INFO - DAG(s) dict_keys(['example_sensors']) retrieved from /home/marcos/anaconda3/envs/XPe-IGTI/lib/python3.8/site-packages/airflow/example_dags/example_sensors.py
[2023-11-27T21:21:54.822-0300] {logging_mixin.py:154} INFO - [2023-11-27T21:21:54.822-0300] {dag.py:2941} INFO - Sync 1 DAGs
[2023-11-27T21:21:54.843-0300] {logging_mixin.py:154} INFO - [2023-11-27T21:21:54.843-0300] {dag.py:3722} INFO - Setting next_dagrun for example_sensors to None, run_after=None
[2023-11-27T21:21:54.880-0300] {processor.py:179} INFO - Processing /home/marcos/anaconda3/envs/XPe-IGTI/lib/python3.8/site-packages/airflow/example_dags/example_sensors.py took 0.131 seconds
[2023-11-27T21:22:55.492-0300] {processor.py:157} INFO - Started process (PID=53559) to work on /home/marcos/anaconda3/envs/XPe-IGTI/lib/python3.8/site-packages/airflow/example_dags/example_sensors.py
[2023-11-27T21:22:55.493-0300] {processor.py:829} INFO - Processing file /home/marcos/anaconda3/envs/XPe-IGTI/lib/python3.8/site-packages/airflow/example_dags/example_sensors.py for tasks to queue
[2023-11-27T21:22:55.495-0300] {logging_mixin.py:154} INFO - [2023-11-27T21:22:55.494-0300] {dagbag.py:536} INFO - Filling up the DagBag from /home/marcos/anaconda3/envs/XPe-IGTI/lib/python3.8/site-packages/airflow/example_dags/example_sensors.py
[2023-11-27T21:22:55.513-0300] {processor.py:839} INFO - DAG(s) dict_keys(['example_sensors']) retrieved from /home/marcos/anaconda3/envs/XPe-IGTI/lib/python3.8/site-packages/airflow/example_dags/example_sensors.py
[2023-11-27T21:22:55.549-0300] {logging_mixin.py:154} INFO - [2023-11-27T21:22:55.549-0300] {dag.py:2941} INFO - Sync 1 DAGs
[2023-11-27T21:22:55.569-0300] {logging_mixin.py:154} INFO - [2023-11-27T21:22:55.568-0300] {dag.py:3722} INFO - Setting next_dagrun for example_sensors to None, run_after=None
[2023-11-27T21:22:55.603-0300] {processor.py:179} INFO - Processing /home/marcos/anaconda3/envs/XPe-IGTI/lib/python3.8/site-packages/airflow/example_dags/example_sensors.py took 0.118 seconds
[2023-11-27T21:23:58.239-0300] {processor.py:157} INFO - Started process (PID=53631) to work on /home/marcos/anaconda3/envs/XPe-IGTI/lib/python3.8/site-packages/airflow/example_dags/example_sensors.py
[2023-11-27T21:23:58.246-0300] {processor.py:829} INFO - Processing file /home/marcos/anaconda3/envs/XPe-IGTI/lib/python3.8/site-packages/airflow/example_dags/example_sensors.py for tasks to queue
[2023-11-27T21:23:58.250-0300] {logging_mixin.py:154} INFO - [2023-11-27T21:23:58.249-0300] {dagbag.py:536} INFO - Filling up the DagBag from /home/marcos/anaconda3/envs/XPe-IGTI/lib/python3.8/site-packages/airflow/example_dags/example_sensors.py
[2023-11-27T21:23:58.287-0300] {processor.py:839} INFO - DAG(s) dict_keys(['example_sensors']) retrieved from /home/marcos/anaconda3/envs/XPe-IGTI/lib/python3.8/site-packages/airflow/example_dags/example_sensors.py
[2023-11-27T21:23:58.335-0300] {logging_mixin.py:154} INFO - [2023-11-27T21:23:58.335-0300] {dag.py:2941} INFO - Sync 1 DAGs
[2023-11-27T21:23:58.353-0300] {logging_mixin.py:154} INFO - [2023-11-27T21:23:58.353-0300] {dag.py:3722} INFO - Setting next_dagrun for example_sensors to None, run_after=None
[2023-11-27T21:23:58.391-0300] {processor.py:179} INFO - Processing /home/marcos/anaconda3/envs/XPe-IGTI/lib/python3.8/site-packages/airflow/example_dags/example_sensors.py took 0.160 seconds
[2023-11-27T21:24:42.752-0300] {processor.py:157} INFO - Started process (PID=53685) to work on /home/marcos/anaconda3/envs/XPe-IGTI/lib/python3.8/site-packages/airflow/example_dags/example_sensors.py
[2023-11-27T21:24:42.757-0300] {processor.py:829} INFO - Processing file /home/marcos/anaconda3/envs/XPe-IGTI/lib/python3.8/site-packages/airflow/example_dags/example_sensors.py for tasks to queue
[2023-11-27T21:24:42.759-0300] {logging_mixin.py:154} INFO - [2023-11-27T21:24:42.758-0300] {dagbag.py:536} INFO - Filling up the DagBag from /home/marcos/anaconda3/envs/XPe-IGTI/lib/python3.8/site-packages/airflow/example_dags/example_sensors.py
[2023-11-27T21:24:42.776-0300] {processor.py:839} INFO - DAG(s) dict_keys(['example_sensors']) retrieved from /home/marcos/anaconda3/envs/XPe-IGTI/lib/python3.8/site-packages/airflow/example_dags/example_sensors.py
[2023-11-27T21:24:42.811-0300] {logging_mixin.py:154} INFO - [2023-11-27T21:24:42.811-0300] {dag.py:2941} INFO - Sync 1 DAGs
[2023-11-27T21:24:42.832-0300] {logging_mixin.py:154} INFO - [2023-11-27T21:24:42.831-0300] {dag.py:3722} INFO - Setting next_dagrun for example_sensors to None, run_after=None
[2023-11-27T21:24:42.869-0300] {processor.py:179} INFO - Processing /home/marcos/anaconda3/envs/XPe-IGTI/lib/python3.8/site-packages/airflow/example_dags/example_sensors.py took 0.122 seconds
[2023-11-27T21:25:31.822-0300] {processor.py:157} INFO - Started process (PID=53749) to work on /home/marcos/anaconda3/envs/XPe-IGTI/lib/python3.8/site-packages/airflow/example_dags/example_sensors.py
[2023-11-27T21:25:31.827-0300] {processor.py:829} INFO - Processing file /home/marcos/anaconda3/envs/XPe-IGTI/lib/python3.8/site-packages/airflow/example_dags/example_sensors.py for tasks to queue
[2023-11-27T21:25:31.830-0300] {logging_mixin.py:154} INFO - [2023-11-27T21:25:31.828-0300] {dagbag.py:536} INFO - Filling up the DagBag from /home/marcos/anaconda3/envs/XPe-IGTI/lib/python3.8/site-packages/airflow/example_dags/example_sensors.py
[2023-11-27T21:25:31.850-0300] {processor.py:839} INFO - DAG(s) dict_keys(['example_sensors']) retrieved from /home/marcos/anaconda3/envs/XPe-IGTI/lib/python3.8/site-packages/airflow/example_dags/example_sensors.py
[2023-11-27T21:25:31.884-0300] {logging_mixin.py:154} INFO - [2023-11-27T21:25:31.883-0300] {dag.py:2941} INFO - Sync 1 DAGs
[2023-11-27T21:25:31.902-0300] {logging_mixin.py:154} INFO - [2023-11-27T21:25:31.902-0300] {dag.py:3722} INFO - Setting next_dagrun for example_sensors to None, run_after=None
[2023-11-27T21:25:31.935-0300] {processor.py:179} INFO - Processing /home/marcos/anaconda3/envs/XPe-IGTI/lib/python3.8/site-packages/airflow/example_dags/example_sensors.py took 0.119 seconds
[2023-11-27T21:26:21.381-0300] {processor.py:157} INFO - Started process (PID=53806) to work on /home/marcos/anaconda3/envs/XPe-IGTI/lib/python3.8/site-packages/airflow/example_dags/example_sensors.py
[2023-11-27T21:26:21.386-0300] {processor.py:829} INFO - Processing file /home/marcos/anaconda3/envs/XPe-IGTI/lib/python3.8/site-packages/airflow/example_dags/example_sensors.py for tasks to queue
[2023-11-27T21:26:21.389-0300] {logging_mixin.py:154} INFO - [2023-11-27T21:26:21.388-0300] {dagbag.py:536} INFO - Filling up the DagBag from /home/marcos/anaconda3/envs/XPe-IGTI/lib/python3.8/site-packages/airflow/example_dags/example_sensors.py
[2023-11-27T21:26:21.413-0300] {processor.py:839} INFO - DAG(s) dict_keys(['example_sensors']) retrieved from /home/marcos/anaconda3/envs/XPe-IGTI/lib/python3.8/site-packages/airflow/example_dags/example_sensors.py
[2023-11-27T21:26:21.446-0300] {logging_mixin.py:154} INFO - [2023-11-27T21:26:21.446-0300] {dag.py:2941} INFO - Sync 1 DAGs
[2023-11-27T21:26:21.464-0300] {logging_mixin.py:154} INFO - [2023-11-27T21:26:21.464-0300] {dag.py:3722} INFO - Setting next_dagrun for example_sensors to None, run_after=None
[2023-11-27T21:26:21.499-0300] {processor.py:179} INFO - Processing /home/marcos/anaconda3/envs/XPe-IGTI/lib/python3.8/site-packages/airflow/example_dags/example_sensors.py took 0.125 seconds
[2023-11-27T21:27:09.438-0300] {processor.py:157} INFO - Started process (PID=53885) to work on /home/marcos/anaconda3/envs/XPe-IGTI/lib/python3.8/site-packages/airflow/example_dags/example_sensors.py
[2023-11-27T21:27:09.442-0300] {processor.py:829} INFO - Processing file /home/marcos/anaconda3/envs/XPe-IGTI/lib/python3.8/site-packages/airflow/example_dags/example_sensors.py for tasks to queue
[2023-11-27T21:27:09.443-0300] {logging_mixin.py:154} INFO - [2023-11-27T21:27:09.443-0300] {dagbag.py:536} INFO - Filling up the DagBag from /home/marcos/anaconda3/envs/XPe-IGTI/lib/python3.8/site-packages/airflow/example_dags/example_sensors.py
[2023-11-27T21:27:09.461-0300] {processor.py:839} INFO - DAG(s) dict_keys(['example_sensors']) retrieved from /home/marcos/anaconda3/envs/XPe-IGTI/lib/python3.8/site-packages/airflow/example_dags/example_sensors.py
[2023-11-27T21:27:09.508-0300] {logging_mixin.py:154} INFO - [2023-11-27T21:27:09.507-0300] {dag.py:2941} INFO - Sync 1 DAGs
[2023-11-27T21:27:09.529-0300] {logging_mixin.py:154} INFO - [2023-11-27T21:27:09.528-0300] {dag.py:3722} INFO - Setting next_dagrun for example_sensors to None, run_after=None
[2023-11-27T21:27:09.576-0300] {processor.py:179} INFO - Processing /home/marcos/anaconda3/envs/XPe-IGTI/lib/python3.8/site-packages/airflow/example_dags/example_sensors.py took 0.144 seconds
[2023-11-27T21:27:53.437-0300] {processor.py:157} INFO - Started process (PID=53944) to work on /home/marcos/anaconda3/envs/XPe-IGTI/lib/python3.8/site-packages/airflow/example_dags/example_sensors.py
[2023-11-27T21:27:53.441-0300] {processor.py:829} INFO - Processing file /home/marcos/anaconda3/envs/XPe-IGTI/lib/python3.8/site-packages/airflow/example_dags/example_sensors.py for tasks to queue
[2023-11-27T21:27:53.443-0300] {logging_mixin.py:154} INFO - [2023-11-27T21:27:53.442-0300] {dagbag.py:536} INFO - Filling up the DagBag from /home/marcos/anaconda3/envs/XPe-IGTI/lib/python3.8/site-packages/airflow/example_dags/example_sensors.py
[2023-11-27T21:27:53.464-0300] {processor.py:839} INFO - DAG(s) dict_keys(['example_sensors']) retrieved from /home/marcos/anaconda3/envs/XPe-IGTI/lib/python3.8/site-packages/airflow/example_dags/example_sensors.py
[2023-11-27T21:27:53.501-0300] {logging_mixin.py:154} INFO - [2023-11-27T21:27:53.500-0300] {dag.py:2941} INFO - Sync 1 DAGs
[2023-11-27T21:27:53.521-0300] {logging_mixin.py:154} INFO - [2023-11-27T21:27:53.521-0300] {dag.py:3722} INFO - Setting next_dagrun for example_sensors to None, run_after=None
[2023-11-27T21:27:53.558-0300] {processor.py:179} INFO - Processing /home/marcos/anaconda3/envs/XPe-IGTI/lib/python3.8/site-packages/airflow/example_dags/example_sensors.py took 0.126 seconds
[2023-11-27T21:28:38.522-0300] {processor.py:157} INFO - Started process (PID=54006) to work on /home/marcos/anaconda3/envs/XPe-IGTI/lib/python3.8/site-packages/airflow/example_dags/example_sensors.py
[2023-11-27T21:28:38.526-0300] {processor.py:829} INFO - Processing file /home/marcos/anaconda3/envs/XPe-IGTI/lib/python3.8/site-packages/airflow/example_dags/example_sensors.py for tasks to queue
[2023-11-27T21:28:38.527-0300] {logging_mixin.py:154} INFO - [2023-11-27T21:28:38.527-0300] {dagbag.py:536} INFO - Filling up the DagBag from /home/marcos/anaconda3/envs/XPe-IGTI/lib/python3.8/site-packages/airflow/example_dags/example_sensors.py
[2023-11-27T21:28:38.541-0300] {processor.py:839} INFO - DAG(s) dict_keys(['example_sensors']) retrieved from /home/marcos/anaconda3/envs/XPe-IGTI/lib/python3.8/site-packages/airflow/example_dags/example_sensors.py
[2023-11-27T21:28:38.574-0300] {logging_mixin.py:154} INFO - [2023-11-27T21:28:38.573-0300] {dag.py:2941} INFO - Sync 1 DAGs
[2023-11-27T21:28:38.598-0300] {logging_mixin.py:154} INFO - [2023-11-27T21:28:38.598-0300] {dag.py:3722} INFO - Setting next_dagrun for example_sensors to None, run_after=None
[2023-11-27T21:28:38.638-0300] {processor.py:179} INFO - Processing /home/marcos/anaconda3/envs/XPe-IGTI/lib/python3.8/site-packages/airflow/example_dags/example_sensors.py took 0.120 seconds
[2023-11-28T18:52:34.882-0300] {processor.py:157} INFO - Started process (PID=144630) to work on /home/marcos/anaconda3/envs/XPe-IGTI/lib/python3.8/site-packages/airflow/example_dags/example_sensors.py
[2023-11-28T18:52:34.883-0300] {processor.py:829} INFO - Processing file /home/marcos/anaconda3/envs/XPe-IGTI/lib/python3.8/site-packages/airflow/example_dags/example_sensors.py for tasks to queue
[2023-11-28T18:52:34.884-0300] {logging_mixin.py:154} INFO - [2023-11-28T18:52:34.884-0300] {dagbag.py:536} INFO - Filling up the DagBag from /home/marcos/anaconda3/envs/XPe-IGTI/lib/python3.8/site-packages/airflow/example_dags/example_sensors.py
[2023-11-28T18:52:34.893-0300] {processor.py:839} INFO - DAG(s) dict_keys(['example_sensors']) retrieved from /home/marcos/anaconda3/envs/XPe-IGTI/lib/python3.8/site-packages/airflow/example_dags/example_sensors.py
[2023-11-28T18:52:34.912-0300] {logging_mixin.py:154} INFO - [2023-11-28T18:52:34.911-0300] {dag.py:2941} INFO - Sync 1 DAGs
[2023-11-28T18:52:34.922-0300] {logging_mixin.py:154} INFO - [2023-11-28T18:52:34.922-0300] {dag.py:3722} INFO - Setting next_dagrun for example_sensors to None, run_after=None
[2023-11-28T18:52:34.940-0300] {processor.py:179} INFO - Processing /home/marcos/anaconda3/envs/XPe-IGTI/lib/python3.8/site-packages/airflow/example_dags/example_sensors.py took 0.060 seconds
[2023-11-28T18:53:21.837-0300] {processor.py:157} INFO - Started process (PID=144716) to work on /home/marcos/anaconda3/envs/XPe-IGTI/lib/python3.8/site-packages/airflow/example_dags/example_sensors.py
[2023-11-28T18:53:21.842-0300] {processor.py:829} INFO - Processing file /home/marcos/anaconda3/envs/XPe-IGTI/lib/python3.8/site-packages/airflow/example_dags/example_sensors.py for tasks to queue
[2023-11-28T18:53:21.842-0300] {logging_mixin.py:154} INFO - [2023-11-28T18:53:21.842-0300] {dagbag.py:536} INFO - Filling up the DagBag from /home/marcos/anaconda3/envs/XPe-IGTI/lib/python3.8/site-packages/airflow/example_dags/example_sensors.py
[2023-11-28T18:53:21.852-0300] {processor.py:839} INFO - DAG(s) dict_keys(['example_sensors']) retrieved from /home/marcos/anaconda3/envs/XPe-IGTI/lib/python3.8/site-packages/airflow/example_dags/example_sensors.py
[2023-11-28T18:53:21.875-0300] {logging_mixin.py:154} INFO - [2023-11-28T18:53:21.874-0300] {dag.py:2941} INFO - Sync 1 DAGs
[2023-11-28T18:53:21.886-0300] {logging_mixin.py:154} INFO - [2023-11-28T18:53:21.885-0300] {dag.py:3722} INFO - Setting next_dagrun for example_sensors to None, run_after=None
[2023-11-28T18:53:21.908-0300] {processor.py:179} INFO - Processing /home/marcos/anaconda3/envs/XPe-IGTI/lib/python3.8/site-packages/airflow/example_dags/example_sensors.py took 0.074 seconds
[2023-11-28T18:54:18.077-0300] {processor.py:157} INFO - Started process (PID=145238) to work on /home/marcos/anaconda3/envs/XPe-IGTI/lib/python3.8/site-packages/airflow/example_dags/example_sensors.py
[2023-11-28T18:54:18.079-0300] {processor.py:829} INFO - Processing file /home/marcos/anaconda3/envs/XPe-IGTI/lib/python3.8/site-packages/airflow/example_dags/example_sensors.py for tasks to queue
[2023-11-28T18:54:18.081-0300] {logging_mixin.py:154} INFO - [2023-11-28T18:54:18.080-0300] {dagbag.py:536} INFO - Filling up the DagBag from /home/marcos/anaconda3/envs/XPe-IGTI/lib/python3.8/site-packages/airflow/example_dags/example_sensors.py
[2023-11-28T18:54:18.103-0300] {processor.py:839} INFO - DAG(s) dict_keys(['example_sensors']) retrieved from /home/marcos/anaconda3/envs/XPe-IGTI/lib/python3.8/site-packages/airflow/example_dags/example_sensors.py
[2023-11-28T18:54:18.150-0300] {logging_mixin.py:154} INFO - [2023-11-28T18:54:18.150-0300] {dag.py:2941} INFO - Sync 1 DAGs
[2023-11-28T18:54:18.174-0300] {logging_mixin.py:154} INFO - [2023-11-28T18:54:18.174-0300] {dag.py:3722} INFO - Setting next_dagrun for example_sensors to None, run_after=None
[2023-11-28T18:54:18.207-0300] {processor.py:179} INFO - Processing /home/marcos/anaconda3/envs/XPe-IGTI/lib/python3.8/site-packages/airflow/example_dags/example_sensors.py took 0.137 seconds
[2023-11-28T18:55:10.286-0300] {processor.py:157} INFO - Started process (PID=145339) to work on /home/marcos/anaconda3/envs/XPe-IGTI/lib/python3.8/site-packages/airflow/example_dags/example_sensors.py
[2023-11-28T18:55:10.287-0300] {processor.py:829} INFO - Processing file /home/marcos/anaconda3/envs/XPe-IGTI/lib/python3.8/site-packages/airflow/example_dags/example_sensors.py for tasks to queue
[2023-11-28T18:55:10.288-0300] {logging_mixin.py:154} INFO - [2023-11-28T18:55:10.288-0300] {dagbag.py:536} INFO - Filling up the DagBag from /home/marcos/anaconda3/envs/XPe-IGTI/lib/python3.8/site-packages/airflow/example_dags/example_sensors.py
[2023-11-28T18:55:10.300-0300] {processor.py:839} INFO - DAG(s) dict_keys(['example_sensors']) retrieved from /home/marcos/anaconda3/envs/XPe-IGTI/lib/python3.8/site-packages/airflow/example_dags/example_sensors.py
[2023-11-28T18:55:10.321-0300] {logging_mixin.py:154} INFO - [2023-11-28T18:55:10.321-0300] {dag.py:2941} INFO - Sync 1 DAGs
[2023-11-28T18:55:10.332-0300] {logging_mixin.py:154} INFO - [2023-11-28T18:55:10.332-0300] {dag.py:3722} INFO - Setting next_dagrun for example_sensors to None, run_after=None
[2023-11-28T18:55:10.349-0300] {processor.py:179} INFO - Processing /home/marcos/anaconda3/envs/XPe-IGTI/lib/python3.8/site-packages/airflow/example_dags/example_sensors.py took 0.067 seconds
[2023-11-28T18:56:08.703-0300] {processor.py:157} INFO - Started process (PID=145431) to work on /home/marcos/anaconda3/envs/XPe-IGTI/lib/python3.8/site-packages/airflow/example_dags/example_sensors.py
[2023-11-28T18:56:08.707-0300] {processor.py:829} INFO - Processing file /home/marcos/anaconda3/envs/XPe-IGTI/lib/python3.8/site-packages/airflow/example_dags/example_sensors.py for tasks to queue
[2023-11-28T18:56:08.708-0300] {logging_mixin.py:154} INFO - [2023-11-28T18:56:08.708-0300] {dagbag.py:536} INFO - Filling up the DagBag from /home/marcos/anaconda3/envs/XPe-IGTI/lib/python3.8/site-packages/airflow/example_dags/example_sensors.py
[2023-11-28T18:56:08.719-0300] {processor.py:839} INFO - DAG(s) dict_keys(['example_sensors']) retrieved from /home/marcos/anaconda3/envs/XPe-IGTI/lib/python3.8/site-packages/airflow/example_dags/example_sensors.py
[2023-11-28T18:56:08.739-0300] {logging_mixin.py:154} INFO - [2023-11-28T18:56:08.738-0300] {dag.py:2941} INFO - Sync 1 DAGs
[2023-11-28T18:56:08.749-0300] {logging_mixin.py:154} INFO - [2023-11-28T18:56:08.749-0300] {dag.py:3722} INFO - Setting next_dagrun for example_sensors to None, run_after=None
[2023-11-28T18:56:08.770-0300] {processor.py:179} INFO - Processing /home/marcos/anaconda3/envs/XPe-IGTI/lib/python3.8/site-packages/airflow/example_dags/example_sensors.py took 0.071 seconds
[2023-11-28T18:57:05.006-0300] {processor.py:157} INFO - Started process (PID=145558) to work on /home/marcos/anaconda3/envs/XPe-IGTI/lib/python3.8/site-packages/airflow/example_dags/example_sensors.py
[2023-11-28T18:57:05.011-0300] {processor.py:829} INFO - Processing file /home/marcos/anaconda3/envs/XPe-IGTI/lib/python3.8/site-packages/airflow/example_dags/example_sensors.py for tasks to queue
[2023-11-28T18:57:05.012-0300] {logging_mixin.py:154} INFO - [2023-11-28T18:57:05.011-0300] {dagbag.py:536} INFO - Filling up the DagBag from /home/marcos/anaconda3/envs/XPe-IGTI/lib/python3.8/site-packages/airflow/example_dags/example_sensors.py
[2023-11-28T18:57:05.027-0300] {processor.py:839} INFO - DAG(s) dict_keys(['example_sensors']) retrieved from /home/marcos/anaconda3/envs/XPe-IGTI/lib/python3.8/site-packages/airflow/example_dags/example_sensors.py
[2023-11-28T18:57:05.057-0300] {logging_mixin.py:154} INFO - [2023-11-28T18:57:05.057-0300] {dag.py:2941} INFO - Sync 1 DAGs
[2023-11-28T18:57:05.077-0300] {logging_mixin.py:154} INFO - [2023-11-28T18:57:05.077-0300] {dag.py:3722} INFO - Setting next_dagrun for example_sensors to None, run_after=None
[2023-11-28T18:57:05.119-0300] {processor.py:179} INFO - Processing /home/marcos/anaconda3/envs/XPe-IGTI/lib/python3.8/site-packages/airflow/example_dags/example_sensors.py took 0.117 seconds
[2023-11-28T18:57:57.362-0300] {processor.py:157} INFO - Started process (PID=145659) to work on /home/marcos/anaconda3/envs/XPe-IGTI/lib/python3.8/site-packages/airflow/example_dags/example_sensors.py
[2023-11-28T18:57:57.366-0300] {processor.py:829} INFO - Processing file /home/marcos/anaconda3/envs/XPe-IGTI/lib/python3.8/site-packages/airflow/example_dags/example_sensors.py for tasks to queue
[2023-11-28T18:57:57.367-0300] {logging_mixin.py:154} INFO - [2023-11-28T18:57:57.367-0300] {dagbag.py:536} INFO - Filling up the DagBag from /home/marcos/anaconda3/envs/XPe-IGTI/lib/python3.8/site-packages/airflow/example_dags/example_sensors.py
[2023-11-28T18:57:57.378-0300] {processor.py:839} INFO - DAG(s) dict_keys(['example_sensors']) retrieved from /home/marcos/anaconda3/envs/XPe-IGTI/lib/python3.8/site-packages/airflow/example_dags/example_sensors.py
[2023-11-28T18:57:57.396-0300] {logging_mixin.py:154} INFO - [2023-11-28T18:57:57.396-0300] {dag.py:2941} INFO - Sync 1 DAGs
[2023-11-28T18:57:57.406-0300] {logging_mixin.py:154} INFO - [2023-11-28T18:57:57.406-0300] {dag.py:3722} INFO - Setting next_dagrun for example_sensors to None, run_after=None
[2023-11-28T18:57:57.426-0300] {processor.py:179} INFO - Processing /home/marcos/anaconda3/envs/XPe-IGTI/lib/python3.8/site-packages/airflow/example_dags/example_sensors.py took 0.070 seconds
[2023-11-28T18:58:54.363-0300] {processor.py:157} INFO - Started process (PID=145746) to work on /home/marcos/anaconda3/envs/XPe-IGTI/lib/python3.8/site-packages/airflow/example_dags/example_sensors.py
[2023-11-28T18:58:54.364-0300] {processor.py:829} INFO - Processing file /home/marcos/anaconda3/envs/XPe-IGTI/lib/python3.8/site-packages/airflow/example_dags/example_sensors.py for tasks to queue
[2023-11-28T18:58:54.365-0300] {logging_mixin.py:154} INFO - [2023-11-28T18:58:54.364-0300] {dagbag.py:536} INFO - Filling up the DagBag from /home/marcos/anaconda3/envs/XPe-IGTI/lib/python3.8/site-packages/airflow/example_dags/example_sensors.py
[2023-11-28T18:58:54.374-0300] {processor.py:839} INFO - DAG(s) dict_keys(['example_sensors']) retrieved from /home/marcos/anaconda3/envs/XPe-IGTI/lib/python3.8/site-packages/airflow/example_dags/example_sensors.py
[2023-11-28T18:58:54.392-0300] {logging_mixin.py:154} INFO - [2023-11-28T18:58:54.392-0300] {dag.py:2941} INFO - Sync 1 DAGs
[2023-11-28T18:58:54.402-0300] {logging_mixin.py:154} INFO - [2023-11-28T18:58:54.402-0300] {dag.py:3722} INFO - Setting next_dagrun for example_sensors to None, run_after=None
[2023-11-28T18:58:54.420-0300] {processor.py:179} INFO - Processing /home/marcos/anaconda3/envs/XPe-IGTI/lib/python3.8/site-packages/airflow/example_dags/example_sensors.py took 0.061 seconds
[2023-11-28T18:59:55.608-0300] {processor.py:157} INFO - Started process (PID=145841) to work on /home/marcos/anaconda3/envs/XPe-IGTI/lib/python3.8/site-packages/airflow/example_dags/example_sensors.py
[2023-11-28T18:59:55.613-0300] {processor.py:829} INFO - Processing file /home/marcos/anaconda3/envs/XPe-IGTI/lib/python3.8/site-packages/airflow/example_dags/example_sensors.py for tasks to queue
[2023-11-28T18:59:55.615-0300] {logging_mixin.py:154} INFO - [2023-11-28T18:59:55.614-0300] {dagbag.py:536} INFO - Filling up the DagBag from /home/marcos/anaconda3/envs/XPe-IGTI/lib/python3.8/site-packages/airflow/example_dags/example_sensors.py
[2023-11-28T18:59:55.634-0300] {processor.py:839} INFO - DAG(s) dict_keys(['example_sensors']) retrieved from /home/marcos/anaconda3/envs/XPe-IGTI/lib/python3.8/site-packages/airflow/example_dags/example_sensors.py
[2023-11-28T18:59:55.655-0300] {logging_mixin.py:154} INFO - [2023-11-28T18:59:55.655-0300] {dag.py:2941} INFO - Sync 1 DAGs
[2023-11-28T18:59:55.665-0300] {logging_mixin.py:154} INFO - [2023-11-28T18:59:55.664-0300] {dag.py:3722} INFO - Setting next_dagrun for example_sensors to None, run_after=None
[2023-11-28T18:59:55.693-0300] {processor.py:179} INFO - Processing /home/marcos/anaconda3/envs/XPe-IGTI/lib/python3.8/site-packages/airflow/example_dags/example_sensors.py took 0.091 seconds
[2023-11-28T19:00:45.094-0300] {processor.py:157} INFO - Started process (PID=145919) to work on /home/marcos/anaconda3/envs/XPe-IGTI/lib/python3.8/site-packages/airflow/example_dags/example_sensors.py
[2023-11-28T19:00:45.095-0300] {processor.py:829} INFO - Processing file /home/marcos/anaconda3/envs/XPe-IGTI/lib/python3.8/site-packages/airflow/example_dags/example_sensors.py for tasks to queue
[2023-11-28T19:00:45.096-0300] {logging_mixin.py:154} INFO - [2023-11-28T19:00:45.095-0300] {dagbag.py:536} INFO - Filling up the DagBag from /home/marcos/anaconda3/envs/XPe-IGTI/lib/python3.8/site-packages/airflow/example_dags/example_sensors.py
[2023-11-28T19:00:45.104-0300] {processor.py:839} INFO - DAG(s) dict_keys(['example_sensors']) retrieved from /home/marcos/anaconda3/envs/XPe-IGTI/lib/python3.8/site-packages/airflow/example_dags/example_sensors.py
[2023-11-28T19:00:45.123-0300] {logging_mixin.py:154} INFO - [2023-11-28T19:00:45.123-0300] {dag.py:2941} INFO - Sync 1 DAGs
[2023-11-28T19:00:45.133-0300] {logging_mixin.py:154} INFO - [2023-11-28T19:00:45.133-0300] {dag.py:3722} INFO - Setting next_dagrun for example_sensors to None, run_after=None
[2023-11-28T19:00:45.150-0300] {processor.py:179} INFO - Processing /home/marcos/anaconda3/envs/XPe-IGTI/lib/python3.8/site-packages/airflow/example_dags/example_sensors.py took 0.058 seconds
[2023-11-28T19:01:42.132-0300] {processor.py:157} INFO - Started process (PID=146029) to work on /home/marcos/anaconda3/envs/XPe-IGTI/lib/python3.8/site-packages/airflow/example_dags/example_sensors.py
[2023-11-28T19:01:42.134-0300] {processor.py:829} INFO - Processing file /home/marcos/anaconda3/envs/XPe-IGTI/lib/python3.8/site-packages/airflow/example_dags/example_sensors.py for tasks to queue
[2023-11-28T19:01:42.135-0300] {logging_mixin.py:154} INFO - [2023-11-28T19:01:42.135-0300] {dagbag.py:536} INFO - Filling up the DagBag from /home/marcos/anaconda3/envs/XPe-IGTI/lib/python3.8/site-packages/airflow/example_dags/example_sensors.py
[2023-11-28T19:01:42.150-0300] {processor.py:839} INFO - DAG(s) dict_keys(['example_sensors']) retrieved from /home/marcos/anaconda3/envs/XPe-IGTI/lib/python3.8/site-packages/airflow/example_dags/example_sensors.py
[2023-11-28T19:01:42.185-0300] {logging_mixin.py:154} INFO - [2023-11-28T19:01:42.185-0300] {dag.py:2941} INFO - Sync 1 DAGs
[2023-11-28T19:01:42.203-0300] {logging_mixin.py:154} INFO - [2023-11-28T19:01:42.203-0300] {dag.py:3722} INFO - Setting next_dagrun for example_sensors to None, run_after=None
[2023-11-28T19:01:42.236-0300] {processor.py:179} INFO - Processing /home/marcos/anaconda3/envs/XPe-IGTI/lib/python3.8/site-packages/airflow/example_dags/example_sensors.py took 0.109 seconds
[2023-11-28T19:02:41.458-0300] {processor.py:157} INFO - Started process (PID=146154) to work on /home/marcos/anaconda3/envs/XPe-IGTI/lib/python3.8/site-packages/airflow/example_dags/example_sensors.py
[2023-11-28T19:02:41.462-0300] {processor.py:829} INFO - Processing file /home/marcos/anaconda3/envs/XPe-IGTI/lib/python3.8/site-packages/airflow/example_dags/example_sensors.py for tasks to queue
[2023-11-28T19:02:41.463-0300] {logging_mixin.py:154} INFO - [2023-11-28T19:02:41.463-0300] {dagbag.py:536} INFO - Filling up the DagBag from /home/marcos/anaconda3/envs/XPe-IGTI/lib/python3.8/site-packages/airflow/example_dags/example_sensors.py
[2023-11-28T19:02:41.474-0300] {processor.py:839} INFO - DAG(s) dict_keys(['example_sensors']) retrieved from /home/marcos/anaconda3/envs/XPe-IGTI/lib/python3.8/site-packages/airflow/example_dags/example_sensors.py
[2023-11-28T19:02:41.498-0300] {logging_mixin.py:154} INFO - [2023-11-28T19:02:41.497-0300] {dag.py:2941} INFO - Sync 1 DAGs
[2023-11-28T19:02:41.508-0300] {logging_mixin.py:154} INFO - [2023-11-28T19:02:41.508-0300] {dag.py:3722} INFO - Setting next_dagrun for example_sensors to None, run_after=None
[2023-11-28T19:02:41.528-0300] {processor.py:179} INFO - Processing /home/marcos/anaconda3/envs/XPe-IGTI/lib/python3.8/site-packages/airflow/example_dags/example_sensors.py took 0.073 seconds
[2023-11-28T19:03:39.211-0300] {processor.py:157} INFO - Started process (PID=146266) to work on /home/marcos/anaconda3/envs/XPe-IGTI/lib/python3.8/site-packages/airflow/example_dags/example_sensors.py
[2023-11-28T19:03:39.215-0300] {processor.py:829} INFO - Processing file /home/marcos/anaconda3/envs/XPe-IGTI/lib/python3.8/site-packages/airflow/example_dags/example_sensors.py for tasks to queue
[2023-11-28T19:03:39.217-0300] {logging_mixin.py:154} INFO - [2023-11-28T19:03:39.216-0300] {dagbag.py:536} INFO - Filling up the DagBag from /home/marcos/anaconda3/envs/XPe-IGTI/lib/python3.8/site-packages/airflow/example_dags/example_sensors.py
[2023-11-28T19:03:39.233-0300] {processor.py:839} INFO - DAG(s) dict_keys(['example_sensors']) retrieved from /home/marcos/anaconda3/envs/XPe-IGTI/lib/python3.8/site-packages/airflow/example_dags/example_sensors.py
[2023-11-28T19:03:39.265-0300] {logging_mixin.py:154} INFO - [2023-11-28T19:03:39.264-0300] {dag.py:2941} INFO - Sync 1 DAGs
[2023-11-28T19:03:39.283-0300] {logging_mixin.py:154} INFO - [2023-11-28T19:03:39.283-0300] {dag.py:3722} INFO - Setting next_dagrun for example_sensors to None, run_after=None
[2023-11-28T19:03:39.314-0300] {processor.py:179} INFO - Processing /home/marcos/anaconda3/envs/XPe-IGTI/lib/python3.8/site-packages/airflow/example_dags/example_sensors.py took 0.110 seconds
[2023-11-28T19:04:48.532-0300] {processor.py:157} INFO - Started process (PID=146392) to work on /home/marcos/anaconda3/envs/XPe-IGTI/lib/python3.8/site-packages/airflow/example_dags/example_sensors.py
[2023-11-28T19:04:48.537-0300] {processor.py:829} INFO - Processing file /home/marcos/anaconda3/envs/XPe-IGTI/lib/python3.8/site-packages/airflow/example_dags/example_sensors.py for tasks to queue
[2023-11-28T19:04:48.538-0300] {logging_mixin.py:154} INFO - [2023-11-28T19:04:48.538-0300] {dagbag.py:536} INFO - Filling up the DagBag from /home/marcos/anaconda3/envs/XPe-IGTI/lib/python3.8/site-packages/airflow/example_dags/example_sensors.py
[2023-11-28T19:04:48.554-0300] {processor.py:839} INFO - DAG(s) dict_keys(['example_sensors']) retrieved from /home/marcos/anaconda3/envs/XPe-IGTI/lib/python3.8/site-packages/airflow/example_dags/example_sensors.py
[2023-11-28T19:04:48.587-0300] {logging_mixin.py:154} INFO - [2023-11-28T19:04:48.587-0300] {dag.py:2941} INFO - Sync 1 DAGs
[2023-11-28T19:04:48.605-0300] {logging_mixin.py:154} INFO - [2023-11-28T19:04:48.605-0300] {dag.py:3722} INFO - Setting next_dagrun for example_sensors to None, run_after=None
[2023-11-28T19:04:48.636-0300] {processor.py:179} INFO - Processing /home/marcos/anaconda3/envs/XPe-IGTI/lib/python3.8/site-packages/airflow/example_dags/example_sensors.py took 0.109 seconds
[2023-11-28T19:05:38.511-0300] {processor.py:157} INFO - Started process (PID=146478) to work on /home/marcos/anaconda3/envs/XPe-IGTI/lib/python3.8/site-packages/airflow/example_dags/example_sensors.py
[2023-11-28T19:05:38.515-0300] {processor.py:829} INFO - Processing file /home/marcos/anaconda3/envs/XPe-IGTI/lib/python3.8/site-packages/airflow/example_dags/example_sensors.py for tasks to queue
[2023-11-28T19:05:38.516-0300] {logging_mixin.py:154} INFO - [2023-11-28T19:05:38.516-0300] {dagbag.py:536} INFO - Filling up the DagBag from /home/marcos/anaconda3/envs/XPe-IGTI/lib/python3.8/site-packages/airflow/example_dags/example_sensors.py
[2023-11-28T19:05:38.532-0300] {processor.py:839} INFO - DAG(s) dict_keys(['example_sensors']) retrieved from /home/marcos/anaconda3/envs/XPe-IGTI/lib/python3.8/site-packages/airflow/example_dags/example_sensors.py
[2023-11-28T19:05:38.562-0300] {logging_mixin.py:154} INFO - [2023-11-28T19:05:38.562-0300] {dag.py:2941} INFO - Sync 1 DAGs
[2023-11-28T19:05:38.580-0300] {logging_mixin.py:154} INFO - [2023-11-28T19:05:38.580-0300] {dag.py:3722} INFO - Setting next_dagrun for example_sensors to None, run_after=None
[2023-11-28T19:05:38.615-0300] {processor.py:179} INFO - Processing /home/marcos/anaconda3/envs/XPe-IGTI/lib/python3.8/site-packages/airflow/example_dags/example_sensors.py took 0.109 seconds
[2023-11-28T19:06:30.908-0300] {processor.py:157} INFO - Started process (PID=146565) to work on /home/marcos/anaconda3/envs/XPe-IGTI/lib/python3.8/site-packages/airflow/example_dags/example_sensors.py
[2023-11-28T19:06:30.913-0300] {processor.py:829} INFO - Processing file /home/marcos/anaconda3/envs/XPe-IGTI/lib/python3.8/site-packages/airflow/example_dags/example_sensors.py for tasks to queue
[2023-11-28T19:06:30.922-0300] {logging_mixin.py:154} INFO - [2023-11-28T19:06:30.921-0300] {dagbag.py:536} INFO - Filling up the DagBag from /home/marcos/anaconda3/envs/XPe-IGTI/lib/python3.8/site-packages/airflow/example_dags/example_sensors.py
[2023-11-28T19:06:30.953-0300] {processor.py:839} INFO - DAG(s) dict_keys(['example_sensors']) retrieved from /home/marcos/anaconda3/envs/XPe-IGTI/lib/python3.8/site-packages/airflow/example_dags/example_sensors.py
[2023-11-28T19:06:30.987-0300] {logging_mixin.py:154} INFO - [2023-11-28T19:06:30.986-0300] {dag.py:2941} INFO - Sync 1 DAGs
[2023-11-28T19:06:31.006-0300] {logging_mixin.py:154} INFO - [2023-11-28T19:06:31.006-0300] {dag.py:3722} INFO - Setting next_dagrun for example_sensors to None, run_after=None
[2023-11-28T19:06:31.041-0300] {processor.py:179} INFO - Processing /home/marcos/anaconda3/envs/XPe-IGTI/lib/python3.8/site-packages/airflow/example_dags/example_sensors.py took 0.138 seconds
[2023-11-28T19:07:14.804-0300] {processor.py:157} INFO - Started process (PID=146636) to work on /home/marcos/anaconda3/envs/XPe-IGTI/lib/python3.8/site-packages/airflow/example_dags/example_sensors.py
[2023-11-28T19:07:14.809-0300] {processor.py:829} INFO - Processing file /home/marcos/anaconda3/envs/XPe-IGTI/lib/python3.8/site-packages/airflow/example_dags/example_sensors.py for tasks to queue
[2023-11-28T19:07:14.816-0300] {logging_mixin.py:154} INFO - [2023-11-28T19:07:14.815-0300] {dagbag.py:536} INFO - Filling up the DagBag from /home/marcos/anaconda3/envs/XPe-IGTI/lib/python3.8/site-packages/airflow/example_dags/example_sensors.py
[2023-11-28T19:07:14.838-0300] {processor.py:839} INFO - DAG(s) dict_keys(['example_sensors']) retrieved from /home/marcos/anaconda3/envs/XPe-IGTI/lib/python3.8/site-packages/airflow/example_dags/example_sensors.py
[2023-11-28T19:07:14.858-0300] {logging_mixin.py:154} INFO - [2023-11-28T19:07:14.858-0300] {dag.py:2941} INFO - Sync 1 DAGs
[2023-11-28T19:07:14.869-0300] {logging_mixin.py:154} INFO - [2023-11-28T19:07:14.869-0300] {dag.py:3722} INFO - Setting next_dagrun for example_sensors to None, run_after=None
[2023-11-28T19:07:14.890-0300] {processor.py:179} INFO - Processing /home/marcos/anaconda3/envs/XPe-IGTI/lib/python3.8/site-packages/airflow/example_dags/example_sensors.py took 0.089 seconds
[2023-11-28T19:08:18.156-0300] {processor.py:157} INFO - Started process (PID=146722) to work on /home/marcos/anaconda3/envs/XPe-IGTI/lib/python3.8/site-packages/airflow/example_dags/example_sensors.py
[2023-11-28T19:08:18.161-0300] {processor.py:829} INFO - Processing file /home/marcos/anaconda3/envs/XPe-IGTI/lib/python3.8/site-packages/airflow/example_dags/example_sensors.py for tasks to queue
[2023-11-28T19:08:18.167-0300] {logging_mixin.py:154} INFO - [2023-11-28T19:08:18.166-0300] {dagbag.py:536} INFO - Filling up the DagBag from /home/marcos/anaconda3/envs/XPe-IGTI/lib/python3.8/site-packages/airflow/example_dags/example_sensors.py
[2023-11-28T19:08:18.191-0300] {processor.py:839} INFO - DAG(s) dict_keys(['example_sensors']) retrieved from /home/marcos/anaconda3/envs/XPe-IGTI/lib/python3.8/site-packages/airflow/example_dags/example_sensors.py
[2023-11-28T19:08:18.245-0300] {logging_mixin.py:154} INFO - [2023-11-28T19:08:18.244-0300] {dag.py:2941} INFO - Sync 1 DAGs
[2023-11-28T19:08:18.274-0300] {logging_mixin.py:154} INFO - [2023-11-28T19:08:18.274-0300] {dag.py:3722} INFO - Setting next_dagrun for example_sensors to None, run_after=None
[2023-11-28T19:08:18.321-0300] {processor.py:179} INFO - Processing /home/marcos/anaconda3/envs/XPe-IGTI/lib/python3.8/site-packages/airflow/example_dags/example_sensors.py took 0.172 seconds
[2023-11-28T19:09:44.213-0300] {processor.py:157} INFO - Started process (PID=146921) to work on /home/marcos/anaconda3/envs/XPe-IGTI/lib/python3.8/site-packages/airflow/example_dags/example_sensors.py
[2023-11-28T19:09:44.217-0300] {processor.py:829} INFO - Processing file /home/marcos/anaconda3/envs/XPe-IGTI/lib/python3.8/site-packages/airflow/example_dags/example_sensors.py for tasks to queue
[2023-11-28T19:09:44.220-0300] {logging_mixin.py:154} INFO - [2023-11-28T19:09:44.219-0300] {dagbag.py:536} INFO - Filling up the DagBag from /home/marcos/anaconda3/envs/XPe-IGTI/lib/python3.8/site-packages/airflow/example_dags/example_sensors.py
[2023-11-28T19:09:44.231-0300] {processor.py:839} INFO - DAG(s) dict_keys(['example_sensors']) retrieved from /home/marcos/anaconda3/envs/XPe-IGTI/lib/python3.8/site-packages/airflow/example_dags/example_sensors.py
[2023-11-28T19:09:44.251-0300] {logging_mixin.py:154} INFO - [2023-11-28T19:09:44.251-0300] {dag.py:2941} INFO - Sync 1 DAGs
[2023-11-28T19:09:44.262-0300] {logging_mixin.py:154} INFO - [2023-11-28T19:09:44.262-0300] {dag.py:3722} INFO - Setting next_dagrun for example_sensors to None, run_after=None
[2023-11-28T19:09:44.282-0300] {processor.py:179} INFO - Processing /home/marcos/anaconda3/envs/XPe-IGTI/lib/python3.8/site-packages/airflow/example_dags/example_sensors.py took 0.072 seconds
[2023-11-28T19:10:34.651-0300] {processor.py:157} INFO - Started process (PID=146994) to work on /home/marcos/anaconda3/envs/XPe-IGTI/lib/python3.8/site-packages/airflow/example_dags/example_sensors.py
[2023-11-28T19:10:34.655-0300] {processor.py:829} INFO - Processing file /home/marcos/anaconda3/envs/XPe-IGTI/lib/python3.8/site-packages/airflow/example_dags/example_sensors.py for tasks to queue
[2023-11-28T19:10:34.658-0300] {logging_mixin.py:154} INFO - [2023-11-28T19:10:34.657-0300] {dagbag.py:536} INFO - Filling up the DagBag from /home/marcos/anaconda3/envs/XPe-IGTI/lib/python3.8/site-packages/airflow/example_dags/example_sensors.py
[2023-11-28T19:10:34.669-0300] {processor.py:839} INFO - DAG(s) dict_keys(['example_sensors']) retrieved from /home/marcos/anaconda3/envs/XPe-IGTI/lib/python3.8/site-packages/airflow/example_dags/example_sensors.py
[2023-11-28T19:10:34.693-0300] {logging_mixin.py:154} INFO - [2023-11-28T19:10:34.693-0300] {dag.py:2941} INFO - Sync 1 DAGs
[2023-11-28T19:10:34.704-0300] {logging_mixin.py:154} INFO - [2023-11-28T19:10:34.704-0300] {dag.py:3722} INFO - Setting next_dagrun for example_sensors to None, run_after=None
[2023-11-28T19:10:34.724-0300] {processor.py:179} INFO - Processing /home/marcos/anaconda3/envs/XPe-IGTI/lib/python3.8/site-packages/airflow/example_dags/example_sensors.py took 0.077 seconds
[2023-11-28T19:11:36.441-0300] {processor.py:157} INFO - Started process (PID=147161) to work on /home/marcos/anaconda3/envs/XPe-IGTI/lib/python3.8/site-packages/airflow/example_dags/example_sensors.py
[2023-11-28T19:11:36.447-0300] {processor.py:829} INFO - Processing file /home/marcos/anaconda3/envs/XPe-IGTI/lib/python3.8/site-packages/airflow/example_dags/example_sensors.py for tasks to queue
[2023-11-28T19:11:36.457-0300] {logging_mixin.py:154} INFO - [2023-11-28T19:11:36.456-0300] {dagbag.py:536} INFO - Filling up the DagBag from /home/marcos/anaconda3/envs/XPe-IGTI/lib/python3.8/site-packages/airflow/example_dags/example_sensors.py
[2023-11-28T19:11:36.493-0300] {processor.py:839} INFO - DAG(s) dict_keys(['example_sensors']) retrieved from /home/marcos/anaconda3/envs/XPe-IGTI/lib/python3.8/site-packages/airflow/example_dags/example_sensors.py
[2023-11-28T19:11:36.527-0300] {logging_mixin.py:154} INFO - [2023-11-28T19:11:36.527-0300] {dag.py:2941} INFO - Sync 1 DAGs
[2023-11-28T19:11:36.545-0300] {logging_mixin.py:154} INFO - [2023-11-28T19:11:36.545-0300] {dag.py:3722} INFO - Setting next_dagrun for example_sensors to None, run_after=None
[2023-11-28T19:11:36.578-0300] {processor.py:179} INFO - Processing /home/marcos/anaconda3/envs/XPe-IGTI/lib/python3.8/site-packages/airflow/example_dags/example_sensors.py took 0.149 seconds
[2023-11-28T19:12:25.796-0300] {processor.py:157} INFO - Started process (PID=147352) to work on /home/marcos/anaconda3/envs/XPe-IGTI/lib/python3.8/site-packages/airflow/example_dags/example_sensors.py
[2023-11-28T19:12:25.801-0300] {processor.py:829} INFO - Processing file /home/marcos/anaconda3/envs/XPe-IGTI/lib/python3.8/site-packages/airflow/example_dags/example_sensors.py for tasks to queue
[2023-11-28T19:12:25.804-0300] {logging_mixin.py:154} INFO - [2023-11-28T19:12:25.803-0300] {dagbag.py:536} INFO - Filling up the DagBag from /home/marcos/anaconda3/envs/XPe-IGTI/lib/python3.8/site-packages/airflow/example_dags/example_sensors.py
[2023-11-28T19:12:25.818-0300] {processor.py:839} INFO - DAG(s) dict_keys(['example_sensors']) retrieved from /home/marcos/anaconda3/envs/XPe-IGTI/lib/python3.8/site-packages/airflow/example_dags/example_sensors.py
[2023-11-28T19:12:25.849-0300] {logging_mixin.py:154} INFO - [2023-11-28T19:12:25.848-0300] {dag.py:2941} INFO - Sync 1 DAGs
[2023-11-28T19:12:25.866-0300] {logging_mixin.py:154} INFO - [2023-11-28T19:12:25.865-0300] {dag.py:3722} INFO - Setting next_dagrun for example_sensors to None, run_after=None
[2023-11-28T19:12:25.896-0300] {processor.py:179} INFO - Processing /home/marcos/anaconda3/envs/XPe-IGTI/lib/python3.8/site-packages/airflow/example_dags/example_sensors.py took 0.105 seconds
[2023-11-28T19:13:15.104-0300] {processor.py:157} INFO - Started process (PID=147482) to work on /home/marcos/anaconda3/envs/XPe-IGTI/lib/python3.8/site-packages/airflow/example_dags/example_sensors.py
[2023-11-28T19:13:15.108-0300] {processor.py:829} INFO - Processing file /home/marcos/anaconda3/envs/XPe-IGTI/lib/python3.8/site-packages/airflow/example_dags/example_sensors.py for tasks to queue
[2023-11-28T19:13:15.112-0300] {logging_mixin.py:154} INFO - [2023-11-28T19:13:15.112-0300] {dagbag.py:536} INFO - Filling up the DagBag from /home/marcos/anaconda3/envs/XPe-IGTI/lib/python3.8/site-packages/airflow/example_dags/example_sensors.py
[2023-11-28T19:13:15.131-0300] {processor.py:839} INFO - DAG(s) dict_keys(['example_sensors']) retrieved from /home/marcos/anaconda3/envs/XPe-IGTI/lib/python3.8/site-packages/airflow/example_dags/example_sensors.py
[2023-11-28T19:13:15.166-0300] {logging_mixin.py:154} INFO - [2023-11-28T19:13:15.166-0300] {dag.py:2941} INFO - Sync 1 DAGs
[2023-11-28T19:13:15.188-0300] {logging_mixin.py:154} INFO - [2023-11-28T19:13:15.188-0300] {dag.py:3722} INFO - Setting next_dagrun for example_sensors to None, run_after=None
[2023-11-28T19:13:15.222-0300] {processor.py:179} INFO - Processing /home/marcos/anaconda3/envs/XPe-IGTI/lib/python3.8/site-packages/airflow/example_dags/example_sensors.py took 0.124 seconds
[2023-11-28T19:14:08.603-0300] {processor.py:157} INFO - Started process (PID=147542) to work on /home/marcos/anaconda3/envs/XPe-IGTI/lib/python3.8/site-packages/airflow/example_dags/example_sensors.py
[2023-11-28T19:14:08.605-0300] {processor.py:829} INFO - Processing file /home/marcos/anaconda3/envs/XPe-IGTI/lib/python3.8/site-packages/airflow/example_dags/example_sensors.py for tasks to queue
[2023-11-28T19:14:08.609-0300] {logging_mixin.py:154} INFO - [2023-11-28T19:14:08.608-0300] {dagbag.py:536} INFO - Filling up the DagBag from /home/marcos/anaconda3/envs/XPe-IGTI/lib/python3.8/site-packages/airflow/example_dags/example_sensors.py
[2023-11-28T19:14:08.631-0300] {processor.py:839} INFO - DAG(s) dict_keys(['example_sensors']) retrieved from /home/marcos/anaconda3/envs/XPe-IGTI/lib/python3.8/site-packages/airflow/example_dags/example_sensors.py
[2023-11-28T19:14:08.669-0300] {logging_mixin.py:154} INFO - [2023-11-28T19:14:08.668-0300] {dag.py:2941} INFO - Sync 1 DAGs
[2023-11-28T19:14:08.693-0300] {logging_mixin.py:154} INFO - [2023-11-28T19:14:08.692-0300] {dag.py:3722} INFO - Setting next_dagrun for example_sensors to None, run_after=None
[2023-11-28T19:14:08.724-0300] {processor.py:179} INFO - Processing /home/marcos/anaconda3/envs/XPe-IGTI/lib/python3.8/site-packages/airflow/example_dags/example_sensors.py took 0.126 seconds
[2023-11-28T19:14:59.296-0300] {processor.py:157} INFO - Started process (PID=147596) to work on /home/marcos/anaconda3/envs/XPe-IGTI/lib/python3.8/site-packages/airflow/example_dags/example_sensors.py
[2023-11-28T19:14:59.300-0300] {processor.py:829} INFO - Processing file /home/marcos/anaconda3/envs/XPe-IGTI/lib/python3.8/site-packages/airflow/example_dags/example_sensors.py for tasks to queue
[2023-11-28T19:14:59.304-0300] {logging_mixin.py:154} INFO - [2023-11-28T19:14:59.304-0300] {dagbag.py:536} INFO - Filling up the DagBag from /home/marcos/anaconda3/envs/XPe-IGTI/lib/python3.8/site-packages/airflow/example_dags/example_sensors.py
[2023-11-28T19:14:59.323-0300] {processor.py:839} INFO - DAG(s) dict_keys(['example_sensors']) retrieved from /home/marcos/anaconda3/envs/XPe-IGTI/lib/python3.8/site-packages/airflow/example_dags/example_sensors.py
[2023-11-28T19:14:59.354-0300] {logging_mixin.py:154} INFO - [2023-11-28T19:14:59.354-0300] {dag.py:2941} INFO - Sync 1 DAGs
[2023-11-28T19:14:59.372-0300] {logging_mixin.py:154} INFO - [2023-11-28T19:14:59.372-0300] {dag.py:3722} INFO - Setting next_dagrun for example_sensors to None, run_after=None
[2023-11-28T19:14:59.402-0300] {processor.py:179} INFO - Processing /home/marcos/anaconda3/envs/XPe-IGTI/lib/python3.8/site-packages/airflow/example_dags/example_sensors.py took 0.111 seconds
[2023-11-28T19:15:48.496-0300] {processor.py:157} INFO - Started process (PID=147640) to work on /home/marcos/anaconda3/envs/XPe-IGTI/lib/python3.8/site-packages/airflow/example_dags/example_sensors.py
[2023-11-28T19:15:48.501-0300] {processor.py:829} INFO - Processing file /home/marcos/anaconda3/envs/XPe-IGTI/lib/python3.8/site-packages/airflow/example_dags/example_sensors.py for tasks to queue
[2023-11-28T19:15:48.505-0300] {logging_mixin.py:154} INFO - [2023-11-28T19:15:48.504-0300] {dagbag.py:536} INFO - Filling up the DagBag from /home/marcos/anaconda3/envs/XPe-IGTI/lib/python3.8/site-packages/airflow/example_dags/example_sensors.py
[2023-11-28T19:15:48.521-0300] {processor.py:839} INFO - DAG(s) dict_keys(['example_sensors']) retrieved from /home/marcos/anaconda3/envs/XPe-IGTI/lib/python3.8/site-packages/airflow/example_dags/example_sensors.py
[2023-11-28T19:15:48.555-0300] {logging_mixin.py:154} INFO - [2023-11-28T19:15:48.555-0300] {dag.py:2941} INFO - Sync 1 DAGs
[2023-11-28T19:15:48.574-0300] {logging_mixin.py:154} INFO - [2023-11-28T19:15:48.573-0300] {dag.py:3722} INFO - Setting next_dagrun for example_sensors to None, run_after=None
[2023-11-28T19:15:48.604-0300] {processor.py:179} INFO - Processing /home/marcos/anaconda3/envs/XPe-IGTI/lib/python3.8/site-packages/airflow/example_dags/example_sensors.py took 0.114 seconds
[2023-11-28T19:16:34.453-0300] {processor.py:157} INFO - Started process (PID=147694) to work on /home/marcos/anaconda3/envs/XPe-IGTI/lib/python3.8/site-packages/airflow/example_dags/example_sensors.py
[2023-11-28T19:16:34.458-0300] {processor.py:829} INFO - Processing file /home/marcos/anaconda3/envs/XPe-IGTI/lib/python3.8/site-packages/airflow/example_dags/example_sensors.py for tasks to queue
[2023-11-28T19:16:34.461-0300] {logging_mixin.py:154} INFO - [2023-11-28T19:16:34.461-0300] {dagbag.py:536} INFO - Filling up the DagBag from /home/marcos/anaconda3/envs/XPe-IGTI/lib/python3.8/site-packages/airflow/example_dags/example_sensors.py
[2023-11-28T19:16:34.476-0300] {processor.py:839} INFO - DAG(s) dict_keys(['example_sensors']) retrieved from /home/marcos/anaconda3/envs/XPe-IGTI/lib/python3.8/site-packages/airflow/example_dags/example_sensors.py
[2023-11-28T19:16:34.507-0300] {logging_mixin.py:154} INFO - [2023-11-28T19:16:34.506-0300] {dag.py:2941} INFO - Sync 1 DAGs
[2023-11-28T19:16:34.523-0300] {logging_mixin.py:154} INFO - [2023-11-28T19:16:34.523-0300] {dag.py:3722} INFO - Setting next_dagrun for example_sensors to None, run_after=None
[2023-11-28T19:16:34.555-0300] {processor.py:179} INFO - Processing /home/marcos/anaconda3/envs/XPe-IGTI/lib/python3.8/site-packages/airflow/example_dags/example_sensors.py took 0.107 seconds
[2023-11-28T19:17:38.271-0300] {processor.py:157} INFO - Started process (PID=147790) to work on /home/marcos/anaconda3/envs/XPe-IGTI/lib/python3.8/site-packages/airflow/example_dags/example_sensors.py
[2023-11-28T19:17:38.276-0300] {processor.py:829} INFO - Processing file /home/marcos/anaconda3/envs/XPe-IGTI/lib/python3.8/site-packages/airflow/example_dags/example_sensors.py for tasks to queue
[2023-11-28T19:17:38.280-0300] {logging_mixin.py:154} INFO - [2023-11-28T19:17:38.279-0300] {dagbag.py:536} INFO - Filling up the DagBag from /home/marcos/anaconda3/envs/XPe-IGTI/lib/python3.8/site-packages/airflow/example_dags/example_sensors.py
[2023-11-28T19:17:38.294-0300] {processor.py:839} INFO - DAG(s) dict_keys(['example_sensors']) retrieved from /home/marcos/anaconda3/envs/XPe-IGTI/lib/python3.8/site-packages/airflow/example_dags/example_sensors.py
[2023-11-28T19:17:38.327-0300] {logging_mixin.py:154} INFO - [2023-11-28T19:17:38.326-0300] {dag.py:2941} INFO - Sync 1 DAGs
[2023-11-28T19:17:38.345-0300] {logging_mixin.py:154} INFO - [2023-11-28T19:17:38.345-0300] {dag.py:3722} INFO - Setting next_dagrun for example_sensors to None, run_after=None
[2023-11-28T19:17:38.376-0300] {processor.py:179} INFO - Processing /home/marcos/anaconda3/envs/XPe-IGTI/lib/python3.8/site-packages/airflow/example_dags/example_sensors.py took 0.110 seconds
[2023-11-28T19:18:23.251-0300] {processor.py:157} INFO - Started process (PID=147845) to work on /home/marcos/anaconda3/envs/XPe-IGTI/lib/python3.8/site-packages/airflow/example_dags/example_sensors.py
[2023-11-28T19:18:23.256-0300] {processor.py:829} INFO - Processing file /home/marcos/anaconda3/envs/XPe-IGTI/lib/python3.8/site-packages/airflow/example_dags/example_sensors.py for tasks to queue
[2023-11-28T19:18:23.259-0300] {logging_mixin.py:154} INFO - [2023-11-28T19:18:23.258-0300] {dagbag.py:536} INFO - Filling up the DagBag from /home/marcos/anaconda3/envs/XPe-IGTI/lib/python3.8/site-packages/airflow/example_dags/example_sensors.py
[2023-11-28T19:18:23.273-0300] {processor.py:839} INFO - DAG(s) dict_keys(['example_sensors']) retrieved from /home/marcos/anaconda3/envs/XPe-IGTI/lib/python3.8/site-packages/airflow/example_dags/example_sensors.py
[2023-11-28T19:18:23.305-0300] {logging_mixin.py:154} INFO - [2023-11-28T19:18:23.305-0300] {dag.py:2941} INFO - Sync 1 DAGs
[2023-11-28T19:18:23.323-0300] {logging_mixin.py:154} INFO - [2023-11-28T19:18:23.322-0300] {dag.py:3722} INFO - Setting next_dagrun for example_sensors to None, run_after=None
[2023-11-28T19:18:23.353-0300] {processor.py:179} INFO - Processing /home/marcos/anaconda3/envs/XPe-IGTI/lib/python3.8/site-packages/airflow/example_dags/example_sensors.py took 0.106 seconds
[2023-11-28T19:19:55.403-0300] {processor.py:157} INFO - Started process (PID=148249) to work on /home/marcos/anaconda3/envs/XPe-IGTI/lib/python3.8/site-packages/airflow/example_dags/example_sensors.py
[2023-11-28T19:19:55.408-0300] {processor.py:829} INFO - Processing file /home/marcos/anaconda3/envs/XPe-IGTI/lib/python3.8/site-packages/airflow/example_dags/example_sensors.py for tasks to queue
[2023-11-28T19:19:55.411-0300] {logging_mixin.py:154} INFO - [2023-11-28T19:19:55.411-0300] {dagbag.py:536} INFO - Filling up the DagBag from /home/marcos/anaconda3/envs/XPe-IGTI/lib/python3.8/site-packages/airflow/example_dags/example_sensors.py
[2023-11-28T19:19:55.426-0300] {processor.py:839} INFO - DAG(s) dict_keys(['example_sensors']) retrieved from /home/marcos/anaconda3/envs/XPe-IGTI/lib/python3.8/site-packages/airflow/example_dags/example_sensors.py
[2023-11-28T19:19:55.457-0300] {logging_mixin.py:154} INFO - [2023-11-28T19:19:55.456-0300] {dag.py:2941} INFO - Sync 1 DAGs
[2023-11-28T19:19:55.477-0300] {logging_mixin.py:154} INFO - [2023-11-28T19:19:55.476-0300] {dag.py:3722} INFO - Setting next_dagrun for example_sensors to None, run_after=None
[2023-11-28T19:19:55.511-0300] {processor.py:179} INFO - Processing /home/marcos/anaconda3/envs/XPe-IGTI/lib/python3.8/site-packages/airflow/example_dags/example_sensors.py took 0.113 seconds
[2023-11-28T19:21:54.255-0300] {processor.py:157} INFO - Started process (PID=148715) to work on /home/marcos/anaconda3/envs/XPe-IGTI/lib/python3.8/site-packages/airflow/example_dags/example_sensors.py
[2023-11-28T19:21:54.259-0300] {processor.py:829} INFO - Processing file /home/marcos/anaconda3/envs/XPe-IGTI/lib/python3.8/site-packages/airflow/example_dags/example_sensors.py for tasks to queue
[2023-11-28T19:21:54.264-0300] {logging_mixin.py:154} INFO - [2023-11-28T19:21:54.263-0300] {dagbag.py:536} INFO - Filling up the DagBag from /home/marcos/anaconda3/envs/XPe-IGTI/lib/python3.8/site-packages/airflow/example_dags/example_sensors.py
[2023-11-28T19:21:54.279-0300] {processor.py:839} INFO - DAG(s) dict_keys(['example_sensors']) retrieved from /home/marcos/anaconda3/envs/XPe-IGTI/lib/python3.8/site-packages/airflow/example_dags/example_sensors.py
[2023-11-28T19:21:54.318-0300] {logging_mixin.py:154} INFO - [2023-11-28T19:21:54.318-0300] {dag.py:2941} INFO - Sync 1 DAGs
[2023-11-28T19:21:54.341-0300] {logging_mixin.py:154} INFO - [2023-11-28T19:21:54.341-0300] {dag.py:3722} INFO - Setting next_dagrun for example_sensors to None, run_after=None
[2023-11-28T19:21:54.380-0300] {processor.py:179} INFO - Processing /home/marcos/anaconda3/envs/XPe-IGTI/lib/python3.8/site-packages/airflow/example_dags/example_sensors.py took 0.132 seconds
[2023-11-28T19:22:49.229-0300] {processor.py:157} INFO - Started process (PID=148886) to work on /home/marcos/anaconda3/envs/XPe-IGTI/lib/python3.8/site-packages/airflow/example_dags/example_sensors.py
[2023-11-28T19:22:49.231-0300] {processor.py:829} INFO - Processing file /home/marcos/anaconda3/envs/XPe-IGTI/lib/python3.8/site-packages/airflow/example_dags/example_sensors.py for tasks to queue
[2023-11-28T19:22:49.234-0300] {logging_mixin.py:154} INFO - [2023-11-28T19:22:49.233-0300] {dagbag.py:536} INFO - Filling up the DagBag from /home/marcos/anaconda3/envs/XPe-IGTI/lib/python3.8/site-packages/airflow/example_dags/example_sensors.py
[2023-11-28T19:22:49.252-0300] {processor.py:839} INFO - DAG(s) dict_keys(['example_sensors']) retrieved from /home/marcos/anaconda3/envs/XPe-IGTI/lib/python3.8/site-packages/airflow/example_dags/example_sensors.py
[2023-11-28T19:22:49.296-0300] {logging_mixin.py:154} INFO - [2023-11-28T19:22:49.295-0300] {dag.py:2941} INFO - Sync 1 DAGs
[2023-11-28T19:22:49.315-0300] {logging_mixin.py:154} INFO - [2023-11-28T19:22:49.315-0300] {dag.py:3722} INFO - Setting next_dagrun for example_sensors to None, run_after=None
[2023-11-28T19:22:49.349-0300] {processor.py:179} INFO - Processing /home/marcos/anaconda3/envs/XPe-IGTI/lib/python3.8/site-packages/airflow/example_dags/example_sensors.py took 0.125 seconds
[2023-11-28T19:23:37.691-0300] {processor.py:157} INFO - Started process (PID=148940) to work on /home/marcos/anaconda3/envs/XPe-IGTI/lib/python3.8/site-packages/airflow/example_dags/example_sensors.py
[2023-11-28T19:23:37.695-0300] {processor.py:829} INFO - Processing file /home/marcos/anaconda3/envs/XPe-IGTI/lib/python3.8/site-packages/airflow/example_dags/example_sensors.py for tasks to queue
[2023-11-28T19:23:37.698-0300] {logging_mixin.py:154} INFO - [2023-11-28T19:23:37.697-0300] {dagbag.py:536} INFO - Filling up the DagBag from /home/marcos/anaconda3/envs/XPe-IGTI/lib/python3.8/site-packages/airflow/example_dags/example_sensors.py
[2023-11-28T19:23:37.718-0300] {processor.py:839} INFO - DAG(s) dict_keys(['example_sensors']) retrieved from /home/marcos/anaconda3/envs/XPe-IGTI/lib/python3.8/site-packages/airflow/example_dags/example_sensors.py
[2023-11-28T19:23:37.758-0300] {logging_mixin.py:154} INFO - [2023-11-28T19:23:37.758-0300] {dag.py:2941} INFO - Sync 1 DAGs
[2023-11-28T19:23:37.779-0300] {logging_mixin.py:154} INFO - [2023-11-28T19:23:37.779-0300] {dag.py:3722} INFO - Setting next_dagrun for example_sensors to None, run_after=None
[2023-11-28T19:23:37.815-0300] {processor.py:179} INFO - Processing /home/marcos/anaconda3/envs/XPe-IGTI/lib/python3.8/site-packages/airflow/example_dags/example_sensors.py took 0.129 seconds
[2023-11-28T19:24:22.653-0300] {processor.py:157} INFO - Started process (PID=148990) to work on /home/marcos/anaconda3/envs/XPe-IGTI/lib/python3.8/site-packages/airflow/example_dags/example_sensors.py
[2023-11-28T19:24:22.657-0300] {processor.py:829} INFO - Processing file /home/marcos/anaconda3/envs/XPe-IGTI/lib/python3.8/site-packages/airflow/example_dags/example_sensors.py for tasks to queue
[2023-11-28T19:24:22.661-0300] {logging_mixin.py:154} INFO - [2023-11-28T19:24:22.660-0300] {dagbag.py:536} INFO - Filling up the DagBag from /home/marcos/anaconda3/envs/XPe-IGTI/lib/python3.8/site-packages/airflow/example_dags/example_sensors.py
[2023-11-28T19:24:22.679-0300] {processor.py:839} INFO - DAG(s) dict_keys(['example_sensors']) retrieved from /home/marcos/anaconda3/envs/XPe-IGTI/lib/python3.8/site-packages/airflow/example_dags/example_sensors.py
[2023-11-28T19:24:22.713-0300] {logging_mixin.py:154} INFO - [2023-11-28T19:24:22.712-0300] {dag.py:2941} INFO - Sync 1 DAGs
[2023-11-28T19:24:22.732-0300] {logging_mixin.py:154} INFO - [2023-11-28T19:24:22.732-0300] {dag.py:3722} INFO - Setting next_dagrun for example_sensors to None, run_after=None
[2023-11-28T19:24:22.765-0300] {processor.py:179} INFO - Processing /home/marcos/anaconda3/envs/XPe-IGTI/lib/python3.8/site-packages/airflow/example_dags/example_sensors.py took 0.118 seconds
[2023-11-28T19:25:11.272-0300] {processor.py:157} INFO - Started process (PID=149040) to work on /home/marcos/anaconda3/envs/XPe-IGTI/lib/python3.8/site-packages/airflow/example_dags/example_sensors.py
[2023-11-28T19:25:11.277-0300] {processor.py:829} INFO - Processing file /home/marcos/anaconda3/envs/XPe-IGTI/lib/python3.8/site-packages/airflow/example_dags/example_sensors.py for tasks to queue
[2023-11-28T19:25:11.280-0300] {logging_mixin.py:154} INFO - [2023-11-28T19:25:11.279-0300] {dagbag.py:536} INFO - Filling up the DagBag from /home/marcos/anaconda3/envs/XPe-IGTI/lib/python3.8/site-packages/airflow/example_dags/example_sensors.py
[2023-11-28T19:25:11.297-0300] {processor.py:839} INFO - DAG(s) dict_keys(['example_sensors']) retrieved from /home/marcos/anaconda3/envs/XPe-IGTI/lib/python3.8/site-packages/airflow/example_dags/example_sensors.py
[2023-11-28T19:25:11.327-0300] {logging_mixin.py:154} INFO - [2023-11-28T19:25:11.327-0300] {dag.py:2941} INFO - Sync 1 DAGs
[2023-11-28T19:25:11.356-0300] {logging_mixin.py:154} INFO - [2023-11-28T19:25:11.355-0300] {dag.py:3722} INFO - Setting next_dagrun for example_sensors to None, run_after=None
[2023-11-28T19:25:11.392-0300] {processor.py:179} INFO - Processing /home/marcos/anaconda3/envs/XPe-IGTI/lib/python3.8/site-packages/airflow/example_dags/example_sensors.py took 0.125 seconds
[2023-11-28T19:26:00.979-0300] {processor.py:157} INFO - Started process (PID=149093) to work on /home/marcos/anaconda3/envs/XPe-IGTI/lib/python3.8/site-packages/airflow/example_dags/example_sensors.py
[2023-11-28T19:26:00.984-0300] {processor.py:829} INFO - Processing file /home/marcos/anaconda3/envs/XPe-IGTI/lib/python3.8/site-packages/airflow/example_dags/example_sensors.py for tasks to queue
[2023-11-28T19:26:00.988-0300] {logging_mixin.py:154} INFO - [2023-11-28T19:26:00.987-0300] {dagbag.py:536} INFO - Filling up the DagBag from /home/marcos/anaconda3/envs/XPe-IGTI/lib/python3.8/site-packages/airflow/example_dags/example_sensors.py
[2023-11-28T19:26:01.006-0300] {processor.py:839} INFO - DAG(s) dict_keys(['example_sensors']) retrieved from /home/marcos/anaconda3/envs/XPe-IGTI/lib/python3.8/site-packages/airflow/example_dags/example_sensors.py
[2023-11-28T19:26:01.039-0300] {logging_mixin.py:154} INFO - [2023-11-28T19:26:01.038-0300] {dag.py:2941} INFO - Sync 1 DAGs
[2023-11-28T19:26:01.058-0300] {logging_mixin.py:154} INFO - [2023-11-28T19:26:01.058-0300] {dag.py:3722} INFO - Setting next_dagrun for example_sensors to None, run_after=None
[2023-11-28T19:26:01.090-0300] {processor.py:179} INFO - Processing /home/marcos/anaconda3/envs/XPe-IGTI/lib/python3.8/site-packages/airflow/example_dags/example_sensors.py took 0.117 seconds
[2023-11-28T19:26:48.062-0300] {processor.py:157} INFO - Started process (PID=149158) to work on /home/marcos/anaconda3/envs/XPe-IGTI/lib/python3.8/site-packages/airflow/example_dags/example_sensors.py
[2023-11-28T19:26:48.067-0300] {processor.py:829} INFO - Processing file /home/marcos/anaconda3/envs/XPe-IGTI/lib/python3.8/site-packages/airflow/example_dags/example_sensors.py for tasks to queue
[2023-11-28T19:26:48.073-0300] {logging_mixin.py:154} INFO - [2023-11-28T19:26:48.072-0300] {dagbag.py:536} INFO - Filling up the DagBag from /home/marcos/anaconda3/envs/XPe-IGTI/lib/python3.8/site-packages/airflow/example_dags/example_sensors.py
[2023-11-28T19:26:48.090-0300] {processor.py:839} INFO - DAG(s) dict_keys(['example_sensors']) retrieved from /home/marcos/anaconda3/envs/XPe-IGTI/lib/python3.8/site-packages/airflow/example_dags/example_sensors.py
[2023-11-28T19:26:48.121-0300] {logging_mixin.py:154} INFO - [2023-11-28T19:26:48.120-0300] {dag.py:2941} INFO - Sync 1 DAGs
[2023-11-28T19:26:48.138-0300] {logging_mixin.py:154} INFO - [2023-11-28T19:26:48.138-0300] {dag.py:3722} INFO - Setting next_dagrun for example_sensors to None, run_after=None
[2023-11-28T19:26:48.169-0300] {processor.py:179} INFO - Processing /home/marcos/anaconda3/envs/XPe-IGTI/lib/python3.8/site-packages/airflow/example_dags/example_sensors.py took 0.113 seconds
[2023-11-28T19:27:34.229-0300] {processor.py:157} INFO - Started process (PID=149216) to work on /home/marcos/anaconda3/envs/XPe-IGTI/lib/python3.8/site-packages/airflow/example_dags/example_sensors.py
[2023-11-28T19:27:34.239-0300] {processor.py:829} INFO - Processing file /home/marcos/anaconda3/envs/XPe-IGTI/lib/python3.8/site-packages/airflow/example_dags/example_sensors.py for tasks to queue
[2023-11-28T19:27:34.243-0300] {logging_mixin.py:154} INFO - [2023-11-28T19:27:34.242-0300] {dagbag.py:536} INFO - Filling up the DagBag from /home/marcos/anaconda3/envs/XPe-IGTI/lib/python3.8/site-packages/airflow/example_dags/example_sensors.py
[2023-11-28T19:27:34.260-0300] {processor.py:839} INFO - DAG(s) dict_keys(['example_sensors']) retrieved from /home/marcos/anaconda3/envs/XPe-IGTI/lib/python3.8/site-packages/airflow/example_dags/example_sensors.py
[2023-11-28T19:27:34.286-0300] {logging_mixin.py:154} INFO - [2023-11-28T19:27:34.286-0300] {dag.py:2941} INFO - Sync 1 DAGs
[2023-11-28T19:27:34.298-0300] {logging_mixin.py:154} INFO - [2023-11-28T19:27:34.298-0300] {dag.py:3722} INFO - Setting next_dagrun for example_sensors to None, run_after=None
[2023-11-28T19:27:34.321-0300] {processor.py:179} INFO - Processing /home/marcos/anaconda3/envs/XPe-IGTI/lib/python3.8/site-packages/airflow/example_dags/example_sensors.py took 0.097 seconds
[2023-11-28T19:28:29.475-0300] {processor.py:157} INFO - Started process (PID=149318) to work on /home/marcos/anaconda3/envs/XPe-IGTI/lib/python3.8/site-packages/airflow/example_dags/example_sensors.py
[2023-11-28T19:28:29.479-0300] {processor.py:829} INFO - Processing file /home/marcos/anaconda3/envs/XPe-IGTI/lib/python3.8/site-packages/airflow/example_dags/example_sensors.py for tasks to queue
[2023-11-28T19:28:29.482-0300] {logging_mixin.py:154} INFO - [2023-11-28T19:28:29.481-0300] {dagbag.py:536} INFO - Filling up the DagBag from /home/marcos/anaconda3/envs/XPe-IGTI/lib/python3.8/site-packages/airflow/example_dags/example_sensors.py
[2023-11-28T19:28:29.492-0300] {processor.py:839} INFO - DAG(s) dict_keys(['example_sensors']) retrieved from /home/marcos/anaconda3/envs/XPe-IGTI/lib/python3.8/site-packages/airflow/example_dags/example_sensors.py
[2023-11-28T19:28:29.514-0300] {logging_mixin.py:154} INFO - [2023-11-28T19:28:29.513-0300] {dag.py:2941} INFO - Sync 1 DAGs
[2023-11-28T19:28:29.525-0300] {logging_mixin.py:154} INFO - [2023-11-28T19:28:29.525-0300] {dag.py:3722} INFO - Setting next_dagrun for example_sensors to None, run_after=None
[2023-11-28T19:28:29.548-0300] {processor.py:179} INFO - Processing /home/marcos/anaconda3/envs/XPe-IGTI/lib/python3.8/site-packages/airflow/example_dags/example_sensors.py took 0.076 seconds
