[2023-11-27T21:00:00.108-0300] {processor.py:157} INFO - Started process (PID=51635) to work on /home/marcos/anaconda3/envs/XPe-IGTI/lib/python3.8/site-packages/airflow/example_dags/example_branch_operator_decorator.py
[2023-11-27T21:00:00.110-0300] {processor.py:829} INFO - Processing file /home/marcos/anaconda3/envs/XPe-IGTI/lib/python3.8/site-packages/airflow/example_dags/example_branch_operator_decorator.py for tasks to queue
[2023-11-27T21:00:00.111-0300] {logging_mixin.py:154} INFO - [2023-11-27T21:00:00.111-0300] {dagbag.py:536} INFO - Filling up the DagBag from /home/marcos/anaconda3/envs/XPe-IGTI/lib/python3.8/site-packages/airflow/example_dags/example_branch_operator_decorator.py
[2023-11-27T21:00:00.134-0300] {processor.py:839} INFO - DAG(s) dict_keys(['example_branch_python_operator_decorator']) retrieved from /home/marcos/anaconda3/envs/XPe-IGTI/lib/python3.8/site-packages/airflow/example_dags/example_branch_operator_decorator.py
[2023-11-27T21:00:00.171-0300] {logging_mixin.py:154} INFO - [2023-11-27T21:00:00.170-0300] {dag.py:2941} INFO - Sync 1 DAGs
[2023-11-27T21:00:00.213-0300] {logging_mixin.py:154} INFO - [2023-11-27T21:00:00.212-0300] {dag.py:3722} INFO - Setting next_dagrun for example_branch_python_operator_decorator to 2023-11-27T00:00:00+00:00, run_after=2023-11-28T00:00:00+00:00
[2023-11-27T21:00:00.256-0300] {processor.py:179} INFO - Processing /home/marcos/anaconda3/envs/XPe-IGTI/lib/python3.8/site-packages/airflow/example_dags/example_branch_operator_decorator.py took 0.154 seconds
[2023-11-27T21:01:05.179-0300] {processor.py:157} INFO - Started process (PID=51781) to work on /home/marcos/anaconda3/envs/XPe-IGTI/lib/python3.8/site-packages/airflow/example_dags/example_branch_operator_decorator.py
[2023-11-27T21:01:05.181-0300] {processor.py:829} INFO - Processing file /home/marcos/anaconda3/envs/XPe-IGTI/lib/python3.8/site-packages/airflow/example_dags/example_branch_operator_decorator.py for tasks to queue
[2023-11-27T21:01:05.183-0300] {logging_mixin.py:154} INFO - [2023-11-27T21:01:05.182-0300] {dagbag.py:536} INFO - Filling up the DagBag from /home/marcos/anaconda3/envs/XPe-IGTI/lib/python3.8/site-packages/airflow/example_dags/example_branch_operator_decorator.py
[2023-11-27T21:01:05.202-0300] {processor.py:839} INFO - DAG(s) dict_keys(['example_branch_python_operator_decorator']) retrieved from /home/marcos/anaconda3/envs/XPe-IGTI/lib/python3.8/site-packages/airflow/example_dags/example_branch_operator_decorator.py
[2023-11-27T21:01:05.243-0300] {logging_mixin.py:154} INFO - [2023-11-27T21:01:05.243-0300] {dag.py:2941} INFO - Sync 1 DAGs
[2023-11-27T21:01:05.286-0300] {logging_mixin.py:154} INFO - [2023-11-27T21:01:05.286-0300] {dag.py:3722} INFO - Setting next_dagrun for example_branch_python_operator_decorator to 2023-11-27T00:00:00+00:00, run_after=2023-11-28T00:00:00+00:00
[2023-11-27T21:01:05.329-0300] {processor.py:179} INFO - Processing /home/marcos/anaconda3/envs/XPe-IGTI/lib/python3.8/site-packages/airflow/example_dags/example_branch_operator_decorator.py took 0.156 seconds
[2023-11-27T21:02:05.749-0300] {processor.py:157} INFO - Started process (PID=51880) to work on /home/marcos/anaconda3/envs/XPe-IGTI/lib/python3.8/site-packages/airflow/example_dags/example_branch_operator_decorator.py
[2023-11-27T21:02:05.754-0300] {processor.py:829} INFO - Processing file /home/marcos/anaconda3/envs/XPe-IGTI/lib/python3.8/site-packages/airflow/example_dags/example_branch_operator_decorator.py for tasks to queue
[2023-11-27T21:02:05.756-0300] {logging_mixin.py:154} INFO - [2023-11-27T21:02:05.756-0300] {dagbag.py:536} INFO - Filling up the DagBag from /home/marcos/anaconda3/envs/XPe-IGTI/lib/python3.8/site-packages/airflow/example_dags/example_branch_operator_decorator.py
[2023-11-27T21:02:05.774-0300] {processor.py:839} INFO - DAG(s) dict_keys(['example_branch_python_operator_decorator']) retrieved from /home/marcos/anaconda3/envs/XPe-IGTI/lib/python3.8/site-packages/airflow/example_dags/example_branch_operator_decorator.py
[2023-11-27T21:02:05.807-0300] {logging_mixin.py:154} INFO - [2023-11-27T21:02:05.807-0300] {dag.py:2941} INFO - Sync 1 DAGs
[2023-11-27T21:02:05.849-0300] {logging_mixin.py:154} INFO - [2023-11-27T21:02:05.848-0300] {dag.py:3722} INFO - Setting next_dagrun for example_branch_python_operator_decorator to 2023-11-27T00:00:00+00:00, run_after=2023-11-28T00:00:00+00:00
[2023-11-27T21:02:05.892-0300] {processor.py:179} INFO - Processing /home/marcos/anaconda3/envs/XPe-IGTI/lib/python3.8/site-packages/airflow/example_dags/example_branch_operator_decorator.py took 0.147 seconds
[2023-11-27T21:03:03.198-0300] {processor.py:157} INFO - Started process (PID=51956) to work on /home/marcos/anaconda3/envs/XPe-IGTI/lib/python3.8/site-packages/airflow/example_dags/example_branch_operator_decorator.py
[2023-11-27T21:03:03.201-0300] {processor.py:829} INFO - Processing file /home/marcos/anaconda3/envs/XPe-IGTI/lib/python3.8/site-packages/airflow/example_dags/example_branch_operator_decorator.py for tasks to queue
[2023-11-27T21:03:03.203-0300] {logging_mixin.py:154} INFO - [2023-11-27T21:03:03.202-0300] {dagbag.py:536} INFO - Filling up the DagBag from /home/marcos/anaconda3/envs/XPe-IGTI/lib/python3.8/site-packages/airflow/example_dags/example_branch_operator_decorator.py
[2023-11-27T21:03:03.229-0300] {processor.py:839} INFO - DAG(s) dict_keys(['example_branch_python_operator_decorator']) retrieved from /home/marcos/anaconda3/envs/XPe-IGTI/lib/python3.8/site-packages/airflow/example_dags/example_branch_operator_decorator.py
[2023-11-27T21:03:03.270-0300] {logging_mixin.py:154} INFO - [2023-11-27T21:03:03.270-0300] {dag.py:2941} INFO - Sync 1 DAGs
[2023-11-27T21:03:03.305-0300] {logging_mixin.py:154} INFO - [2023-11-27T21:03:03.305-0300] {dag.py:3722} INFO - Setting next_dagrun for example_branch_python_operator_decorator to 2023-11-27T00:00:00+00:00, run_after=2023-11-28T00:00:00+00:00
[2023-11-27T21:03:03.341-0300] {processor.py:179} INFO - Processing /home/marcos/anaconda3/envs/XPe-IGTI/lib/python3.8/site-packages/airflow/example_dags/example_branch_operator_decorator.py took 0.149 seconds
[2023-11-27T21:04:11.346-0300] {processor.py:157} INFO - Started process (PID=52040) to work on /home/marcos/anaconda3/envs/XPe-IGTI/lib/python3.8/site-packages/airflow/example_dags/example_branch_operator_decorator.py
[2023-11-27T21:04:11.350-0300] {processor.py:829} INFO - Processing file /home/marcos/anaconda3/envs/XPe-IGTI/lib/python3.8/site-packages/airflow/example_dags/example_branch_operator_decorator.py for tasks to queue
[2023-11-27T21:04:11.352-0300] {logging_mixin.py:154} INFO - [2023-11-27T21:04:11.351-0300] {dagbag.py:536} INFO - Filling up the DagBag from /home/marcos/anaconda3/envs/XPe-IGTI/lib/python3.8/site-packages/airflow/example_dags/example_branch_operator_decorator.py
[2023-11-27T21:04:11.372-0300] {processor.py:839} INFO - DAG(s) dict_keys(['example_branch_python_operator_decorator']) retrieved from /home/marcos/anaconda3/envs/XPe-IGTI/lib/python3.8/site-packages/airflow/example_dags/example_branch_operator_decorator.py
[2023-11-27T21:04:11.407-0300] {logging_mixin.py:154} INFO - [2023-11-27T21:04:11.407-0300] {dag.py:2941} INFO - Sync 1 DAGs
[2023-11-27T21:04:11.447-0300] {logging_mixin.py:154} INFO - [2023-11-27T21:04:11.447-0300] {dag.py:3722} INFO - Setting next_dagrun for example_branch_python_operator_decorator to 2023-11-27T00:00:00+00:00, run_after=2023-11-28T00:00:00+00:00
[2023-11-27T21:04:11.488-0300] {processor.py:179} INFO - Processing /home/marcos/anaconda3/envs/XPe-IGTI/lib/python3.8/site-packages/airflow/example_dags/example_branch_operator_decorator.py took 0.147 seconds
[2023-11-27T21:05:15.530-0300] {processor.py:157} INFO - Started process (PID=52129) to work on /home/marcos/anaconda3/envs/XPe-IGTI/lib/python3.8/site-packages/airflow/example_dags/example_branch_operator_decorator.py
[2023-11-27T21:05:15.534-0300] {processor.py:829} INFO - Processing file /home/marcos/anaconda3/envs/XPe-IGTI/lib/python3.8/site-packages/airflow/example_dags/example_branch_operator_decorator.py for tasks to queue
[2023-11-27T21:05:15.535-0300] {logging_mixin.py:154} INFO - [2023-11-27T21:05:15.535-0300] {dagbag.py:536} INFO - Filling up the DagBag from /home/marcos/anaconda3/envs/XPe-IGTI/lib/python3.8/site-packages/airflow/example_dags/example_branch_operator_decorator.py
[2023-11-27T21:05:15.551-0300] {processor.py:839} INFO - DAG(s) dict_keys(['example_branch_python_operator_decorator']) retrieved from /home/marcos/anaconda3/envs/XPe-IGTI/lib/python3.8/site-packages/airflow/example_dags/example_branch_operator_decorator.py
[2023-11-27T21:05:15.579-0300] {logging_mixin.py:154} INFO - [2023-11-27T21:05:15.579-0300] {dag.py:2941} INFO - Sync 1 DAGs
[2023-11-27T21:05:15.611-0300] {logging_mixin.py:154} INFO - [2023-11-27T21:05:15.611-0300] {dag.py:3722} INFO - Setting next_dagrun for example_branch_python_operator_decorator to 2023-11-27T00:00:00+00:00, run_after=2023-11-28T00:00:00+00:00
[2023-11-27T21:05:15.642-0300] {processor.py:179} INFO - Processing /home/marcos/anaconda3/envs/XPe-IGTI/lib/python3.8/site-packages/airflow/example_dags/example_branch_operator_decorator.py took 0.117 seconds
[2023-11-27T21:06:17.930-0300] {processor.py:157} INFO - Started process (PID=52226) to work on /home/marcos/anaconda3/envs/XPe-IGTI/lib/python3.8/site-packages/airflow/example_dags/example_branch_operator_decorator.py
[2023-11-27T21:06:17.935-0300] {processor.py:829} INFO - Processing file /home/marcos/anaconda3/envs/XPe-IGTI/lib/python3.8/site-packages/airflow/example_dags/example_branch_operator_decorator.py for tasks to queue
[2023-11-27T21:06:17.936-0300] {logging_mixin.py:154} INFO - [2023-11-27T21:06:17.936-0300] {dagbag.py:536} INFO - Filling up the DagBag from /home/marcos/anaconda3/envs/XPe-IGTI/lib/python3.8/site-packages/airflow/example_dags/example_branch_operator_decorator.py
[2023-11-27T21:06:17.954-0300] {processor.py:839} INFO - DAG(s) dict_keys(['example_branch_python_operator_decorator']) retrieved from /home/marcos/anaconda3/envs/XPe-IGTI/lib/python3.8/site-packages/airflow/example_dags/example_branch_operator_decorator.py
[2023-11-27T21:06:17.983-0300] {logging_mixin.py:154} INFO - [2023-11-27T21:06:17.982-0300] {dag.py:2941} INFO - Sync 1 DAGs
[2023-11-27T21:06:18.024-0300] {logging_mixin.py:154} INFO - [2023-11-27T21:06:18.023-0300] {dag.py:3722} INFO - Setting next_dagrun for example_branch_python_operator_decorator to 2023-11-27T00:00:00+00:00, run_after=2023-11-28T00:00:00+00:00
[2023-11-27T21:06:18.062-0300] {processor.py:179} INFO - Processing /home/marcos/anaconda3/envs/XPe-IGTI/lib/python3.8/site-packages/airflow/example_dags/example_branch_operator_decorator.py took 0.137 seconds
[2023-11-27T21:07:18.684-0300] {processor.py:157} INFO - Started process (PID=52320) to work on /home/marcos/anaconda3/envs/XPe-IGTI/lib/python3.8/site-packages/airflow/example_dags/example_branch_operator_decorator.py
[2023-11-27T21:07:18.689-0300] {processor.py:829} INFO - Processing file /home/marcos/anaconda3/envs/XPe-IGTI/lib/python3.8/site-packages/airflow/example_dags/example_branch_operator_decorator.py for tasks to queue
[2023-11-27T21:07:18.690-0300] {logging_mixin.py:154} INFO - [2023-11-27T21:07:18.690-0300] {dagbag.py:536} INFO - Filling up the DagBag from /home/marcos/anaconda3/envs/XPe-IGTI/lib/python3.8/site-packages/airflow/example_dags/example_branch_operator_decorator.py
[2023-11-27T21:07:18.709-0300] {processor.py:839} INFO - DAG(s) dict_keys(['example_branch_python_operator_decorator']) retrieved from /home/marcos/anaconda3/envs/XPe-IGTI/lib/python3.8/site-packages/airflow/example_dags/example_branch_operator_decorator.py
[2023-11-27T21:07:18.738-0300] {logging_mixin.py:154} INFO - [2023-11-27T21:07:18.738-0300] {dag.py:2941} INFO - Sync 1 DAGs
[2023-11-27T21:07:18.772-0300] {logging_mixin.py:154} INFO - [2023-11-27T21:07:18.772-0300] {dag.py:3722} INFO - Setting next_dagrun for example_branch_python_operator_decorator to 2023-11-27T00:00:00+00:00, run_after=2023-11-28T00:00:00+00:00
[2023-11-27T21:07:18.806-0300] {processor.py:179} INFO - Processing /home/marcos/anaconda3/envs/XPe-IGTI/lib/python3.8/site-packages/airflow/example_dags/example_branch_operator_decorator.py took 0.127 seconds
[2023-11-27T21:08:18.982-0300] {processor.py:157} INFO - Started process (PID=52396) to work on /home/marcos/anaconda3/envs/XPe-IGTI/lib/python3.8/site-packages/airflow/example_dags/example_branch_operator_decorator.py
[2023-11-27T21:08:18.983-0300] {processor.py:829} INFO - Processing file /home/marcos/anaconda3/envs/XPe-IGTI/lib/python3.8/site-packages/airflow/example_dags/example_branch_operator_decorator.py for tasks to queue
[2023-11-27T21:08:18.984-0300] {logging_mixin.py:154} INFO - [2023-11-27T21:08:18.984-0300] {dagbag.py:536} INFO - Filling up the DagBag from /home/marcos/anaconda3/envs/XPe-IGTI/lib/python3.8/site-packages/airflow/example_dags/example_branch_operator_decorator.py
[2023-11-27T21:08:19.000-0300] {processor.py:839} INFO - DAG(s) dict_keys(['example_branch_python_operator_decorator']) retrieved from /home/marcos/anaconda3/envs/XPe-IGTI/lib/python3.8/site-packages/airflow/example_dags/example_branch_operator_decorator.py
[2023-11-27T21:08:19.028-0300] {logging_mixin.py:154} INFO - [2023-11-27T21:08:19.027-0300] {dag.py:2941} INFO - Sync 1 DAGs
[2023-11-27T21:08:19.060-0300] {logging_mixin.py:154} INFO - [2023-11-27T21:08:19.060-0300] {dag.py:3722} INFO - Setting next_dagrun for example_branch_python_operator_decorator to 2023-11-27T00:00:00+00:00, run_after=2023-11-28T00:00:00+00:00
[2023-11-27T21:08:19.092-0300] {processor.py:179} INFO - Processing /home/marcos/anaconda3/envs/XPe-IGTI/lib/python3.8/site-packages/airflow/example_dags/example_branch_operator_decorator.py took 0.115 seconds
[2023-11-27T21:09:25.130-0300] {processor.py:157} INFO - Started process (PID=52469) to work on /home/marcos/anaconda3/envs/XPe-IGTI/lib/python3.8/site-packages/airflow/example_dags/example_branch_operator_decorator.py
[2023-11-27T21:09:25.135-0300] {processor.py:829} INFO - Processing file /home/marcos/anaconda3/envs/XPe-IGTI/lib/python3.8/site-packages/airflow/example_dags/example_branch_operator_decorator.py for tasks to queue
[2023-11-27T21:09:25.136-0300] {logging_mixin.py:154} INFO - [2023-11-27T21:09:25.135-0300] {dagbag.py:536} INFO - Filling up the DagBag from /home/marcos/anaconda3/envs/XPe-IGTI/lib/python3.8/site-packages/airflow/example_dags/example_branch_operator_decorator.py
[2023-11-27T21:09:25.154-0300] {processor.py:839} INFO - DAG(s) dict_keys(['example_branch_python_operator_decorator']) retrieved from /home/marcos/anaconda3/envs/XPe-IGTI/lib/python3.8/site-packages/airflow/example_dags/example_branch_operator_decorator.py
[2023-11-27T21:09:25.183-0300] {logging_mixin.py:154} INFO - [2023-11-27T21:09:25.183-0300] {dag.py:2941} INFO - Sync 1 DAGs
[2023-11-27T21:09:25.217-0300] {logging_mixin.py:154} INFO - [2023-11-27T21:09:25.217-0300] {dag.py:3722} INFO - Setting next_dagrun for example_branch_python_operator_decorator to 2023-11-27T00:00:00+00:00, run_after=2023-11-28T00:00:00+00:00
[2023-11-27T21:09:25.249-0300] {processor.py:179} INFO - Processing /home/marcos/anaconda3/envs/XPe-IGTI/lib/python3.8/site-packages/airflow/example_dags/example_branch_operator_decorator.py took 0.124 seconds
[2023-11-27T21:10:27.321-0300] {processor.py:157} INFO - Started process (PID=52555) to work on /home/marcos/anaconda3/envs/XPe-IGTI/lib/python3.8/site-packages/airflow/example_dags/example_branch_operator_decorator.py
[2023-11-27T21:10:27.323-0300] {processor.py:829} INFO - Processing file /home/marcos/anaconda3/envs/XPe-IGTI/lib/python3.8/site-packages/airflow/example_dags/example_branch_operator_decorator.py for tasks to queue
[2023-11-27T21:10:27.324-0300] {logging_mixin.py:154} INFO - [2023-11-27T21:10:27.324-0300] {dagbag.py:536} INFO - Filling up the DagBag from /home/marcos/anaconda3/envs/XPe-IGTI/lib/python3.8/site-packages/airflow/example_dags/example_branch_operator_decorator.py
[2023-11-27T21:10:27.340-0300] {processor.py:839} INFO - DAG(s) dict_keys(['example_branch_python_operator_decorator']) retrieved from /home/marcos/anaconda3/envs/XPe-IGTI/lib/python3.8/site-packages/airflow/example_dags/example_branch_operator_decorator.py
[2023-11-27T21:10:27.365-0300] {logging_mixin.py:154} INFO - [2023-11-27T21:10:27.364-0300] {dag.py:2941} INFO - Sync 1 DAGs
[2023-11-27T21:10:27.395-0300] {logging_mixin.py:154} INFO - [2023-11-27T21:10:27.394-0300] {dag.py:3722} INFO - Setting next_dagrun for example_branch_python_operator_decorator to 2023-11-27T00:00:00+00:00, run_after=2023-11-28T00:00:00+00:00
[2023-11-27T21:10:27.422-0300] {processor.py:179} INFO - Processing /home/marcos/anaconda3/envs/XPe-IGTI/lib/python3.8/site-packages/airflow/example_dags/example_branch_operator_decorator.py took 0.105 seconds
[2023-11-27T21:11:37.006-0300] {processor.py:157} INFO - Started process (PID=52630) to work on /home/marcos/anaconda3/envs/XPe-IGTI/lib/python3.8/site-packages/airflow/example_dags/example_branch_operator_decorator.py
[2023-11-27T21:11:37.010-0300] {processor.py:829} INFO - Processing file /home/marcos/anaconda3/envs/XPe-IGTI/lib/python3.8/site-packages/airflow/example_dags/example_branch_operator_decorator.py for tasks to queue
[2023-11-27T21:11:37.011-0300] {logging_mixin.py:154} INFO - [2023-11-27T21:11:37.011-0300] {dagbag.py:536} INFO - Filling up the DagBag from /home/marcos/anaconda3/envs/XPe-IGTI/lib/python3.8/site-packages/airflow/example_dags/example_branch_operator_decorator.py
[2023-11-27T21:11:37.027-0300] {processor.py:839} INFO - DAG(s) dict_keys(['example_branch_python_operator_decorator']) retrieved from /home/marcos/anaconda3/envs/XPe-IGTI/lib/python3.8/site-packages/airflow/example_dags/example_branch_operator_decorator.py
[2023-11-27T21:11:37.053-0300] {logging_mixin.py:154} INFO - [2023-11-27T21:11:37.053-0300] {dag.py:2941} INFO - Sync 1 DAGs
[2023-11-27T21:11:37.084-0300] {logging_mixin.py:154} INFO - [2023-11-27T21:11:37.084-0300] {dag.py:3722} INFO - Setting next_dagrun for example_branch_python_operator_decorator to 2023-11-27T00:00:00+00:00, run_after=2023-11-28T00:00:00+00:00
[2023-11-27T21:11:37.114-0300] {processor.py:179} INFO - Processing /home/marcos/anaconda3/envs/XPe-IGTI/lib/python3.8/site-packages/airflow/example_dags/example_branch_operator_decorator.py took 0.113 seconds
[2023-11-27T21:12:42.335-0300] {processor.py:157} INFO - Started process (PID=52736) to work on /home/marcos/anaconda3/envs/XPe-IGTI/lib/python3.8/site-packages/airflow/example_dags/example_branch_operator_decorator.py
[2023-11-27T21:12:42.340-0300] {processor.py:829} INFO - Processing file /home/marcos/anaconda3/envs/XPe-IGTI/lib/python3.8/site-packages/airflow/example_dags/example_branch_operator_decorator.py for tasks to queue
[2023-11-27T21:12:42.343-0300] {logging_mixin.py:154} INFO - [2023-11-27T21:12:42.342-0300] {dagbag.py:536} INFO - Filling up the DagBag from /home/marcos/anaconda3/envs/XPe-IGTI/lib/python3.8/site-packages/airflow/example_dags/example_branch_operator_decorator.py
[2023-11-27T21:12:42.369-0300] {processor.py:839} INFO - DAG(s) dict_keys(['example_branch_python_operator_decorator']) retrieved from /home/marcos/anaconda3/envs/XPe-IGTI/lib/python3.8/site-packages/airflow/example_dags/example_branch_operator_decorator.py
[2023-11-27T21:12:42.397-0300] {logging_mixin.py:154} INFO - [2023-11-27T21:12:42.397-0300] {dag.py:2941} INFO - Sync 1 DAGs
[2023-11-27T21:12:42.430-0300] {logging_mixin.py:154} INFO - [2023-11-27T21:12:42.430-0300] {dag.py:3722} INFO - Setting next_dagrun for example_branch_python_operator_decorator to 2023-11-27T00:00:00+00:00, run_after=2023-11-28T00:00:00+00:00
[2023-11-27T21:12:42.463-0300] {processor.py:179} INFO - Processing /home/marcos/anaconda3/envs/XPe-IGTI/lib/python3.8/site-packages/airflow/example_dags/example_branch_operator_decorator.py took 0.133 seconds
[2023-11-27T21:13:39.812-0300] {processor.py:157} INFO - Started process (PID=52819) to work on /home/marcos/anaconda3/envs/XPe-IGTI/lib/python3.8/site-packages/airflow/example_dags/example_branch_operator_decorator.py
[2023-11-27T21:13:39.816-0300] {processor.py:829} INFO - Processing file /home/marcos/anaconda3/envs/XPe-IGTI/lib/python3.8/site-packages/airflow/example_dags/example_branch_operator_decorator.py for tasks to queue
[2023-11-27T21:13:39.817-0300] {logging_mixin.py:154} INFO - [2023-11-27T21:13:39.817-0300] {dagbag.py:536} INFO - Filling up the DagBag from /home/marcos/anaconda3/envs/XPe-IGTI/lib/python3.8/site-packages/airflow/example_dags/example_branch_operator_decorator.py
[2023-11-27T21:13:39.832-0300] {processor.py:839} INFO - DAG(s) dict_keys(['example_branch_python_operator_decorator']) retrieved from /home/marcos/anaconda3/envs/XPe-IGTI/lib/python3.8/site-packages/airflow/example_dags/example_branch_operator_decorator.py
[2023-11-27T21:13:39.858-0300] {logging_mixin.py:154} INFO - [2023-11-27T21:13:39.858-0300] {dag.py:2941} INFO - Sync 1 DAGs
[2023-11-27T21:13:39.901-0300] {logging_mixin.py:154} INFO - [2023-11-27T21:13:39.900-0300] {dag.py:3722} INFO - Setting next_dagrun for example_branch_python_operator_decorator to 2023-11-27T00:00:00+00:00, run_after=2023-11-28T00:00:00+00:00
[2023-11-27T21:13:39.929-0300] {processor.py:179} INFO - Processing /home/marcos/anaconda3/envs/XPe-IGTI/lib/python3.8/site-packages/airflow/example_dags/example_branch_operator_decorator.py took 0.121 seconds
[2023-11-27T21:14:46.050-0300] {processor.py:157} INFO - Started process (PID=52927) to work on /home/marcos/anaconda3/envs/XPe-IGTI/lib/python3.8/site-packages/airflow/example_dags/example_branch_operator_decorator.py
[2023-11-27T21:14:46.055-0300] {processor.py:829} INFO - Processing file /home/marcos/anaconda3/envs/XPe-IGTI/lib/python3.8/site-packages/airflow/example_dags/example_branch_operator_decorator.py for tasks to queue
[2023-11-27T21:14:46.056-0300] {logging_mixin.py:154} INFO - [2023-11-27T21:14:46.056-0300] {dagbag.py:536} INFO - Filling up the DagBag from /home/marcos/anaconda3/envs/XPe-IGTI/lib/python3.8/site-packages/airflow/example_dags/example_branch_operator_decorator.py
[2023-11-27T21:14:46.075-0300] {processor.py:839} INFO - DAG(s) dict_keys(['example_branch_python_operator_decorator']) retrieved from /home/marcos/anaconda3/envs/XPe-IGTI/lib/python3.8/site-packages/airflow/example_dags/example_branch_operator_decorator.py
[2023-11-27T21:14:46.113-0300] {logging_mixin.py:154} INFO - [2023-11-27T21:14:46.112-0300] {dag.py:2941} INFO - Sync 1 DAGs
[2023-11-27T21:14:46.162-0300] {logging_mixin.py:154} INFO - [2023-11-27T21:14:46.162-0300] {dag.py:3722} INFO - Setting next_dagrun for example_branch_python_operator_decorator to 2023-11-27T00:00:00+00:00, run_after=2023-11-28T00:00:00+00:00
[2023-11-27T21:14:46.219-0300] {processor.py:179} INFO - Processing /home/marcos/anaconda3/envs/XPe-IGTI/lib/python3.8/site-packages/airflow/example_dags/example_branch_operator_decorator.py took 0.176 seconds
[2023-11-27T21:15:54.282-0300] {processor.py:157} INFO - Started process (PID=53012) to work on /home/marcos/anaconda3/envs/XPe-IGTI/lib/python3.8/site-packages/airflow/example_dags/example_branch_operator_decorator.py
[2023-11-27T21:15:54.286-0300] {processor.py:829} INFO - Processing file /home/marcos/anaconda3/envs/XPe-IGTI/lib/python3.8/site-packages/airflow/example_dags/example_branch_operator_decorator.py for tasks to queue
[2023-11-27T21:15:54.288-0300] {logging_mixin.py:154} INFO - [2023-11-27T21:15:54.287-0300] {dagbag.py:536} INFO - Filling up the DagBag from /home/marcos/anaconda3/envs/XPe-IGTI/lib/python3.8/site-packages/airflow/example_dags/example_branch_operator_decorator.py
[2023-11-27T21:15:54.308-0300] {processor.py:839} INFO - DAG(s) dict_keys(['example_branch_python_operator_decorator']) retrieved from /home/marcos/anaconda3/envs/XPe-IGTI/lib/python3.8/site-packages/airflow/example_dags/example_branch_operator_decorator.py
[2023-11-27T21:15:54.344-0300] {logging_mixin.py:154} INFO - [2023-11-27T21:15:54.343-0300] {dag.py:2941} INFO - Sync 1 DAGs
[2023-11-27T21:15:54.382-0300] {logging_mixin.py:154} INFO - [2023-11-27T21:15:54.382-0300] {dag.py:3722} INFO - Setting next_dagrun for example_branch_python_operator_decorator to 2023-11-27T00:00:00+00:00, run_after=2023-11-28T00:00:00+00:00
[2023-11-27T21:15:54.422-0300] {processor.py:179} INFO - Processing /home/marcos/anaconda3/envs/XPe-IGTI/lib/python3.8/site-packages/airflow/example_dags/example_branch_operator_decorator.py took 0.145 seconds
[2023-11-27T21:17:03.297-0300] {processor.py:157} INFO - Started process (PID=53118) to work on /home/marcos/anaconda3/envs/XPe-IGTI/lib/python3.8/site-packages/airflow/example_dags/example_branch_operator_decorator.py
[2023-11-27T21:17:03.298-0300] {processor.py:829} INFO - Processing file /home/marcos/anaconda3/envs/XPe-IGTI/lib/python3.8/site-packages/airflow/example_dags/example_branch_operator_decorator.py for tasks to queue
[2023-11-27T21:17:03.299-0300] {logging_mixin.py:154} INFO - [2023-11-27T21:17:03.299-0300] {dagbag.py:536} INFO - Filling up the DagBag from /home/marcos/anaconda3/envs/XPe-IGTI/lib/python3.8/site-packages/airflow/example_dags/example_branch_operator_decorator.py
[2023-11-27T21:17:03.318-0300] {processor.py:839} INFO - DAG(s) dict_keys(['example_branch_python_operator_decorator']) retrieved from /home/marcos/anaconda3/envs/XPe-IGTI/lib/python3.8/site-packages/airflow/example_dags/example_branch_operator_decorator.py
[2023-11-27T21:17:03.350-0300] {logging_mixin.py:154} INFO - [2023-11-27T21:17:03.350-0300] {dag.py:2941} INFO - Sync 1 DAGs
[2023-11-27T21:17:03.384-0300] {logging_mixin.py:154} INFO - [2023-11-27T21:17:03.384-0300] {dag.py:3722} INFO - Setting next_dagrun for example_branch_python_operator_decorator to 2023-11-27T00:00:00+00:00, run_after=2023-11-28T00:00:00+00:00
[2023-11-27T21:17:03.421-0300] {processor.py:179} INFO - Processing /home/marcos/anaconda3/envs/XPe-IGTI/lib/python3.8/site-packages/airflow/example_dags/example_branch_operator_decorator.py took 0.130 seconds
[2023-11-27T21:18:17.897-0300] {processor.py:157} INFO - Started process (PID=53201) to work on /home/marcos/anaconda3/envs/XPe-IGTI/lib/python3.8/site-packages/airflow/example_dags/example_branch_operator_decorator.py
[2023-11-27T21:18:17.901-0300] {processor.py:829} INFO - Processing file /home/marcos/anaconda3/envs/XPe-IGTI/lib/python3.8/site-packages/airflow/example_dags/example_branch_operator_decorator.py for tasks to queue
[2023-11-27T21:18:17.903-0300] {logging_mixin.py:154} INFO - [2023-11-27T21:18:17.902-0300] {dagbag.py:536} INFO - Filling up the DagBag from /home/marcos/anaconda3/envs/XPe-IGTI/lib/python3.8/site-packages/airflow/example_dags/example_branch_operator_decorator.py
[2023-11-27T21:18:17.921-0300] {processor.py:839} INFO - DAG(s) dict_keys(['example_branch_python_operator_decorator']) retrieved from /home/marcos/anaconda3/envs/XPe-IGTI/lib/python3.8/site-packages/airflow/example_dags/example_branch_operator_decorator.py
[2023-11-27T21:18:17.952-0300] {logging_mixin.py:154} INFO - [2023-11-27T21:18:17.952-0300] {dag.py:2941} INFO - Sync 1 DAGs
[2023-11-27T21:18:17.991-0300] {logging_mixin.py:154} INFO - [2023-11-27T21:18:17.990-0300] {dag.py:3722} INFO - Setting next_dagrun for example_branch_python_operator_decorator to 2023-11-27T00:00:00+00:00, run_after=2023-11-28T00:00:00+00:00
[2023-11-27T21:18:18.030-0300] {processor.py:179} INFO - Processing /home/marcos/anaconda3/envs/XPe-IGTI/lib/python3.8/site-packages/airflow/example_dags/example_branch_operator_decorator.py took 0.139 seconds
[2023-11-27T21:19:20.146-0300] {processor.py:157} INFO - Started process (PID=53284) to work on /home/marcos/anaconda3/envs/XPe-IGTI/lib/python3.8/site-packages/airflow/example_dags/example_branch_operator_decorator.py
[2023-11-27T21:19:20.150-0300] {processor.py:829} INFO - Processing file /home/marcos/anaconda3/envs/XPe-IGTI/lib/python3.8/site-packages/airflow/example_dags/example_branch_operator_decorator.py for tasks to queue
[2023-11-27T21:19:20.151-0300] {logging_mixin.py:154} INFO - [2023-11-27T21:19:20.151-0300] {dagbag.py:536} INFO - Filling up the DagBag from /home/marcos/anaconda3/envs/XPe-IGTI/lib/python3.8/site-packages/airflow/example_dags/example_branch_operator_decorator.py
[2023-11-27T21:19:20.168-0300] {processor.py:839} INFO - DAG(s) dict_keys(['example_branch_python_operator_decorator']) retrieved from /home/marcos/anaconda3/envs/XPe-IGTI/lib/python3.8/site-packages/airflow/example_dags/example_branch_operator_decorator.py
[2023-11-27T21:19:20.197-0300] {logging_mixin.py:154} INFO - [2023-11-27T21:19:20.196-0300] {dag.py:2941} INFO - Sync 1 DAGs
[2023-11-27T21:19:20.231-0300] {logging_mixin.py:154} INFO - [2023-11-27T21:19:20.231-0300] {dag.py:3722} INFO - Setting next_dagrun for example_branch_python_operator_decorator to 2023-11-27T00:00:00+00:00, run_after=2023-11-28T00:00:00+00:00
[2023-11-27T21:19:20.263-0300] {processor.py:179} INFO - Processing /home/marcos/anaconda3/envs/XPe-IGTI/lib/python3.8/site-packages/airflow/example_dags/example_branch_operator_decorator.py took 0.122 seconds
[2023-11-27T21:20:31.690-0300] {processor.py:157} INFO - Started process (PID=53366) to work on /home/marcos/anaconda3/envs/XPe-IGTI/lib/python3.8/site-packages/airflow/example_dags/example_branch_operator_decorator.py
[2023-11-27T21:20:31.695-0300] {processor.py:829} INFO - Processing file /home/marcos/anaconda3/envs/XPe-IGTI/lib/python3.8/site-packages/airflow/example_dags/example_branch_operator_decorator.py for tasks to queue
[2023-11-27T21:20:31.696-0300] {logging_mixin.py:154} INFO - [2023-11-27T21:20:31.696-0300] {dagbag.py:536} INFO - Filling up the DagBag from /home/marcos/anaconda3/envs/XPe-IGTI/lib/python3.8/site-packages/airflow/example_dags/example_branch_operator_decorator.py
[2023-11-27T21:20:31.719-0300] {processor.py:839} INFO - DAG(s) dict_keys(['example_branch_python_operator_decorator']) retrieved from /home/marcos/anaconda3/envs/XPe-IGTI/lib/python3.8/site-packages/airflow/example_dags/example_branch_operator_decorator.py
[2023-11-27T21:20:31.753-0300] {logging_mixin.py:154} INFO - [2023-11-27T21:20:31.752-0300] {dag.py:2941} INFO - Sync 1 DAGs
[2023-11-27T21:20:31.797-0300] {logging_mixin.py:154} INFO - [2023-11-27T21:20:31.797-0300] {dag.py:3722} INFO - Setting next_dagrun for example_branch_python_operator_decorator to 2023-11-27T00:00:00+00:00, run_after=2023-11-28T00:00:00+00:00
[2023-11-27T21:20:31.847-0300] {processor.py:179} INFO - Processing /home/marcos/anaconda3/envs/XPe-IGTI/lib/python3.8/site-packages/airflow/example_dags/example_branch_operator_decorator.py took 0.164 seconds
[2023-11-27T21:21:38.202-0300] {processor.py:157} INFO - Started process (PID=53445) to work on /home/marcos/anaconda3/envs/XPe-IGTI/lib/python3.8/site-packages/airflow/example_dags/example_branch_operator_decorator.py
[2023-11-27T21:21:38.208-0300] {processor.py:829} INFO - Processing file /home/marcos/anaconda3/envs/XPe-IGTI/lib/python3.8/site-packages/airflow/example_dags/example_branch_operator_decorator.py for tasks to queue
[2023-11-27T21:21:38.209-0300] {logging_mixin.py:154} INFO - [2023-11-27T21:21:38.209-0300] {dagbag.py:536} INFO - Filling up the DagBag from /home/marcos/anaconda3/envs/XPe-IGTI/lib/python3.8/site-packages/airflow/example_dags/example_branch_operator_decorator.py
[2023-11-27T21:21:38.227-0300] {processor.py:839} INFO - DAG(s) dict_keys(['example_branch_python_operator_decorator']) retrieved from /home/marcos/anaconda3/envs/XPe-IGTI/lib/python3.8/site-packages/airflow/example_dags/example_branch_operator_decorator.py
[2023-11-27T21:21:38.270-0300] {logging_mixin.py:154} INFO - [2023-11-27T21:21:38.270-0300] {dag.py:2941} INFO - Sync 1 DAGs
[2023-11-27T21:21:38.308-0300] {logging_mixin.py:154} INFO - [2023-11-27T21:21:38.308-0300] {dag.py:3722} INFO - Setting next_dagrun for example_branch_python_operator_decorator to 2023-11-27T00:00:00+00:00, run_after=2023-11-28T00:00:00+00:00
[2023-11-27T21:21:38.348-0300] {processor.py:179} INFO - Processing /home/marcos/anaconda3/envs/XPe-IGTI/lib/python3.8/site-packages/airflow/example_dags/example_branch_operator_decorator.py took 0.153 seconds
[2023-11-27T21:22:40.494-0300] {processor.py:157} INFO - Started process (PID=53539) to work on /home/marcos/anaconda3/envs/XPe-IGTI/lib/python3.8/site-packages/airflow/example_dags/example_branch_operator_decorator.py
[2023-11-27T21:22:40.499-0300] {processor.py:829} INFO - Processing file /home/marcos/anaconda3/envs/XPe-IGTI/lib/python3.8/site-packages/airflow/example_dags/example_branch_operator_decorator.py for tasks to queue
[2023-11-27T21:22:40.501-0300] {logging_mixin.py:154} INFO - [2023-11-27T21:22:40.500-0300] {dagbag.py:536} INFO - Filling up the DagBag from /home/marcos/anaconda3/envs/XPe-IGTI/lib/python3.8/site-packages/airflow/example_dags/example_branch_operator_decorator.py
[2023-11-27T21:22:40.529-0300] {processor.py:839} INFO - DAG(s) dict_keys(['example_branch_python_operator_decorator']) retrieved from /home/marcos/anaconda3/envs/XPe-IGTI/lib/python3.8/site-packages/airflow/example_dags/example_branch_operator_decorator.py
[2023-11-27T21:22:40.559-0300] {logging_mixin.py:154} INFO - [2023-11-27T21:22:40.559-0300] {dag.py:2941} INFO - Sync 1 DAGs
[2023-11-27T21:22:40.595-0300] {logging_mixin.py:154} INFO - [2023-11-27T21:22:40.595-0300] {dag.py:3722} INFO - Setting next_dagrun for example_branch_python_operator_decorator to 2023-11-27T00:00:00+00:00, run_after=2023-11-28T00:00:00+00:00
[2023-11-27T21:22:40.632-0300] {processor.py:179} INFO - Processing /home/marcos/anaconda3/envs/XPe-IGTI/lib/python3.8/site-packages/airflow/example_dags/example_branch_operator_decorator.py took 0.144 seconds
[2023-11-27T21:23:42.643-0300] {processor.py:157} INFO - Started process (PID=53616) to work on /home/marcos/anaconda3/envs/XPe-IGTI/lib/python3.8/site-packages/airflow/example_dags/example_branch_operator_decorator.py
[2023-11-27T21:23:42.649-0300] {processor.py:829} INFO - Processing file /home/marcos/anaconda3/envs/XPe-IGTI/lib/python3.8/site-packages/airflow/example_dags/example_branch_operator_decorator.py for tasks to queue
[2023-11-27T21:23:42.654-0300] {logging_mixin.py:154} INFO - [2023-11-27T21:23:42.652-0300] {dagbag.py:536} INFO - Filling up the DagBag from /home/marcos/anaconda3/envs/XPe-IGTI/lib/python3.8/site-packages/airflow/example_dags/example_branch_operator_decorator.py
[2023-11-27T21:23:42.697-0300] {processor.py:839} INFO - DAG(s) dict_keys(['example_branch_python_operator_decorator']) retrieved from /home/marcos/anaconda3/envs/XPe-IGTI/lib/python3.8/site-packages/airflow/example_dags/example_branch_operator_decorator.py
[2023-11-27T21:23:42.732-0300] {logging_mixin.py:154} INFO - [2023-11-27T21:23:42.732-0300] {dag.py:2941} INFO - Sync 1 DAGs
[2023-11-27T21:23:42.770-0300] {logging_mixin.py:154} INFO - [2023-11-27T21:23:42.769-0300] {dag.py:3722} INFO - Setting next_dagrun for example_branch_python_operator_decorator to 2023-11-27T00:00:00+00:00, run_after=2023-11-28T00:00:00+00:00
[2023-11-27T21:23:42.809-0300] {processor.py:179} INFO - Processing /home/marcos/anaconda3/envs/XPe-IGTI/lib/python3.8/site-packages/airflow/example_dags/example_branch_operator_decorator.py took 0.179 seconds
[2023-11-27T21:24:50.579-0300] {processor.py:157} INFO - Started process (PID=53701) to work on /home/marcos/anaconda3/envs/XPe-IGTI/lib/python3.8/site-packages/airflow/example_dags/example_branch_operator_decorator.py
[2023-11-27T21:24:50.586-0300] {processor.py:829} INFO - Processing file /home/marcos/anaconda3/envs/XPe-IGTI/lib/python3.8/site-packages/airflow/example_dags/example_branch_operator_decorator.py for tasks to queue
[2023-11-27T21:24:50.591-0300] {logging_mixin.py:154} INFO - [2023-11-27T21:24:50.589-0300] {dagbag.py:536} INFO - Filling up the DagBag from /home/marcos/anaconda3/envs/XPe-IGTI/lib/python3.8/site-packages/airflow/example_dags/example_branch_operator_decorator.py
[2023-11-27T21:24:50.628-0300] {processor.py:839} INFO - DAG(s) dict_keys(['example_branch_python_operator_decorator']) retrieved from /home/marcos/anaconda3/envs/XPe-IGTI/lib/python3.8/site-packages/airflow/example_dags/example_branch_operator_decorator.py
[2023-11-27T21:24:50.669-0300] {logging_mixin.py:154} INFO - [2023-11-27T21:24:50.668-0300] {dag.py:2941} INFO - Sync 1 DAGs
[2023-11-27T21:24:50.707-0300] {logging_mixin.py:154} INFO - [2023-11-27T21:24:50.707-0300] {dag.py:3722} INFO - Setting next_dagrun for example_branch_python_operator_decorator to 2023-11-27T00:00:00+00:00, run_after=2023-11-28T00:00:00+00:00
[2023-11-27T21:24:50.742-0300] {processor.py:179} INFO - Processing /home/marcos/anaconda3/envs/XPe-IGTI/lib/python3.8/site-packages/airflow/example_dags/example_branch_operator_decorator.py took 0.175 seconds
[2023-11-27T21:26:05.739-0300] {processor.py:157} INFO - Started process (PID=53786) to work on /home/marcos/anaconda3/envs/XPe-IGTI/lib/python3.8/site-packages/airflow/example_dags/example_branch_operator_decorator.py
[2023-11-27T21:26:05.742-0300] {processor.py:829} INFO - Processing file /home/marcos/anaconda3/envs/XPe-IGTI/lib/python3.8/site-packages/airflow/example_dags/example_branch_operator_decorator.py for tasks to queue
[2023-11-27T21:26:05.746-0300] {logging_mixin.py:154} INFO - [2023-11-27T21:26:05.744-0300] {dagbag.py:536} INFO - Filling up the DagBag from /home/marcos/anaconda3/envs/XPe-IGTI/lib/python3.8/site-packages/airflow/example_dags/example_branch_operator_decorator.py
[2023-11-27T21:26:05.787-0300] {processor.py:839} INFO - DAG(s) dict_keys(['example_branch_python_operator_decorator']) retrieved from /home/marcos/anaconda3/envs/XPe-IGTI/lib/python3.8/site-packages/airflow/example_dags/example_branch_operator_decorator.py
[2023-11-27T21:26:05.835-0300] {logging_mixin.py:154} INFO - [2023-11-27T21:26:05.834-0300] {dag.py:2941} INFO - Sync 1 DAGs
[2023-11-27T21:26:05.873-0300] {logging_mixin.py:154} INFO - [2023-11-27T21:26:05.873-0300] {dag.py:3722} INFO - Setting next_dagrun for example_branch_python_operator_decorator to 2023-11-27T00:00:00+00:00, run_after=2023-11-28T00:00:00+00:00
[2023-11-27T21:26:05.910-0300] {processor.py:179} INFO - Processing /home/marcos/anaconda3/envs/XPe-IGTI/lib/python3.8/site-packages/airflow/example_dags/example_branch_operator_decorator.py took 0.183 seconds
[2023-11-27T21:27:16.733-0300] {processor.py:157} INFO - Started process (PID=53896) to work on /home/marcos/anaconda3/envs/XPe-IGTI/lib/python3.8/site-packages/airflow/example_dags/example_branch_operator_decorator.py
[2023-11-27T21:27:16.737-0300] {processor.py:829} INFO - Processing file /home/marcos/anaconda3/envs/XPe-IGTI/lib/python3.8/site-packages/airflow/example_dags/example_branch_operator_decorator.py for tasks to queue
[2023-11-27T21:27:16.739-0300] {logging_mixin.py:154} INFO - [2023-11-27T21:27:16.738-0300] {dagbag.py:536} INFO - Filling up the DagBag from /home/marcos/anaconda3/envs/XPe-IGTI/lib/python3.8/site-packages/airflow/example_dags/example_branch_operator_decorator.py
[2023-11-27T21:27:16.762-0300] {processor.py:839} INFO - DAG(s) dict_keys(['example_branch_python_operator_decorator']) retrieved from /home/marcos/anaconda3/envs/XPe-IGTI/lib/python3.8/site-packages/airflow/example_dags/example_branch_operator_decorator.py
[2023-11-27T21:27:16.792-0300] {logging_mixin.py:154} INFO - [2023-11-27T21:27:16.792-0300] {dag.py:2941} INFO - Sync 1 DAGs
[2023-11-27T21:27:16.842-0300] {logging_mixin.py:154} INFO - [2023-11-27T21:27:16.842-0300] {dag.py:3722} INFO - Setting next_dagrun for example_branch_python_operator_decorator to 2023-11-27T00:00:00+00:00, run_after=2023-11-28T00:00:00+00:00
[2023-11-27T21:27:16.888-0300] {processor.py:179} INFO - Processing /home/marcos/anaconda3/envs/XPe-IGTI/lib/python3.8/site-packages/airflow/example_dags/example_branch_operator_decorator.py took 0.161 seconds
[2023-11-27T21:28:22.702-0300] {processor.py:157} INFO - Started process (PID=53978) to work on /home/marcos/anaconda3/envs/XPe-IGTI/lib/python3.8/site-packages/airflow/example_dags/example_branch_operator_decorator.py
[2023-11-27T21:28:22.707-0300] {processor.py:829} INFO - Processing file /home/marcos/anaconda3/envs/XPe-IGTI/lib/python3.8/site-packages/airflow/example_dags/example_branch_operator_decorator.py for tasks to queue
[2023-11-27T21:28:22.708-0300] {logging_mixin.py:154} INFO - [2023-11-27T21:28:22.707-0300] {dagbag.py:536} INFO - Filling up the DagBag from /home/marcos/anaconda3/envs/XPe-IGTI/lib/python3.8/site-packages/airflow/example_dags/example_branch_operator_decorator.py
[2023-11-27T21:28:22.728-0300] {processor.py:839} INFO - DAG(s) dict_keys(['example_branch_python_operator_decorator']) retrieved from /home/marcos/anaconda3/envs/XPe-IGTI/lib/python3.8/site-packages/airflow/example_dags/example_branch_operator_decorator.py
[2023-11-27T21:28:22.768-0300] {logging_mixin.py:154} INFO - [2023-11-27T21:28:22.768-0300] {dag.py:2941} INFO - Sync 1 DAGs
[2023-11-27T21:28:22.810-0300] {logging_mixin.py:154} INFO - [2023-11-27T21:28:22.810-0300] {dag.py:3722} INFO - Setting next_dagrun for example_branch_python_operator_decorator to 2023-11-27T00:00:00+00:00, run_after=2023-11-28T00:00:00+00:00
[2023-11-27T21:28:22.850-0300] {processor.py:179} INFO - Processing /home/marcos/anaconda3/envs/XPe-IGTI/lib/python3.8/site-packages/airflow/example_dags/example_branch_operator_decorator.py took 0.153 seconds
[2023-11-28T18:52:50.384-0300] {processor.py:157} INFO - Started process (PID=144648) to work on /home/marcos/anaconda3/envs/XPe-IGTI/lib/python3.8/site-packages/airflow/example_dags/example_branch_operator_decorator.py
[2023-11-28T18:52:50.388-0300] {processor.py:829} INFO - Processing file /home/marcos/anaconda3/envs/XPe-IGTI/lib/python3.8/site-packages/airflow/example_dags/example_branch_operator_decorator.py for tasks to queue
[2023-11-28T18:52:50.389-0300] {logging_mixin.py:154} INFO - [2023-11-28T18:52:50.389-0300] {dagbag.py:536} INFO - Filling up the DagBag from /home/marcos/anaconda3/envs/XPe-IGTI/lib/python3.8/site-packages/airflow/example_dags/example_branch_operator_decorator.py
[2023-11-28T18:52:50.400-0300] {processor.py:839} INFO - DAG(s) dict_keys(['example_branch_python_operator_decorator']) retrieved from /home/marcos/anaconda3/envs/XPe-IGTI/lib/python3.8/site-packages/airflow/example_dags/example_branch_operator_decorator.py
[2023-11-28T18:52:50.420-0300] {logging_mixin.py:154} INFO - [2023-11-28T18:52:50.420-0300] {dag.py:2941} INFO - Sync 1 DAGs
[2023-11-28T18:52:50.442-0300] {logging_mixin.py:154} INFO - [2023-11-28T18:52:50.442-0300] {dag.py:3722} INFO - Setting next_dagrun for example_branch_python_operator_decorator to 2023-11-27T00:00:00+00:00, run_after=2023-11-28T00:00:00+00:00
[2023-11-28T18:52:50.464-0300] {processor.py:179} INFO - Processing /home/marcos/anaconda3/envs/XPe-IGTI/lib/python3.8/site-packages/airflow/example_dags/example_branch_operator_decorator.py took 0.083 seconds
[2023-11-28T18:53:44.901-0300] {processor.py:157} INFO - Started process (PID=144756) to work on /home/marcos/anaconda3/envs/XPe-IGTI/lib/python3.8/site-packages/airflow/example_dags/example_branch_operator_decorator.py
[2023-11-28T18:53:44.905-0300] {processor.py:829} INFO - Processing file /home/marcos/anaconda3/envs/XPe-IGTI/lib/python3.8/site-packages/airflow/example_dags/example_branch_operator_decorator.py for tasks to queue
[2023-11-28T18:53:44.907-0300] {logging_mixin.py:154} INFO - [2023-11-28T18:53:44.906-0300] {dagbag.py:536} INFO - Filling up the DagBag from /home/marcos/anaconda3/envs/XPe-IGTI/lib/python3.8/site-packages/airflow/example_dags/example_branch_operator_decorator.py
[2023-11-28T18:53:44.923-0300] {processor.py:839} INFO - DAG(s) dict_keys(['example_branch_python_operator_decorator']) retrieved from /home/marcos/anaconda3/envs/XPe-IGTI/lib/python3.8/site-packages/airflow/example_dags/example_branch_operator_decorator.py
[2023-11-28T18:53:44.943-0300] {logging_mixin.py:154} INFO - [2023-11-28T18:53:44.943-0300] {dag.py:2941} INFO - Sync 1 DAGs
[2023-11-28T18:53:44.965-0300] {logging_mixin.py:154} INFO - [2023-11-28T18:53:44.964-0300] {dag.py:3722} INFO - Setting next_dagrun for example_branch_python_operator_decorator to 2023-11-27T00:00:00+00:00, run_after=2023-11-28T00:00:00+00:00
[2023-11-28T18:53:44.985-0300] {processor.py:179} INFO - Processing /home/marcos/anaconda3/envs/XPe-IGTI/lib/python3.8/site-packages/airflow/example_dags/example_branch_operator_decorator.py took 0.089 seconds
[2023-11-28T18:54:45.659-0300] {processor.py:157} INFO - Started process (PID=145297) to work on /home/marcos/anaconda3/envs/XPe-IGTI/lib/python3.8/site-packages/airflow/example_dags/example_branch_operator_decorator.py
[2023-11-28T18:54:45.667-0300] {processor.py:829} INFO - Processing file /home/marcos/anaconda3/envs/XPe-IGTI/lib/python3.8/site-packages/airflow/example_dags/example_branch_operator_decorator.py for tasks to queue
[2023-11-28T18:54:45.672-0300] {logging_mixin.py:154} INFO - [2023-11-28T18:54:45.670-0300] {dagbag.py:536} INFO - Filling up the DagBag from /home/marcos/anaconda3/envs/XPe-IGTI/lib/python3.8/site-packages/airflow/example_dags/example_branch_operator_decorator.py
[2023-11-28T18:54:45.709-0300] {processor.py:839} INFO - DAG(s) dict_keys(['example_branch_python_operator_decorator']) retrieved from /home/marcos/anaconda3/envs/XPe-IGTI/lib/python3.8/site-packages/airflow/example_dags/example_branch_operator_decorator.py
[2023-11-28T18:54:45.736-0300] {logging_mixin.py:154} INFO - [2023-11-28T18:54:45.735-0300] {dag.py:2941} INFO - Sync 1 DAGs
[2023-11-28T18:54:45.756-0300] {logging_mixin.py:154} INFO - [2023-11-28T18:54:45.756-0300] {dag.py:3722} INFO - Setting next_dagrun for example_branch_python_operator_decorator to 2023-11-27T00:00:00+00:00, run_after=2023-11-28T00:00:00+00:00
[2023-11-28T18:54:45.779-0300] {processor.py:179} INFO - Processing /home/marcos/anaconda3/envs/XPe-IGTI/lib/python3.8/site-packages/airflow/example_dags/example_branch_operator_decorator.py took 0.134 seconds
[2023-11-28T18:55:48.499-0300] {processor.py:157} INFO - Started process (PID=145402) to work on /home/marcos/anaconda3/envs/XPe-IGTI/lib/python3.8/site-packages/airflow/example_dags/example_branch_operator_decorator.py
[2023-11-28T18:55:48.500-0300] {processor.py:829} INFO - Processing file /home/marcos/anaconda3/envs/XPe-IGTI/lib/python3.8/site-packages/airflow/example_dags/example_branch_operator_decorator.py for tasks to queue
[2023-11-28T18:55:48.501-0300] {logging_mixin.py:154} INFO - [2023-11-28T18:55:48.501-0300] {dagbag.py:536} INFO - Filling up the DagBag from /home/marcos/anaconda3/envs/XPe-IGTI/lib/python3.8/site-packages/airflow/example_dags/example_branch_operator_decorator.py
[2023-11-28T18:55:48.510-0300] {processor.py:839} INFO - DAG(s) dict_keys(['example_branch_python_operator_decorator']) retrieved from /home/marcos/anaconda3/envs/XPe-IGTI/lib/python3.8/site-packages/airflow/example_dags/example_branch_operator_decorator.py
[2023-11-28T18:55:48.527-0300] {logging_mixin.py:154} INFO - [2023-11-28T18:55:48.527-0300] {dag.py:2941} INFO - Sync 1 DAGs
[2023-11-28T18:55:48.546-0300] {logging_mixin.py:154} INFO - [2023-11-28T18:55:48.546-0300] {dag.py:3722} INFO - Setting next_dagrun for example_branch_python_operator_decorator to 2023-11-27T00:00:00+00:00, run_after=2023-11-28T00:00:00+00:00
[2023-11-28T18:55:48.565-0300] {processor.py:179} INFO - Processing /home/marcos/anaconda3/envs/XPe-IGTI/lib/python3.8/site-packages/airflow/example_dags/example_branch_operator_decorator.py took 0.069 seconds
[2023-11-28T18:56:44.629-0300] {processor.py:157} INFO - Started process (PID=145495) to work on /home/marcos/anaconda3/envs/XPe-IGTI/lib/python3.8/site-packages/airflow/example_dags/example_branch_operator_decorator.py
[2023-11-28T18:56:44.633-0300] {processor.py:829} INFO - Processing file /home/marcos/anaconda3/envs/XPe-IGTI/lib/python3.8/site-packages/airflow/example_dags/example_branch_operator_decorator.py for tasks to queue
[2023-11-28T18:56:44.634-0300] {logging_mixin.py:154} INFO - [2023-11-28T18:56:44.634-0300] {dagbag.py:536} INFO - Filling up the DagBag from /home/marcos/anaconda3/envs/XPe-IGTI/lib/python3.8/site-packages/airflow/example_dags/example_branch_operator_decorator.py
[2023-11-28T18:56:44.643-0300] {processor.py:839} INFO - DAG(s) dict_keys(['example_branch_python_operator_decorator']) retrieved from /home/marcos/anaconda3/envs/XPe-IGTI/lib/python3.8/site-packages/airflow/example_dags/example_branch_operator_decorator.py
[2023-11-28T18:56:44.660-0300] {logging_mixin.py:154} INFO - [2023-11-28T18:56:44.660-0300] {dag.py:2941} INFO - Sync 1 DAGs
[2023-11-28T18:56:44.678-0300] {logging_mixin.py:154} INFO - [2023-11-28T18:56:44.677-0300] {dag.py:3722} INFO - Setting next_dagrun for example_branch_python_operator_decorator to 2023-11-27T00:00:00+00:00, run_after=2023-11-28T00:00:00+00:00
[2023-11-28T18:56:44.695-0300] {processor.py:179} INFO - Processing /home/marcos/anaconda3/envs/XPe-IGTI/lib/python3.8/site-packages/airflow/example_dags/example_branch_operator_decorator.py took 0.069 seconds
[2023-11-28T18:57:37.873-0300] {processor.py:157} INFO - Started process (PID=145629) to work on /home/marcos/anaconda3/envs/XPe-IGTI/lib/python3.8/site-packages/airflow/example_dags/example_branch_operator_decorator.py
[2023-11-28T18:57:37.878-0300] {processor.py:829} INFO - Processing file /home/marcos/anaconda3/envs/XPe-IGTI/lib/python3.8/site-packages/airflow/example_dags/example_branch_operator_decorator.py for tasks to queue
[2023-11-28T18:57:37.880-0300] {logging_mixin.py:154} INFO - [2023-11-28T18:57:37.879-0300] {dagbag.py:536} INFO - Filling up the DagBag from /home/marcos/anaconda3/envs/XPe-IGTI/lib/python3.8/site-packages/airflow/example_dags/example_branch_operator_decorator.py
[2023-11-28T18:57:37.901-0300] {processor.py:839} INFO - DAG(s) dict_keys(['example_branch_python_operator_decorator']) retrieved from /home/marcos/anaconda3/envs/XPe-IGTI/lib/python3.8/site-packages/airflow/example_dags/example_branch_operator_decorator.py
[2023-11-28T18:57:37.919-0300] {logging_mixin.py:154} INFO - [2023-11-28T18:57:37.919-0300] {dag.py:2941} INFO - Sync 1 DAGs
[2023-11-28T18:57:37.937-0300] {logging_mixin.py:154} INFO - [2023-11-28T18:57:37.937-0300] {dag.py:3722} INFO - Setting next_dagrun for example_branch_python_operator_decorator to 2023-11-27T00:00:00+00:00, run_after=2023-11-28T00:00:00+00:00
[2023-11-28T18:57:37.957-0300] {processor.py:179} INFO - Processing /home/marcos/anaconda3/envs/XPe-IGTI/lib/python3.8/site-packages/airflow/example_dags/example_branch_operator_decorator.py took 0.091 seconds
[2023-11-28T18:58:32.767-0300] {processor.py:157} INFO - Started process (PID=145708) to work on /home/marcos/anaconda3/envs/XPe-IGTI/lib/python3.8/site-packages/airflow/example_dags/example_branch_operator_decorator.py
[2023-11-28T18:58:32.772-0300] {processor.py:829} INFO - Processing file /home/marcos/anaconda3/envs/XPe-IGTI/lib/python3.8/site-packages/airflow/example_dags/example_branch_operator_decorator.py for tasks to queue
[2023-11-28T18:58:32.773-0300] {logging_mixin.py:154} INFO - [2023-11-28T18:58:32.773-0300] {dagbag.py:536} INFO - Filling up the DagBag from /home/marcos/anaconda3/envs/XPe-IGTI/lib/python3.8/site-packages/airflow/example_dags/example_branch_operator_decorator.py
[2023-11-28T18:58:32.790-0300] {processor.py:839} INFO - DAG(s) dict_keys(['example_branch_python_operator_decorator']) retrieved from /home/marcos/anaconda3/envs/XPe-IGTI/lib/python3.8/site-packages/airflow/example_dags/example_branch_operator_decorator.py
[2023-11-28T18:58:32.816-0300] {logging_mixin.py:154} INFO - [2023-11-28T18:58:32.816-0300] {dag.py:2941} INFO - Sync 1 DAGs
[2023-11-28T18:58:32.847-0300] {logging_mixin.py:154} INFO - [2023-11-28T18:58:32.847-0300] {dag.py:3722} INFO - Setting next_dagrun for example_branch_python_operator_decorator to 2023-11-27T00:00:00+00:00, run_after=2023-11-28T00:00:00+00:00
[2023-11-28T18:58:32.878-0300] {processor.py:179} INFO - Processing /home/marcos/anaconda3/envs/XPe-IGTI/lib/python3.8/site-packages/airflow/example_dags/example_branch_operator_decorator.py took 0.116 seconds
[2023-11-28T18:59:33.889-0300] {processor.py:157} INFO - Started process (PID=145796) to work on /home/marcos/anaconda3/envs/XPe-IGTI/lib/python3.8/site-packages/airflow/example_dags/example_branch_operator_decorator.py
[2023-11-28T18:59:33.894-0300] {processor.py:829} INFO - Processing file /home/marcos/anaconda3/envs/XPe-IGTI/lib/python3.8/site-packages/airflow/example_dags/example_branch_operator_decorator.py for tasks to queue
[2023-11-28T18:59:33.896-0300] {logging_mixin.py:154} INFO - [2023-11-28T18:59:33.895-0300] {dagbag.py:536} INFO - Filling up the DagBag from /home/marcos/anaconda3/envs/XPe-IGTI/lib/python3.8/site-packages/airflow/example_dags/example_branch_operator_decorator.py
[2023-11-28T18:59:33.915-0300] {processor.py:839} INFO - DAG(s) dict_keys(['example_branch_python_operator_decorator']) retrieved from /home/marcos/anaconda3/envs/XPe-IGTI/lib/python3.8/site-packages/airflow/example_dags/example_branch_operator_decorator.py
[2023-11-28T18:59:33.949-0300] {logging_mixin.py:154} INFO - [2023-11-28T18:59:33.949-0300] {dag.py:2941} INFO - Sync 1 DAGs
[2023-11-28T18:59:33.985-0300] {logging_mixin.py:154} INFO - [2023-11-28T18:59:33.985-0300] {dag.py:3722} INFO - Setting next_dagrun for example_branch_python_operator_decorator to 2023-11-27T00:00:00+00:00, run_after=2023-11-28T00:00:00+00:00
[2023-11-28T18:59:34.007-0300] {processor.py:179} INFO - Processing /home/marcos/anaconda3/envs/XPe-IGTI/lib/python3.8/site-packages/airflow/example_dags/example_branch_operator_decorator.py took 0.122 seconds
[2023-11-28T19:00:27.064-0300] {processor.py:157} INFO - Started process (PID=145885) to work on /home/marcos/anaconda3/envs/XPe-IGTI/lib/python3.8/site-packages/airflow/example_dags/example_branch_operator_decorator.py
[2023-11-28T19:00:27.068-0300] {processor.py:829} INFO - Processing file /home/marcos/anaconda3/envs/XPe-IGTI/lib/python3.8/site-packages/airflow/example_dags/example_branch_operator_decorator.py for tasks to queue
[2023-11-28T19:00:27.068-0300] {logging_mixin.py:154} INFO - [2023-11-28T19:00:27.068-0300] {dagbag.py:536} INFO - Filling up the DagBag from /home/marcos/anaconda3/envs/XPe-IGTI/lib/python3.8/site-packages/airflow/example_dags/example_branch_operator_decorator.py
[2023-11-28T19:00:27.077-0300] {processor.py:839} INFO - DAG(s) dict_keys(['example_branch_python_operator_decorator']) retrieved from /home/marcos/anaconda3/envs/XPe-IGTI/lib/python3.8/site-packages/airflow/example_dags/example_branch_operator_decorator.py
[2023-11-28T19:00:27.093-0300] {logging_mixin.py:154} INFO - [2023-11-28T19:00:27.093-0300] {dag.py:2941} INFO - Sync 1 DAGs
[2023-11-28T19:00:27.113-0300] {logging_mixin.py:154} INFO - [2023-11-28T19:00:27.113-0300] {dag.py:3722} INFO - Setting next_dagrun for example_branch_python_operator_decorator to 2023-11-27T00:00:00+00:00, run_after=2023-11-28T00:00:00+00:00
[2023-11-28T19:00:27.134-0300] {processor.py:179} INFO - Processing /home/marcos/anaconda3/envs/XPe-IGTI/lib/python3.8/site-packages/airflow/example_dags/example_branch_operator_decorator.py took 0.072 seconds
[2023-11-28T19:01:20.996-0300] {processor.py:157} INFO - Started process (PID=145971) to work on /home/marcos/anaconda3/envs/XPe-IGTI/lib/python3.8/site-packages/airflow/example_dags/example_branch_operator_decorator.py
[2023-11-28T19:01:20.997-0300] {processor.py:829} INFO - Processing file /home/marcos/anaconda3/envs/XPe-IGTI/lib/python3.8/site-packages/airflow/example_dags/example_branch_operator_decorator.py for tasks to queue
[2023-11-28T19:01:20.998-0300] {logging_mixin.py:154} INFO - [2023-11-28T19:01:20.998-0300] {dagbag.py:536} INFO - Filling up the DagBag from /home/marcos/anaconda3/envs/XPe-IGTI/lib/python3.8/site-packages/airflow/example_dags/example_branch_operator_decorator.py
[2023-11-28T19:01:21.006-0300] {processor.py:839} INFO - DAG(s) dict_keys(['example_branch_python_operator_decorator']) retrieved from /home/marcos/anaconda3/envs/XPe-IGTI/lib/python3.8/site-packages/airflow/example_dags/example_branch_operator_decorator.py
[2023-11-28T19:01:21.022-0300] {logging_mixin.py:154} INFO - [2023-11-28T19:01:21.022-0300] {dag.py:2941} INFO - Sync 1 DAGs
[2023-11-28T19:01:21.039-0300] {logging_mixin.py:154} INFO - [2023-11-28T19:01:21.039-0300] {dag.py:3722} INFO - Setting next_dagrun for example_branch_python_operator_decorator to 2023-11-27T00:00:00+00:00, run_after=2023-11-28T00:00:00+00:00
[2023-11-28T19:01:21.068-0300] {processor.py:179} INFO - Processing /home/marcos/anaconda3/envs/XPe-IGTI/lib/python3.8/site-packages/airflow/example_dags/example_branch_operator_decorator.py took 0.074 seconds
[2023-11-28T19:02:23.001-0300] {processor.py:157} INFO - Started process (PID=146128) to work on /home/marcos/anaconda3/envs/XPe-IGTI/lib/python3.8/site-packages/airflow/example_dags/example_branch_operator_decorator.py
[2023-11-28T19:02:23.005-0300] {processor.py:829} INFO - Processing file /home/marcos/anaconda3/envs/XPe-IGTI/lib/python3.8/site-packages/airflow/example_dags/example_branch_operator_decorator.py for tasks to queue
[2023-11-28T19:02:23.006-0300] {logging_mixin.py:154} INFO - [2023-11-28T19:02:23.005-0300] {dagbag.py:536} INFO - Filling up the DagBag from /home/marcos/anaconda3/envs/XPe-IGTI/lib/python3.8/site-packages/airflow/example_dags/example_branch_operator_decorator.py
[2023-11-28T19:02:23.017-0300] {processor.py:839} INFO - DAG(s) dict_keys(['example_branch_python_operator_decorator']) retrieved from /home/marcos/anaconda3/envs/XPe-IGTI/lib/python3.8/site-packages/airflow/example_dags/example_branch_operator_decorator.py
[2023-11-28T19:02:23.037-0300] {logging_mixin.py:154} INFO - [2023-11-28T19:02:23.037-0300] {dag.py:2941} INFO - Sync 1 DAGs
[2023-11-28T19:02:23.059-0300] {logging_mixin.py:154} INFO - [2023-11-28T19:02:23.059-0300] {dag.py:3722} INFO - Setting next_dagrun for example_branch_python_operator_decorator to 2023-11-27T00:00:00+00:00, run_after=2023-11-28T00:00:00+00:00
[2023-11-28T19:02:23.079-0300] {processor.py:179} INFO - Processing /home/marcos/anaconda3/envs/XPe-IGTI/lib/python3.8/site-packages/airflow/example_dags/example_branch_operator_decorator.py took 0.084 seconds
[2023-11-28T19:03:17.516-0300] {processor.py:157} INFO - Started process (PID=146226) to work on /home/marcos/anaconda3/envs/XPe-IGTI/lib/python3.8/site-packages/airflow/example_dags/example_branch_operator_decorator.py
[2023-11-28T19:03:17.520-0300] {processor.py:829} INFO - Processing file /home/marcos/anaconda3/envs/XPe-IGTI/lib/python3.8/site-packages/airflow/example_dags/example_branch_operator_decorator.py for tasks to queue
[2023-11-28T19:03:17.522-0300] {logging_mixin.py:154} INFO - [2023-11-28T19:03:17.521-0300] {dagbag.py:536} INFO - Filling up the DagBag from /home/marcos/anaconda3/envs/XPe-IGTI/lib/python3.8/site-packages/airflow/example_dags/example_branch_operator_decorator.py
[2023-11-28T19:03:17.538-0300] {processor.py:839} INFO - DAG(s) dict_keys(['example_branch_python_operator_decorator']) retrieved from /home/marcos/anaconda3/envs/XPe-IGTI/lib/python3.8/site-packages/airflow/example_dags/example_branch_operator_decorator.py
[2023-11-28T19:03:17.566-0300] {logging_mixin.py:154} INFO - [2023-11-28T19:03:17.566-0300] {dag.py:2941} INFO - Sync 1 DAGs
[2023-11-28T19:03:17.599-0300] {logging_mixin.py:154} INFO - [2023-11-28T19:03:17.598-0300] {dag.py:3722} INFO - Setting next_dagrun for example_branch_python_operator_decorator to 2023-11-27T00:00:00+00:00, run_after=2023-11-28T00:00:00+00:00
[2023-11-28T19:03:17.628-0300] {processor.py:179} INFO - Processing /home/marcos/anaconda3/envs/XPe-IGTI/lib/python3.8/site-packages/airflow/example_dags/example_branch_operator_decorator.py took 0.117 seconds
[2023-11-28T19:04:26.517-0300] {processor.py:157} INFO - Started process (PID=146363) to work on /home/marcos/anaconda3/envs/XPe-IGTI/lib/python3.8/site-packages/airflow/example_dags/example_branch_operator_decorator.py
[2023-11-28T19:04:26.522-0300] {processor.py:829} INFO - Processing file /home/marcos/anaconda3/envs/XPe-IGTI/lib/python3.8/site-packages/airflow/example_dags/example_branch_operator_decorator.py for tasks to queue
[2023-11-28T19:04:26.523-0300] {logging_mixin.py:154} INFO - [2023-11-28T19:04:26.523-0300] {dagbag.py:536} INFO - Filling up the DagBag from /home/marcos/anaconda3/envs/XPe-IGTI/lib/python3.8/site-packages/airflow/example_dags/example_branch_operator_decorator.py
[2023-11-28T19:04:26.539-0300] {processor.py:839} INFO - DAG(s) dict_keys(['example_branch_python_operator_decorator']) retrieved from /home/marcos/anaconda3/envs/XPe-IGTI/lib/python3.8/site-packages/airflow/example_dags/example_branch_operator_decorator.py
[2023-11-28T19:04:26.565-0300] {logging_mixin.py:154} INFO - [2023-11-28T19:04:26.565-0300] {dag.py:2941} INFO - Sync 1 DAGs
[2023-11-28T19:04:26.599-0300] {logging_mixin.py:154} INFO - [2023-11-28T19:04:26.598-0300] {dag.py:3722} INFO - Setting next_dagrun for example_branch_python_operator_decorator to 2023-11-27T00:00:00+00:00, run_after=2023-11-28T00:00:00+00:00
[2023-11-28T19:04:26.631-0300] {processor.py:179} INFO - Processing /home/marcos/anaconda3/envs/XPe-IGTI/lib/python3.8/site-packages/airflow/example_dags/example_branch_operator_decorator.py took 0.118 seconds
[2023-11-28T19:05:21.683-0300] {processor.py:157} INFO - Started process (PID=146450) to work on /home/marcos/anaconda3/envs/XPe-IGTI/lib/python3.8/site-packages/airflow/example_dags/example_branch_operator_decorator.py
[2023-11-28T19:05:21.687-0300] {processor.py:829} INFO - Processing file /home/marcos/anaconda3/envs/XPe-IGTI/lib/python3.8/site-packages/airflow/example_dags/example_branch_operator_decorator.py for tasks to queue
[2023-11-28T19:05:21.689-0300] {logging_mixin.py:154} INFO - [2023-11-28T19:05:21.688-0300] {dagbag.py:536} INFO - Filling up the DagBag from /home/marcos/anaconda3/envs/XPe-IGTI/lib/python3.8/site-packages/airflow/example_dags/example_branch_operator_decorator.py
[2023-11-28T19:05:21.704-0300] {processor.py:839} INFO - DAG(s) dict_keys(['example_branch_python_operator_decorator']) retrieved from /home/marcos/anaconda3/envs/XPe-IGTI/lib/python3.8/site-packages/airflow/example_dags/example_branch_operator_decorator.py
[2023-11-28T19:05:21.733-0300] {logging_mixin.py:154} INFO - [2023-11-28T19:05:21.733-0300] {dag.py:2941} INFO - Sync 1 DAGs
[2023-11-28T19:05:21.768-0300] {logging_mixin.py:154} INFO - [2023-11-28T19:05:21.767-0300] {dag.py:3722} INFO - Setting next_dagrun for example_branch_python_operator_decorator to 2023-11-27T00:00:00+00:00, run_after=2023-11-28T00:00:00+00:00
[2023-11-28T19:05:21.800-0300] {processor.py:179} INFO - Processing /home/marcos/anaconda3/envs/XPe-IGTI/lib/python3.8/site-packages/airflow/example_dags/example_branch_operator_decorator.py took 0.122 seconds
[2023-11-28T19:06:37.487-0300] {processor.py:157} INFO - Started process (PID=146571) to work on /home/marcos/anaconda3/envs/XPe-IGTI/lib/python3.8/site-packages/airflow/example_dags/example_branch_operator_decorator.py
[2023-11-28T19:06:37.492-0300] {processor.py:829} INFO - Processing file /home/marcos/anaconda3/envs/XPe-IGTI/lib/python3.8/site-packages/airflow/example_dags/example_branch_operator_decorator.py for tasks to queue
[2023-11-28T19:06:37.500-0300] {logging_mixin.py:154} INFO - [2023-11-28T19:06:37.498-0300] {dagbag.py:536} INFO - Filling up the DagBag from /home/marcos/anaconda3/envs/XPe-IGTI/lib/python3.8/site-packages/airflow/example_dags/example_branch_operator_decorator.py
[2023-11-28T19:06:37.523-0300] {processor.py:839} INFO - DAG(s) dict_keys(['example_branch_python_operator_decorator']) retrieved from /home/marcos/anaconda3/envs/XPe-IGTI/lib/python3.8/site-packages/airflow/example_dags/example_branch_operator_decorator.py
[2023-11-28T19:06:37.554-0300] {logging_mixin.py:154} INFO - [2023-11-28T19:06:37.552-0300] {dag.py:2941} INFO - Sync 1 DAGs
[2023-11-28T19:06:37.580-0300] {logging_mixin.py:154} INFO - [2023-11-28T19:06:37.580-0300] {dag.py:3722} INFO - Setting next_dagrun for example_branch_python_operator_decorator to 2023-11-27T00:00:00+00:00, run_after=2023-11-28T00:00:00+00:00
[2023-11-28T19:06:37.599-0300] {processor.py:179} INFO - Processing /home/marcos/anaconda3/envs/XPe-IGTI/lib/python3.8/site-packages/airflow/example_dags/example_branch_operator_decorator.py took 0.116 seconds
[2023-11-28T19:07:36.901-0300] {processor.py:157} INFO - Started process (PID=146676) to work on /home/marcos/anaconda3/envs/XPe-IGTI/lib/python3.8/site-packages/airflow/example_dags/example_branch_operator_decorator.py
[2023-11-28T19:07:36.903-0300] {processor.py:829} INFO - Processing file /home/marcos/anaconda3/envs/XPe-IGTI/lib/python3.8/site-packages/airflow/example_dags/example_branch_operator_decorator.py for tasks to queue
[2023-11-28T19:07:36.906-0300] {logging_mixin.py:154} INFO - [2023-11-28T19:07:36.906-0300] {dagbag.py:536} INFO - Filling up the DagBag from /home/marcos/anaconda3/envs/XPe-IGTI/lib/python3.8/site-packages/airflow/example_dags/example_branch_operator_decorator.py
[2023-11-28T19:07:36.924-0300] {processor.py:839} INFO - DAG(s) dict_keys(['example_branch_python_operator_decorator']) retrieved from /home/marcos/anaconda3/envs/XPe-IGTI/lib/python3.8/site-packages/airflow/example_dags/example_branch_operator_decorator.py
[2023-11-28T19:07:36.957-0300] {logging_mixin.py:154} INFO - [2023-11-28T19:07:36.956-0300] {dag.py:2941} INFO - Sync 1 DAGs
[2023-11-28T19:07:36.999-0300] {logging_mixin.py:154} INFO - [2023-11-28T19:07:36.999-0300] {dag.py:3722} INFO - Setting next_dagrun for example_branch_python_operator_decorator to 2023-11-27T00:00:00+00:00, run_after=2023-11-28T00:00:00+00:00
[2023-11-28T19:07:37.677-0300] {processor.py:179} INFO - Processing /home/marcos/anaconda3/envs/XPe-IGTI/lib/python3.8/site-packages/airflow/example_dags/example_branch_operator_decorator.py took 0.781 seconds
[2023-11-28T19:09:14.521-0300] {processor.py:157} INFO - Started process (PID=146892) to work on /home/marcos/anaconda3/envs/XPe-IGTI/lib/python3.8/site-packages/airflow/example_dags/example_branch_operator_decorator.py
[2023-11-28T19:09:14.526-0300] {processor.py:829} INFO - Processing file /home/marcos/anaconda3/envs/XPe-IGTI/lib/python3.8/site-packages/airflow/example_dags/example_branch_operator_decorator.py for tasks to queue
[2023-11-28T19:09:14.529-0300] {logging_mixin.py:154} INFO - [2023-11-28T19:09:14.529-0300] {dagbag.py:536} INFO - Filling up the DagBag from /home/marcos/anaconda3/envs/XPe-IGTI/lib/python3.8/site-packages/airflow/example_dags/example_branch_operator_decorator.py
[2023-11-28T19:09:14.545-0300] {processor.py:839} INFO - DAG(s) dict_keys(['example_branch_python_operator_decorator']) retrieved from /home/marcos/anaconda3/envs/XPe-IGTI/lib/python3.8/site-packages/airflow/example_dags/example_branch_operator_decorator.py
[2023-11-28T19:09:14.562-0300] {logging_mixin.py:154} INFO - [2023-11-28T19:09:14.561-0300] {dag.py:2941} INFO - Sync 1 DAGs
[2023-11-28T19:09:14.580-0300] {logging_mixin.py:154} INFO - [2023-11-28T19:09:14.580-0300] {dag.py:3722} INFO - Setting next_dagrun for example_branch_python_operator_decorator to 2023-11-27T00:00:00+00:00, run_after=2023-11-28T00:00:00+00:00
[2023-11-28T19:09:14.597-0300] {processor.py:179} INFO - Processing /home/marcos/anaconda3/envs/XPe-IGTI/lib/python3.8/site-packages/airflow/example_dags/example_branch_operator_decorator.py took 0.081 seconds
[2023-11-28T19:10:16.989-0300] {processor.py:157} INFO - Started process (PID=146975) to work on /home/marcos/anaconda3/envs/XPe-IGTI/lib/python3.8/site-packages/airflow/example_dags/example_branch_operator_decorator.py
[2023-11-28T19:10:16.990-0300] {processor.py:829} INFO - Processing file /home/marcos/anaconda3/envs/XPe-IGTI/lib/python3.8/site-packages/airflow/example_dags/example_branch_operator_decorator.py for tasks to queue
[2023-11-28T19:10:16.993-0300] {logging_mixin.py:154} INFO - [2023-11-28T19:10:16.992-0300] {dagbag.py:536} INFO - Filling up the DagBag from /home/marcos/anaconda3/envs/XPe-IGTI/lib/python3.8/site-packages/airflow/example_dags/example_branch_operator_decorator.py
[2023-11-28T19:10:17.004-0300] {processor.py:839} INFO - DAG(s) dict_keys(['example_branch_python_operator_decorator']) retrieved from /home/marcos/anaconda3/envs/XPe-IGTI/lib/python3.8/site-packages/airflow/example_dags/example_branch_operator_decorator.py
[2023-11-28T19:10:17.024-0300] {logging_mixin.py:154} INFO - [2023-11-28T19:10:17.024-0300] {dag.py:2941} INFO - Sync 1 DAGs
[2023-11-28T19:10:17.048-0300] {logging_mixin.py:154} INFO - [2023-11-28T19:10:17.048-0300] {dag.py:3722} INFO - Setting next_dagrun for example_branch_python_operator_decorator to 2023-11-27T00:00:00+00:00, run_after=2023-11-28T00:00:00+00:00
[2023-11-28T19:10:17.070-0300] {processor.py:179} INFO - Processing /home/marcos/anaconda3/envs/XPe-IGTI/lib/python3.8/site-packages/airflow/example_dags/example_branch_operator_decorator.py took 0.085 seconds
[2023-11-28T19:11:16.412-0300] {processor.py:157} INFO - Started process (PID=147139) to work on /home/marcos/anaconda3/envs/XPe-IGTI/lib/python3.8/site-packages/airflow/example_dags/example_branch_operator_decorator.py
[2023-11-28T19:11:16.416-0300] {processor.py:829} INFO - Processing file /home/marcos/anaconda3/envs/XPe-IGTI/lib/python3.8/site-packages/airflow/example_dags/example_branch_operator_decorator.py for tasks to queue
[2023-11-28T19:11:16.421-0300] {logging_mixin.py:154} INFO - [2023-11-28T19:11:16.421-0300] {dagbag.py:536} INFO - Filling up the DagBag from /home/marcos/anaconda3/envs/XPe-IGTI/lib/python3.8/site-packages/airflow/example_dags/example_branch_operator_decorator.py
[2023-11-28T19:11:16.442-0300] {processor.py:839} INFO - DAG(s) dict_keys(['example_branch_python_operator_decorator']) retrieved from /home/marcos/anaconda3/envs/XPe-IGTI/lib/python3.8/site-packages/airflow/example_dags/example_branch_operator_decorator.py
[2023-11-28T19:11:16.473-0300] {logging_mixin.py:154} INFO - [2023-11-28T19:11:16.472-0300] {dag.py:2941} INFO - Sync 1 DAGs
[2023-11-28T19:11:16.509-0300] {logging_mixin.py:154} INFO - [2023-11-28T19:11:16.509-0300] {dag.py:3722} INFO - Setting next_dagrun for example_branch_python_operator_decorator to 2023-11-27T00:00:00+00:00, run_after=2023-11-28T00:00:00+00:00
[2023-11-28T19:11:16.547-0300] {processor.py:179} INFO - Processing /home/marcos/anaconda3/envs/XPe-IGTI/lib/python3.8/site-packages/airflow/example_dags/example_branch_operator_decorator.py took 0.140 seconds
[2023-11-28T19:12:29.795-0300] {processor.py:157} INFO - Started process (PID=147356) to work on /home/marcos/anaconda3/envs/XPe-IGTI/lib/python3.8/site-packages/airflow/example_dags/example_branch_operator_decorator.py
[2023-11-28T19:12:29.800-0300] {processor.py:829} INFO - Processing file /home/marcos/anaconda3/envs/XPe-IGTI/lib/python3.8/site-packages/airflow/example_dags/example_branch_operator_decorator.py for tasks to queue
[2023-11-28T19:12:29.809-0300] {logging_mixin.py:154} INFO - [2023-11-28T19:12:29.807-0300] {dagbag.py:536} INFO - Filling up the DagBag from /home/marcos/anaconda3/envs/XPe-IGTI/lib/python3.8/site-packages/airflow/example_dags/example_branch_operator_decorator.py
[2023-11-28T19:12:29.827-0300] {processor.py:839} INFO - DAG(s) dict_keys(['example_branch_python_operator_decorator']) retrieved from /home/marcos/anaconda3/envs/XPe-IGTI/lib/python3.8/site-packages/airflow/example_dags/example_branch_operator_decorator.py
[2023-11-28T19:12:29.853-0300] {logging_mixin.py:154} INFO - [2023-11-28T19:12:29.853-0300] {dag.py:2941} INFO - Sync 1 DAGs
[2023-11-28T19:12:29.890-0300] {logging_mixin.py:154} INFO - [2023-11-28T19:12:29.890-0300] {dag.py:3722} INFO - Setting next_dagrun for example_branch_python_operator_decorator to 2023-11-27T00:00:00+00:00, run_after=2023-11-28T00:00:00+00:00
[2023-11-28T19:12:29.923-0300] {processor.py:179} INFO - Processing /home/marcos/anaconda3/envs/XPe-IGTI/lib/python3.8/site-packages/airflow/example_dags/example_branch_operator_decorator.py took 0.132 seconds
[2023-11-28T19:13:49.057-0300] {processor.py:157} INFO - Started process (PID=147515) to work on /home/marcos/anaconda3/envs/XPe-IGTI/lib/python3.8/site-packages/airflow/example_dags/example_branch_operator_decorator.py
[2023-11-28T19:13:49.058-0300] {processor.py:829} INFO - Processing file /home/marcos/anaconda3/envs/XPe-IGTI/lib/python3.8/site-packages/airflow/example_dags/example_branch_operator_decorator.py for tasks to queue
[2023-11-28T19:13:49.062-0300] {logging_mixin.py:154} INFO - [2023-11-28T19:13:49.062-0300] {dagbag.py:536} INFO - Filling up the DagBag from /home/marcos/anaconda3/envs/XPe-IGTI/lib/python3.8/site-packages/airflow/example_dags/example_branch_operator_decorator.py
[2023-11-28T19:13:49.079-0300] {processor.py:839} INFO - DAG(s) dict_keys(['example_branch_python_operator_decorator']) retrieved from /home/marcos/anaconda3/envs/XPe-IGTI/lib/python3.8/site-packages/airflow/example_dags/example_branch_operator_decorator.py
[2023-11-28T19:13:49.108-0300] {logging_mixin.py:154} INFO - [2023-11-28T19:13:49.107-0300] {dag.py:2941} INFO - Sync 1 DAGs
[2023-11-28T19:13:49.143-0300] {logging_mixin.py:154} INFO - [2023-11-28T19:13:49.143-0300] {dag.py:3722} INFO - Setting next_dagrun for example_branch_python_operator_decorator to 2023-11-27T00:00:00+00:00, run_after=2023-11-28T00:00:00+00:00
[2023-11-28T19:13:49.174-0300] {processor.py:179} INFO - Processing /home/marcos/anaconda3/envs/XPe-IGTI/lib/python3.8/site-packages/airflow/example_dags/example_branch_operator_decorator.py took 0.121 seconds
[2023-11-28T19:14:41.476-0300] {processor.py:157} INFO - Started process (PID=147573) to work on /home/marcos/anaconda3/envs/XPe-IGTI/lib/python3.8/site-packages/airflow/example_dags/example_branch_operator_decorator.py
[2023-11-28T19:14:41.477-0300] {processor.py:829} INFO - Processing file /home/marcos/anaconda3/envs/XPe-IGTI/lib/python3.8/site-packages/airflow/example_dags/example_branch_operator_decorator.py for tasks to queue
[2023-11-28T19:14:41.480-0300] {logging_mixin.py:154} INFO - [2023-11-28T19:14:41.480-0300] {dagbag.py:536} INFO - Filling up the DagBag from /home/marcos/anaconda3/envs/XPe-IGTI/lib/python3.8/site-packages/airflow/example_dags/example_branch_operator_decorator.py
[2023-11-28T19:14:41.498-0300] {processor.py:839} INFO - DAG(s) dict_keys(['example_branch_python_operator_decorator']) retrieved from /home/marcos/anaconda3/envs/XPe-IGTI/lib/python3.8/site-packages/airflow/example_dags/example_branch_operator_decorator.py
[2023-11-28T19:14:41.528-0300] {logging_mixin.py:154} INFO - [2023-11-28T19:14:41.527-0300] {dag.py:2941} INFO - Sync 1 DAGs
[2023-11-28T19:14:41.565-0300] {logging_mixin.py:154} INFO - [2023-11-28T19:14:41.565-0300] {dag.py:3722} INFO - Setting next_dagrun for example_branch_python_operator_decorator to 2023-11-27T00:00:00+00:00, run_after=2023-11-28T00:00:00+00:00
[2023-11-28T19:14:41.605-0300] {processor.py:179} INFO - Processing /home/marcos/anaconda3/envs/XPe-IGTI/lib/python3.8/site-packages/airflow/example_dags/example_branch_operator_decorator.py took 0.134 seconds
[2023-11-28T19:15:56.232-0300] {processor.py:157} INFO - Started process (PID=147655) to work on /home/marcos/anaconda3/envs/XPe-IGTI/lib/python3.8/site-packages/airflow/example_dags/example_branch_operator_decorator.py
[2023-11-28T19:15:56.234-0300] {processor.py:829} INFO - Processing file /home/marcos/anaconda3/envs/XPe-IGTI/lib/python3.8/site-packages/airflow/example_dags/example_branch_operator_decorator.py for tasks to queue
[2023-11-28T19:15:56.237-0300] {logging_mixin.py:154} INFO - [2023-11-28T19:15:56.237-0300] {dagbag.py:536} INFO - Filling up the DagBag from /home/marcos/anaconda3/envs/XPe-IGTI/lib/python3.8/site-packages/airflow/example_dags/example_branch_operator_decorator.py
[2023-11-28T19:15:56.254-0300] {processor.py:839} INFO - DAG(s) dict_keys(['example_branch_python_operator_decorator']) retrieved from /home/marcos/anaconda3/envs/XPe-IGTI/lib/python3.8/site-packages/airflow/example_dags/example_branch_operator_decorator.py
[2023-11-28T19:15:56.287-0300] {logging_mixin.py:154} INFO - [2023-11-28T19:15:56.286-0300] {dag.py:2941} INFO - Sync 1 DAGs
[2023-11-28T19:15:56.322-0300] {logging_mixin.py:154} INFO - [2023-11-28T19:15:56.322-0300] {dag.py:3722} INFO - Setting next_dagrun for example_branch_python_operator_decorator to 2023-11-27T00:00:00+00:00, run_after=2023-11-28T00:00:00+00:00
[2023-11-28T19:15:56.353-0300] {processor.py:179} INFO - Processing /home/marcos/anaconda3/envs/XPe-IGTI/lib/python3.8/site-packages/airflow/example_dags/example_branch_operator_decorator.py took 0.126 seconds
[2023-11-28T19:17:02.152-0300] {processor.py:157} INFO - Started process (PID=147751) to work on /home/marcos/anaconda3/envs/XPe-IGTI/lib/python3.8/site-packages/airflow/example_dags/example_branch_operator_decorator.py
[2023-11-28T19:17:02.157-0300] {processor.py:829} INFO - Processing file /home/marcos/anaconda3/envs/XPe-IGTI/lib/python3.8/site-packages/airflow/example_dags/example_branch_operator_decorator.py for tasks to queue
[2023-11-28T19:17:02.160-0300] {logging_mixin.py:154} INFO - [2023-11-28T19:17:02.160-0300] {dagbag.py:536} INFO - Filling up the DagBag from /home/marcos/anaconda3/envs/XPe-IGTI/lib/python3.8/site-packages/airflow/example_dags/example_branch_operator_decorator.py
[2023-11-28T19:17:02.176-0300] {processor.py:839} INFO - DAG(s) dict_keys(['example_branch_python_operator_decorator']) retrieved from /home/marcos/anaconda3/envs/XPe-IGTI/lib/python3.8/site-packages/airflow/example_dags/example_branch_operator_decorator.py
[2023-11-28T19:17:02.202-0300] {logging_mixin.py:154} INFO - [2023-11-28T19:17:02.202-0300] {dag.py:2941} INFO - Sync 1 DAGs
[2023-11-28T19:17:02.235-0300] {logging_mixin.py:154} INFO - [2023-11-28T19:17:02.234-0300] {dag.py:3722} INFO - Setting next_dagrun for example_branch_python_operator_decorator to 2023-11-27T00:00:00+00:00, run_after=2023-11-28T00:00:00+00:00
[2023-11-28T19:17:02.264-0300] {processor.py:179} INFO - Processing /home/marcos/anaconda3/envs/XPe-IGTI/lib/python3.8/site-packages/airflow/example_dags/example_branch_operator_decorator.py took 0.118 seconds
[2023-11-28T19:18:09.174-0300] {processor.py:157} INFO - Started process (PID=147829) to work on /home/marcos/anaconda3/envs/XPe-IGTI/lib/python3.8/site-packages/airflow/example_dags/example_branch_operator_decorator.py
[2023-11-28T19:18:09.179-0300] {processor.py:829} INFO - Processing file /home/marcos/anaconda3/envs/XPe-IGTI/lib/python3.8/site-packages/airflow/example_dags/example_branch_operator_decorator.py for tasks to queue
[2023-11-28T19:18:09.182-0300] {logging_mixin.py:154} INFO - [2023-11-28T19:18:09.182-0300] {dagbag.py:536} INFO - Filling up the DagBag from /home/marcos/anaconda3/envs/XPe-IGTI/lib/python3.8/site-packages/airflow/example_dags/example_branch_operator_decorator.py
[2023-11-28T19:18:09.200-0300] {processor.py:839} INFO - DAG(s) dict_keys(['example_branch_python_operator_decorator']) retrieved from /home/marcos/anaconda3/envs/XPe-IGTI/lib/python3.8/site-packages/airflow/example_dags/example_branch_operator_decorator.py
[2023-11-28T19:18:09.229-0300] {logging_mixin.py:154} INFO - [2023-11-28T19:18:09.228-0300] {dag.py:2941} INFO - Sync 1 DAGs
[2023-11-28T19:18:09.263-0300] {logging_mixin.py:154} INFO - [2023-11-28T19:18:09.262-0300] {dag.py:3722} INFO - Setting next_dagrun for example_branch_python_operator_decorator to 2023-11-27T00:00:00+00:00, run_after=2023-11-28T00:00:00+00:00
[2023-11-28T19:18:09.293-0300] {processor.py:179} INFO - Processing /home/marcos/anaconda3/envs/XPe-IGTI/lib/python3.8/site-packages/airflow/example_dags/example_branch_operator_decorator.py took 0.124 seconds
[2023-11-28T19:20:03.247-0300] {processor.py:157} INFO - Started process (PID=148256) to work on /home/marcos/anaconda3/envs/XPe-IGTI/lib/python3.8/site-packages/airflow/example_dags/example_branch_operator_decorator.py
[2023-11-28T19:20:03.251-0300] {processor.py:829} INFO - Processing file /home/marcos/anaconda3/envs/XPe-IGTI/lib/python3.8/site-packages/airflow/example_dags/example_branch_operator_decorator.py for tasks to queue
[2023-11-28T19:20:03.254-0300] {logging_mixin.py:154} INFO - [2023-11-28T19:20:03.254-0300] {dagbag.py:536} INFO - Filling up the DagBag from /home/marcos/anaconda3/envs/XPe-IGTI/lib/python3.8/site-packages/airflow/example_dags/example_branch_operator_decorator.py
[2023-11-28T19:20:03.271-0300] {processor.py:839} INFO - DAG(s) dict_keys(['example_branch_python_operator_decorator']) retrieved from /home/marcos/anaconda3/envs/XPe-IGTI/lib/python3.8/site-packages/airflow/example_dags/example_branch_operator_decorator.py
[2023-11-28T19:20:03.296-0300] {logging_mixin.py:154} INFO - [2023-11-28T19:20:03.295-0300] {dag.py:2941} INFO - Sync 1 DAGs
[2023-11-28T19:20:03.329-0300] {logging_mixin.py:154} INFO - [2023-11-28T19:20:03.329-0300] {dag.py:3722} INFO - Setting next_dagrun for example_branch_python_operator_decorator to 2023-11-27T00:00:00+00:00, run_after=2023-11-28T00:00:00+00:00
[2023-11-28T19:20:03.360-0300] {processor.py:179} INFO - Processing /home/marcos/anaconda3/envs/XPe-IGTI/lib/python3.8/site-packages/airflow/example_dags/example_branch_operator_decorator.py took 0.118 seconds
[2023-11-28T19:22:08.087-0300] {processor.py:157} INFO - Started process (PID=148733) to work on /home/marcos/anaconda3/envs/XPe-IGTI/lib/python3.8/site-packages/airflow/example_dags/example_branch_operator_decorator.py
[2023-11-28T19:22:08.092-0300] {processor.py:829} INFO - Processing file /home/marcos/anaconda3/envs/XPe-IGTI/lib/python3.8/site-packages/airflow/example_dags/example_branch_operator_decorator.py for tasks to queue
[2023-11-28T19:22:08.095-0300] {logging_mixin.py:154} INFO - [2023-11-28T19:22:08.094-0300] {dagbag.py:536} INFO - Filling up the DagBag from /home/marcos/anaconda3/envs/XPe-IGTI/lib/python3.8/site-packages/airflow/example_dags/example_branch_operator_decorator.py
[2023-11-28T19:22:08.114-0300] {processor.py:839} INFO - DAG(s) dict_keys(['example_branch_python_operator_decorator']) retrieved from /home/marcos/anaconda3/envs/XPe-IGTI/lib/python3.8/site-packages/airflow/example_dags/example_branch_operator_decorator.py
[2023-11-28T19:22:08.154-0300] {logging_mixin.py:154} INFO - [2023-11-28T19:22:08.154-0300] {dag.py:2941} INFO - Sync 1 DAGs
[2023-11-28T19:22:08.200-0300] {logging_mixin.py:154} INFO - [2023-11-28T19:22:08.199-0300] {dag.py:3722} INFO - Setting next_dagrun for example_branch_python_operator_decorator to 2023-11-27T00:00:00+00:00, run_after=2023-11-28T00:00:00+00:00
[2023-11-28T19:22:08.233-0300] {processor.py:179} INFO - Processing /home/marcos/anaconda3/envs/XPe-IGTI/lib/python3.8/site-packages/airflow/example_dags/example_branch_operator_decorator.py took 0.151 seconds
[2023-11-28T19:23:22.338-0300] {processor.py:157} INFO - Started process (PID=148925) to work on /home/marcos/anaconda3/envs/XPe-IGTI/lib/python3.8/site-packages/airflow/example_dags/example_branch_operator_decorator.py
[2023-11-28T19:23:22.343-0300] {processor.py:829} INFO - Processing file /home/marcos/anaconda3/envs/XPe-IGTI/lib/python3.8/site-packages/airflow/example_dags/example_branch_operator_decorator.py for tasks to queue
[2023-11-28T19:23:22.347-0300] {logging_mixin.py:154} INFO - [2023-11-28T19:23:22.346-0300] {dagbag.py:536} INFO - Filling up the DagBag from /home/marcos/anaconda3/envs/XPe-IGTI/lib/python3.8/site-packages/airflow/example_dags/example_branch_operator_decorator.py
[2023-11-28T19:23:22.363-0300] {processor.py:839} INFO - DAG(s) dict_keys(['example_branch_python_operator_decorator']) retrieved from /home/marcos/anaconda3/envs/XPe-IGTI/lib/python3.8/site-packages/airflow/example_dags/example_branch_operator_decorator.py
[2023-11-28T19:23:22.391-0300] {logging_mixin.py:154} INFO - [2023-11-28T19:23:22.391-0300] {dag.py:2941} INFO - Sync 1 DAGs
[2023-11-28T19:23:22.430-0300] {logging_mixin.py:154} INFO - [2023-11-28T19:23:22.429-0300] {dag.py:3722} INFO - Setting next_dagrun for example_branch_python_operator_decorator to 2023-11-27T00:00:00+00:00, run_after=2023-11-28T00:00:00+00:00
[2023-11-28T19:23:22.463-0300] {processor.py:179} INFO - Processing /home/marcos/anaconda3/envs/XPe-IGTI/lib/python3.8/site-packages/airflow/example_dags/example_branch_operator_decorator.py took 0.130 seconds
[2023-11-28T19:24:30.355-0300] {processor.py:157} INFO - Started process (PID=148997) to work on /home/marcos/anaconda3/envs/XPe-IGTI/lib/python3.8/site-packages/airflow/example_dags/example_branch_operator_decorator.py
[2023-11-28T19:24:30.360-0300] {processor.py:829} INFO - Processing file /home/marcos/anaconda3/envs/XPe-IGTI/lib/python3.8/site-packages/airflow/example_dags/example_branch_operator_decorator.py for tasks to queue
[2023-11-28T19:24:30.363-0300] {logging_mixin.py:154} INFO - [2023-11-28T19:24:30.363-0300] {dagbag.py:536} INFO - Filling up the DagBag from /home/marcos/anaconda3/envs/XPe-IGTI/lib/python3.8/site-packages/airflow/example_dags/example_branch_operator_decorator.py
[2023-11-28T19:24:30.380-0300] {processor.py:839} INFO - DAG(s) dict_keys(['example_branch_python_operator_decorator']) retrieved from /home/marcos/anaconda3/envs/XPe-IGTI/lib/python3.8/site-packages/airflow/example_dags/example_branch_operator_decorator.py
[2023-11-28T19:24:30.406-0300] {logging_mixin.py:154} INFO - [2023-11-28T19:24:30.405-0300] {dag.py:2941} INFO - Sync 1 DAGs
[2023-11-28T19:24:30.440-0300] {logging_mixin.py:154} INFO - [2023-11-28T19:24:30.440-0300] {dag.py:3722} INFO - Setting next_dagrun for example_branch_python_operator_decorator to 2023-11-27T00:00:00+00:00, run_after=2023-11-28T00:00:00+00:00
[2023-11-28T19:24:30.473-0300] {processor.py:179} INFO - Processing /home/marcos/anaconda3/envs/XPe-IGTI/lib/python3.8/site-packages/airflow/example_dags/example_branch_operator_decorator.py took 0.122 seconds
[2023-11-28T19:25:43.348-0300] {processor.py:157} INFO - Started process (PID=149070) to work on /home/marcos/anaconda3/envs/XPe-IGTI/lib/python3.8/site-packages/airflow/example_dags/example_branch_operator_decorator.py
[2023-11-28T19:25:43.353-0300] {processor.py:829} INFO - Processing file /home/marcos/anaconda3/envs/XPe-IGTI/lib/python3.8/site-packages/airflow/example_dags/example_branch_operator_decorator.py for tasks to queue
[2023-11-28T19:25:43.356-0300] {logging_mixin.py:154} INFO - [2023-11-28T19:25:43.356-0300] {dagbag.py:536} INFO - Filling up the DagBag from /home/marcos/anaconda3/envs/XPe-IGTI/lib/python3.8/site-packages/airflow/example_dags/example_branch_operator_decorator.py
[2023-11-28T19:25:43.373-0300] {processor.py:839} INFO - DAG(s) dict_keys(['example_branch_python_operator_decorator']) retrieved from /home/marcos/anaconda3/envs/XPe-IGTI/lib/python3.8/site-packages/airflow/example_dags/example_branch_operator_decorator.py
[2023-11-28T19:25:43.399-0300] {logging_mixin.py:154} INFO - [2023-11-28T19:25:43.398-0300] {dag.py:2941} INFO - Sync 1 DAGs
[2023-11-28T19:25:43.434-0300] {logging_mixin.py:154} INFO - [2023-11-28T19:25:43.433-0300] {dag.py:3722} INFO - Setting next_dagrun for example_branch_python_operator_decorator to 2023-11-27T00:00:00+00:00, run_after=2023-11-28T00:00:00+00:00
[2023-11-28T19:25:43.464-0300] {processor.py:179} INFO - Processing /home/marcos/anaconda3/envs/XPe-IGTI/lib/python3.8/site-packages/airflow/example_dags/example_branch_operator_decorator.py took 0.121 seconds
[2023-11-28T19:26:54.111-0300] {processor.py:157} INFO - Started process (PID=149171) to work on /home/marcos/anaconda3/envs/XPe-IGTI/lib/python3.8/site-packages/airflow/example_dags/example_branch_operator_decorator.py
[2023-11-28T19:26:54.113-0300] {processor.py:829} INFO - Processing file /home/marcos/anaconda3/envs/XPe-IGTI/lib/python3.8/site-packages/airflow/example_dags/example_branch_operator_decorator.py for tasks to queue
[2023-11-28T19:26:54.116-0300] {logging_mixin.py:154} INFO - [2023-11-28T19:26:54.116-0300] {dagbag.py:536} INFO - Filling up the DagBag from /home/marcos/anaconda3/envs/XPe-IGTI/lib/python3.8/site-packages/airflow/example_dags/example_branch_operator_decorator.py
[2023-11-28T19:26:54.132-0300] {processor.py:839} INFO - DAG(s) dict_keys(['example_branch_python_operator_decorator']) retrieved from /home/marcos/anaconda3/envs/XPe-IGTI/lib/python3.8/site-packages/airflow/example_dags/example_branch_operator_decorator.py
[2023-11-28T19:26:54.162-0300] {logging_mixin.py:154} INFO - [2023-11-28T19:26:54.162-0300] {dag.py:2941} INFO - Sync 1 DAGs
[2023-11-28T19:26:54.199-0300] {logging_mixin.py:154} INFO - [2023-11-28T19:26:54.199-0300] {dag.py:3722} INFO - Setting next_dagrun for example_branch_python_operator_decorator to 2023-11-27T00:00:00+00:00, run_after=2023-11-28T00:00:00+00:00
[2023-11-28T19:26:54.230-0300] {processor.py:179} INFO - Processing /home/marcos/anaconda3/envs/XPe-IGTI/lib/python3.8/site-packages/airflow/example_dags/example_branch_operator_decorator.py took 0.124 seconds
[2023-11-28T19:27:55.443-0300] {processor.py:157} INFO - Started process (PID=149280) to work on /home/marcos/anaconda3/envs/XPe-IGTI/lib/python3.8/site-packages/airflow/example_dags/example_branch_operator_decorator.py
[2023-11-28T19:27:55.445-0300] {processor.py:829} INFO - Processing file /home/marcos/anaconda3/envs/XPe-IGTI/lib/python3.8/site-packages/airflow/example_dags/example_branch_operator_decorator.py for tasks to queue
[2023-11-28T19:27:55.447-0300] {logging_mixin.py:154} INFO - [2023-11-28T19:27:55.447-0300] {dagbag.py:536} INFO - Filling up the DagBag from /home/marcos/anaconda3/envs/XPe-IGTI/lib/python3.8/site-packages/airflow/example_dags/example_branch_operator_decorator.py
[2023-11-28T19:27:55.459-0300] {processor.py:839} INFO - DAG(s) dict_keys(['example_branch_python_operator_decorator']) retrieved from /home/marcos/anaconda3/envs/XPe-IGTI/lib/python3.8/site-packages/airflow/example_dags/example_branch_operator_decorator.py
[2023-11-28T19:27:55.480-0300] {logging_mixin.py:154} INFO - [2023-11-28T19:27:55.480-0300] {dag.py:2941} INFO - Sync 1 DAGs
[2023-11-28T19:27:55.505-0300] {logging_mixin.py:154} INFO - [2023-11-28T19:27:55.505-0300] {dag.py:3722} INFO - Setting next_dagrun for example_branch_python_operator_decorator to 2023-11-27T00:00:00+00:00, run_after=2023-11-28T00:00:00+00:00
[2023-11-28T19:27:55.531-0300] {processor.py:179} INFO - Processing /home/marcos/anaconda3/envs/XPe-IGTI/lib/python3.8/site-packages/airflow/example_dags/example_branch_operator_decorator.py took 0.092 seconds
