[2023-11-27T21:00:41.004-0300] {processor.py:157} INFO - Started process (PID=51758) to work on /home/marcos/anaconda3/envs/XPe-IGTI/lib/python3.8/site-packages/airflow/example_dags/example_nested_branch_dag.py
[2023-11-27T21:00:41.005-0300] {processor.py:829} INFO - Processing file /home/marcos/anaconda3/envs/XPe-IGTI/lib/python3.8/site-packages/airflow/example_dags/example_nested_branch_dag.py for tasks to queue
[2023-11-27T21:00:41.007-0300] {logging_mixin.py:154} INFO - [2023-11-27T21:00:41.006-0300] {dagbag.py:536} INFO - Filling up the DagBag from /home/marcos/anaconda3/envs/XPe-IGTI/lib/python3.8/site-packages/airflow/example_dags/example_nested_branch_dag.py
[2023-11-27T21:00:41.024-0300] {processor.py:839} INFO - DAG(s) dict_keys(['example_nested_branch_dag']) retrieved from /home/marcos/anaconda3/envs/XPe-IGTI/lib/python3.8/site-packages/airflow/example_dags/example_nested_branch_dag.py
[2023-11-27T21:00:41.055-0300] {logging_mixin.py:154} INFO - [2023-11-27T21:00:41.055-0300] {dag.py:2941} INFO - Sync 1 DAGs
[2023-11-27T21:00:41.094-0300] {logging_mixin.py:154} INFO - [2023-11-27T21:00:41.094-0300] {dag.py:3722} INFO - Setting next_dagrun for example_nested_branch_dag to 2023-11-27T00:00:00+00:00, run_after=2023-11-28T00:00:00+00:00
[2023-11-27T21:00:41.129-0300] {processor.py:179} INFO - Processing /home/marcos/anaconda3/envs/XPe-IGTI/lib/python3.8/site-packages/airflow/example_dags/example_nested_branch_dag.py took 0.130 seconds
[2023-11-27T21:01:41.292-0300] {processor.py:157} INFO - Started process (PID=51828) to work on /home/marcos/anaconda3/envs/XPe-IGTI/lib/python3.8/site-packages/airflow/example_dags/example_nested_branch_dag.py
[2023-11-27T21:01:41.293-0300] {processor.py:829} INFO - Processing file /home/marcos/anaconda3/envs/XPe-IGTI/lib/python3.8/site-packages/airflow/example_dags/example_nested_branch_dag.py for tasks to queue
[2023-11-27T21:01:41.295-0300] {logging_mixin.py:154} INFO - [2023-11-27T21:01:41.294-0300] {dagbag.py:536} INFO - Filling up the DagBag from /home/marcos/anaconda3/envs/XPe-IGTI/lib/python3.8/site-packages/airflow/example_dags/example_nested_branch_dag.py
[2023-11-27T21:01:41.311-0300] {processor.py:839} INFO - DAG(s) dict_keys(['example_nested_branch_dag']) retrieved from /home/marcos/anaconda3/envs/XPe-IGTI/lib/python3.8/site-packages/airflow/example_dags/example_nested_branch_dag.py
[2023-11-27T21:01:41.339-0300] {logging_mixin.py:154} INFO - [2023-11-27T21:01:41.338-0300] {dag.py:2941} INFO - Sync 1 DAGs
[2023-11-27T21:01:41.380-0300] {logging_mixin.py:154} INFO - [2023-11-27T21:01:41.379-0300] {dag.py:3722} INFO - Setting next_dagrun for example_nested_branch_dag to 2023-11-27T00:00:00+00:00, run_after=2023-11-28T00:00:00+00:00
[2023-11-27T21:01:41.430-0300] {processor.py:179} INFO - Processing /home/marcos/anaconda3/envs/XPe-IGTI/lib/python3.8/site-packages/airflow/example_dags/example_nested_branch_dag.py took 0.144 seconds
[2023-11-27T21:02:39.976-0300] {processor.py:157} INFO - Started process (PID=51936) to work on /home/marcos/anaconda3/envs/XPe-IGTI/lib/python3.8/site-packages/airflow/example_dags/example_nested_branch_dag.py
[2023-11-27T21:02:39.981-0300] {processor.py:829} INFO - Processing file /home/marcos/anaconda3/envs/XPe-IGTI/lib/python3.8/site-packages/airflow/example_dags/example_nested_branch_dag.py for tasks to queue
[2023-11-27T21:02:39.984-0300] {logging_mixin.py:154} INFO - [2023-11-27T21:02:39.983-0300] {dagbag.py:536} INFO - Filling up the DagBag from /home/marcos/anaconda3/envs/XPe-IGTI/lib/python3.8/site-packages/airflow/example_dags/example_nested_branch_dag.py
[2023-11-27T21:02:40.000-0300] {processor.py:839} INFO - DAG(s) dict_keys(['example_nested_branch_dag']) retrieved from /home/marcos/anaconda3/envs/XPe-IGTI/lib/python3.8/site-packages/airflow/example_dags/example_nested_branch_dag.py
[2023-11-27T21:02:40.029-0300] {logging_mixin.py:154} INFO - [2023-11-27T21:02:40.029-0300] {dag.py:2941} INFO - Sync 1 DAGs
[2023-11-27T21:02:40.061-0300] {logging_mixin.py:154} INFO - [2023-11-27T21:02:40.061-0300] {dag.py:3722} INFO - Setting next_dagrun for example_nested_branch_dag to 2023-11-27T00:00:00+00:00, run_after=2023-11-28T00:00:00+00:00
[2023-11-27T21:02:40.095-0300] {processor.py:179} INFO - Processing /home/marcos/anaconda3/envs/XPe-IGTI/lib/python3.8/site-packages/airflow/example_dags/example_nested_branch_dag.py took 0.124 seconds
[2023-11-27T21:03:44.148-0300] {processor.py:157} INFO - Started process (PID=52006) to work on /home/marcos/anaconda3/envs/XPe-IGTI/lib/python3.8/site-packages/airflow/example_dags/example_nested_branch_dag.py
[2023-11-27T21:03:44.152-0300] {processor.py:829} INFO - Processing file /home/marcos/anaconda3/envs/XPe-IGTI/lib/python3.8/site-packages/airflow/example_dags/example_nested_branch_dag.py for tasks to queue
[2023-11-27T21:03:44.155-0300] {logging_mixin.py:154} INFO - [2023-11-27T21:03:44.154-0300] {dagbag.py:536} INFO - Filling up the DagBag from /home/marcos/anaconda3/envs/XPe-IGTI/lib/python3.8/site-packages/airflow/example_dags/example_nested_branch_dag.py
[2023-11-27T21:03:44.171-0300] {processor.py:839} INFO - DAG(s) dict_keys(['example_nested_branch_dag']) retrieved from /home/marcos/anaconda3/envs/XPe-IGTI/lib/python3.8/site-packages/airflow/example_dags/example_nested_branch_dag.py
[2023-11-27T21:03:44.199-0300] {logging_mixin.py:154} INFO - [2023-11-27T21:03:44.198-0300] {dag.py:2941} INFO - Sync 1 DAGs
[2023-11-27T21:03:44.236-0300] {logging_mixin.py:154} INFO - [2023-11-27T21:03:44.235-0300] {dag.py:3722} INFO - Setting next_dagrun for example_nested_branch_dag to 2023-11-27T00:00:00+00:00, run_after=2023-11-28T00:00:00+00:00
[2023-11-27T21:03:44.270-0300] {processor.py:179} INFO - Processing /home/marcos/anaconda3/envs/XPe-IGTI/lib/python3.8/site-packages/airflow/example_dags/example_nested_branch_dag.py took 0.126 seconds
[2023-11-27T21:04:49.433-0300] {processor.py:157} INFO - Started process (PID=52099) to work on /home/marcos/anaconda3/envs/XPe-IGTI/lib/python3.8/site-packages/airflow/example_dags/example_nested_branch_dag.py
[2023-11-27T21:04:49.438-0300] {processor.py:829} INFO - Processing file /home/marcos/anaconda3/envs/XPe-IGTI/lib/python3.8/site-packages/airflow/example_dags/example_nested_branch_dag.py for tasks to queue
[2023-11-27T21:04:49.441-0300] {logging_mixin.py:154} INFO - [2023-11-27T21:04:49.440-0300] {dagbag.py:536} INFO - Filling up the DagBag from /home/marcos/anaconda3/envs/XPe-IGTI/lib/python3.8/site-packages/airflow/example_dags/example_nested_branch_dag.py
[2023-11-27T21:04:49.473-0300] {processor.py:839} INFO - DAG(s) dict_keys(['example_nested_branch_dag']) retrieved from /home/marcos/anaconda3/envs/XPe-IGTI/lib/python3.8/site-packages/airflow/example_dags/example_nested_branch_dag.py
[2023-11-27T21:04:49.522-0300] {logging_mixin.py:154} INFO - [2023-11-27T21:04:49.521-0300] {dag.py:2941} INFO - Sync 1 DAGs
[2023-11-27T21:04:49.558-0300] {logging_mixin.py:154} INFO - [2023-11-27T21:04:49.557-0300] {dag.py:3722} INFO - Setting next_dagrun for example_nested_branch_dag to 2023-11-27T00:00:00+00:00, run_after=2023-11-28T00:00:00+00:00
[2023-11-27T21:04:49.595-0300] {processor.py:179} INFO - Processing /home/marcos/anaconda3/envs/XPe-IGTI/lib/python3.8/site-packages/airflow/example_dags/example_nested_branch_dag.py took 0.172 seconds
[2023-11-27T21:05:53.269-0300] {processor.py:157} INFO - Started process (PID=52196) to work on /home/marcos/anaconda3/envs/XPe-IGTI/lib/python3.8/site-packages/airflow/example_dags/example_nested_branch_dag.py
[2023-11-27T21:05:53.274-0300] {processor.py:829} INFO - Processing file /home/marcos/anaconda3/envs/XPe-IGTI/lib/python3.8/site-packages/airflow/example_dags/example_nested_branch_dag.py for tasks to queue
[2023-11-27T21:05:53.277-0300] {logging_mixin.py:154} INFO - [2023-11-27T21:05:53.276-0300] {dagbag.py:536} INFO - Filling up the DagBag from /home/marcos/anaconda3/envs/XPe-IGTI/lib/python3.8/site-packages/airflow/example_dags/example_nested_branch_dag.py
[2023-11-27T21:05:53.303-0300] {processor.py:839} INFO - DAG(s) dict_keys(['example_nested_branch_dag']) retrieved from /home/marcos/anaconda3/envs/XPe-IGTI/lib/python3.8/site-packages/airflow/example_dags/example_nested_branch_dag.py
[2023-11-27T21:05:53.328-0300] {logging_mixin.py:154} INFO - [2023-11-27T21:05:53.327-0300] {dag.py:2941} INFO - Sync 1 DAGs
[2023-11-27T21:05:53.358-0300] {logging_mixin.py:154} INFO - [2023-11-27T21:05:53.358-0300] {dag.py:3722} INFO - Setting next_dagrun for example_nested_branch_dag to 2023-11-27T00:00:00+00:00, run_after=2023-11-28T00:00:00+00:00
[2023-11-27T21:05:53.387-0300] {processor.py:179} INFO - Processing /home/marcos/anaconda3/envs/XPe-IGTI/lib/python3.8/site-packages/airflow/example_dags/example_nested_branch_dag.py took 0.123 seconds
[2023-11-27T21:06:54.986-0300] {processor.py:157} INFO - Started process (PID=52297) to work on /home/marcos/anaconda3/envs/XPe-IGTI/lib/python3.8/site-packages/airflow/example_dags/example_nested_branch_dag.py
[2023-11-27T21:06:54.990-0300] {processor.py:829} INFO - Processing file /home/marcos/anaconda3/envs/XPe-IGTI/lib/python3.8/site-packages/airflow/example_dags/example_nested_branch_dag.py for tasks to queue
[2023-11-27T21:06:54.992-0300] {logging_mixin.py:154} INFO - [2023-11-27T21:06:54.991-0300] {dagbag.py:536} INFO - Filling up the DagBag from /home/marcos/anaconda3/envs/XPe-IGTI/lib/python3.8/site-packages/airflow/example_dags/example_nested_branch_dag.py
[2023-11-27T21:06:55.008-0300] {processor.py:839} INFO - DAG(s) dict_keys(['example_nested_branch_dag']) retrieved from /home/marcos/anaconda3/envs/XPe-IGTI/lib/python3.8/site-packages/airflow/example_dags/example_nested_branch_dag.py
[2023-11-27T21:06:55.034-0300] {logging_mixin.py:154} INFO - [2023-11-27T21:06:55.034-0300] {dag.py:2941} INFO - Sync 1 DAGs
[2023-11-27T21:06:55.072-0300] {logging_mixin.py:154} INFO - [2023-11-27T21:06:55.072-0300] {dag.py:3722} INFO - Setting next_dagrun for example_nested_branch_dag to 2023-11-27T00:00:00+00:00, run_after=2023-11-28T00:00:00+00:00
[2023-11-27T21:06:55.111-0300] {processor.py:179} INFO - Processing /home/marcos/anaconda3/envs/XPe-IGTI/lib/python3.8/site-packages/airflow/example_dags/example_nested_branch_dag.py took 0.130 seconds
[2023-11-27T21:07:53.524-0300] {processor.py:157} INFO - Started process (PID=52367) to work on /home/marcos/anaconda3/envs/XPe-IGTI/lib/python3.8/site-packages/airflow/example_dags/example_nested_branch_dag.py
[2023-11-27T21:07:53.528-0300] {processor.py:829} INFO - Processing file /home/marcos/anaconda3/envs/XPe-IGTI/lib/python3.8/site-packages/airflow/example_dags/example_nested_branch_dag.py for tasks to queue
[2023-11-27T21:07:53.529-0300] {logging_mixin.py:154} INFO - [2023-11-27T21:07:53.529-0300] {dagbag.py:536} INFO - Filling up the DagBag from /home/marcos/anaconda3/envs/XPe-IGTI/lib/python3.8/site-packages/airflow/example_dags/example_nested_branch_dag.py
[2023-11-27T21:07:53.545-0300] {processor.py:839} INFO - DAG(s) dict_keys(['example_nested_branch_dag']) retrieved from /home/marcos/anaconda3/envs/XPe-IGTI/lib/python3.8/site-packages/airflow/example_dags/example_nested_branch_dag.py
[2023-11-27T21:07:53.571-0300] {logging_mixin.py:154} INFO - [2023-11-27T21:07:53.570-0300] {dag.py:2941} INFO - Sync 1 DAGs
[2023-11-27T21:07:53.606-0300] {logging_mixin.py:154} INFO - [2023-11-27T21:07:53.606-0300] {dag.py:3722} INFO - Setting next_dagrun for example_nested_branch_dag to 2023-11-27T00:00:00+00:00, run_after=2023-11-28T00:00:00+00:00
[2023-11-27T21:07:53.635-0300] {processor.py:179} INFO - Processing /home/marcos/anaconda3/envs/XPe-IGTI/lib/python3.8/site-packages/airflow/example_dags/example_nested_branch_dag.py took 0.116 seconds
[2023-11-27T21:08:58.422-0300] {processor.py:157} INFO - Started process (PID=52445) to work on /home/marcos/anaconda3/envs/XPe-IGTI/lib/python3.8/site-packages/airflow/example_dags/example_nested_branch_dag.py
[2023-11-27T21:08:58.427-0300] {processor.py:829} INFO - Processing file /home/marcos/anaconda3/envs/XPe-IGTI/lib/python3.8/site-packages/airflow/example_dags/example_nested_branch_dag.py for tasks to queue
[2023-11-27T21:08:58.428-0300] {logging_mixin.py:154} INFO - [2023-11-27T21:08:58.428-0300] {dagbag.py:536} INFO - Filling up the DagBag from /home/marcos/anaconda3/envs/XPe-IGTI/lib/python3.8/site-packages/airflow/example_dags/example_nested_branch_dag.py
[2023-11-27T21:08:58.449-0300] {processor.py:839} INFO - DAG(s) dict_keys(['example_nested_branch_dag']) retrieved from /home/marcos/anaconda3/envs/XPe-IGTI/lib/python3.8/site-packages/airflow/example_dags/example_nested_branch_dag.py
[2023-11-27T21:08:58.473-0300] {logging_mixin.py:154} INFO - [2023-11-27T21:08:58.473-0300] {dag.py:2941} INFO - Sync 1 DAGs
[2023-11-27T21:08:58.503-0300] {logging_mixin.py:154} INFO - [2023-11-27T21:08:58.503-0300] {dag.py:3722} INFO - Setting next_dagrun for example_nested_branch_dag to 2023-11-27T00:00:00+00:00, run_after=2023-11-28T00:00:00+00:00
[2023-11-27T21:08:58.532-0300] {processor.py:179} INFO - Processing /home/marcos/anaconda3/envs/XPe-IGTI/lib/python3.8/site-packages/airflow/example_dags/example_nested_branch_dag.py took 0.116 seconds
[2023-11-27T21:10:03.435-0300] {processor.py:157} INFO - Started process (PID=52518) to work on /home/marcos/anaconda3/envs/XPe-IGTI/lib/python3.8/site-packages/airflow/example_dags/example_nested_branch_dag.py
[2023-11-27T21:10:03.440-0300] {processor.py:829} INFO - Processing file /home/marcos/anaconda3/envs/XPe-IGTI/lib/python3.8/site-packages/airflow/example_dags/example_nested_branch_dag.py for tasks to queue
[2023-11-27T21:10:03.441-0300] {logging_mixin.py:154} INFO - [2023-11-27T21:10:03.440-0300] {dagbag.py:536} INFO - Filling up the DagBag from /home/marcos/anaconda3/envs/XPe-IGTI/lib/python3.8/site-packages/airflow/example_dags/example_nested_branch_dag.py
[2023-11-27T21:10:03.457-0300] {processor.py:839} INFO - DAG(s) dict_keys(['example_nested_branch_dag']) retrieved from /home/marcos/anaconda3/envs/XPe-IGTI/lib/python3.8/site-packages/airflow/example_dags/example_nested_branch_dag.py
[2023-11-27T21:10:03.482-0300] {logging_mixin.py:154} INFO - [2023-11-27T21:10:03.482-0300] {dag.py:2941} INFO - Sync 1 DAGs
[2023-11-27T21:10:03.512-0300] {logging_mixin.py:154} INFO - [2023-11-27T21:10:03.512-0300] {dag.py:3722} INFO - Setting next_dagrun for example_nested_branch_dag to 2023-11-27T00:00:00+00:00, run_after=2023-11-28T00:00:00+00:00
[2023-11-27T21:10:03.539-0300] {processor.py:179} INFO - Processing /home/marcos/anaconda3/envs/XPe-IGTI/lib/python3.8/site-packages/airflow/example_dags/example_nested_branch_dag.py took 0.109 seconds
[2023-11-27T21:11:10.810-0300] {processor.py:157} INFO - Started process (PID=52600) to work on /home/marcos/anaconda3/envs/XPe-IGTI/lib/python3.8/site-packages/airflow/example_dags/example_nested_branch_dag.py
[2023-11-27T21:11:10.815-0300] {processor.py:829} INFO - Processing file /home/marcos/anaconda3/envs/XPe-IGTI/lib/python3.8/site-packages/airflow/example_dags/example_nested_branch_dag.py for tasks to queue
[2023-11-27T21:11:10.816-0300] {logging_mixin.py:154} INFO - [2023-11-27T21:11:10.816-0300] {dagbag.py:536} INFO - Filling up the DagBag from /home/marcos/anaconda3/envs/XPe-IGTI/lib/python3.8/site-packages/airflow/example_dags/example_nested_branch_dag.py
[2023-11-27T21:11:10.836-0300] {processor.py:839} INFO - DAG(s) dict_keys(['example_nested_branch_dag']) retrieved from /home/marcos/anaconda3/envs/XPe-IGTI/lib/python3.8/site-packages/airflow/example_dags/example_nested_branch_dag.py
[2023-11-27T21:11:10.860-0300] {logging_mixin.py:154} INFO - [2023-11-27T21:11:10.860-0300] {dag.py:2941} INFO - Sync 1 DAGs
[2023-11-27T21:11:10.889-0300] {logging_mixin.py:154} INFO - [2023-11-27T21:11:10.889-0300] {dag.py:3722} INFO - Setting next_dagrun for example_nested_branch_dag to 2023-11-27T00:00:00+00:00, run_after=2023-11-28T00:00:00+00:00
[2023-11-27T21:11:10.916-0300] {processor.py:179} INFO - Processing /home/marcos/anaconda3/envs/XPe-IGTI/lib/python3.8/site-packages/airflow/example_dags/example_nested_branch_dag.py took 0.113 seconds
[2023-11-27T21:12:18.485-0300] {processor.py:157} INFO - Started process (PID=52701) to work on /home/marcos/anaconda3/envs/XPe-IGTI/lib/python3.8/site-packages/airflow/example_dags/example_nested_branch_dag.py
[2023-11-27T21:12:18.490-0300] {processor.py:829} INFO - Processing file /home/marcos/anaconda3/envs/XPe-IGTI/lib/python3.8/site-packages/airflow/example_dags/example_nested_branch_dag.py for tasks to queue
[2023-11-27T21:12:18.492-0300] {logging_mixin.py:154} INFO - [2023-11-27T21:12:18.491-0300] {dagbag.py:536} INFO - Filling up the DagBag from /home/marcos/anaconda3/envs/XPe-IGTI/lib/python3.8/site-packages/airflow/example_dags/example_nested_branch_dag.py
[2023-11-27T21:12:18.511-0300] {processor.py:839} INFO - DAG(s) dict_keys(['example_nested_branch_dag']) retrieved from /home/marcos/anaconda3/envs/XPe-IGTI/lib/python3.8/site-packages/airflow/example_dags/example_nested_branch_dag.py
[2023-11-27T21:12:18.538-0300] {logging_mixin.py:154} INFO - [2023-11-27T21:12:18.538-0300] {dag.py:2941} INFO - Sync 1 DAGs
[2023-11-27T21:12:18.573-0300] {logging_mixin.py:154} INFO - [2023-11-27T21:12:18.572-0300] {dag.py:3722} INFO - Setting next_dagrun for example_nested_branch_dag to 2023-11-27T00:00:00+00:00, run_after=2023-11-28T00:00:00+00:00
[2023-11-27T21:12:18.607-0300] {processor.py:179} INFO - Processing /home/marcos/anaconda3/envs/XPe-IGTI/lib/python3.8/site-packages/airflow/example_dags/example_nested_branch_dag.py took 0.128 seconds
[2023-11-27T21:13:17.815-0300] {processor.py:157} INFO - Started process (PID=52778) to work on /home/marcos/anaconda3/envs/XPe-IGTI/lib/python3.8/site-packages/airflow/example_dags/example_nested_branch_dag.py
[2023-11-27T21:13:17.819-0300] {processor.py:829} INFO - Processing file /home/marcos/anaconda3/envs/XPe-IGTI/lib/python3.8/site-packages/airflow/example_dags/example_nested_branch_dag.py for tasks to queue
[2023-11-27T21:13:17.821-0300] {logging_mixin.py:154} INFO - [2023-11-27T21:13:17.820-0300] {dagbag.py:536} INFO - Filling up the DagBag from /home/marcos/anaconda3/envs/XPe-IGTI/lib/python3.8/site-packages/airflow/example_dags/example_nested_branch_dag.py
[2023-11-27T21:13:17.836-0300] {processor.py:839} INFO - DAG(s) dict_keys(['example_nested_branch_dag']) retrieved from /home/marcos/anaconda3/envs/XPe-IGTI/lib/python3.8/site-packages/airflow/example_dags/example_nested_branch_dag.py
[2023-11-27T21:13:17.864-0300] {logging_mixin.py:154} INFO - [2023-11-27T21:13:17.864-0300] {dag.py:2941} INFO - Sync 1 DAGs
[2023-11-27T21:13:17.903-0300] {logging_mixin.py:154} INFO - [2023-11-27T21:13:17.902-0300] {dag.py:3722} INFO - Setting next_dagrun for example_nested_branch_dag to 2023-11-27T00:00:00+00:00, run_after=2023-11-28T00:00:00+00:00
[2023-11-27T21:13:17.937-0300] {processor.py:179} INFO - Processing /home/marcos/anaconda3/envs/XPe-IGTI/lib/python3.8/site-packages/airflow/example_dags/example_nested_branch_dag.py took 0.127 seconds
[2023-11-27T21:14:19.604-0300] {processor.py:157} INFO - Started process (PID=52886) to work on /home/marcos/anaconda3/envs/XPe-IGTI/lib/python3.8/site-packages/airflow/example_dags/example_nested_branch_dag.py
[2023-11-27T21:14:19.609-0300] {processor.py:829} INFO - Processing file /home/marcos/anaconda3/envs/XPe-IGTI/lib/python3.8/site-packages/airflow/example_dags/example_nested_branch_dag.py for tasks to queue
[2023-11-27T21:14:19.610-0300] {logging_mixin.py:154} INFO - [2023-11-27T21:14:19.609-0300] {dagbag.py:536} INFO - Filling up the DagBag from /home/marcos/anaconda3/envs/XPe-IGTI/lib/python3.8/site-packages/airflow/example_dags/example_nested_branch_dag.py
[2023-11-27T21:14:19.627-0300] {processor.py:839} INFO - DAG(s) dict_keys(['example_nested_branch_dag']) retrieved from /home/marcos/anaconda3/envs/XPe-IGTI/lib/python3.8/site-packages/airflow/example_dags/example_nested_branch_dag.py
[2023-11-27T21:14:19.657-0300] {logging_mixin.py:154} INFO - [2023-11-27T21:14:19.657-0300] {dag.py:2941} INFO - Sync 1 DAGs
[2023-11-27T21:14:19.691-0300] {logging_mixin.py:154} INFO - [2023-11-27T21:14:19.691-0300] {dag.py:3722} INFO - Setting next_dagrun for example_nested_branch_dag to 2023-11-27T00:00:00+00:00, run_after=2023-11-28T00:00:00+00:00
[2023-11-27T21:14:19.730-0300] {processor.py:179} INFO - Processing /home/marcos/anaconda3/envs/XPe-IGTI/lib/python3.8/site-packages/airflow/example_dags/example_nested_branch_dag.py took 0.132 seconds
[2023-11-27T21:15:27.651-0300] {processor.py:157} INFO - Started process (PID=52988) to work on /home/marcos/anaconda3/envs/XPe-IGTI/lib/python3.8/site-packages/airflow/example_dags/example_nested_branch_dag.py
[2023-11-27T21:15:27.657-0300] {processor.py:829} INFO - Processing file /home/marcos/anaconda3/envs/XPe-IGTI/lib/python3.8/site-packages/airflow/example_dags/example_nested_branch_dag.py for tasks to queue
[2023-11-27T21:15:27.661-0300] {logging_mixin.py:154} INFO - [2023-11-27T21:15:27.660-0300] {dagbag.py:536} INFO - Filling up the DagBag from /home/marcos/anaconda3/envs/XPe-IGTI/lib/python3.8/site-packages/airflow/example_dags/example_nested_branch_dag.py
[2023-11-27T21:15:27.702-0300] {processor.py:839} INFO - DAG(s) dict_keys(['example_nested_branch_dag']) retrieved from /home/marcos/anaconda3/envs/XPe-IGTI/lib/python3.8/site-packages/airflow/example_dags/example_nested_branch_dag.py
[2023-11-27T21:15:27.746-0300] {logging_mixin.py:154} INFO - [2023-11-27T21:15:27.746-0300] {dag.py:2941} INFO - Sync 1 DAGs
[2023-11-27T21:15:27.783-0300] {logging_mixin.py:154} INFO - [2023-11-27T21:15:27.783-0300] {dag.py:3722} INFO - Setting next_dagrun for example_nested_branch_dag to 2023-11-27T00:00:00+00:00, run_after=2023-11-28T00:00:00+00:00
[2023-11-27T21:15:27.818-0300] {processor.py:179} INFO - Processing /home/marcos/anaconda3/envs/XPe-IGTI/lib/python3.8/site-packages/airflow/example_dags/example_nested_branch_dag.py took 0.181 seconds
[2023-11-27T21:16:36.135-0300] {processor.py:157} INFO - Started process (PID=53063) to work on /home/marcos/anaconda3/envs/XPe-IGTI/lib/python3.8/site-packages/airflow/example_dags/example_nested_branch_dag.py
[2023-11-27T21:16:36.142-0300] {processor.py:829} INFO - Processing file /home/marcos/anaconda3/envs/XPe-IGTI/lib/python3.8/site-packages/airflow/example_dags/example_nested_branch_dag.py for tasks to queue
[2023-11-27T21:16:36.145-0300] {logging_mixin.py:154} INFO - [2023-11-27T21:16:36.144-0300] {dagbag.py:536} INFO - Filling up the DagBag from /home/marcos/anaconda3/envs/XPe-IGTI/lib/python3.8/site-packages/airflow/example_dags/example_nested_branch_dag.py
[2023-11-27T21:16:36.189-0300] {processor.py:839} INFO - DAG(s) dict_keys(['example_nested_branch_dag']) retrieved from /home/marcos/anaconda3/envs/XPe-IGTI/lib/python3.8/site-packages/airflow/example_dags/example_nested_branch_dag.py
[2023-11-27T21:16:36.221-0300] {logging_mixin.py:154} INFO - [2023-11-27T21:16:36.221-0300] {dag.py:2941} INFO - Sync 1 DAGs
[2023-11-27T21:16:36.261-0300] {logging_mixin.py:154} INFO - [2023-11-27T21:16:36.261-0300] {dag.py:3722} INFO - Setting next_dagrun for example_nested_branch_dag to 2023-11-27T00:00:00+00:00, run_after=2023-11-28T00:00:00+00:00
[2023-11-27T21:16:36.295-0300] {processor.py:179} INFO - Processing /home/marcos/anaconda3/envs/XPe-IGTI/lib/python3.8/site-packages/airflow/example_dags/example_nested_branch_dag.py took 0.175 seconds
[2023-11-27T21:17:47.489-0300] {processor.py:157} INFO - Started process (PID=53173) to work on /home/marcos/anaconda3/envs/XPe-IGTI/lib/python3.8/site-packages/airflow/example_dags/example_nested_branch_dag.py
[2023-11-27T21:17:47.494-0300] {processor.py:829} INFO - Processing file /home/marcos/anaconda3/envs/XPe-IGTI/lib/python3.8/site-packages/airflow/example_dags/example_nested_branch_dag.py for tasks to queue
[2023-11-27T21:17:47.496-0300] {logging_mixin.py:154} INFO - [2023-11-27T21:17:47.495-0300] {dagbag.py:536} INFO - Filling up the DagBag from /home/marcos/anaconda3/envs/XPe-IGTI/lib/python3.8/site-packages/airflow/example_dags/example_nested_branch_dag.py
[2023-11-27T21:17:47.516-0300] {processor.py:839} INFO - DAG(s) dict_keys(['example_nested_branch_dag']) retrieved from /home/marcos/anaconda3/envs/XPe-IGTI/lib/python3.8/site-packages/airflow/example_dags/example_nested_branch_dag.py
[2023-11-27T21:17:47.546-0300] {logging_mixin.py:154} INFO - [2023-11-27T21:17:47.545-0300] {dag.py:2941} INFO - Sync 1 DAGs
[2023-11-27T21:17:47.585-0300] {logging_mixin.py:154} INFO - [2023-11-27T21:17:47.585-0300] {dag.py:3722} INFO - Setting next_dagrun for example_nested_branch_dag to 2023-11-27T00:00:00+00:00, run_after=2023-11-28T00:00:00+00:00
[2023-11-27T21:17:47.622-0300] {processor.py:179} INFO - Processing /home/marcos/anaconda3/envs/XPe-IGTI/lib/python3.8/site-packages/airflow/example_dags/example_nested_branch_dag.py took 0.140 seconds
[2023-11-27T21:18:34.429-0300] {processor.py:157} INFO - Started process (PID=53230) to work on /home/marcos/anaconda3/envs/XPe-IGTI/lib/python3.8/site-packages/airflow/example_dags/example_nested_branch_dag.py
[2023-11-27T21:18:34.434-0300] {processor.py:829} INFO - Processing file /home/marcos/anaconda3/envs/XPe-IGTI/lib/python3.8/site-packages/airflow/example_dags/example_nested_branch_dag.py for tasks to queue
[2023-11-27T21:18:34.435-0300] {logging_mixin.py:154} INFO - [2023-11-27T21:18:34.434-0300] {dagbag.py:536} INFO - Filling up the DagBag from /home/marcos/anaconda3/envs/XPe-IGTI/lib/python3.8/site-packages/airflow/example_dags/example_nested_branch_dag.py
[2023-11-27T21:18:34.452-0300] {processor.py:839} INFO - DAG(s) dict_keys(['example_nested_branch_dag']) retrieved from /home/marcos/anaconda3/envs/XPe-IGTI/lib/python3.8/site-packages/airflow/example_dags/example_nested_branch_dag.py
[2023-11-27T21:18:34.480-0300] {logging_mixin.py:154} INFO - [2023-11-27T21:18:34.480-0300] {dag.py:2941} INFO - Sync 1 DAGs
[2023-11-27T21:18:34.517-0300] {logging_mixin.py:154} INFO - [2023-11-27T21:18:34.517-0300] {dag.py:3722} INFO - Setting next_dagrun for example_nested_branch_dag to 2023-11-27T00:00:00+00:00, run_after=2023-11-28T00:00:00+00:00
[2023-11-27T21:18:34.551-0300] {processor.py:179} INFO - Processing /home/marcos/anaconda3/envs/XPe-IGTI/lib/python3.8/site-packages/airflow/example_dags/example_nested_branch_dag.py took 0.127 seconds
[2023-11-27T21:19:39.186-0300] {processor.py:157} INFO - Started process (PID=53306) to work on /home/marcos/anaconda3/envs/XPe-IGTI/lib/python3.8/site-packages/airflow/example_dags/example_nested_branch_dag.py
[2023-11-27T21:19:39.191-0300] {processor.py:829} INFO - Processing file /home/marcos/anaconda3/envs/XPe-IGTI/lib/python3.8/site-packages/airflow/example_dags/example_nested_branch_dag.py for tasks to queue
[2023-11-27T21:19:39.192-0300] {logging_mixin.py:154} INFO - [2023-11-27T21:19:39.191-0300] {dagbag.py:536} INFO - Filling up the DagBag from /home/marcos/anaconda3/envs/XPe-IGTI/lib/python3.8/site-packages/airflow/example_dags/example_nested_branch_dag.py
[2023-11-27T21:19:39.209-0300] {processor.py:839} INFO - DAG(s) dict_keys(['example_nested_branch_dag']) retrieved from /home/marcos/anaconda3/envs/XPe-IGTI/lib/python3.8/site-packages/airflow/example_dags/example_nested_branch_dag.py
[2023-11-27T21:19:39.238-0300] {logging_mixin.py:154} INFO - [2023-11-27T21:19:39.238-0300] {dag.py:2941} INFO - Sync 1 DAGs
[2023-11-27T21:19:39.271-0300] {logging_mixin.py:154} INFO - [2023-11-27T21:19:39.271-0300] {dag.py:3722} INFO - Setting next_dagrun for example_nested_branch_dag to 2023-11-27T00:00:00+00:00, run_after=2023-11-28T00:00:00+00:00
[2023-11-27T21:19:39.302-0300] {processor.py:179} INFO - Processing /home/marcos/anaconda3/envs/XPe-IGTI/lib/python3.8/site-packages/airflow/example_dags/example_nested_branch_dag.py took 0.121 seconds
[2023-11-27T21:20:27.388-0300] {processor.py:157} INFO - Started process (PID=53362) to work on /home/marcos/anaconda3/envs/XPe-IGTI/lib/python3.8/site-packages/airflow/example_dags/example_nested_branch_dag.py
[2023-11-27T21:20:27.390-0300] {processor.py:829} INFO - Processing file /home/marcos/anaconda3/envs/XPe-IGTI/lib/python3.8/site-packages/airflow/example_dags/example_nested_branch_dag.py for tasks to queue
[2023-11-27T21:20:27.394-0300] {logging_mixin.py:154} INFO - [2023-11-27T21:20:27.391-0300] {dagbag.py:536} INFO - Filling up the DagBag from /home/marcos/anaconda3/envs/XPe-IGTI/lib/python3.8/site-packages/airflow/example_dags/example_nested_branch_dag.py
[2023-11-27T21:20:27.422-0300] {processor.py:839} INFO - DAG(s) dict_keys(['example_nested_branch_dag']) retrieved from /home/marcos/anaconda3/envs/XPe-IGTI/lib/python3.8/site-packages/airflow/example_dags/example_nested_branch_dag.py
[2023-11-27T21:20:27.475-0300] {logging_mixin.py:154} INFO - [2023-11-27T21:20:27.475-0300] {dag.py:2941} INFO - Sync 1 DAGs
[2023-11-27T21:20:27.537-0300] {logging_mixin.py:154} INFO - [2023-11-27T21:20:27.537-0300] {dag.py:3722} INFO - Setting next_dagrun for example_nested_branch_dag to 2023-11-27T00:00:00+00:00, run_after=2023-11-28T00:00:00+00:00
[2023-11-27T21:20:27.578-0300] {processor.py:179} INFO - Processing /home/marcos/anaconda3/envs/XPe-IGTI/lib/python3.8/site-packages/airflow/example_dags/example_nested_branch_dag.py took 0.196 seconds
[2023-11-27T21:21:33.132-0300] {processor.py:157} INFO - Started process (PID=53441) to work on /home/marcos/anaconda3/envs/XPe-IGTI/lib/python3.8/site-packages/airflow/example_dags/example_nested_branch_dag.py
[2023-11-27T21:21:33.137-0300] {processor.py:829} INFO - Processing file /home/marcos/anaconda3/envs/XPe-IGTI/lib/python3.8/site-packages/airflow/example_dags/example_nested_branch_dag.py for tasks to queue
[2023-11-27T21:21:33.138-0300] {logging_mixin.py:154} INFO - [2023-11-27T21:21:33.138-0300] {dagbag.py:536} INFO - Filling up the DagBag from /home/marcos/anaconda3/envs/XPe-IGTI/lib/python3.8/site-packages/airflow/example_dags/example_nested_branch_dag.py
[2023-11-27T21:21:33.158-0300] {processor.py:839} INFO - DAG(s) dict_keys(['example_nested_branch_dag']) retrieved from /home/marcos/anaconda3/envs/XPe-IGTI/lib/python3.8/site-packages/airflow/example_dags/example_nested_branch_dag.py
[2023-11-27T21:21:33.195-0300] {logging_mixin.py:154} INFO - [2023-11-27T21:21:33.195-0300] {dag.py:2941} INFO - Sync 1 DAGs
[2023-11-27T21:21:33.234-0300] {logging_mixin.py:154} INFO - [2023-11-27T21:21:33.234-0300] {dag.py:3722} INFO - Setting next_dagrun for example_nested_branch_dag to 2023-11-27T00:00:00+00:00, run_after=2023-11-28T00:00:00+00:00
[2023-11-27T21:21:33.273-0300] {processor.py:179} INFO - Processing /home/marcos/anaconda3/envs/XPe-IGTI/lib/python3.8/site-packages/airflow/example_dags/example_nested_branch_dag.py took 0.147 seconds
[2023-11-27T21:22:36.365-0300] {processor.py:157} INFO - Started process (PID=53535) to work on /home/marcos/anaconda3/envs/XPe-IGTI/lib/python3.8/site-packages/airflow/example_dags/example_nested_branch_dag.py
[2023-11-27T21:22:36.372-0300] {processor.py:829} INFO - Processing file /home/marcos/anaconda3/envs/XPe-IGTI/lib/python3.8/site-packages/airflow/example_dags/example_nested_branch_dag.py for tasks to queue
[2023-11-27T21:22:36.377-0300] {logging_mixin.py:154} INFO - [2023-11-27T21:22:36.375-0300] {dagbag.py:536} INFO - Filling up the DagBag from /home/marcos/anaconda3/envs/XPe-IGTI/lib/python3.8/site-packages/airflow/example_dags/example_nested_branch_dag.py
[2023-11-27T21:22:36.409-0300] {processor.py:839} INFO - DAG(s) dict_keys(['example_nested_branch_dag']) retrieved from /home/marcos/anaconda3/envs/XPe-IGTI/lib/python3.8/site-packages/airflow/example_dags/example_nested_branch_dag.py
[2023-11-27T21:22:36.444-0300] {logging_mixin.py:154} INFO - [2023-11-27T21:22:36.444-0300] {dag.py:2941} INFO - Sync 1 DAGs
[2023-11-27T21:22:36.481-0300] {logging_mixin.py:154} INFO - [2023-11-27T21:22:36.481-0300] {dag.py:3722} INFO - Setting next_dagrun for example_nested_branch_dag to 2023-11-27T00:00:00+00:00, run_after=2023-11-28T00:00:00+00:00
[2023-11-27T21:22:36.521-0300] {processor.py:179} INFO - Processing /home/marcos/anaconda3/envs/XPe-IGTI/lib/python3.8/site-packages/airflow/example_dags/example_nested_branch_dag.py took 0.169 seconds
[2023-11-27T21:23:37.858-0300] {processor.py:157} INFO - Started process (PID=53612) to work on /home/marcos/anaconda3/envs/XPe-IGTI/lib/python3.8/site-packages/airflow/example_dags/example_nested_branch_dag.py
[2023-11-27T21:23:37.863-0300] {processor.py:829} INFO - Processing file /home/marcos/anaconda3/envs/XPe-IGTI/lib/python3.8/site-packages/airflow/example_dags/example_nested_branch_dag.py for tasks to queue
[2023-11-27T21:23:37.865-0300] {logging_mixin.py:154} INFO - [2023-11-27T21:23:37.864-0300] {dagbag.py:536} INFO - Filling up the DagBag from /home/marcos/anaconda3/envs/XPe-IGTI/lib/python3.8/site-packages/airflow/example_dags/example_nested_branch_dag.py
[2023-11-27T21:23:37.885-0300] {processor.py:839} INFO - DAG(s) dict_keys(['example_nested_branch_dag']) retrieved from /home/marcos/anaconda3/envs/XPe-IGTI/lib/python3.8/site-packages/airflow/example_dags/example_nested_branch_dag.py
[2023-11-27T21:23:37.916-0300] {logging_mixin.py:154} INFO - [2023-11-27T21:23:37.916-0300] {dag.py:2941} INFO - Sync 1 DAGs
[2023-11-27T21:23:37.951-0300] {logging_mixin.py:154} INFO - [2023-11-27T21:23:37.951-0300] {dag.py:3722} INFO - Setting next_dagrun for example_nested_branch_dag to 2023-11-27T00:00:00+00:00, run_after=2023-11-28T00:00:00+00:00
[2023-11-27T21:23:37.984-0300] {processor.py:179} INFO - Processing /home/marcos/anaconda3/envs/XPe-IGTI/lib/python3.8/site-packages/airflow/example_dags/example_nested_branch_dag.py took 0.130 seconds
[2023-11-27T21:24:45.455-0300] {processor.py:157} INFO - Started process (PID=53687) to work on /home/marcos/anaconda3/envs/XPe-IGTI/lib/python3.8/site-packages/airflow/example_dags/example_nested_branch_dag.py
[2023-11-27T21:24:45.461-0300] {processor.py:829} INFO - Processing file /home/marcos/anaconda3/envs/XPe-IGTI/lib/python3.8/site-packages/airflow/example_dags/example_nested_branch_dag.py for tasks to queue
[2023-11-27T21:24:45.464-0300] {logging_mixin.py:154} INFO - [2023-11-27T21:24:45.463-0300] {dagbag.py:536} INFO - Filling up the DagBag from /home/marcos/anaconda3/envs/XPe-IGTI/lib/python3.8/site-packages/airflow/example_dags/example_nested_branch_dag.py
[2023-11-27T21:24:45.507-0300] {processor.py:839} INFO - DAG(s) dict_keys(['example_nested_branch_dag']) retrieved from /home/marcos/anaconda3/envs/XPe-IGTI/lib/python3.8/site-packages/airflow/example_dags/example_nested_branch_dag.py
[2023-11-27T21:24:45.553-0300] {logging_mixin.py:154} INFO - [2023-11-27T21:24:45.552-0300] {dag.py:2941} INFO - Sync 1 DAGs
[2023-11-27T21:24:45.589-0300] {logging_mixin.py:154} INFO - [2023-11-27T21:24:45.589-0300] {dag.py:3722} INFO - Setting next_dagrun for example_nested_branch_dag to 2023-11-27T00:00:00+00:00, run_after=2023-11-28T00:00:00+00:00
[2023-11-27T21:24:45.625-0300] {processor.py:179} INFO - Processing /home/marcos/anaconda3/envs/XPe-IGTI/lib/python3.8/site-packages/airflow/example_dags/example_nested_branch_dag.py took 0.181 seconds
[2023-11-27T21:25:34.405-0300] {processor.py:157} INFO - Started process (PID=53752) to work on /home/marcos/anaconda3/envs/XPe-IGTI/lib/python3.8/site-packages/airflow/example_dags/example_nested_branch_dag.py
[2023-11-27T21:25:34.410-0300] {processor.py:829} INFO - Processing file /home/marcos/anaconda3/envs/XPe-IGTI/lib/python3.8/site-packages/airflow/example_dags/example_nested_branch_dag.py for tasks to queue
[2023-11-27T21:25:34.412-0300] {logging_mixin.py:154} INFO - [2023-11-27T21:25:34.411-0300] {dagbag.py:536} INFO - Filling up the DagBag from /home/marcos/anaconda3/envs/XPe-IGTI/lib/python3.8/site-packages/airflow/example_dags/example_nested_branch_dag.py
[2023-11-27T21:25:34.428-0300] {processor.py:839} INFO - DAG(s) dict_keys(['example_nested_branch_dag']) retrieved from /home/marcos/anaconda3/envs/XPe-IGTI/lib/python3.8/site-packages/airflow/example_dags/example_nested_branch_dag.py
[2023-11-27T21:25:34.457-0300] {logging_mixin.py:154} INFO - [2023-11-27T21:25:34.457-0300] {dag.py:2941} INFO - Sync 1 DAGs
[2023-11-27T21:25:34.491-0300] {logging_mixin.py:154} INFO - [2023-11-27T21:25:34.491-0300] {dag.py:3722} INFO - Setting next_dagrun for example_nested_branch_dag to 2023-11-27T00:00:00+00:00, run_after=2023-11-28T00:00:00+00:00
[2023-11-27T21:25:34.525-0300] {processor.py:179} INFO - Processing /home/marcos/anaconda3/envs/XPe-IGTI/lib/python3.8/site-packages/airflow/example_dags/example_nested_branch_dag.py took 0.124 seconds
[2023-11-27T21:26:24.075-0300] {processor.py:157} INFO - Started process (PID=53808) to work on /home/marcos/anaconda3/envs/XPe-IGTI/lib/python3.8/site-packages/airflow/example_dags/example_nested_branch_dag.py
[2023-11-27T21:26:24.081-0300] {processor.py:829} INFO - Processing file /home/marcos/anaconda3/envs/XPe-IGTI/lib/python3.8/site-packages/airflow/example_dags/example_nested_branch_dag.py for tasks to queue
[2023-11-27T21:26:24.084-0300] {logging_mixin.py:154} INFO - [2023-11-27T21:26:24.083-0300] {dagbag.py:536} INFO - Filling up the DagBag from /home/marcos/anaconda3/envs/XPe-IGTI/lib/python3.8/site-packages/airflow/example_dags/example_nested_branch_dag.py
[2023-11-27T21:26:24.131-0300] {processor.py:839} INFO - DAG(s) dict_keys(['example_nested_branch_dag']) retrieved from /home/marcos/anaconda3/envs/XPe-IGTI/lib/python3.8/site-packages/airflow/example_dags/example_nested_branch_dag.py
[2023-11-27T21:26:24.173-0300] {logging_mixin.py:154} INFO - [2023-11-27T21:26:24.173-0300] {dag.py:2941} INFO - Sync 1 DAGs
[2023-11-27T21:26:24.212-0300] {logging_mixin.py:154} INFO - [2023-11-27T21:26:24.211-0300] {dag.py:3722} INFO - Setting next_dagrun for example_nested_branch_dag to 2023-11-27T00:00:00+00:00, run_after=2023-11-28T00:00:00+00:00
[2023-11-27T21:26:24.249-0300] {processor.py:179} INFO - Processing /home/marcos/anaconda3/envs/XPe-IGTI/lib/python3.8/site-packages/airflow/example_dags/example_nested_branch_dag.py took 0.187 seconds
[2023-11-27T21:27:11.304-0300] {processor.py:157} INFO - Started process (PID=53887) to work on /home/marcos/anaconda3/envs/XPe-IGTI/lib/python3.8/site-packages/airflow/example_dags/example_nested_branch_dag.py
[2023-11-27T21:27:11.308-0300] {processor.py:829} INFO - Processing file /home/marcos/anaconda3/envs/XPe-IGTI/lib/python3.8/site-packages/airflow/example_dags/example_nested_branch_dag.py for tasks to queue
[2023-11-27T21:27:11.310-0300] {logging_mixin.py:154} INFO - [2023-11-27T21:27:11.309-0300] {dagbag.py:536} INFO - Filling up the DagBag from /home/marcos/anaconda3/envs/XPe-IGTI/lib/python3.8/site-packages/airflow/example_dags/example_nested_branch_dag.py
[2023-11-27T21:27:11.331-0300] {processor.py:839} INFO - DAG(s) dict_keys(['example_nested_branch_dag']) retrieved from /home/marcos/anaconda3/envs/XPe-IGTI/lib/python3.8/site-packages/airflow/example_dags/example_nested_branch_dag.py
[2023-11-27T21:27:11.367-0300] {logging_mixin.py:154} INFO - [2023-11-27T21:27:11.367-0300] {dag.py:2941} INFO - Sync 1 DAGs
[2023-11-27T21:27:11.419-0300] {logging_mixin.py:154} INFO - [2023-11-27T21:27:11.419-0300] {dag.py:3722} INFO - Setting next_dagrun for example_nested_branch_dag to 2023-11-27T00:00:00+00:00, run_after=2023-11-28T00:00:00+00:00
[2023-11-27T21:27:11.459-0300] {processor.py:179} INFO - Processing /home/marcos/anaconda3/envs/XPe-IGTI/lib/python3.8/site-packages/airflow/example_dags/example_nested_branch_dag.py took 0.161 seconds
[2023-11-27T21:28:16.344-0300] {processor.py:157} INFO - Started process (PID=53973) to work on /home/marcos/anaconda3/envs/XPe-IGTI/lib/python3.8/site-packages/airflow/example_dags/example_nested_branch_dag.py
[2023-11-27T21:28:16.348-0300] {processor.py:829} INFO - Processing file /home/marcos/anaconda3/envs/XPe-IGTI/lib/python3.8/site-packages/airflow/example_dags/example_nested_branch_dag.py for tasks to queue
[2023-11-27T21:28:16.350-0300] {logging_mixin.py:154} INFO - [2023-11-27T21:28:16.349-0300] {dagbag.py:536} INFO - Filling up the DagBag from /home/marcos/anaconda3/envs/XPe-IGTI/lib/python3.8/site-packages/airflow/example_dags/example_nested_branch_dag.py
[2023-11-27T21:28:16.373-0300] {processor.py:839} INFO - DAG(s) dict_keys(['example_nested_branch_dag']) retrieved from /home/marcos/anaconda3/envs/XPe-IGTI/lib/python3.8/site-packages/airflow/example_dags/example_nested_branch_dag.py
[2023-11-27T21:28:16.404-0300] {logging_mixin.py:154} INFO - [2023-11-27T21:28:16.404-0300] {dag.py:2941} INFO - Sync 1 DAGs
[2023-11-27T21:28:16.450-0300] {logging_mixin.py:154} INFO - [2023-11-27T21:28:16.450-0300] {dag.py:3722} INFO - Setting next_dagrun for example_nested_branch_dag to 2023-11-27T00:00:00+00:00, run_after=2023-11-28T00:00:00+00:00
[2023-11-27T21:28:16.490-0300] {processor.py:179} INFO - Processing /home/marcos/anaconda3/envs/XPe-IGTI/lib/python3.8/site-packages/airflow/example_dags/example_nested_branch_dag.py took 0.152 seconds
[2023-11-27T21:29:17.338-0300] {processor.py:157} INFO - Started process (PID=54067) to work on /home/marcos/anaconda3/envs/XPe-IGTI/lib/python3.8/site-packages/airflow/example_dags/example_nested_branch_dag.py
[2023-11-27T21:29:17.342-0300] {processor.py:829} INFO - Processing file /home/marcos/anaconda3/envs/XPe-IGTI/lib/python3.8/site-packages/airflow/example_dags/example_nested_branch_dag.py for tasks to queue
[2023-11-27T21:29:17.343-0300] {logging_mixin.py:154} INFO - [2023-11-27T21:29:17.343-0300] {dagbag.py:536} INFO - Filling up the DagBag from /home/marcos/anaconda3/envs/XPe-IGTI/lib/python3.8/site-packages/airflow/example_dags/example_nested_branch_dag.py
[2023-11-27T21:29:17.357-0300] {processor.py:839} INFO - DAG(s) dict_keys(['example_nested_branch_dag']) retrieved from /home/marcos/anaconda3/envs/XPe-IGTI/lib/python3.8/site-packages/airflow/example_dags/example_nested_branch_dag.py
[2023-11-27T21:29:17.381-0300] {logging_mixin.py:154} INFO - [2023-11-27T21:29:17.381-0300] {dag.py:2941} INFO - Sync 1 DAGs
[2023-11-27T21:29:17.410-0300] {logging_mixin.py:154} INFO - [2023-11-27T21:29:17.410-0300] {dag.py:3722} INFO - Setting next_dagrun for example_nested_branch_dag to 2023-11-27T00:00:00+00:00, run_after=2023-11-28T00:00:00+00:00
[2023-11-27T21:29:17.438-0300] {processor.py:179} INFO - Processing /home/marcos/anaconda3/envs/XPe-IGTI/lib/python3.8/site-packages/airflow/example_dags/example_nested_branch_dag.py took 0.104 seconds
[2023-11-28T18:52:39.948-0300] {processor.py:157} INFO - Started process (PID=144636) to work on /home/marcos/anaconda3/envs/XPe-IGTI/lib/python3.8/site-packages/airflow/example_dags/example_nested_branch_dag.py
[2023-11-28T18:52:39.952-0300] {processor.py:829} INFO - Processing file /home/marcos/anaconda3/envs/XPe-IGTI/lib/python3.8/site-packages/airflow/example_dags/example_nested_branch_dag.py for tasks to queue
[2023-11-28T18:52:39.954-0300] {logging_mixin.py:154} INFO - [2023-11-28T18:52:39.953-0300] {dagbag.py:536} INFO - Filling up the DagBag from /home/marcos/anaconda3/envs/XPe-IGTI/lib/python3.8/site-packages/airflow/example_dags/example_nested_branch_dag.py
[2023-11-28T18:52:39.970-0300] {processor.py:839} INFO - DAG(s) dict_keys(['example_nested_branch_dag']) retrieved from /home/marcos/anaconda3/envs/XPe-IGTI/lib/python3.8/site-packages/airflow/example_dags/example_nested_branch_dag.py
[2023-11-28T18:52:39.988-0300] {logging_mixin.py:154} INFO - [2023-11-28T18:52:39.988-0300] {dag.py:2941} INFO - Sync 1 DAGs
[2023-11-28T18:52:40.006-0300] {logging_mixin.py:154} INFO - [2023-11-28T18:52:40.006-0300] {dag.py:3722} INFO - Setting next_dagrun for example_nested_branch_dag to 2023-11-27T00:00:00+00:00, run_after=2023-11-28T00:00:00+00:00
[2023-11-28T18:52:40.023-0300] {processor.py:179} INFO - Processing /home/marcos/anaconda3/envs/XPe-IGTI/lib/python3.8/site-packages/airflow/example_dags/example_nested_branch_dag.py took 0.080 seconds
[2023-11-28T18:53:27.188-0300] {processor.py:157} INFO - Started process (PID=144721) to work on /home/marcos/anaconda3/envs/XPe-IGTI/lib/python3.8/site-packages/airflow/example_dags/example_nested_branch_dag.py
[2023-11-28T18:53:27.193-0300] {processor.py:829} INFO - Processing file /home/marcos/anaconda3/envs/XPe-IGTI/lib/python3.8/site-packages/airflow/example_dags/example_nested_branch_dag.py for tasks to queue
[2023-11-28T18:53:27.194-0300] {logging_mixin.py:154} INFO - [2023-11-28T18:53:27.194-0300] {dagbag.py:536} INFO - Filling up the DagBag from /home/marcos/anaconda3/envs/XPe-IGTI/lib/python3.8/site-packages/airflow/example_dags/example_nested_branch_dag.py
[2023-11-28T18:53:27.213-0300] {processor.py:839} INFO - DAG(s) dict_keys(['example_nested_branch_dag']) retrieved from /home/marcos/anaconda3/envs/XPe-IGTI/lib/python3.8/site-packages/airflow/example_dags/example_nested_branch_dag.py
[2023-11-28T18:53:27.232-0300] {logging_mixin.py:154} INFO - [2023-11-28T18:53:27.232-0300] {dag.py:2941} INFO - Sync 1 DAGs
[2023-11-28T18:53:27.251-0300] {logging_mixin.py:154} INFO - [2023-11-28T18:53:27.251-0300] {dag.py:3722} INFO - Setting next_dagrun for example_nested_branch_dag to 2023-11-27T00:00:00+00:00, run_after=2023-11-28T00:00:00+00:00
[2023-11-28T18:53:27.278-0300] {processor.py:179} INFO - Processing /home/marcos/anaconda3/envs/XPe-IGTI/lib/python3.8/site-packages/airflow/example_dags/example_nested_branch_dag.py took 0.097 seconds
[2023-11-28T18:54:23.670-0300] {processor.py:157} INFO - Started process (PID=145264) to work on /home/marcos/anaconda3/envs/XPe-IGTI/lib/python3.8/site-packages/airflow/example_dags/example_nested_branch_dag.py
[2023-11-28T18:54:23.672-0300] {processor.py:829} INFO - Processing file /home/marcos/anaconda3/envs/XPe-IGTI/lib/python3.8/site-packages/airflow/example_dags/example_nested_branch_dag.py for tasks to queue
[2023-11-28T18:54:23.673-0300] {logging_mixin.py:154} INFO - [2023-11-28T18:54:23.672-0300] {dagbag.py:536} INFO - Filling up the DagBag from /home/marcos/anaconda3/envs/XPe-IGTI/lib/python3.8/site-packages/airflow/example_dags/example_nested_branch_dag.py
[2023-11-28T18:54:23.688-0300] {processor.py:839} INFO - DAG(s) dict_keys(['example_nested_branch_dag']) retrieved from /home/marcos/anaconda3/envs/XPe-IGTI/lib/python3.8/site-packages/airflow/example_dags/example_nested_branch_dag.py
[2023-11-28T18:54:23.715-0300] {logging_mixin.py:154} INFO - [2023-11-28T18:54:23.714-0300] {dag.py:2941} INFO - Sync 1 DAGs
[2023-11-28T18:54:23.747-0300] {logging_mixin.py:154} INFO - [2023-11-28T18:54:23.747-0300] {dag.py:3722} INFO - Setting next_dagrun for example_nested_branch_dag to 2023-11-27T00:00:00+00:00, run_after=2023-11-28T00:00:00+00:00
[2023-11-28T18:54:23.778-0300] {processor.py:179} INFO - Processing /home/marcos/anaconda3/envs/XPe-IGTI/lib/python3.8/site-packages/airflow/example_dags/example_nested_branch_dag.py took 0.113 seconds
[2023-11-28T18:55:25.702-0300] {processor.py:157} INFO - Started process (PID=145370) to work on /home/marcos/anaconda3/envs/XPe-IGTI/lib/python3.8/site-packages/airflow/example_dags/example_nested_branch_dag.py
[2023-11-28T18:55:25.706-0300] {processor.py:829} INFO - Processing file /home/marcos/anaconda3/envs/XPe-IGTI/lib/python3.8/site-packages/airflow/example_dags/example_nested_branch_dag.py for tasks to queue
[2023-11-28T18:55:25.708-0300] {logging_mixin.py:154} INFO - [2023-11-28T18:55:25.707-0300] {dagbag.py:536} INFO - Filling up the DagBag from /home/marcos/anaconda3/envs/XPe-IGTI/lib/python3.8/site-packages/airflow/example_dags/example_nested_branch_dag.py
[2023-11-28T18:55:25.723-0300] {processor.py:839} INFO - DAG(s) dict_keys(['example_nested_branch_dag']) retrieved from /home/marcos/anaconda3/envs/XPe-IGTI/lib/python3.8/site-packages/airflow/example_dags/example_nested_branch_dag.py
[2023-11-28T18:55:25.750-0300] {logging_mixin.py:154} INFO - [2023-11-28T18:55:25.750-0300] {dag.py:2941} INFO - Sync 1 DAGs
[2023-11-28T18:55:25.783-0300] {logging_mixin.py:154} INFO - [2023-11-28T18:55:25.783-0300] {dag.py:3722} INFO - Setting next_dagrun for example_nested_branch_dag to 2023-11-27T00:00:00+00:00, run_after=2023-11-28T00:00:00+00:00
[2023-11-28T18:55:25.818-0300] {processor.py:179} INFO - Processing /home/marcos/anaconda3/envs/XPe-IGTI/lib/python3.8/site-packages/airflow/example_dags/example_nested_branch_dag.py took 0.120 seconds
[2023-11-28T18:56:23.093-0300] {processor.py:157} INFO - Started process (PID=145453) to work on /home/marcos/anaconda3/envs/XPe-IGTI/lib/python3.8/site-packages/airflow/example_dags/example_nested_branch_dag.py
[2023-11-28T18:56:23.094-0300] {processor.py:829} INFO - Processing file /home/marcos/anaconda3/envs/XPe-IGTI/lib/python3.8/site-packages/airflow/example_dags/example_nested_branch_dag.py for tasks to queue
[2023-11-28T18:56:23.095-0300] {logging_mixin.py:154} INFO - [2023-11-28T18:56:23.095-0300] {dagbag.py:536} INFO - Filling up the DagBag from /home/marcos/anaconda3/envs/XPe-IGTI/lib/python3.8/site-packages/airflow/example_dags/example_nested_branch_dag.py
[2023-11-28T18:56:23.105-0300] {processor.py:839} INFO - DAG(s) dict_keys(['example_nested_branch_dag']) retrieved from /home/marcos/anaconda3/envs/XPe-IGTI/lib/python3.8/site-packages/airflow/example_dags/example_nested_branch_dag.py
[2023-11-28T18:56:23.123-0300] {logging_mixin.py:154} INFO - [2023-11-28T18:56:23.123-0300] {dag.py:2941} INFO - Sync 1 DAGs
[2023-11-28T18:56:23.143-0300] {logging_mixin.py:154} INFO - [2023-11-28T18:56:23.143-0300] {dag.py:3722} INFO - Setting next_dagrun for example_nested_branch_dag to 2023-11-27T00:00:00+00:00, run_after=2023-11-28T00:00:00+00:00
[2023-11-28T18:56:23.162-0300] {processor.py:179} INFO - Processing /home/marcos/anaconda3/envs/XPe-IGTI/lib/python3.8/site-packages/airflow/example_dags/example_nested_branch_dag.py took 0.071 seconds
[2023-11-28T18:57:17.036-0300] {processor.py:157} INFO - Started process (PID=145578) to work on /home/marcos/anaconda3/envs/XPe-IGTI/lib/python3.8/site-packages/airflow/example_dags/example_nested_branch_dag.py
[2023-11-28T18:57:17.038-0300] {processor.py:829} INFO - Processing file /home/marcos/anaconda3/envs/XPe-IGTI/lib/python3.8/site-packages/airflow/example_dags/example_nested_branch_dag.py for tasks to queue
[2023-11-28T18:57:17.039-0300] {logging_mixin.py:154} INFO - [2023-11-28T18:57:17.039-0300] {dagbag.py:536} INFO - Filling up the DagBag from /home/marcos/anaconda3/envs/XPe-IGTI/lib/python3.8/site-packages/airflow/example_dags/example_nested_branch_dag.py
[2023-11-28T18:57:17.059-0300] {processor.py:839} INFO - DAG(s) dict_keys(['example_nested_branch_dag']) retrieved from /home/marcos/anaconda3/envs/XPe-IGTI/lib/python3.8/site-packages/airflow/example_dags/example_nested_branch_dag.py
[2023-11-28T18:57:17.077-0300] {logging_mixin.py:154} INFO - [2023-11-28T18:57:17.077-0300] {dag.py:2941} INFO - Sync 1 DAGs
[2023-11-28T18:57:17.095-0300] {logging_mixin.py:154} INFO - [2023-11-28T18:57:17.095-0300] {dag.py:3722} INFO - Setting next_dagrun for example_nested_branch_dag to 2023-11-27T00:00:00+00:00, run_after=2023-11-28T00:00:00+00:00
[2023-11-28T18:57:17.115-0300] {processor.py:179} INFO - Processing /home/marcos/anaconda3/envs/XPe-IGTI/lib/python3.8/site-packages/airflow/example_dags/example_nested_branch_dag.py took 0.086 seconds
[2023-11-28T18:58:12.462-0300] {processor.py:157} INFO - Started process (PID=145684) to work on /home/marcos/anaconda3/envs/XPe-IGTI/lib/python3.8/site-packages/airflow/example_dags/example_nested_branch_dag.py
[2023-11-28T18:58:12.463-0300] {processor.py:829} INFO - Processing file /home/marcos/anaconda3/envs/XPe-IGTI/lib/python3.8/site-packages/airflow/example_dags/example_nested_branch_dag.py for tasks to queue
[2023-11-28T18:58:12.463-0300] {logging_mixin.py:154} INFO - [2023-11-28T18:58:12.463-0300] {dagbag.py:536} INFO - Filling up the DagBag from /home/marcos/anaconda3/envs/XPe-IGTI/lib/python3.8/site-packages/airflow/example_dags/example_nested_branch_dag.py
[2023-11-28T18:58:12.471-0300] {processor.py:839} INFO - DAG(s) dict_keys(['example_nested_branch_dag']) retrieved from /home/marcos/anaconda3/envs/XPe-IGTI/lib/python3.8/site-packages/airflow/example_dags/example_nested_branch_dag.py
[2023-11-28T18:58:12.487-0300] {logging_mixin.py:154} INFO - [2023-11-28T18:58:12.486-0300] {dag.py:2941} INFO - Sync 1 DAGs
[2023-11-28T18:58:12.506-0300] {logging_mixin.py:154} INFO - [2023-11-28T18:58:12.506-0300] {dag.py:3722} INFO - Setting next_dagrun for example_nested_branch_dag to 2023-11-27T00:00:00+00:00, run_after=2023-11-28T00:00:00+00:00
[2023-11-28T18:58:12.533-0300] {processor.py:179} INFO - Processing /home/marcos/anaconda3/envs/XPe-IGTI/lib/python3.8/site-packages/airflow/example_dags/example_nested_branch_dag.py took 0.073 seconds
[2023-11-28T18:59:10.696-0300] {processor.py:157} INFO - Started process (PID=145763) to work on /home/marcos/anaconda3/envs/XPe-IGTI/lib/python3.8/site-packages/airflow/example_dags/example_nested_branch_dag.py
[2023-11-28T18:59:10.701-0300] {processor.py:829} INFO - Processing file /home/marcos/anaconda3/envs/XPe-IGTI/lib/python3.8/site-packages/airflow/example_dags/example_nested_branch_dag.py for tasks to queue
[2023-11-28T18:59:10.702-0300] {logging_mixin.py:154} INFO - [2023-11-28T18:59:10.702-0300] {dagbag.py:536} INFO - Filling up the DagBag from /home/marcos/anaconda3/envs/XPe-IGTI/lib/python3.8/site-packages/airflow/example_dags/example_nested_branch_dag.py
[2023-11-28T18:59:10.718-0300] {processor.py:839} INFO - DAG(s) dict_keys(['example_nested_branch_dag']) retrieved from /home/marcos/anaconda3/envs/XPe-IGTI/lib/python3.8/site-packages/airflow/example_dags/example_nested_branch_dag.py
[2023-11-28T18:59:10.739-0300] {logging_mixin.py:154} INFO - [2023-11-28T18:59:10.739-0300] {dag.py:2941} INFO - Sync 1 DAGs
[2023-11-28T18:59:10.756-0300] {logging_mixin.py:154} INFO - [2023-11-28T18:59:10.756-0300] {dag.py:3722} INFO - Setting next_dagrun for example_nested_branch_dag to 2023-11-27T00:00:00+00:00, run_after=2023-11-28T00:00:00+00:00
[2023-11-28T18:59:10.774-0300] {processor.py:179} INFO - Processing /home/marcos/anaconda3/envs/XPe-IGTI/lib/python3.8/site-packages/airflow/example_dags/example_nested_branch_dag.py took 0.082 seconds
[2023-11-28T19:00:09.511-0300] {processor.py:157} INFO - Started process (PID=145864) to work on /home/marcos/anaconda3/envs/XPe-IGTI/lib/python3.8/site-packages/airflow/example_dags/example_nested_branch_dag.py
[2023-11-28T19:00:09.517-0300] {processor.py:829} INFO - Processing file /home/marcos/anaconda3/envs/XPe-IGTI/lib/python3.8/site-packages/airflow/example_dags/example_nested_branch_dag.py for tasks to queue
[2023-11-28T19:00:09.520-0300] {logging_mixin.py:154} INFO - [2023-11-28T19:00:09.519-0300] {dagbag.py:536} INFO - Filling up the DagBag from /home/marcos/anaconda3/envs/XPe-IGTI/lib/python3.8/site-packages/airflow/example_dags/example_nested_branch_dag.py
[2023-11-28T19:00:09.551-0300] {processor.py:839} INFO - DAG(s) dict_keys(['example_nested_branch_dag']) retrieved from /home/marcos/anaconda3/envs/XPe-IGTI/lib/python3.8/site-packages/airflow/example_dags/example_nested_branch_dag.py
[2023-11-28T19:00:09.573-0300] {logging_mixin.py:154} INFO - [2023-11-28T19:00:09.573-0300] {dag.py:2941} INFO - Sync 1 DAGs
[2023-11-28T19:00:09.593-0300] {logging_mixin.py:154} INFO - [2023-11-28T19:00:09.593-0300] {dag.py:3722} INFO - Setting next_dagrun for example_nested_branch_dag to 2023-11-27T00:00:00+00:00, run_after=2023-11-28T00:00:00+00:00
[2023-11-28T19:00:09.613-0300] {processor.py:179} INFO - Processing /home/marcos/anaconda3/envs/XPe-IGTI/lib/python3.8/site-packages/airflow/example_dags/example_nested_branch_dag.py took 0.113 seconds
[2023-11-28T19:01:00.402-0300] {processor.py:157} INFO - Started process (PID=145943) to work on /home/marcos/anaconda3/envs/XPe-IGTI/lib/python3.8/site-packages/airflow/example_dags/example_nested_branch_dag.py
[2023-11-28T19:01:00.403-0300] {processor.py:829} INFO - Processing file /home/marcos/anaconda3/envs/XPe-IGTI/lib/python3.8/site-packages/airflow/example_dags/example_nested_branch_dag.py for tasks to queue
[2023-11-28T19:01:00.404-0300] {logging_mixin.py:154} INFO - [2023-11-28T19:01:00.403-0300] {dagbag.py:536} INFO - Filling up the DagBag from /home/marcos/anaconda3/envs/XPe-IGTI/lib/python3.8/site-packages/airflow/example_dags/example_nested_branch_dag.py
[2023-11-28T19:01:00.413-0300] {processor.py:839} INFO - DAG(s) dict_keys(['example_nested_branch_dag']) retrieved from /home/marcos/anaconda3/envs/XPe-IGTI/lib/python3.8/site-packages/airflow/example_dags/example_nested_branch_dag.py
[2023-11-28T19:01:00.429-0300] {logging_mixin.py:154} INFO - [2023-11-28T19:01:00.429-0300] {dag.py:2941} INFO - Sync 1 DAGs
[2023-11-28T19:01:00.447-0300] {logging_mixin.py:154} INFO - [2023-11-28T19:01:00.446-0300] {dag.py:3722} INFO - Setting next_dagrun for example_nested_branch_dag to 2023-11-27T00:00:00+00:00, run_after=2023-11-28T00:00:00+00:00
[2023-11-28T19:01:00.465-0300] {processor.py:179} INFO - Processing /home/marcos/anaconda3/envs/XPe-IGTI/lib/python3.8/site-packages/airflow/example_dags/example_nested_branch_dag.py took 0.065 seconds
[2023-11-28T19:02:00.939-0300] {processor.py:157} INFO - Started process (PID=146096) to work on /home/marcos/anaconda3/envs/XPe-IGTI/lib/python3.8/site-packages/airflow/example_dags/example_nested_branch_dag.py
[2023-11-28T19:02:00.943-0300] {processor.py:829} INFO - Processing file /home/marcos/anaconda3/envs/XPe-IGTI/lib/python3.8/site-packages/airflow/example_dags/example_nested_branch_dag.py for tasks to queue
[2023-11-28T19:02:00.944-0300] {logging_mixin.py:154} INFO - [2023-11-28T19:02:00.944-0300] {dagbag.py:536} INFO - Filling up the DagBag from /home/marcos/anaconda3/envs/XPe-IGTI/lib/python3.8/site-packages/airflow/example_dags/example_nested_branch_dag.py
[2023-11-28T19:02:00.961-0300] {processor.py:839} INFO - DAG(s) dict_keys(['example_nested_branch_dag']) retrieved from /home/marcos/anaconda3/envs/XPe-IGTI/lib/python3.8/site-packages/airflow/example_dags/example_nested_branch_dag.py
[2023-11-28T19:02:00.992-0300] {logging_mixin.py:154} INFO - [2023-11-28T19:02:00.992-0300] {dag.py:2941} INFO - Sync 1 DAGs
[2023-11-28T19:02:01.027-0300] {logging_mixin.py:154} INFO - [2023-11-28T19:02:01.027-0300] {dag.py:3722} INFO - Setting next_dagrun for example_nested_branch_dag to 2023-11-27T00:00:00+00:00, run_after=2023-11-28T00:00:00+00:00
[2023-11-28T19:02:01.058-0300] {processor.py:179} INFO - Processing /home/marcos/anaconda3/envs/XPe-IGTI/lib/python3.8/site-packages/airflow/example_dags/example_nested_branch_dag.py took 0.124 seconds
[2023-11-28T19:02:57.509-0300] {processor.py:157} INFO - Started process (PID=146196) to work on /home/marcos/anaconda3/envs/XPe-IGTI/lib/python3.8/site-packages/airflow/example_dags/example_nested_branch_dag.py
[2023-11-28T19:02:57.510-0300] {processor.py:829} INFO - Processing file /home/marcos/anaconda3/envs/XPe-IGTI/lib/python3.8/site-packages/airflow/example_dags/example_nested_branch_dag.py for tasks to queue
[2023-11-28T19:02:57.510-0300] {logging_mixin.py:154} INFO - [2023-11-28T19:02:57.510-0300] {dagbag.py:536} INFO - Filling up the DagBag from /home/marcos/anaconda3/envs/XPe-IGTI/lib/python3.8/site-packages/airflow/example_dags/example_nested_branch_dag.py
[2023-11-28T19:02:57.520-0300] {processor.py:839} INFO - DAG(s) dict_keys(['example_nested_branch_dag']) retrieved from /home/marcos/anaconda3/envs/XPe-IGTI/lib/python3.8/site-packages/airflow/example_dags/example_nested_branch_dag.py
[2023-11-28T19:02:57.535-0300] {logging_mixin.py:154} INFO - [2023-11-28T19:02:57.535-0300] {dag.py:2941} INFO - Sync 1 DAGs
[2023-11-28T19:02:57.553-0300] {logging_mixin.py:154} INFO - [2023-11-28T19:02:57.553-0300] {dag.py:3722} INFO - Setting next_dagrun for example_nested_branch_dag to 2023-11-27T00:00:00+00:00, run_after=2023-11-28T00:00:00+00:00
[2023-11-28T19:02:57.582-0300] {processor.py:179} INFO - Processing /home/marcos/anaconda3/envs/XPe-IGTI/lib/python3.8/site-packages/airflow/example_dags/example_nested_branch_dag.py took 0.075 seconds
[2023-11-28T19:03:59.462-0300] {processor.py:157} INFO - Started process (PID=146320) to work on /home/marcos/anaconda3/envs/XPe-IGTI/lib/python3.8/site-packages/airflow/example_dags/example_nested_branch_dag.py
[2023-11-28T19:03:59.467-0300] {processor.py:829} INFO - Processing file /home/marcos/anaconda3/envs/XPe-IGTI/lib/python3.8/site-packages/airflow/example_dags/example_nested_branch_dag.py for tasks to queue
[2023-11-28T19:03:59.469-0300] {logging_mixin.py:154} INFO - [2023-11-28T19:03:59.468-0300] {dagbag.py:536} INFO - Filling up the DagBag from /home/marcos/anaconda3/envs/XPe-IGTI/lib/python3.8/site-packages/airflow/example_dags/example_nested_branch_dag.py
[2023-11-28T19:03:59.496-0300] {processor.py:839} INFO - DAG(s) dict_keys(['example_nested_branch_dag']) retrieved from /home/marcos/anaconda3/envs/XPe-IGTI/lib/python3.8/site-packages/airflow/example_dags/example_nested_branch_dag.py
[2023-11-28T19:03:59.540-0300] {logging_mixin.py:154} INFO - [2023-11-28T19:03:59.540-0300] {dag.py:2941} INFO - Sync 1 DAGs
[2023-11-28T19:03:59.596-0300] {logging_mixin.py:154} INFO - [2023-11-28T19:03:59.595-0300] {dag.py:3722} INFO - Setting next_dagrun for example_nested_branch_dag to 2023-11-27T00:00:00+00:00, run_after=2023-11-28T00:00:00+00:00
[2023-11-28T19:03:59.641-0300] {processor.py:179} INFO - Processing /home/marcos/anaconda3/envs/XPe-IGTI/lib/python3.8/site-packages/airflow/example_dags/example_nested_branch_dag.py took 0.184 seconds
[2023-11-28T19:04:54.793-0300] {processor.py:157} INFO - Started process (PID=146405) to work on /home/marcos/anaconda3/envs/XPe-IGTI/lib/python3.8/site-packages/airflow/example_dags/example_nested_branch_dag.py
[2023-11-28T19:04:54.798-0300] {processor.py:829} INFO - Processing file /home/marcos/anaconda3/envs/XPe-IGTI/lib/python3.8/site-packages/airflow/example_dags/example_nested_branch_dag.py for tasks to queue
[2023-11-28T19:04:54.800-0300] {logging_mixin.py:154} INFO - [2023-11-28T19:04:54.799-0300] {dagbag.py:536} INFO - Filling up the DagBag from /home/marcos/anaconda3/envs/XPe-IGTI/lib/python3.8/site-packages/airflow/example_dags/example_nested_branch_dag.py
[2023-11-28T19:04:54.820-0300] {processor.py:839} INFO - DAG(s) dict_keys(['example_nested_branch_dag']) retrieved from /home/marcos/anaconda3/envs/XPe-IGTI/lib/python3.8/site-packages/airflow/example_dags/example_nested_branch_dag.py
[2023-11-28T19:04:54.846-0300] {logging_mixin.py:154} INFO - [2023-11-28T19:04:54.846-0300] {dag.py:2941} INFO - Sync 1 DAGs
[2023-11-28T19:04:54.879-0300] {logging_mixin.py:154} INFO - [2023-11-28T19:04:54.879-0300] {dag.py:3722} INFO - Setting next_dagrun for example_nested_branch_dag to 2023-11-27T00:00:00+00:00, run_after=2023-11-28T00:00:00+00:00
[2023-11-28T19:04:54.913-0300] {processor.py:179} INFO - Processing /home/marcos/anaconda3/envs/XPe-IGTI/lib/python3.8/site-packages/airflow/example_dags/example_nested_branch_dag.py took 0.127 seconds
[2023-11-28T19:06:05.982-0300] {processor.py:157} INFO - Started process (PID=146543) to work on /home/marcos/anaconda3/envs/XPe-IGTI/lib/python3.8/site-packages/airflow/example_dags/example_nested_branch_dag.py
[2023-11-28T19:06:05.986-0300] {processor.py:829} INFO - Processing file /home/marcos/anaconda3/envs/XPe-IGTI/lib/python3.8/site-packages/airflow/example_dags/example_nested_branch_dag.py for tasks to queue
[2023-11-28T19:06:05.990-0300] {logging_mixin.py:154} INFO - [2023-11-28T19:06:05.990-0300] {dagbag.py:536} INFO - Filling up the DagBag from /home/marcos/anaconda3/envs/XPe-IGTI/lib/python3.8/site-packages/airflow/example_dags/example_nested_branch_dag.py
[2023-11-28T19:06:06.005-0300] {processor.py:839} INFO - DAG(s) dict_keys(['example_nested_branch_dag']) retrieved from /home/marcos/anaconda3/envs/XPe-IGTI/lib/python3.8/site-packages/airflow/example_dags/example_nested_branch_dag.py
[2023-11-28T19:06:06.032-0300] {logging_mixin.py:154} INFO - [2023-11-28T19:06:06.032-0300] {dag.py:2941} INFO - Sync 1 DAGs
[2023-11-28T19:06:06.065-0300] {logging_mixin.py:154} INFO - [2023-11-28T19:06:06.065-0300] {dag.py:3722} INFO - Setting next_dagrun for example_nested_branch_dag to 2023-11-27T00:00:00+00:00, run_after=2023-11-28T00:00:00+00:00
[2023-11-28T19:06:06.096-0300] {processor.py:179} INFO - Processing /home/marcos/anaconda3/envs/XPe-IGTI/lib/python3.8/site-packages/airflow/example_dags/example_nested_branch_dag.py took 0.118 seconds
[2023-11-28T19:06:55.616-0300] {processor.py:157} INFO - Started process (PID=146617) to work on /home/marcos/anaconda3/envs/XPe-IGTI/lib/python3.8/site-packages/airflow/example_dags/example_nested_branch_dag.py
[2023-11-28T19:06:55.618-0300] {processor.py:829} INFO - Processing file /home/marcos/anaconda3/envs/XPe-IGTI/lib/python3.8/site-packages/airflow/example_dags/example_nested_branch_dag.py for tasks to queue
[2023-11-28T19:06:55.621-0300] {logging_mixin.py:154} INFO - [2023-11-28T19:06:55.621-0300] {dagbag.py:536} INFO - Filling up the DagBag from /home/marcos/anaconda3/envs/XPe-IGTI/lib/python3.8/site-packages/airflow/example_dags/example_nested_branch_dag.py
[2023-11-28T19:06:55.638-0300] {processor.py:839} INFO - DAG(s) dict_keys(['example_nested_branch_dag']) retrieved from /home/marcos/anaconda3/envs/XPe-IGTI/lib/python3.8/site-packages/airflow/example_dags/example_nested_branch_dag.py
[2023-11-28T19:06:55.654-0300] {logging_mixin.py:154} INFO - [2023-11-28T19:06:55.654-0300] {dag.py:2941} INFO - Sync 1 DAGs
[2023-11-28T19:06:55.672-0300] {logging_mixin.py:154} INFO - [2023-11-28T19:06:55.672-0300] {dag.py:3722} INFO - Setting next_dagrun for example_nested_branch_dag to 2023-11-27T00:00:00+00:00, run_after=2023-11-28T00:00:00+00:00
[2023-11-28T19:06:55.690-0300] {processor.py:179} INFO - Processing /home/marcos/anaconda3/envs/XPe-IGTI/lib/python3.8/site-packages/airflow/example_dags/example_nested_branch_dag.py took 0.079 seconds
[2023-11-28T19:07:58.977-0300] {processor.py:157} INFO - Started process (PID=146704) to work on /home/marcos/anaconda3/envs/XPe-IGTI/lib/python3.8/site-packages/airflow/example_dags/example_nested_branch_dag.py
[2023-11-28T19:07:58.981-0300] {processor.py:829} INFO - Processing file /home/marcos/anaconda3/envs/XPe-IGTI/lib/python3.8/site-packages/airflow/example_dags/example_nested_branch_dag.py for tasks to queue
[2023-11-28T19:07:58.985-0300] {logging_mixin.py:154} INFO - [2023-11-28T19:07:58.984-0300] {dagbag.py:536} INFO - Filling up the DagBag from /home/marcos/anaconda3/envs/XPe-IGTI/lib/python3.8/site-packages/airflow/example_dags/example_nested_branch_dag.py
[2023-11-28T19:07:59.000-0300] {processor.py:839} INFO - DAG(s) dict_keys(['example_nested_branch_dag']) retrieved from /home/marcos/anaconda3/envs/XPe-IGTI/lib/python3.8/site-packages/airflow/example_dags/example_nested_branch_dag.py
[2023-11-28T19:07:59.026-0300] {logging_mixin.py:154} INFO - [2023-11-28T19:07:59.025-0300] {dag.py:2941} INFO - Sync 1 DAGs
[2023-11-28T19:07:59.059-0300] {logging_mixin.py:154} INFO - [2023-11-28T19:07:59.059-0300] {dag.py:3722} INFO - Setting next_dagrun for example_nested_branch_dag to 2023-11-27T00:00:00+00:00, run_after=2023-11-28T00:00:00+00:00
[2023-11-28T19:07:59.089-0300] {processor.py:179} INFO - Processing /home/marcos/anaconda3/envs/XPe-IGTI/lib/python3.8/site-packages/airflow/example_dags/example_nested_branch_dag.py took 0.118 seconds
[2023-11-28T19:09:12.066-0300] {processor.py:157} INFO - Started process (PID=146890) to work on /home/marcos/anaconda3/envs/XPe-IGTI/lib/python3.8/site-packages/airflow/example_dags/example_nested_branch_dag.py
[2023-11-28T19:09:12.067-0300] {processor.py:829} INFO - Processing file /home/marcos/anaconda3/envs/XPe-IGTI/lib/python3.8/site-packages/airflow/example_dags/example_nested_branch_dag.py for tasks to queue
[2023-11-28T19:09:12.070-0300] {logging_mixin.py:154} INFO - [2023-11-28T19:09:12.070-0300] {dagbag.py:536} INFO - Filling up the DagBag from /home/marcos/anaconda3/envs/XPe-IGTI/lib/python3.8/site-packages/airflow/example_dags/example_nested_branch_dag.py
[2023-11-28T19:09:12.081-0300] {processor.py:839} INFO - DAG(s) dict_keys(['example_nested_branch_dag']) retrieved from /home/marcos/anaconda3/envs/XPe-IGTI/lib/python3.8/site-packages/airflow/example_dags/example_nested_branch_dag.py
[2023-11-28T19:09:12.100-0300] {logging_mixin.py:154} INFO - [2023-11-28T19:09:12.099-0300] {dag.py:2941} INFO - Sync 1 DAGs
[2023-11-28T19:09:12.122-0300] {logging_mixin.py:154} INFO - [2023-11-28T19:09:12.122-0300] {dag.py:3722} INFO - Setting next_dagrun for example_nested_branch_dag to 2023-11-27T00:00:00+00:00, run_after=2023-11-28T00:00:00+00:00
[2023-11-28T19:09:12.141-0300] {processor.py:179} INFO - Processing /home/marcos/anaconda3/envs/XPe-IGTI/lib/python3.8/site-packages/airflow/example_dags/example_nested_branch_dag.py took 0.078 seconds
[2023-11-28T19:10:14.687-0300] {processor.py:157} INFO - Started process (PID=146973) to work on /home/marcos/anaconda3/envs/XPe-IGTI/lib/python3.8/site-packages/airflow/example_dags/example_nested_branch_dag.py
[2023-11-28T19:10:14.691-0300] {processor.py:829} INFO - Processing file /home/marcos/anaconda3/envs/XPe-IGTI/lib/python3.8/site-packages/airflow/example_dags/example_nested_branch_dag.py for tasks to queue
[2023-11-28T19:10:14.694-0300] {logging_mixin.py:154} INFO - [2023-11-28T19:10:14.694-0300] {dagbag.py:536} INFO - Filling up the DagBag from /home/marcos/anaconda3/envs/XPe-IGTI/lib/python3.8/site-packages/airflow/example_dags/example_nested_branch_dag.py
[2023-11-28T19:10:14.705-0300] {processor.py:839} INFO - DAG(s) dict_keys(['example_nested_branch_dag']) retrieved from /home/marcos/anaconda3/envs/XPe-IGTI/lib/python3.8/site-packages/airflow/example_dags/example_nested_branch_dag.py
[2023-11-28T19:10:14.722-0300] {logging_mixin.py:154} INFO - [2023-11-28T19:10:14.722-0300] {dag.py:2941} INFO - Sync 1 DAGs
[2023-11-28T19:10:14.744-0300] {logging_mixin.py:154} INFO - [2023-11-28T19:10:14.744-0300] {dag.py:3722} INFO - Setting next_dagrun for example_nested_branch_dag to 2023-11-27T00:00:00+00:00, run_after=2023-11-28T00:00:00+00:00
[2023-11-28T19:10:14.764-0300] {processor.py:179} INFO - Processing /home/marcos/anaconda3/envs/XPe-IGTI/lib/python3.8/site-packages/airflow/example_dags/example_nested_branch_dag.py took 0.081 seconds
[2023-11-28T19:11:14.289-0300] {processor.py:157} INFO - Started process (PID=147137) to work on /home/marcos/anaconda3/envs/XPe-IGTI/lib/python3.8/site-packages/airflow/example_dags/example_nested_branch_dag.py
[2023-11-28T19:11:14.293-0300] {processor.py:829} INFO - Processing file /home/marcos/anaconda3/envs/XPe-IGTI/lib/python3.8/site-packages/airflow/example_dags/example_nested_branch_dag.py for tasks to queue
[2023-11-28T19:11:14.297-0300] {logging_mixin.py:154} INFO - [2023-11-28T19:11:14.296-0300] {dagbag.py:536} INFO - Filling up the DagBag from /home/marcos/anaconda3/envs/XPe-IGTI/lib/python3.8/site-packages/airflow/example_dags/example_nested_branch_dag.py
[2023-11-28T19:11:14.313-0300] {processor.py:839} INFO - DAG(s) dict_keys(['example_nested_branch_dag']) retrieved from /home/marcos/anaconda3/envs/XPe-IGTI/lib/python3.8/site-packages/airflow/example_dags/example_nested_branch_dag.py
[2023-11-28T19:11:14.338-0300] {logging_mixin.py:154} INFO - [2023-11-28T19:11:14.337-0300] {dag.py:2941} INFO - Sync 1 DAGs
[2023-11-28T19:11:14.373-0300] {logging_mixin.py:154} INFO - [2023-11-28T19:11:14.372-0300] {dag.py:3722} INFO - Setting next_dagrun for example_nested_branch_dag to 2023-11-27T00:00:00+00:00, run_after=2023-11-28T00:00:00+00:00
[2023-11-28T19:11:14.408-0300] {processor.py:179} INFO - Processing /home/marcos/anaconda3/envs/XPe-IGTI/lib/python3.8/site-packages/airflow/example_dags/example_nested_branch_dag.py took 0.124 seconds
[2023-11-28T19:12:00.342-0300] {processor.py:157} INFO - Started process (PID=147296) to work on /home/marcos/anaconda3/envs/XPe-IGTI/lib/python3.8/site-packages/airflow/example_dags/example_nested_branch_dag.py
[2023-11-28T19:12:00.350-0300] {processor.py:829} INFO - Processing file /home/marcos/anaconda3/envs/XPe-IGTI/lib/python3.8/site-packages/airflow/example_dags/example_nested_branch_dag.py for tasks to queue
[2023-11-28T19:12:00.355-0300] {logging_mixin.py:154} INFO - [2023-11-28T19:12:00.354-0300] {dagbag.py:536} INFO - Filling up the DagBag from /home/marcos/anaconda3/envs/XPe-IGTI/lib/python3.8/site-packages/airflow/example_dags/example_nested_branch_dag.py
[2023-11-28T19:12:00.384-0300] {processor.py:839} INFO - DAG(s) dict_keys(['example_nested_branch_dag']) retrieved from /home/marcos/anaconda3/envs/XPe-IGTI/lib/python3.8/site-packages/airflow/example_dags/example_nested_branch_dag.py
[2023-11-28T19:12:00.456-0300] {logging_mixin.py:154} INFO - [2023-11-28T19:12:00.455-0300] {dag.py:2941} INFO - Sync 1 DAGs
[2023-11-28T19:12:00.521-0300] {logging_mixin.py:154} INFO - [2023-11-28T19:12:00.520-0300] {dag.py:3722} INFO - Setting next_dagrun for example_nested_branch_dag to 2023-11-27T00:00:00+00:00, run_after=2023-11-28T00:00:00+00:00
[2023-11-28T19:12:00.584-0300] {processor.py:179} INFO - Processing /home/marcos/anaconda3/envs/XPe-IGTI/lib/python3.8/site-packages/airflow/example_dags/example_nested_branch_dag.py took 0.255 seconds
[2023-11-28T19:12:52.173-0300] {processor.py:157} INFO - Started process (PID=147376) to work on /home/marcos/anaconda3/envs/XPe-IGTI/lib/python3.8/site-packages/airflow/example_dags/example_nested_branch_dag.py
[2023-11-28T19:12:52.176-0300] {processor.py:829} INFO - Processing file /home/marcos/anaconda3/envs/XPe-IGTI/lib/python3.8/site-packages/airflow/example_dags/example_nested_branch_dag.py for tasks to queue
[2023-11-28T19:12:52.183-0300] {logging_mixin.py:154} INFO - [2023-11-28T19:12:52.182-0300] {dagbag.py:536} INFO - Filling up the DagBag from /home/marcos/anaconda3/envs/XPe-IGTI/lib/python3.8/site-packages/airflow/example_dags/example_nested_branch_dag.py
[2023-11-28T19:12:52.220-0300] {processor.py:839} INFO - DAG(s) dict_keys(['example_nested_branch_dag']) retrieved from /home/marcos/anaconda3/envs/XPe-IGTI/lib/python3.8/site-packages/airflow/example_dags/example_nested_branch_dag.py
[2023-11-28T19:12:52.259-0300] {logging_mixin.py:154} INFO - [2023-11-28T19:12:52.258-0300] {dag.py:2941} INFO - Sync 1 DAGs
[2023-11-28T19:12:52.297-0300] {logging_mixin.py:154} INFO - [2023-11-28T19:12:52.297-0300] {dag.py:3722} INFO - Setting next_dagrun for example_nested_branch_dag to 2023-11-27T00:00:00+00:00, run_after=2023-11-28T00:00:00+00:00
[2023-11-28T19:12:52.332-0300] {processor.py:179} INFO - Processing /home/marcos/anaconda3/envs/XPe-IGTI/lib/python3.8/site-packages/airflow/example_dags/example_nested_branch_dag.py took 0.172 seconds
[2023-11-28T19:13:45.678-0300] {processor.py:157} INFO - Started process (PID=147511) to work on /home/marcos/anaconda3/envs/XPe-IGTI/lib/python3.8/site-packages/airflow/example_dags/example_nested_branch_dag.py
[2023-11-28T19:13:45.681-0300] {processor.py:829} INFO - Processing file /home/marcos/anaconda3/envs/XPe-IGTI/lib/python3.8/site-packages/airflow/example_dags/example_nested_branch_dag.py for tasks to queue
[2023-11-28T19:13:45.686-0300] {logging_mixin.py:154} INFO - [2023-11-28T19:13:45.685-0300] {dagbag.py:536} INFO - Filling up the DagBag from /home/marcos/anaconda3/envs/XPe-IGTI/lib/python3.8/site-packages/airflow/example_dags/example_nested_branch_dag.py
[2023-11-28T19:13:45.703-0300] {processor.py:839} INFO - DAG(s) dict_keys(['example_nested_branch_dag']) retrieved from /home/marcos/anaconda3/envs/XPe-IGTI/lib/python3.8/site-packages/airflow/example_dags/example_nested_branch_dag.py
[2023-11-28T19:13:45.729-0300] {logging_mixin.py:154} INFO - [2023-11-28T19:13:45.728-0300] {dag.py:2941} INFO - Sync 1 DAGs
[2023-11-28T19:13:45.761-0300] {logging_mixin.py:154} INFO - [2023-11-28T19:13:45.760-0300] {dag.py:3722} INFO - Setting next_dagrun for example_nested_branch_dag to 2023-11-27T00:00:00+00:00, run_after=2023-11-28T00:00:00+00:00
[2023-11-28T19:13:45.793-0300] {processor.py:179} INFO - Processing /home/marcos/anaconda3/envs/XPe-IGTI/lib/python3.8/site-packages/airflow/example_dags/example_nested_branch_dag.py took 0.122 seconds
[2023-11-28T19:14:38.843-0300] {processor.py:157} INFO - Started process (PID=147570) to work on /home/marcos/anaconda3/envs/XPe-IGTI/lib/python3.8/site-packages/airflow/example_dags/example_nested_branch_dag.py
[2023-11-28T19:14:38.847-0300] {processor.py:829} INFO - Processing file /home/marcos/anaconda3/envs/XPe-IGTI/lib/python3.8/site-packages/airflow/example_dags/example_nested_branch_dag.py for tasks to queue
[2023-11-28T19:14:38.849-0300] {logging_mixin.py:154} INFO - [2023-11-28T19:14:38.849-0300] {dagbag.py:536} INFO - Filling up the DagBag from /home/marcos/anaconda3/envs/XPe-IGTI/lib/python3.8/site-packages/airflow/example_dags/example_nested_branch_dag.py
[2023-11-28T19:14:38.860-0300] {processor.py:839} INFO - DAG(s) dict_keys(['example_nested_branch_dag']) retrieved from /home/marcos/anaconda3/envs/XPe-IGTI/lib/python3.8/site-packages/airflow/example_dags/example_nested_branch_dag.py
[2023-11-28T19:14:38.877-0300] {logging_mixin.py:154} INFO - [2023-11-28T19:14:38.877-0300] {dag.py:2941} INFO - Sync 1 DAGs
[2023-11-28T19:14:38.897-0300] {logging_mixin.py:154} INFO - [2023-11-28T19:14:38.897-0300] {dag.py:3722} INFO - Setting next_dagrun for example_nested_branch_dag to 2023-11-27T00:00:00+00:00, run_after=2023-11-28T00:00:00+00:00
[2023-11-28T19:14:38.916-0300] {processor.py:179} INFO - Processing /home/marcos/anaconda3/envs/XPe-IGTI/lib/python3.8/site-packages/airflow/example_dags/example_nested_branch_dag.py took 0.076 seconds
[2023-11-28T19:15:51.522-0300] {processor.py:157} INFO - Started process (PID=147643) to work on /home/marcos/anaconda3/envs/XPe-IGTI/lib/python3.8/site-packages/airflow/example_dags/example_nested_branch_dag.py
[2023-11-28T19:15:51.526-0300] {processor.py:829} INFO - Processing file /home/marcos/anaconda3/envs/XPe-IGTI/lib/python3.8/site-packages/airflow/example_dags/example_nested_branch_dag.py for tasks to queue
[2023-11-28T19:15:51.531-0300] {logging_mixin.py:154} INFO - [2023-11-28T19:15:51.530-0300] {dagbag.py:536} INFO - Filling up the DagBag from /home/marcos/anaconda3/envs/XPe-IGTI/lib/python3.8/site-packages/airflow/example_dags/example_nested_branch_dag.py
[2023-11-28T19:15:51.550-0300] {processor.py:839} INFO - DAG(s) dict_keys(['example_nested_branch_dag']) retrieved from /home/marcos/anaconda3/envs/XPe-IGTI/lib/python3.8/site-packages/airflow/example_dags/example_nested_branch_dag.py
[2023-11-28T19:15:51.585-0300] {logging_mixin.py:154} INFO - [2023-11-28T19:15:51.584-0300] {dag.py:2941} INFO - Sync 1 DAGs
[2023-11-28T19:15:51.630-0300] {logging_mixin.py:154} INFO - [2023-11-28T19:15:51.629-0300] {dag.py:3722} INFO - Setting next_dagrun for example_nested_branch_dag to 2023-11-27T00:00:00+00:00, run_after=2023-11-28T00:00:00+00:00
[2023-11-28T19:15:51.667-0300] {processor.py:179} INFO - Processing /home/marcos/anaconda3/envs/XPe-IGTI/lib/python3.8/site-packages/airflow/example_dags/example_nested_branch_dag.py took 0.149 seconds
[2023-11-28T19:16:58.162-0300] {processor.py:157} INFO - Started process (PID=147744) to work on /home/marcos/anaconda3/envs/XPe-IGTI/lib/python3.8/site-packages/airflow/example_dags/example_nested_branch_dag.py
[2023-11-28T19:16:58.167-0300] {processor.py:829} INFO - Processing file /home/marcos/anaconda3/envs/XPe-IGTI/lib/python3.8/site-packages/airflow/example_dags/example_nested_branch_dag.py for tasks to queue
[2023-11-28T19:16:58.170-0300] {logging_mixin.py:154} INFO - [2023-11-28T19:16:58.170-0300] {dagbag.py:536} INFO - Filling up the DagBag from /home/marcos/anaconda3/envs/XPe-IGTI/lib/python3.8/site-packages/airflow/example_dags/example_nested_branch_dag.py
[2023-11-28T19:16:58.187-0300] {processor.py:839} INFO - DAG(s) dict_keys(['example_nested_branch_dag']) retrieved from /home/marcos/anaconda3/envs/XPe-IGTI/lib/python3.8/site-packages/airflow/example_dags/example_nested_branch_dag.py
[2023-11-28T19:16:58.212-0300] {logging_mixin.py:154} INFO - [2023-11-28T19:16:58.212-0300] {dag.py:2941} INFO - Sync 1 DAGs
[2023-11-28T19:16:58.245-0300] {logging_mixin.py:154} INFO - [2023-11-28T19:16:58.245-0300] {dag.py:3722} INFO - Setting next_dagrun for example_nested_branch_dag to 2023-11-27T00:00:00+00:00, run_after=2023-11-28T00:00:00+00:00
[2023-11-28T19:16:58.275-0300] {processor.py:179} INFO - Processing /home/marcos/anaconda3/envs/XPe-IGTI/lib/python3.8/site-packages/airflow/example_dags/example_nested_branch_dag.py took 0.117 seconds
[2023-11-28T19:18:04.802-0300] {processor.py:157} INFO - Started process (PID=147824) to work on /home/marcos/anaconda3/envs/XPe-IGTI/lib/python3.8/site-packages/airflow/example_dags/example_nested_branch_dag.py
[2023-11-28T19:18:04.807-0300] {processor.py:829} INFO - Processing file /home/marcos/anaconda3/envs/XPe-IGTI/lib/python3.8/site-packages/airflow/example_dags/example_nested_branch_dag.py for tasks to queue
[2023-11-28T19:18:04.811-0300] {logging_mixin.py:154} INFO - [2023-11-28T19:18:04.810-0300] {dagbag.py:536} INFO - Filling up the DagBag from /home/marcos/anaconda3/envs/XPe-IGTI/lib/python3.8/site-packages/airflow/example_dags/example_nested_branch_dag.py
[2023-11-28T19:18:04.828-0300] {processor.py:839} INFO - DAG(s) dict_keys(['example_nested_branch_dag']) retrieved from /home/marcos/anaconda3/envs/XPe-IGTI/lib/python3.8/site-packages/airflow/example_dags/example_nested_branch_dag.py
[2023-11-28T19:18:04.854-0300] {logging_mixin.py:154} INFO - [2023-11-28T19:18:04.853-0300] {dag.py:2941} INFO - Sync 1 DAGs
[2023-11-28T19:18:04.893-0300] {logging_mixin.py:154} INFO - [2023-11-28T19:18:04.892-0300] {dag.py:3722} INFO - Setting next_dagrun for example_nested_branch_dag to 2023-11-27T00:00:00+00:00, run_after=2023-11-28T00:00:00+00:00
[2023-11-28T19:18:04.926-0300] {processor.py:179} INFO - Processing /home/marcos/anaconda3/envs/XPe-IGTI/lib/python3.8/site-packages/airflow/example_dags/example_nested_branch_dag.py took 0.129 seconds
[2023-11-28T19:18:51.915-0300] {processor.py:157} INFO - Started process (PID=147875) to work on /home/marcos/anaconda3/envs/XPe-IGTI/lib/python3.8/site-packages/airflow/example_dags/example_nested_branch_dag.py
[2023-11-28T19:18:51.919-0300] {processor.py:829} INFO - Processing file /home/marcos/anaconda3/envs/XPe-IGTI/lib/python3.8/site-packages/airflow/example_dags/example_nested_branch_dag.py for tasks to queue
[2023-11-28T19:18:51.924-0300] {logging_mixin.py:154} INFO - [2023-11-28T19:18:51.923-0300] {dagbag.py:536} INFO - Filling up the DagBag from /home/marcos/anaconda3/envs/XPe-IGTI/lib/python3.8/site-packages/airflow/example_dags/example_nested_branch_dag.py
[2023-11-28T19:18:51.938-0300] {processor.py:839} INFO - DAG(s) dict_keys(['example_nested_branch_dag']) retrieved from /home/marcos/anaconda3/envs/XPe-IGTI/lib/python3.8/site-packages/airflow/example_dags/example_nested_branch_dag.py
[2023-11-28T19:18:51.965-0300] {logging_mixin.py:154} INFO - [2023-11-28T19:18:51.964-0300] {dag.py:2941} INFO - Sync 1 DAGs
[2023-11-28T19:18:51.997-0300] {logging_mixin.py:154} INFO - [2023-11-28T19:18:51.996-0300] {dag.py:3722} INFO - Setting next_dagrun for example_nested_branch_dag to 2023-11-27T00:00:00+00:00, run_after=2023-11-28T00:00:00+00:00
[2023-11-28T19:18:52.028-0300] {processor.py:179} INFO - Processing /home/marcos/anaconda3/envs/XPe-IGTI/lib/python3.8/site-packages/airflow/example_dags/example_nested_branch_dag.py took 0.118 seconds
[2023-11-28T19:20:29.943-0300] {processor.py:157} INFO - Started process (PID=148294) to work on /home/marcos/anaconda3/envs/XPe-IGTI/lib/python3.8/site-packages/airflow/example_dags/example_nested_branch_dag.py
[2023-11-28T19:20:29.948-0300] {processor.py:829} INFO - Processing file /home/marcos/anaconda3/envs/XPe-IGTI/lib/python3.8/site-packages/airflow/example_dags/example_nested_branch_dag.py for tasks to queue
[2023-11-28T19:20:29.952-0300] {logging_mixin.py:154} INFO - [2023-11-28T19:20:29.952-0300] {dagbag.py:536} INFO - Filling up the DagBag from /home/marcos/anaconda3/envs/XPe-IGTI/lib/python3.8/site-packages/airflow/example_dags/example_nested_branch_dag.py
[2023-11-28T19:20:29.981-0300] {processor.py:839} INFO - DAG(s) dict_keys(['example_nested_branch_dag']) retrieved from /home/marcos/anaconda3/envs/XPe-IGTI/lib/python3.8/site-packages/airflow/example_dags/example_nested_branch_dag.py
[2023-11-28T19:20:30.023-0300] {logging_mixin.py:154} INFO - [2023-11-28T19:20:30.022-0300] {dag.py:2941} INFO - Sync 1 DAGs
[2023-11-28T19:20:30.080-0300] {logging_mixin.py:154} INFO - [2023-11-28T19:20:30.079-0300] {dag.py:3722} INFO - Setting next_dagrun for example_nested_branch_dag to 2023-11-27T00:00:00+00:00, run_after=2023-11-28T00:00:00+00:00
[2023-11-28T19:20:30.132-0300] {processor.py:179} INFO - Processing /home/marcos/anaconda3/envs/XPe-IGTI/lib/python3.8/site-packages/airflow/example_dags/example_nested_branch_dag.py took 0.196 seconds
[2023-11-28T19:22:00.946-0300] {processor.py:157} INFO - Started process (PID=148724) to work on /home/marcos/anaconda3/envs/XPe-IGTI/lib/python3.8/site-packages/airflow/example_dags/example_nested_branch_dag.py
[2023-11-28T19:22:00.948-0300] {processor.py:829} INFO - Processing file /home/marcos/anaconda3/envs/XPe-IGTI/lib/python3.8/site-packages/airflow/example_dags/example_nested_branch_dag.py for tasks to queue
[2023-11-28T19:22:00.954-0300] {logging_mixin.py:154} INFO - [2023-11-28T19:22:00.953-0300] {dagbag.py:536} INFO - Filling up the DagBag from /home/marcos/anaconda3/envs/XPe-IGTI/lib/python3.8/site-packages/airflow/example_dags/example_nested_branch_dag.py
[2023-11-28T19:22:00.976-0300] {processor.py:839} INFO - DAG(s) dict_keys(['example_nested_branch_dag']) retrieved from /home/marcos/anaconda3/envs/XPe-IGTI/lib/python3.8/site-packages/airflow/example_dags/example_nested_branch_dag.py
[2023-11-28T19:22:01.009-0300] {logging_mixin.py:154} INFO - [2023-11-28T19:22:01.008-0300] {dag.py:2941} INFO - Sync 1 DAGs
[2023-11-28T19:22:01.061-0300] {logging_mixin.py:154} INFO - [2023-11-28T19:22:01.061-0300] {dag.py:3722} INFO - Setting next_dagrun for example_nested_branch_dag to 2023-11-27T00:00:00+00:00, run_after=2023-11-28T00:00:00+00:00
[2023-11-28T19:22:01.101-0300] {processor.py:179} INFO - Processing /home/marcos/anaconda3/envs/XPe-IGTI/lib/python3.8/site-packages/airflow/example_dags/example_nested_branch_dag.py took 0.160 seconds
[2023-11-28T19:22:55.289-0300] {processor.py:157} INFO - Started process (PID=148898) to work on /home/marcos/anaconda3/envs/XPe-IGTI/lib/python3.8/site-packages/airflow/example_dags/example_nested_branch_dag.py
[2023-11-28T19:22:55.294-0300] {processor.py:829} INFO - Processing file /home/marcos/anaconda3/envs/XPe-IGTI/lib/python3.8/site-packages/airflow/example_dags/example_nested_branch_dag.py for tasks to queue
[2023-11-28T19:22:55.298-0300] {logging_mixin.py:154} INFO - [2023-11-28T19:22:55.297-0300] {dagbag.py:536} INFO - Filling up the DagBag from /home/marcos/anaconda3/envs/XPe-IGTI/lib/python3.8/site-packages/airflow/example_dags/example_nested_branch_dag.py
[2023-11-28T19:22:55.317-0300] {processor.py:839} INFO - DAG(s) dict_keys(['example_nested_branch_dag']) retrieved from /home/marcos/anaconda3/envs/XPe-IGTI/lib/python3.8/site-packages/airflow/example_dags/example_nested_branch_dag.py
[2023-11-28T19:22:55.349-0300] {logging_mixin.py:154} INFO - [2023-11-28T19:22:55.348-0300] {dag.py:2941} INFO - Sync 1 DAGs
[2023-11-28T19:22:55.385-0300] {logging_mixin.py:154} INFO - [2023-11-28T19:22:55.385-0300] {dag.py:3722} INFO - Setting next_dagrun for example_nested_branch_dag to 2023-11-27T00:00:00+00:00, run_after=2023-11-28T00:00:00+00:00
[2023-11-28T19:22:55.425-0300] {processor.py:179} INFO - Processing /home/marcos/anaconda3/envs/XPe-IGTI/lib/python3.8/site-packages/airflow/example_dags/example_nested_branch_dag.py took 0.140 seconds
[2023-11-28T19:24:04.518-0300] {processor.py:157} INFO - Started process (PID=148972) to work on /home/marcos/anaconda3/envs/XPe-IGTI/lib/python3.8/site-packages/airflow/example_dags/example_nested_branch_dag.py
[2023-11-28T19:24:04.523-0300] {processor.py:829} INFO - Processing file /home/marcos/anaconda3/envs/XPe-IGTI/lib/python3.8/site-packages/airflow/example_dags/example_nested_branch_dag.py for tasks to queue
[2023-11-28T19:24:04.526-0300] {logging_mixin.py:154} INFO - [2023-11-28T19:24:04.526-0300] {dagbag.py:536} INFO - Filling up the DagBag from /home/marcos/anaconda3/envs/XPe-IGTI/lib/python3.8/site-packages/airflow/example_dags/example_nested_branch_dag.py
[2023-11-28T19:24:04.542-0300] {processor.py:839} INFO - DAG(s) dict_keys(['example_nested_branch_dag']) retrieved from /home/marcos/anaconda3/envs/XPe-IGTI/lib/python3.8/site-packages/airflow/example_dags/example_nested_branch_dag.py
[2023-11-28T19:24:04.568-0300] {logging_mixin.py:154} INFO - [2023-11-28T19:24:04.567-0300] {dag.py:2941} INFO - Sync 1 DAGs
[2023-11-28T19:24:04.602-0300] {logging_mixin.py:154} INFO - [2023-11-28T19:24:04.602-0300] {dag.py:3722} INFO - Setting next_dagrun for example_nested_branch_dag to 2023-11-27T00:00:00+00:00, run_after=2023-11-28T00:00:00+00:00
[2023-11-28T19:24:04.634-0300] {processor.py:179} INFO - Processing /home/marcos/anaconda3/envs/XPe-IGTI/lib/python3.8/site-packages/airflow/example_dags/example_nested_branch_dag.py took 0.121 seconds
[2023-11-28T19:25:15.105-0300] {processor.py:157} INFO - Started process (PID=149043) to work on /home/marcos/anaconda3/envs/XPe-IGTI/lib/python3.8/site-packages/airflow/example_dags/example_nested_branch_dag.py
[2023-11-28T19:25:15.107-0300] {processor.py:829} INFO - Processing file /home/marcos/anaconda3/envs/XPe-IGTI/lib/python3.8/site-packages/airflow/example_dags/example_nested_branch_dag.py for tasks to queue
[2023-11-28T19:25:15.110-0300] {logging_mixin.py:154} INFO - [2023-11-28T19:25:15.110-0300] {dagbag.py:536} INFO - Filling up the DagBag from /home/marcos/anaconda3/envs/XPe-IGTI/lib/python3.8/site-packages/airflow/example_dags/example_nested_branch_dag.py
[2023-11-28T19:25:15.127-0300] {processor.py:839} INFO - DAG(s) dict_keys(['example_nested_branch_dag']) retrieved from /home/marcos/anaconda3/envs/XPe-IGTI/lib/python3.8/site-packages/airflow/example_dags/example_nested_branch_dag.py
[2023-11-28T19:25:15.152-0300] {logging_mixin.py:154} INFO - [2023-11-28T19:25:15.151-0300] {dag.py:2941} INFO - Sync 1 DAGs
[2023-11-28T19:25:15.185-0300] {logging_mixin.py:154} INFO - [2023-11-28T19:25:15.185-0300] {dag.py:3722} INFO - Setting next_dagrun for example_nested_branch_dag to 2023-11-27T00:00:00+00:00, run_after=2023-11-28T00:00:00+00:00
[2023-11-28T19:25:15.215-0300] {processor.py:179} INFO - Processing /home/marcos/anaconda3/envs/XPe-IGTI/lib/python3.8/site-packages/airflow/example_dags/example_nested_branch_dag.py took 0.114 seconds
[2023-11-28T19:26:03.899-0300] {processor.py:157} INFO - Started process (PID=149096) to work on /home/marcos/anaconda3/envs/XPe-IGTI/lib/python3.8/site-packages/airflow/example_dags/example_nested_branch_dag.py
[2023-11-28T19:26:03.904-0300] {processor.py:829} INFO - Processing file /home/marcos/anaconda3/envs/XPe-IGTI/lib/python3.8/site-packages/airflow/example_dags/example_nested_branch_dag.py for tasks to queue
[2023-11-28T19:26:03.909-0300] {logging_mixin.py:154} INFO - [2023-11-28T19:26:03.908-0300] {dagbag.py:536} INFO - Filling up the DagBag from /home/marcos/anaconda3/envs/XPe-IGTI/lib/python3.8/site-packages/airflow/example_dags/example_nested_branch_dag.py
[2023-11-28T19:26:03.930-0300] {processor.py:839} INFO - DAG(s) dict_keys(['example_nested_branch_dag']) retrieved from /home/marcos/anaconda3/envs/XPe-IGTI/lib/python3.8/site-packages/airflow/example_dags/example_nested_branch_dag.py
[2023-11-28T19:26:03.957-0300] {logging_mixin.py:154} INFO - [2023-11-28T19:26:03.956-0300] {dag.py:2941} INFO - Sync 1 DAGs
[2023-11-28T19:26:03.990-0300] {logging_mixin.py:154} INFO - [2023-11-28T19:26:03.990-0300] {dag.py:3722} INFO - Setting next_dagrun for example_nested_branch_dag to 2023-11-27T00:00:00+00:00, run_after=2023-11-28T00:00:00+00:00
[2023-11-28T19:26:04.021-0300] {processor.py:179} INFO - Processing /home/marcos/anaconda3/envs/XPe-IGTI/lib/python3.8/site-packages/airflow/example_dags/example_nested_branch_dag.py took 0.129 seconds
[2023-11-28T19:27:14.322-0300] {processor.py:157} INFO - Started process (PID=149191) to work on /home/marcos/anaconda3/envs/XPe-IGTI/lib/python3.8/site-packages/airflow/example_dags/example_nested_branch_dag.py
[2023-11-28T19:27:14.326-0300] {processor.py:829} INFO - Processing file /home/marcos/anaconda3/envs/XPe-IGTI/lib/python3.8/site-packages/airflow/example_dags/example_nested_branch_dag.py for tasks to queue
[2023-11-28T19:27:14.329-0300] {logging_mixin.py:154} INFO - [2023-11-28T19:27:14.328-0300] {dagbag.py:536} INFO - Filling up the DagBag from /home/marcos/anaconda3/envs/XPe-IGTI/lib/python3.8/site-packages/airflow/example_dags/example_nested_branch_dag.py
[2023-11-28T19:27:14.342-0300] {processor.py:839} INFO - DAG(s) dict_keys(['example_nested_branch_dag']) retrieved from /home/marcos/anaconda3/envs/XPe-IGTI/lib/python3.8/site-packages/airflow/example_dags/example_nested_branch_dag.py
[2023-11-28T19:27:14.360-0300] {logging_mixin.py:154} INFO - [2023-11-28T19:27:14.359-0300] {dag.py:2941} INFO - Sync 1 DAGs
[2023-11-28T19:27:14.379-0300] {logging_mixin.py:154} INFO - [2023-11-28T19:27:14.379-0300] {dag.py:3722} INFO - Setting next_dagrun for example_nested_branch_dag to 2023-11-27T00:00:00+00:00, run_after=2023-11-28T00:00:00+00:00
[2023-11-28T19:27:14.399-0300] {processor.py:179} INFO - Processing /home/marcos/anaconda3/envs/XPe-IGTI/lib/python3.8/site-packages/airflow/example_dags/example_nested_branch_dag.py took 0.081 seconds
[2023-11-28T19:28:10.693-0300] {processor.py:157} INFO - Started process (PID=149298) to work on /home/marcos/anaconda3/envs/XPe-IGTI/lib/python3.8/site-packages/airflow/example_dags/example_nested_branch_dag.py
[2023-11-28T19:28:10.697-0300] {processor.py:829} INFO - Processing file /home/marcos/anaconda3/envs/XPe-IGTI/lib/python3.8/site-packages/airflow/example_dags/example_nested_branch_dag.py for tasks to queue
[2023-11-28T19:28:10.700-0300] {logging_mixin.py:154} INFO - [2023-11-28T19:28:10.699-0300] {dagbag.py:536} INFO - Filling up the DagBag from /home/marcos/anaconda3/envs/XPe-IGTI/lib/python3.8/site-packages/airflow/example_dags/example_nested_branch_dag.py
[2023-11-28T19:28:10.711-0300] {processor.py:839} INFO - DAG(s) dict_keys(['example_nested_branch_dag']) retrieved from /home/marcos/anaconda3/envs/XPe-IGTI/lib/python3.8/site-packages/airflow/example_dags/example_nested_branch_dag.py
[2023-11-28T19:28:10.728-0300] {logging_mixin.py:154} INFO - [2023-11-28T19:28:10.727-0300] {dag.py:2941} INFO - Sync 1 DAGs
[2023-11-28T19:28:10.749-0300] {logging_mixin.py:154} INFO - [2023-11-28T19:28:10.749-0300] {dag.py:3722} INFO - Setting next_dagrun for example_nested_branch_dag to 2023-11-27T00:00:00+00:00, run_after=2023-11-28T00:00:00+00:00
[2023-11-28T19:28:10.768-0300] {processor.py:179} INFO - Processing /home/marcos/anaconda3/envs/XPe-IGTI/lib/python3.8/site-packages/airflow/example_dags/example_nested_branch_dag.py took 0.078 seconds
