[2023-11-27T21:00:21.146-0300] {processor.py:157} INFO - Started process (PID=51727) to work on /home/marcos/anaconda3/envs/XPe-IGTI/lib/python3.8/site-packages/airflow/example_dags/example_latest_only_with_trigger.py
[2023-11-27T21:00:21.147-0300] {processor.py:829} INFO - Processing file /home/marcos/anaconda3/envs/XPe-IGTI/lib/python3.8/site-packages/airflow/example_dags/example_latest_only_with_trigger.py for tasks to queue
[2023-11-27T21:00:21.149-0300] {logging_mixin.py:154} INFO - [2023-11-27T21:00:21.148-0300] {dagbag.py:536} INFO - Filling up the DagBag from /home/marcos/anaconda3/envs/XPe-IGTI/lib/python3.8/site-packages/airflow/example_dags/example_latest_only_with_trigger.py
[2023-11-27T21:00:21.162-0300] {processor.py:839} INFO - DAG(s) dict_keys(['latest_only_with_trigger']) retrieved from /home/marcos/anaconda3/envs/XPe-IGTI/lib/python3.8/site-packages/airflow/example_dags/example_latest_only_with_trigger.py
[2023-11-27T21:00:21.196-0300] {logging_mixin.py:154} INFO - [2023-11-27T21:00:21.196-0300] {dag.py:2941} INFO - Sync 1 DAGs
[2023-11-27T21:00:21.234-0300] {logging_mixin.py:154} INFO - [2023-11-27T21:00:21.233-0300] {dag.py:3722} INFO - Setting next_dagrun for latest_only_with_trigger to 2023-11-27T20:00:21.233536+00:00, run_after=2023-11-28T00:00:21.233536+00:00
[2023-11-27T21:00:21.273-0300] {processor.py:179} INFO - Processing /home/marcos/anaconda3/envs/XPe-IGTI/lib/python3.8/site-packages/airflow/example_dags/example_latest_only_with_trigger.py took 0.133 seconds
[2023-11-27T21:01:21.644-0300] {processor.py:157} INFO - Started process (PID=51804) to work on /home/marcos/anaconda3/envs/XPe-IGTI/lib/python3.8/site-packages/airflow/example_dags/example_latest_only_with_trigger.py
[2023-11-27T21:01:21.649-0300] {processor.py:829} INFO - Processing file /home/marcos/anaconda3/envs/XPe-IGTI/lib/python3.8/site-packages/airflow/example_dags/example_latest_only_with_trigger.py for tasks to queue
[2023-11-27T21:01:21.650-0300] {logging_mixin.py:154} INFO - [2023-11-27T21:01:21.650-0300] {dagbag.py:536} INFO - Filling up the DagBag from /home/marcos/anaconda3/envs/XPe-IGTI/lib/python3.8/site-packages/airflow/example_dags/example_latest_only_with_trigger.py
[2023-11-27T21:01:21.662-0300] {processor.py:839} INFO - DAG(s) dict_keys(['latest_only_with_trigger']) retrieved from /home/marcos/anaconda3/envs/XPe-IGTI/lib/python3.8/site-packages/airflow/example_dags/example_latest_only_with_trigger.py
[2023-11-27T21:01:21.690-0300] {logging_mixin.py:154} INFO - [2023-11-27T21:01:21.689-0300] {dag.py:2941} INFO - Sync 1 DAGs
[2023-11-27T21:01:21.722-0300] {logging_mixin.py:154} INFO - [2023-11-27T21:01:21.722-0300] {dag.py:3722} INFO - Setting next_dagrun for latest_only_with_trigger to 2023-11-27T20:01:21.722337+00:00, run_after=2023-11-28T00:01:21.722337+00:00
[2023-11-27T21:01:21.756-0300] {processor.py:179} INFO - Processing /home/marcos/anaconda3/envs/XPe-IGTI/lib/python3.8/site-packages/airflow/example_dags/example_latest_only_with_trigger.py took 0.118 seconds
[2023-11-27T21:02:23.926-0300] {processor.py:157} INFO - Started process (PID=51905) to work on /home/marcos/anaconda3/envs/XPe-IGTI/lib/python3.8/site-packages/airflow/example_dags/example_latest_only_with_trigger.py
[2023-11-27T21:02:23.935-0300] {processor.py:829} INFO - Processing file /home/marcos/anaconda3/envs/XPe-IGTI/lib/python3.8/site-packages/airflow/example_dags/example_latest_only_with_trigger.py for tasks to queue
[2023-11-27T21:02:23.937-0300] {logging_mixin.py:154} INFO - [2023-11-27T21:02:23.936-0300] {dagbag.py:536} INFO - Filling up the DagBag from /home/marcos/anaconda3/envs/XPe-IGTI/lib/python3.8/site-packages/airflow/example_dags/example_latest_only_with_trigger.py
[2023-11-27T21:02:23.954-0300] {processor.py:839} INFO - DAG(s) dict_keys(['latest_only_with_trigger']) retrieved from /home/marcos/anaconda3/envs/XPe-IGTI/lib/python3.8/site-packages/airflow/example_dags/example_latest_only_with_trigger.py
[2023-11-27T21:02:24.002-0300] {logging_mixin.py:154} INFO - [2023-11-27T21:02:24.001-0300] {dag.py:2941} INFO - Sync 1 DAGs
[2023-11-27T21:02:24.040-0300] {logging_mixin.py:154} INFO - [2023-11-27T21:02:24.040-0300] {dag.py:3722} INFO - Setting next_dagrun for latest_only_with_trigger to 2023-11-27T20:02:24.039835+00:00, run_after=2023-11-28T00:02:24.039835+00:00
[2023-11-27T21:02:24.083-0300] {processor.py:179} INFO - Processing /home/marcos/anaconda3/envs/XPe-IGTI/lib/python3.8/site-packages/airflow/example_dags/example_latest_only_with_trigger.py took 0.163 seconds
[2023-11-27T21:03:22.107-0300] {processor.py:157} INFO - Started process (PID=51981) to work on /home/marcos/anaconda3/envs/XPe-IGTI/lib/python3.8/site-packages/airflow/example_dags/example_latest_only_with_trigger.py
[2023-11-27T21:03:22.112-0300] {processor.py:829} INFO - Processing file /home/marcos/anaconda3/envs/XPe-IGTI/lib/python3.8/site-packages/airflow/example_dags/example_latest_only_with_trigger.py for tasks to queue
[2023-11-27T21:03:22.113-0300] {logging_mixin.py:154} INFO - [2023-11-27T21:03:22.113-0300] {dagbag.py:536} INFO - Filling up the DagBag from /home/marcos/anaconda3/envs/XPe-IGTI/lib/python3.8/site-packages/airflow/example_dags/example_latest_only_with_trigger.py
[2023-11-27T21:03:22.124-0300] {processor.py:839} INFO - DAG(s) dict_keys(['latest_only_with_trigger']) retrieved from /home/marcos/anaconda3/envs/XPe-IGTI/lib/python3.8/site-packages/airflow/example_dags/example_latest_only_with_trigger.py
[2023-11-27T21:03:22.150-0300] {logging_mixin.py:154} INFO - [2023-11-27T21:03:22.150-0300] {dag.py:2941} INFO - Sync 1 DAGs
[2023-11-27T21:03:22.182-0300] {logging_mixin.py:154} INFO - [2023-11-27T21:03:22.182-0300] {dag.py:3722} INFO - Setting next_dagrun for latest_only_with_trigger to 2023-11-27T20:03:22.182217+00:00, run_after=2023-11-28T00:03:22.182217+00:00
[2023-11-27T21:03:22.219-0300] {processor.py:179} INFO - Processing /home/marcos/anaconda3/envs/XPe-IGTI/lib/python3.8/site-packages/airflow/example_dags/example_latest_only_with_trigger.py took 0.117 seconds
[2023-11-27T21:04:30.593-0300] {processor.py:157} INFO - Started process (PID=52065) to work on /home/marcos/anaconda3/envs/XPe-IGTI/lib/python3.8/site-packages/airflow/example_dags/example_latest_only_with_trigger.py
[2023-11-27T21:04:30.598-0300] {processor.py:829} INFO - Processing file /home/marcos/anaconda3/envs/XPe-IGTI/lib/python3.8/site-packages/airflow/example_dags/example_latest_only_with_trigger.py for tasks to queue
[2023-11-27T21:04:30.599-0300] {logging_mixin.py:154} INFO - [2023-11-27T21:04:30.598-0300] {dagbag.py:536} INFO - Filling up the DagBag from /home/marcos/anaconda3/envs/XPe-IGTI/lib/python3.8/site-packages/airflow/example_dags/example_latest_only_with_trigger.py
[2023-11-27T21:04:30.610-0300] {processor.py:839} INFO - DAG(s) dict_keys(['latest_only_with_trigger']) retrieved from /home/marcos/anaconda3/envs/XPe-IGTI/lib/python3.8/site-packages/airflow/example_dags/example_latest_only_with_trigger.py
[2023-11-27T21:04:30.641-0300] {logging_mixin.py:154} INFO - [2023-11-27T21:04:30.641-0300] {dag.py:2941} INFO - Sync 1 DAGs
[2023-11-27T21:04:30.677-0300] {logging_mixin.py:154} INFO - [2023-11-27T21:04:30.677-0300] {dag.py:3722} INFO - Setting next_dagrun for latest_only_with_trigger to 2023-11-27T20:04:30.677019+00:00, run_after=2023-11-28T00:04:30.677019+00:00
[2023-11-27T21:04:30.716-0300] {processor.py:179} INFO - Processing /home/marcos/anaconda3/envs/XPe-IGTI/lib/python3.8/site-packages/airflow/example_dags/example_latest_only_with_trigger.py took 0.128 seconds
[2023-11-27T21:05:34.834-0300] {processor.py:157} INFO - Started process (PID=52161) to work on /home/marcos/anaconda3/envs/XPe-IGTI/lib/python3.8/site-packages/airflow/example_dags/example_latest_only_with_trigger.py
[2023-11-27T21:05:34.839-0300] {processor.py:829} INFO - Processing file /home/marcos/anaconda3/envs/XPe-IGTI/lib/python3.8/site-packages/airflow/example_dags/example_latest_only_with_trigger.py for tasks to queue
[2023-11-27T21:05:34.842-0300] {logging_mixin.py:154} INFO - [2023-11-27T21:05:34.841-0300] {dagbag.py:536} INFO - Filling up the DagBag from /home/marcos/anaconda3/envs/XPe-IGTI/lib/python3.8/site-packages/airflow/example_dags/example_latest_only_with_trigger.py
[2023-11-27T21:05:34.859-0300] {processor.py:839} INFO - DAG(s) dict_keys(['latest_only_with_trigger']) retrieved from /home/marcos/anaconda3/envs/XPe-IGTI/lib/python3.8/site-packages/airflow/example_dags/example_latest_only_with_trigger.py
[2023-11-27T21:05:34.881-0300] {logging_mixin.py:154} INFO - [2023-11-27T21:05:34.881-0300] {dag.py:2941} INFO - Sync 1 DAGs
[2023-11-27T21:05:34.909-0300] {logging_mixin.py:154} INFO - [2023-11-27T21:05:34.909-0300] {dag.py:3722} INFO - Setting next_dagrun for latest_only_with_trigger to 2023-11-27T20:05:34.908863+00:00, run_after=2023-11-28T00:05:34.908863+00:00
[2023-11-27T21:05:34.937-0300] {processor.py:179} INFO - Processing /home/marcos/anaconda3/envs/XPe-IGTI/lib/python3.8/site-packages/airflow/example_dags/example_latest_only_with_trigger.py took 0.113 seconds
[2023-11-27T21:06:35.625-0300] {processor.py:157} INFO - Started process (PID=52248) to work on /home/marcos/anaconda3/envs/XPe-IGTI/lib/python3.8/site-packages/airflow/example_dags/example_latest_only_with_trigger.py
[2023-11-27T21:06:35.630-0300] {processor.py:829} INFO - Processing file /home/marcos/anaconda3/envs/XPe-IGTI/lib/python3.8/site-packages/airflow/example_dags/example_latest_only_with_trigger.py for tasks to queue
[2023-11-27T21:06:35.631-0300] {logging_mixin.py:154} INFO - [2023-11-27T21:06:35.630-0300] {dagbag.py:536} INFO - Filling up the DagBag from /home/marcos/anaconda3/envs/XPe-IGTI/lib/python3.8/site-packages/airflow/example_dags/example_latest_only_with_trigger.py
[2023-11-27T21:06:35.642-0300] {processor.py:839} INFO - DAG(s) dict_keys(['latest_only_with_trigger']) retrieved from /home/marcos/anaconda3/envs/XPe-IGTI/lib/python3.8/site-packages/airflow/example_dags/example_latest_only_with_trigger.py
[2023-11-27T21:06:35.667-0300] {logging_mixin.py:154} INFO - [2023-11-27T21:06:35.667-0300] {dag.py:2941} INFO - Sync 1 DAGs
[2023-11-27T21:06:35.698-0300] {logging_mixin.py:154} INFO - [2023-11-27T21:06:35.698-0300] {dag.py:3722} INFO - Setting next_dagrun for latest_only_with_trigger to 2023-11-27T20:06:35.697853+00:00, run_after=2023-11-28T00:06:35.697853+00:00
[2023-11-27T21:06:35.730-0300] {processor.py:179} INFO - Processing /home/marcos/anaconda3/envs/XPe-IGTI/lib/python3.8/site-packages/airflow/example_dags/example_latest_only_with_trigger.py took 0.110 seconds
[2023-11-27T21:07:35.773-0300] {processor.py:157} INFO - Started process (PID=52349) to work on /home/marcos/anaconda3/envs/XPe-IGTI/lib/python3.8/site-packages/airflow/example_dags/example_latest_only_with_trigger.py
[2023-11-27T21:07:35.778-0300] {processor.py:829} INFO - Processing file /home/marcos/anaconda3/envs/XPe-IGTI/lib/python3.8/site-packages/airflow/example_dags/example_latest_only_with_trigger.py for tasks to queue
[2023-11-27T21:07:35.780-0300] {logging_mixin.py:154} INFO - [2023-11-27T21:07:35.779-0300] {dagbag.py:536} INFO - Filling up the DagBag from /home/marcos/anaconda3/envs/XPe-IGTI/lib/python3.8/site-packages/airflow/example_dags/example_latest_only_with_trigger.py
[2023-11-27T21:07:35.792-0300] {processor.py:839} INFO - DAG(s) dict_keys(['latest_only_with_trigger']) retrieved from /home/marcos/anaconda3/envs/XPe-IGTI/lib/python3.8/site-packages/airflow/example_dags/example_latest_only_with_trigger.py
[2023-11-27T21:07:35.818-0300] {logging_mixin.py:154} INFO - [2023-11-27T21:07:35.818-0300] {dag.py:2941} INFO - Sync 1 DAGs
[2023-11-27T21:07:35.849-0300] {logging_mixin.py:154} INFO - [2023-11-27T21:07:35.849-0300] {dag.py:3722} INFO - Setting next_dagrun for latest_only_with_trigger to 2023-11-27T20:07:35.849283+00:00, run_after=2023-11-28T00:07:35.849283+00:00
[2023-11-27T21:07:35.883-0300] {processor.py:179} INFO - Processing /home/marcos/anaconda3/envs/XPe-IGTI/lib/python3.8/site-packages/airflow/example_dags/example_latest_only_with_trigger.py took 0.115 seconds
[2023-11-27T21:08:37.723-0300] {processor.py:157} INFO - Started process (PID=52419) to work on /home/marcos/anaconda3/envs/XPe-IGTI/lib/python3.8/site-packages/airflow/example_dags/example_latest_only_with_trigger.py
[2023-11-27T21:08:37.728-0300] {processor.py:829} INFO - Processing file /home/marcos/anaconda3/envs/XPe-IGTI/lib/python3.8/site-packages/airflow/example_dags/example_latest_only_with_trigger.py for tasks to queue
[2023-11-27T21:08:37.730-0300] {logging_mixin.py:154} INFO - [2023-11-27T21:08:37.729-0300] {dagbag.py:536} INFO - Filling up the DagBag from /home/marcos/anaconda3/envs/XPe-IGTI/lib/python3.8/site-packages/airflow/example_dags/example_latest_only_with_trigger.py
[2023-11-27T21:08:37.751-0300] {processor.py:839} INFO - DAG(s) dict_keys(['latest_only_with_trigger']) retrieved from /home/marcos/anaconda3/envs/XPe-IGTI/lib/python3.8/site-packages/airflow/example_dags/example_latest_only_with_trigger.py
[2023-11-27T21:08:37.774-0300] {logging_mixin.py:154} INFO - [2023-11-27T21:08:37.774-0300] {dag.py:2941} INFO - Sync 1 DAGs
[2023-11-27T21:08:37.801-0300] {logging_mixin.py:154} INFO - [2023-11-27T21:08:37.801-0300] {dag.py:3722} INFO - Setting next_dagrun for latest_only_with_trigger to 2023-11-27T20:08:37.801076+00:00, run_after=2023-11-28T00:08:37.801076+00:00
[2023-11-27T21:08:37.829-0300] {processor.py:179} INFO - Processing /home/marcos/anaconda3/envs/XPe-IGTI/lib/python3.8/site-packages/airflow/example_dags/example_latest_only_with_trigger.py took 0.110 seconds
[2023-11-27T21:09:43.786-0300] {processor.py:157} INFO - Started process (PID=52499) to work on /home/marcos/anaconda3/envs/XPe-IGTI/lib/python3.8/site-packages/airflow/example_dags/example_latest_only_with_trigger.py
[2023-11-27T21:09:43.791-0300] {processor.py:829} INFO - Processing file /home/marcos/anaconda3/envs/XPe-IGTI/lib/python3.8/site-packages/airflow/example_dags/example_latest_only_with_trigger.py for tasks to queue
[2023-11-27T21:09:43.792-0300] {logging_mixin.py:154} INFO - [2023-11-27T21:09:43.791-0300] {dagbag.py:536} INFO - Filling up the DagBag from /home/marcos/anaconda3/envs/XPe-IGTI/lib/python3.8/site-packages/airflow/example_dags/example_latest_only_with_trigger.py
[2023-11-27T21:09:43.806-0300] {processor.py:839} INFO - DAG(s) dict_keys(['latest_only_with_trigger']) retrieved from /home/marcos/anaconda3/envs/XPe-IGTI/lib/python3.8/site-packages/airflow/example_dags/example_latest_only_with_trigger.py
[2023-11-27T21:09:43.830-0300] {logging_mixin.py:154} INFO - [2023-11-27T21:09:43.829-0300] {dag.py:2941} INFO - Sync 1 DAGs
[2023-11-27T21:09:43.857-0300] {logging_mixin.py:154} INFO - [2023-11-27T21:09:43.856-0300] {dag.py:3722} INFO - Setting next_dagrun for latest_only_with_trigger to 2023-11-27T20:09:43.856593+00:00, run_after=2023-11-28T00:09:43.856593+00:00
[2023-11-27T21:09:43.888-0300] {processor.py:179} INFO - Processing /home/marcos/anaconda3/envs/XPe-IGTI/lib/python3.8/site-packages/airflow/example_dags/example_latest_only_with_trigger.py took 0.109 seconds
[2023-11-27T21:10:47.402-0300] {processor.py:157} INFO - Started process (PID=52572) to work on /home/marcos/anaconda3/envs/XPe-IGTI/lib/python3.8/site-packages/airflow/example_dags/example_latest_only_with_trigger.py
[2023-11-27T21:10:47.403-0300] {processor.py:829} INFO - Processing file /home/marcos/anaconda3/envs/XPe-IGTI/lib/python3.8/site-packages/airflow/example_dags/example_latest_only_with_trigger.py for tasks to queue
[2023-11-27T21:10:47.404-0300] {logging_mixin.py:154} INFO - [2023-11-27T21:10:47.404-0300] {dagbag.py:536} INFO - Filling up the DagBag from /home/marcos/anaconda3/envs/XPe-IGTI/lib/python3.8/site-packages/airflow/example_dags/example_latest_only_with_trigger.py
[2023-11-27T21:10:47.415-0300] {processor.py:839} INFO - DAG(s) dict_keys(['latest_only_with_trigger']) retrieved from /home/marcos/anaconda3/envs/XPe-IGTI/lib/python3.8/site-packages/airflow/example_dags/example_latest_only_with_trigger.py
[2023-11-27T21:10:47.439-0300] {logging_mixin.py:154} INFO - [2023-11-27T21:10:47.439-0300] {dag.py:2941} INFO - Sync 1 DAGs
[2023-11-27T21:10:47.469-0300] {logging_mixin.py:154} INFO - [2023-11-27T21:10:47.469-0300] {dag.py:3722} INFO - Setting next_dagrun for latest_only_with_trigger to 2023-11-27T20:10:47.469301+00:00, run_after=2023-11-28T00:10:47.469301+00:00
[2023-11-27T21:10:47.503-0300] {processor.py:179} INFO - Processing /home/marcos/anaconda3/envs/XPe-IGTI/lib/python3.8/site-packages/airflow/example_dags/example_latest_only_with_trigger.py took 0.106 seconds
[2023-11-27T21:11:57.368-0300] {processor.py:157} INFO - Started process (PID=52681) to work on /home/marcos/anaconda3/envs/XPe-IGTI/lib/python3.8/site-packages/airflow/example_dags/example_latest_only_with_trigger.py
[2023-11-27T21:11:57.373-0300] {processor.py:829} INFO - Processing file /home/marcos/anaconda3/envs/XPe-IGTI/lib/python3.8/site-packages/airflow/example_dags/example_latest_only_with_trigger.py for tasks to queue
[2023-11-27T21:11:57.375-0300] {logging_mixin.py:154} INFO - [2023-11-27T21:11:57.374-0300] {dagbag.py:536} INFO - Filling up the DagBag from /home/marcos/anaconda3/envs/XPe-IGTI/lib/python3.8/site-packages/airflow/example_dags/example_latest_only_with_trigger.py
[2023-11-27T21:11:57.388-0300] {processor.py:839} INFO - DAG(s) dict_keys(['latest_only_with_trigger']) retrieved from /home/marcos/anaconda3/envs/XPe-IGTI/lib/python3.8/site-packages/airflow/example_dags/example_latest_only_with_trigger.py
[2023-11-27T21:11:57.411-0300] {logging_mixin.py:154} INFO - [2023-11-27T21:11:57.411-0300] {dag.py:2941} INFO - Sync 1 DAGs
[2023-11-27T21:11:57.439-0300] {logging_mixin.py:154} INFO - [2023-11-27T21:11:57.438-0300] {dag.py:3722} INFO - Setting next_dagrun for latest_only_with_trigger to 2023-11-27T20:11:57.438507+00:00, run_after=2023-11-28T00:11:57.438507+00:00
[2023-11-27T21:11:57.466-0300] {processor.py:179} INFO - Processing /home/marcos/anaconda3/envs/XPe-IGTI/lib/python3.8/site-packages/airflow/example_dags/example_latest_only_with_trigger.py took 0.104 seconds
[2023-11-27T21:13:00.328-0300] {processor.py:157} INFO - Started process (PID=52753) to work on /home/marcos/anaconda3/envs/XPe-IGTI/lib/python3.8/site-packages/airflow/example_dags/example_latest_only_with_trigger.py
[2023-11-27T21:13:00.332-0300] {processor.py:829} INFO - Processing file /home/marcos/anaconda3/envs/XPe-IGTI/lib/python3.8/site-packages/airflow/example_dags/example_latest_only_with_trigger.py for tasks to queue
[2023-11-27T21:13:00.334-0300] {logging_mixin.py:154} INFO - [2023-11-27T21:13:00.334-0300] {dagbag.py:536} INFO - Filling up the DagBag from /home/marcos/anaconda3/envs/XPe-IGTI/lib/python3.8/site-packages/airflow/example_dags/example_latest_only_with_trigger.py
[2023-11-27T21:13:00.348-0300] {processor.py:839} INFO - DAG(s) dict_keys(['latest_only_with_trigger']) retrieved from /home/marcos/anaconda3/envs/XPe-IGTI/lib/python3.8/site-packages/airflow/example_dags/example_latest_only_with_trigger.py
[2023-11-27T21:13:00.384-0300] {logging_mixin.py:154} INFO - [2023-11-27T21:13:00.384-0300] {dag.py:2941} INFO - Sync 1 DAGs
[2023-11-27T21:13:00.421-0300] {logging_mixin.py:154} INFO - [2023-11-27T21:13:00.420-0300] {dag.py:3722} INFO - Setting next_dagrun for latest_only_with_trigger to 2023-11-27T20:13:00.420440+00:00, run_after=2023-11-28T00:13:00.420440+00:00
[2023-11-27T21:13:00.457-0300] {processor.py:179} INFO - Processing /home/marcos/anaconda3/envs/XPe-IGTI/lib/python3.8/site-packages/airflow/example_dags/example_latest_only_with_trigger.py took 0.133 seconds
[2023-11-27T21:13:57.863-0300] {processor.py:157} INFO - Started process (PID=52862) to work on /home/marcos/anaconda3/envs/XPe-IGTI/lib/python3.8/site-packages/airflow/example_dags/example_latest_only_with_trigger.py
[2023-11-27T21:13:57.868-0300] {processor.py:829} INFO - Processing file /home/marcos/anaconda3/envs/XPe-IGTI/lib/python3.8/site-packages/airflow/example_dags/example_latest_only_with_trigger.py for tasks to queue
[2023-11-27T21:13:57.869-0300] {logging_mixin.py:154} INFO - [2023-11-27T21:13:57.868-0300] {dagbag.py:536} INFO - Filling up the DagBag from /home/marcos/anaconda3/envs/XPe-IGTI/lib/python3.8/site-packages/airflow/example_dags/example_latest_only_with_trigger.py
[2023-11-27T21:13:57.883-0300] {processor.py:839} INFO - DAG(s) dict_keys(['latest_only_with_trigger']) retrieved from /home/marcos/anaconda3/envs/XPe-IGTI/lib/python3.8/site-packages/airflow/example_dags/example_latest_only_with_trigger.py
[2023-11-27T21:13:57.911-0300] {logging_mixin.py:154} INFO - [2023-11-27T21:13:57.911-0300] {dag.py:2941} INFO - Sync 1 DAGs
[2023-11-27T21:13:57.950-0300] {logging_mixin.py:154} INFO - [2023-11-27T21:13:57.949-0300] {dag.py:3722} INFO - Setting next_dagrun for latest_only_with_trigger to 2023-11-27T20:13:57.949190+00:00, run_after=2023-11-28T00:13:57.949190+00:00
[2023-11-27T21:13:57.985-0300] {processor.py:179} INFO - Processing /home/marcos/anaconda3/envs/XPe-IGTI/lib/python3.8/site-packages/airflow/example_dags/example_latest_only_with_trigger.py took 0.128 seconds
[2023-11-27T21:15:07.043-0300] {processor.py:157} INFO - Started process (PID=52957) to work on /home/marcos/anaconda3/envs/XPe-IGTI/lib/python3.8/site-packages/airflow/example_dags/example_latest_only_with_trigger.py
[2023-11-27T21:15:07.050-0300] {processor.py:829} INFO - Processing file /home/marcos/anaconda3/envs/XPe-IGTI/lib/python3.8/site-packages/airflow/example_dags/example_latest_only_with_trigger.py for tasks to queue
[2023-11-27T21:15:07.053-0300] {logging_mixin.py:154} INFO - [2023-11-27T21:15:07.052-0300] {dagbag.py:536} INFO - Filling up the DagBag from /home/marcos/anaconda3/envs/XPe-IGTI/lib/python3.8/site-packages/airflow/example_dags/example_latest_only_with_trigger.py
[2023-11-27T21:15:07.082-0300] {processor.py:839} INFO - DAG(s) dict_keys(['latest_only_with_trigger']) retrieved from /home/marcos/anaconda3/envs/XPe-IGTI/lib/python3.8/site-packages/airflow/example_dags/example_latest_only_with_trigger.py
[2023-11-27T21:15:07.117-0300] {logging_mixin.py:154} INFO - [2023-11-27T21:15:07.116-0300] {dag.py:2941} INFO - Sync 1 DAGs
[2023-11-27T21:15:07.152-0300] {logging_mixin.py:154} INFO - [2023-11-27T21:15:07.152-0300] {dag.py:3722} INFO - Setting next_dagrun for latest_only_with_trigger to 2023-11-27T20:15:07.151707+00:00, run_after=2023-11-28T00:15:07.151707+00:00
[2023-11-27T21:15:07.192-0300] {processor.py:179} INFO - Processing /home/marcos/anaconda3/envs/XPe-IGTI/lib/python3.8/site-packages/airflow/example_dags/example_latest_only_with_trigger.py took 0.165 seconds
[2023-11-27T21:16:16.162-0300] {processor.py:157} INFO - Started process (PID=53038) to work on /home/marcos/anaconda3/envs/XPe-IGTI/lib/python3.8/site-packages/airflow/example_dags/example_latest_only_with_trigger.py
[2023-11-27T21:16:16.167-0300] {processor.py:829} INFO - Processing file /home/marcos/anaconda3/envs/XPe-IGTI/lib/python3.8/site-packages/airflow/example_dags/example_latest_only_with_trigger.py for tasks to queue
[2023-11-27T21:16:16.171-0300] {logging_mixin.py:154} INFO - [2023-11-27T21:16:16.169-0300] {dagbag.py:536} INFO - Filling up the DagBag from /home/marcos/anaconda3/envs/XPe-IGTI/lib/python3.8/site-packages/airflow/example_dags/example_latest_only_with_trigger.py
[2023-11-27T21:16:16.188-0300] {processor.py:839} INFO - DAG(s) dict_keys(['latest_only_with_trigger']) retrieved from /home/marcos/anaconda3/envs/XPe-IGTI/lib/python3.8/site-packages/airflow/example_dags/example_latest_only_with_trigger.py
[2023-11-27T21:16:16.214-0300] {logging_mixin.py:154} INFO - [2023-11-27T21:16:16.214-0300] {dag.py:2941} INFO - Sync 1 DAGs
[2023-11-27T21:16:16.257-0300] {logging_mixin.py:154} INFO - [2023-11-27T21:16:16.257-0300] {dag.py:3722} INFO - Setting next_dagrun for latest_only_with_trigger to 2023-11-27T20:16:16.257095+00:00, run_after=2023-11-28T00:16:16.257095+00:00
[2023-11-27T21:16:16.293-0300] {processor.py:179} INFO - Processing /home/marcos/anaconda3/envs/XPe-IGTI/lib/python3.8/site-packages/airflow/example_dags/example_latest_only_with_trigger.py took 0.136 seconds
[2023-11-27T21:17:27.536-0300] {processor.py:157} INFO - Started process (PID=53148) to work on /home/marcos/anaconda3/envs/XPe-IGTI/lib/python3.8/site-packages/airflow/example_dags/example_latest_only_with_trigger.py
[2023-11-27T21:17:27.542-0300] {processor.py:829} INFO - Processing file /home/marcos/anaconda3/envs/XPe-IGTI/lib/python3.8/site-packages/airflow/example_dags/example_latest_only_with_trigger.py for tasks to queue
[2023-11-27T21:17:27.546-0300] {logging_mixin.py:154} INFO - [2023-11-27T21:17:27.544-0300] {dagbag.py:536} INFO - Filling up the DagBag from /home/marcos/anaconda3/envs/XPe-IGTI/lib/python3.8/site-packages/airflow/example_dags/example_latest_only_with_trigger.py
[2023-11-27T21:17:27.574-0300] {processor.py:839} INFO - DAG(s) dict_keys(['latest_only_with_trigger']) retrieved from /home/marcos/anaconda3/envs/XPe-IGTI/lib/python3.8/site-packages/airflow/example_dags/example_latest_only_with_trigger.py
[2023-11-27T21:17:27.637-0300] {logging_mixin.py:154} INFO - [2023-11-27T21:17:27.637-0300] {dag.py:2941} INFO - Sync 1 DAGs
[2023-11-27T21:17:27.670-0300] {logging_mixin.py:154} INFO - [2023-11-27T21:17:27.669-0300] {dag.py:3722} INFO - Setting next_dagrun for latest_only_with_trigger to 2023-11-27T20:17:27.669424+00:00, run_after=2023-11-28T00:17:27.669424+00:00
[2023-11-27T21:17:27.702-0300] {processor.py:179} INFO - Processing /home/marcos/anaconda3/envs/XPe-IGTI/lib/python3.8/site-packages/airflow/example_dags/example_latest_only_with_trigger.py took 0.180 seconds
[2023-11-27T21:18:16.642-0300] {processor.py:157} INFO - Started process (PID=53200) to work on /home/marcos/anaconda3/envs/XPe-IGTI/lib/python3.8/site-packages/airflow/example_dags/example_latest_only_with_trigger.py
[2023-11-27T21:18:16.643-0300] {processor.py:829} INFO - Processing file /home/marcos/anaconda3/envs/XPe-IGTI/lib/python3.8/site-packages/airflow/example_dags/example_latest_only_with_trigger.py for tasks to queue
[2023-11-27T21:18:16.645-0300] {logging_mixin.py:154} INFO - [2023-11-27T21:18:16.644-0300] {dagbag.py:536} INFO - Filling up the DagBag from /home/marcos/anaconda3/envs/XPe-IGTI/lib/python3.8/site-packages/airflow/example_dags/example_latest_only_with_trigger.py
[2023-11-27T21:18:16.657-0300] {processor.py:839} INFO - DAG(s) dict_keys(['latest_only_with_trigger']) retrieved from /home/marcos/anaconda3/envs/XPe-IGTI/lib/python3.8/site-packages/airflow/example_dags/example_latest_only_with_trigger.py
[2023-11-27T21:18:16.684-0300] {logging_mixin.py:154} INFO - [2023-11-27T21:18:16.683-0300] {dag.py:2941} INFO - Sync 1 DAGs
[2023-11-27T21:18:16.716-0300] {logging_mixin.py:154} INFO - [2023-11-27T21:18:16.716-0300] {dag.py:3722} INFO - Setting next_dagrun for latest_only_with_trigger to 2023-11-27T20:18:16.716032+00:00, run_after=2023-11-28T00:18:16.716032+00:00
[2023-11-27T21:18:16.748-0300] {processor.py:179} INFO - Processing /home/marcos/anaconda3/envs/XPe-IGTI/lib/python3.8/site-packages/airflow/example_dags/example_latest_only_with_trigger.py took 0.112 seconds
[2023-11-27T21:19:18.866-0300] {processor.py:157} INFO - Started process (PID=53283) to work on /home/marcos/anaconda3/envs/XPe-IGTI/lib/python3.8/site-packages/airflow/example_dags/example_latest_only_with_trigger.py
[2023-11-27T21:19:18.871-0300] {processor.py:829} INFO - Processing file /home/marcos/anaconda3/envs/XPe-IGTI/lib/python3.8/site-packages/airflow/example_dags/example_latest_only_with_trigger.py for tasks to queue
[2023-11-27T21:19:18.872-0300] {logging_mixin.py:154} INFO - [2023-11-27T21:19:18.872-0300] {dagbag.py:536} INFO - Filling up the DagBag from /home/marcos/anaconda3/envs/XPe-IGTI/lib/python3.8/site-packages/airflow/example_dags/example_latest_only_with_trigger.py
[2023-11-27T21:19:18.884-0300] {processor.py:839} INFO - DAG(s) dict_keys(['latest_only_with_trigger']) retrieved from /home/marcos/anaconda3/envs/XPe-IGTI/lib/python3.8/site-packages/airflow/example_dags/example_latest_only_with_trigger.py
[2023-11-27T21:19:18.911-0300] {logging_mixin.py:154} INFO - [2023-11-27T21:19:18.911-0300] {dag.py:2941} INFO - Sync 1 DAGs
[2023-11-27T21:19:18.947-0300] {logging_mixin.py:154} INFO - [2023-11-27T21:19:18.947-0300] {dag.py:3722} INFO - Setting next_dagrun for latest_only_with_trigger to 2023-11-27T20:19:18.946573+00:00, run_after=2023-11-28T00:19:18.946573+00:00
[2023-11-27T21:19:18.983-0300] {processor.py:179} INFO - Processing /home/marcos/anaconda3/envs/XPe-IGTI/lib/python3.8/site-packages/airflow/example_dags/example_latest_only_with_trigger.py took 0.123 seconds
[2023-11-27T21:20:31.304-0300] {processor.py:157} INFO - Started process (PID=53365) to work on /home/marcos/anaconda3/envs/XPe-IGTI/lib/python3.8/site-packages/airflow/example_dags/example_latest_only_with_trigger.py
[2023-11-27T21:20:31.309-0300] {processor.py:829} INFO - Processing file /home/marcos/anaconda3/envs/XPe-IGTI/lib/python3.8/site-packages/airflow/example_dags/example_latest_only_with_trigger.py for tasks to queue
[2023-11-27T21:20:31.311-0300] {logging_mixin.py:154} INFO - [2023-11-27T21:20:31.310-0300] {dagbag.py:536} INFO - Filling up the DagBag from /home/marcos/anaconda3/envs/XPe-IGTI/lib/python3.8/site-packages/airflow/example_dags/example_latest_only_with_trigger.py
[2023-11-27T21:20:31.327-0300] {processor.py:839} INFO - DAG(s) dict_keys(['latest_only_with_trigger']) retrieved from /home/marcos/anaconda3/envs/XPe-IGTI/lib/python3.8/site-packages/airflow/example_dags/example_latest_only_with_trigger.py
[2023-11-27T21:20:31.366-0300] {logging_mixin.py:154} INFO - [2023-11-27T21:20:31.366-0300] {dag.py:2941} INFO - Sync 1 DAGs
[2023-11-27T21:20:31.413-0300] {logging_mixin.py:154} INFO - [2023-11-27T21:20:31.413-0300] {dag.py:3722} INFO - Setting next_dagrun for latest_only_with_trigger to 2023-11-27T20:20:31.413206+00:00, run_after=2023-11-28T00:20:31.413206+00:00
[2023-11-27T21:20:31.463-0300] {processor.py:179} INFO - Processing /home/marcos/anaconda3/envs/XPe-IGTI/lib/python3.8/site-packages/airflow/example_dags/example_latest_only_with_trigger.py took 0.165 seconds
[2023-11-27T21:21:36.931-0300] {processor.py:157} INFO - Started process (PID=53444) to work on /home/marcos/anaconda3/envs/XPe-IGTI/lib/python3.8/site-packages/airflow/example_dags/example_latest_only_with_trigger.py
[2023-11-27T21:21:36.937-0300] {processor.py:829} INFO - Processing file /home/marcos/anaconda3/envs/XPe-IGTI/lib/python3.8/site-packages/airflow/example_dags/example_latest_only_with_trigger.py for tasks to queue
[2023-11-27T21:21:36.939-0300] {logging_mixin.py:154} INFO - [2023-11-27T21:21:36.938-0300] {dagbag.py:536} INFO - Filling up the DagBag from /home/marcos/anaconda3/envs/XPe-IGTI/lib/python3.8/site-packages/airflow/example_dags/example_latest_only_with_trigger.py
[2023-11-27T21:21:36.950-0300] {processor.py:839} INFO - DAG(s) dict_keys(['latest_only_with_trigger']) retrieved from /home/marcos/anaconda3/envs/XPe-IGTI/lib/python3.8/site-packages/airflow/example_dags/example_latest_only_with_trigger.py
[2023-11-27T21:21:36.981-0300] {logging_mixin.py:154} INFO - [2023-11-27T21:21:36.980-0300] {dag.py:2941} INFO - Sync 1 DAGs
[2023-11-27T21:21:37.024-0300] {logging_mixin.py:154} INFO - [2023-11-27T21:21:37.023-0300] {dag.py:3722} INFO - Setting next_dagrun for latest_only_with_trigger to 2023-11-27T20:21:37.023396+00:00, run_after=2023-11-28T00:21:37.023396+00:00
[2023-11-27T21:21:37.073-0300] {processor.py:179} INFO - Processing /home/marcos/anaconda3/envs/XPe-IGTI/lib/python3.8/site-packages/airflow/example_dags/example_latest_only_with_trigger.py took 0.147 seconds
[2023-11-27T21:22:39.212-0300] {processor.py:157} INFO - Started process (PID=53538) to work on /home/marcos/anaconda3/envs/XPe-IGTI/lib/python3.8/site-packages/airflow/example_dags/example_latest_only_with_trigger.py
[2023-11-27T21:22:39.216-0300] {processor.py:829} INFO - Processing file /home/marcos/anaconda3/envs/XPe-IGTI/lib/python3.8/site-packages/airflow/example_dags/example_latest_only_with_trigger.py for tasks to queue
[2023-11-27T21:22:39.218-0300] {logging_mixin.py:154} INFO - [2023-11-27T21:22:39.217-0300] {dagbag.py:536} INFO - Filling up the DagBag from /home/marcos/anaconda3/envs/XPe-IGTI/lib/python3.8/site-packages/airflow/example_dags/example_latest_only_with_trigger.py
[2023-11-27T21:22:39.229-0300] {processor.py:839} INFO - DAG(s) dict_keys(['latest_only_with_trigger']) retrieved from /home/marcos/anaconda3/envs/XPe-IGTI/lib/python3.8/site-packages/airflow/example_dags/example_latest_only_with_trigger.py
[2023-11-27T21:22:39.254-0300] {logging_mixin.py:154} INFO - [2023-11-27T21:22:39.254-0300] {dag.py:2941} INFO - Sync 1 DAGs
[2023-11-27T21:22:39.294-0300] {logging_mixin.py:154} INFO - [2023-11-27T21:22:39.293-0300] {dag.py:3722} INFO - Setting next_dagrun for latest_only_with_trigger to 2023-11-27T20:22:39.293228+00:00, run_after=2023-11-28T00:22:39.293228+00:00
[2023-11-27T21:22:39.334-0300] {processor.py:179} INFO - Processing /home/marcos/anaconda3/envs/XPe-IGTI/lib/python3.8/site-packages/airflow/example_dags/example_latest_only_with_trigger.py took 0.127 seconds
[2023-11-27T21:23:41.349-0300] {processor.py:157} INFO - Started process (PID=53615) to work on /home/marcos/anaconda3/envs/XPe-IGTI/lib/python3.8/site-packages/airflow/example_dags/example_latest_only_with_trigger.py
[2023-11-27T21:23:41.353-0300] {processor.py:829} INFO - Processing file /home/marcos/anaconda3/envs/XPe-IGTI/lib/python3.8/site-packages/airflow/example_dags/example_latest_only_with_trigger.py for tasks to queue
[2023-11-27T21:23:41.355-0300] {logging_mixin.py:154} INFO - [2023-11-27T21:23:41.354-0300] {dagbag.py:536} INFO - Filling up the DagBag from /home/marcos/anaconda3/envs/XPe-IGTI/lib/python3.8/site-packages/airflow/example_dags/example_latest_only_with_trigger.py
[2023-11-27T21:23:41.368-0300] {processor.py:839} INFO - DAG(s) dict_keys(['latest_only_with_trigger']) retrieved from /home/marcos/anaconda3/envs/XPe-IGTI/lib/python3.8/site-packages/airflow/example_dags/example_latest_only_with_trigger.py
[2023-11-27T21:23:41.395-0300] {logging_mixin.py:154} INFO - [2023-11-27T21:23:41.395-0300] {dag.py:2941} INFO - Sync 1 DAGs
[2023-11-27T21:23:41.431-0300] {logging_mixin.py:154} INFO - [2023-11-27T21:23:41.430-0300] {dag.py:3722} INFO - Setting next_dagrun for latest_only_with_trigger to 2023-11-27T20:23:41.430213+00:00, run_after=2023-11-28T00:23:41.430213+00:00
[2023-11-27T21:23:41.467-0300] {processor.py:179} INFO - Processing /home/marcos/anaconda3/envs/XPe-IGTI/lib/python3.8/site-packages/airflow/example_dags/example_latest_only_with_trigger.py took 0.124 seconds
[2023-11-27T21:24:49.308-0300] {processor.py:157} INFO - Started process (PID=53700) to work on /home/marcos/anaconda3/envs/XPe-IGTI/lib/python3.8/site-packages/airflow/example_dags/example_latest_only_with_trigger.py
[2023-11-27T21:24:49.314-0300] {processor.py:829} INFO - Processing file /home/marcos/anaconda3/envs/XPe-IGTI/lib/python3.8/site-packages/airflow/example_dags/example_latest_only_with_trigger.py for tasks to queue
[2023-11-27T21:24:49.320-0300] {logging_mixin.py:154} INFO - [2023-11-27T21:24:49.316-0300] {dagbag.py:536} INFO - Filling up the DagBag from /home/marcos/anaconda3/envs/XPe-IGTI/lib/python3.8/site-packages/airflow/example_dags/example_latest_only_with_trigger.py
[2023-11-27T21:24:49.354-0300] {processor.py:839} INFO - DAG(s) dict_keys(['latest_only_with_trigger']) retrieved from /home/marcos/anaconda3/envs/XPe-IGTI/lib/python3.8/site-packages/airflow/example_dags/example_latest_only_with_trigger.py
[2023-11-27T21:24:49.397-0300] {logging_mixin.py:154} INFO - [2023-11-27T21:24:49.397-0300] {dag.py:2941} INFO - Sync 1 DAGs
[2023-11-27T21:24:49.430-0300] {logging_mixin.py:154} INFO - [2023-11-27T21:24:49.430-0300] {dag.py:3722} INFO - Setting next_dagrun for latest_only_with_trigger to 2023-11-27T20:24:49.429936+00:00, run_after=2023-11-28T00:24:49.429936+00:00
[2023-11-27T21:24:49.464-0300] {processor.py:179} INFO - Processing /home/marcos/anaconda3/envs/XPe-IGTI/lib/python3.8/site-packages/airflow/example_dags/example_latest_only_with_trigger.py took 0.171 seconds
[2023-11-27T21:26:04.461-0300] {processor.py:157} INFO - Started process (PID=53785) to work on /home/marcos/anaconda3/envs/XPe-IGTI/lib/python3.8/site-packages/airflow/example_dags/example_latest_only_with_trigger.py
[2023-11-27T21:26:04.468-0300] {processor.py:829} INFO - Processing file /home/marcos/anaconda3/envs/XPe-IGTI/lib/python3.8/site-packages/airflow/example_dags/example_latest_only_with_trigger.py for tasks to queue
[2023-11-27T21:26:04.470-0300] {logging_mixin.py:154} INFO - [2023-11-27T21:26:04.469-0300] {dagbag.py:536} INFO - Filling up the DagBag from /home/marcos/anaconda3/envs/XPe-IGTI/lib/python3.8/site-packages/airflow/example_dags/example_latest_only_with_trigger.py
[2023-11-27T21:26:04.498-0300] {processor.py:839} INFO - DAG(s) dict_keys(['latest_only_with_trigger']) retrieved from /home/marcos/anaconda3/envs/XPe-IGTI/lib/python3.8/site-packages/airflow/example_dags/example_latest_only_with_trigger.py
[2023-11-27T21:26:04.538-0300] {logging_mixin.py:154} INFO - [2023-11-27T21:26:04.537-0300] {dag.py:2941} INFO - Sync 1 DAGs
[2023-11-27T21:26:04.570-0300] {logging_mixin.py:154} INFO - [2023-11-27T21:26:04.570-0300] {dag.py:3722} INFO - Setting next_dagrun for latest_only_with_trigger to 2023-11-27T20:26:04.570321+00:00, run_after=2023-11-28T00:26:04.570321+00:00
[2023-11-27T21:26:04.608-0300] {processor.py:179} INFO - Processing /home/marcos/anaconda3/envs/XPe-IGTI/lib/python3.8/site-packages/airflow/example_dags/example_latest_only_with_trigger.py took 0.158 seconds
[2023-11-27T21:27:15.468-0300] {processor.py:157} INFO - Started process (PID=53891) to work on /home/marcos/anaconda3/envs/XPe-IGTI/lib/python3.8/site-packages/airflow/example_dags/example_latest_only_with_trigger.py
[2023-11-27T21:27:15.473-0300] {processor.py:829} INFO - Processing file /home/marcos/anaconda3/envs/XPe-IGTI/lib/python3.8/site-packages/airflow/example_dags/example_latest_only_with_trigger.py for tasks to queue
[2023-11-27T21:27:15.474-0300] {logging_mixin.py:154} INFO - [2023-11-27T21:27:15.474-0300] {dagbag.py:536} INFO - Filling up the DagBag from /home/marcos/anaconda3/envs/XPe-IGTI/lib/python3.8/site-packages/airflow/example_dags/example_latest_only_with_trigger.py
[2023-11-27T21:27:15.487-0300] {processor.py:839} INFO - DAG(s) dict_keys(['latest_only_with_trigger']) retrieved from /home/marcos/anaconda3/envs/XPe-IGTI/lib/python3.8/site-packages/airflow/example_dags/example_latest_only_with_trigger.py
[2023-11-27T21:27:15.519-0300] {logging_mixin.py:154} INFO - [2023-11-27T21:27:15.519-0300] {dag.py:2941} INFO - Sync 1 DAGs
[2023-11-27T21:27:15.560-0300] {logging_mixin.py:154} INFO - [2023-11-27T21:27:15.560-0300] {dag.py:3722} INFO - Setting next_dagrun for latest_only_with_trigger to 2023-11-27T20:27:15.559988+00:00, run_after=2023-11-28T00:27:15.559988+00:00
[2023-11-27T21:27:15.592-0300] {processor.py:179} INFO - Processing /home/marcos/anaconda3/envs/XPe-IGTI/lib/python3.8/site-packages/airflow/example_dags/example_latest_only_with_trigger.py took 0.129 seconds
[2023-11-27T21:28:21.420-0300] {processor.py:157} INFO - Started process (PID=53977) to work on /home/marcos/anaconda3/envs/XPe-IGTI/lib/python3.8/site-packages/airflow/example_dags/example_latest_only_with_trigger.py
[2023-11-27T21:28:21.424-0300] {processor.py:829} INFO - Processing file /home/marcos/anaconda3/envs/XPe-IGTI/lib/python3.8/site-packages/airflow/example_dags/example_latest_only_with_trigger.py for tasks to queue
[2023-11-27T21:28:21.425-0300] {logging_mixin.py:154} INFO - [2023-11-27T21:28:21.425-0300] {dagbag.py:536} INFO - Filling up the DagBag from /home/marcos/anaconda3/envs/XPe-IGTI/lib/python3.8/site-packages/airflow/example_dags/example_latest_only_with_trigger.py
[2023-11-27T21:28:21.438-0300] {processor.py:839} INFO - DAG(s) dict_keys(['latest_only_with_trigger']) retrieved from /home/marcos/anaconda3/envs/XPe-IGTI/lib/python3.8/site-packages/airflow/example_dags/example_latest_only_with_trigger.py
[2023-11-27T21:28:21.468-0300] {logging_mixin.py:154} INFO - [2023-11-27T21:28:21.467-0300] {dag.py:2941} INFO - Sync 1 DAGs
[2023-11-27T21:28:21.504-0300] {logging_mixin.py:154} INFO - [2023-11-27T21:28:21.504-0300] {dag.py:3722} INFO - Setting next_dagrun for latest_only_with_trigger to 2023-11-27T20:28:21.503981+00:00, run_after=2023-11-28T00:28:21.503981+00:00
[2023-11-27T21:28:21.547-0300] {processor.py:179} INFO - Processing /home/marcos/anaconda3/envs/XPe-IGTI/lib/python3.8/site-packages/airflow/example_dags/example_latest_only_with_trigger.py took 0.132 seconds
[2023-11-28T18:52:45.238-0300] {processor.py:157} INFO - Started process (PID=144641) to work on /home/marcos/anaconda3/envs/XPe-IGTI/lib/python3.8/site-packages/airflow/example_dags/example_latest_only_with_trigger.py
[2023-11-28T18:52:45.244-0300] {processor.py:829} INFO - Processing file /home/marcos/anaconda3/envs/XPe-IGTI/lib/python3.8/site-packages/airflow/example_dags/example_latest_only_with_trigger.py for tasks to queue
[2023-11-28T18:52:45.246-0300] {logging_mixin.py:154} INFO - [2023-11-28T18:52:45.245-0300] {dagbag.py:536} INFO - Filling up the DagBag from /home/marcos/anaconda3/envs/XPe-IGTI/lib/python3.8/site-packages/airflow/example_dags/example_latest_only_with_trigger.py
[2023-11-28T18:52:45.260-0300] {processor.py:839} INFO - DAG(s) dict_keys(['latest_only_with_trigger']) retrieved from /home/marcos/anaconda3/envs/XPe-IGTI/lib/python3.8/site-packages/airflow/example_dags/example_latest_only_with_trigger.py
[2023-11-28T18:52:45.279-0300] {logging_mixin.py:154} INFO - [2023-11-28T18:52:45.278-0300] {dag.py:2941} INFO - Sync 1 DAGs
[2023-11-28T18:52:45.296-0300] {logging_mixin.py:154} INFO - [2023-11-28T18:52:45.296-0300] {dag.py:3722} INFO - Setting next_dagrun for latest_only_with_trigger to 2023-11-28T17:52:45.296094+00:00, run_after=2023-11-28T21:52:45.296094+00:00
[2023-11-28T18:52:45.322-0300] {processor.py:179} INFO - Processing /home/marcos/anaconda3/envs/XPe-IGTI/lib/python3.8/site-packages/airflow/example_dags/example_latest_only_with_trigger.py took 0.091 seconds
[2023-11-28T18:53:39.735-0300] {processor.py:157} INFO - Started process (PID=144747) to work on /home/marcos/anaconda3/envs/XPe-IGTI/lib/python3.8/site-packages/airflow/example_dags/example_latest_only_with_trigger.py
[2023-11-28T18:53:39.740-0300] {processor.py:829} INFO - Processing file /home/marcos/anaconda3/envs/XPe-IGTI/lib/python3.8/site-packages/airflow/example_dags/example_latest_only_with_trigger.py for tasks to queue
[2023-11-28T18:53:39.743-0300] {logging_mixin.py:154} INFO - [2023-11-28T18:53:39.742-0300] {dagbag.py:536} INFO - Filling up the DagBag from /home/marcos/anaconda3/envs/XPe-IGTI/lib/python3.8/site-packages/airflow/example_dags/example_latest_only_with_trigger.py
[2023-11-28T18:53:39.760-0300] {processor.py:839} INFO - DAG(s) dict_keys(['latest_only_with_trigger']) retrieved from /home/marcos/anaconda3/envs/XPe-IGTI/lib/python3.8/site-packages/airflow/example_dags/example_latest_only_with_trigger.py
[2023-11-28T18:53:39.779-0300] {logging_mixin.py:154} INFO - [2023-11-28T18:53:39.779-0300] {dag.py:2941} INFO - Sync 1 DAGs
[2023-11-28T18:53:39.798-0300] {logging_mixin.py:154} INFO - [2023-11-28T18:53:39.798-0300] {dag.py:3722} INFO - Setting next_dagrun for latest_only_with_trigger to 2023-11-28T17:53:39.798473+00:00, run_after=2023-11-28T21:53:39.798473+00:00
[2023-11-28T18:53:39.819-0300] {processor.py:179} INFO - Processing /home/marcos/anaconda3/envs/XPe-IGTI/lib/python3.8/site-packages/airflow/example_dags/example_latest_only_with_trigger.py took 0.090 seconds
[2023-11-28T18:54:39.767-0300] {processor.py:157} INFO - Started process (PID=145289) to work on /home/marcos/anaconda3/envs/XPe-IGTI/lib/python3.8/site-packages/airflow/example_dags/example_latest_only_with_trigger.py
[2023-11-28T18:54:39.769-0300] {processor.py:829} INFO - Processing file /home/marcos/anaconda3/envs/XPe-IGTI/lib/python3.8/site-packages/airflow/example_dags/example_latest_only_with_trigger.py for tasks to queue
[2023-11-28T18:54:39.770-0300] {logging_mixin.py:154} INFO - [2023-11-28T18:54:39.770-0300] {dagbag.py:536} INFO - Filling up the DagBag from /home/marcos/anaconda3/envs/XPe-IGTI/lib/python3.8/site-packages/airflow/example_dags/example_latest_only_with_trigger.py
[2023-11-28T18:54:39.781-0300] {processor.py:839} INFO - DAG(s) dict_keys(['latest_only_with_trigger']) retrieved from /home/marcos/anaconda3/envs/XPe-IGTI/lib/python3.8/site-packages/airflow/example_dags/example_latest_only_with_trigger.py
[2023-11-28T18:54:39.798-0300] {logging_mixin.py:154} INFO - [2023-11-28T18:54:39.798-0300] {dag.py:2941} INFO - Sync 1 DAGs
[2023-11-28T18:54:39.818-0300] {logging_mixin.py:154} INFO - [2023-11-28T18:54:39.818-0300] {dag.py:3722} INFO - Setting next_dagrun for latest_only_with_trigger to 2023-11-28T17:54:39.817854+00:00, run_after=2023-11-28T21:54:39.817854+00:00
[2023-11-28T18:54:39.848-0300] {processor.py:179} INFO - Processing /home/marcos/anaconda3/envs/XPe-IGTI/lib/python3.8/site-packages/airflow/example_dags/example_latest_only_with_trigger.py took 0.087 seconds
[2023-11-28T18:55:30.939-0300] {processor.py:157} INFO - Started process (PID=145378) to work on /home/marcos/anaconda3/envs/XPe-IGTI/lib/python3.8/site-packages/airflow/example_dags/example_latest_only_with_trigger.py
[2023-11-28T18:55:30.940-0300] {processor.py:829} INFO - Processing file /home/marcos/anaconda3/envs/XPe-IGTI/lib/python3.8/site-packages/airflow/example_dags/example_latest_only_with_trigger.py for tasks to queue
[2023-11-28T18:55:30.942-0300] {logging_mixin.py:154} INFO - [2023-11-28T18:55:30.941-0300] {dagbag.py:536} INFO - Filling up the DagBag from /home/marcos/anaconda3/envs/XPe-IGTI/lib/python3.8/site-packages/airflow/example_dags/example_latest_only_with_trigger.py
[2023-11-28T18:55:30.952-0300] {processor.py:839} INFO - DAG(s) dict_keys(['latest_only_with_trigger']) retrieved from /home/marcos/anaconda3/envs/XPe-IGTI/lib/python3.8/site-packages/airflow/example_dags/example_latest_only_with_trigger.py
[2023-11-28T18:55:30.975-0300] {logging_mixin.py:154} INFO - [2023-11-28T18:55:30.975-0300] {dag.py:2941} INFO - Sync 1 DAGs
[2023-11-28T18:55:31.004-0300] {logging_mixin.py:154} INFO - [2023-11-28T18:55:31.003-0300] {dag.py:3722} INFO - Setting next_dagrun for latest_only_with_trigger to 2023-11-28T17:55:31.003398+00:00, run_after=2023-11-28T21:55:31.003398+00:00
[2023-11-28T18:55:31.030-0300] {processor.py:179} INFO - Processing /home/marcos/anaconda3/envs/XPe-IGTI/lib/python3.8/site-packages/airflow/example_dags/example_latest_only_with_trigger.py took 0.097 seconds
[2023-11-28T18:56:28.117-0300] {processor.py:157} INFO - Started process (PID=145473) to work on /home/marcos/anaconda3/envs/XPe-IGTI/lib/python3.8/site-packages/airflow/example_dags/example_latest_only_with_trigger.py
[2023-11-28T18:56:28.121-0300] {processor.py:829} INFO - Processing file /home/marcos/anaconda3/envs/XPe-IGTI/lib/python3.8/site-packages/airflow/example_dags/example_latest_only_with_trigger.py for tasks to queue
[2023-11-28T18:56:28.122-0300] {logging_mixin.py:154} INFO - [2023-11-28T18:56:28.122-0300] {dagbag.py:536} INFO - Filling up the DagBag from /home/marcos/anaconda3/envs/XPe-IGTI/lib/python3.8/site-packages/airflow/example_dags/example_latest_only_with_trigger.py
[2023-11-28T18:56:28.134-0300] {processor.py:839} INFO - DAG(s) dict_keys(['latest_only_with_trigger']) retrieved from /home/marcos/anaconda3/envs/XPe-IGTI/lib/python3.8/site-packages/airflow/example_dags/example_latest_only_with_trigger.py
[2023-11-28T18:56:28.154-0300] {logging_mixin.py:154} INFO - [2023-11-28T18:56:28.153-0300] {dag.py:2941} INFO - Sync 1 DAGs
[2023-11-28T18:56:28.171-0300] {logging_mixin.py:154} INFO - [2023-11-28T18:56:28.171-0300] {dag.py:3722} INFO - Setting next_dagrun for latest_only_with_trigger to 2023-11-28T17:56:28.170972+00:00, run_after=2023-11-28T21:56:28.170972+00:00
[2023-11-28T18:56:28.188-0300] {processor.py:179} INFO - Processing /home/marcos/anaconda3/envs/XPe-IGTI/lib/python3.8/site-packages/airflow/example_dags/example_latest_only_with_trigger.py took 0.077 seconds
[2023-11-28T18:57:21.775-0300] {processor.py:157} INFO - Started process (PID=145598) to work on /home/marcos/anaconda3/envs/XPe-IGTI/lib/python3.8/site-packages/airflow/example_dags/example_latest_only_with_trigger.py
[2023-11-28T18:57:21.779-0300] {processor.py:829} INFO - Processing file /home/marcos/anaconda3/envs/XPe-IGTI/lib/python3.8/site-packages/airflow/example_dags/example_latest_only_with_trigger.py for tasks to queue
[2023-11-28T18:57:21.781-0300] {logging_mixin.py:154} INFO - [2023-11-28T18:57:21.780-0300] {dagbag.py:536} INFO - Filling up the DagBag from /home/marcos/anaconda3/envs/XPe-IGTI/lib/python3.8/site-packages/airflow/example_dags/example_latest_only_with_trigger.py
[2023-11-28T18:57:21.795-0300] {processor.py:839} INFO - DAG(s) dict_keys(['latest_only_with_trigger']) retrieved from /home/marcos/anaconda3/envs/XPe-IGTI/lib/python3.8/site-packages/airflow/example_dags/example_latest_only_with_trigger.py
[2023-11-28T18:57:21.818-0300] {logging_mixin.py:154} INFO - [2023-11-28T18:57:21.818-0300] {dag.py:2941} INFO - Sync 1 DAGs
[2023-11-28T18:57:21.847-0300] {logging_mixin.py:154} INFO - [2023-11-28T18:57:21.847-0300] {dag.py:3722} INFO - Setting next_dagrun for latest_only_with_trigger to 2023-11-28T17:57:21.846962+00:00, run_after=2023-11-28T21:57:21.846962+00:00
[2023-11-28T18:57:21.876-0300] {processor.py:179} INFO - Processing /home/marcos/anaconda3/envs/XPe-IGTI/lib/python3.8/site-packages/airflow/example_dags/example_latest_only_with_trigger.py took 0.107 seconds
[2023-11-28T18:58:17.718-0300] {processor.py:157} INFO - Started process (PID=145689) to work on /home/marcos/anaconda3/envs/XPe-IGTI/lib/python3.8/site-packages/airflow/example_dags/example_latest_only_with_trigger.py
[2023-11-28T18:58:17.720-0300] {processor.py:829} INFO - Processing file /home/marcos/anaconda3/envs/XPe-IGTI/lib/python3.8/site-packages/airflow/example_dags/example_latest_only_with_trigger.py for tasks to queue
[2023-11-28T18:58:17.722-0300] {logging_mixin.py:154} INFO - [2023-11-28T18:58:17.721-0300] {dagbag.py:536} INFO - Filling up the DagBag from /home/marcos/anaconda3/envs/XPe-IGTI/lib/python3.8/site-packages/airflow/example_dags/example_latest_only_with_trigger.py
[2023-11-28T18:58:17.736-0300] {processor.py:839} INFO - DAG(s) dict_keys(['latest_only_with_trigger']) retrieved from /home/marcos/anaconda3/envs/XPe-IGTI/lib/python3.8/site-packages/airflow/example_dags/example_latest_only_with_trigger.py
[2023-11-28T18:58:17.755-0300] {logging_mixin.py:154} INFO - [2023-11-28T18:58:17.755-0300] {dag.py:2941} INFO - Sync 1 DAGs
[2023-11-28T18:58:17.773-0300] {logging_mixin.py:154} INFO - [2023-11-28T18:58:17.773-0300] {dag.py:3722} INFO - Setting next_dagrun for latest_only_with_trigger to 2023-11-28T17:58:17.773136+00:00, run_after=2023-11-28T21:58:17.773136+00:00
[2023-11-28T18:58:17.792-0300] {processor.py:179} INFO - Processing /home/marcos/anaconda3/envs/XPe-IGTI/lib/python3.8/site-packages/airflow/example_dags/example_latest_only_with_trigger.py took 0.080 seconds
[2023-11-28T18:59:15.947-0300] {processor.py:157} INFO - Started process (PID=145768) to work on /home/marcos/anaconda3/envs/XPe-IGTI/lib/python3.8/site-packages/airflow/example_dags/example_latest_only_with_trigger.py
[2023-11-28T18:59:15.951-0300] {processor.py:829} INFO - Processing file /home/marcos/anaconda3/envs/XPe-IGTI/lib/python3.8/site-packages/airflow/example_dags/example_latest_only_with_trigger.py for tasks to queue
[2023-11-28T18:59:15.952-0300] {logging_mixin.py:154} INFO - [2023-11-28T18:59:15.951-0300] {dagbag.py:536} INFO - Filling up the DagBag from /home/marcos/anaconda3/envs/XPe-IGTI/lib/python3.8/site-packages/airflow/example_dags/example_latest_only_with_trigger.py
[2023-11-28T18:59:15.958-0300] {processor.py:839} INFO - DAG(s) dict_keys(['latest_only_with_trigger']) retrieved from /home/marcos/anaconda3/envs/XPe-IGTI/lib/python3.8/site-packages/airflow/example_dags/example_latest_only_with_trigger.py
[2023-11-28T18:59:15.973-0300] {logging_mixin.py:154} INFO - [2023-11-28T18:59:15.973-0300] {dag.py:2941} INFO - Sync 1 DAGs
[2023-11-28T18:59:15.990-0300] {logging_mixin.py:154} INFO - [2023-11-28T18:59:15.990-0300] {dag.py:3722} INFO - Setting next_dagrun for latest_only_with_trigger to 2023-11-28T17:59:15.990021+00:00, run_after=2023-11-28T21:59:15.990021+00:00
[2023-11-28T18:59:16.008-0300] {processor.py:179} INFO - Processing /home/marcos/anaconda3/envs/XPe-IGTI/lib/python3.8/site-packages/airflow/example_dags/example_latest_only_with_trigger.py took 0.064 seconds
[2023-11-28T19:00:13.952-0300] {processor.py:157} INFO - Started process (PID=145871) to work on /home/marcos/anaconda3/envs/XPe-IGTI/lib/python3.8/site-packages/airflow/example_dags/example_latest_only_with_trigger.py
[2023-11-28T19:00:13.953-0300] {processor.py:829} INFO - Processing file /home/marcos/anaconda3/envs/XPe-IGTI/lib/python3.8/site-packages/airflow/example_dags/example_latest_only_with_trigger.py for tasks to queue
[2023-11-28T19:00:13.954-0300] {logging_mixin.py:154} INFO - [2023-11-28T19:00:13.953-0300] {dagbag.py:536} INFO - Filling up the DagBag from /home/marcos/anaconda3/envs/XPe-IGTI/lib/python3.8/site-packages/airflow/example_dags/example_latest_only_with_trigger.py
[2023-11-28T19:00:13.960-0300] {processor.py:839} INFO - DAG(s) dict_keys(['latest_only_with_trigger']) retrieved from /home/marcos/anaconda3/envs/XPe-IGTI/lib/python3.8/site-packages/airflow/example_dags/example_latest_only_with_trigger.py
[2023-11-28T19:00:13.975-0300] {logging_mixin.py:154} INFO - [2023-11-28T19:00:13.975-0300] {dag.py:2941} INFO - Sync 1 DAGs
[2023-11-28T19:00:13.993-0300] {logging_mixin.py:154} INFO - [2023-11-28T19:00:13.993-0300] {dag.py:3722} INFO - Setting next_dagrun for latest_only_with_trigger to 2023-11-28T18:00:13.992878+00:00, run_after=2023-11-28T22:00:13.992878+00:00
[2023-11-28T19:00:14.021-0300] {processor.py:179} INFO - Processing /home/marcos/anaconda3/envs/XPe-IGTI/lib/python3.8/site-packages/airflow/example_dags/example_latest_only_with_trigger.py took 0.072 seconds
[2023-11-28T19:01:05.731-0300] {processor.py:157} INFO - Started process (PID=145948) to work on /home/marcos/anaconda3/envs/XPe-IGTI/lib/python3.8/site-packages/airflow/example_dags/example_latest_only_with_trigger.py
[2023-11-28T19:01:05.735-0300] {processor.py:829} INFO - Processing file /home/marcos/anaconda3/envs/XPe-IGTI/lib/python3.8/site-packages/airflow/example_dags/example_latest_only_with_trigger.py for tasks to queue
[2023-11-28T19:01:05.737-0300] {logging_mixin.py:154} INFO - [2023-11-28T19:01:05.736-0300] {dagbag.py:536} INFO - Filling up the DagBag from /home/marcos/anaconda3/envs/XPe-IGTI/lib/python3.8/site-packages/airflow/example_dags/example_latest_only_with_trigger.py
[2023-11-28T19:01:05.751-0300] {processor.py:839} INFO - DAG(s) dict_keys(['latest_only_with_trigger']) retrieved from /home/marcos/anaconda3/envs/XPe-IGTI/lib/python3.8/site-packages/airflow/example_dags/example_latest_only_with_trigger.py
[2023-11-28T19:01:05.771-0300] {logging_mixin.py:154} INFO - [2023-11-28T19:01:05.771-0300] {dag.py:2941} INFO - Sync 1 DAGs
[2023-11-28T19:01:05.787-0300] {logging_mixin.py:154} INFO - [2023-11-28T19:01:05.787-0300] {dag.py:3722} INFO - Setting next_dagrun for latest_only_with_trigger to 2023-11-28T18:01:05.787236+00:00, run_after=2023-11-28T22:01:05.787236+00:00
[2023-11-28T19:01:05.805-0300] {processor.py:179} INFO - Processing /home/marcos/anaconda3/envs/XPe-IGTI/lib/python3.8/site-packages/airflow/example_dags/example_latest_only_with_trigger.py took 0.080 seconds
[2023-11-28T19:02:06.447-0300] {processor.py:157} INFO - Started process (PID=146102) to work on /home/marcos/anaconda3/envs/XPe-IGTI/lib/python3.8/site-packages/airflow/example_dags/example_latest_only_with_trigger.py
[2023-11-28T19:02:06.451-0300] {processor.py:829} INFO - Processing file /home/marcos/anaconda3/envs/XPe-IGTI/lib/python3.8/site-packages/airflow/example_dags/example_latest_only_with_trigger.py for tasks to queue
[2023-11-28T19:02:06.453-0300] {logging_mixin.py:154} INFO - [2023-11-28T19:02:06.452-0300] {dagbag.py:536} INFO - Filling up the DagBag from /home/marcos/anaconda3/envs/XPe-IGTI/lib/python3.8/site-packages/airflow/example_dags/example_latest_only_with_trigger.py
[2023-11-28T19:02:06.463-0300] {processor.py:839} INFO - DAG(s) dict_keys(['latest_only_with_trigger']) retrieved from /home/marcos/anaconda3/envs/XPe-IGTI/lib/python3.8/site-packages/airflow/example_dags/example_latest_only_with_trigger.py
[2023-11-28T19:02:06.493-0300] {logging_mixin.py:154} INFO - [2023-11-28T19:02:06.493-0300] {dag.py:2941} INFO - Sync 1 DAGs
[2023-11-28T19:02:06.530-0300] {logging_mixin.py:154} INFO - [2023-11-28T19:02:06.529-0300] {dag.py:3722} INFO - Setting next_dagrun for latest_only_with_trigger to 2023-11-28T18:02:06.529418+00:00, run_after=2023-11-28T22:02:06.529418+00:00
[2023-11-28T19:02:06.563-0300] {processor.py:179} INFO - Processing /home/marcos/anaconda3/envs/XPe-IGTI/lib/python3.8/site-packages/airflow/example_dags/example_latest_only_with_trigger.py took 0.121 seconds
[2023-11-28T19:03:01.024-0300] {processor.py:157} INFO - Started process (PID=146203) to work on /home/marcos/anaconda3/envs/XPe-IGTI/lib/python3.8/site-packages/airflow/example_dags/example_latest_only_with_trigger.py
[2023-11-28T19:03:01.028-0300] {processor.py:829} INFO - Processing file /home/marcos/anaconda3/envs/XPe-IGTI/lib/python3.8/site-packages/airflow/example_dags/example_latest_only_with_trigger.py for tasks to queue
[2023-11-28T19:03:01.031-0300] {logging_mixin.py:154} INFO - [2023-11-28T19:03:01.030-0300] {dagbag.py:536} INFO - Filling up the DagBag from /home/marcos/anaconda3/envs/XPe-IGTI/lib/python3.8/site-packages/airflow/example_dags/example_latest_only_with_trigger.py
[2023-11-28T19:03:01.043-0300] {processor.py:839} INFO - DAG(s) dict_keys(['latest_only_with_trigger']) retrieved from /home/marcos/anaconda3/envs/XPe-IGTI/lib/python3.8/site-packages/airflow/example_dags/example_latest_only_with_trigger.py
[2023-11-28T19:03:01.059-0300] {logging_mixin.py:154} INFO - [2023-11-28T19:03:01.059-0300] {dag.py:2941} INFO - Sync 1 DAGs
[2023-11-28T19:03:01.076-0300] {logging_mixin.py:154} INFO - [2023-11-28T19:03:01.076-0300] {dag.py:3722} INFO - Setting next_dagrun for latest_only_with_trigger to 2023-11-28T18:03:01.076021+00:00, run_after=2023-11-28T22:03:01.076021+00:00
[2023-11-28T19:03:01.104-0300] {processor.py:179} INFO - Processing /home/marcos/anaconda3/envs/XPe-IGTI/lib/python3.8/site-packages/airflow/example_dags/example_latest_only_with_trigger.py took 0.084 seconds
[2023-11-28T19:04:06.079-0300] {processor.py:157} INFO - Started process (PID=146326) to work on /home/marcos/anaconda3/envs/XPe-IGTI/lib/python3.8/site-packages/airflow/example_dags/example_latest_only_with_trigger.py
[2023-11-28T19:04:06.084-0300] {processor.py:829} INFO - Processing file /home/marcos/anaconda3/envs/XPe-IGTI/lib/python3.8/site-packages/airflow/example_dags/example_latest_only_with_trigger.py for tasks to queue
[2023-11-28T19:04:06.087-0300] {logging_mixin.py:154} INFO - [2023-11-28T19:04:06.086-0300] {dagbag.py:536} INFO - Filling up the DagBag from /home/marcos/anaconda3/envs/XPe-IGTI/lib/python3.8/site-packages/airflow/example_dags/example_latest_only_with_trigger.py
[2023-11-28T19:04:06.106-0300] {processor.py:839} INFO - DAG(s) dict_keys(['latest_only_with_trigger']) retrieved from /home/marcos/anaconda3/envs/XPe-IGTI/lib/python3.8/site-packages/airflow/example_dags/example_latest_only_with_trigger.py
[2023-11-28T19:04:06.135-0300] {logging_mixin.py:154} INFO - [2023-11-28T19:04:06.135-0300] {dag.py:2941} INFO - Sync 1 DAGs
[2023-11-28T19:04:06.175-0300] {logging_mixin.py:154} INFO - [2023-11-28T19:04:06.174-0300] {dag.py:3722} INFO - Setting next_dagrun for latest_only_with_trigger to 2023-11-28T18:04:06.174206+00:00, run_after=2023-11-28T22:04:06.174206+00:00
[2023-11-28T19:04:06.217-0300] {processor.py:179} INFO - Processing /home/marcos/anaconda3/envs/XPe-IGTI/lib/python3.8/site-packages/airflow/example_dags/example_latest_only_with_trigger.py took 0.143 seconds
[2023-11-28T19:05:15.839-0300] {processor.py:157} INFO - Started process (PID=146445) to work on /home/marcos/anaconda3/envs/XPe-IGTI/lib/python3.8/site-packages/airflow/example_dags/example_latest_only_with_trigger.py
[2023-11-28T19:05:15.841-0300] {processor.py:829} INFO - Processing file /home/marcos/anaconda3/envs/XPe-IGTI/lib/python3.8/site-packages/airflow/example_dags/example_latest_only_with_trigger.py for tasks to queue
[2023-11-28T19:05:15.842-0300] {logging_mixin.py:154} INFO - [2023-11-28T19:05:15.842-0300] {dagbag.py:536} INFO - Filling up the DagBag from /home/marcos/anaconda3/envs/XPe-IGTI/lib/python3.8/site-packages/airflow/example_dags/example_latest_only_with_trigger.py
[2023-11-28T19:05:15.853-0300] {processor.py:839} INFO - DAG(s) dict_keys(['latest_only_with_trigger']) retrieved from /home/marcos/anaconda3/envs/XPe-IGTI/lib/python3.8/site-packages/airflow/example_dags/example_latest_only_with_trigger.py
[2023-11-28T19:05:15.879-0300] {logging_mixin.py:154} INFO - [2023-11-28T19:05:15.878-0300] {dag.py:2941} INFO - Sync 1 DAGs
[2023-11-28T19:05:15.911-0300] {logging_mixin.py:154} INFO - [2023-11-28T19:05:15.910-0300] {dag.py:3722} INFO - Setting next_dagrun for latest_only_with_trigger to 2023-11-28T18:05:15.910521+00:00, run_after=2023-11-28T22:05:15.910521+00:00
[2023-11-28T19:05:15.945-0300] {processor.py:179} INFO - Processing /home/marcos/anaconda3/envs/XPe-IGTI/lib/python3.8/site-packages/airflow/example_dags/example_latest_only_with_trigger.py took 0.109 seconds
[2023-11-28T19:06:12.656-0300] {processor.py:157} INFO - Started process (PID=146548) to work on /home/marcos/anaconda3/envs/XPe-IGTI/lib/python3.8/site-packages/airflow/example_dags/example_latest_only_with_trigger.py
[2023-11-28T19:06:12.661-0300] {processor.py:829} INFO - Processing file /home/marcos/anaconda3/envs/XPe-IGTI/lib/python3.8/site-packages/airflow/example_dags/example_latest_only_with_trigger.py for tasks to queue
[2023-11-28T19:06:12.665-0300] {logging_mixin.py:154} INFO - [2023-11-28T19:06:12.664-0300] {dagbag.py:536} INFO - Filling up the DagBag from /home/marcos/anaconda3/envs/XPe-IGTI/lib/python3.8/site-packages/airflow/example_dags/example_latest_only_with_trigger.py
[2023-11-28T19:06:12.675-0300] {processor.py:839} INFO - DAG(s) dict_keys(['latest_only_with_trigger']) retrieved from /home/marcos/anaconda3/envs/XPe-IGTI/lib/python3.8/site-packages/airflow/example_dags/example_latest_only_with_trigger.py
[2023-11-28T19:06:12.704-0300] {logging_mixin.py:154} INFO - [2023-11-28T19:06:12.703-0300] {dag.py:2941} INFO - Sync 1 DAGs
[2023-11-28T19:06:12.740-0300] {logging_mixin.py:154} INFO - [2023-11-28T19:06:12.739-0300] {dag.py:3722} INFO - Setting next_dagrun for latest_only_with_trigger to 2023-11-28T18:06:12.739460+00:00, run_after=2023-11-28T22:06:12.739460+00:00
[2023-11-28T19:06:12.770-0300] {processor.py:179} INFO - Processing /home/marcos/anaconda3/envs/XPe-IGTI/lib/python3.8/site-packages/airflow/example_dags/example_latest_only_with_trigger.py took 0.120 seconds
[2023-11-28T19:07:17.224-0300] {processor.py:157} INFO - Started process (PID=146642) to work on /home/marcos/anaconda3/envs/XPe-IGTI/lib/python3.8/site-packages/airflow/example_dags/example_latest_only_with_trigger.py
[2023-11-28T19:07:17.229-0300] {processor.py:829} INFO - Processing file /home/marcos/anaconda3/envs/XPe-IGTI/lib/python3.8/site-packages/airflow/example_dags/example_latest_only_with_trigger.py for tasks to queue
[2023-11-28T19:07:17.232-0300] {logging_mixin.py:154} INFO - [2023-11-28T19:07:17.232-0300] {dagbag.py:536} INFO - Filling up the DagBag from /home/marcos/anaconda3/envs/XPe-IGTI/lib/python3.8/site-packages/airflow/example_dags/example_latest_only_with_trigger.py
[2023-11-28T19:07:17.241-0300] {processor.py:839} INFO - DAG(s) dict_keys(['latest_only_with_trigger']) retrieved from /home/marcos/anaconda3/envs/XPe-IGTI/lib/python3.8/site-packages/airflow/example_dags/example_latest_only_with_trigger.py
[2023-11-28T19:07:17.260-0300] {logging_mixin.py:154} INFO - [2023-11-28T19:07:17.259-0300] {dag.py:2941} INFO - Sync 1 DAGs
[2023-11-28T19:07:17.277-0300] {logging_mixin.py:154} INFO - [2023-11-28T19:07:17.276-0300] {dag.py:3722} INFO - Setting next_dagrun for latest_only_with_trigger to 2023-11-28T18:07:17.276750+00:00, run_after=2023-11-28T22:07:17.276750+00:00
[2023-11-28T19:07:17.306-0300] {processor.py:179} INFO - Processing /home/marcos/anaconda3/envs/XPe-IGTI/lib/python3.8/site-packages/airflow/example_dags/example_latest_only_with_trigger.py took 0.087 seconds
[2023-11-28T19:08:25.052-0300] {processor.py:157} INFO - Started process (PID=146728) to work on /home/marcos/anaconda3/envs/XPe-IGTI/lib/python3.8/site-packages/airflow/example_dags/example_latest_only_with_trigger.py
[2023-11-28T19:08:25.054-0300] {processor.py:829} INFO - Processing file /home/marcos/anaconda3/envs/XPe-IGTI/lib/python3.8/site-packages/airflow/example_dags/example_latest_only_with_trigger.py for tasks to queue
[2023-11-28T19:08:25.057-0300] {logging_mixin.py:154} INFO - [2023-11-28T19:08:25.057-0300] {dagbag.py:536} INFO - Filling up the DagBag from /home/marcos/anaconda3/envs/XPe-IGTI/lib/python3.8/site-packages/airflow/example_dags/example_latest_only_with_trigger.py
[2023-11-28T19:08:25.067-0300] {processor.py:839} INFO - DAG(s) dict_keys(['latest_only_with_trigger']) retrieved from /home/marcos/anaconda3/envs/XPe-IGTI/lib/python3.8/site-packages/airflow/example_dags/example_latest_only_with_trigger.py
[2023-11-28T19:08:25.092-0300] {logging_mixin.py:154} INFO - [2023-11-28T19:08:25.091-0300] {dag.py:2941} INFO - Sync 1 DAGs
[2023-11-28T19:08:25.122-0300] {logging_mixin.py:154} INFO - [2023-11-28T19:08:25.121-0300] {dag.py:3722} INFO - Setting next_dagrun for latest_only_with_trigger to 2023-11-28T18:08:25.121489+00:00, run_after=2023-11-28T22:08:25.121489+00:00
[2023-11-28T19:08:25.156-0300] {processor.py:179} INFO - Processing /home/marcos/anaconda3/envs/XPe-IGTI/lib/python3.8/site-packages/airflow/example_dags/example_latest_only_with_trigger.py took 0.108 seconds
[2023-11-28T19:09:53.522-0300] {processor.py:157} INFO - Started process (PID=146943) to work on /home/marcos/anaconda3/envs/XPe-IGTI/lib/python3.8/site-packages/airflow/example_dags/example_latest_only_with_trigger.py
[2023-11-28T19:09:53.526-0300] {processor.py:829} INFO - Processing file /home/marcos/anaconda3/envs/XPe-IGTI/lib/python3.8/site-packages/airflow/example_dags/example_latest_only_with_trigger.py for tasks to queue
[2023-11-28T19:09:53.529-0300] {logging_mixin.py:154} INFO - [2023-11-28T19:09:53.529-0300] {dagbag.py:536} INFO - Filling up the DagBag from /home/marcos/anaconda3/envs/XPe-IGTI/lib/python3.8/site-packages/airflow/example_dags/example_latest_only_with_trigger.py
[2023-11-28T19:09:53.538-0300] {processor.py:839} INFO - DAG(s) dict_keys(['latest_only_with_trigger']) retrieved from /home/marcos/anaconda3/envs/XPe-IGTI/lib/python3.8/site-packages/airflow/example_dags/example_latest_only_with_trigger.py
[2023-11-28T19:09:53.560-0300] {logging_mixin.py:154} INFO - [2023-11-28T19:09:53.560-0300] {dag.py:2941} INFO - Sync 1 DAGs
[2023-11-28T19:09:53.589-0300] {logging_mixin.py:154} INFO - [2023-11-28T19:09:53.589-0300] {dag.py:3722} INFO - Setting next_dagrun for latest_only_with_trigger to 2023-11-28T18:09:53.588848+00:00, run_after=2023-11-28T22:09:53.588848+00:00
[2023-11-28T19:09:53.618-0300] {processor.py:179} INFO - Processing /home/marcos/anaconda3/envs/XPe-IGTI/lib/python3.8/site-packages/airflow/example_dags/example_latest_only_with_trigger.py took 0.100 seconds
[2023-11-28T19:10:55.193-0300] {processor.py:157} INFO - Started process (PID=147100) to work on /home/marcos/anaconda3/envs/XPe-IGTI/lib/python3.8/site-packages/airflow/example_dags/example_latest_only_with_trigger.py
[2023-11-28T19:10:55.197-0300] {processor.py:829} INFO - Processing file /home/marcos/anaconda3/envs/XPe-IGTI/lib/python3.8/site-packages/airflow/example_dags/example_latest_only_with_trigger.py for tasks to queue
[2023-11-28T19:10:55.202-0300] {logging_mixin.py:154} INFO - [2023-11-28T19:10:55.201-0300] {dagbag.py:536} INFO - Filling up the DagBag from /home/marcos/anaconda3/envs/XPe-IGTI/lib/python3.8/site-packages/airflow/example_dags/example_latest_only_with_trigger.py
[2023-11-28T19:10:55.208-0300] {processor.py:839} INFO - DAG(s) dict_keys(['latest_only_with_trigger']) retrieved from /home/marcos/anaconda3/envs/XPe-IGTI/lib/python3.8/site-packages/airflow/example_dags/example_latest_only_with_trigger.py
[2023-11-28T19:10:55.226-0300] {logging_mixin.py:154} INFO - [2023-11-28T19:10:55.225-0300] {dag.py:2941} INFO - Sync 1 DAGs
[2023-11-28T19:10:55.248-0300] {logging_mixin.py:154} INFO - [2023-11-28T19:10:55.248-0300] {dag.py:3722} INFO - Setting next_dagrun for latest_only_with_trigger to 2023-11-28T18:10:55.248040+00:00, run_after=2023-11-28T22:10:55.248040+00:00
[2023-11-28T19:10:55.269-0300] {processor.py:179} INFO - Processing /home/marcos/anaconda3/envs/XPe-IGTI/lib/python3.8/site-packages/airflow/example_dags/example_latest_only_with_trigger.py took 0.079 seconds
[2023-11-28T19:12:03.550-0300] {processor.py:157} INFO - Started process (PID=147302) to work on /home/marcos/anaconda3/envs/XPe-IGTI/lib/python3.8/site-packages/airflow/example_dags/example_latest_only_with_trigger.py
[2023-11-28T19:12:03.554-0300] {processor.py:829} INFO - Processing file /home/marcos/anaconda3/envs/XPe-IGTI/lib/python3.8/site-packages/airflow/example_dags/example_latest_only_with_trigger.py for tasks to queue
[2023-11-28T19:12:03.560-0300] {logging_mixin.py:154} INFO - [2023-11-28T19:12:03.559-0300] {dagbag.py:536} INFO - Filling up the DagBag from /home/marcos/anaconda3/envs/XPe-IGTI/lib/python3.8/site-packages/airflow/example_dags/example_latest_only_with_trigger.py
[2023-11-28T19:12:03.571-0300] {processor.py:839} INFO - DAG(s) dict_keys(['latest_only_with_trigger']) retrieved from /home/marcos/anaconda3/envs/XPe-IGTI/lib/python3.8/site-packages/airflow/example_dags/example_latest_only_with_trigger.py
[2023-11-28T19:12:03.608-0300] {logging_mixin.py:154} INFO - [2023-11-28T19:12:03.607-0300] {dag.py:2941} INFO - Sync 1 DAGs
[2023-11-28T19:12:03.656-0300] {logging_mixin.py:154} INFO - [2023-11-28T19:12:03.656-0300] {dag.py:3722} INFO - Setting next_dagrun for latest_only_with_trigger to 2023-11-28T18:12:03.655499+00:00, run_after=2023-11-28T22:12:03.655499+00:00
[2023-11-28T19:12:03.703-0300] {processor.py:179} INFO - Processing /home/marcos/anaconda3/envs/XPe-IGTI/lib/python3.8/site-packages/airflow/example_dags/example_latest_only_with_trigger.py took 0.160 seconds
[2023-11-28T19:12:58.588-0300] {processor.py:157} INFO - Started process (PID=147390) to work on /home/marcos/anaconda3/envs/XPe-IGTI/lib/python3.8/site-packages/airflow/example_dags/example_latest_only_with_trigger.py
[2023-11-28T19:12:58.594-0300] {processor.py:829} INFO - Processing file /home/marcos/anaconda3/envs/XPe-IGTI/lib/python3.8/site-packages/airflow/example_dags/example_latest_only_with_trigger.py for tasks to queue
[2023-11-28T19:12:58.603-0300] {logging_mixin.py:154} INFO - [2023-11-28T19:12:58.601-0300] {dagbag.py:536} INFO - Filling up the DagBag from /home/marcos/anaconda3/envs/XPe-IGTI/lib/python3.8/site-packages/airflow/example_dags/example_latest_only_with_trigger.py
[2023-11-28T19:12:58.631-0300] {processor.py:839} INFO - DAG(s) dict_keys(['latest_only_with_trigger']) retrieved from /home/marcos/anaconda3/envs/XPe-IGTI/lib/python3.8/site-packages/airflow/example_dags/example_latest_only_with_trigger.py
[2023-11-28T19:12:58.675-0300] {logging_mixin.py:154} INFO - [2023-11-28T19:12:58.674-0300] {dag.py:2941} INFO - Sync 1 DAGs
[2023-11-28T19:12:58.712-0300] {logging_mixin.py:154} INFO - [2023-11-28T19:12:58.712-0300] {dag.py:3722} INFO - Setting next_dagrun for latest_only_with_trigger to 2023-11-28T18:12:58.712239+00:00, run_after=2023-11-28T22:12:58.712239+00:00
[2023-11-28T19:12:58.748-0300] {processor.py:179} INFO - Processing /home/marcos/anaconda3/envs/XPe-IGTI/lib/python3.8/site-packages/airflow/example_dags/example_latest_only_with_trigger.py took 0.174 seconds
[2023-11-28T19:14:13.934-0300] {processor.py:157} INFO - Started process (PID=147547) to work on /home/marcos/anaconda3/envs/XPe-IGTI/lib/python3.8/site-packages/airflow/example_dags/example_latest_only_with_trigger.py
[2023-11-28T19:14:13.935-0300] {processor.py:829} INFO - Processing file /home/marcos/anaconda3/envs/XPe-IGTI/lib/python3.8/site-packages/airflow/example_dags/example_latest_only_with_trigger.py for tasks to queue
[2023-11-28T19:14:13.940-0300] {logging_mixin.py:154} INFO - [2023-11-28T19:14:13.939-0300] {dagbag.py:536} INFO - Filling up the DagBag from /home/marcos/anaconda3/envs/XPe-IGTI/lib/python3.8/site-packages/airflow/example_dags/example_latest_only_with_trigger.py
[2023-11-28T19:14:13.951-0300] {processor.py:839} INFO - DAG(s) dict_keys(['latest_only_with_trigger']) retrieved from /home/marcos/anaconda3/envs/XPe-IGTI/lib/python3.8/site-packages/airflow/example_dags/example_latest_only_with_trigger.py
[2023-11-28T19:14:13.979-0300] {logging_mixin.py:154} INFO - [2023-11-28T19:14:13.978-0300] {dag.py:2941} INFO - Sync 1 DAGs
[2023-11-28T19:14:14.011-0300] {logging_mixin.py:154} INFO - [2023-11-28T19:14:14.011-0300] {dag.py:3722} INFO - Setting next_dagrun for latest_only_with_trigger to 2023-11-28T18:14:14.010811+00:00, run_after=2023-11-28T22:14:14.010811+00:00
[2023-11-28T19:14:14.047-0300] {processor.py:179} INFO - Processing /home/marcos/anaconda3/envs/XPe-IGTI/lib/python3.8/site-packages/airflow/example_dags/example_latest_only_with_trigger.py took 0.117 seconds
[2023-11-28T19:15:26.042-0300] {processor.py:157} INFO - Started process (PID=147619) to work on /home/marcos/anaconda3/envs/XPe-IGTI/lib/python3.8/site-packages/airflow/example_dags/example_latest_only_with_trigger.py
[2023-11-28T19:15:26.047-0300] {processor.py:829} INFO - Processing file /home/marcos/anaconda3/envs/XPe-IGTI/lib/python3.8/site-packages/airflow/example_dags/example_latest_only_with_trigger.py for tasks to queue
[2023-11-28T19:15:26.052-0300] {logging_mixin.py:154} INFO - [2023-11-28T19:15:26.051-0300] {dagbag.py:536} INFO - Filling up the DagBag from /home/marcos/anaconda3/envs/XPe-IGTI/lib/python3.8/site-packages/airflow/example_dags/example_latest_only_with_trigger.py
[2023-11-28T19:15:26.062-0300] {processor.py:839} INFO - DAG(s) dict_keys(['latest_only_with_trigger']) retrieved from /home/marcos/anaconda3/envs/XPe-IGTI/lib/python3.8/site-packages/airflow/example_dags/example_latest_only_with_trigger.py
[2023-11-28T19:15:26.093-0300] {logging_mixin.py:154} INFO - [2023-11-28T19:15:26.093-0300] {dag.py:2941} INFO - Sync 1 DAGs
[2023-11-28T19:15:26.139-0300] {logging_mixin.py:154} INFO - [2023-11-28T19:15:26.139-0300] {dag.py:3722} INFO - Setting next_dagrun for latest_only_with_trigger to 2023-11-28T18:15:26.138788+00:00, run_after=2023-11-28T22:15:26.138788+00:00
[2023-11-28T19:15:26.184-0300] {processor.py:179} INFO - Processing /home/marcos/anaconda3/envs/XPe-IGTI/lib/python3.8/site-packages/airflow/example_dags/example_latest_only_with_trigger.py took 0.147 seconds
[2023-11-28T19:16:16.271-0300] {processor.py:157} INFO - Started process (PID=147675) to work on /home/marcos/anaconda3/envs/XPe-IGTI/lib/python3.8/site-packages/airflow/example_dags/example_latest_only_with_trigger.py
[2023-11-28T19:16:16.276-0300] {processor.py:829} INFO - Processing file /home/marcos/anaconda3/envs/XPe-IGTI/lib/python3.8/site-packages/airflow/example_dags/example_latest_only_with_trigger.py for tasks to queue
[2023-11-28T19:16:16.280-0300] {logging_mixin.py:154} INFO - [2023-11-28T19:16:16.280-0300] {dagbag.py:536} INFO - Filling up the DagBag from /home/marcos/anaconda3/envs/XPe-IGTI/lib/python3.8/site-packages/airflow/example_dags/example_latest_only_with_trigger.py
[2023-11-28T19:16:16.292-0300] {processor.py:839} INFO - DAG(s) dict_keys(['latest_only_with_trigger']) retrieved from /home/marcos/anaconda3/envs/XPe-IGTI/lib/python3.8/site-packages/airflow/example_dags/example_latest_only_with_trigger.py
[2023-11-28T19:16:16.320-0300] {logging_mixin.py:154} INFO - [2023-11-28T19:16:16.319-0300] {dag.py:2941} INFO - Sync 1 DAGs
[2023-11-28T19:16:16.352-0300] {logging_mixin.py:154} INFO - [2023-11-28T19:16:16.352-0300] {dag.py:3722} INFO - Setting next_dagrun for latest_only_with_trigger to 2023-11-28T18:16:16.351881+00:00, run_after=2023-11-28T22:16:16.351881+00:00
[2023-11-28T19:16:16.386-0300] {processor.py:179} INFO - Processing /home/marcos/anaconda3/envs/XPe-IGTI/lib/python3.8/site-packages/airflow/example_dags/example_latest_only_with_trigger.py took 0.119 seconds
[2023-11-28T19:17:20.462-0300] {processor.py:157} INFO - Started process (PID=147773) to work on /home/marcos/anaconda3/envs/XPe-IGTI/lib/python3.8/site-packages/airflow/example_dags/example_latest_only_with_trigger.py
[2023-11-28T19:17:20.467-0300] {processor.py:829} INFO - Processing file /home/marcos/anaconda3/envs/XPe-IGTI/lib/python3.8/site-packages/airflow/example_dags/example_latest_only_with_trigger.py for tasks to queue
[2023-11-28T19:17:20.470-0300] {logging_mixin.py:154} INFO - [2023-11-28T19:17:20.470-0300] {dagbag.py:536} INFO - Filling up the DagBag from /home/marcos/anaconda3/envs/XPe-IGTI/lib/python3.8/site-packages/airflow/example_dags/example_latest_only_with_trigger.py
[2023-11-28T19:17:20.479-0300] {processor.py:839} INFO - DAG(s) dict_keys(['latest_only_with_trigger']) retrieved from /home/marcos/anaconda3/envs/XPe-IGTI/lib/python3.8/site-packages/airflow/example_dags/example_latest_only_with_trigger.py
[2023-11-28T19:17:20.505-0300] {logging_mixin.py:154} INFO - [2023-11-28T19:17:20.504-0300] {dag.py:2941} INFO - Sync 1 DAGs
[2023-11-28T19:17:20.537-0300] {logging_mixin.py:154} INFO - [2023-11-28T19:17:20.537-0300] {dag.py:3722} INFO - Setting next_dagrun for latest_only_with_trigger to 2023-11-28T18:17:20.537335+00:00, run_after=2023-11-28T22:17:20.537335+00:00
[2023-11-28T19:17:20.569-0300] {processor.py:179} INFO - Processing /home/marcos/anaconda3/envs/XPe-IGTI/lib/python3.8/site-packages/airflow/example_dags/example_latest_only_with_trigger.py took 0.112 seconds
[2023-11-28T19:18:30.007-0300] {processor.py:157} INFO - Started process (PID=147854) to work on /home/marcos/anaconda3/envs/XPe-IGTI/lib/python3.8/site-packages/airflow/example_dags/example_latest_only_with_trigger.py
[2023-11-28T19:18:30.011-0300] {processor.py:829} INFO - Processing file /home/marcos/anaconda3/envs/XPe-IGTI/lib/python3.8/site-packages/airflow/example_dags/example_latest_only_with_trigger.py for tasks to queue
[2023-11-28T19:18:30.015-0300] {logging_mixin.py:154} INFO - [2023-11-28T19:18:30.014-0300] {dagbag.py:536} INFO - Filling up the DagBag from /home/marcos/anaconda3/envs/XPe-IGTI/lib/python3.8/site-packages/airflow/example_dags/example_latest_only_with_trigger.py
[2023-11-28T19:18:30.024-0300] {processor.py:839} INFO - DAG(s) dict_keys(['latest_only_with_trigger']) retrieved from /home/marcos/anaconda3/envs/XPe-IGTI/lib/python3.8/site-packages/airflow/example_dags/example_latest_only_with_trigger.py
[2023-11-28T19:18:30.047-0300] {logging_mixin.py:154} INFO - [2023-11-28T19:18:30.046-0300] {dag.py:2941} INFO - Sync 1 DAGs
[2023-11-28T19:18:30.077-0300] {logging_mixin.py:154} INFO - [2023-11-28T19:18:30.076-0300] {dag.py:3722} INFO - Setting next_dagrun for latest_only_with_trigger to 2023-11-28T18:18:30.076427+00:00, run_after=2023-11-28T22:18:30.076427+00:00
[2023-11-28T19:18:30.108-0300] {processor.py:179} INFO - Processing /home/marcos/anaconda3/envs/XPe-IGTI/lib/python3.8/site-packages/airflow/example_dags/example_latest_only_with_trigger.py took 0.106 seconds
[2023-11-28T19:20:50.117-0300] {processor.py:157} INFO - Started process (PID=148381) to work on /home/marcos/anaconda3/envs/XPe-IGTI/lib/python3.8/site-packages/airflow/example_dags/example_latest_only_with_trigger.py
[2023-11-28T19:20:50.119-0300] {processor.py:829} INFO - Processing file /home/marcos/anaconda3/envs/XPe-IGTI/lib/python3.8/site-packages/airflow/example_dags/example_latest_only_with_trigger.py for tasks to queue
[2023-11-28T19:20:50.124-0300] {logging_mixin.py:154} INFO - [2023-11-28T19:20:50.123-0300] {dagbag.py:536} INFO - Filling up the DagBag from /home/marcos/anaconda3/envs/XPe-IGTI/lib/python3.8/site-packages/airflow/example_dags/example_latest_only_with_trigger.py
[2023-11-28T19:20:50.137-0300] {processor.py:839} INFO - DAG(s) dict_keys(['latest_only_with_trigger']) retrieved from /home/marcos/anaconda3/envs/XPe-IGTI/lib/python3.8/site-packages/airflow/example_dags/example_latest_only_with_trigger.py
[2023-11-28T19:20:50.162-0300] {logging_mixin.py:154} INFO - [2023-11-28T19:20:50.161-0300] {dag.py:2941} INFO - Sync 1 DAGs
[2023-11-28T19:20:50.198-0300] {logging_mixin.py:154} INFO - [2023-11-28T19:20:50.198-0300] {dag.py:3722} INFO - Setting next_dagrun for latest_only_with_trigger to 2023-11-28T18:20:50.197855+00:00, run_after=2023-11-28T22:20:50.197855+00:00
[2023-11-28T19:20:50.228-0300] {processor.py:179} INFO - Processing /home/marcos/anaconda3/envs/XPe-IGTI/lib/python3.8/site-packages/airflow/example_dags/example_latest_only_with_trigger.py took 0.117 seconds
[2023-11-28T19:22:07.264-0300] {processor.py:157} INFO - Started process (PID=148732) to work on /home/marcos/anaconda3/envs/XPe-IGTI/lib/python3.8/site-packages/airflow/example_dags/example_latest_only_with_trigger.py
[2023-11-28T19:22:07.269-0300] {processor.py:829} INFO - Processing file /home/marcos/anaconda3/envs/XPe-IGTI/lib/python3.8/site-packages/airflow/example_dags/example_latest_only_with_trigger.py for tasks to queue
[2023-11-28T19:22:07.273-0300] {logging_mixin.py:154} INFO - [2023-11-28T19:22:07.272-0300] {dagbag.py:536} INFO - Filling up the DagBag from /home/marcos/anaconda3/envs/XPe-IGTI/lib/python3.8/site-packages/airflow/example_dags/example_latest_only_with_trigger.py
[2023-11-28T19:22:07.286-0300] {processor.py:839} INFO - DAG(s) dict_keys(['latest_only_with_trigger']) retrieved from /home/marcos/anaconda3/envs/XPe-IGTI/lib/python3.8/site-packages/airflow/example_dags/example_latest_only_with_trigger.py
[2023-11-28T19:22:07.320-0300] {logging_mixin.py:154} INFO - [2023-11-28T19:22:07.319-0300] {dag.py:2941} INFO - Sync 1 DAGs
[2023-11-28T19:22:07.367-0300] {logging_mixin.py:154} INFO - [2023-11-28T19:22:07.366-0300] {dag.py:3722} INFO - Setting next_dagrun for latest_only_with_trigger to 2023-11-28T18:22:07.366228+00:00, run_after=2023-11-28T22:22:07.366228+00:00
[2023-11-28T19:22:07.404-0300] {processor.py:179} INFO - Processing /home/marcos/anaconda3/envs/XPe-IGTI/lib/python3.8/site-packages/airflow/example_dags/example_latest_only_with_trigger.py took 0.145 seconds
[2023-11-28T19:23:17.646-0300] {processor.py:157} INFO - Started process (PID=148921) to work on /home/marcos/anaconda3/envs/XPe-IGTI/lib/python3.8/site-packages/airflow/example_dags/example_latest_only_with_trigger.py
[2023-11-28T19:23:17.650-0300] {processor.py:829} INFO - Processing file /home/marcos/anaconda3/envs/XPe-IGTI/lib/python3.8/site-packages/airflow/example_dags/example_latest_only_with_trigger.py for tasks to queue
[2023-11-28T19:23:17.655-0300] {logging_mixin.py:154} INFO - [2023-11-28T19:23:17.654-0300] {dagbag.py:536} INFO - Filling up the DagBag from /home/marcos/anaconda3/envs/XPe-IGTI/lib/python3.8/site-packages/airflow/example_dags/example_latest_only_with_trigger.py
[2023-11-28T19:23:17.664-0300] {processor.py:839} INFO - DAG(s) dict_keys(['latest_only_with_trigger']) retrieved from /home/marcos/anaconda3/envs/XPe-IGTI/lib/python3.8/site-packages/airflow/example_dags/example_latest_only_with_trigger.py
[2023-11-28T19:23:17.692-0300] {logging_mixin.py:154} INFO - [2023-11-28T19:23:17.691-0300] {dag.py:2941} INFO - Sync 1 DAGs
[2023-11-28T19:23:17.729-0300] {logging_mixin.py:154} INFO - [2023-11-28T19:23:17.729-0300] {dag.py:3722} INFO - Setting next_dagrun for latest_only_with_trigger to 2023-11-28T18:23:17.728729+00:00, run_after=2023-11-28T22:23:17.728729+00:00
[2023-11-28T19:23:17.769-0300] {processor.py:179} INFO - Processing /home/marcos/anaconda3/envs/XPe-IGTI/lib/python3.8/site-packages/airflow/example_dags/example_latest_only_with_trigger.py took 0.127 seconds
[2023-11-28T19:24:25.944-0300] {processor.py:157} INFO - Started process (PID=148993) to work on /home/marcos/anaconda3/envs/XPe-IGTI/lib/python3.8/site-packages/airflow/example_dags/example_latest_only_with_trigger.py
[2023-11-28T19:24:25.949-0300] {processor.py:829} INFO - Processing file /home/marcos/anaconda3/envs/XPe-IGTI/lib/python3.8/site-packages/airflow/example_dags/example_latest_only_with_trigger.py for tasks to queue
[2023-11-28T19:24:25.952-0300] {logging_mixin.py:154} INFO - [2023-11-28T19:24:25.952-0300] {dagbag.py:536} INFO - Filling up the DagBag from /home/marcos/anaconda3/envs/XPe-IGTI/lib/python3.8/site-packages/airflow/example_dags/example_latest_only_with_trigger.py
[2023-11-28T19:24:25.961-0300] {processor.py:839} INFO - DAG(s) dict_keys(['latest_only_with_trigger']) retrieved from /home/marcos/anaconda3/envs/XPe-IGTI/lib/python3.8/site-packages/airflow/example_dags/example_latest_only_with_trigger.py
[2023-11-28T19:24:25.986-0300] {logging_mixin.py:154} INFO - [2023-11-28T19:24:25.985-0300] {dag.py:2941} INFO - Sync 1 DAGs
[2023-11-28T19:24:26.020-0300] {logging_mixin.py:154} INFO - [2023-11-28T19:24:26.019-0300] {dag.py:3722} INFO - Setting next_dagrun for latest_only_with_trigger to 2023-11-28T18:24:26.019529+00:00, run_after=2023-11-28T22:24:26.019529+00:00
[2023-11-28T19:24:26.050-0300] {processor.py:179} INFO - Processing /home/marcos/anaconda3/envs/XPe-IGTI/lib/python3.8/site-packages/airflow/example_dags/example_latest_only_with_trigger.py took 0.111 seconds
[2023-11-28T19:25:38.478-0300] {processor.py:157} INFO - Started process (PID=149065) to work on /home/marcos/anaconda3/envs/XPe-IGTI/lib/python3.8/site-packages/airflow/example_dags/example_latest_only_with_trigger.py
[2023-11-28T19:25:38.483-0300] {processor.py:829} INFO - Processing file /home/marcos/anaconda3/envs/XPe-IGTI/lib/python3.8/site-packages/airflow/example_dags/example_latest_only_with_trigger.py for tasks to queue
[2023-11-28T19:25:38.486-0300] {logging_mixin.py:154} INFO - [2023-11-28T19:25:38.485-0300] {dagbag.py:536} INFO - Filling up the DagBag from /home/marcos/anaconda3/envs/XPe-IGTI/lib/python3.8/site-packages/airflow/example_dags/example_latest_only_with_trigger.py
[2023-11-28T19:25:38.494-0300] {processor.py:839} INFO - DAG(s) dict_keys(['latest_only_with_trigger']) retrieved from /home/marcos/anaconda3/envs/XPe-IGTI/lib/python3.8/site-packages/airflow/example_dags/example_latest_only_with_trigger.py
[2023-11-28T19:25:38.520-0300] {logging_mixin.py:154} INFO - [2023-11-28T19:25:38.519-0300] {dag.py:2941} INFO - Sync 1 DAGs
[2023-11-28T19:25:38.551-0300] {logging_mixin.py:154} INFO - [2023-11-28T19:25:38.550-0300] {dag.py:3722} INFO - Setting next_dagrun for latest_only_with_trigger to 2023-11-28T18:25:38.550439+00:00, run_after=2023-11-28T22:25:38.550439+00:00
[2023-11-28T19:25:38.581-0300] {processor.py:179} INFO - Processing /home/marcos/anaconda3/envs/XPe-IGTI/lib/python3.8/site-packages/airflow/example_dags/example_latest_only_with_trigger.py took 0.107 seconds
[2023-11-28T19:26:31.125-0300] {processor.py:157} INFO - Started process (PID=149121) to work on /home/marcos/anaconda3/envs/XPe-IGTI/lib/python3.8/site-packages/airflow/example_dags/example_latest_only_with_trigger.py
[2023-11-28T19:26:31.129-0300] {processor.py:829} INFO - Processing file /home/marcos/anaconda3/envs/XPe-IGTI/lib/python3.8/site-packages/airflow/example_dags/example_latest_only_with_trigger.py for tasks to queue
[2023-11-28T19:26:31.137-0300] {logging_mixin.py:154} INFO - [2023-11-28T19:26:31.136-0300] {dagbag.py:536} INFO - Filling up the DagBag from /home/marcos/anaconda3/envs/XPe-IGTI/lib/python3.8/site-packages/airflow/example_dags/example_latest_only_with_trigger.py
[2023-11-28T19:26:31.153-0300] {processor.py:839} INFO - DAG(s) dict_keys(['latest_only_with_trigger']) retrieved from /home/marcos/anaconda3/envs/XPe-IGTI/lib/python3.8/site-packages/airflow/example_dags/example_latest_only_with_trigger.py
[2023-11-28T19:26:31.179-0300] {logging_mixin.py:154} INFO - [2023-11-28T19:26:31.178-0300] {dag.py:2941} INFO - Sync 1 DAGs
[2023-11-28T19:26:31.209-0300] {logging_mixin.py:154} INFO - [2023-11-28T19:26:31.208-0300] {dag.py:3722} INFO - Setting next_dagrun for latest_only_with_trigger to 2023-11-28T18:26:31.208344+00:00, run_after=2023-11-28T22:26:31.208344+00:00
[2023-11-28T19:26:31.237-0300] {processor.py:179} INFO - Processing /home/marcos/anaconda3/envs/XPe-IGTI/lib/python3.8/site-packages/airflow/example_dags/example_latest_only_with_trigger.py took 0.117 seconds
[2023-11-28T19:27:37.236-0300] {processor.py:157} INFO - Started process (PID=149221) to work on /home/marcos/anaconda3/envs/XPe-IGTI/lib/python3.8/site-packages/airflow/example_dags/example_latest_only_with_trigger.py
[2023-11-28T19:27:37.240-0300] {processor.py:829} INFO - Processing file /home/marcos/anaconda3/envs/XPe-IGTI/lib/python3.8/site-packages/airflow/example_dags/example_latest_only_with_trigger.py for tasks to queue
[2023-11-28T19:27:37.243-0300] {logging_mixin.py:154} INFO - [2023-11-28T19:27:37.243-0300] {dagbag.py:536} INFO - Filling up the DagBag from /home/marcos/anaconda3/envs/XPe-IGTI/lib/python3.8/site-packages/airflow/example_dags/example_latest_only_with_trigger.py
[2023-11-28T19:27:37.250-0300] {processor.py:839} INFO - DAG(s) dict_keys(['latest_only_with_trigger']) retrieved from /home/marcos/anaconda3/envs/XPe-IGTI/lib/python3.8/site-packages/airflow/example_dags/example_latest_only_with_trigger.py
[2023-11-28T19:27:37.267-0300] {logging_mixin.py:154} INFO - [2023-11-28T19:27:37.267-0300] {dag.py:2941} INFO - Sync 1 DAGs
[2023-11-28T19:27:37.288-0300] {logging_mixin.py:154} INFO - [2023-11-28T19:27:37.288-0300] {dag.py:3722} INFO - Setting next_dagrun for latest_only_with_trigger to 2023-11-28T18:27:37.288261+00:00, run_after=2023-11-28T22:27:37.288261+00:00
[2023-11-28T19:27:37.308-0300] {processor.py:179} INFO - Processing /home/marcos/anaconda3/envs/XPe-IGTI/lib/python3.8/site-packages/airflow/example_dags/example_latest_only_with_trigger.py took 0.075 seconds
[2023-11-28T19:28:33.612-0300] {processor.py:157} INFO - Started process (PID=149322) to work on /home/marcos/anaconda3/envs/XPe-IGTI/lib/python3.8/site-packages/airflow/example_dags/example_latest_only_with_trigger.py
[2023-11-28T19:28:33.617-0300] {processor.py:829} INFO - Processing file /home/marcos/anaconda3/envs/XPe-IGTI/lib/python3.8/site-packages/airflow/example_dags/example_latest_only_with_trigger.py for tasks to queue
[2023-11-28T19:28:33.619-0300] {logging_mixin.py:154} INFO - [2023-11-28T19:28:33.619-0300] {dagbag.py:536} INFO - Filling up the DagBag from /home/marcos/anaconda3/envs/XPe-IGTI/lib/python3.8/site-packages/airflow/example_dags/example_latest_only_with_trigger.py
[2023-11-28T19:28:33.626-0300] {processor.py:839} INFO - DAG(s) dict_keys(['latest_only_with_trigger']) retrieved from /home/marcos/anaconda3/envs/XPe-IGTI/lib/python3.8/site-packages/airflow/example_dags/example_latest_only_with_trigger.py
[2023-11-28T19:28:33.643-0300] {logging_mixin.py:154} INFO - [2023-11-28T19:28:33.643-0300] {dag.py:2941} INFO - Sync 1 DAGs
[2023-11-28T19:28:33.664-0300] {logging_mixin.py:154} INFO - [2023-11-28T19:28:33.664-0300] {dag.py:3722} INFO - Setting next_dagrun for latest_only_with_trigger to 2023-11-28T18:28:33.664514+00:00, run_after=2023-11-28T22:28:33.664514+00:00
[2023-11-28T19:28:33.685-0300] {processor.py:179} INFO - Processing /home/marcos/anaconda3/envs/XPe-IGTI/lib/python3.8/site-packages/airflow/example_dags/example_latest_only_with_trigger.py took 0.076 seconds
