[2023-11-27T21:00:45.009-0300] {processor.py:157} INFO - Started process (PID=51762) to work on /home/marcos/anaconda3/envs/XPe-IGTI/lib/python3.8/site-packages/airflow/example_dags/example_bash_operator.py
[2023-11-27T21:00:45.010-0300] {processor.py:829} INFO - Processing file /home/marcos/anaconda3/envs/XPe-IGTI/lib/python3.8/site-packages/airflow/example_dags/example_bash_operator.py for tasks to queue
[2023-11-27T21:00:45.011-0300] {logging_mixin.py:154} INFO - [2023-11-27T21:00:45.011-0300] {dagbag.py:536} INFO - Filling up the DagBag from /home/marcos/anaconda3/envs/XPe-IGTI/lib/python3.8/site-packages/airflow/example_dags/example_bash_operator.py
[2023-11-27T21:00:45.033-0300] {processor.py:839} INFO - DAG(s) dict_keys(['example_bash_operator']) retrieved from /home/marcos/anaconda3/envs/XPe-IGTI/lib/python3.8/site-packages/airflow/example_dags/example_bash_operator.py
[2023-11-27T21:00:45.091-0300] {logging_mixin.py:154} INFO - [2023-11-27T21:00:45.091-0300] {dag.py:2941} INFO - Sync 1 DAGs
[2023-11-27T21:00:45.136-0300] {logging_mixin.py:154} INFO - [2023-11-27T21:00:45.136-0300] {dag.py:3722} INFO - Setting next_dagrun for example_bash_operator to 2023-11-27T00:00:00+00:00, run_after=2023-11-28T00:00:00+00:00
[2023-11-27T21:00:45.180-0300] {processor.py:179} INFO - Processing /home/marcos/anaconda3/envs/XPe-IGTI/lib/python3.8/site-packages/airflow/example_dags/example_bash_operator.py took 0.176 seconds
[2023-11-27T21:01:46.286-0300] {processor.py:157} INFO - Started process (PID=51854) to work on /home/marcos/anaconda3/envs/XPe-IGTI/lib/python3.8/site-packages/airflow/example_dags/example_bash_operator.py
[2023-11-27T21:01:46.290-0300] {processor.py:829} INFO - Processing file /home/marcos/anaconda3/envs/XPe-IGTI/lib/python3.8/site-packages/airflow/example_dags/example_bash_operator.py for tasks to queue
[2023-11-27T21:01:46.292-0300] {logging_mixin.py:154} INFO - [2023-11-27T21:01:46.291-0300] {dagbag.py:536} INFO - Filling up the DagBag from /home/marcos/anaconda3/envs/XPe-IGTI/lib/python3.8/site-packages/airflow/example_dags/example_bash_operator.py
[2023-11-27T21:01:46.313-0300] {processor.py:839} INFO - DAG(s) dict_keys(['example_bash_operator']) retrieved from /home/marcos/anaconda3/envs/XPe-IGTI/lib/python3.8/site-packages/airflow/example_dags/example_bash_operator.py
[2023-11-27T21:01:46.356-0300] {logging_mixin.py:154} INFO - [2023-11-27T21:01:46.356-0300] {dag.py:2941} INFO - Sync 1 DAGs
[2023-11-27T21:01:46.392-0300] {logging_mixin.py:154} INFO - [2023-11-27T21:01:46.392-0300] {dag.py:3722} INFO - Setting next_dagrun for example_bash_operator to 2023-11-27T00:00:00+00:00, run_after=2023-11-28T00:00:00+00:00
[2023-11-27T21:01:46.428-0300] {processor.py:179} INFO - Processing /home/marcos/anaconda3/envs/XPe-IGTI/lib/python3.8/site-packages/airflow/example_dags/example_bash_operator.py took 0.147 seconds
[2023-11-27T21:02:44.953-0300] {processor.py:157} INFO - Started process (PID=51940) to work on /home/marcos/anaconda3/envs/XPe-IGTI/lib/python3.8/site-packages/airflow/example_dags/example_bash_operator.py
[2023-11-27T21:02:44.955-0300] {processor.py:829} INFO - Processing file /home/marcos/anaconda3/envs/XPe-IGTI/lib/python3.8/site-packages/airflow/example_dags/example_bash_operator.py for tasks to queue
[2023-11-27T21:02:44.956-0300] {logging_mixin.py:154} INFO - [2023-11-27T21:02:44.955-0300] {dagbag.py:536} INFO - Filling up the DagBag from /home/marcos/anaconda3/envs/XPe-IGTI/lib/python3.8/site-packages/airflow/example_dags/example_bash_operator.py
[2023-11-27T21:02:44.976-0300] {processor.py:839} INFO - DAG(s) dict_keys(['example_bash_operator']) retrieved from /home/marcos/anaconda3/envs/XPe-IGTI/lib/python3.8/site-packages/airflow/example_dags/example_bash_operator.py
[2023-11-27T21:02:45.018-0300] {logging_mixin.py:154} INFO - [2023-11-27T21:02:45.018-0300] {dag.py:2941} INFO - Sync 1 DAGs
[2023-11-27T21:02:45.053-0300] {logging_mixin.py:154} INFO - [2023-11-27T21:02:45.053-0300] {dag.py:3722} INFO - Setting next_dagrun for example_bash_operator to 2023-11-27T00:00:00+00:00, run_after=2023-11-28T00:00:00+00:00
[2023-11-27T21:02:45.089-0300] {processor.py:179} INFO - Processing /home/marcos/anaconda3/envs/XPe-IGTI/lib/python3.8/site-packages/airflow/example_dags/example_bash_operator.py took 0.141 seconds
[2023-11-27T21:03:49.264-0300] {processor.py:157} INFO - Started process (PID=52010) to work on /home/marcos/anaconda3/envs/XPe-IGTI/lib/python3.8/site-packages/airflow/example_dags/example_bash_operator.py
[2023-11-27T21:03:49.272-0300] {processor.py:829} INFO - Processing file /home/marcos/anaconda3/envs/XPe-IGTI/lib/python3.8/site-packages/airflow/example_dags/example_bash_operator.py for tasks to queue
[2023-11-27T21:03:49.276-0300] {logging_mixin.py:154} INFO - [2023-11-27T21:03:49.274-0300] {dagbag.py:536} INFO - Filling up the DagBag from /home/marcos/anaconda3/envs/XPe-IGTI/lib/python3.8/site-packages/airflow/example_dags/example_bash_operator.py
[2023-11-27T21:03:49.330-0300] {processor.py:839} INFO - DAG(s) dict_keys(['example_bash_operator']) retrieved from /home/marcos/anaconda3/envs/XPe-IGTI/lib/python3.8/site-packages/airflow/example_dags/example_bash_operator.py
[2023-11-27T21:03:49.381-0300] {logging_mixin.py:154} INFO - [2023-11-27T21:03:49.381-0300] {dag.py:2941} INFO - Sync 1 DAGs
[2023-11-27T21:03:49.418-0300] {logging_mixin.py:154} INFO - [2023-11-27T21:03:49.417-0300] {dag.py:3722} INFO - Setting next_dagrun for example_bash_operator to 2023-11-27T00:00:00+00:00, run_after=2023-11-28T00:00:00+00:00
[2023-11-27T21:03:49.454-0300] {processor.py:179} INFO - Processing /home/marcos/anaconda3/envs/XPe-IGTI/lib/python3.8/site-packages/airflow/example_dags/example_bash_operator.py took 0.202 seconds
[2023-11-27T21:04:53.720-0300] {processor.py:157} INFO - Started process (PID=52103) to work on /home/marcos/anaconda3/envs/XPe-IGTI/lib/python3.8/site-packages/airflow/example_dags/example_bash_operator.py
[2023-11-27T21:04:53.726-0300] {processor.py:829} INFO - Processing file /home/marcos/anaconda3/envs/XPe-IGTI/lib/python3.8/site-packages/airflow/example_dags/example_bash_operator.py for tasks to queue
[2023-11-27T21:04:53.730-0300] {logging_mixin.py:154} INFO - [2023-11-27T21:04:53.728-0300] {dagbag.py:536} INFO - Filling up the DagBag from /home/marcos/anaconda3/envs/XPe-IGTI/lib/python3.8/site-packages/airflow/example_dags/example_bash_operator.py
[2023-11-27T21:04:53.778-0300] {processor.py:839} INFO - DAG(s) dict_keys(['example_bash_operator']) retrieved from /home/marcos/anaconda3/envs/XPe-IGTI/lib/python3.8/site-packages/airflow/example_dags/example_bash_operator.py
[2023-11-27T21:04:53.826-0300] {logging_mixin.py:154} INFO - [2023-11-27T21:04:53.825-0300] {dag.py:2941} INFO - Sync 1 DAGs
[2023-11-27T21:04:53.867-0300] {logging_mixin.py:154} INFO - [2023-11-27T21:04:53.867-0300] {dag.py:3722} INFO - Setting next_dagrun for example_bash_operator to 2023-11-27T00:00:00+00:00, run_after=2023-11-28T00:00:00+00:00
[2023-11-27T21:04:53.911-0300] {processor.py:179} INFO - Processing /home/marcos/anaconda3/envs/XPe-IGTI/lib/python3.8/site-packages/airflow/example_dags/example_bash_operator.py took 0.207 seconds
[2023-11-27T21:05:58.292-0300] {processor.py:157} INFO - Started process (PID=52201) to work on /home/marcos/anaconda3/envs/XPe-IGTI/lib/python3.8/site-packages/airflow/example_dags/example_bash_operator.py
[2023-11-27T21:05:58.296-0300] {processor.py:829} INFO - Processing file /home/marcos/anaconda3/envs/XPe-IGTI/lib/python3.8/site-packages/airflow/example_dags/example_bash_operator.py for tasks to queue
[2023-11-27T21:05:58.297-0300] {logging_mixin.py:154} INFO - [2023-11-27T21:05:58.297-0300] {dagbag.py:536} INFO - Filling up the DagBag from /home/marcos/anaconda3/envs/XPe-IGTI/lib/python3.8/site-packages/airflow/example_dags/example_bash_operator.py
[2023-11-27T21:05:58.324-0300] {processor.py:839} INFO - DAG(s) dict_keys(['example_bash_operator']) retrieved from /home/marcos/anaconda3/envs/XPe-IGTI/lib/python3.8/site-packages/airflow/example_dags/example_bash_operator.py
[2023-11-27T21:05:58.367-0300] {logging_mixin.py:154} INFO - [2023-11-27T21:05:58.367-0300] {dag.py:2941} INFO - Sync 1 DAGs
[2023-11-27T21:05:58.397-0300] {logging_mixin.py:154} INFO - [2023-11-27T21:05:58.397-0300] {dag.py:3722} INFO - Setting next_dagrun for example_bash_operator to 2023-11-27T00:00:00+00:00, run_after=2023-11-28T00:00:00+00:00
[2023-11-27T21:05:58.427-0300] {processor.py:179} INFO - Processing /home/marcos/anaconda3/envs/XPe-IGTI/lib/python3.8/site-packages/airflow/example_dags/example_bash_operator.py took 0.139 seconds
[2023-11-27T21:06:59.934-0300] {processor.py:157} INFO - Started process (PID=52302) to work on /home/marcos/anaconda3/envs/XPe-IGTI/lib/python3.8/site-packages/airflow/example_dags/example_bash_operator.py
[2023-11-27T21:06:59.938-0300] {processor.py:829} INFO - Processing file /home/marcos/anaconda3/envs/XPe-IGTI/lib/python3.8/site-packages/airflow/example_dags/example_bash_operator.py for tasks to queue
[2023-11-27T21:06:59.940-0300] {logging_mixin.py:154} INFO - [2023-11-27T21:06:59.939-0300] {dagbag.py:536} INFO - Filling up the DagBag from /home/marcos/anaconda3/envs/XPe-IGTI/lib/python3.8/site-packages/airflow/example_dags/example_bash_operator.py
[2023-11-27T21:06:59.962-0300] {processor.py:839} INFO - DAG(s) dict_keys(['example_bash_operator']) retrieved from /home/marcos/anaconda3/envs/XPe-IGTI/lib/python3.8/site-packages/airflow/example_dags/example_bash_operator.py
[2023-11-27T21:07:00.020-0300] {logging_mixin.py:154} INFO - [2023-11-27T21:07:00.020-0300] {dag.py:2941} INFO - Sync 1 DAGs
[2023-11-27T21:07:00.068-0300] {logging_mixin.py:154} INFO - [2023-11-27T21:07:00.068-0300] {dag.py:3722} INFO - Setting next_dagrun for example_bash_operator to 2023-11-27T00:00:00+00:00, run_after=2023-11-28T00:00:00+00:00
[2023-11-27T21:07:00.112-0300] {processor.py:179} INFO - Processing /home/marcos/anaconda3/envs/XPe-IGTI/lib/python3.8/site-packages/airflow/example_dags/example_bash_operator.py took 0.182 seconds
[2023-11-27T21:07:58.557-0300] {processor.py:157} INFO - Started process (PID=52371) to work on /home/marcos/anaconda3/envs/XPe-IGTI/lib/python3.8/site-packages/airflow/example_dags/example_bash_operator.py
[2023-11-27T21:07:58.561-0300] {processor.py:829} INFO - Processing file /home/marcos/anaconda3/envs/XPe-IGTI/lib/python3.8/site-packages/airflow/example_dags/example_bash_operator.py for tasks to queue
[2023-11-27T21:07:58.562-0300] {logging_mixin.py:154} INFO - [2023-11-27T21:07:58.562-0300] {dagbag.py:536} INFO - Filling up the DagBag from /home/marcos/anaconda3/envs/XPe-IGTI/lib/python3.8/site-packages/airflow/example_dags/example_bash_operator.py
[2023-11-27T21:07:58.581-0300] {processor.py:839} INFO - DAG(s) dict_keys(['example_bash_operator']) retrieved from /home/marcos/anaconda3/envs/XPe-IGTI/lib/python3.8/site-packages/airflow/example_dags/example_bash_operator.py
[2023-11-27T21:07:58.617-0300] {logging_mixin.py:154} INFO - [2023-11-27T21:07:58.617-0300] {dag.py:2941} INFO - Sync 1 DAGs
[2023-11-27T21:07:58.647-0300] {logging_mixin.py:154} INFO - [2023-11-27T21:07:58.647-0300] {dag.py:3722} INFO - Setting next_dagrun for example_bash_operator to 2023-11-27T00:00:00+00:00, run_after=2023-11-28T00:00:00+00:00
[2023-11-27T21:07:58.675-0300] {processor.py:179} INFO - Processing /home/marcos/anaconda3/envs/XPe-IGTI/lib/python3.8/site-packages/airflow/example_dags/example_bash_operator.py took 0.123 seconds
[2023-11-27T21:09:03.474-0300] {processor.py:157} INFO - Started process (PID=52449) to work on /home/marcos/anaconda3/envs/XPe-IGTI/lib/python3.8/site-packages/airflow/example_dags/example_bash_operator.py
[2023-11-27T21:09:03.479-0300] {processor.py:829} INFO - Processing file /home/marcos/anaconda3/envs/XPe-IGTI/lib/python3.8/site-packages/airflow/example_dags/example_bash_operator.py for tasks to queue
[2023-11-27T21:09:03.482-0300] {logging_mixin.py:154} INFO - [2023-11-27T21:09:03.481-0300] {dagbag.py:536} INFO - Filling up the DagBag from /home/marcos/anaconda3/envs/XPe-IGTI/lib/python3.8/site-packages/airflow/example_dags/example_bash_operator.py
[2023-11-27T21:09:03.510-0300] {processor.py:839} INFO - DAG(s) dict_keys(['example_bash_operator']) retrieved from /home/marcos/anaconda3/envs/XPe-IGTI/lib/python3.8/site-packages/airflow/example_dags/example_bash_operator.py
[2023-11-27T21:09:03.546-0300] {logging_mixin.py:154} INFO - [2023-11-27T21:09:03.546-0300] {dag.py:2941} INFO - Sync 1 DAGs
[2023-11-27T21:09:03.577-0300] {logging_mixin.py:154} INFO - [2023-11-27T21:09:03.576-0300] {dag.py:3722} INFO - Setting next_dagrun for example_bash_operator to 2023-11-27T00:00:00+00:00, run_after=2023-11-28T00:00:00+00:00
[2023-11-27T21:09:03.607-0300] {processor.py:179} INFO - Processing /home/marcos/anaconda3/envs/XPe-IGTI/lib/python3.8/site-packages/airflow/example_dags/example_bash_operator.py took 0.139 seconds
[2023-11-27T21:10:07.588-0300] {processor.py:157} INFO - Started process (PID=52522) to work on /home/marcos/anaconda3/envs/XPe-IGTI/lib/python3.8/site-packages/airflow/example_dags/example_bash_operator.py
[2023-11-27T21:10:07.593-0300] {processor.py:829} INFO - Processing file /home/marcos/anaconda3/envs/XPe-IGTI/lib/python3.8/site-packages/airflow/example_dags/example_bash_operator.py for tasks to queue
[2023-11-27T21:10:07.595-0300] {logging_mixin.py:154} INFO - [2023-11-27T21:10:07.594-0300] {dagbag.py:536} INFO - Filling up the DagBag from /home/marcos/anaconda3/envs/XPe-IGTI/lib/python3.8/site-packages/airflow/example_dags/example_bash_operator.py
[2023-11-27T21:10:07.617-0300] {processor.py:839} INFO - DAG(s) dict_keys(['example_bash_operator']) retrieved from /home/marcos/anaconda3/envs/XPe-IGTI/lib/python3.8/site-packages/airflow/example_dags/example_bash_operator.py
[2023-11-27T21:10:07.653-0300] {logging_mixin.py:154} INFO - [2023-11-27T21:10:07.653-0300] {dag.py:2941} INFO - Sync 1 DAGs
[2023-11-27T21:10:07.683-0300] {logging_mixin.py:154} INFO - [2023-11-27T21:10:07.682-0300] {dag.py:3722} INFO - Setting next_dagrun for example_bash_operator to 2023-11-27T00:00:00+00:00, run_after=2023-11-28T00:00:00+00:00
[2023-11-27T21:10:07.710-0300] {processor.py:179} INFO - Processing /home/marcos/anaconda3/envs/XPe-IGTI/lib/python3.8/site-packages/airflow/example_dags/example_bash_operator.py took 0.128 seconds
[2023-11-27T21:11:15.395-0300] {processor.py:157} INFO - Started process (PID=52604) to work on /home/marcos/anaconda3/envs/XPe-IGTI/lib/python3.8/site-packages/airflow/example_dags/example_bash_operator.py
[2023-11-27T21:11:15.400-0300] {processor.py:829} INFO - Processing file /home/marcos/anaconda3/envs/XPe-IGTI/lib/python3.8/site-packages/airflow/example_dags/example_bash_operator.py for tasks to queue
[2023-11-27T21:11:15.402-0300] {logging_mixin.py:154} INFO - [2023-11-27T21:11:15.401-0300] {dagbag.py:536} INFO - Filling up the DagBag from /home/marcos/anaconda3/envs/XPe-IGTI/lib/python3.8/site-packages/airflow/example_dags/example_bash_operator.py
[2023-11-27T21:11:15.424-0300] {processor.py:839} INFO - DAG(s) dict_keys(['example_bash_operator']) retrieved from /home/marcos/anaconda3/envs/XPe-IGTI/lib/python3.8/site-packages/airflow/example_dags/example_bash_operator.py
[2023-11-27T21:11:15.460-0300] {logging_mixin.py:154} INFO - [2023-11-27T21:11:15.460-0300] {dag.py:2941} INFO - Sync 1 DAGs
[2023-11-27T21:11:15.490-0300] {logging_mixin.py:154} INFO - [2023-11-27T21:11:15.490-0300] {dag.py:3722} INFO - Setting next_dagrun for example_bash_operator to 2023-11-27T00:00:00+00:00, run_after=2023-11-28T00:00:00+00:00
[2023-11-27T21:11:15.517-0300] {processor.py:179} INFO - Processing /home/marcos/anaconda3/envs/XPe-IGTI/lib/python3.8/site-packages/airflow/example_dags/example_bash_operator.py took 0.128 seconds
[2023-11-27T21:12:23.197-0300] {processor.py:157} INFO - Started process (PID=52705) to work on /home/marcos/anaconda3/envs/XPe-IGTI/lib/python3.8/site-packages/airflow/example_dags/example_bash_operator.py
[2023-11-27T21:12:23.202-0300] {processor.py:829} INFO - Processing file /home/marcos/anaconda3/envs/XPe-IGTI/lib/python3.8/site-packages/airflow/example_dags/example_bash_operator.py for tasks to queue
[2023-11-27T21:12:23.203-0300] {logging_mixin.py:154} INFO - [2023-11-27T21:12:23.203-0300] {dagbag.py:536} INFO - Filling up the DagBag from /home/marcos/anaconda3/envs/XPe-IGTI/lib/python3.8/site-packages/airflow/example_dags/example_bash_operator.py
[2023-11-27T21:12:23.225-0300] {processor.py:839} INFO - DAG(s) dict_keys(['example_bash_operator']) retrieved from /home/marcos/anaconda3/envs/XPe-IGTI/lib/python3.8/site-packages/airflow/example_dags/example_bash_operator.py
[2023-11-27T21:12:23.263-0300] {logging_mixin.py:154} INFO - [2023-11-27T21:12:23.262-0300] {dag.py:2941} INFO - Sync 1 DAGs
[2023-11-27T21:12:23.292-0300] {logging_mixin.py:154} INFO - [2023-11-27T21:12:23.292-0300] {dag.py:3722} INFO - Setting next_dagrun for example_bash_operator to 2023-11-27T00:00:00+00:00, run_after=2023-11-28T00:00:00+00:00
[2023-11-27T21:12:23.319-0300] {processor.py:179} INFO - Processing /home/marcos/anaconda3/envs/XPe-IGTI/lib/python3.8/site-packages/airflow/example_dags/example_bash_operator.py took 0.128 seconds
[2023-11-27T21:13:21.811-0300] {processor.py:157} INFO - Started process (PID=52782) to work on /home/marcos/anaconda3/envs/XPe-IGTI/lib/python3.8/site-packages/airflow/example_dags/example_bash_operator.py
[2023-11-27T21:13:21.815-0300] {processor.py:829} INFO - Processing file /home/marcos/anaconda3/envs/XPe-IGTI/lib/python3.8/site-packages/airflow/example_dags/example_bash_operator.py for tasks to queue
[2023-11-27T21:13:21.816-0300] {logging_mixin.py:154} INFO - [2023-11-27T21:13:21.816-0300] {dagbag.py:536} INFO - Filling up the DagBag from /home/marcos/anaconda3/envs/XPe-IGTI/lib/python3.8/site-packages/airflow/example_dags/example_bash_operator.py
[2023-11-27T21:13:21.837-0300] {processor.py:839} INFO - DAG(s) dict_keys(['example_bash_operator']) retrieved from /home/marcos/anaconda3/envs/XPe-IGTI/lib/python3.8/site-packages/airflow/example_dags/example_bash_operator.py
[2023-11-27T21:13:21.895-0300] {logging_mixin.py:154} INFO - [2023-11-27T21:13:21.894-0300] {dag.py:2941} INFO - Sync 1 DAGs
[2023-11-27T21:13:21.926-0300] {logging_mixin.py:154} INFO - [2023-11-27T21:13:21.926-0300] {dag.py:3722} INFO - Setting next_dagrun for example_bash_operator to 2023-11-27T00:00:00+00:00, run_after=2023-11-28T00:00:00+00:00
[2023-11-27T21:13:21.957-0300] {processor.py:179} INFO - Processing /home/marcos/anaconda3/envs/XPe-IGTI/lib/python3.8/site-packages/airflow/example_dags/example_bash_operator.py took 0.150 seconds
[2023-11-27T21:14:23.106-0300] {processor.py:157} INFO - Started process (PID=52893) to work on /home/marcos/anaconda3/envs/XPe-IGTI/lib/python3.8/site-packages/airflow/example_dags/example_bash_operator.py
[2023-11-27T21:14:23.110-0300] {processor.py:829} INFO - Processing file /home/marcos/anaconda3/envs/XPe-IGTI/lib/python3.8/site-packages/airflow/example_dags/example_bash_operator.py for tasks to queue
[2023-11-27T21:14:23.112-0300] {logging_mixin.py:154} INFO - [2023-11-27T21:14:23.111-0300] {dagbag.py:536} INFO - Filling up the DagBag from /home/marcos/anaconda3/envs/XPe-IGTI/lib/python3.8/site-packages/airflow/example_dags/example_bash_operator.py
[2023-11-27T21:14:23.139-0300] {processor.py:839} INFO - DAG(s) dict_keys(['example_bash_operator']) retrieved from /home/marcos/anaconda3/envs/XPe-IGTI/lib/python3.8/site-packages/airflow/example_dags/example_bash_operator.py
[2023-11-27T21:14:23.183-0300] {logging_mixin.py:154} INFO - [2023-11-27T21:14:23.183-0300] {dag.py:2941} INFO - Sync 1 DAGs
[2023-11-27T21:14:23.218-0300] {logging_mixin.py:154} INFO - [2023-11-27T21:14:23.218-0300] {dag.py:3722} INFO - Setting next_dagrun for example_bash_operator to 2023-11-27T00:00:00+00:00, run_after=2023-11-28T00:00:00+00:00
[2023-11-27T21:14:23.254-0300] {processor.py:179} INFO - Processing /home/marcos/anaconda3/envs/XPe-IGTI/lib/python3.8/site-packages/airflow/example_dags/example_bash_operator.py took 0.154 seconds
[2023-11-27T21:15:31.930-0300] {processor.py:157} INFO - Started process (PID=52992) to work on /home/marcos/anaconda3/envs/XPe-IGTI/lib/python3.8/site-packages/airflow/example_dags/example_bash_operator.py
[2023-11-27T21:15:31.936-0300] {processor.py:829} INFO - Processing file /home/marcos/anaconda3/envs/XPe-IGTI/lib/python3.8/site-packages/airflow/example_dags/example_bash_operator.py for tasks to queue
[2023-11-27T21:15:31.939-0300] {logging_mixin.py:154} INFO - [2023-11-27T21:15:31.938-0300] {dagbag.py:536} INFO - Filling up the DagBag from /home/marcos/anaconda3/envs/XPe-IGTI/lib/python3.8/site-packages/airflow/example_dags/example_bash_operator.py
[2023-11-27T21:15:31.986-0300] {processor.py:839} INFO - DAG(s) dict_keys(['example_bash_operator']) retrieved from /home/marcos/anaconda3/envs/XPe-IGTI/lib/python3.8/site-packages/airflow/example_dags/example_bash_operator.py
[2023-11-27T21:15:32.031-0300] {logging_mixin.py:154} INFO - [2023-11-27T21:15:32.031-0300] {dag.py:2941} INFO - Sync 1 DAGs
[2023-11-27T21:15:32.067-0300] {logging_mixin.py:154} INFO - [2023-11-27T21:15:32.067-0300] {dag.py:3722} INFO - Setting next_dagrun for example_bash_operator to 2023-11-27T00:00:00+00:00, run_after=2023-11-28T00:00:00+00:00
[2023-11-27T21:15:32.105-0300] {processor.py:179} INFO - Processing /home/marcos/anaconda3/envs/XPe-IGTI/lib/python3.8/site-packages/airflow/example_dags/example_bash_operator.py took 0.186 seconds
[2023-11-27T21:16:41.409-0300] {processor.py:157} INFO - Started process (PID=53068) to work on /home/marcos/anaconda3/envs/XPe-IGTI/lib/python3.8/site-packages/airflow/example_dags/example_bash_operator.py
[2023-11-27T21:16:41.414-0300] {processor.py:829} INFO - Processing file /home/marcos/anaconda3/envs/XPe-IGTI/lib/python3.8/site-packages/airflow/example_dags/example_bash_operator.py for tasks to queue
[2023-11-27T21:16:41.416-0300] {logging_mixin.py:154} INFO - [2023-11-27T21:16:41.416-0300] {dagbag.py:536} INFO - Filling up the DagBag from /home/marcos/anaconda3/envs/XPe-IGTI/lib/python3.8/site-packages/airflow/example_dags/example_bash_operator.py
[2023-11-27T21:16:41.439-0300] {processor.py:839} INFO - DAG(s) dict_keys(['example_bash_operator']) retrieved from /home/marcos/anaconda3/envs/XPe-IGTI/lib/python3.8/site-packages/airflow/example_dags/example_bash_operator.py
[2023-11-27T21:16:41.488-0300] {logging_mixin.py:154} INFO - [2023-11-27T21:16:41.488-0300] {dag.py:2941} INFO - Sync 1 DAGs
[2023-11-27T21:16:41.527-0300] {logging_mixin.py:154} INFO - [2023-11-27T21:16:41.526-0300] {dag.py:3722} INFO - Setting next_dagrun for example_bash_operator to 2023-11-27T00:00:00+00:00, run_after=2023-11-28T00:00:00+00:00
[2023-11-27T21:16:41.565-0300] {processor.py:179} INFO - Processing /home/marcos/anaconda3/envs/XPe-IGTI/lib/python3.8/site-packages/airflow/example_dags/example_bash_operator.py took 0.161 seconds
[2023-11-27T21:17:56.829-0300] {processor.py:157} INFO - Started process (PID=53181) to work on /home/marcos/anaconda3/envs/XPe-IGTI/lib/python3.8/site-packages/airflow/example_dags/example_bash_operator.py
[2023-11-27T21:17:56.833-0300] {processor.py:829} INFO - Processing file /home/marcos/anaconda3/envs/XPe-IGTI/lib/python3.8/site-packages/airflow/example_dags/example_bash_operator.py for tasks to queue
[2023-11-27T21:17:56.835-0300] {logging_mixin.py:154} INFO - [2023-11-27T21:17:56.834-0300] {dagbag.py:536} INFO - Filling up the DagBag from /home/marcos/anaconda3/envs/XPe-IGTI/lib/python3.8/site-packages/airflow/example_dags/example_bash_operator.py
[2023-11-27T21:17:56.856-0300] {processor.py:839} INFO - DAG(s) dict_keys(['example_bash_operator']) retrieved from /home/marcos/anaconda3/envs/XPe-IGTI/lib/python3.8/site-packages/airflow/example_dags/example_bash_operator.py
[2023-11-27T21:17:56.897-0300] {logging_mixin.py:154} INFO - [2023-11-27T21:17:56.897-0300] {dag.py:2941} INFO - Sync 1 DAGs
[2023-11-27T21:17:56.933-0300] {logging_mixin.py:154} INFO - [2023-11-27T21:17:56.932-0300] {dag.py:3722} INFO - Setting next_dagrun for example_bash_operator to 2023-11-27T00:00:00+00:00, run_after=2023-11-28T00:00:00+00:00
[2023-11-27T21:17:56.970-0300] {processor.py:179} INFO - Processing /home/marcos/anaconda3/envs/XPe-IGTI/lib/python3.8/site-packages/airflow/example_dags/example_bash_operator.py took 0.145 seconds
[2023-11-27T21:19:00.988-0300] {processor.py:157} INFO - Started process (PID=53257) to work on /home/marcos/anaconda3/envs/XPe-IGTI/lib/python3.8/site-packages/airflow/example_dags/example_bash_operator.py
[2023-11-27T21:19:00.992-0300] {processor.py:829} INFO - Processing file /home/marcos/anaconda3/envs/XPe-IGTI/lib/python3.8/site-packages/airflow/example_dags/example_bash_operator.py for tasks to queue
[2023-11-27T21:19:00.993-0300] {logging_mixin.py:154} INFO - [2023-11-27T21:19:00.993-0300] {dagbag.py:536} INFO - Filling up the DagBag from /home/marcos/anaconda3/envs/XPe-IGTI/lib/python3.8/site-packages/airflow/example_dags/example_bash_operator.py
[2023-11-27T21:19:01.014-0300] {processor.py:839} INFO - DAG(s) dict_keys(['example_bash_operator']) retrieved from /home/marcos/anaconda3/envs/XPe-IGTI/lib/python3.8/site-packages/airflow/example_dags/example_bash_operator.py
[2023-11-27T21:19:01.057-0300] {logging_mixin.py:154} INFO - [2023-11-27T21:19:01.057-0300] {dag.py:2941} INFO - Sync 1 DAGs
[2023-11-27T21:19:01.093-0300] {logging_mixin.py:154} INFO - [2023-11-27T21:19:01.093-0300] {dag.py:3722} INFO - Setting next_dagrun for example_bash_operator to 2023-11-27T00:00:00+00:00, run_after=2023-11-28T00:00:00+00:00
[2023-11-27T21:19:01.131-0300] {processor.py:179} INFO - Processing /home/marcos/anaconda3/envs/XPe-IGTI/lib/python3.8/site-packages/airflow/example_dags/example_bash_operator.py took 0.149 seconds
[2023-11-27T21:20:10.182-0300] {processor.py:157} INFO - Started process (PID=53339) to work on /home/marcos/anaconda3/envs/XPe-IGTI/lib/python3.8/site-packages/airflow/example_dags/example_bash_operator.py
[2023-11-27T21:20:10.187-0300] {processor.py:829} INFO - Processing file /home/marcos/anaconda3/envs/XPe-IGTI/lib/python3.8/site-packages/airflow/example_dags/example_bash_operator.py for tasks to queue
[2023-11-27T21:20:10.189-0300] {logging_mixin.py:154} INFO - [2023-11-27T21:20:10.188-0300] {dagbag.py:536} INFO - Filling up the DagBag from /home/marcos/anaconda3/envs/XPe-IGTI/lib/python3.8/site-packages/airflow/example_dags/example_bash_operator.py
[2023-11-27T21:20:10.209-0300] {processor.py:839} INFO - DAG(s) dict_keys(['example_bash_operator']) retrieved from /home/marcos/anaconda3/envs/XPe-IGTI/lib/python3.8/site-packages/airflow/example_dags/example_bash_operator.py
[2023-11-27T21:20:10.257-0300] {logging_mixin.py:154} INFO - [2023-11-27T21:20:10.257-0300] {dag.py:2941} INFO - Sync 1 DAGs
[2023-11-27T21:20:10.295-0300] {logging_mixin.py:154} INFO - [2023-11-27T21:20:10.294-0300] {dag.py:3722} INFO - Setting next_dagrun for example_bash_operator to 2023-11-27T00:00:00+00:00, run_after=2023-11-28T00:00:00+00:00
[2023-11-27T21:20:10.332-0300] {processor.py:179} INFO - Processing /home/marcos/anaconda3/envs/XPe-IGTI/lib/python3.8/site-packages/airflow/example_dags/example_bash_operator.py took 0.156 seconds
[2023-11-27T21:21:16.382-0300] {processor.py:157} INFO - Started process (PID=53414) to work on /home/marcos/anaconda3/envs/XPe-IGTI/lib/python3.8/site-packages/airflow/example_dags/example_bash_operator.py
[2023-11-27T21:21:16.386-0300] {processor.py:829} INFO - Processing file /home/marcos/anaconda3/envs/XPe-IGTI/lib/python3.8/site-packages/airflow/example_dags/example_bash_operator.py for tasks to queue
[2023-11-27T21:21:16.388-0300] {logging_mixin.py:154} INFO - [2023-11-27T21:21:16.387-0300] {dagbag.py:536} INFO - Filling up the DagBag from /home/marcos/anaconda3/envs/XPe-IGTI/lib/python3.8/site-packages/airflow/example_dags/example_bash_operator.py
[2023-11-27T21:21:16.416-0300] {processor.py:839} INFO - DAG(s) dict_keys(['example_bash_operator']) retrieved from /home/marcos/anaconda3/envs/XPe-IGTI/lib/python3.8/site-packages/airflow/example_dags/example_bash_operator.py
[2023-11-27T21:21:16.461-0300] {logging_mixin.py:154} INFO - [2023-11-27T21:21:16.461-0300] {dag.py:2941} INFO - Sync 1 DAGs
[2023-11-27T21:21:16.500-0300] {logging_mixin.py:154} INFO - [2023-11-27T21:21:16.500-0300] {dag.py:3722} INFO - Setting next_dagrun for example_bash_operator to 2023-11-27T00:00:00+00:00, run_after=2023-11-28T00:00:00+00:00
[2023-11-27T21:21:16.541-0300] {processor.py:179} INFO - Processing /home/marcos/anaconda3/envs/XPe-IGTI/lib/python3.8/site-packages/airflow/example_dags/example_bash_operator.py took 0.164 seconds
[2023-11-27T21:22:21.908-0300] {processor.py:157} INFO - Started process (PID=53515) to work on /home/marcos/anaconda3/envs/XPe-IGTI/lib/python3.8/site-packages/airflow/example_dags/example_bash_operator.py
[2023-11-27T21:22:21.912-0300] {processor.py:829} INFO - Processing file /home/marcos/anaconda3/envs/XPe-IGTI/lib/python3.8/site-packages/airflow/example_dags/example_bash_operator.py for tasks to queue
[2023-11-27T21:22:21.914-0300] {logging_mixin.py:154} INFO - [2023-11-27T21:22:21.913-0300] {dagbag.py:536} INFO - Filling up the DagBag from /home/marcos/anaconda3/envs/XPe-IGTI/lib/python3.8/site-packages/airflow/example_dags/example_bash_operator.py
[2023-11-27T21:22:21.934-0300] {processor.py:839} INFO - DAG(s) dict_keys(['example_bash_operator']) retrieved from /home/marcos/anaconda3/envs/XPe-IGTI/lib/python3.8/site-packages/airflow/example_dags/example_bash_operator.py
[2023-11-27T21:22:21.977-0300] {logging_mixin.py:154} INFO - [2023-11-27T21:22:21.977-0300] {dag.py:2941} INFO - Sync 1 DAGs
[2023-11-27T21:22:22.012-0300] {logging_mixin.py:154} INFO - [2023-11-27T21:22:22.012-0300] {dag.py:3722} INFO - Setting next_dagrun for example_bash_operator to 2023-11-27T00:00:00+00:00, run_after=2023-11-28T00:00:00+00:00
[2023-11-27T21:22:22.047-0300] {processor.py:179} INFO - Processing /home/marcos/anaconda3/envs/XPe-IGTI/lib/python3.8/site-packages/airflow/example_dags/example_bash_operator.py took 0.144 seconds
[2023-11-27T21:23:23.593-0300] {processor.py:157} INFO - Started process (PID=53586) to work on /home/marcos/anaconda3/envs/XPe-IGTI/lib/python3.8/site-packages/airflow/example_dags/example_bash_operator.py
[2023-11-27T21:23:23.597-0300] {processor.py:829} INFO - Processing file /home/marcos/anaconda3/envs/XPe-IGTI/lib/python3.8/site-packages/airflow/example_dags/example_bash_operator.py for tasks to queue
[2023-11-27T21:23:23.600-0300] {logging_mixin.py:154} INFO - [2023-11-27T21:23:23.599-0300] {dagbag.py:536} INFO - Filling up the DagBag from /home/marcos/anaconda3/envs/XPe-IGTI/lib/python3.8/site-packages/airflow/example_dags/example_bash_operator.py
[2023-11-27T21:23:23.622-0300] {processor.py:839} INFO - DAG(s) dict_keys(['example_bash_operator']) retrieved from /home/marcos/anaconda3/envs/XPe-IGTI/lib/python3.8/site-packages/airflow/example_dags/example_bash_operator.py
[2023-11-27T21:23:23.667-0300] {logging_mixin.py:154} INFO - [2023-11-27T21:23:23.667-0300] {dag.py:2941} INFO - Sync 1 DAGs
[2023-11-27T21:23:23.708-0300] {logging_mixin.py:154} INFO - [2023-11-27T21:23:23.708-0300] {dag.py:3722} INFO - Setting next_dagrun for example_bash_operator to 2023-11-27T00:00:00+00:00, run_after=2023-11-28T00:00:00+00:00
[2023-11-27T21:23:23.746-0300] {processor.py:179} INFO - Processing /home/marcos/anaconda3/envs/XPe-IGTI/lib/python3.8/site-packages/airflow/example_dags/example_bash_operator.py took 0.158 seconds
[2023-11-27T21:24:28.965-0300] {processor.py:157} INFO - Started process (PID=53672) to work on /home/marcos/anaconda3/envs/XPe-IGTI/lib/python3.8/site-packages/airflow/example_dags/example_bash_operator.py
[2023-11-27T21:24:28.969-0300] {processor.py:829} INFO - Processing file /home/marcos/anaconda3/envs/XPe-IGTI/lib/python3.8/site-packages/airflow/example_dags/example_bash_operator.py for tasks to queue
[2023-11-27T21:24:28.972-0300] {logging_mixin.py:154} INFO - [2023-11-27T21:24:28.971-0300] {dagbag.py:536} INFO - Filling up the DagBag from /home/marcos/anaconda3/envs/XPe-IGTI/lib/python3.8/site-packages/airflow/example_dags/example_bash_operator.py
[2023-11-27T21:24:28.990-0300] {processor.py:839} INFO - DAG(s) dict_keys(['example_bash_operator']) retrieved from /home/marcos/anaconda3/envs/XPe-IGTI/lib/python3.8/site-packages/airflow/example_dags/example_bash_operator.py
[2023-11-27T21:24:29.034-0300] {logging_mixin.py:154} INFO - [2023-11-27T21:24:29.034-0300] {dag.py:2941} INFO - Sync 1 DAGs
[2023-11-27T21:24:29.071-0300] {logging_mixin.py:154} INFO - [2023-11-27T21:24:29.071-0300] {dag.py:3722} INFO - Setting next_dagrun for example_bash_operator to 2023-11-27T00:00:00+00:00, run_after=2023-11-28T00:00:00+00:00
[2023-11-27T21:24:29.110-0300] {processor.py:179} INFO - Processing /home/marcos/anaconda3/envs/XPe-IGTI/lib/python3.8/site-packages/airflow/example_dags/example_bash_operator.py took 0.150 seconds
[2023-11-27T21:25:41.954-0300] {processor.py:157} INFO - Started process (PID=53759) to work on /home/marcos/anaconda3/envs/XPe-IGTI/lib/python3.8/site-packages/airflow/example_dags/example_bash_operator.py
[2023-11-27T21:25:41.958-0300] {processor.py:829} INFO - Processing file /home/marcos/anaconda3/envs/XPe-IGTI/lib/python3.8/site-packages/airflow/example_dags/example_bash_operator.py for tasks to queue
[2023-11-27T21:25:41.960-0300] {logging_mixin.py:154} INFO - [2023-11-27T21:25:41.959-0300] {dagbag.py:536} INFO - Filling up the DagBag from /home/marcos/anaconda3/envs/XPe-IGTI/lib/python3.8/site-packages/airflow/example_dags/example_bash_operator.py
[2023-11-27T21:25:41.983-0300] {processor.py:839} INFO - DAG(s) dict_keys(['example_bash_operator']) retrieved from /home/marcos/anaconda3/envs/XPe-IGTI/lib/python3.8/site-packages/airflow/example_dags/example_bash_operator.py
[2023-11-27T21:25:42.026-0300] {logging_mixin.py:154} INFO - [2023-11-27T21:25:42.026-0300] {dag.py:2941} INFO - Sync 1 DAGs
[2023-11-27T21:25:42.067-0300] {logging_mixin.py:154} INFO - [2023-11-27T21:25:42.067-0300] {dag.py:3722} INFO - Setting next_dagrun for example_bash_operator to 2023-11-27T00:00:00+00:00, run_after=2023-11-28T00:00:00+00:00
[2023-11-27T21:25:42.105-0300] {processor.py:179} INFO - Processing /home/marcos/anaconda3/envs/XPe-IGTI/lib/python3.8/site-packages/airflow/example_dags/example_bash_operator.py took 0.156 seconds
[2023-11-27T21:26:55.206-0300] {processor.py:157} INFO - Started process (PID=53872) to work on /home/marcos/anaconda3/envs/XPe-IGTI/lib/python3.8/site-packages/airflow/example_dags/example_bash_operator.py
[2023-11-27T21:26:55.212-0300] {processor.py:829} INFO - Processing file /home/marcos/anaconda3/envs/XPe-IGTI/lib/python3.8/site-packages/airflow/example_dags/example_bash_operator.py for tasks to queue
[2023-11-27T21:26:55.215-0300] {logging_mixin.py:154} INFO - [2023-11-27T21:26:55.214-0300] {dagbag.py:536} INFO - Filling up the DagBag from /home/marcos/anaconda3/envs/XPe-IGTI/lib/python3.8/site-packages/airflow/example_dags/example_bash_operator.py
[2023-11-27T21:26:55.271-0300] {processor.py:839} INFO - DAG(s) dict_keys(['example_bash_operator']) retrieved from /home/marcos/anaconda3/envs/XPe-IGTI/lib/python3.8/site-packages/airflow/example_dags/example_bash_operator.py
[2023-11-27T21:26:55.322-0300] {logging_mixin.py:154} INFO - [2023-11-27T21:26:55.321-0300] {dag.py:2941} INFO - Sync 1 DAGs
[2023-11-27T21:26:55.357-0300] {logging_mixin.py:154} INFO - [2023-11-27T21:26:55.356-0300] {dag.py:3722} INFO - Setting next_dagrun for example_bash_operator to 2023-11-27T00:00:00+00:00, run_after=2023-11-28T00:00:00+00:00
[2023-11-27T21:26:55.391-0300] {processor.py:179} INFO - Processing /home/marcos/anaconda3/envs/XPe-IGTI/lib/python3.8/site-packages/airflow/example_dags/example_bash_operator.py took 0.198 seconds
[2023-11-27T21:28:00.724-0300] {processor.py:157} INFO - Started process (PID=53952) to work on /home/marcos/anaconda3/envs/XPe-IGTI/lib/python3.8/site-packages/airflow/example_dags/example_bash_operator.py
[2023-11-27T21:28:00.729-0300] {processor.py:829} INFO - Processing file /home/marcos/anaconda3/envs/XPe-IGTI/lib/python3.8/site-packages/airflow/example_dags/example_bash_operator.py for tasks to queue
[2023-11-27T21:28:00.731-0300] {logging_mixin.py:154} INFO - [2023-11-27T21:28:00.731-0300] {dagbag.py:536} INFO - Filling up the DagBag from /home/marcos/anaconda3/envs/XPe-IGTI/lib/python3.8/site-packages/airflow/example_dags/example_bash_operator.py
[2023-11-27T21:28:00.755-0300] {processor.py:839} INFO - DAG(s) dict_keys(['example_bash_operator']) retrieved from /home/marcos/anaconda3/envs/XPe-IGTI/lib/python3.8/site-packages/airflow/example_dags/example_bash_operator.py
[2023-11-27T21:28:00.817-0300] {logging_mixin.py:154} INFO - [2023-11-27T21:28:00.817-0300] {dag.py:2941} INFO - Sync 1 DAGs
[2023-11-27T21:28:00.865-0300] {logging_mixin.py:154} INFO - [2023-11-27T21:28:00.864-0300] {dag.py:3722} INFO - Setting next_dagrun for example_bash_operator to 2023-11-27T00:00:00+00:00, run_after=2023-11-28T00:00:00+00:00
[2023-11-27T21:28:00.908-0300] {processor.py:179} INFO - Processing /home/marcos/anaconda3/envs/XPe-IGTI/lib/python3.8/site-packages/airflow/example_dags/example_bash_operator.py took 0.190 seconds
[2023-11-27T21:29:04.515-0300] {processor.py:157} INFO - Started process (PID=54051) to work on /home/marcos/anaconda3/envs/XPe-IGTI/lib/python3.8/site-packages/airflow/example_dags/example_bash_operator.py
[2023-11-27T21:29:04.521-0300] {processor.py:829} INFO - Processing file /home/marcos/anaconda3/envs/XPe-IGTI/lib/python3.8/site-packages/airflow/example_dags/example_bash_operator.py for tasks to queue
[2023-11-27T21:29:04.523-0300] {logging_mixin.py:154} INFO - [2023-11-27T21:29:04.522-0300] {dagbag.py:536} INFO - Filling up the DagBag from /home/marcos/anaconda3/envs/XPe-IGTI/lib/python3.8/site-packages/airflow/example_dags/example_bash_operator.py
[2023-11-27T21:29:04.551-0300] {processor.py:839} INFO - DAG(s) dict_keys(['example_bash_operator']) retrieved from /home/marcos/anaconda3/envs/XPe-IGTI/lib/python3.8/site-packages/airflow/example_dags/example_bash_operator.py
[2023-11-27T21:29:04.589-0300] {logging_mixin.py:154} INFO - [2023-11-27T21:29:04.589-0300] {dag.py:2941} INFO - Sync 1 DAGs
[2023-11-27T21:29:04.619-0300] {logging_mixin.py:154} INFO - [2023-11-27T21:29:04.618-0300] {dag.py:3722} INFO - Setting next_dagrun for example_bash_operator to 2023-11-27T00:00:00+00:00, run_after=2023-11-28T00:00:00+00:00
[2023-11-27T21:29:04.648-0300] {processor.py:179} INFO - Processing /home/marcos/anaconda3/envs/XPe-IGTI/lib/python3.8/site-packages/airflow/example_dags/example_bash_operator.py took 0.139 seconds
[2023-11-28T18:52:55.459-0300] {processor.py:157} INFO - Started process (PID=144670) to work on /home/marcos/anaconda3/envs/XPe-IGTI/lib/python3.8/site-packages/airflow/example_dags/example_bash_operator.py
[2023-11-28T18:52:55.465-0300] {processor.py:829} INFO - Processing file /home/marcos/anaconda3/envs/XPe-IGTI/lib/python3.8/site-packages/airflow/example_dags/example_bash_operator.py for tasks to queue
[2023-11-28T18:52:55.468-0300] {logging_mixin.py:154} INFO - [2023-11-28T18:52:55.467-0300] {dagbag.py:536} INFO - Filling up the DagBag from /home/marcos/anaconda3/envs/XPe-IGTI/lib/python3.8/site-packages/airflow/example_dags/example_bash_operator.py
[2023-11-28T18:52:55.499-0300] {processor.py:839} INFO - DAG(s) dict_keys(['example_bash_operator']) retrieved from /home/marcos/anaconda3/envs/XPe-IGTI/lib/python3.8/site-packages/airflow/example_dags/example_bash_operator.py
[2023-11-28T18:52:55.527-0300] {logging_mixin.py:154} INFO - [2023-11-28T18:52:55.526-0300] {dag.py:2941} INFO - Sync 1 DAGs
[2023-11-28T18:52:55.548-0300] {logging_mixin.py:154} INFO - [2023-11-28T18:52:55.548-0300] {dag.py:3722} INFO - Setting next_dagrun for example_bash_operator to 2023-11-27T00:00:00+00:00, run_after=2023-11-28T00:00:00+00:00
[2023-11-28T18:52:55.569-0300] {processor.py:179} INFO - Processing /home/marcos/anaconda3/envs/XPe-IGTI/lib/python3.8/site-packages/airflow/example_dags/example_bash_operator.py took 0.122 seconds
[2023-11-28T18:53:49.944-0300] {processor.py:157} INFO - Started process (PID=144761) to work on /home/marcos/anaconda3/envs/XPe-IGTI/lib/python3.8/site-packages/airflow/example_dags/example_bash_operator.py
[2023-11-28T18:53:49.949-0300] {processor.py:829} INFO - Processing file /home/marcos/anaconda3/envs/XPe-IGTI/lib/python3.8/site-packages/airflow/example_dags/example_bash_operator.py for tasks to queue
[2023-11-28T18:53:49.950-0300] {logging_mixin.py:154} INFO - [2023-11-28T18:53:49.949-0300] {dagbag.py:536} INFO - Filling up the DagBag from /home/marcos/anaconda3/envs/XPe-IGTI/lib/python3.8/site-packages/airflow/example_dags/example_bash_operator.py
[2023-11-28T18:53:49.968-0300] {processor.py:839} INFO - DAG(s) dict_keys(['example_bash_operator']) retrieved from /home/marcos/anaconda3/envs/XPe-IGTI/lib/python3.8/site-packages/airflow/example_dags/example_bash_operator.py
[2023-11-28T18:53:49.993-0300] {logging_mixin.py:154} INFO - [2023-11-28T18:53:49.992-0300] {dag.py:2941} INFO - Sync 1 DAGs
[2023-11-28T18:53:50.012-0300] {logging_mixin.py:154} INFO - [2023-11-28T18:53:50.012-0300] {dag.py:3722} INFO - Setting next_dagrun for example_bash_operator to 2023-11-27T00:00:00+00:00, run_after=2023-11-28T00:00:00+00:00
[2023-11-28T18:53:50.041-0300] {processor.py:179} INFO - Processing /home/marcos/anaconda3/envs/XPe-IGTI/lib/python3.8/site-packages/airflow/example_dags/example_bash_operator.py took 0.102 seconds
[2023-11-28T18:54:50.006-0300] {processor.py:157} INFO - Started process (PID=145303) to work on /home/marcos/anaconda3/envs/XPe-IGTI/lib/python3.8/site-packages/airflow/example_dags/example_bash_operator.py
[2023-11-28T18:54:50.007-0300] {processor.py:829} INFO - Processing file /home/marcos/anaconda3/envs/XPe-IGTI/lib/python3.8/site-packages/airflow/example_dags/example_bash_operator.py for tasks to queue
[2023-11-28T18:54:50.009-0300] {logging_mixin.py:154} INFO - [2023-11-28T18:54:50.008-0300] {dagbag.py:536} INFO - Filling up the DagBag from /home/marcos/anaconda3/envs/XPe-IGTI/lib/python3.8/site-packages/airflow/example_dags/example_bash_operator.py
[2023-11-28T18:54:50.027-0300] {processor.py:839} INFO - DAG(s) dict_keys(['example_bash_operator']) retrieved from /home/marcos/anaconda3/envs/XPe-IGTI/lib/python3.8/site-packages/airflow/example_dags/example_bash_operator.py
[2023-11-28T18:54:50.069-0300] {logging_mixin.py:154} INFO - [2023-11-28T18:54:50.069-0300] {dag.py:2941} INFO - Sync 1 DAGs
[2023-11-28T18:54:50.102-0300] {logging_mixin.py:154} INFO - [2023-11-28T18:54:50.102-0300] {dag.py:3722} INFO - Setting next_dagrun for example_bash_operator to 2023-11-27T00:00:00+00:00, run_after=2023-11-28T00:00:00+00:00
[2023-11-28T18:54:50.133-0300] {processor.py:179} INFO - Processing /home/marcos/anaconda3/envs/XPe-IGTI/lib/python3.8/site-packages/airflow/example_dags/example_bash_operator.py took 0.131 seconds
[2023-11-28T18:55:53.536-0300] {processor.py:157} INFO - Started process (PID=145407) to work on /home/marcos/anaconda3/envs/XPe-IGTI/lib/python3.8/site-packages/airflow/example_dags/example_bash_operator.py
[2023-11-28T18:55:53.541-0300] {processor.py:829} INFO - Processing file /home/marcos/anaconda3/envs/XPe-IGTI/lib/python3.8/site-packages/airflow/example_dags/example_bash_operator.py for tasks to queue
[2023-11-28T18:55:53.543-0300] {logging_mixin.py:154} INFO - [2023-11-28T18:55:53.542-0300] {dagbag.py:536} INFO - Filling up the DagBag from /home/marcos/anaconda3/envs/XPe-IGTI/lib/python3.8/site-packages/airflow/example_dags/example_bash_operator.py
[2023-11-28T18:55:53.558-0300] {processor.py:839} INFO - DAG(s) dict_keys(['example_bash_operator']) retrieved from /home/marcos/anaconda3/envs/XPe-IGTI/lib/python3.8/site-packages/airflow/example_dags/example_bash_operator.py
[2023-11-28T18:55:53.581-0300] {logging_mixin.py:154} INFO - [2023-11-28T18:55:53.580-0300] {dag.py:2941} INFO - Sync 1 DAGs
[2023-11-28T18:55:53.598-0300] {logging_mixin.py:154} INFO - [2023-11-28T18:55:53.598-0300] {dag.py:3722} INFO - Setting next_dagrun for example_bash_operator to 2023-11-27T00:00:00+00:00, run_after=2023-11-28T00:00:00+00:00
[2023-11-28T18:55:53.616-0300] {processor.py:179} INFO - Processing /home/marcos/anaconda3/envs/XPe-IGTI/lib/python3.8/site-packages/airflow/example_dags/example_bash_operator.py took 0.087 seconds
[2023-11-28T18:56:49.526-0300] {processor.py:157} INFO - Started process (PID=145521) to work on /home/marcos/anaconda3/envs/XPe-IGTI/lib/python3.8/site-packages/airflow/example_dags/example_bash_operator.py
[2023-11-28T18:56:49.530-0300] {processor.py:829} INFO - Processing file /home/marcos/anaconda3/envs/XPe-IGTI/lib/python3.8/site-packages/airflow/example_dags/example_bash_operator.py for tasks to queue
[2023-11-28T18:56:49.532-0300] {logging_mixin.py:154} INFO - [2023-11-28T18:56:49.532-0300] {dagbag.py:536} INFO - Filling up the DagBag from /home/marcos/anaconda3/envs/XPe-IGTI/lib/python3.8/site-packages/airflow/example_dags/example_bash_operator.py
[2023-11-28T18:56:49.553-0300] {processor.py:839} INFO - DAG(s) dict_keys(['example_bash_operator']) retrieved from /home/marcos/anaconda3/envs/XPe-IGTI/lib/python3.8/site-packages/airflow/example_dags/example_bash_operator.py
[2023-11-28T18:56:49.577-0300] {logging_mixin.py:154} INFO - [2023-11-28T18:56:49.577-0300] {dag.py:2941} INFO - Sync 1 DAGs
[2023-11-28T18:56:49.595-0300] {logging_mixin.py:154} INFO - [2023-11-28T18:56:49.595-0300] {dag.py:3722} INFO - Setting next_dagrun for example_bash_operator to 2023-11-27T00:00:00+00:00, run_after=2023-11-28T00:00:00+00:00
[2023-11-28T18:56:49.614-0300] {processor.py:179} INFO - Processing /home/marcos/anaconda3/envs/XPe-IGTI/lib/python3.8/site-packages/airflow/example_dags/example_bash_operator.py took 0.095 seconds
[2023-11-28T18:57:42.186-0300] {processor.py:157} INFO - Started process (PID=145635) to work on /home/marcos/anaconda3/envs/XPe-IGTI/lib/python3.8/site-packages/airflow/example_dags/example_bash_operator.py
[2023-11-28T18:57:42.191-0300] {processor.py:829} INFO - Processing file /home/marcos/anaconda3/envs/XPe-IGTI/lib/python3.8/site-packages/airflow/example_dags/example_bash_operator.py for tasks to queue
[2023-11-28T18:57:42.193-0300] {logging_mixin.py:154} INFO - [2023-11-28T18:57:42.192-0300] {dagbag.py:536} INFO - Filling up the DagBag from /home/marcos/anaconda3/envs/XPe-IGTI/lib/python3.8/site-packages/airflow/example_dags/example_bash_operator.py
[2023-11-28T18:57:42.214-0300] {processor.py:839} INFO - DAG(s) dict_keys(['example_bash_operator']) retrieved from /home/marcos/anaconda3/envs/XPe-IGTI/lib/python3.8/site-packages/airflow/example_dags/example_bash_operator.py
[2023-11-28T18:57:42.238-0300] {logging_mixin.py:154} INFO - [2023-11-28T18:57:42.237-0300] {dag.py:2941} INFO - Sync 1 DAGs
[2023-11-28T18:57:42.255-0300] {logging_mixin.py:154} INFO - [2023-11-28T18:57:42.255-0300] {dag.py:3722} INFO - Setting next_dagrun for example_bash_operator to 2023-11-27T00:00:00+00:00, run_after=2023-11-28T00:00:00+00:00
[2023-11-28T18:57:42.272-0300] {processor.py:179} INFO - Processing /home/marcos/anaconda3/envs/XPe-IGTI/lib/python3.8/site-packages/airflow/example_dags/example_bash_operator.py took 0.093 seconds
[2023-11-28T18:58:38.267-0300] {processor.py:157} INFO - Started process (PID=145713) to work on /home/marcos/anaconda3/envs/XPe-IGTI/lib/python3.8/site-packages/airflow/example_dags/example_bash_operator.py
[2023-11-28T18:58:38.273-0300] {processor.py:829} INFO - Processing file /home/marcos/anaconda3/envs/XPe-IGTI/lib/python3.8/site-packages/airflow/example_dags/example_bash_operator.py for tasks to queue
[2023-11-28T18:58:38.275-0300] {logging_mixin.py:154} INFO - [2023-11-28T18:58:38.274-0300] {dagbag.py:536} INFO - Filling up the DagBag from /home/marcos/anaconda3/envs/XPe-IGTI/lib/python3.8/site-packages/airflow/example_dags/example_bash_operator.py
[2023-11-28T18:58:38.296-0300] {processor.py:839} INFO - DAG(s) dict_keys(['example_bash_operator']) retrieved from /home/marcos/anaconda3/envs/XPe-IGTI/lib/python3.8/site-packages/airflow/example_dags/example_bash_operator.py
[2023-11-28T18:58:38.327-0300] {logging_mixin.py:154} INFO - [2023-11-28T18:58:38.327-0300] {dag.py:2941} INFO - Sync 1 DAGs
[2023-11-28T18:58:38.350-0300] {logging_mixin.py:154} INFO - [2023-11-28T18:58:38.350-0300] {dag.py:3722} INFO - Setting next_dagrun for example_bash_operator to 2023-11-27T00:00:00+00:00, run_after=2023-11-28T00:00:00+00:00
[2023-11-28T18:58:38.370-0300] {processor.py:179} INFO - Processing /home/marcos/anaconda3/envs/XPe-IGTI/lib/python3.8/site-packages/airflow/example_dags/example_bash_operator.py took 0.111 seconds
[2023-11-28T18:59:38.867-0300] {processor.py:157} INFO - Started process (PID=145816) to work on /home/marcos/anaconda3/envs/XPe-IGTI/lib/python3.8/site-packages/airflow/example_dags/example_bash_operator.py
[2023-11-28T18:59:38.872-0300] {processor.py:829} INFO - Processing file /home/marcos/anaconda3/envs/XPe-IGTI/lib/python3.8/site-packages/airflow/example_dags/example_bash_operator.py for tasks to queue
[2023-11-28T18:59:38.884-0300] {logging_mixin.py:154} INFO - [2023-11-28T18:59:38.873-0300] {dagbag.py:536} INFO - Filling up the DagBag from /home/marcos/anaconda3/envs/XPe-IGTI/lib/python3.8/site-packages/airflow/example_dags/example_bash_operator.py
[2023-11-28T18:59:38.907-0300] {processor.py:839} INFO - DAG(s) dict_keys(['example_bash_operator']) retrieved from /home/marcos/anaconda3/envs/XPe-IGTI/lib/python3.8/site-packages/airflow/example_dags/example_bash_operator.py
[2023-11-28T18:59:38.947-0300] {logging_mixin.py:154} INFO - [2023-11-28T18:59:38.947-0300] {dag.py:2941} INFO - Sync 1 DAGs
[2023-11-28T18:59:38.970-0300] {logging_mixin.py:154} INFO - [2023-11-28T18:59:38.970-0300] {dag.py:3722} INFO - Setting next_dagrun for example_bash_operator to 2023-11-27T00:00:00+00:00, run_after=2023-11-28T00:00:00+00:00
[2023-11-28T18:59:38.996-0300] {processor.py:179} INFO - Processing /home/marcos/anaconda3/envs/XPe-IGTI/lib/python3.8/site-packages/airflow/example_dags/example_bash_operator.py took 0.133 seconds
[2023-11-28T19:00:32.235-0300] {processor.py:157} INFO - Started process (PID=145900) to work on /home/marcos/anaconda3/envs/XPe-IGTI/lib/python3.8/site-packages/airflow/example_dags/example_bash_operator.py
[2023-11-28T19:00:32.239-0300] {processor.py:829} INFO - Processing file /home/marcos/anaconda3/envs/XPe-IGTI/lib/python3.8/site-packages/airflow/example_dags/example_bash_operator.py for tasks to queue
[2023-11-28T19:00:32.241-0300] {logging_mixin.py:154} INFO - [2023-11-28T19:00:32.240-0300] {dagbag.py:536} INFO - Filling up the DagBag from /home/marcos/anaconda3/envs/XPe-IGTI/lib/python3.8/site-packages/airflow/example_dags/example_bash_operator.py
[2023-11-28T19:00:32.258-0300] {processor.py:839} INFO - DAG(s) dict_keys(['example_bash_operator']) retrieved from /home/marcos/anaconda3/envs/XPe-IGTI/lib/python3.8/site-packages/airflow/example_dags/example_bash_operator.py
[2023-11-28T19:00:32.287-0300] {logging_mixin.py:154} INFO - [2023-11-28T19:00:32.286-0300] {dag.py:2941} INFO - Sync 1 DAGs
[2023-11-28T19:00:32.309-0300] {logging_mixin.py:154} INFO - [2023-11-28T19:00:32.309-0300] {dag.py:3722} INFO - Setting next_dagrun for example_bash_operator to 2023-11-27T00:00:00+00:00, run_after=2023-11-28T00:00:00+00:00
[2023-11-28T19:00:32.331-0300] {processor.py:179} INFO - Processing /home/marcos/anaconda3/envs/XPe-IGTI/lib/python3.8/site-packages/airflow/example_dags/example_bash_operator.py took 0.101 seconds
[2023-11-28T19:01:26.199-0300] {processor.py:157} INFO - Started process (PID=145990) to work on /home/marcos/anaconda3/envs/XPe-IGTI/lib/python3.8/site-packages/airflow/example_dags/example_bash_operator.py
[2023-11-28T19:01:26.203-0300] {processor.py:829} INFO - Processing file /home/marcos/anaconda3/envs/XPe-IGTI/lib/python3.8/site-packages/airflow/example_dags/example_bash_operator.py for tasks to queue
[2023-11-28T19:01:26.204-0300] {logging_mixin.py:154} INFO - [2023-11-28T19:01:26.204-0300] {dagbag.py:536} INFO - Filling up the DagBag from /home/marcos/anaconda3/envs/XPe-IGTI/lib/python3.8/site-packages/airflow/example_dags/example_bash_operator.py
[2023-11-28T19:01:26.218-0300] {processor.py:839} INFO - DAG(s) dict_keys(['example_bash_operator']) retrieved from /home/marcos/anaconda3/envs/XPe-IGTI/lib/python3.8/site-packages/airflow/example_dags/example_bash_operator.py
[2023-11-28T19:01:26.249-0300] {logging_mixin.py:154} INFO - [2023-11-28T19:01:26.249-0300] {dag.py:2941} INFO - Sync 1 DAGs
[2023-11-28T19:01:26.273-0300] {logging_mixin.py:154} INFO - [2023-11-28T19:01:26.273-0300] {dag.py:3722} INFO - Setting next_dagrun for example_bash_operator to 2023-11-27T00:00:00+00:00, run_after=2023-11-28T00:00:00+00:00
[2023-11-28T19:01:26.299-0300] {processor.py:179} INFO - Processing /home/marcos/anaconda3/envs/XPe-IGTI/lib/python3.8/site-packages/airflow/example_dags/example_bash_operator.py took 0.103 seconds
[2023-11-28T19:02:27.521-0300] {processor.py:157} INFO - Started process (PID=146133) to work on /home/marcos/anaconda3/envs/XPe-IGTI/lib/python3.8/site-packages/airflow/example_dags/example_bash_operator.py
[2023-11-28T19:02:27.523-0300] {processor.py:829} INFO - Processing file /home/marcos/anaconda3/envs/XPe-IGTI/lib/python3.8/site-packages/airflow/example_dags/example_bash_operator.py for tasks to queue
[2023-11-28T19:02:27.524-0300] {logging_mixin.py:154} INFO - [2023-11-28T19:02:27.524-0300] {dagbag.py:536} INFO - Filling up the DagBag from /home/marcos/anaconda3/envs/XPe-IGTI/lib/python3.8/site-packages/airflow/example_dags/example_bash_operator.py
[2023-11-28T19:02:27.539-0300] {processor.py:839} INFO - DAG(s) dict_keys(['example_bash_operator']) retrieved from /home/marcos/anaconda3/envs/XPe-IGTI/lib/python3.8/site-packages/airflow/example_dags/example_bash_operator.py
[2023-11-28T19:02:27.572-0300] {logging_mixin.py:154} INFO - [2023-11-28T19:02:27.572-0300] {dag.py:2941} INFO - Sync 1 DAGs
[2023-11-28T19:02:27.599-0300] {logging_mixin.py:154} INFO - [2023-11-28T19:02:27.599-0300] {dag.py:3722} INFO - Setting next_dagrun for example_bash_operator to 2023-11-27T00:00:00+00:00, run_after=2023-11-28T00:00:00+00:00
[2023-11-28T19:02:27.629-0300] {processor.py:179} INFO - Processing /home/marcos/anaconda3/envs/XPe-IGTI/lib/python3.8/site-packages/airflow/example_dags/example_bash_operator.py took 0.113 seconds
[2023-11-28T19:03:22.807-0300] {processor.py:157} INFO - Started process (PID=146231) to work on /home/marcos/anaconda3/envs/XPe-IGTI/lib/python3.8/site-packages/airflow/example_dags/example_bash_operator.py
[2023-11-28T19:03:22.812-0300] {processor.py:829} INFO - Processing file /home/marcos/anaconda3/envs/XPe-IGTI/lib/python3.8/site-packages/airflow/example_dags/example_bash_operator.py for tasks to queue
[2023-11-28T19:03:22.813-0300] {logging_mixin.py:154} INFO - [2023-11-28T19:03:22.813-0300] {dagbag.py:536} INFO - Filling up the DagBag from /home/marcos/anaconda3/envs/XPe-IGTI/lib/python3.8/site-packages/airflow/example_dags/example_bash_operator.py
[2023-11-28T19:03:22.834-0300] {processor.py:839} INFO - DAG(s) dict_keys(['example_bash_operator']) retrieved from /home/marcos/anaconda3/envs/XPe-IGTI/lib/python3.8/site-packages/airflow/example_dags/example_bash_operator.py
[2023-11-28T19:03:22.872-0300] {logging_mixin.py:154} INFO - [2023-11-28T19:03:22.872-0300] {dag.py:2941} INFO - Sync 1 DAGs
[2023-11-28T19:03:22.907-0300] {logging_mixin.py:154} INFO - [2023-11-28T19:03:22.907-0300] {dag.py:3722} INFO - Setting next_dagrun for example_bash_operator to 2023-11-27T00:00:00+00:00, run_after=2023-11-28T00:00:00+00:00
[2023-11-28T19:03:22.936-0300] {processor.py:179} INFO - Processing /home/marcos/anaconda3/envs/XPe-IGTI/lib/python3.8/site-packages/airflow/example_dags/example_bash_operator.py took 0.133 seconds
[2023-11-28T19:04:31.726-0300] {processor.py:157} INFO - Started process (PID=146368) to work on /home/marcos/anaconda3/envs/XPe-IGTI/lib/python3.8/site-packages/airflow/example_dags/example_bash_operator.py
[2023-11-28T19:04:31.731-0300] {processor.py:829} INFO - Processing file /home/marcos/anaconda3/envs/XPe-IGTI/lib/python3.8/site-packages/airflow/example_dags/example_bash_operator.py for tasks to queue
[2023-11-28T19:04:31.732-0300] {logging_mixin.py:154} INFO - [2023-11-28T19:04:31.732-0300] {dagbag.py:536} INFO - Filling up the DagBag from /home/marcos/anaconda3/envs/XPe-IGTI/lib/python3.8/site-packages/airflow/example_dags/example_bash_operator.py
[2023-11-28T19:04:31.754-0300] {processor.py:839} INFO - DAG(s) dict_keys(['example_bash_operator']) retrieved from /home/marcos/anaconda3/envs/XPe-IGTI/lib/python3.8/site-packages/airflow/example_dags/example_bash_operator.py
[2023-11-28T19:04:31.792-0300] {logging_mixin.py:154} INFO - [2023-11-28T19:04:31.791-0300] {dag.py:2941} INFO - Sync 1 DAGs
[2023-11-28T19:04:31.822-0300] {logging_mixin.py:154} INFO - [2023-11-28T19:04:31.822-0300] {dag.py:3722} INFO - Setting next_dagrun for example_bash_operator to 2023-11-27T00:00:00+00:00, run_after=2023-11-28T00:00:00+00:00
[2023-11-28T19:04:31.854-0300] {processor.py:179} INFO - Processing /home/marcos/anaconda3/envs/XPe-IGTI/lib/python3.8/site-packages/airflow/example_dags/example_bash_operator.py took 0.135 seconds
[2023-11-28T19:05:48.849-0300] {processor.py:157} INFO - Started process (PID=146491) to work on /home/marcos/anaconda3/envs/XPe-IGTI/lib/python3.8/site-packages/airflow/example_dags/example_bash_operator.py
[2023-11-28T19:05:48.851-0300] {processor.py:829} INFO - Processing file /home/marcos/anaconda3/envs/XPe-IGTI/lib/python3.8/site-packages/airflow/example_dags/example_bash_operator.py for tasks to queue
[2023-11-28T19:05:48.853-0300] {logging_mixin.py:154} INFO - [2023-11-28T19:05:48.852-0300] {dagbag.py:536} INFO - Filling up the DagBag from /home/marcos/anaconda3/envs/XPe-IGTI/lib/python3.8/site-packages/airflow/example_dags/example_bash_operator.py
[2023-11-28T19:05:48.880-0300] {processor.py:839} INFO - DAG(s) dict_keys(['example_bash_operator']) retrieved from /home/marcos/anaconda3/envs/XPe-IGTI/lib/python3.8/site-packages/airflow/example_dags/example_bash_operator.py
[2023-11-28T19:05:48.929-0300] {logging_mixin.py:154} INFO - [2023-11-28T19:05:48.928-0300] {dag.py:2941} INFO - Sync 1 DAGs
[2023-11-28T19:05:48.970-0300] {logging_mixin.py:154} INFO - [2023-11-28T19:05:48.969-0300] {dag.py:3722} INFO - Setting next_dagrun for example_bash_operator to 2023-11-27T00:00:00+00:00, run_after=2023-11-28T00:00:00+00:00
[2023-11-28T19:05:49.009-0300] {processor.py:179} INFO - Processing /home/marcos/anaconda3/envs/XPe-IGTI/lib/python3.8/site-packages/airflow/example_dags/example_bash_operator.py took 0.166 seconds
[2023-11-28T19:07:01.638-0300] {processor.py:157} INFO - Started process (PID=146622) to work on /home/marcos/anaconda3/envs/XPe-IGTI/lib/python3.8/site-packages/airflow/example_dags/example_bash_operator.py
[2023-11-28T19:07:01.642-0300] {processor.py:829} INFO - Processing file /home/marcos/anaconda3/envs/XPe-IGTI/lib/python3.8/site-packages/airflow/example_dags/example_bash_operator.py for tasks to queue
[2023-11-28T19:07:01.646-0300] {logging_mixin.py:154} INFO - [2023-11-28T19:07:01.645-0300] {dagbag.py:536} INFO - Filling up the DagBag from /home/marcos/anaconda3/envs/XPe-IGTI/lib/python3.8/site-packages/airflow/example_dags/example_bash_operator.py
[2023-11-28T19:07:01.666-0300] {processor.py:839} INFO - DAG(s) dict_keys(['example_bash_operator']) retrieved from /home/marcos/anaconda3/envs/XPe-IGTI/lib/python3.8/site-packages/airflow/example_dags/example_bash_operator.py
[2023-11-28T19:07:01.689-0300] {logging_mixin.py:154} INFO - [2023-11-28T19:07:01.689-0300] {dag.py:2941} INFO - Sync 1 DAGs
[2023-11-28T19:07:01.706-0300] {logging_mixin.py:154} INFO - [2023-11-28T19:07:01.706-0300] {dag.py:3722} INFO - Setting next_dagrun for example_bash_operator to 2023-11-27T00:00:00+00:00, run_after=2023-11-28T00:00:00+00:00
[2023-11-28T19:07:01.724-0300] {processor.py:179} INFO - Processing /home/marcos/anaconda3/envs/XPe-IGTI/lib/python3.8/site-packages/airflow/example_dags/example_bash_operator.py took 0.091 seconds
[2023-11-28T19:08:04.134-0300] {processor.py:157} INFO - Started process (PID=146709) to work on /home/marcos/anaconda3/envs/XPe-IGTI/lib/python3.8/site-packages/airflow/example_dags/example_bash_operator.py
[2023-11-28T19:08:04.139-0300] {processor.py:829} INFO - Processing file /home/marcos/anaconda3/envs/XPe-IGTI/lib/python3.8/site-packages/airflow/example_dags/example_bash_operator.py for tasks to queue
[2023-11-28T19:08:04.143-0300] {logging_mixin.py:154} INFO - [2023-11-28T19:08:04.142-0300] {dagbag.py:536} INFO - Filling up the DagBag from /home/marcos/anaconda3/envs/XPe-IGTI/lib/python3.8/site-packages/airflow/example_dags/example_bash_operator.py
[2023-11-28T19:08:04.156-0300] {processor.py:839} INFO - DAG(s) dict_keys(['example_bash_operator']) retrieved from /home/marcos/anaconda3/envs/XPe-IGTI/lib/python3.8/site-packages/airflow/example_dags/example_bash_operator.py
[2023-11-28T19:08:04.188-0300] {logging_mixin.py:154} INFO - [2023-11-28T19:08:04.187-0300] {dag.py:2941} INFO - Sync 1 DAGs
[2023-11-28T19:08:04.208-0300] {logging_mixin.py:154} INFO - [2023-11-28T19:08:04.208-0300] {dag.py:3722} INFO - Setting next_dagrun for example_bash_operator to 2023-11-27T00:00:00+00:00, run_after=2023-11-28T00:00:00+00:00
[2023-11-28T19:08:04.227-0300] {processor.py:179} INFO - Processing /home/marcos/anaconda3/envs/XPe-IGTI/lib/python3.8/site-packages/airflow/example_dags/example_bash_operator.py took 0.096 seconds
[2023-11-28T19:09:59.814-0300] {processor.py:157} INFO - Started process (PID=146957) to work on /home/marcos/anaconda3/envs/XPe-IGTI/lib/python3.8/site-packages/airflow/example_dags/example_bash_operator.py
[2023-11-28T19:09:59.819-0300] {processor.py:829} INFO - Processing file /home/marcos/anaconda3/envs/XPe-IGTI/lib/python3.8/site-packages/airflow/example_dags/example_bash_operator.py for tasks to queue
[2023-11-28T19:09:59.824-0300] {logging_mixin.py:154} INFO - [2023-11-28T19:09:59.823-0300] {dagbag.py:536} INFO - Filling up the DagBag from /home/marcos/anaconda3/envs/XPe-IGTI/lib/python3.8/site-packages/airflow/example_dags/example_bash_operator.py
[2023-11-28T19:09:59.847-0300] {processor.py:839} INFO - DAG(s) dict_keys(['example_bash_operator']) retrieved from /home/marcos/anaconda3/envs/XPe-IGTI/lib/python3.8/site-packages/airflow/example_dags/example_bash_operator.py
[2023-11-28T19:09:59.887-0300] {logging_mixin.py:154} INFO - [2023-11-28T19:09:59.887-0300] {dag.py:2941} INFO - Sync 1 DAGs
[2023-11-28T19:09:59.921-0300] {logging_mixin.py:154} INFO - [2023-11-28T19:09:59.921-0300] {dag.py:3722} INFO - Setting next_dagrun for example_bash_operator to 2023-11-27T00:00:00+00:00, run_after=2023-11-28T00:00:00+00:00
[2023-11-28T19:09:59.954-0300] {processor.py:179} INFO - Processing /home/marcos/anaconda3/envs/XPe-IGTI/lib/python3.8/site-packages/airflow/example_dags/example_bash_operator.py took 0.146 seconds
[2023-11-28T19:11:00.311-0300] {processor.py:157} INFO - Started process (PID=147105) to work on /home/marcos/anaconda3/envs/XPe-IGTI/lib/python3.8/site-packages/airflow/example_dags/example_bash_operator.py
[2023-11-28T19:11:00.316-0300] {processor.py:829} INFO - Processing file /home/marcos/anaconda3/envs/XPe-IGTI/lib/python3.8/site-packages/airflow/example_dags/example_bash_operator.py for tasks to queue
[2023-11-28T19:11:00.324-0300] {logging_mixin.py:154} INFO - [2023-11-28T19:11:00.323-0300] {dagbag.py:536} INFO - Filling up the DagBag from /home/marcos/anaconda3/envs/XPe-IGTI/lib/python3.8/site-packages/airflow/example_dags/example_bash_operator.py
[2023-11-28T19:11:00.351-0300] {processor.py:839} INFO - DAG(s) dict_keys(['example_bash_operator']) retrieved from /home/marcos/anaconda3/envs/XPe-IGTI/lib/python3.8/site-packages/airflow/example_dags/example_bash_operator.py
[2023-11-28T19:11:00.376-0300] {logging_mixin.py:154} INFO - [2023-11-28T19:11:00.376-0300] {dag.py:2941} INFO - Sync 1 DAGs
[2023-11-28T19:11:00.395-0300] {logging_mixin.py:154} INFO - [2023-11-28T19:11:00.395-0300] {dag.py:3722} INFO - Setting next_dagrun for example_bash_operator to 2023-11-27T00:00:00+00:00, run_after=2023-11-28T00:00:00+00:00
[2023-11-28T19:11:00.416-0300] {processor.py:179} INFO - Processing /home/marcos/anaconda3/envs/XPe-IGTI/lib/python3.8/site-packages/airflow/example_dags/example_bash_operator.py took 0.109 seconds
[2023-11-28T19:12:08.841-0300] {processor.py:157} INFO - Started process (PID=147330) to work on /home/marcos/anaconda3/envs/XPe-IGTI/lib/python3.8/site-packages/airflow/example_dags/example_bash_operator.py
[2023-11-28T19:12:08.846-0300] {processor.py:829} INFO - Processing file /home/marcos/anaconda3/envs/XPe-IGTI/lib/python3.8/site-packages/airflow/example_dags/example_bash_operator.py for tasks to queue
[2023-11-28T19:12:08.851-0300] {logging_mixin.py:154} INFO - [2023-11-28T19:12:08.850-0300] {dagbag.py:536} INFO - Filling up the DagBag from /home/marcos/anaconda3/envs/XPe-IGTI/lib/python3.8/site-packages/airflow/example_dags/example_bash_operator.py
[2023-11-28T19:12:08.877-0300] {processor.py:839} INFO - DAG(s) dict_keys(['example_bash_operator']) retrieved from /home/marcos/anaconda3/envs/XPe-IGTI/lib/python3.8/site-packages/airflow/example_dags/example_bash_operator.py
[2023-11-28T19:12:08.925-0300] {logging_mixin.py:154} INFO - [2023-11-28T19:12:08.924-0300] {dag.py:2941} INFO - Sync 1 DAGs
[2023-11-28T19:12:08.965-0300] {logging_mixin.py:154} INFO - [2023-11-28T19:12:08.965-0300] {dag.py:3722} INFO - Setting next_dagrun for example_bash_operator to 2023-11-27T00:00:00+00:00, run_after=2023-11-28T00:00:00+00:00
[2023-11-28T19:12:08.997-0300] {processor.py:179} INFO - Processing /home/marcos/anaconda3/envs/XPe-IGTI/lib/python3.8/site-packages/airflow/example_dags/example_bash_operator.py took 0.162 seconds
[2023-11-28T19:13:23.821-0300] {processor.py:157} INFO - Started process (PID=147491) to work on /home/marcos/anaconda3/envs/XPe-IGTI/lib/python3.8/site-packages/airflow/example_dags/example_bash_operator.py
[2023-11-28T19:13:23.823-0300] {processor.py:829} INFO - Processing file /home/marcos/anaconda3/envs/XPe-IGTI/lib/python3.8/site-packages/airflow/example_dags/example_bash_operator.py for tasks to queue
[2023-11-28T19:13:23.827-0300] {logging_mixin.py:154} INFO - [2023-11-28T19:13:23.827-0300] {dagbag.py:536} INFO - Filling up the DagBag from /home/marcos/anaconda3/envs/XPe-IGTI/lib/python3.8/site-packages/airflow/example_dags/example_bash_operator.py
[2023-11-28T19:13:23.855-0300] {processor.py:839} INFO - DAG(s) dict_keys(['example_bash_operator']) retrieved from /home/marcos/anaconda3/envs/XPe-IGTI/lib/python3.8/site-packages/airflow/example_dags/example_bash_operator.py
[2023-11-28T19:13:23.895-0300] {logging_mixin.py:154} INFO - [2023-11-28T19:13:23.895-0300] {dag.py:2941} INFO - Sync 1 DAGs
[2023-11-28T19:13:23.929-0300] {logging_mixin.py:154} INFO - [2023-11-28T19:13:23.929-0300] {dag.py:3722} INFO - Setting next_dagrun for example_bash_operator to 2023-11-27T00:00:00+00:00, run_after=2023-11-28T00:00:00+00:00
[2023-11-28T19:13:23.961-0300] {processor.py:179} INFO - Processing /home/marcos/anaconda3/envs/XPe-IGTI/lib/python3.8/site-packages/airflow/example_dags/example_bash_operator.py took 0.146 seconds
[2023-11-28T19:14:20.464-0300] {processor.py:157} INFO - Started process (PID=147553) to work on /home/marcos/anaconda3/envs/XPe-IGTI/lib/python3.8/site-packages/airflow/example_dags/example_bash_operator.py
[2023-11-28T19:14:20.468-0300] {processor.py:829} INFO - Processing file /home/marcos/anaconda3/envs/XPe-IGTI/lib/python3.8/site-packages/airflow/example_dags/example_bash_operator.py for tasks to queue
[2023-11-28T19:14:20.472-0300] {logging_mixin.py:154} INFO - [2023-11-28T19:14:20.471-0300] {dagbag.py:536} INFO - Filling up the DagBag from /home/marcos/anaconda3/envs/XPe-IGTI/lib/python3.8/site-packages/airflow/example_dags/example_bash_operator.py
[2023-11-28T19:14:20.498-0300] {processor.py:839} INFO - DAG(s) dict_keys(['example_bash_operator']) retrieved from /home/marcos/anaconda3/envs/XPe-IGTI/lib/python3.8/site-packages/airflow/example_dags/example_bash_operator.py
[2023-11-28T19:14:20.554-0300] {logging_mixin.py:154} INFO - [2023-11-28T19:14:20.553-0300] {dag.py:2941} INFO - Sync 1 DAGs
[2023-11-28T19:14:20.595-0300] {logging_mixin.py:154} INFO - [2023-11-28T19:14:20.594-0300] {dag.py:3722} INFO - Setting next_dagrun for example_bash_operator to 2023-11-27T00:00:00+00:00, run_after=2023-11-28T00:00:00+00:00
[2023-11-28T19:14:20.629-0300] {processor.py:179} INFO - Processing /home/marcos/anaconda3/envs/XPe-IGTI/lib/python3.8/site-packages/airflow/example_dags/example_bash_operator.py took 0.170 seconds
[2023-11-28T19:15:32.575-0300] {processor.py:157} INFO - Started process (PID=147625) to work on /home/marcos/anaconda3/envs/XPe-IGTI/lib/python3.8/site-packages/airflow/example_dags/example_bash_operator.py
[2023-11-28T19:15:32.579-0300] {processor.py:829} INFO - Processing file /home/marcos/anaconda3/envs/XPe-IGTI/lib/python3.8/site-packages/airflow/example_dags/example_bash_operator.py for tasks to queue
[2023-11-28T19:15:32.584-0300] {logging_mixin.py:154} INFO - [2023-11-28T19:15:32.584-0300] {dagbag.py:536} INFO - Filling up the DagBag from /home/marcos/anaconda3/envs/XPe-IGTI/lib/python3.8/site-packages/airflow/example_dags/example_bash_operator.py
[2023-11-28T19:15:32.612-0300] {processor.py:839} INFO - DAG(s) dict_keys(['example_bash_operator']) retrieved from /home/marcos/anaconda3/envs/XPe-IGTI/lib/python3.8/site-packages/airflow/example_dags/example_bash_operator.py
[2023-11-28T19:15:32.664-0300] {logging_mixin.py:154} INFO - [2023-11-28T19:15:32.663-0300] {dag.py:2941} INFO - Sync 1 DAGs
[2023-11-28T19:15:32.707-0300] {logging_mixin.py:154} INFO - [2023-11-28T19:15:32.707-0300] {dag.py:3722} INFO - Setting next_dagrun for example_bash_operator to 2023-11-27T00:00:00+00:00, run_after=2023-11-28T00:00:00+00:00
[2023-11-28T19:15:32.744-0300] {processor.py:179} INFO - Processing /home/marcos/anaconda3/envs/XPe-IGTI/lib/python3.8/site-packages/airflow/example_dags/example_bash_operator.py took 0.173 seconds
[2023-11-28T19:16:41.277-0300] {processor.py:157} INFO - Started process (PID=147700) to work on /home/marcos/anaconda3/envs/XPe-IGTI/lib/python3.8/site-packages/airflow/example_dags/example_bash_operator.py
[2023-11-28T19:16:41.282-0300] {processor.py:829} INFO - Processing file /home/marcos/anaconda3/envs/XPe-IGTI/lib/python3.8/site-packages/airflow/example_dags/example_bash_operator.py for tasks to queue
[2023-11-28T19:16:41.286-0300] {logging_mixin.py:154} INFO - [2023-11-28T19:16:41.285-0300] {dagbag.py:536} INFO - Filling up the DagBag from /home/marcos/anaconda3/envs/XPe-IGTI/lib/python3.8/site-packages/airflow/example_dags/example_bash_operator.py
[2023-11-28T19:16:41.306-0300] {processor.py:839} INFO - DAG(s) dict_keys(['example_bash_operator']) retrieved from /home/marcos/anaconda3/envs/XPe-IGTI/lib/python3.8/site-packages/airflow/example_dags/example_bash_operator.py
[2023-11-28T19:16:41.343-0300] {logging_mixin.py:154} INFO - [2023-11-28T19:16:41.343-0300] {dag.py:2941} INFO - Sync 1 DAGs
[2023-11-28T19:16:41.378-0300] {logging_mixin.py:154} INFO - [2023-11-28T19:16:41.378-0300] {dag.py:3722} INFO - Setting next_dagrun for example_bash_operator to 2023-11-27T00:00:00+00:00, run_after=2023-11-28T00:00:00+00:00
[2023-11-28T19:16:41.411-0300] {processor.py:179} INFO - Processing /home/marcos/anaconda3/envs/XPe-IGTI/lib/python3.8/site-packages/airflow/example_dags/example_bash_operator.py took 0.138 seconds
[2023-11-28T19:17:45.623-0300] {processor.py:157} INFO - Started process (PID=147800) to work on /home/marcos/anaconda3/envs/XPe-IGTI/lib/python3.8/site-packages/airflow/example_dags/example_bash_operator.py
[2023-11-28T19:17:45.628-0300] {processor.py:829} INFO - Processing file /home/marcos/anaconda3/envs/XPe-IGTI/lib/python3.8/site-packages/airflow/example_dags/example_bash_operator.py for tasks to queue
[2023-11-28T19:17:45.632-0300] {logging_mixin.py:154} INFO - [2023-11-28T19:17:45.631-0300] {dagbag.py:536} INFO - Filling up the DagBag from /home/marcos/anaconda3/envs/XPe-IGTI/lib/python3.8/site-packages/airflow/example_dags/example_bash_operator.py
[2023-11-28T19:17:45.650-0300] {processor.py:839} INFO - DAG(s) dict_keys(['example_bash_operator']) retrieved from /home/marcos/anaconda3/envs/XPe-IGTI/lib/python3.8/site-packages/airflow/example_dags/example_bash_operator.py
[2023-11-28T19:17:45.688-0300] {logging_mixin.py:154} INFO - [2023-11-28T19:17:45.688-0300] {dag.py:2941} INFO - Sync 1 DAGs
[2023-11-28T19:17:45.722-0300] {logging_mixin.py:154} INFO - [2023-11-28T19:17:45.722-0300] {dag.py:3722} INFO - Setting next_dagrun for example_bash_operator to 2023-11-27T00:00:00+00:00, run_after=2023-11-28T00:00:00+00:00
[2023-11-28T19:17:46.405-0300] {processor.py:179} INFO - Processing /home/marcos/anaconda3/envs/XPe-IGTI/lib/python3.8/site-packages/airflow/example_dags/example_bash_operator.py took 0.787 seconds
[2023-11-28T19:18:56.191-0300] {processor.py:157} INFO - Started process (PID=147886) to work on /home/marcos/anaconda3/envs/XPe-IGTI/lib/python3.8/site-packages/airflow/example_dags/example_bash_operator.py
[2023-11-28T19:18:56.197-0300] {processor.py:829} INFO - Processing file /home/marcos/anaconda3/envs/XPe-IGTI/lib/python3.8/site-packages/airflow/example_dags/example_bash_operator.py for tasks to queue
[2023-11-28T19:18:56.202-0300] {logging_mixin.py:154} INFO - [2023-11-28T19:18:56.202-0300] {dagbag.py:536} INFO - Filling up the DagBag from /home/marcos/anaconda3/envs/XPe-IGTI/lib/python3.8/site-packages/airflow/example_dags/example_bash_operator.py
[2023-11-28T19:18:56.238-0300] {processor.py:839} INFO - DAG(s) dict_keys(['example_bash_operator']) retrieved from /home/marcos/anaconda3/envs/XPe-IGTI/lib/python3.8/site-packages/airflow/example_dags/example_bash_operator.py
[2023-11-28T19:18:56.293-0300] {logging_mixin.py:154} INFO - [2023-11-28T19:18:56.292-0300] {dag.py:2941} INFO - Sync 1 DAGs
[2023-11-28T19:18:56.329-0300] {logging_mixin.py:154} INFO - [2023-11-28T19:18:56.328-0300] {dag.py:3722} INFO - Setting next_dagrun for example_bash_operator to 2023-11-27T00:00:00+00:00, run_after=2023-11-28T00:00:00+00:00
[2023-11-28T19:18:56.365-0300] {processor.py:179} INFO - Processing /home/marcos/anaconda3/envs/XPe-IGTI/lib/python3.8/site-packages/airflow/example_dags/example_bash_operator.py took 0.181 seconds
[2023-11-28T19:21:24.506-0300] {processor.py:157} INFO - Started process (PID=148650) to work on /home/marcos/anaconda3/envs/XPe-IGTI/lib/python3.8/site-packages/airflow/example_dags/example_bash_operator.py
[2023-11-28T19:21:24.511-0300] {processor.py:829} INFO - Processing file /home/marcos/anaconda3/envs/XPe-IGTI/lib/python3.8/site-packages/airflow/example_dags/example_bash_operator.py for tasks to queue
[2023-11-28T19:21:24.519-0300] {logging_mixin.py:154} INFO - [2023-11-28T19:21:24.518-0300] {dagbag.py:536} INFO - Filling up the DagBag from /home/marcos/anaconda3/envs/XPe-IGTI/lib/python3.8/site-packages/airflow/example_dags/example_bash_operator.py
[2023-11-28T19:21:24.552-0300] {processor.py:839} INFO - DAG(s) dict_keys(['example_bash_operator']) retrieved from /home/marcos/anaconda3/envs/XPe-IGTI/lib/python3.8/site-packages/airflow/example_dags/example_bash_operator.py
[2023-11-28T19:21:24.590-0300] {logging_mixin.py:154} INFO - [2023-11-28T19:21:24.590-0300] {dag.py:2941} INFO - Sync 1 DAGs
[2023-11-28T19:21:24.627-0300] {logging_mixin.py:154} INFO - [2023-11-28T19:21:24.627-0300] {dag.py:3722} INFO - Setting next_dagrun for example_bash_operator to 2023-11-27T00:00:00+00:00, run_after=2023-11-28T00:00:00+00:00
[2023-11-28T19:21:24.662-0300] {processor.py:179} INFO - Processing /home/marcos/anaconda3/envs/XPe-IGTI/lib/python3.8/site-packages/airflow/example_dags/example_bash_operator.py took 0.161 seconds
[2023-11-28T19:22:33.965-0300] {processor.py:157} INFO - Started process (PID=148849) to work on /home/marcos/anaconda3/envs/XPe-IGTI/lib/python3.8/site-packages/airflow/example_dags/example_bash_operator.py
[2023-11-28T19:22:33.970-0300] {processor.py:829} INFO - Processing file /home/marcos/anaconda3/envs/XPe-IGTI/lib/python3.8/site-packages/airflow/example_dags/example_bash_operator.py for tasks to queue
[2023-11-28T19:22:33.973-0300] {logging_mixin.py:154} INFO - [2023-11-28T19:22:33.972-0300] {dagbag.py:536} INFO - Filling up the DagBag from /home/marcos/anaconda3/envs/XPe-IGTI/lib/python3.8/site-packages/airflow/example_dags/example_bash_operator.py
[2023-11-28T19:22:33.992-0300] {processor.py:839} INFO - DAG(s) dict_keys(['example_bash_operator']) retrieved from /home/marcos/anaconda3/envs/XPe-IGTI/lib/python3.8/site-packages/airflow/example_dags/example_bash_operator.py
[2023-11-28T19:22:34.048-0300] {logging_mixin.py:154} INFO - [2023-11-28T19:22:34.047-0300] {dag.py:2941} INFO - Sync 1 DAGs
[2023-11-28T19:22:34.101-0300] {logging_mixin.py:154} INFO - [2023-11-28T19:22:34.100-0300] {dag.py:3722} INFO - Setting next_dagrun for example_bash_operator to 2023-11-27T00:00:00+00:00, run_after=2023-11-28T00:00:00+00:00
[2023-11-28T19:22:34.149-0300] {processor.py:179} INFO - Processing /home/marcos/anaconda3/envs/XPe-IGTI/lib/python3.8/site-packages/airflow/example_dags/example_bash_operator.py took 0.190 seconds
[2023-11-28T19:23:46.576-0300] {processor.py:157} INFO - Started process (PID=148948) to work on /home/marcos/anaconda3/envs/XPe-IGTI/lib/python3.8/site-packages/airflow/example_dags/example_bash_operator.py
[2023-11-28T19:23:46.581-0300] {processor.py:829} INFO - Processing file /home/marcos/anaconda3/envs/XPe-IGTI/lib/python3.8/site-packages/airflow/example_dags/example_bash_operator.py for tasks to queue
[2023-11-28T19:23:46.588-0300] {logging_mixin.py:154} INFO - [2023-11-28T19:23:46.587-0300] {dagbag.py:536} INFO - Filling up the DagBag from /home/marcos/anaconda3/envs/XPe-IGTI/lib/python3.8/site-packages/airflow/example_dags/example_bash_operator.py
[2023-11-28T19:23:46.609-0300] {processor.py:839} INFO - DAG(s) dict_keys(['example_bash_operator']) retrieved from /home/marcos/anaconda3/envs/XPe-IGTI/lib/python3.8/site-packages/airflow/example_dags/example_bash_operator.py
[2023-11-28T19:23:46.656-0300] {logging_mixin.py:154} INFO - [2023-11-28T19:23:46.656-0300] {dag.py:2941} INFO - Sync 1 DAGs
[2023-11-28T19:23:46.694-0300] {logging_mixin.py:154} INFO - [2023-11-28T19:23:46.694-0300] {dag.py:3722} INFO - Setting next_dagrun for example_bash_operator to 2023-11-27T00:00:00+00:00, run_after=2023-11-28T00:00:00+00:00
[2023-11-28T19:23:46.734-0300] {processor.py:179} INFO - Processing /home/marcos/anaconda3/envs/XPe-IGTI/lib/python3.8/site-packages/airflow/example_dags/example_bash_operator.py took 0.163 seconds
[2023-11-28T19:24:53.467-0300] {processor.py:157} INFO - Started process (PID=149019) to work on /home/marcos/anaconda3/envs/XPe-IGTI/lib/python3.8/site-packages/airflow/example_dags/example_bash_operator.py
[2023-11-28T19:24:53.471-0300] {processor.py:829} INFO - Processing file /home/marcos/anaconda3/envs/XPe-IGTI/lib/python3.8/site-packages/airflow/example_dags/example_bash_operator.py for tasks to queue
[2023-11-28T19:24:53.477-0300] {logging_mixin.py:154} INFO - [2023-11-28T19:24:53.476-0300] {dagbag.py:536} INFO - Filling up the DagBag from /home/marcos/anaconda3/envs/XPe-IGTI/lib/python3.8/site-packages/airflow/example_dags/example_bash_operator.py
[2023-11-28T19:24:53.497-0300] {processor.py:839} INFO - DAG(s) dict_keys(['example_bash_operator']) retrieved from /home/marcos/anaconda3/envs/XPe-IGTI/lib/python3.8/site-packages/airflow/example_dags/example_bash_operator.py
[2023-11-28T19:24:53.536-0300] {logging_mixin.py:154} INFO - [2023-11-28T19:24:53.536-0300] {dag.py:2941} INFO - Sync 1 DAGs
[2023-11-28T19:24:53.571-0300] {logging_mixin.py:154} INFO - [2023-11-28T19:24:53.570-0300] {dag.py:3722} INFO - Setting next_dagrun for example_bash_operator to 2023-11-27T00:00:00+00:00, run_after=2023-11-28T00:00:00+00:00
[2023-11-28T19:24:53.603-0300] {processor.py:179} INFO - Processing /home/marcos/anaconda3/envs/XPe-IGTI/lib/python3.8/site-packages/airflow/example_dags/example_bash_operator.py took 0.141 seconds
[2023-11-28T19:26:08.841-0300] {processor.py:157} INFO - Started process (PID=149100) to work on /home/marcos/anaconda3/envs/XPe-IGTI/lib/python3.8/site-packages/airflow/example_dags/example_bash_operator.py
[2023-11-28T19:26:08.842-0300] {processor.py:829} INFO - Processing file /home/marcos/anaconda3/envs/XPe-IGTI/lib/python3.8/site-packages/airflow/example_dags/example_bash_operator.py for tasks to queue
[2023-11-28T19:26:08.846-0300] {logging_mixin.py:154} INFO - [2023-11-28T19:26:08.845-0300] {dagbag.py:536} INFO - Filling up the DagBag from /home/marcos/anaconda3/envs/XPe-IGTI/lib/python3.8/site-packages/airflow/example_dags/example_bash_operator.py
[2023-11-28T19:26:08.865-0300] {processor.py:839} INFO - DAG(s) dict_keys(['example_bash_operator']) retrieved from /home/marcos/anaconda3/envs/XPe-IGTI/lib/python3.8/site-packages/airflow/example_dags/example_bash_operator.py
[2023-11-28T19:26:08.904-0300] {logging_mixin.py:154} INFO - [2023-11-28T19:26:08.904-0300] {dag.py:2941} INFO - Sync 1 DAGs
[2023-11-28T19:26:08.937-0300] {logging_mixin.py:154} INFO - [2023-11-28T19:26:08.937-0300] {dag.py:3722} INFO - Setting next_dagrun for example_bash_operator to 2023-11-27T00:00:00+00:00, run_after=2023-11-28T00:00:00+00:00
[2023-11-28T19:26:08.974-0300] {processor.py:179} INFO - Processing /home/marcos/anaconda3/envs/XPe-IGTI/lib/python3.8/site-packages/airflow/example_dags/example_bash_operator.py took 0.138 seconds
[2023-11-28T19:27:19.373-0300] {processor.py:157} INFO - Started process (PID=149201) to work on /home/marcos/anaconda3/envs/XPe-IGTI/lib/python3.8/site-packages/airflow/example_dags/example_bash_operator.py
[2023-11-28T19:27:19.377-0300] {processor.py:829} INFO - Processing file /home/marcos/anaconda3/envs/XPe-IGTI/lib/python3.8/site-packages/airflow/example_dags/example_bash_operator.py for tasks to queue
[2023-11-28T19:27:19.379-0300] {logging_mixin.py:154} INFO - [2023-11-28T19:27:19.379-0300] {dagbag.py:536} INFO - Filling up the DagBag from /home/marcos/anaconda3/envs/XPe-IGTI/lib/python3.8/site-packages/airflow/example_dags/example_bash_operator.py
[2023-11-28T19:27:19.393-0300] {processor.py:839} INFO - DAG(s) dict_keys(['example_bash_operator']) retrieved from /home/marcos/anaconda3/envs/XPe-IGTI/lib/python3.8/site-packages/airflow/example_dags/example_bash_operator.py
[2023-11-28T19:27:19.415-0300] {logging_mixin.py:154} INFO - [2023-11-28T19:27:19.415-0300] {dag.py:2941} INFO - Sync 1 DAGs
[2023-11-28T19:27:19.434-0300] {logging_mixin.py:154} INFO - [2023-11-28T19:27:19.434-0300] {dag.py:3722} INFO - Setting next_dagrun for example_bash_operator to 2023-11-27T00:00:00+00:00, run_after=2023-11-28T00:00:00+00:00
[2023-11-28T19:27:19.454-0300] {processor.py:179} INFO - Processing /home/marcos/anaconda3/envs/XPe-IGTI/lib/python3.8/site-packages/airflow/example_dags/example_bash_operator.py took 0.084 seconds
[2023-11-28T19:28:15.712-0300] {processor.py:157} INFO - Started process (PID=149303) to work on /home/marcos/anaconda3/envs/XPe-IGTI/lib/python3.8/site-packages/airflow/example_dags/example_bash_operator.py
[2023-11-28T19:28:15.716-0300] {processor.py:829} INFO - Processing file /home/marcos/anaconda3/envs/XPe-IGTI/lib/python3.8/site-packages/airflow/example_dags/example_bash_operator.py for tasks to queue
[2023-11-28T19:28:15.718-0300] {logging_mixin.py:154} INFO - [2023-11-28T19:28:15.718-0300] {dagbag.py:536} INFO - Filling up the DagBag from /home/marcos/anaconda3/envs/XPe-IGTI/lib/python3.8/site-packages/airflow/example_dags/example_bash_operator.py
[2023-11-28T19:28:15.732-0300] {processor.py:839} INFO - DAG(s) dict_keys(['example_bash_operator']) retrieved from /home/marcos/anaconda3/envs/XPe-IGTI/lib/python3.8/site-packages/airflow/example_dags/example_bash_operator.py
[2023-11-28T19:28:15.758-0300] {logging_mixin.py:154} INFO - [2023-11-28T19:28:15.758-0300] {dag.py:2941} INFO - Sync 1 DAGs
[2023-11-28T19:28:15.778-0300] {logging_mixin.py:154} INFO - [2023-11-28T19:28:15.778-0300] {dag.py:3722} INFO - Setting next_dagrun for example_bash_operator to 2023-11-27T00:00:00+00:00, run_after=2023-11-28T00:00:00+00:00
[2023-11-28T19:28:15.797-0300] {processor.py:179} INFO - Processing /home/marcos/anaconda3/envs/XPe-IGTI/lib/python3.8/site-packages/airflow/example_dags/example_bash_operator.py took 0.088 seconds
