[2023-11-27T21:00:22.411-0300] {processor.py:157} INFO - Started process (PID=51728) to work on /home/marcos/anaconda3/envs/XPe-IGTI/lib/python3.8/site-packages/airflow/example_dags/example_branch_labels.py
[2023-11-27T21:00:22.413-0300] {processor.py:829} INFO - Processing file /home/marcos/anaconda3/envs/XPe-IGTI/lib/python3.8/site-packages/airflow/example_dags/example_branch_labels.py for tasks to queue
[2023-11-27T21:00:22.414-0300] {logging_mixin.py:154} INFO - [2023-11-27T21:00:22.413-0300] {dagbag.py:536} INFO - Filling up the DagBag from /home/marcos/anaconda3/envs/XPe-IGTI/lib/python3.8/site-packages/airflow/example_dags/example_branch_labels.py
[2023-11-27T21:00:22.432-0300] {processor.py:839} INFO - DAG(s) dict_keys(['example_branch_labels']) retrieved from /home/marcos/anaconda3/envs/XPe-IGTI/lib/python3.8/site-packages/airflow/example_dags/example_branch_labels.py
[2023-11-27T21:00:22.460-0300] {logging_mixin.py:154} INFO - [2023-11-27T21:00:22.460-0300] {dag.py:2941} INFO - Sync 1 DAGs
[2023-11-27T21:00:22.496-0300] {logging_mixin.py:154} INFO - [2023-11-27T21:00:22.495-0300] {dag.py:3722} INFO - Setting next_dagrun for example_branch_labels to 2023-11-27T00:00:00+00:00, run_after=2023-11-28T00:00:00+00:00
[2023-11-27T21:00:22.538-0300] {processor.py:179} INFO - Processing /home/marcos/anaconda3/envs/XPe-IGTI/lib/python3.8/site-packages/airflow/example_dags/example_branch_labels.py took 0.132 seconds
[2023-11-27T21:01:22.922-0300] {processor.py:157} INFO - Started process (PID=51805) to work on /home/marcos/anaconda3/envs/XPe-IGTI/lib/python3.8/site-packages/airflow/example_dags/example_branch_labels.py
[2023-11-27T21:01:22.927-0300] {processor.py:829} INFO - Processing file /home/marcos/anaconda3/envs/XPe-IGTI/lib/python3.8/site-packages/airflow/example_dags/example_branch_labels.py for tasks to queue
[2023-11-27T21:01:22.929-0300] {logging_mixin.py:154} INFO - [2023-11-27T21:01:22.928-0300] {dagbag.py:536} INFO - Filling up the DagBag from /home/marcos/anaconda3/envs/XPe-IGTI/lib/python3.8/site-packages/airflow/example_dags/example_branch_labels.py
[2023-11-27T21:01:22.946-0300] {processor.py:839} INFO - DAG(s) dict_keys(['example_branch_labels']) retrieved from /home/marcos/anaconda3/envs/XPe-IGTI/lib/python3.8/site-packages/airflow/example_dags/example_branch_labels.py
[2023-11-27T21:01:22.973-0300] {logging_mixin.py:154} INFO - [2023-11-27T21:01:22.973-0300] {dag.py:2941} INFO - Sync 1 DAGs
[2023-11-27T21:01:23.006-0300] {logging_mixin.py:154} INFO - [2023-11-27T21:01:23.006-0300] {dag.py:3722} INFO - Setting next_dagrun for example_branch_labels to 2023-11-27T00:00:00+00:00, run_after=2023-11-28T00:00:00+00:00
[2023-11-27T21:01:23.038-0300] {processor.py:179} INFO - Processing /home/marcos/anaconda3/envs/XPe-IGTI/lib/python3.8/site-packages/airflow/example_dags/example_branch_labels.py took 0.122 seconds
[2023-11-27T21:02:24.254-0300] {processor.py:157} INFO - Started process (PID=51906) to work on /home/marcos/anaconda3/envs/XPe-IGTI/lib/python3.8/site-packages/airflow/example_dags/example_branch_labels.py
[2023-11-27T21:02:24.260-0300] {processor.py:829} INFO - Processing file /home/marcos/anaconda3/envs/XPe-IGTI/lib/python3.8/site-packages/airflow/example_dags/example_branch_labels.py for tasks to queue
[2023-11-27T21:02:24.263-0300] {logging_mixin.py:154} INFO - [2023-11-27T21:02:24.262-0300] {dagbag.py:536} INFO - Filling up the DagBag from /home/marcos/anaconda3/envs/XPe-IGTI/lib/python3.8/site-packages/airflow/example_dags/example_branch_labels.py
[2023-11-27T21:02:24.299-0300] {processor.py:839} INFO - DAG(s) dict_keys(['example_branch_labels']) retrieved from /home/marcos/anaconda3/envs/XPe-IGTI/lib/python3.8/site-packages/airflow/example_dags/example_branch_labels.py
[2023-11-27T21:02:24.343-0300] {logging_mixin.py:154} INFO - [2023-11-27T21:02:24.343-0300] {dag.py:2941} INFO - Sync 1 DAGs
[2023-11-27T21:02:24.381-0300] {logging_mixin.py:154} INFO - [2023-11-27T21:02:24.381-0300] {dag.py:3722} INFO - Setting next_dagrun for example_branch_labels to 2023-11-27T00:00:00+00:00, run_after=2023-11-28T00:00:00+00:00
[2023-11-27T21:02:24.421-0300] {processor.py:179} INFO - Processing /home/marcos/anaconda3/envs/XPe-IGTI/lib/python3.8/site-packages/airflow/example_dags/example_branch_labels.py took 0.180 seconds
[2023-11-27T21:03:23.424-0300] {processor.py:157} INFO - Started process (PID=51982) to work on /home/marcos/anaconda3/envs/XPe-IGTI/lib/python3.8/site-packages/airflow/example_dags/example_branch_labels.py
[2023-11-27T21:03:23.432-0300] {processor.py:829} INFO - Processing file /home/marcos/anaconda3/envs/XPe-IGTI/lib/python3.8/site-packages/airflow/example_dags/example_branch_labels.py for tasks to queue
[2023-11-27T21:03:23.435-0300] {logging_mixin.py:154} INFO - [2023-11-27T21:03:23.434-0300] {dagbag.py:536} INFO - Filling up the DagBag from /home/marcos/anaconda3/envs/XPe-IGTI/lib/python3.8/site-packages/airflow/example_dags/example_branch_labels.py
[2023-11-27T21:03:23.468-0300] {processor.py:839} INFO - DAG(s) dict_keys(['example_branch_labels']) retrieved from /home/marcos/anaconda3/envs/XPe-IGTI/lib/python3.8/site-packages/airflow/example_dags/example_branch_labels.py
[2023-11-27T21:03:23.502-0300] {logging_mixin.py:154} INFO - [2023-11-27T21:03:23.501-0300] {dag.py:2941} INFO - Sync 1 DAGs
[2023-11-27T21:03:23.544-0300] {logging_mixin.py:154} INFO - [2023-11-27T21:03:23.543-0300] {dag.py:3722} INFO - Setting next_dagrun for example_branch_labels to 2023-11-27T00:00:00+00:00, run_after=2023-11-28T00:00:00+00:00
[2023-11-27T21:03:23.580-0300] {processor.py:179} INFO - Processing /home/marcos/anaconda3/envs/XPe-IGTI/lib/python3.8/site-packages/airflow/example_dags/example_branch_labels.py took 0.170 seconds
[2023-11-27T21:04:31.899-0300] {processor.py:157} INFO - Started process (PID=52066) to work on /home/marcos/anaconda3/envs/XPe-IGTI/lib/python3.8/site-packages/airflow/example_dags/example_branch_labels.py
[2023-11-27T21:04:31.902-0300] {processor.py:829} INFO - Processing file /home/marcos/anaconda3/envs/XPe-IGTI/lib/python3.8/site-packages/airflow/example_dags/example_branch_labels.py for tasks to queue
[2023-11-27T21:04:31.905-0300] {logging_mixin.py:154} INFO - [2023-11-27T21:04:31.904-0300] {dagbag.py:536} INFO - Filling up the DagBag from /home/marcos/anaconda3/envs/XPe-IGTI/lib/python3.8/site-packages/airflow/example_dags/example_branch_labels.py
[2023-11-27T21:04:31.939-0300] {processor.py:839} INFO - DAG(s) dict_keys(['example_branch_labels']) retrieved from /home/marcos/anaconda3/envs/XPe-IGTI/lib/python3.8/site-packages/airflow/example_dags/example_branch_labels.py
[2023-11-27T21:04:31.976-0300] {logging_mixin.py:154} INFO - [2023-11-27T21:04:31.976-0300] {dag.py:2941} INFO - Sync 1 DAGs
[2023-11-27T21:04:32.018-0300] {logging_mixin.py:154} INFO - [2023-11-27T21:04:32.017-0300] {dag.py:3722} INFO - Setting next_dagrun for example_branch_labels to 2023-11-27T00:00:00+00:00, run_after=2023-11-28T00:00:00+00:00
[2023-11-27T21:04:32.053-0300] {processor.py:179} INFO - Processing /home/marcos/anaconda3/envs/XPe-IGTI/lib/python3.8/site-packages/airflow/example_dags/example_branch_labels.py took 0.166 seconds
[2023-11-27T21:05:36.113-0300] {processor.py:157} INFO - Started process (PID=52162) to work on /home/marcos/anaconda3/envs/XPe-IGTI/lib/python3.8/site-packages/airflow/example_dags/example_branch_labels.py
[2023-11-27T21:05:36.117-0300] {processor.py:829} INFO - Processing file /home/marcos/anaconda3/envs/XPe-IGTI/lib/python3.8/site-packages/airflow/example_dags/example_branch_labels.py for tasks to queue
[2023-11-27T21:05:36.119-0300] {logging_mixin.py:154} INFO - [2023-11-27T21:05:36.118-0300] {dagbag.py:536} INFO - Filling up the DagBag from /home/marcos/anaconda3/envs/XPe-IGTI/lib/python3.8/site-packages/airflow/example_dags/example_branch_labels.py
[2023-11-27T21:05:36.132-0300] {processor.py:839} INFO - DAG(s) dict_keys(['example_branch_labels']) retrieved from /home/marcos/anaconda3/envs/XPe-IGTI/lib/python3.8/site-packages/airflow/example_dags/example_branch_labels.py
[2023-11-27T21:05:36.159-0300] {logging_mixin.py:154} INFO - [2023-11-27T21:05:36.159-0300] {dag.py:2941} INFO - Sync 1 DAGs
[2023-11-27T21:05:36.193-0300] {logging_mixin.py:154} INFO - [2023-11-27T21:05:36.192-0300] {dag.py:3722} INFO - Setting next_dagrun for example_branch_labels to 2023-11-27T00:00:00+00:00, run_after=2023-11-28T00:00:00+00:00
[2023-11-27T21:05:36.221-0300] {processor.py:179} INFO - Processing /home/marcos/anaconda3/envs/XPe-IGTI/lib/python3.8/site-packages/airflow/example_dags/example_branch_labels.py took 0.114 seconds
[2023-11-27T21:06:36.885-0300] {processor.py:157} INFO - Started process (PID=52249) to work on /home/marcos/anaconda3/envs/XPe-IGTI/lib/python3.8/site-packages/airflow/example_dags/example_branch_labels.py
[2023-11-27T21:06:36.889-0300] {processor.py:829} INFO - Processing file /home/marcos/anaconda3/envs/XPe-IGTI/lib/python3.8/site-packages/airflow/example_dags/example_branch_labels.py for tasks to queue
[2023-11-27T21:06:36.890-0300] {logging_mixin.py:154} INFO - [2023-11-27T21:06:36.890-0300] {dagbag.py:536} INFO - Filling up the DagBag from /home/marcos/anaconda3/envs/XPe-IGTI/lib/python3.8/site-packages/airflow/example_dags/example_branch_labels.py
[2023-11-27T21:06:36.904-0300] {processor.py:839} INFO - DAG(s) dict_keys(['example_branch_labels']) retrieved from /home/marcos/anaconda3/envs/XPe-IGTI/lib/python3.8/site-packages/airflow/example_dags/example_branch_labels.py
[2023-11-27T21:06:36.938-0300] {logging_mixin.py:154} INFO - [2023-11-27T21:06:36.938-0300] {dag.py:2941} INFO - Sync 1 DAGs
[2023-11-27T21:06:36.979-0300] {logging_mixin.py:154} INFO - [2023-11-27T21:06:36.979-0300] {dag.py:3722} INFO - Setting next_dagrun for example_branch_labels to 2023-11-27T00:00:00+00:00, run_after=2023-11-28T00:00:00+00:00
[2023-11-27T21:06:37.012-0300] {processor.py:179} INFO - Processing /home/marcos/anaconda3/envs/XPe-IGTI/lib/python3.8/site-packages/airflow/example_dags/example_branch_labels.py took 0.132 seconds
[2023-11-27T21:07:37.027-0300] {processor.py:157} INFO - Started process (PID=52350) to work on /home/marcos/anaconda3/envs/XPe-IGTI/lib/python3.8/site-packages/airflow/example_dags/example_branch_labels.py
[2023-11-27T21:07:37.032-0300] {processor.py:829} INFO - Processing file /home/marcos/anaconda3/envs/XPe-IGTI/lib/python3.8/site-packages/airflow/example_dags/example_branch_labels.py for tasks to queue
[2023-11-27T21:07:37.034-0300] {logging_mixin.py:154} INFO - [2023-11-27T21:07:37.033-0300] {dagbag.py:536} INFO - Filling up the DagBag from /home/marcos/anaconda3/envs/XPe-IGTI/lib/python3.8/site-packages/airflow/example_dags/example_branch_labels.py
[2023-11-27T21:07:37.048-0300] {processor.py:839} INFO - DAG(s) dict_keys(['example_branch_labels']) retrieved from /home/marcos/anaconda3/envs/XPe-IGTI/lib/python3.8/site-packages/airflow/example_dags/example_branch_labels.py
[2023-11-27T21:07:37.079-0300] {logging_mixin.py:154} INFO - [2023-11-27T21:07:37.079-0300] {dag.py:2941} INFO - Sync 1 DAGs
[2023-11-27T21:07:37.115-0300] {logging_mixin.py:154} INFO - [2023-11-27T21:07:37.115-0300] {dag.py:3722} INFO - Setting next_dagrun for example_branch_labels to 2023-11-27T00:00:00+00:00, run_after=2023-11-28T00:00:00+00:00
[2023-11-27T21:07:37.148-0300] {processor.py:179} INFO - Processing /home/marcos/anaconda3/envs/XPe-IGTI/lib/python3.8/site-packages/airflow/example_dags/example_branch_labels.py took 0.127 seconds
[2023-11-27T21:08:38.998-0300] {processor.py:157} INFO - Started process (PID=52421) to work on /home/marcos/anaconda3/envs/XPe-IGTI/lib/python3.8/site-packages/airflow/example_dags/example_branch_labels.py
[2023-11-27T21:08:39.000-0300] {processor.py:829} INFO - Processing file /home/marcos/anaconda3/envs/XPe-IGTI/lib/python3.8/site-packages/airflow/example_dags/example_branch_labels.py for tasks to queue
[2023-11-27T21:08:39.001-0300] {logging_mixin.py:154} INFO - [2023-11-27T21:08:39.001-0300] {dagbag.py:536} INFO - Filling up the DagBag from /home/marcos/anaconda3/envs/XPe-IGTI/lib/python3.8/site-packages/airflow/example_dags/example_branch_labels.py
[2023-11-27T21:08:39.017-0300] {processor.py:839} INFO - DAG(s) dict_keys(['example_branch_labels']) retrieved from /home/marcos/anaconda3/envs/XPe-IGTI/lib/python3.8/site-packages/airflow/example_dags/example_branch_labels.py
[2023-11-27T21:08:39.042-0300] {logging_mixin.py:154} INFO - [2023-11-27T21:08:39.042-0300] {dag.py:2941} INFO - Sync 1 DAGs
[2023-11-27T21:08:39.072-0300] {logging_mixin.py:154} INFO - [2023-11-27T21:08:39.072-0300] {dag.py:3722} INFO - Setting next_dagrun for example_branch_labels to 2023-11-27T00:00:00+00:00, run_after=2023-11-28T00:00:00+00:00
[2023-11-27T21:08:39.098-0300] {processor.py:179} INFO - Processing /home/marcos/anaconda3/envs/XPe-IGTI/lib/python3.8/site-packages/airflow/example_dags/example_branch_labels.py took 0.107 seconds
[2023-11-27T21:09:45.069-0300] {processor.py:157} INFO - Started process (PID=52500) to work on /home/marcos/anaconda3/envs/XPe-IGTI/lib/python3.8/site-packages/airflow/example_dags/example_branch_labels.py
[2023-11-27T21:09:45.071-0300] {processor.py:829} INFO - Processing file /home/marcos/anaconda3/envs/XPe-IGTI/lib/python3.8/site-packages/airflow/example_dags/example_branch_labels.py for tasks to queue
[2023-11-27T21:09:45.072-0300] {logging_mixin.py:154} INFO - [2023-11-27T21:09:45.072-0300] {dagbag.py:536} INFO - Filling up the DagBag from /home/marcos/anaconda3/envs/XPe-IGTI/lib/python3.8/site-packages/airflow/example_dags/example_branch_labels.py
[2023-11-27T21:09:45.083-0300] {processor.py:839} INFO - DAG(s) dict_keys(['example_branch_labels']) retrieved from /home/marcos/anaconda3/envs/XPe-IGTI/lib/python3.8/site-packages/airflow/example_dags/example_branch_labels.py
[2023-11-27T21:09:45.107-0300] {logging_mixin.py:154} INFO - [2023-11-27T21:09:45.107-0300] {dag.py:2941} INFO - Sync 1 DAGs
[2023-11-27T21:09:45.136-0300] {logging_mixin.py:154} INFO - [2023-11-27T21:09:45.136-0300] {dag.py:3722} INFO - Setting next_dagrun for example_branch_labels to 2023-11-27T00:00:00+00:00, run_after=2023-11-28T00:00:00+00:00
[2023-11-27T21:09:45.162-0300] {processor.py:179} INFO - Processing /home/marcos/anaconda3/envs/XPe-IGTI/lib/python3.8/site-packages/airflow/example_dags/example_branch_labels.py took 0.097 seconds
[2023-11-27T21:10:48.673-0300] {processor.py:157} INFO - Started process (PID=52573) to work on /home/marcos/anaconda3/envs/XPe-IGTI/lib/python3.8/site-packages/airflow/example_dags/example_branch_labels.py
[2023-11-27T21:10:48.677-0300] {processor.py:829} INFO - Processing file /home/marcos/anaconda3/envs/XPe-IGTI/lib/python3.8/site-packages/airflow/example_dags/example_branch_labels.py for tasks to queue
[2023-11-27T21:10:48.678-0300] {logging_mixin.py:154} INFO - [2023-11-27T21:10:48.678-0300] {dagbag.py:536} INFO - Filling up the DagBag from /home/marcos/anaconda3/envs/XPe-IGTI/lib/python3.8/site-packages/airflow/example_dags/example_branch_labels.py
[2023-11-27T21:10:48.689-0300] {processor.py:839} INFO - DAG(s) dict_keys(['example_branch_labels']) retrieved from /home/marcos/anaconda3/envs/XPe-IGTI/lib/python3.8/site-packages/airflow/example_dags/example_branch_labels.py
[2023-11-27T21:10:48.715-0300] {logging_mixin.py:154} INFO - [2023-11-27T21:10:48.715-0300] {dag.py:2941} INFO - Sync 1 DAGs
[2023-11-27T21:10:48.747-0300] {logging_mixin.py:154} INFO - [2023-11-27T21:10:48.747-0300] {dag.py:3722} INFO - Setting next_dagrun for example_branch_labels to 2023-11-27T00:00:00+00:00, run_after=2023-11-28T00:00:00+00:00
[2023-11-27T21:10:48.777-0300] {processor.py:179} INFO - Processing /home/marcos/anaconda3/envs/XPe-IGTI/lib/python3.8/site-packages/airflow/example_dags/example_branch_labels.py took 0.109 seconds
[2023-11-27T21:11:57.808-0300] {processor.py:157} INFO - Started process (PID=52682) to work on /home/marcos/anaconda3/envs/XPe-IGTI/lib/python3.8/site-packages/airflow/example_dags/example_branch_labels.py
[2023-11-27T21:11:57.812-0300] {processor.py:829} INFO - Processing file /home/marcos/anaconda3/envs/XPe-IGTI/lib/python3.8/site-packages/airflow/example_dags/example_branch_labels.py for tasks to queue
[2023-11-27T21:11:57.813-0300] {logging_mixin.py:154} INFO - [2023-11-27T21:11:57.813-0300] {dagbag.py:536} INFO - Filling up the DagBag from /home/marcos/anaconda3/envs/XPe-IGTI/lib/python3.8/site-packages/airflow/example_dags/example_branch_labels.py
[2023-11-27T21:11:57.825-0300] {processor.py:839} INFO - DAG(s) dict_keys(['example_branch_labels']) retrieved from /home/marcos/anaconda3/envs/XPe-IGTI/lib/python3.8/site-packages/airflow/example_dags/example_branch_labels.py
[2023-11-27T21:11:57.850-0300] {logging_mixin.py:154} INFO - [2023-11-27T21:11:57.849-0300] {dag.py:2941} INFO - Sync 1 DAGs
[2023-11-27T21:11:57.880-0300] {logging_mixin.py:154} INFO - [2023-11-27T21:11:57.879-0300] {dag.py:3722} INFO - Setting next_dagrun for example_branch_labels to 2023-11-27T00:00:00+00:00, run_after=2023-11-28T00:00:00+00:00
[2023-11-27T21:11:57.906-0300] {processor.py:179} INFO - Processing /home/marcos/anaconda3/envs/XPe-IGTI/lib/python3.8/site-packages/airflow/example_dags/example_branch_labels.py took 0.102 seconds
[2023-11-27T21:13:01.499-0300] {processor.py:157} INFO - Started process (PID=52754) to work on /home/marcos/anaconda3/envs/XPe-IGTI/lib/python3.8/site-packages/airflow/example_dags/example_branch_labels.py
[2023-11-27T21:13:01.503-0300] {processor.py:829} INFO - Processing file /home/marcos/anaconda3/envs/XPe-IGTI/lib/python3.8/site-packages/airflow/example_dags/example_branch_labels.py for tasks to queue
[2023-11-27T21:13:01.504-0300] {logging_mixin.py:154} INFO - [2023-11-27T21:13:01.504-0300] {dagbag.py:536} INFO - Filling up the DagBag from /home/marcos/anaconda3/envs/XPe-IGTI/lib/python3.8/site-packages/airflow/example_dags/example_branch_labels.py
[2023-11-27T21:13:01.519-0300] {processor.py:839} INFO - DAG(s) dict_keys(['example_branch_labels']) retrieved from /home/marcos/anaconda3/envs/XPe-IGTI/lib/python3.8/site-packages/airflow/example_dags/example_branch_labels.py
[2023-11-27T21:13:01.553-0300] {logging_mixin.py:154} INFO - [2023-11-27T21:13:01.552-0300] {dag.py:2941} INFO - Sync 1 DAGs
[2023-11-27T21:13:01.593-0300] {logging_mixin.py:154} INFO - [2023-11-27T21:13:01.592-0300] {dag.py:3722} INFO - Setting next_dagrun for example_branch_labels to 2023-11-27T00:00:00+00:00, run_after=2023-11-28T00:00:00+00:00
[2023-11-27T21:13:01.619-0300] {processor.py:179} INFO - Processing /home/marcos/anaconda3/envs/XPe-IGTI/lib/python3.8/site-packages/airflow/example_dags/example_branch_labels.py took 0.125 seconds
[2023-11-27T21:13:59.124-0300] {processor.py:157} INFO - Started process (PID=52863) to work on /home/marcos/anaconda3/envs/XPe-IGTI/lib/python3.8/site-packages/airflow/example_dags/example_branch_labels.py
[2023-11-27T21:13:59.128-0300] {processor.py:829} INFO - Processing file /home/marcos/anaconda3/envs/XPe-IGTI/lib/python3.8/site-packages/airflow/example_dags/example_branch_labels.py for tasks to queue
[2023-11-27T21:13:59.129-0300] {logging_mixin.py:154} INFO - [2023-11-27T21:13:59.129-0300] {dagbag.py:536} INFO - Filling up the DagBag from /home/marcos/anaconda3/envs/XPe-IGTI/lib/python3.8/site-packages/airflow/example_dags/example_branch_labels.py
[2023-11-27T21:13:59.145-0300] {processor.py:839} INFO - DAG(s) dict_keys(['example_branch_labels']) retrieved from /home/marcos/anaconda3/envs/XPe-IGTI/lib/python3.8/site-packages/airflow/example_dags/example_branch_labels.py
[2023-11-27T21:13:59.179-0300] {logging_mixin.py:154} INFO - [2023-11-27T21:13:59.178-0300] {dag.py:2941} INFO - Sync 1 DAGs
[2023-11-27T21:13:59.220-0300] {logging_mixin.py:154} INFO - [2023-11-27T21:13:59.220-0300] {dag.py:3722} INFO - Setting next_dagrun for example_branch_labels to 2023-11-27T00:00:00+00:00, run_after=2023-11-28T00:00:00+00:00
[2023-11-27T21:13:59.263-0300] {processor.py:179} INFO - Processing /home/marcos/anaconda3/envs/XPe-IGTI/lib/python3.8/site-packages/airflow/example_dags/example_branch_labels.py took 0.145 seconds
[2023-11-27T21:15:07.381-0300] {processor.py:157} INFO - Started process (PID=52958) to work on /home/marcos/anaconda3/envs/XPe-IGTI/lib/python3.8/site-packages/airflow/example_dags/example_branch_labels.py
[2023-11-27T21:15:07.387-0300] {processor.py:829} INFO - Processing file /home/marcos/anaconda3/envs/XPe-IGTI/lib/python3.8/site-packages/airflow/example_dags/example_branch_labels.py for tasks to queue
[2023-11-27T21:15:07.389-0300] {logging_mixin.py:154} INFO - [2023-11-27T21:15:07.389-0300] {dagbag.py:536} INFO - Filling up the DagBag from /home/marcos/anaconda3/envs/XPe-IGTI/lib/python3.8/site-packages/airflow/example_dags/example_branch_labels.py
[2023-11-27T21:15:07.407-0300] {processor.py:839} INFO - DAG(s) dict_keys(['example_branch_labels']) retrieved from /home/marcos/anaconda3/envs/XPe-IGTI/lib/python3.8/site-packages/airflow/example_dags/example_branch_labels.py
[2023-11-27T21:15:07.439-0300] {logging_mixin.py:154} INFO - [2023-11-27T21:15:07.439-0300] {dag.py:2941} INFO - Sync 1 DAGs
[2023-11-27T21:15:07.474-0300] {logging_mixin.py:154} INFO - [2023-11-27T21:15:07.473-0300] {dag.py:3722} INFO - Setting next_dagrun for example_branch_labels to 2023-11-27T00:00:00+00:00, run_after=2023-11-28T00:00:00+00:00
[2023-11-27T21:15:07.507-0300] {processor.py:179} INFO - Processing /home/marcos/anaconda3/envs/XPe-IGTI/lib/python3.8/site-packages/airflow/example_dags/example_branch_labels.py took 0.133 seconds
[2023-11-27T21:16:17.469-0300] {processor.py:157} INFO - Started process (PID=53039) to work on /home/marcos/anaconda3/envs/XPe-IGTI/lib/python3.8/site-packages/airflow/example_dags/example_branch_labels.py
[2023-11-27T21:16:17.476-0300] {processor.py:829} INFO - Processing file /home/marcos/anaconda3/envs/XPe-IGTI/lib/python3.8/site-packages/airflow/example_dags/example_branch_labels.py for tasks to queue
[2023-11-27T21:16:17.479-0300] {logging_mixin.py:154} INFO - [2023-11-27T21:16:17.478-0300] {dagbag.py:536} INFO - Filling up the DagBag from /home/marcos/anaconda3/envs/XPe-IGTI/lib/python3.8/site-packages/airflow/example_dags/example_branch_labels.py
[2023-11-27T21:16:17.515-0300] {processor.py:839} INFO - DAG(s) dict_keys(['example_branch_labels']) retrieved from /home/marcos/anaconda3/envs/XPe-IGTI/lib/python3.8/site-packages/airflow/example_dags/example_branch_labels.py
[2023-11-27T21:16:17.558-0300] {logging_mixin.py:154} INFO - [2023-11-27T21:16:17.557-0300] {dag.py:2941} INFO - Sync 1 DAGs
[2023-11-27T21:16:17.595-0300] {logging_mixin.py:154} INFO - [2023-11-27T21:16:17.595-0300] {dag.py:3722} INFO - Setting next_dagrun for example_branch_labels to 2023-11-27T00:00:00+00:00, run_after=2023-11-28T00:00:00+00:00
[2023-11-27T21:16:17.634-0300] {processor.py:179} INFO - Processing /home/marcos/anaconda3/envs/XPe-IGTI/lib/python3.8/site-packages/airflow/example_dags/example_branch_labels.py took 0.177 seconds
[2023-11-27T21:17:28.806-0300] {processor.py:157} INFO - Started process (PID=53149) to work on /home/marcos/anaconda3/envs/XPe-IGTI/lib/python3.8/site-packages/airflow/example_dags/example_branch_labels.py
[2023-11-27T21:17:28.811-0300] {processor.py:829} INFO - Processing file /home/marcos/anaconda3/envs/XPe-IGTI/lib/python3.8/site-packages/airflow/example_dags/example_branch_labels.py for tasks to queue
[2023-11-27T21:17:28.812-0300] {logging_mixin.py:154} INFO - [2023-11-27T21:17:28.812-0300] {dagbag.py:536} INFO - Filling up the DagBag from /home/marcos/anaconda3/envs/XPe-IGTI/lib/python3.8/site-packages/airflow/example_dags/example_branch_labels.py
[2023-11-27T21:17:28.825-0300] {processor.py:839} INFO - DAG(s) dict_keys(['example_branch_labels']) retrieved from /home/marcos/anaconda3/envs/XPe-IGTI/lib/python3.8/site-packages/airflow/example_dags/example_branch_labels.py
[2023-11-27T21:17:28.855-0300] {logging_mixin.py:154} INFO - [2023-11-27T21:17:28.854-0300] {dag.py:2941} INFO - Sync 1 DAGs
[2023-11-27T21:17:28.890-0300] {logging_mixin.py:154} INFO - [2023-11-27T21:17:28.889-0300] {dag.py:3722} INFO - Setting next_dagrun for example_branch_labels to 2023-11-27T00:00:00+00:00, run_after=2023-11-28T00:00:00+00:00
[2023-11-27T21:17:28.919-0300] {processor.py:179} INFO - Processing /home/marcos/anaconda3/envs/XPe-IGTI/lib/python3.8/site-packages/airflow/example_dags/example_branch_labels.py took 0.119 seconds
[2023-11-27T21:18:37.535-0300] {processor.py:157} INFO - Started process (PID=53236) to work on /home/marcos/anaconda3/envs/XPe-IGTI/lib/python3.8/site-packages/airflow/example_dags/example_branch_labels.py
[2023-11-27T21:18:37.539-0300] {processor.py:829} INFO - Processing file /home/marcos/anaconda3/envs/XPe-IGTI/lib/python3.8/site-packages/airflow/example_dags/example_branch_labels.py for tasks to queue
[2023-11-27T21:18:37.541-0300] {logging_mixin.py:154} INFO - [2023-11-27T21:18:37.541-0300] {dagbag.py:536} INFO - Filling up the DagBag from /home/marcos/anaconda3/envs/XPe-IGTI/lib/python3.8/site-packages/airflow/example_dags/example_branch_labels.py
[2023-11-27T21:18:37.556-0300] {processor.py:839} INFO - DAG(s) dict_keys(['example_branch_labels']) retrieved from /home/marcos/anaconda3/envs/XPe-IGTI/lib/python3.8/site-packages/airflow/example_dags/example_branch_labels.py
[2023-11-27T21:18:37.584-0300] {logging_mixin.py:154} INFO - [2023-11-27T21:18:37.584-0300] {dag.py:2941} INFO - Sync 1 DAGs
[2023-11-27T21:18:37.618-0300] {logging_mixin.py:154} INFO - [2023-11-27T21:18:37.618-0300] {dag.py:3722} INFO - Setting next_dagrun for example_branch_labels to 2023-11-27T00:00:00+00:00, run_after=2023-11-28T00:00:00+00:00
[2023-11-27T21:18:37.649-0300] {processor.py:179} INFO - Processing /home/marcos/anaconda3/envs/XPe-IGTI/lib/python3.8/site-packages/airflow/example_dags/example_branch_labels.py took 0.121 seconds
[2023-11-27T21:19:42.979-0300] {processor.py:157} INFO - Started process (PID=53309) to work on /home/marcos/anaconda3/envs/XPe-IGTI/lib/python3.8/site-packages/airflow/example_dags/example_branch_labels.py
[2023-11-27T21:19:42.984-0300] {processor.py:829} INFO - Processing file /home/marcos/anaconda3/envs/XPe-IGTI/lib/python3.8/site-packages/airflow/example_dags/example_branch_labels.py for tasks to queue
[2023-11-27T21:19:42.985-0300] {logging_mixin.py:154} INFO - [2023-11-27T21:19:42.985-0300] {dagbag.py:536} INFO - Filling up the DagBag from /home/marcos/anaconda3/envs/XPe-IGTI/lib/python3.8/site-packages/airflow/example_dags/example_branch_labels.py
[2023-11-27T21:19:42.998-0300] {processor.py:839} INFO - DAG(s) dict_keys(['example_branch_labels']) retrieved from /home/marcos/anaconda3/envs/XPe-IGTI/lib/python3.8/site-packages/airflow/example_dags/example_branch_labels.py
[2023-11-27T21:19:43.029-0300] {logging_mixin.py:154} INFO - [2023-11-27T21:19:43.028-0300] {dag.py:2941} INFO - Sync 1 DAGs
[2023-11-27T21:19:43.064-0300] {logging_mixin.py:154} INFO - [2023-11-27T21:19:43.064-0300] {dag.py:3722} INFO - Setting next_dagrun for example_branch_labels to 2023-11-27T00:00:00+00:00, run_after=2023-11-28T00:00:00+00:00
[2023-11-27T21:19:43.097-0300] {processor.py:179} INFO - Processing /home/marcos/anaconda3/envs/XPe-IGTI/lib/python3.8/site-packages/airflow/example_dags/example_branch_labels.py took 0.123 seconds
[2023-11-27T21:20:52.093-0300] {processor.py:157} INFO - Started process (PID=53392) to work on /home/marcos/anaconda3/envs/XPe-IGTI/lib/python3.8/site-packages/airflow/example_dags/example_branch_labels.py
[2023-11-27T21:20:52.097-0300] {processor.py:829} INFO - Processing file /home/marcos/anaconda3/envs/XPe-IGTI/lib/python3.8/site-packages/airflow/example_dags/example_branch_labels.py for tasks to queue
[2023-11-27T21:20:52.098-0300] {logging_mixin.py:154} INFO - [2023-11-27T21:20:52.098-0300] {dagbag.py:536} INFO - Filling up the DagBag from /home/marcos/anaconda3/envs/XPe-IGTI/lib/python3.8/site-packages/airflow/example_dags/example_branch_labels.py
[2023-11-27T21:20:52.111-0300] {processor.py:839} INFO - DAG(s) dict_keys(['example_branch_labels']) retrieved from /home/marcos/anaconda3/envs/XPe-IGTI/lib/python3.8/site-packages/airflow/example_dags/example_branch_labels.py
[2023-11-27T21:20:52.146-0300] {logging_mixin.py:154} INFO - [2023-11-27T21:20:52.145-0300] {dag.py:2941} INFO - Sync 1 DAGs
[2023-11-27T21:20:52.192-0300] {logging_mixin.py:154} INFO - [2023-11-27T21:20:52.191-0300] {dag.py:3722} INFO - Setting next_dagrun for example_branch_labels to 2023-11-27T00:00:00+00:00, run_after=2023-11-28T00:00:00+00:00
[2023-11-27T21:20:52.228-0300] {processor.py:179} INFO - Processing /home/marcos/anaconda3/envs/XPe-IGTI/lib/python3.8/site-packages/airflow/example_dags/example_branch_labels.py took 0.141 seconds
[2023-11-27T21:21:59.221-0300] {processor.py:157} INFO - Started process (PID=53486) to work on /home/marcos/anaconda3/envs/XPe-IGTI/lib/python3.8/site-packages/airflow/example_dags/example_branch_labels.py
[2023-11-27T21:21:59.225-0300] {processor.py:829} INFO - Processing file /home/marcos/anaconda3/envs/XPe-IGTI/lib/python3.8/site-packages/airflow/example_dags/example_branch_labels.py for tasks to queue
[2023-11-27T21:21:59.227-0300] {logging_mixin.py:154} INFO - [2023-11-27T21:21:59.226-0300] {dagbag.py:536} INFO - Filling up the DagBag from /home/marcos/anaconda3/envs/XPe-IGTI/lib/python3.8/site-packages/airflow/example_dags/example_branch_labels.py
[2023-11-27T21:21:59.241-0300] {processor.py:839} INFO - DAG(s) dict_keys(['example_branch_labels']) retrieved from /home/marcos/anaconda3/envs/XPe-IGTI/lib/python3.8/site-packages/airflow/example_dags/example_branch_labels.py
[2023-11-27T21:21:59.269-0300] {logging_mixin.py:154} INFO - [2023-11-27T21:21:59.269-0300] {dag.py:2941} INFO - Sync 1 DAGs
[2023-11-27T21:21:59.303-0300] {logging_mixin.py:154} INFO - [2023-11-27T21:21:59.303-0300] {dag.py:3722} INFO - Setting next_dagrun for example_branch_labels to 2023-11-27T00:00:00+00:00, run_after=2023-11-28T00:00:00+00:00
[2023-11-27T21:21:59.334-0300] {processor.py:179} INFO - Processing /home/marcos/anaconda3/envs/XPe-IGTI/lib/python3.8/site-packages/airflow/example_dags/example_branch_labels.py took 0.119 seconds
[2023-11-27T21:22:59.722-0300] {processor.py:157} INFO - Started process (PID=53563) to work on /home/marcos/anaconda3/envs/XPe-IGTI/lib/python3.8/site-packages/airflow/example_dags/example_branch_labels.py
[2023-11-27T21:22:59.727-0300] {processor.py:829} INFO - Processing file /home/marcos/anaconda3/envs/XPe-IGTI/lib/python3.8/site-packages/airflow/example_dags/example_branch_labels.py for tasks to queue
[2023-11-27T21:22:59.728-0300] {logging_mixin.py:154} INFO - [2023-11-27T21:22:59.728-0300] {dagbag.py:536} INFO - Filling up the DagBag from /home/marcos/anaconda3/envs/XPe-IGTI/lib/python3.8/site-packages/airflow/example_dags/example_branch_labels.py
[2023-11-27T21:22:59.745-0300] {processor.py:839} INFO - DAG(s) dict_keys(['example_branch_labels']) retrieved from /home/marcos/anaconda3/envs/XPe-IGTI/lib/python3.8/site-packages/airflow/example_dags/example_branch_labels.py
[2023-11-27T21:22:59.781-0300] {logging_mixin.py:154} INFO - [2023-11-27T21:22:59.781-0300] {dag.py:2941} INFO - Sync 1 DAGs
[2023-11-27T21:22:59.821-0300] {logging_mixin.py:154} INFO - [2023-11-27T21:22:59.820-0300] {dag.py:3722} INFO - Setting next_dagrun for example_branch_labels to 2023-11-27T00:00:00+00:00, run_after=2023-11-28T00:00:00+00:00
[2023-11-27T21:22:59.863-0300] {processor.py:179} INFO - Processing /home/marcos/anaconda3/envs/XPe-IGTI/lib/python3.8/site-packages/airflow/example_dags/example_branch_labels.py took 0.148 seconds
[2023-11-27T21:24:03.497-0300] {processor.py:157} INFO - Started process (PID=53635) to work on /home/marcos/anaconda3/envs/XPe-IGTI/lib/python3.8/site-packages/airflow/example_dags/example_branch_labels.py
[2023-11-27T21:24:03.502-0300] {processor.py:829} INFO - Processing file /home/marcos/anaconda3/envs/XPe-IGTI/lib/python3.8/site-packages/airflow/example_dags/example_branch_labels.py for tasks to queue
[2023-11-27T21:24:03.503-0300] {logging_mixin.py:154} INFO - [2023-11-27T21:24:03.502-0300] {dagbag.py:536} INFO - Filling up the DagBag from /home/marcos/anaconda3/envs/XPe-IGTI/lib/python3.8/site-packages/airflow/example_dags/example_branch_labels.py
[2023-11-27T21:24:03.518-0300] {processor.py:839} INFO - DAG(s) dict_keys(['example_branch_labels']) retrieved from /home/marcos/anaconda3/envs/XPe-IGTI/lib/python3.8/site-packages/airflow/example_dags/example_branch_labels.py
[2023-11-27T21:24:03.547-0300] {logging_mixin.py:154} INFO - [2023-11-27T21:24:03.546-0300] {dag.py:2941} INFO - Sync 1 DAGs
[2023-11-27T21:24:03.582-0300] {logging_mixin.py:154} INFO - [2023-11-27T21:24:03.581-0300] {dag.py:3722} INFO - Setting next_dagrun for example_branch_labels to 2023-11-27T00:00:00+00:00, run_after=2023-11-28T00:00:00+00:00
[2023-11-27T21:24:03.613-0300] {processor.py:179} INFO - Processing /home/marcos/anaconda3/envs/XPe-IGTI/lib/python3.8/site-packages/airflow/example_dags/example_branch_labels.py took 0.123 seconds
[2023-11-27T21:25:13.820-0300] {processor.py:157} INFO - Started process (PID=53727) to work on /home/marcos/anaconda3/envs/XPe-IGTI/lib/python3.8/site-packages/airflow/example_dags/example_branch_labels.py
[2023-11-27T21:25:13.823-0300] {processor.py:829} INFO - Processing file /home/marcos/anaconda3/envs/XPe-IGTI/lib/python3.8/site-packages/airflow/example_dags/example_branch_labels.py for tasks to queue
[2023-11-27T21:25:13.824-0300] {logging_mixin.py:154} INFO - [2023-11-27T21:25:13.823-0300] {dagbag.py:536} INFO - Filling up the DagBag from /home/marcos/anaconda3/envs/XPe-IGTI/lib/python3.8/site-packages/airflow/example_dags/example_branch_labels.py
[2023-11-27T21:25:13.837-0300] {processor.py:839} INFO - DAG(s) dict_keys(['example_branch_labels']) retrieved from /home/marcos/anaconda3/envs/XPe-IGTI/lib/python3.8/site-packages/airflow/example_dags/example_branch_labels.py
[2023-11-27T21:25:13.866-0300] {logging_mixin.py:154} INFO - [2023-11-27T21:25:13.865-0300] {dag.py:2941} INFO - Sync 1 DAGs
[2023-11-27T21:25:13.904-0300] {logging_mixin.py:154} INFO - [2023-11-27T21:25:13.904-0300] {dag.py:3722} INFO - Setting next_dagrun for example_branch_labels to 2023-11-27T00:00:00+00:00, run_after=2023-11-28T00:00:00+00:00
[2023-11-27T21:25:13.934-0300] {processor.py:179} INFO - Processing /home/marcos/anaconda3/envs/XPe-IGTI/lib/python3.8/site-packages/airflow/example_dags/example_branch_labels.py took 0.122 seconds
[2023-11-27T21:26:27.734-0300] {processor.py:157} INFO - Started process (PID=53818) to work on /home/marcos/anaconda3/envs/XPe-IGTI/lib/python3.8/site-packages/airflow/example_dags/example_branch_labels.py
[2023-11-27T21:26:27.741-0300] {processor.py:829} INFO - Processing file /home/marcos/anaconda3/envs/XPe-IGTI/lib/python3.8/site-packages/airflow/example_dags/example_branch_labels.py for tasks to queue
[2023-11-27T21:26:27.744-0300] {logging_mixin.py:154} INFO - [2023-11-27T21:26:27.743-0300] {dagbag.py:536} INFO - Filling up the DagBag from /home/marcos/anaconda3/envs/XPe-IGTI/lib/python3.8/site-packages/airflow/example_dags/example_branch_labels.py
[2023-11-27T21:26:27.776-0300] {processor.py:839} INFO - DAG(s) dict_keys(['example_branch_labels']) retrieved from /home/marcos/anaconda3/envs/XPe-IGTI/lib/python3.8/site-packages/airflow/example_dags/example_branch_labels.py
[2023-11-27T21:26:27.822-0300] {logging_mixin.py:154} INFO - [2023-11-27T21:26:27.822-0300] {dag.py:2941} INFO - Sync 1 DAGs
[2023-11-27T21:26:27.857-0300] {logging_mixin.py:154} INFO - [2023-11-27T21:26:27.857-0300] {dag.py:3722} INFO - Setting next_dagrun for example_branch_labels to 2023-11-27T00:00:00+00:00, run_after=2023-11-28T00:00:00+00:00
[2023-11-27T21:26:27.890-0300] {processor.py:179} INFO - Processing /home/marcos/anaconda3/envs/XPe-IGTI/lib/python3.8/site-packages/airflow/example_dags/example_branch_labels.py took 0.167 seconds
[2023-11-27T21:27:37.206-0300] {processor.py:157} INFO - Started process (PID=53926) to work on /home/marcos/anaconda3/envs/XPe-IGTI/lib/python3.8/site-packages/airflow/example_dags/example_branch_labels.py
[2023-11-27T21:27:37.210-0300] {processor.py:829} INFO - Processing file /home/marcos/anaconda3/envs/XPe-IGTI/lib/python3.8/site-packages/airflow/example_dags/example_branch_labels.py for tasks to queue
[2023-11-27T21:27:37.212-0300] {logging_mixin.py:154} INFO - [2023-11-27T21:27:37.211-0300] {dagbag.py:536} INFO - Filling up the DagBag from /home/marcos/anaconda3/envs/XPe-IGTI/lib/python3.8/site-packages/airflow/example_dags/example_branch_labels.py
[2023-11-27T21:27:37.230-0300] {processor.py:839} INFO - DAG(s) dict_keys(['example_branch_labels']) retrieved from /home/marcos/anaconda3/envs/XPe-IGTI/lib/python3.8/site-packages/airflow/example_dags/example_branch_labels.py
[2023-11-27T21:27:37.260-0300] {logging_mixin.py:154} INFO - [2023-11-27T21:27:37.260-0300] {dag.py:2941} INFO - Sync 1 DAGs
[2023-11-27T21:27:37.310-0300] {logging_mixin.py:154} INFO - [2023-11-27T21:27:37.310-0300] {dag.py:3722} INFO - Setting next_dagrun for example_branch_labels to 2023-11-27T00:00:00+00:00, run_after=2023-11-28T00:00:00+00:00
[2023-11-27T21:27:37.353-0300] {processor.py:179} INFO - Processing /home/marcos/anaconda3/envs/XPe-IGTI/lib/python3.8/site-packages/airflow/example_dags/example_branch_labels.py took 0.153 seconds
[2023-11-27T21:28:42.525-0300] {processor.py:157} INFO - Started process (PID=54010) to work on /home/marcos/anaconda3/envs/XPe-IGTI/lib/python3.8/site-packages/airflow/example_dags/example_branch_labels.py
[2023-11-27T21:28:42.529-0300] {processor.py:829} INFO - Processing file /home/marcos/anaconda3/envs/XPe-IGTI/lib/python3.8/site-packages/airflow/example_dags/example_branch_labels.py for tasks to queue
[2023-11-27T21:28:42.531-0300] {logging_mixin.py:154} INFO - [2023-11-27T21:28:42.530-0300] {dagbag.py:536} INFO - Filling up the DagBag from /home/marcos/anaconda3/envs/XPe-IGTI/lib/python3.8/site-packages/airflow/example_dags/example_branch_labels.py
[2023-11-27T21:28:42.548-0300] {processor.py:839} INFO - DAG(s) dict_keys(['example_branch_labels']) retrieved from /home/marcos/anaconda3/envs/XPe-IGTI/lib/python3.8/site-packages/airflow/example_dags/example_branch_labels.py
[2023-11-27T21:28:42.577-0300] {logging_mixin.py:154} INFO - [2023-11-27T21:28:42.577-0300] {dag.py:2941} INFO - Sync 1 DAGs
[2023-11-27T21:28:42.612-0300] {logging_mixin.py:154} INFO - [2023-11-27T21:28:42.612-0300] {dag.py:3722} INFO - Setting next_dagrun for example_branch_labels to 2023-11-27T00:00:00+00:00, run_after=2023-11-28T00:00:00+00:00
[2023-11-27T21:28:42.646-0300] {processor.py:179} INFO - Processing /home/marcos/anaconda3/envs/XPe-IGTI/lib/python3.8/site-packages/airflow/example_dags/example_branch_labels.py took 0.127 seconds
[2023-11-28T18:52:47.859-0300] {processor.py:157} INFO - Started process (PID=144645) to work on /home/marcos/anaconda3/envs/XPe-IGTI/lib/python3.8/site-packages/airflow/example_dags/example_branch_labels.py
[2023-11-28T18:52:47.861-0300] {processor.py:829} INFO - Processing file /home/marcos/anaconda3/envs/XPe-IGTI/lib/python3.8/site-packages/airflow/example_dags/example_branch_labels.py for tasks to queue
[2023-11-28T18:52:47.863-0300] {logging_mixin.py:154} INFO - [2023-11-28T18:52:47.862-0300] {dagbag.py:536} INFO - Filling up the DagBag from /home/marcos/anaconda3/envs/XPe-IGTI/lib/python3.8/site-packages/airflow/example_dags/example_branch_labels.py
[2023-11-28T18:52:47.875-0300] {processor.py:839} INFO - DAG(s) dict_keys(['example_branch_labels']) retrieved from /home/marcos/anaconda3/envs/XPe-IGTI/lib/python3.8/site-packages/airflow/example_dags/example_branch_labels.py
[2023-11-28T18:52:47.930-0300] {logging_mixin.py:154} INFO - [2023-11-28T18:52:47.929-0300] {dag.py:2941} INFO - Sync 1 DAGs
[2023-11-28T18:52:47.975-0300] {logging_mixin.py:154} INFO - [2023-11-28T18:52:47.974-0300] {dag.py:3722} INFO - Setting next_dagrun for example_branch_labels to 2023-11-27T00:00:00+00:00, run_after=2023-11-28T00:00:00+00:00
[2023-11-28T18:52:48.043-0300] {processor.py:179} INFO - Processing /home/marcos/anaconda3/envs/XPe-IGTI/lib/python3.8/site-packages/airflow/example_dags/example_branch_labels.py took 0.191 seconds
[2023-11-28T18:53:43.172-0300] {processor.py:157} INFO - Started process (PID=144754) to work on /home/marcos/anaconda3/envs/XPe-IGTI/lib/python3.8/site-packages/airflow/example_dags/example_branch_labels.py
[2023-11-28T18:53:43.173-0300] {processor.py:829} INFO - Processing file /home/marcos/anaconda3/envs/XPe-IGTI/lib/python3.8/site-packages/airflow/example_dags/example_branch_labels.py for tasks to queue
[2023-11-28T18:53:43.173-0300] {logging_mixin.py:154} INFO - [2023-11-28T18:53:43.173-0300] {dagbag.py:536} INFO - Filling up the DagBag from /home/marcos/anaconda3/envs/XPe-IGTI/lib/python3.8/site-packages/airflow/example_dags/example_branch_labels.py
[2023-11-28T18:53:43.180-0300] {processor.py:839} INFO - DAG(s) dict_keys(['example_branch_labels']) retrieved from /home/marcos/anaconda3/envs/XPe-IGTI/lib/python3.8/site-packages/airflow/example_dags/example_branch_labels.py
[2023-11-28T18:53:43.194-0300] {logging_mixin.py:154} INFO - [2023-11-28T18:53:43.194-0300] {dag.py:2941} INFO - Sync 1 DAGs
[2023-11-28T18:53:43.212-0300] {logging_mixin.py:154} INFO - [2023-11-28T18:53:43.211-0300] {dag.py:3722} INFO - Setting next_dagrun for example_branch_labels to 2023-11-27T00:00:00+00:00, run_after=2023-11-28T00:00:00+00:00
[2023-11-28T18:53:43.227-0300] {processor.py:179} INFO - Processing /home/marcos/anaconda3/envs/XPe-IGTI/lib/python3.8/site-packages/airflow/example_dags/example_branch_labels.py took 0.058 seconds
[2023-11-28T18:54:43.228-0300] {processor.py:157} INFO - Started process (PID=145294) to work on /home/marcos/anaconda3/envs/XPe-IGTI/lib/python3.8/site-packages/airflow/example_dags/example_branch_labels.py
[2023-11-28T18:54:43.233-0300] {processor.py:829} INFO - Processing file /home/marcos/anaconda3/envs/XPe-IGTI/lib/python3.8/site-packages/airflow/example_dags/example_branch_labels.py for tasks to queue
[2023-11-28T18:54:43.234-0300] {logging_mixin.py:154} INFO - [2023-11-28T18:54:43.233-0300] {dagbag.py:536} INFO - Filling up the DagBag from /home/marcos/anaconda3/envs/XPe-IGTI/lib/python3.8/site-packages/airflow/example_dags/example_branch_labels.py
[2023-11-28T18:54:43.242-0300] {processor.py:839} INFO - DAG(s) dict_keys(['example_branch_labels']) retrieved from /home/marcos/anaconda3/envs/XPe-IGTI/lib/python3.8/site-packages/airflow/example_dags/example_branch_labels.py
[2023-11-28T18:54:43.264-0300] {logging_mixin.py:154} INFO - [2023-11-28T18:54:43.264-0300] {dag.py:2941} INFO - Sync 1 DAGs
[2023-11-28T18:54:43.288-0300] {logging_mixin.py:154} INFO - [2023-11-28T18:54:43.288-0300] {dag.py:3722} INFO - Setting next_dagrun for example_branch_labels to 2023-11-27T00:00:00+00:00, run_after=2023-11-28T00:00:00+00:00
[2023-11-28T18:54:43.308-0300] {processor.py:179} INFO - Processing /home/marcos/anaconda3/envs/XPe-IGTI/lib/python3.8/site-packages/airflow/example_dags/example_branch_labels.py took 0.084 seconds
[2023-11-28T18:55:46.807-0300] {processor.py:157} INFO - Started process (PID=145400) to work on /home/marcos/anaconda3/envs/XPe-IGTI/lib/python3.8/site-packages/airflow/example_dags/example_branch_labels.py
[2023-11-28T18:55:46.808-0300] {processor.py:829} INFO - Processing file /home/marcos/anaconda3/envs/XPe-IGTI/lib/python3.8/site-packages/airflow/example_dags/example_branch_labels.py for tasks to queue
[2023-11-28T18:55:46.809-0300] {logging_mixin.py:154} INFO - [2023-11-28T18:55:46.808-0300] {dagbag.py:536} INFO - Filling up the DagBag from /home/marcos/anaconda3/envs/XPe-IGTI/lib/python3.8/site-packages/airflow/example_dags/example_branch_labels.py
[2023-11-28T18:55:46.816-0300] {processor.py:839} INFO - DAG(s) dict_keys(['example_branch_labels']) retrieved from /home/marcos/anaconda3/envs/XPe-IGTI/lib/python3.8/site-packages/airflow/example_dags/example_branch_labels.py
[2023-11-28T18:55:46.831-0300] {logging_mixin.py:154} INFO - [2023-11-28T18:55:46.831-0300] {dag.py:2941} INFO - Sync 1 DAGs
[2023-11-28T18:55:46.849-0300] {logging_mixin.py:154} INFO - [2023-11-28T18:55:46.849-0300] {dag.py:3722} INFO - Setting next_dagrun for example_branch_labels to 2023-11-27T00:00:00+00:00, run_after=2023-11-28T00:00:00+00:00
[2023-11-28T18:55:46.865-0300] {processor.py:179} INFO - Processing /home/marcos/anaconda3/envs/XPe-IGTI/lib/python3.8/site-packages/airflow/example_dags/example_branch_labels.py took 0.061 seconds
[2023-11-28T18:56:42.334-0300] {processor.py:157} INFO - Started process (PID=145490) to work on /home/marcos/anaconda3/envs/XPe-IGTI/lib/python3.8/site-packages/airflow/example_dags/example_branch_labels.py
[2023-11-28T18:56:42.339-0300] {processor.py:829} INFO - Processing file /home/marcos/anaconda3/envs/XPe-IGTI/lib/python3.8/site-packages/airflow/example_dags/example_branch_labels.py for tasks to queue
[2023-11-28T18:56:42.341-0300] {logging_mixin.py:154} INFO - [2023-11-28T18:56:42.340-0300] {dagbag.py:536} INFO - Filling up the DagBag from /home/marcos/anaconda3/envs/XPe-IGTI/lib/python3.8/site-packages/airflow/example_dags/example_branch_labels.py
[2023-11-28T18:56:42.358-0300] {processor.py:839} INFO - DAG(s) dict_keys(['example_branch_labels']) retrieved from /home/marcos/anaconda3/envs/XPe-IGTI/lib/python3.8/site-packages/airflow/example_dags/example_branch_labels.py
[2023-11-28T18:56:42.377-0300] {logging_mixin.py:154} INFO - [2023-11-28T18:56:42.377-0300] {dag.py:2941} INFO - Sync 1 DAGs
[2023-11-28T18:56:42.394-0300] {logging_mixin.py:154} INFO - [2023-11-28T18:56:42.394-0300] {dag.py:3722} INFO - Setting next_dagrun for example_branch_labels to 2023-11-27T00:00:00+00:00, run_after=2023-11-28T00:00:00+00:00
[2023-11-28T18:56:42.411-0300] {processor.py:179} INFO - Processing /home/marcos/anaconda3/envs/XPe-IGTI/lib/python3.8/site-packages/airflow/example_dags/example_branch_labels.py took 0.083 seconds
[2023-11-28T18:57:35.458-0300] {processor.py:157} INFO - Started process (PID=145620) to work on /home/marcos/anaconda3/envs/XPe-IGTI/lib/python3.8/site-packages/airflow/example_dags/example_branch_labels.py
[2023-11-28T18:57:35.467-0300] {processor.py:829} INFO - Processing file /home/marcos/anaconda3/envs/XPe-IGTI/lib/python3.8/site-packages/airflow/example_dags/example_branch_labels.py for tasks to queue
[2023-11-28T18:57:35.469-0300] {logging_mixin.py:154} INFO - [2023-11-28T18:57:35.468-0300] {dagbag.py:536} INFO - Filling up the DagBag from /home/marcos/anaconda3/envs/XPe-IGTI/lib/python3.8/site-packages/airflow/example_dags/example_branch_labels.py
[2023-11-28T18:57:35.481-0300] {processor.py:839} INFO - DAG(s) dict_keys(['example_branch_labels']) retrieved from /home/marcos/anaconda3/envs/XPe-IGTI/lib/python3.8/site-packages/airflow/example_dags/example_branch_labels.py
[2023-11-28T18:57:35.504-0300] {logging_mixin.py:154} INFO - [2023-11-28T18:57:35.504-0300] {dag.py:2941} INFO - Sync 1 DAGs
[2023-11-28T18:57:35.535-0300] {logging_mixin.py:154} INFO - [2023-11-28T18:57:35.535-0300] {dag.py:3722} INFO - Setting next_dagrun for example_branch_labels to 2023-11-27T00:00:00+00:00, run_after=2023-11-28T00:00:00+00:00
[2023-11-28T18:57:35.554-0300] {processor.py:179} INFO - Processing /home/marcos/anaconda3/envs/XPe-IGTI/lib/python3.8/site-packages/airflow/example_dags/example_branch_labels.py took 0.100 seconds
[2023-11-28T18:58:30.827-0300] {processor.py:157} INFO - Started process (PID=145705) to work on /home/marcos/anaconda3/envs/XPe-IGTI/lib/python3.8/site-packages/airflow/example_dags/example_branch_labels.py
[2023-11-28T18:58:30.829-0300] {processor.py:829} INFO - Processing file /home/marcos/anaconda3/envs/XPe-IGTI/lib/python3.8/site-packages/airflow/example_dags/example_branch_labels.py for tasks to queue
[2023-11-28T18:58:30.831-0300] {logging_mixin.py:154} INFO - [2023-11-28T18:58:30.830-0300] {dagbag.py:536} INFO - Filling up the DagBag from /home/marcos/anaconda3/envs/XPe-IGTI/lib/python3.8/site-packages/airflow/example_dags/example_branch_labels.py
[2023-11-28T18:58:30.846-0300] {processor.py:839} INFO - DAG(s) dict_keys(['example_branch_labels']) retrieved from /home/marcos/anaconda3/envs/XPe-IGTI/lib/python3.8/site-packages/airflow/example_dags/example_branch_labels.py
[2023-11-28T18:58:30.875-0300] {logging_mixin.py:154} INFO - [2023-11-28T18:58:30.875-0300] {dag.py:2941} INFO - Sync 1 DAGs
[2023-11-28T18:58:30.919-0300] {logging_mixin.py:154} INFO - [2023-11-28T18:58:30.918-0300] {dag.py:3722} INFO - Setting next_dagrun for example_branch_labels to 2023-11-27T00:00:00+00:00, run_after=2023-11-28T00:00:00+00:00
[2023-11-28T18:58:30.962-0300] {processor.py:179} INFO - Processing /home/marcos/anaconda3/envs/XPe-IGTI/lib/python3.8/site-packages/airflow/example_dags/example_branch_labels.py took 0.140 seconds
[2023-11-28T18:59:32.504-0300] {processor.py:157} INFO - Started process (PID=145794) to work on /home/marcos/anaconda3/envs/XPe-IGTI/lib/python3.8/site-packages/airflow/example_dags/example_branch_labels.py
[2023-11-28T18:59:32.509-0300] {processor.py:829} INFO - Processing file /home/marcos/anaconda3/envs/XPe-IGTI/lib/python3.8/site-packages/airflow/example_dags/example_branch_labels.py for tasks to queue
[2023-11-28T18:59:32.510-0300] {logging_mixin.py:154} INFO - [2023-11-28T18:59:32.509-0300] {dagbag.py:536} INFO - Filling up the DagBag from /home/marcos/anaconda3/envs/XPe-IGTI/lib/python3.8/site-packages/airflow/example_dags/example_branch_labels.py
[2023-11-28T18:59:32.524-0300] {processor.py:839} INFO - DAG(s) dict_keys(['example_branch_labels']) retrieved from /home/marcos/anaconda3/envs/XPe-IGTI/lib/python3.8/site-packages/airflow/example_dags/example_branch_labels.py
[2023-11-28T18:59:32.544-0300] {logging_mixin.py:154} INFO - [2023-11-28T18:59:32.544-0300] {dag.py:2941} INFO - Sync 1 DAGs
[2023-11-28T18:59:32.563-0300] {logging_mixin.py:154} INFO - [2023-11-28T18:59:32.563-0300] {dag.py:3722} INFO - Setting next_dagrun for example_branch_labels to 2023-11-27T00:00:00+00:00, run_after=2023-11-28T00:00:00+00:00
[2023-11-28T18:59:32.582-0300] {processor.py:179} INFO - Processing /home/marcos/anaconda3/envs/XPe-IGTI/lib/python3.8/site-packages/airflow/example_dags/example_branch_labels.py took 0.083 seconds
[2023-11-28T19:00:26.053-0300] {processor.py:157} INFO - Started process (PID=145883) to work on /home/marcos/anaconda3/envs/XPe-IGTI/lib/python3.8/site-packages/airflow/example_dags/example_branch_labels.py
[2023-11-28T19:00:26.057-0300] {processor.py:829} INFO - Processing file /home/marcos/anaconda3/envs/XPe-IGTI/lib/python3.8/site-packages/airflow/example_dags/example_branch_labels.py for tasks to queue
[2023-11-28T19:00:26.060-0300] {logging_mixin.py:154} INFO - [2023-11-28T19:00:26.059-0300] {dagbag.py:536} INFO - Filling up the DagBag from /home/marcos/anaconda3/envs/XPe-IGTI/lib/python3.8/site-packages/airflow/example_dags/example_branch_labels.py
[2023-11-28T19:00:26.076-0300] {processor.py:839} INFO - DAG(s) dict_keys(['example_branch_labels']) retrieved from /home/marcos/anaconda3/envs/XPe-IGTI/lib/python3.8/site-packages/airflow/example_dags/example_branch_labels.py
[2023-11-28T19:00:26.095-0300] {logging_mixin.py:154} INFO - [2023-11-28T19:00:26.095-0300] {dag.py:2941} INFO - Sync 1 DAGs
[2023-11-28T19:00:26.115-0300] {logging_mixin.py:154} INFO - [2023-11-28T19:00:26.115-0300] {dag.py:3722} INFO - Setting next_dagrun for example_branch_labels to 2023-11-27T00:00:00+00:00, run_after=2023-11-28T00:00:00+00:00
[2023-11-28T19:00:26.133-0300] {processor.py:179} INFO - Processing /home/marcos/anaconda3/envs/XPe-IGTI/lib/python3.8/site-packages/airflow/example_dags/example_branch_labels.py took 0.087 seconds
[2023-11-28T19:01:18.724-0300] {processor.py:157} INFO - Started process (PID=145969) to work on /home/marcos/anaconda3/envs/XPe-IGTI/lib/python3.8/site-packages/airflow/example_dags/example_branch_labels.py
[2023-11-28T19:01:18.728-0300] {processor.py:829} INFO - Processing file /home/marcos/anaconda3/envs/XPe-IGTI/lib/python3.8/site-packages/airflow/example_dags/example_branch_labels.py for tasks to queue
[2023-11-28T19:01:18.729-0300] {logging_mixin.py:154} INFO - [2023-11-28T19:01:18.729-0300] {dagbag.py:536} INFO - Filling up the DagBag from /home/marcos/anaconda3/envs/XPe-IGTI/lib/python3.8/site-packages/airflow/example_dags/example_branch_labels.py
[2023-11-28T19:01:18.738-0300] {processor.py:839} INFO - DAG(s) dict_keys(['example_branch_labels']) retrieved from /home/marcos/anaconda3/envs/XPe-IGTI/lib/python3.8/site-packages/airflow/example_dags/example_branch_labels.py
[2023-11-28T19:01:18.753-0300] {logging_mixin.py:154} INFO - [2023-11-28T19:01:18.753-0300] {dag.py:2941} INFO - Sync 1 DAGs
[2023-11-28T19:01:18.771-0300] {logging_mixin.py:154} INFO - [2023-11-28T19:01:18.771-0300] {dag.py:3722} INFO - Setting next_dagrun for example_branch_labels to 2023-11-27T00:00:00+00:00, run_after=2023-11-28T00:00:00+00:00
[2023-11-28T19:01:18.788-0300] {processor.py:179} INFO - Processing /home/marcos/anaconda3/envs/XPe-IGTI/lib/python3.8/site-packages/airflow/example_dags/example_branch_labels.py took 0.070 seconds
[2023-11-28T19:02:20.806-0300] {processor.py:157} INFO - Started process (PID=146126) to work on /home/marcos/anaconda3/envs/XPe-IGTI/lib/python3.8/site-packages/airflow/example_dags/example_branch_labels.py
[2023-11-28T19:02:20.810-0300] {processor.py:829} INFO - Processing file /home/marcos/anaconda3/envs/XPe-IGTI/lib/python3.8/site-packages/airflow/example_dags/example_branch_labels.py for tasks to queue
[2023-11-28T19:02:20.811-0300] {logging_mixin.py:154} INFO - [2023-11-28T19:02:20.811-0300] {dagbag.py:536} INFO - Filling up the DagBag from /home/marcos/anaconda3/envs/XPe-IGTI/lib/python3.8/site-packages/airflow/example_dags/example_branch_labels.py
[2023-11-28T19:02:20.822-0300] {processor.py:839} INFO - DAG(s) dict_keys(['example_branch_labels']) retrieved from /home/marcos/anaconda3/envs/XPe-IGTI/lib/python3.8/site-packages/airflow/example_dags/example_branch_labels.py
[2023-11-28T19:02:20.841-0300] {logging_mixin.py:154} INFO - [2023-11-28T19:02:20.841-0300] {dag.py:2941} INFO - Sync 1 DAGs
[2023-11-28T19:02:20.862-0300] {logging_mixin.py:154} INFO - [2023-11-28T19:02:20.862-0300] {dag.py:3722} INFO - Setting next_dagrun for example_branch_labels to 2023-11-27T00:00:00+00:00, run_after=2023-11-28T00:00:00+00:00
[2023-11-28T19:02:20.884-0300] {processor.py:179} INFO - Processing /home/marcos/anaconda3/envs/XPe-IGTI/lib/python3.8/site-packages/airflow/example_dags/example_branch_labels.py took 0.082 seconds
[2023-11-28T19:03:14.992-0300] {processor.py:157} INFO - Started process (PID=146224) to work on /home/marcos/anaconda3/envs/XPe-IGTI/lib/python3.8/site-packages/airflow/example_dags/example_branch_labels.py
[2023-11-28T19:03:14.997-0300] {processor.py:829} INFO - Processing file /home/marcos/anaconda3/envs/XPe-IGTI/lib/python3.8/site-packages/airflow/example_dags/example_branch_labels.py for tasks to queue
[2023-11-28T19:03:14.999-0300] {logging_mixin.py:154} INFO - [2023-11-28T19:03:14.998-0300] {dagbag.py:536} INFO - Filling up the DagBag from /home/marcos/anaconda3/envs/XPe-IGTI/lib/python3.8/site-packages/airflow/example_dags/example_branch_labels.py
[2023-11-28T19:03:15.018-0300] {processor.py:839} INFO - DAG(s) dict_keys(['example_branch_labels']) retrieved from /home/marcos/anaconda3/envs/XPe-IGTI/lib/python3.8/site-packages/airflow/example_dags/example_branch_labels.py
[2023-11-28T19:03:15.056-0300] {logging_mixin.py:154} INFO - [2023-11-28T19:03:15.055-0300] {dag.py:2941} INFO - Sync 1 DAGs
[2023-11-28T19:03:15.108-0300] {logging_mixin.py:154} INFO - [2023-11-28T19:03:15.108-0300] {dag.py:3722} INFO - Setting next_dagrun for example_branch_labels to 2023-11-27T00:00:00+00:00, run_after=2023-11-28T00:00:00+00:00
[2023-11-28T19:03:15.151-0300] {processor.py:179} INFO - Processing /home/marcos/anaconda3/envs/XPe-IGTI/lib/python3.8/site-packages/airflow/example_dags/example_branch_labels.py took 0.165 seconds
[2023-11-28T19:04:23.982-0300] {processor.py:157} INFO - Started process (PID=146361) to work on /home/marcos/anaconda3/envs/XPe-IGTI/lib/python3.8/site-packages/airflow/example_dags/example_branch_labels.py
[2023-11-28T19:04:23.984-0300] {processor.py:829} INFO - Processing file /home/marcos/anaconda3/envs/XPe-IGTI/lib/python3.8/site-packages/airflow/example_dags/example_branch_labels.py for tasks to queue
[2023-11-28T19:04:23.985-0300] {logging_mixin.py:154} INFO - [2023-11-28T19:04:23.985-0300] {dagbag.py:536} INFO - Filling up the DagBag from /home/marcos/anaconda3/envs/XPe-IGTI/lib/python3.8/site-packages/airflow/example_dags/example_branch_labels.py
[2023-11-28T19:04:23.997-0300] {processor.py:839} INFO - DAG(s) dict_keys(['example_branch_labels']) retrieved from /home/marcos/anaconda3/envs/XPe-IGTI/lib/python3.8/site-packages/airflow/example_dags/example_branch_labels.py
[2023-11-28T19:04:24.025-0300] {logging_mixin.py:154} INFO - [2023-11-28T19:04:24.025-0300] {dag.py:2941} INFO - Sync 1 DAGs
[2023-11-28T19:04:24.061-0300] {logging_mixin.py:154} INFO - [2023-11-28T19:04:24.061-0300] {dag.py:3722} INFO - Setting next_dagrun for example_branch_labels to 2023-11-27T00:00:00+00:00, run_after=2023-11-28T00:00:00+00:00
[2023-11-28T19:04:24.096-0300] {processor.py:179} INFO - Processing /home/marcos/anaconda3/envs/XPe-IGTI/lib/python3.8/site-packages/airflow/example_dags/example_branch_labels.py took 0.118 seconds
[2023-11-28T19:05:19.174-0300] {processor.py:157} INFO - Started process (PID=146448) to work on /home/marcos/anaconda3/envs/XPe-IGTI/lib/python3.8/site-packages/airflow/example_dags/example_branch_labels.py
[2023-11-28T19:05:19.178-0300] {processor.py:829} INFO - Processing file /home/marcos/anaconda3/envs/XPe-IGTI/lib/python3.8/site-packages/airflow/example_dags/example_branch_labels.py for tasks to queue
[2023-11-28T19:05:19.180-0300] {logging_mixin.py:154} INFO - [2023-11-28T19:05:19.179-0300] {dagbag.py:536} INFO - Filling up the DagBag from /home/marcos/anaconda3/envs/XPe-IGTI/lib/python3.8/site-packages/airflow/example_dags/example_branch_labels.py
[2023-11-28T19:05:19.192-0300] {processor.py:839} INFO - DAG(s) dict_keys(['example_branch_labels']) retrieved from /home/marcos/anaconda3/envs/XPe-IGTI/lib/python3.8/site-packages/airflow/example_dags/example_branch_labels.py
[2023-11-28T19:05:19.222-0300] {logging_mixin.py:154} INFO - [2023-11-28T19:05:19.221-0300] {dag.py:2941} INFO - Sync 1 DAGs
[2023-11-28T19:05:19.257-0300] {logging_mixin.py:154} INFO - [2023-11-28T19:05:19.257-0300] {dag.py:3722} INFO - Setting next_dagrun for example_branch_labels to 2023-11-27T00:00:00+00:00, run_after=2023-11-28T00:00:00+00:00
[2023-11-28T19:05:19.290-0300] {processor.py:179} INFO - Processing /home/marcos/anaconda3/envs/XPe-IGTI/lib/python3.8/site-packages/airflow/example_dags/example_branch_labels.py took 0.121 seconds
[2023-11-28T19:06:15.166-0300] {processor.py:157} INFO - Started process (PID=146551) to work on /home/marcos/anaconda3/envs/XPe-IGTI/lib/python3.8/site-packages/airflow/example_dags/example_branch_labels.py
[2023-11-28T19:06:15.168-0300] {processor.py:829} INFO - Processing file /home/marcos/anaconda3/envs/XPe-IGTI/lib/python3.8/site-packages/airflow/example_dags/example_branch_labels.py for tasks to queue
[2023-11-28T19:06:15.173-0300] {logging_mixin.py:154} INFO - [2023-11-28T19:06:15.172-0300] {dagbag.py:536} INFO - Filling up the DagBag from /home/marcos/anaconda3/envs/XPe-IGTI/lib/python3.8/site-packages/airflow/example_dags/example_branch_labels.py
[2023-11-28T19:06:15.187-0300] {processor.py:839} INFO - DAG(s) dict_keys(['example_branch_labels']) retrieved from /home/marcos/anaconda3/envs/XPe-IGTI/lib/python3.8/site-packages/airflow/example_dags/example_branch_labels.py
[2023-11-28T19:06:15.214-0300] {logging_mixin.py:154} INFO - [2023-11-28T19:06:15.214-0300] {dag.py:2941} INFO - Sync 1 DAGs
[2023-11-28T19:06:15.250-0300] {logging_mixin.py:154} INFO - [2023-11-28T19:06:15.250-0300] {dag.py:3722} INFO - Setting next_dagrun for example_branch_labels to 2023-11-27T00:00:00+00:00, run_after=2023-11-28T00:00:00+00:00
[2023-11-28T19:06:15.284-0300] {processor.py:179} INFO - Processing /home/marcos/anaconda3/envs/XPe-IGTI/lib/python3.8/site-packages/airflow/example_dags/example_branch_labels.py took 0.124 seconds
[2023-11-28T19:07:19.881-0300] {processor.py:157} INFO - Started process (PID=146645) to work on /home/marcos/anaconda3/envs/XPe-IGTI/lib/python3.8/site-packages/airflow/example_dags/example_branch_labels.py
[2023-11-28T19:07:19.885-0300] {processor.py:829} INFO - Processing file /home/marcos/anaconda3/envs/XPe-IGTI/lib/python3.8/site-packages/airflow/example_dags/example_branch_labels.py for tasks to queue
[2023-11-28T19:07:19.888-0300] {logging_mixin.py:154} INFO - [2023-11-28T19:07:19.887-0300] {dagbag.py:536} INFO - Filling up the DagBag from /home/marcos/anaconda3/envs/XPe-IGTI/lib/python3.8/site-packages/airflow/example_dags/example_branch_labels.py
[2023-11-28T19:07:19.900-0300] {processor.py:839} INFO - DAG(s) dict_keys(['example_branch_labels']) retrieved from /home/marcos/anaconda3/envs/XPe-IGTI/lib/python3.8/site-packages/airflow/example_dags/example_branch_labels.py
[2023-11-28T19:07:19.916-0300] {logging_mixin.py:154} INFO - [2023-11-28T19:07:19.916-0300] {dag.py:2941} INFO - Sync 1 DAGs
[2023-11-28T19:07:19.936-0300] {logging_mixin.py:154} INFO - [2023-11-28T19:07:19.935-0300] {dag.py:3722} INFO - Setting next_dagrun for example_branch_labels to 2023-11-27T00:00:00+00:00, run_after=2023-11-28T00:00:00+00:00
[2023-11-28T19:07:19.954-0300] {processor.py:179} INFO - Processing /home/marcos/anaconda3/envs/XPe-IGTI/lib/python3.8/site-packages/airflow/example_dags/example_branch_labels.py took 0.078 seconds
[2023-11-28T19:08:28.787-0300] {processor.py:157} INFO - Started process (PID=146731) to work on /home/marcos/anaconda3/envs/XPe-IGTI/lib/python3.8/site-packages/airflow/example_dags/example_branch_labels.py
[2023-11-28T19:08:28.789-0300] {processor.py:829} INFO - Processing file /home/marcos/anaconda3/envs/XPe-IGTI/lib/python3.8/site-packages/airflow/example_dags/example_branch_labels.py for tasks to queue
[2023-11-28T19:08:28.794-0300] {logging_mixin.py:154} INFO - [2023-11-28T19:08:28.793-0300] {dagbag.py:536} INFO - Filling up the DagBag from /home/marcos/anaconda3/envs/XPe-IGTI/lib/python3.8/site-packages/airflow/example_dags/example_branch_labels.py
[2023-11-28T19:08:28.805-0300] {processor.py:839} INFO - DAG(s) dict_keys(['example_branch_labels']) retrieved from /home/marcos/anaconda3/envs/XPe-IGTI/lib/python3.8/site-packages/airflow/example_dags/example_branch_labels.py
[2023-11-28T19:08:28.828-0300] {logging_mixin.py:154} INFO - [2023-11-28T19:08:28.827-0300] {dag.py:2941} INFO - Sync 1 DAGs
[2023-11-28T19:08:28.858-0300] {logging_mixin.py:154} INFO - [2023-11-28T19:08:28.858-0300] {dag.py:3722} INFO - Setting next_dagrun for example_branch_labels to 2023-11-27T00:00:00+00:00, run_after=2023-11-28T00:00:00+00:00
[2023-11-28T19:08:28.885-0300] {processor.py:179} INFO - Processing /home/marcos/anaconda3/envs/XPe-IGTI/lib/python3.8/site-packages/airflow/example_dags/example_branch_labels.py took 0.103 seconds
[2023-11-28T19:09:57.257-0300] {processor.py:157} INFO - Started process (PID=146955) to work on /home/marcos/anaconda3/envs/XPe-IGTI/lib/python3.8/site-packages/airflow/example_dags/example_branch_labels.py
[2023-11-28T19:09:57.262-0300] {processor.py:829} INFO - Processing file /home/marcos/anaconda3/envs/XPe-IGTI/lib/python3.8/site-packages/airflow/example_dags/example_branch_labels.py for tasks to queue
[2023-11-28T19:09:57.265-0300] {logging_mixin.py:154} INFO - [2023-11-28T19:09:57.265-0300] {dagbag.py:536} INFO - Filling up the DagBag from /home/marcos/anaconda3/envs/XPe-IGTI/lib/python3.8/site-packages/airflow/example_dags/example_branch_labels.py
[2023-11-28T19:09:57.278-0300] {processor.py:839} INFO - DAG(s) dict_keys(['example_branch_labels']) retrieved from /home/marcos/anaconda3/envs/XPe-IGTI/lib/python3.8/site-packages/airflow/example_dags/example_branch_labels.py
[2023-11-28T19:09:57.305-0300] {logging_mixin.py:154} INFO - [2023-11-28T19:09:57.304-0300] {dag.py:2941} INFO - Sync 1 DAGs
[2023-11-28T19:09:57.338-0300] {logging_mixin.py:154} INFO - [2023-11-28T19:09:57.338-0300] {dag.py:3722} INFO - Setting next_dagrun for example_branch_labels to 2023-11-27T00:00:00+00:00, run_after=2023-11-28T00:00:00+00:00
[2023-11-28T19:09:57.369-0300] {processor.py:179} INFO - Processing /home/marcos/anaconda3/envs/XPe-IGTI/lib/python3.8/site-packages/airflow/example_dags/example_branch_labels.py took 0.116 seconds
[2023-11-28T19:10:57.990-0300] {processor.py:157} INFO - Started process (PID=147103) to work on /home/marcos/anaconda3/envs/XPe-IGTI/lib/python3.8/site-packages/airflow/example_dags/example_branch_labels.py
[2023-11-28T19:10:57.991-0300] {processor.py:829} INFO - Processing file /home/marcos/anaconda3/envs/XPe-IGTI/lib/python3.8/site-packages/airflow/example_dags/example_branch_labels.py for tasks to queue
[2023-11-28T19:10:57.993-0300] {logging_mixin.py:154} INFO - [2023-11-28T19:10:57.993-0300] {dagbag.py:536} INFO - Filling up the DagBag from /home/marcos/anaconda3/envs/XPe-IGTI/lib/python3.8/site-packages/airflow/example_dags/example_branch_labels.py
[2023-11-28T19:10:58.003-0300] {processor.py:839} INFO - DAG(s) dict_keys(['example_branch_labels']) retrieved from /home/marcos/anaconda3/envs/XPe-IGTI/lib/python3.8/site-packages/airflow/example_dags/example_branch_labels.py
[2023-11-28T19:10:58.022-0300] {logging_mixin.py:154} INFO - [2023-11-28T19:10:58.021-0300] {dag.py:2941} INFO - Sync 1 DAGs
[2023-11-28T19:10:58.047-0300] {logging_mixin.py:154} INFO - [2023-11-28T19:10:58.046-0300] {dag.py:3722} INFO - Setting next_dagrun for example_branch_labels to 2023-11-27T00:00:00+00:00, run_after=2023-11-28T00:00:00+00:00
[2023-11-28T19:10:58.069-0300] {processor.py:179} INFO - Processing /home/marcos/anaconda3/envs/XPe-IGTI/lib/python3.8/site-packages/airflow/example_dags/example_branch_labels.py took 0.084 seconds
[2023-11-28T19:12:07.000-0300] {processor.py:157} INFO - Started process (PID=147305) to work on /home/marcos/anaconda3/envs/XPe-IGTI/lib/python3.8/site-packages/airflow/example_dags/example_branch_labels.py
[2023-11-28T19:12:07.003-0300] {processor.py:829} INFO - Processing file /home/marcos/anaconda3/envs/XPe-IGTI/lib/python3.8/site-packages/airflow/example_dags/example_branch_labels.py for tasks to queue
[2023-11-28T19:12:07.011-0300] {logging_mixin.py:154} INFO - [2023-11-28T19:12:07.010-0300] {dagbag.py:536} INFO - Filling up the DagBag from /home/marcos/anaconda3/envs/XPe-IGTI/lib/python3.8/site-packages/airflow/example_dags/example_branch_labels.py
[2023-11-28T19:12:07.035-0300] {processor.py:839} INFO - DAG(s) dict_keys(['example_branch_labels']) retrieved from /home/marcos/anaconda3/envs/XPe-IGTI/lib/python3.8/site-packages/airflow/example_dags/example_branch_labels.py
[2023-11-28T19:12:07.077-0300] {logging_mixin.py:154} INFO - [2023-11-28T19:12:07.076-0300] {dag.py:2941} INFO - Sync 1 DAGs
[2023-11-28T19:12:07.135-0300] {logging_mixin.py:154} INFO - [2023-11-28T19:12:07.134-0300] {dag.py:3722} INFO - Setting next_dagrun for example_branch_labels to 2023-11-27T00:00:00+00:00, run_after=2023-11-28T00:00:00+00:00
[2023-11-28T19:12:07.199-0300] {processor.py:179} INFO - Processing /home/marcos/anaconda3/envs/XPe-IGTI/lib/python3.8/site-packages/airflow/example_dags/example_branch_labels.py took 0.206 seconds
[2023-11-28T19:13:20.264-0300] {processor.py:157} INFO - Started process (PID=147488) to work on /home/marcos/anaconda3/envs/XPe-IGTI/lib/python3.8/site-packages/airflow/example_dags/example_branch_labels.py
[2023-11-28T19:13:20.275-0300] {processor.py:829} INFO - Processing file /home/marcos/anaconda3/envs/XPe-IGTI/lib/python3.8/site-packages/airflow/example_dags/example_branch_labels.py for tasks to queue
[2023-11-28T19:13:20.278-0300] {logging_mixin.py:154} INFO - [2023-11-28T19:13:20.277-0300] {dagbag.py:536} INFO - Filling up the DagBag from /home/marcos/anaconda3/envs/XPe-IGTI/lib/python3.8/site-packages/airflow/example_dags/example_branch_labels.py
[2023-11-28T19:13:20.330-0300] {processor.py:839} INFO - DAG(s) dict_keys(['example_branch_labels']) retrieved from /home/marcos/anaconda3/envs/XPe-IGTI/lib/python3.8/site-packages/airflow/example_dags/example_branch_labels.py
[2023-11-28T19:13:20.359-0300] {logging_mixin.py:154} INFO - [2023-11-28T19:13:20.359-0300] {dag.py:2941} INFO - Sync 1 DAGs
[2023-11-28T19:13:20.401-0300] {logging_mixin.py:154} INFO - [2023-11-28T19:13:20.400-0300] {dag.py:3722} INFO - Setting next_dagrun for example_branch_labels to 2023-11-27T00:00:00+00:00, run_after=2023-11-28T00:00:00+00:00
[2023-11-28T19:13:20.445-0300] {processor.py:179} INFO - Processing /home/marcos/anaconda3/envs/XPe-IGTI/lib/python3.8/site-packages/airflow/example_dags/example_branch_labels.py took 0.185 seconds
[2023-11-28T19:14:17.399-0300] {processor.py:157} INFO - Started process (PID=147550) to work on /home/marcos/anaconda3/envs/XPe-IGTI/lib/python3.8/site-packages/airflow/example_dags/example_branch_labels.py
[2023-11-28T19:14:17.405-0300] {processor.py:829} INFO - Processing file /home/marcos/anaconda3/envs/XPe-IGTI/lib/python3.8/site-packages/airflow/example_dags/example_branch_labels.py for tasks to queue
[2023-11-28T19:14:17.412-0300] {logging_mixin.py:154} INFO - [2023-11-28T19:14:17.411-0300] {dagbag.py:536} INFO - Filling up the DagBag from /home/marcos/anaconda3/envs/XPe-IGTI/lib/python3.8/site-packages/airflow/example_dags/example_branch_labels.py
[2023-11-28T19:14:17.430-0300] {processor.py:839} INFO - DAG(s) dict_keys(['example_branch_labels']) retrieved from /home/marcos/anaconda3/envs/XPe-IGTI/lib/python3.8/site-packages/airflow/example_dags/example_branch_labels.py
[2023-11-28T19:14:17.468-0300] {logging_mixin.py:154} INFO - [2023-11-28T19:14:17.467-0300] {dag.py:2941} INFO - Sync 1 DAGs
[2023-11-28T19:14:17.508-0300] {logging_mixin.py:154} INFO - [2023-11-28T19:14:17.507-0300] {dag.py:3722} INFO - Setting next_dagrun for example_branch_labels to 2023-11-27T00:00:00+00:00, run_after=2023-11-28T00:00:00+00:00
[2023-11-28T19:14:17.548-0300] {processor.py:179} INFO - Processing /home/marcos/anaconda3/envs/XPe-IGTI/lib/python3.8/site-packages/airflow/example_dags/example_branch_labels.py took 0.159 seconds
[2023-11-28T19:15:29.735-0300] {processor.py:157} INFO - Started process (PID=147622) to work on /home/marcos/anaconda3/envs/XPe-IGTI/lib/python3.8/site-packages/airflow/example_dags/example_branch_labels.py
[2023-11-28T19:15:29.739-0300] {processor.py:829} INFO - Processing file /home/marcos/anaconda3/envs/XPe-IGTI/lib/python3.8/site-packages/airflow/example_dags/example_branch_labels.py for tasks to queue
[2023-11-28T19:15:29.743-0300] {logging_mixin.py:154} INFO - [2023-11-28T19:15:29.742-0300] {dagbag.py:536} INFO - Filling up the DagBag from /home/marcos/anaconda3/envs/XPe-IGTI/lib/python3.8/site-packages/airflow/example_dags/example_branch_labels.py
[2023-11-28T19:15:29.756-0300] {processor.py:839} INFO - DAG(s) dict_keys(['example_branch_labels']) retrieved from /home/marcos/anaconda3/envs/XPe-IGTI/lib/python3.8/site-packages/airflow/example_dags/example_branch_labels.py
[2023-11-28T19:15:29.785-0300] {logging_mixin.py:154} INFO - [2023-11-28T19:15:29.784-0300] {dag.py:2941} INFO - Sync 1 DAGs
[2023-11-28T19:15:29.823-0300] {logging_mixin.py:154} INFO - [2023-11-28T19:15:29.823-0300] {dag.py:3722} INFO - Setting next_dagrun for example_branch_labels to 2023-11-27T00:00:00+00:00, run_after=2023-11-28T00:00:00+00:00
[2023-11-28T19:15:29.858-0300] {processor.py:179} INFO - Processing /home/marcos/anaconda3/envs/XPe-IGTI/lib/python3.8/site-packages/airflow/example_dags/example_branch_labels.py took 0.128 seconds
[2023-11-28T19:16:37.477-0300] {processor.py:157} INFO - Started process (PID=147697) to work on /home/marcos/anaconda3/envs/XPe-IGTI/lib/python3.8/site-packages/airflow/example_dags/example_branch_labels.py
[2023-11-28T19:16:37.481-0300] {processor.py:829} INFO - Processing file /home/marcos/anaconda3/envs/XPe-IGTI/lib/python3.8/site-packages/airflow/example_dags/example_branch_labels.py for tasks to queue
[2023-11-28T19:16:37.485-0300] {logging_mixin.py:154} INFO - [2023-11-28T19:16:37.485-0300] {dagbag.py:536} INFO - Filling up the DagBag from /home/marcos/anaconda3/envs/XPe-IGTI/lib/python3.8/site-packages/airflow/example_dags/example_branch_labels.py
[2023-11-28T19:16:37.497-0300] {processor.py:839} INFO - DAG(s) dict_keys(['example_branch_labels']) retrieved from /home/marcos/anaconda3/envs/XPe-IGTI/lib/python3.8/site-packages/airflow/example_dags/example_branch_labels.py
[2023-11-28T19:16:37.523-0300] {logging_mixin.py:154} INFO - [2023-11-28T19:16:37.522-0300] {dag.py:2941} INFO - Sync 1 DAGs
[2023-11-28T19:16:37.557-0300] {logging_mixin.py:154} INFO - [2023-11-28T19:16:37.557-0300] {dag.py:3722} INFO - Setting next_dagrun for example_branch_labels to 2023-11-27T00:00:00+00:00, run_after=2023-11-28T00:00:00+00:00
[2023-11-28T19:16:37.586-0300] {processor.py:179} INFO - Processing /home/marcos/anaconda3/envs/XPe-IGTI/lib/python3.8/site-packages/airflow/example_dags/example_branch_labels.py took 0.113 seconds
[2023-11-28T19:17:41.996-0300] {processor.py:157} INFO - Started process (PID=147797) to work on /home/marcos/anaconda3/envs/XPe-IGTI/lib/python3.8/site-packages/airflow/example_dags/example_branch_labels.py
[2023-11-28T19:17:41.998-0300] {processor.py:829} INFO - Processing file /home/marcos/anaconda3/envs/XPe-IGTI/lib/python3.8/site-packages/airflow/example_dags/example_branch_labels.py for tasks to queue
[2023-11-28T19:17:42.002-0300] {logging_mixin.py:154} INFO - [2023-11-28T19:17:42.001-0300] {dagbag.py:536} INFO - Filling up the DagBag from /home/marcos/anaconda3/envs/XPe-IGTI/lib/python3.8/site-packages/airflow/example_dags/example_branch_labels.py
[2023-11-28T19:17:42.014-0300] {processor.py:839} INFO - DAG(s) dict_keys(['example_branch_labels']) retrieved from /home/marcos/anaconda3/envs/XPe-IGTI/lib/python3.8/site-packages/airflow/example_dags/example_branch_labels.py
[2023-11-28T19:17:42.039-0300] {logging_mixin.py:154} INFO - [2023-11-28T19:17:42.038-0300] {dag.py:2941} INFO - Sync 1 DAGs
[2023-11-28T19:17:42.072-0300] {logging_mixin.py:154} INFO - [2023-11-28T19:17:42.072-0300] {dag.py:3722} INFO - Setting next_dagrun for example_branch_labels to 2023-11-27T00:00:00+00:00, run_after=2023-11-28T00:00:00+00:00
[2023-11-28T19:17:42.102-0300] {processor.py:179} INFO - Processing /home/marcos/anaconda3/envs/XPe-IGTI/lib/python3.8/site-packages/airflow/example_dags/example_branch_labels.py took 0.111 seconds
[2023-11-28T19:18:52.325-0300] {processor.py:157} INFO - Started process (PID=147876) to work on /home/marcos/anaconda3/envs/XPe-IGTI/lib/python3.8/site-packages/airflow/example_dags/example_branch_labels.py
[2023-11-28T19:18:52.330-0300] {processor.py:829} INFO - Processing file /home/marcos/anaconda3/envs/XPe-IGTI/lib/python3.8/site-packages/airflow/example_dags/example_branch_labels.py for tasks to queue
[2023-11-28T19:18:52.335-0300] {logging_mixin.py:154} INFO - [2023-11-28T19:18:52.334-0300] {dagbag.py:536} INFO - Filling up the DagBag from /home/marcos/anaconda3/envs/XPe-IGTI/lib/python3.8/site-packages/airflow/example_dags/example_branch_labels.py
[2023-11-28T19:18:52.346-0300] {processor.py:839} INFO - DAG(s) dict_keys(['example_branch_labels']) retrieved from /home/marcos/anaconda3/envs/XPe-IGTI/lib/python3.8/site-packages/airflow/example_dags/example_branch_labels.py
[2023-11-28T19:18:52.372-0300] {logging_mixin.py:154} INFO - [2023-11-28T19:18:52.372-0300] {dag.py:2941} INFO - Sync 1 DAGs
[2023-11-28T19:18:52.408-0300] {logging_mixin.py:154} INFO - [2023-11-28T19:18:52.407-0300] {dag.py:3722} INFO - Setting next_dagrun for example_branch_labels to 2023-11-27T00:00:00+00:00, run_after=2023-11-28T00:00:00+00:00
[2023-11-28T19:18:52.438-0300] {processor.py:179} INFO - Processing /home/marcos/anaconda3/envs/XPe-IGTI/lib/python3.8/site-packages/airflow/example_dags/example_branch_labels.py took 0.117 seconds
[2023-11-28T19:21:19.022-0300] {processor.py:157} INFO - Started process (PID=148645) to work on /home/marcos/anaconda3/envs/XPe-IGTI/lib/python3.8/site-packages/airflow/example_dags/example_branch_labels.py
[2023-11-28T19:21:19.027-0300] {processor.py:829} INFO - Processing file /home/marcos/anaconda3/envs/XPe-IGTI/lib/python3.8/site-packages/airflow/example_dags/example_branch_labels.py for tasks to queue
[2023-11-28T19:21:19.031-0300] {logging_mixin.py:154} INFO - [2023-11-28T19:21:19.031-0300] {dagbag.py:536} INFO - Filling up the DagBag from /home/marcos/anaconda3/envs/XPe-IGTI/lib/python3.8/site-packages/airflow/example_dags/example_branch_labels.py
[2023-11-28T19:21:19.045-0300] {processor.py:839} INFO - DAG(s) dict_keys(['example_branch_labels']) retrieved from /home/marcos/anaconda3/envs/XPe-IGTI/lib/python3.8/site-packages/airflow/example_dags/example_branch_labels.py
[2023-11-28T19:21:19.072-0300] {logging_mixin.py:154} INFO - [2023-11-28T19:21:19.071-0300] {dag.py:2941} INFO - Sync 1 DAGs
[2023-11-28T19:21:19.107-0300] {logging_mixin.py:154} INFO - [2023-11-28T19:21:19.107-0300] {dag.py:3722} INFO - Setting next_dagrun for example_branch_labels to 2023-11-27T00:00:00+00:00, run_after=2023-11-28T00:00:00+00:00
[2023-11-28T19:21:19.147-0300] {processor.py:179} INFO - Processing /home/marcos/anaconda3/envs/XPe-IGTI/lib/python3.8/site-packages/airflow/example_dags/example_branch_labels.py took 0.131 seconds
[2023-11-28T19:22:28.702-0300] {processor.py:157} INFO - Started process (PID=148841) to work on /home/marcos/anaconda3/envs/XPe-IGTI/lib/python3.8/site-packages/airflow/example_dags/example_branch_labels.py
[2023-11-28T19:22:28.704-0300] {processor.py:829} INFO - Processing file /home/marcos/anaconda3/envs/XPe-IGTI/lib/python3.8/site-packages/airflow/example_dags/example_branch_labels.py for tasks to queue
[2023-11-28T19:22:28.709-0300] {logging_mixin.py:154} INFO - [2023-11-28T19:22:28.708-0300] {dagbag.py:536} INFO - Filling up the DagBag from /home/marcos/anaconda3/envs/XPe-IGTI/lib/python3.8/site-packages/airflow/example_dags/example_branch_labels.py
[2023-11-28T19:22:28.725-0300] {processor.py:839} INFO - DAG(s) dict_keys(['example_branch_labels']) retrieved from /home/marcos/anaconda3/envs/XPe-IGTI/lib/python3.8/site-packages/airflow/example_dags/example_branch_labels.py
[2023-11-28T19:22:28.755-0300] {logging_mixin.py:154} INFO - [2023-11-28T19:22:28.754-0300] {dag.py:2941} INFO - Sync 1 DAGs
[2023-11-28T19:22:28.797-0300] {logging_mixin.py:154} INFO - [2023-11-28T19:22:28.797-0300] {dag.py:3722} INFO - Setting next_dagrun for example_branch_labels to 2023-11-27T00:00:00+00:00, run_after=2023-11-28T00:00:00+00:00
[2023-11-28T19:22:28.830-0300] {processor.py:179} INFO - Processing /home/marcos/anaconda3/envs/XPe-IGTI/lib/python3.8/site-packages/airflow/example_dags/example_branch_labels.py took 0.133 seconds
[2023-11-28T19:23:21.072-0300] {processor.py:157} INFO - Started process (PID=148924) to work on /home/marcos/anaconda3/envs/XPe-IGTI/lib/python3.8/site-packages/airflow/example_dags/example_branch_labels.py
[2023-11-28T19:23:21.077-0300] {processor.py:829} INFO - Processing file /home/marcos/anaconda3/envs/XPe-IGTI/lib/python3.8/site-packages/airflow/example_dags/example_branch_labels.py for tasks to queue
[2023-11-28T19:23:21.080-0300] {logging_mixin.py:154} INFO - [2023-11-28T19:23:21.080-0300] {dagbag.py:536} INFO - Filling up the DagBag from /home/marcos/anaconda3/envs/XPe-IGTI/lib/python3.8/site-packages/airflow/example_dags/example_branch_labels.py
[2023-11-28T19:23:21.095-0300] {processor.py:839} INFO - DAG(s) dict_keys(['example_branch_labels']) retrieved from /home/marcos/anaconda3/envs/XPe-IGTI/lib/python3.8/site-packages/airflow/example_dags/example_branch_labels.py
[2023-11-28T19:23:21.128-0300] {logging_mixin.py:154} INFO - [2023-11-28T19:23:21.127-0300] {dag.py:2941} INFO - Sync 1 DAGs
[2023-11-28T19:23:21.175-0300] {logging_mixin.py:154} INFO - [2023-11-28T19:23:21.175-0300] {dag.py:3722} INFO - Setting next_dagrun for example_branch_labels to 2023-11-27T00:00:00+00:00, run_after=2023-11-28T00:00:00+00:00
[2023-11-28T19:23:21.217-0300] {processor.py:179} INFO - Processing /home/marcos/anaconda3/envs/XPe-IGTI/lib/python3.8/site-packages/airflow/example_dags/example_branch_labels.py took 0.151 seconds
[2023-11-28T19:24:29.695-0300] {processor.py:157} INFO - Started process (PID=148996) to work on /home/marcos/anaconda3/envs/XPe-IGTI/lib/python3.8/site-packages/airflow/example_dags/example_branch_labels.py
[2023-11-28T19:24:29.699-0300] {processor.py:829} INFO - Processing file /home/marcos/anaconda3/envs/XPe-IGTI/lib/python3.8/site-packages/airflow/example_dags/example_branch_labels.py for tasks to queue
[2023-11-28T19:24:29.703-0300] {logging_mixin.py:154} INFO - [2023-11-28T19:24:29.702-0300] {dagbag.py:536} INFO - Filling up the DagBag from /home/marcos/anaconda3/envs/XPe-IGTI/lib/python3.8/site-packages/airflow/example_dags/example_branch_labels.py
[2023-11-28T19:24:29.716-0300] {processor.py:839} INFO - DAG(s) dict_keys(['example_branch_labels']) retrieved from /home/marcos/anaconda3/envs/XPe-IGTI/lib/python3.8/site-packages/airflow/example_dags/example_branch_labels.py
[2023-11-28T19:24:29.740-0300] {logging_mixin.py:154} INFO - [2023-11-28T19:24:29.740-0300] {dag.py:2941} INFO - Sync 1 DAGs
[2023-11-28T19:24:29.778-0300] {logging_mixin.py:154} INFO - [2023-11-28T19:24:29.778-0300] {dag.py:3722} INFO - Setting next_dagrun for example_branch_labels to 2023-11-27T00:00:00+00:00, run_after=2023-11-28T00:00:00+00:00
[2023-11-28T19:24:29.806-0300] {processor.py:179} INFO - Processing /home/marcos/anaconda3/envs/XPe-IGTI/lib/python3.8/site-packages/airflow/example_dags/example_branch_labels.py took 0.117 seconds
[2023-11-28T19:25:41.320-0300] {processor.py:157} INFO - Started process (PID=149068) to work on /home/marcos/anaconda3/envs/XPe-IGTI/lib/python3.8/site-packages/airflow/example_dags/example_branch_labels.py
[2023-11-28T19:25:41.324-0300] {processor.py:829} INFO - Processing file /home/marcos/anaconda3/envs/XPe-IGTI/lib/python3.8/site-packages/airflow/example_dags/example_branch_labels.py for tasks to queue
[2023-11-28T19:25:41.328-0300] {logging_mixin.py:154} INFO - [2023-11-28T19:25:41.327-0300] {dagbag.py:536} INFO - Filling up the DagBag from /home/marcos/anaconda3/envs/XPe-IGTI/lib/python3.8/site-packages/airflow/example_dags/example_branch_labels.py
[2023-11-28T19:25:41.339-0300] {processor.py:839} INFO - DAG(s) dict_keys(['example_branch_labels']) retrieved from /home/marcos/anaconda3/envs/XPe-IGTI/lib/python3.8/site-packages/airflow/example_dags/example_branch_labels.py
[2023-11-28T19:25:41.364-0300] {logging_mixin.py:154} INFO - [2023-11-28T19:25:41.363-0300] {dag.py:2941} INFO - Sync 1 DAGs
[2023-11-28T19:25:41.398-0300] {logging_mixin.py:154} INFO - [2023-11-28T19:25:41.397-0300] {dag.py:3722} INFO - Setting next_dagrun for example_branch_labels to 2023-11-27T00:00:00+00:00, run_after=2023-11-28T00:00:00+00:00
[2023-11-28T19:25:41.427-0300] {processor.py:179} INFO - Processing /home/marcos/anaconda3/envs/XPe-IGTI/lib/python3.8/site-packages/airflow/example_dags/example_branch_labels.py took 0.112 seconds
[2023-11-28T19:26:53.074-0300] {processor.py:157} INFO - Started process (PID=149162) to work on /home/marcos/anaconda3/envs/XPe-IGTI/lib/python3.8/site-packages/airflow/example_dags/example_branch_labels.py
[2023-11-28T19:26:53.076-0300] {processor.py:829} INFO - Processing file /home/marcos/anaconda3/envs/XPe-IGTI/lib/python3.8/site-packages/airflow/example_dags/example_branch_labels.py for tasks to queue
[2023-11-28T19:26:53.080-0300] {logging_mixin.py:154} INFO - [2023-11-28T19:26:53.079-0300] {dagbag.py:536} INFO - Filling up the DagBag from /home/marcos/anaconda3/envs/XPe-IGTI/lib/python3.8/site-packages/airflow/example_dags/example_branch_labels.py
[2023-11-28T19:26:53.092-0300] {processor.py:839} INFO - DAG(s) dict_keys(['example_branch_labels']) retrieved from /home/marcos/anaconda3/envs/XPe-IGTI/lib/python3.8/site-packages/airflow/example_dags/example_branch_labels.py
[2023-11-28T19:26:53.122-0300] {logging_mixin.py:154} INFO - [2023-11-28T19:26:53.121-0300] {dag.py:2941} INFO - Sync 1 DAGs
[2023-11-28T19:26:53.156-0300] {logging_mixin.py:154} INFO - [2023-11-28T19:26:53.155-0300] {dag.py:3722} INFO - Setting next_dagrun for example_branch_labels to 2023-11-27T00:00:00+00:00, run_after=2023-11-28T00:00:00+00:00
[2023-11-28T19:26:53.185-0300] {processor.py:179} INFO - Processing /home/marcos/anaconda3/envs/XPe-IGTI/lib/python3.8/site-packages/airflow/example_dags/example_branch_labels.py took 0.116 seconds
[2023-11-28T19:27:54.834-0300] {processor.py:157} INFO - Started process (PID=149278) to work on /home/marcos/anaconda3/envs/XPe-IGTI/lib/python3.8/site-packages/airflow/example_dags/example_branch_labels.py
[2023-11-28T19:27:54.838-0300] {processor.py:829} INFO - Processing file /home/marcos/anaconda3/envs/XPe-IGTI/lib/python3.8/site-packages/airflow/example_dags/example_branch_labels.py for tasks to queue
[2023-11-28T19:27:54.840-0300] {logging_mixin.py:154} INFO - [2023-11-28T19:27:54.840-0300] {dagbag.py:536} INFO - Filling up the DagBag from /home/marcos/anaconda3/envs/XPe-IGTI/lib/python3.8/site-packages/airflow/example_dags/example_branch_labels.py
[2023-11-28T19:27:54.851-0300] {processor.py:839} INFO - DAG(s) dict_keys(['example_branch_labels']) retrieved from /home/marcos/anaconda3/envs/XPe-IGTI/lib/python3.8/site-packages/airflow/example_dags/example_branch_labels.py
[2023-11-28T19:27:54.872-0300] {logging_mixin.py:154} INFO - [2023-11-28T19:27:54.872-0300] {dag.py:2941} INFO - Sync 1 DAGs
[2023-11-28T19:27:54.900-0300] {logging_mixin.py:154} INFO - [2023-11-28T19:27:54.899-0300] {dag.py:3722} INFO - Setting next_dagrun for example_branch_labels to 2023-11-27T00:00:00+00:00, run_after=2023-11-28T00:00:00+00:00
[2023-11-28T19:27:54.921-0300] {processor.py:179} INFO - Processing /home/marcos/anaconda3/envs/XPe-IGTI/lib/python3.8/site-packages/airflow/example_dags/example_branch_labels.py took 0.091 seconds
[2023-11-28T19:28:50.341-0300] {processor.py:157} INFO - Started process (PID=149339) to work on /home/marcos/anaconda3/envs/XPe-IGTI/lib/python3.8/site-packages/airflow/example_dags/example_branch_labels.py
[2023-11-28T19:28:50.345-0300] {processor.py:829} INFO - Processing file /home/marcos/anaconda3/envs/XPe-IGTI/lib/python3.8/site-packages/airflow/example_dags/example_branch_labels.py for tasks to queue
[2023-11-28T19:28:50.349-0300] {logging_mixin.py:154} INFO - [2023-11-28T19:28:50.348-0300] {dagbag.py:536} INFO - Filling up the DagBag from /home/marcos/anaconda3/envs/XPe-IGTI/lib/python3.8/site-packages/airflow/example_dags/example_branch_labels.py
[2023-11-28T19:28:50.361-0300] {processor.py:839} INFO - DAG(s) dict_keys(['example_branch_labels']) retrieved from /home/marcos/anaconda3/envs/XPe-IGTI/lib/python3.8/site-packages/airflow/example_dags/example_branch_labels.py
[2023-11-28T19:28:50.386-0300] {logging_mixin.py:154} INFO - [2023-11-28T19:28:50.385-0300] {dag.py:2941} INFO - Sync 1 DAGs
[2023-11-28T19:28:50.428-0300] {logging_mixin.py:154} INFO - [2023-11-28T19:28:50.428-0300] {dag.py:3722} INFO - Setting next_dagrun for example_branch_labels to 2023-11-27T00:00:00+00:00, run_after=2023-11-28T00:00:00+00:00
[2023-11-28T19:28:50.460-0300] {processor.py:179} INFO - Processing /home/marcos/anaconda3/envs/XPe-IGTI/lib/python3.8/site-packages/airflow/example_dags/example_branch_labels.py took 0.124 seconds
