[2023-11-27T21:01:03.919-0300] {processor.py:157} INFO - Started process (PID=51780) to work on /home/marcos/anaconda3/envs/XPe-IGTI/lib/python3.8/site-packages/airflow/example_dags/example_dynamic_task_mapping.py
[2023-11-27T21:01:03.920-0300] {processor.py:829} INFO - Processing file /home/marcos/anaconda3/envs/XPe-IGTI/lib/python3.8/site-packages/airflow/example_dags/example_dynamic_task_mapping.py for tasks to queue
[2023-11-27T21:01:03.921-0300] {logging_mixin.py:154} INFO - [2023-11-27T21:01:03.921-0300] {dagbag.py:536} INFO - Filling up the DagBag from /home/marcos/anaconda3/envs/XPe-IGTI/lib/python3.8/site-packages/airflow/example_dags/example_dynamic_task_mapping.py
[2023-11-27T21:01:03.935-0300] {processor.py:839} INFO - DAG(s) dict_keys(['example_dynamic_task_mapping']) retrieved from /home/marcos/anaconda3/envs/XPe-IGTI/lib/python3.8/site-packages/airflow/example_dags/example_dynamic_task_mapping.py
[2023-11-27T21:01:03.960-0300] {logging_mixin.py:154} INFO - [2023-11-27T21:01:03.960-0300] {dag.py:2941} INFO - Sync 1 DAGs
[2023-11-27T21:01:03.999-0300] {logging_mixin.py:154} INFO - [2023-11-27T21:01:03.998-0300] {dag.py:3722} INFO - Setting next_dagrun for example_dynamic_task_mapping to 2022-03-04T00:00:00+00:00, run_after=2022-03-05T00:00:00+00:00
[2023-11-27T21:01:04.032-0300] {processor.py:179} INFO - Processing /home/marcos/anaconda3/envs/XPe-IGTI/lib/python3.8/site-packages/airflow/example_dags/example_dynamic_task_mapping.py took 0.118 seconds
[2023-11-27T21:02:04.487-0300] {processor.py:157} INFO - Started process (PID=51879) to work on /home/marcos/anaconda3/envs/XPe-IGTI/lib/python3.8/site-packages/airflow/example_dags/example_dynamic_task_mapping.py
[2023-11-27T21:02:04.492-0300] {processor.py:829} INFO - Processing file /home/marcos/anaconda3/envs/XPe-IGTI/lib/python3.8/site-packages/airflow/example_dags/example_dynamic_task_mapping.py for tasks to queue
[2023-11-27T21:02:04.493-0300] {logging_mixin.py:154} INFO - [2023-11-27T21:02:04.493-0300] {dagbag.py:536} INFO - Filling up the DagBag from /home/marcos/anaconda3/envs/XPe-IGTI/lib/python3.8/site-packages/airflow/example_dags/example_dynamic_task_mapping.py
[2023-11-27T21:02:04.505-0300] {processor.py:839} INFO - DAG(s) dict_keys(['example_dynamic_task_mapping']) retrieved from /home/marcos/anaconda3/envs/XPe-IGTI/lib/python3.8/site-packages/airflow/example_dags/example_dynamic_task_mapping.py
[2023-11-27T21:02:04.533-0300] {logging_mixin.py:154} INFO - [2023-11-27T21:02:04.533-0300] {dag.py:2941} INFO - Sync 1 DAGs
[2023-11-27T21:02:04.566-0300] {logging_mixin.py:154} INFO - [2023-11-27T21:02:04.565-0300] {dag.py:3722} INFO - Setting next_dagrun for example_dynamic_task_mapping to 2022-03-04T00:00:00+00:00, run_after=2022-03-05T00:00:00+00:00
[2023-11-27T21:02:04.602-0300] {processor.py:179} INFO - Processing /home/marcos/anaconda3/envs/XPe-IGTI/lib/python3.8/site-packages/airflow/example_dags/example_dynamic_task_mapping.py took 0.121 seconds
[2023-11-27T21:03:01.937-0300] {processor.py:157} INFO - Started process (PID=51955) to work on /home/marcos/anaconda3/envs/XPe-IGTI/lib/python3.8/site-packages/airflow/example_dags/example_dynamic_task_mapping.py
[2023-11-27T21:03:01.943-0300] {processor.py:829} INFO - Processing file /home/marcos/anaconda3/envs/XPe-IGTI/lib/python3.8/site-packages/airflow/example_dags/example_dynamic_task_mapping.py for tasks to queue
[2023-11-27T21:03:01.948-0300] {logging_mixin.py:154} INFO - [2023-11-27T21:03:01.946-0300] {dagbag.py:536} INFO - Filling up the DagBag from /home/marcos/anaconda3/envs/XPe-IGTI/lib/python3.8/site-packages/airflow/example_dags/example_dynamic_task_mapping.py
[2023-11-27T21:03:01.981-0300] {processor.py:839} INFO - DAG(s) dict_keys(['example_dynamic_task_mapping']) retrieved from /home/marcos/anaconda3/envs/XPe-IGTI/lib/python3.8/site-packages/airflow/example_dags/example_dynamic_task_mapping.py
[2023-11-27T21:03:02.020-0300] {logging_mixin.py:154} INFO - [2023-11-27T21:03:02.020-0300] {dag.py:2941} INFO - Sync 1 DAGs
[2023-11-27T21:03:02.055-0300] {logging_mixin.py:154} INFO - [2023-11-27T21:03:02.055-0300] {dag.py:3722} INFO - Setting next_dagrun for example_dynamic_task_mapping to 2022-03-04T00:00:00+00:00, run_after=2022-03-05T00:00:00+00:00
[2023-11-27T21:03:02.092-0300] {processor.py:179} INFO - Processing /home/marcos/anaconda3/envs/XPe-IGTI/lib/python3.8/site-packages/airflow/example_dags/example_dynamic_task_mapping.py took 0.167 seconds
[2023-11-27T21:04:10.054-0300] {processor.py:157} INFO - Started process (PID=52039) to work on /home/marcos/anaconda3/envs/XPe-IGTI/lib/python3.8/site-packages/airflow/example_dags/example_dynamic_task_mapping.py
[2023-11-27T21:04:10.059-0300] {processor.py:829} INFO - Processing file /home/marcos/anaconda3/envs/XPe-IGTI/lib/python3.8/site-packages/airflow/example_dags/example_dynamic_task_mapping.py for tasks to queue
[2023-11-27T21:04:10.060-0300] {logging_mixin.py:154} INFO - [2023-11-27T21:04:10.059-0300] {dagbag.py:536} INFO - Filling up the DagBag from /home/marcos/anaconda3/envs/XPe-IGTI/lib/python3.8/site-packages/airflow/example_dags/example_dynamic_task_mapping.py
[2023-11-27T21:04:10.073-0300] {processor.py:839} INFO - DAG(s) dict_keys(['example_dynamic_task_mapping']) retrieved from /home/marcos/anaconda3/envs/XPe-IGTI/lib/python3.8/site-packages/airflow/example_dags/example_dynamic_task_mapping.py
[2023-11-27T21:04:10.096-0300] {logging_mixin.py:154} INFO - [2023-11-27T21:04:10.095-0300] {dag.py:2941} INFO - Sync 1 DAGs
[2023-11-27T21:04:10.130-0300] {logging_mixin.py:154} INFO - [2023-11-27T21:04:10.129-0300] {dag.py:3722} INFO - Setting next_dagrun for example_dynamic_task_mapping to 2022-03-04T00:00:00+00:00, run_after=2022-03-05T00:00:00+00:00
[2023-11-27T21:04:10.163-0300] {processor.py:179} INFO - Processing /home/marcos/anaconda3/envs/XPe-IGTI/lib/python3.8/site-packages/airflow/example_dags/example_dynamic_task_mapping.py took 0.114 seconds
[2023-11-27T21:05:14.251-0300] {processor.py:157} INFO - Started process (PID=52128) to work on /home/marcos/anaconda3/envs/XPe-IGTI/lib/python3.8/site-packages/airflow/example_dags/example_dynamic_task_mapping.py
[2023-11-27T21:05:14.256-0300] {processor.py:829} INFO - Processing file /home/marcos/anaconda3/envs/XPe-IGTI/lib/python3.8/site-packages/airflow/example_dags/example_dynamic_task_mapping.py for tasks to queue
[2023-11-27T21:05:14.259-0300] {logging_mixin.py:154} INFO - [2023-11-27T21:05:14.258-0300] {dagbag.py:536} INFO - Filling up the DagBag from /home/marcos/anaconda3/envs/XPe-IGTI/lib/python3.8/site-packages/airflow/example_dags/example_dynamic_task_mapping.py
[2023-11-27T21:05:14.277-0300] {processor.py:839} INFO - DAG(s) dict_keys(['example_dynamic_task_mapping']) retrieved from /home/marcos/anaconda3/envs/XPe-IGTI/lib/python3.8/site-packages/airflow/example_dags/example_dynamic_task_mapping.py
[2023-11-27T21:05:14.298-0300] {logging_mixin.py:154} INFO - [2023-11-27T21:05:14.297-0300] {dag.py:2941} INFO - Sync 1 DAGs
[2023-11-27T21:05:14.325-0300] {logging_mixin.py:154} INFO - [2023-11-27T21:05:14.325-0300] {dag.py:3722} INFO - Setting next_dagrun for example_dynamic_task_mapping to 2022-03-04T00:00:00+00:00, run_after=2022-03-05T00:00:00+00:00
[2023-11-27T21:05:14.354-0300] {processor.py:179} INFO - Processing /home/marcos/anaconda3/envs/XPe-IGTI/lib/python3.8/site-packages/airflow/example_dags/example_dynamic_task_mapping.py took 0.108 seconds
[2023-11-27T21:06:16.764-0300] {processor.py:157} INFO - Started process (PID=52225) to work on /home/marcos/anaconda3/envs/XPe-IGTI/lib/python3.8/site-packages/airflow/example_dags/example_dynamic_task_mapping.py
[2023-11-27T21:06:16.768-0300] {processor.py:829} INFO - Processing file /home/marcos/anaconda3/envs/XPe-IGTI/lib/python3.8/site-packages/airflow/example_dags/example_dynamic_task_mapping.py for tasks to queue
[2023-11-27T21:06:16.769-0300] {logging_mixin.py:154} INFO - [2023-11-27T21:06:16.768-0300] {dagbag.py:536} INFO - Filling up the DagBag from /home/marcos/anaconda3/envs/XPe-IGTI/lib/python3.8/site-packages/airflow/example_dags/example_dynamic_task_mapping.py
[2023-11-27T21:06:16.779-0300] {processor.py:839} INFO - DAG(s) dict_keys(['example_dynamic_task_mapping']) retrieved from /home/marcos/anaconda3/envs/XPe-IGTI/lib/python3.8/site-packages/airflow/example_dags/example_dynamic_task_mapping.py
[2023-11-27T21:06:16.800-0300] {logging_mixin.py:154} INFO - [2023-11-27T21:06:16.800-0300] {dag.py:2941} INFO - Sync 1 DAGs
[2023-11-27T21:06:16.827-0300] {logging_mixin.py:154} INFO - [2023-11-27T21:06:16.827-0300] {dag.py:3722} INFO - Setting next_dagrun for example_dynamic_task_mapping to 2022-03-04T00:00:00+00:00, run_after=2022-03-05T00:00:00+00:00
[2023-11-27T21:06:16.853-0300] {processor.py:179} INFO - Processing /home/marcos/anaconda3/envs/XPe-IGTI/lib/python3.8/site-packages/airflow/example_dags/example_dynamic_task_mapping.py took 0.094 seconds
[2023-11-27T21:07:17.428-0300] {processor.py:157} INFO - Started process (PID=52319) to work on /home/marcos/anaconda3/envs/XPe-IGTI/lib/python3.8/site-packages/airflow/example_dags/example_dynamic_task_mapping.py
[2023-11-27T21:07:17.432-0300] {processor.py:829} INFO - Processing file /home/marcos/anaconda3/envs/XPe-IGTI/lib/python3.8/site-packages/airflow/example_dags/example_dynamic_task_mapping.py for tasks to queue
[2023-11-27T21:07:17.433-0300] {logging_mixin.py:154} INFO - [2023-11-27T21:07:17.433-0300] {dagbag.py:536} INFO - Filling up the DagBag from /home/marcos/anaconda3/envs/XPe-IGTI/lib/python3.8/site-packages/airflow/example_dags/example_dynamic_task_mapping.py
[2023-11-27T21:07:17.446-0300] {processor.py:839} INFO - DAG(s) dict_keys(['example_dynamic_task_mapping']) retrieved from /home/marcos/anaconda3/envs/XPe-IGTI/lib/python3.8/site-packages/airflow/example_dags/example_dynamic_task_mapping.py
[2023-11-27T21:07:17.470-0300] {logging_mixin.py:154} INFO - [2023-11-27T21:07:17.470-0300] {dag.py:2941} INFO - Sync 1 DAGs
[2023-11-27T21:07:17.502-0300] {logging_mixin.py:154} INFO - [2023-11-27T21:07:17.502-0300] {dag.py:3722} INFO - Setting next_dagrun for example_dynamic_task_mapping to 2022-03-04T00:00:00+00:00, run_after=2022-03-05T00:00:00+00:00
[2023-11-27T21:07:17.534-0300] {processor.py:179} INFO - Processing /home/marcos/anaconda3/envs/XPe-IGTI/lib/python3.8/site-packages/airflow/example_dags/example_dynamic_task_mapping.py took 0.112 seconds
[2023-11-27T21:08:17.804-0300] {processor.py:157} INFO - Started process (PID=52395) to work on /home/marcos/anaconda3/envs/XPe-IGTI/lib/python3.8/site-packages/airflow/example_dags/example_dynamic_task_mapping.py
[2023-11-27T21:08:17.810-0300] {processor.py:829} INFO - Processing file /home/marcos/anaconda3/envs/XPe-IGTI/lib/python3.8/site-packages/airflow/example_dags/example_dynamic_task_mapping.py for tasks to queue
[2023-11-27T21:08:17.812-0300] {logging_mixin.py:154} INFO - [2023-11-27T21:08:17.811-0300] {dagbag.py:536} INFO - Filling up the DagBag from /home/marcos/anaconda3/envs/XPe-IGTI/lib/python3.8/site-packages/airflow/example_dags/example_dynamic_task_mapping.py
[2023-11-27T21:08:17.833-0300] {processor.py:839} INFO - DAG(s) dict_keys(['example_dynamic_task_mapping']) retrieved from /home/marcos/anaconda3/envs/XPe-IGTI/lib/python3.8/site-packages/airflow/example_dags/example_dynamic_task_mapping.py
[2023-11-27T21:08:17.856-0300] {logging_mixin.py:154} INFO - [2023-11-27T21:08:17.855-0300] {dag.py:2941} INFO - Sync 1 DAGs
[2023-11-27T21:08:17.884-0300] {logging_mixin.py:154} INFO - [2023-11-27T21:08:17.884-0300] {dag.py:3722} INFO - Setting next_dagrun for example_dynamic_task_mapping to 2022-03-04T00:00:00+00:00, run_after=2022-03-05T00:00:00+00:00
[2023-11-27T21:08:17.913-0300] {processor.py:179} INFO - Processing /home/marcos/anaconda3/envs/XPe-IGTI/lib/python3.8/site-packages/airflow/example_dags/example_dynamic_task_mapping.py took 0.114 seconds
[2023-11-27T21:09:24.384-0300] {processor.py:157} INFO - Started process (PID=52468) to work on /home/marcos/anaconda3/envs/XPe-IGTI/lib/python3.8/site-packages/airflow/example_dags/example_dynamic_task_mapping.py
[2023-11-27T21:09:24.388-0300] {processor.py:829} INFO - Processing file /home/marcos/anaconda3/envs/XPe-IGTI/lib/python3.8/site-packages/airflow/example_dags/example_dynamic_task_mapping.py for tasks to queue
[2023-11-27T21:09:24.390-0300] {logging_mixin.py:154} INFO - [2023-11-27T21:09:24.389-0300] {dagbag.py:536} INFO - Filling up the DagBag from /home/marcos/anaconda3/envs/XPe-IGTI/lib/python3.8/site-packages/airflow/example_dags/example_dynamic_task_mapping.py
[2023-11-27T21:09:24.403-0300] {processor.py:839} INFO - DAG(s) dict_keys(['example_dynamic_task_mapping']) retrieved from /home/marcos/anaconda3/envs/XPe-IGTI/lib/python3.8/site-packages/airflow/example_dags/example_dynamic_task_mapping.py
[2023-11-27T21:09:24.425-0300] {logging_mixin.py:154} INFO - [2023-11-27T21:09:24.425-0300] {dag.py:2941} INFO - Sync 1 DAGs
[2023-11-27T21:09:24.456-0300] {logging_mixin.py:154} INFO - [2023-11-27T21:09:24.456-0300] {dag.py:3722} INFO - Setting next_dagrun for example_dynamic_task_mapping to 2022-03-04T00:00:00+00:00, run_after=2022-03-05T00:00:00+00:00
[2023-11-27T21:09:24.485-0300] {processor.py:179} INFO - Processing /home/marcos/anaconda3/envs/XPe-IGTI/lib/python3.8/site-packages/airflow/example_dags/example_dynamic_task_mapping.py took 0.106 seconds
[2023-11-27T21:10:26.036-0300] {processor.py:157} INFO - Started process (PID=52548) to work on /home/marcos/anaconda3/envs/XPe-IGTI/lib/python3.8/site-packages/airflow/example_dags/example_dynamic_task_mapping.py
[2023-11-27T21:10:26.041-0300] {processor.py:829} INFO - Processing file /home/marcos/anaconda3/envs/XPe-IGTI/lib/python3.8/site-packages/airflow/example_dags/example_dynamic_task_mapping.py for tasks to queue
[2023-11-27T21:10:26.044-0300] {logging_mixin.py:154} INFO - [2023-11-27T21:10:26.043-0300] {dagbag.py:536} INFO - Filling up the DagBag from /home/marcos/anaconda3/envs/XPe-IGTI/lib/python3.8/site-packages/airflow/example_dags/example_dynamic_task_mapping.py
[2023-11-27T21:10:26.063-0300] {processor.py:839} INFO - DAG(s) dict_keys(['example_dynamic_task_mapping']) retrieved from /home/marcos/anaconda3/envs/XPe-IGTI/lib/python3.8/site-packages/airflow/example_dags/example_dynamic_task_mapping.py
[2023-11-27T21:10:26.083-0300] {logging_mixin.py:154} INFO - [2023-11-27T21:10:26.083-0300] {dag.py:2941} INFO - Sync 1 DAGs
[2023-11-27T21:10:26.110-0300] {logging_mixin.py:154} INFO - [2023-11-27T21:10:26.110-0300] {dag.py:3722} INFO - Setting next_dagrun for example_dynamic_task_mapping to 2022-03-04T00:00:00+00:00, run_after=2022-03-05T00:00:00+00:00
[2023-11-27T21:10:26.137-0300] {processor.py:179} INFO - Processing /home/marcos/anaconda3/envs/XPe-IGTI/lib/python3.8/site-packages/airflow/example_dags/example_dynamic_task_mapping.py took 0.107 seconds
[2023-11-27T21:11:35.791-0300] {processor.py:157} INFO - Started process (PID=52629) to work on /home/marcos/anaconda3/envs/XPe-IGTI/lib/python3.8/site-packages/airflow/example_dags/example_dynamic_task_mapping.py
[2023-11-27T21:11:35.795-0300] {processor.py:829} INFO - Processing file /home/marcos/anaconda3/envs/XPe-IGTI/lib/python3.8/site-packages/airflow/example_dags/example_dynamic_task_mapping.py for tasks to queue
[2023-11-27T21:11:35.797-0300] {logging_mixin.py:154} INFO - [2023-11-27T21:11:35.796-0300] {dagbag.py:536} INFO - Filling up the DagBag from /home/marcos/anaconda3/envs/XPe-IGTI/lib/python3.8/site-packages/airflow/example_dags/example_dynamic_task_mapping.py
[2023-11-27T21:11:35.809-0300] {processor.py:839} INFO - DAG(s) dict_keys(['example_dynamic_task_mapping']) retrieved from /home/marcos/anaconda3/envs/XPe-IGTI/lib/python3.8/site-packages/airflow/example_dags/example_dynamic_task_mapping.py
[2023-11-27T21:11:35.832-0300] {logging_mixin.py:154} INFO - [2023-11-27T21:11:35.831-0300] {dag.py:2941} INFO - Sync 1 DAGs
[2023-11-27T21:11:35.862-0300] {logging_mixin.py:154} INFO - [2023-11-27T21:11:35.862-0300] {dag.py:3722} INFO - Setting next_dagrun for example_dynamic_task_mapping to 2022-03-04T00:00:00+00:00, run_after=2022-03-05T00:00:00+00:00
[2023-11-27T21:11:35.892-0300] {processor.py:179} INFO - Processing /home/marcos/anaconda3/envs/XPe-IGTI/lib/python3.8/site-packages/airflow/example_dags/example_dynamic_task_mapping.py took 0.106 seconds
[2023-11-27T21:12:41.165-0300] {processor.py:157} INFO - Started process (PID=52735) to work on /home/marcos/anaconda3/envs/XPe-IGTI/lib/python3.8/site-packages/airflow/example_dags/example_dynamic_task_mapping.py
[2023-11-27T21:12:41.166-0300] {processor.py:829} INFO - Processing file /home/marcos/anaconda3/envs/XPe-IGTI/lib/python3.8/site-packages/airflow/example_dags/example_dynamic_task_mapping.py for tasks to queue
[2023-11-27T21:12:41.167-0300] {logging_mixin.py:154} INFO - [2023-11-27T21:12:41.167-0300] {dagbag.py:536} INFO - Filling up the DagBag from /home/marcos/anaconda3/envs/XPe-IGTI/lib/python3.8/site-packages/airflow/example_dags/example_dynamic_task_mapping.py
[2023-11-27T21:12:41.177-0300] {processor.py:839} INFO - DAG(s) dict_keys(['example_dynamic_task_mapping']) retrieved from /home/marcos/anaconda3/envs/XPe-IGTI/lib/python3.8/site-packages/airflow/example_dags/example_dynamic_task_mapping.py
[2023-11-27T21:12:41.198-0300] {logging_mixin.py:154} INFO - [2023-11-27T21:12:41.198-0300] {dag.py:2941} INFO - Sync 1 DAGs
[2023-11-27T21:12:41.225-0300] {logging_mixin.py:154} INFO - [2023-11-27T21:12:41.225-0300] {dag.py:3722} INFO - Setting next_dagrun for example_dynamic_task_mapping to 2022-03-04T00:00:00+00:00, run_after=2022-03-05T00:00:00+00:00
[2023-11-27T21:12:41.251-0300] {processor.py:179} INFO - Processing /home/marcos/anaconda3/envs/XPe-IGTI/lib/python3.8/site-packages/airflow/example_dags/example_dynamic_task_mapping.py took 0.091 seconds
[2023-11-27T21:13:38.660-0300] {processor.py:157} INFO - Started process (PID=52818) to work on /home/marcos/anaconda3/envs/XPe-IGTI/lib/python3.8/site-packages/airflow/example_dags/example_dynamic_task_mapping.py
[2023-11-27T21:13:38.664-0300] {processor.py:829} INFO - Processing file /home/marcos/anaconda3/envs/XPe-IGTI/lib/python3.8/site-packages/airflow/example_dags/example_dynamic_task_mapping.py for tasks to queue
[2023-11-27T21:13:38.665-0300] {logging_mixin.py:154} INFO - [2023-11-27T21:13:38.665-0300] {dagbag.py:536} INFO - Filling up the DagBag from /home/marcos/anaconda3/envs/XPe-IGTI/lib/python3.8/site-packages/airflow/example_dags/example_dynamic_task_mapping.py
[2023-11-27T21:13:38.676-0300] {processor.py:839} INFO - DAG(s) dict_keys(['example_dynamic_task_mapping']) retrieved from /home/marcos/anaconda3/envs/XPe-IGTI/lib/python3.8/site-packages/airflow/example_dags/example_dynamic_task_mapping.py
[2023-11-27T21:13:38.696-0300] {logging_mixin.py:154} INFO - [2023-11-27T21:13:38.696-0300] {dag.py:2941} INFO - Sync 1 DAGs
[2023-11-27T21:13:38.723-0300] {logging_mixin.py:154} INFO - [2023-11-27T21:13:38.723-0300] {dag.py:3722} INFO - Setting next_dagrun for example_dynamic_task_mapping to 2022-03-04T00:00:00+00:00, run_after=2022-03-05T00:00:00+00:00
[2023-11-27T21:13:38.750-0300] {processor.py:179} INFO - Processing /home/marcos/anaconda3/envs/XPe-IGTI/lib/python3.8/site-packages/airflow/example_dags/example_dynamic_task_mapping.py took 0.095 seconds
[2023-11-27T21:14:44.770-0300] {processor.py:157} INFO - Started process (PID=52926) to work on /home/marcos/anaconda3/envs/XPe-IGTI/lib/python3.8/site-packages/airflow/example_dags/example_dynamic_task_mapping.py
[2023-11-27T21:14:44.774-0300] {processor.py:829} INFO - Processing file /home/marcos/anaconda3/envs/XPe-IGTI/lib/python3.8/site-packages/airflow/example_dags/example_dynamic_task_mapping.py for tasks to queue
[2023-11-27T21:14:44.776-0300] {logging_mixin.py:154} INFO - [2023-11-27T21:14:44.775-0300] {dagbag.py:536} INFO - Filling up the DagBag from /home/marcos/anaconda3/envs/XPe-IGTI/lib/python3.8/site-packages/airflow/example_dags/example_dynamic_task_mapping.py
[2023-11-27T21:14:44.792-0300] {processor.py:839} INFO - DAG(s) dict_keys(['example_dynamic_task_mapping']) retrieved from /home/marcos/anaconda3/envs/XPe-IGTI/lib/python3.8/site-packages/airflow/example_dags/example_dynamic_task_mapping.py
[2023-11-27T21:14:44.821-0300] {logging_mixin.py:154} INFO - [2023-11-27T21:14:44.821-0300] {dag.py:2941} INFO - Sync 1 DAGs
[2023-11-27T21:14:44.858-0300] {logging_mixin.py:154} INFO - [2023-11-27T21:14:44.858-0300] {dag.py:3722} INFO - Setting next_dagrun for example_dynamic_task_mapping to 2022-03-04T00:00:00+00:00, run_after=2022-03-05T00:00:00+00:00
[2023-11-27T21:14:44.894-0300] {processor.py:179} INFO - Processing /home/marcos/anaconda3/envs/XPe-IGTI/lib/python3.8/site-packages/airflow/example_dags/example_dynamic_task_mapping.py took 0.131 seconds
[2023-11-27T21:15:53.044-0300] {processor.py:157} INFO - Started process (PID=53011) to work on /home/marcos/anaconda3/envs/XPe-IGTI/lib/python3.8/site-packages/airflow/example_dags/example_dynamic_task_mapping.py
[2023-11-27T21:15:53.049-0300] {processor.py:829} INFO - Processing file /home/marcos/anaconda3/envs/XPe-IGTI/lib/python3.8/site-packages/airflow/example_dags/example_dynamic_task_mapping.py for tasks to queue
[2023-11-27T21:15:53.052-0300] {logging_mixin.py:154} INFO - [2023-11-27T21:15:53.051-0300] {dagbag.py:536} INFO - Filling up the DagBag from /home/marcos/anaconda3/envs/XPe-IGTI/lib/python3.8/site-packages/airflow/example_dags/example_dynamic_task_mapping.py
[2023-11-27T21:15:53.070-0300] {processor.py:839} INFO - DAG(s) dict_keys(['example_dynamic_task_mapping']) retrieved from /home/marcos/anaconda3/envs/XPe-IGTI/lib/python3.8/site-packages/airflow/example_dags/example_dynamic_task_mapping.py
[2023-11-27T21:15:53.096-0300] {logging_mixin.py:154} INFO - [2023-11-27T21:15:53.096-0300] {dag.py:2941} INFO - Sync 1 DAGs
[2023-11-27T21:15:53.128-0300] {logging_mixin.py:154} INFO - [2023-11-27T21:15:53.128-0300] {dag.py:3722} INFO - Setting next_dagrun for example_dynamic_task_mapping to 2022-03-04T00:00:00+00:00, run_after=2022-03-05T00:00:00+00:00
[2023-11-27T21:15:53.160-0300] {processor.py:179} INFO - Processing /home/marcos/anaconda3/envs/XPe-IGTI/lib/python3.8/site-packages/airflow/example_dags/example_dynamic_task_mapping.py took 0.121 seconds
[2023-11-27T21:17:01.982-0300] {processor.py:157} INFO - Started process (PID=53117) to work on /home/marcos/anaconda3/envs/XPe-IGTI/lib/python3.8/site-packages/airflow/example_dags/example_dynamic_task_mapping.py
[2023-11-27T21:17:01.987-0300] {processor.py:829} INFO - Processing file /home/marcos/anaconda3/envs/XPe-IGTI/lib/python3.8/site-packages/airflow/example_dags/example_dynamic_task_mapping.py for tasks to queue
[2023-11-27T21:17:01.988-0300] {logging_mixin.py:154} INFO - [2023-11-27T21:17:01.988-0300] {dagbag.py:536} INFO - Filling up the DagBag from /home/marcos/anaconda3/envs/XPe-IGTI/lib/python3.8/site-packages/airflow/example_dags/example_dynamic_task_mapping.py
[2023-11-27T21:17:02.001-0300] {processor.py:839} INFO - DAG(s) dict_keys(['example_dynamic_task_mapping']) retrieved from /home/marcos/anaconda3/envs/XPe-IGTI/lib/python3.8/site-packages/airflow/example_dags/example_dynamic_task_mapping.py
[2023-11-27T21:17:02.024-0300] {logging_mixin.py:154} INFO - [2023-11-27T21:17:02.024-0300] {dag.py:2941} INFO - Sync 1 DAGs
[2023-11-27T21:17:02.056-0300] {logging_mixin.py:154} INFO - [2023-11-27T21:17:02.056-0300] {dag.py:3722} INFO - Setting next_dagrun for example_dynamic_task_mapping to 2022-03-04T00:00:00+00:00, run_after=2022-03-05T00:00:00+00:00
[2023-11-27T21:17:02.088-0300] {processor.py:179} INFO - Processing /home/marcos/anaconda3/envs/XPe-IGTI/lib/python3.8/site-packages/airflow/example_dags/example_dynamic_task_mapping.py took 0.111 seconds
[2023-11-27T21:17:51.731-0300] {processor.py:157} INFO - Started process (PID=53177) to work on /home/marcos/anaconda3/envs/XPe-IGTI/lib/python3.8/site-packages/airflow/example_dags/example_dynamic_task_mapping.py
[2023-11-27T21:17:51.737-0300] {processor.py:829} INFO - Processing file /home/marcos/anaconda3/envs/XPe-IGTI/lib/python3.8/site-packages/airflow/example_dags/example_dynamic_task_mapping.py for tasks to queue
[2023-11-27T21:17:51.740-0300] {logging_mixin.py:154} INFO - [2023-11-27T21:17:51.739-0300] {dagbag.py:536} INFO - Filling up the DagBag from /home/marcos/anaconda3/envs/XPe-IGTI/lib/python3.8/site-packages/airflow/example_dags/example_dynamic_task_mapping.py
[2023-11-27T21:17:51.765-0300] {processor.py:839} INFO - DAG(s) dict_keys(['example_dynamic_task_mapping']) retrieved from /home/marcos/anaconda3/envs/XPe-IGTI/lib/python3.8/site-packages/airflow/example_dags/example_dynamic_task_mapping.py
[2023-11-27T21:17:51.791-0300] {logging_mixin.py:154} INFO - [2023-11-27T21:17:51.791-0300] {dag.py:2941} INFO - Sync 1 DAGs
[2023-11-27T21:17:51.823-0300] {logging_mixin.py:154} INFO - [2023-11-27T21:17:51.822-0300] {dag.py:3722} INFO - Setting next_dagrun for example_dynamic_task_mapping to 2022-03-04T00:00:00+00:00, run_after=2022-03-05T00:00:00+00:00
[2023-11-27T21:17:51.853-0300] {processor.py:179} INFO - Processing /home/marcos/anaconda3/envs/XPe-IGTI/lib/python3.8/site-packages/airflow/example_dags/example_dynamic_task_mapping.py took 0.132 seconds
[2023-11-27T21:18:56.363-0300] {processor.py:157} INFO - Started process (PID=53253) to work on /home/marcos/anaconda3/envs/XPe-IGTI/lib/python3.8/site-packages/airflow/example_dags/example_dynamic_task_mapping.py
[2023-11-27T21:18:56.368-0300] {processor.py:829} INFO - Processing file /home/marcos/anaconda3/envs/XPe-IGTI/lib/python3.8/site-packages/airflow/example_dags/example_dynamic_task_mapping.py for tasks to queue
[2023-11-27T21:18:56.369-0300] {logging_mixin.py:154} INFO - [2023-11-27T21:18:56.368-0300] {dagbag.py:536} INFO - Filling up the DagBag from /home/marcos/anaconda3/envs/XPe-IGTI/lib/python3.8/site-packages/airflow/example_dags/example_dynamic_task_mapping.py
[2023-11-27T21:18:56.382-0300] {processor.py:839} INFO - DAG(s) dict_keys(['example_dynamic_task_mapping']) retrieved from /home/marcos/anaconda3/envs/XPe-IGTI/lib/python3.8/site-packages/airflow/example_dags/example_dynamic_task_mapping.py
[2023-11-27T21:18:56.405-0300] {logging_mixin.py:154} INFO - [2023-11-27T21:18:56.405-0300] {dag.py:2941} INFO - Sync 1 DAGs
[2023-11-27T21:18:56.438-0300] {logging_mixin.py:154} INFO - [2023-11-27T21:18:56.438-0300] {dag.py:3722} INFO - Setting next_dagrun for example_dynamic_task_mapping to 2022-03-04T00:00:00+00:00, run_after=2022-03-05T00:00:00+00:00
[2023-11-27T21:18:56.471-0300] {processor.py:179} INFO - Processing /home/marcos/anaconda3/envs/XPe-IGTI/lib/python3.8/site-packages/airflow/example_dags/example_dynamic_task_mapping.py took 0.112 seconds
[2023-11-27T21:20:06.185-0300] {processor.py:157} INFO - Started process (PID=53335) to work on /home/marcos/anaconda3/envs/XPe-IGTI/lib/python3.8/site-packages/airflow/example_dags/example_dynamic_task_mapping.py
[2023-11-27T21:20:06.189-0300] {processor.py:829} INFO - Processing file /home/marcos/anaconda3/envs/XPe-IGTI/lib/python3.8/site-packages/airflow/example_dags/example_dynamic_task_mapping.py for tasks to queue
[2023-11-27T21:20:06.191-0300] {logging_mixin.py:154} INFO - [2023-11-27T21:20:06.190-0300] {dagbag.py:536} INFO - Filling up the DagBag from /home/marcos/anaconda3/envs/XPe-IGTI/lib/python3.8/site-packages/airflow/example_dags/example_dynamic_task_mapping.py
[2023-11-27T21:20:06.205-0300] {processor.py:839} INFO - DAG(s) dict_keys(['example_dynamic_task_mapping']) retrieved from /home/marcos/anaconda3/envs/XPe-IGTI/lib/python3.8/site-packages/airflow/example_dags/example_dynamic_task_mapping.py
[2023-11-27T21:20:06.245-0300] {logging_mixin.py:154} INFO - [2023-11-27T21:20:06.245-0300] {dag.py:2941} INFO - Sync 1 DAGs
[2023-11-27T21:20:06.301-0300] {logging_mixin.py:154} INFO - [2023-11-27T21:20:06.301-0300] {dag.py:3722} INFO - Setting next_dagrun for example_dynamic_task_mapping to 2022-03-04T00:00:00+00:00, run_after=2022-03-05T00:00:00+00:00
[2023-11-27T21:20:06.352-0300] {processor.py:179} INFO - Processing /home/marcos/anaconda3/envs/XPe-IGTI/lib/python3.8/site-packages/airflow/example_dags/example_dynamic_task_mapping.py took 0.172 seconds
[2023-11-27T21:21:12.602-0300] {processor.py:157} INFO - Started process (PID=53410) to work on /home/marcos/anaconda3/envs/XPe-IGTI/lib/python3.8/site-packages/airflow/example_dags/example_dynamic_task_mapping.py
[2023-11-27T21:21:12.607-0300] {processor.py:829} INFO - Processing file /home/marcos/anaconda3/envs/XPe-IGTI/lib/python3.8/site-packages/airflow/example_dags/example_dynamic_task_mapping.py for tasks to queue
[2023-11-27T21:21:12.609-0300] {logging_mixin.py:154} INFO - [2023-11-27T21:21:12.609-0300] {dagbag.py:536} INFO - Filling up the DagBag from /home/marcos/anaconda3/envs/XPe-IGTI/lib/python3.8/site-packages/airflow/example_dags/example_dynamic_task_mapping.py
[2023-11-27T21:21:12.626-0300] {processor.py:839} INFO - DAG(s) dict_keys(['example_dynamic_task_mapping']) retrieved from /home/marcos/anaconda3/envs/XPe-IGTI/lib/python3.8/site-packages/airflow/example_dags/example_dynamic_task_mapping.py
[2023-11-27T21:21:12.661-0300] {logging_mixin.py:154} INFO - [2023-11-27T21:21:12.661-0300] {dag.py:2941} INFO - Sync 1 DAGs
[2023-11-27T21:21:12.697-0300] {logging_mixin.py:154} INFO - [2023-11-27T21:21:12.697-0300] {dag.py:3722} INFO - Setting next_dagrun for example_dynamic_task_mapping to 2022-03-04T00:00:00+00:00, run_after=2022-03-05T00:00:00+00:00
[2023-11-27T21:21:12.741-0300] {processor.py:179} INFO - Processing /home/marcos/anaconda3/envs/XPe-IGTI/lib/python3.8/site-packages/airflow/example_dags/example_dynamic_task_mapping.py took 0.146 seconds
[2023-11-27T21:22:17.911-0300] {processor.py:157} INFO - Started process (PID=53511) to work on /home/marcos/anaconda3/envs/XPe-IGTI/lib/python3.8/site-packages/airflow/example_dags/example_dynamic_task_mapping.py
[2023-11-27T21:22:17.916-0300] {processor.py:829} INFO - Processing file /home/marcos/anaconda3/envs/XPe-IGTI/lib/python3.8/site-packages/airflow/example_dags/example_dynamic_task_mapping.py for tasks to queue
[2023-11-27T21:22:17.918-0300] {logging_mixin.py:154} INFO - [2023-11-27T21:22:17.917-0300] {dagbag.py:536} INFO - Filling up the DagBag from /home/marcos/anaconda3/envs/XPe-IGTI/lib/python3.8/site-packages/airflow/example_dags/example_dynamic_task_mapping.py
[2023-11-27T21:22:17.931-0300] {processor.py:839} INFO - DAG(s) dict_keys(['example_dynamic_task_mapping']) retrieved from /home/marcos/anaconda3/envs/XPe-IGTI/lib/python3.8/site-packages/airflow/example_dags/example_dynamic_task_mapping.py
[2023-11-27T21:22:17.956-0300] {logging_mixin.py:154} INFO - [2023-11-27T21:22:17.956-0300] {dag.py:2941} INFO - Sync 1 DAGs
[2023-11-27T21:22:17.992-0300] {logging_mixin.py:154} INFO - [2023-11-27T21:22:17.992-0300] {dag.py:3722} INFO - Setting next_dagrun for example_dynamic_task_mapping to 2022-03-04T00:00:00+00:00, run_after=2022-03-05T00:00:00+00:00
[2023-11-27T21:22:18.028-0300] {processor.py:179} INFO - Processing /home/marcos/anaconda3/envs/XPe-IGTI/lib/python3.8/site-packages/airflow/example_dags/example_dynamic_task_mapping.py took 0.124 seconds
[2023-11-27T21:23:19.185-0300] {processor.py:157} INFO - Started process (PID=53582) to work on /home/marcos/anaconda3/envs/XPe-IGTI/lib/python3.8/site-packages/airflow/example_dags/example_dynamic_task_mapping.py
[2023-11-27T21:23:19.187-0300] {processor.py:829} INFO - Processing file /home/marcos/anaconda3/envs/XPe-IGTI/lib/python3.8/site-packages/airflow/example_dags/example_dynamic_task_mapping.py for tasks to queue
[2023-11-27T21:23:19.189-0300] {logging_mixin.py:154} INFO - [2023-11-27T21:23:19.188-0300] {dagbag.py:536} INFO - Filling up the DagBag from /home/marcos/anaconda3/envs/XPe-IGTI/lib/python3.8/site-packages/airflow/example_dags/example_dynamic_task_mapping.py
[2023-11-27T21:23:19.201-0300] {processor.py:839} INFO - DAG(s) dict_keys(['example_dynamic_task_mapping']) retrieved from /home/marcos/anaconda3/envs/XPe-IGTI/lib/python3.8/site-packages/airflow/example_dags/example_dynamic_task_mapping.py
[2023-11-27T21:23:19.226-0300] {logging_mixin.py:154} INFO - [2023-11-27T21:23:19.226-0300] {dag.py:2941} INFO - Sync 1 DAGs
[2023-11-27T21:23:19.262-0300] {logging_mixin.py:154} INFO - [2023-11-27T21:23:19.262-0300] {dag.py:3722} INFO - Setting next_dagrun for example_dynamic_task_mapping to 2022-03-04T00:00:00+00:00, run_after=2022-03-05T00:00:00+00:00
[2023-11-27T21:23:19.297-0300] {processor.py:179} INFO - Processing /home/marcos/anaconda3/envs/XPe-IGTI/lib/python3.8/site-packages/airflow/example_dags/example_dynamic_task_mapping.py took 0.119 seconds
[2023-11-27T21:24:24.567-0300] {processor.py:157} INFO - Started process (PID=53661) to work on /home/marcos/anaconda3/envs/XPe-IGTI/lib/python3.8/site-packages/airflow/example_dags/example_dynamic_task_mapping.py
[2023-11-27T21:24:24.572-0300] {processor.py:829} INFO - Processing file /home/marcos/anaconda3/envs/XPe-IGTI/lib/python3.8/site-packages/airflow/example_dags/example_dynamic_task_mapping.py for tasks to queue
[2023-11-27T21:24:24.575-0300] {logging_mixin.py:154} INFO - [2023-11-27T21:24:24.574-0300] {dagbag.py:536} INFO - Filling up the DagBag from /home/marcos/anaconda3/envs/XPe-IGTI/lib/python3.8/site-packages/airflow/example_dags/example_dynamic_task_mapping.py
[2023-11-27T21:24:24.599-0300] {processor.py:839} INFO - DAG(s) dict_keys(['example_dynamic_task_mapping']) retrieved from /home/marcos/anaconda3/envs/XPe-IGTI/lib/python3.8/site-packages/airflow/example_dags/example_dynamic_task_mapping.py
[2023-11-27T21:24:24.641-0300] {logging_mixin.py:154} INFO - [2023-11-27T21:24:24.640-0300] {dag.py:2941} INFO - Sync 1 DAGs
[2023-11-27T21:24:24.673-0300] {logging_mixin.py:154} INFO - [2023-11-27T21:24:24.672-0300] {dag.py:3722} INFO - Setting next_dagrun for example_dynamic_task_mapping to 2022-03-04T00:00:00+00:00, run_after=2022-03-05T00:00:00+00:00
[2023-11-27T21:24:24.710-0300] {processor.py:179} INFO - Processing /home/marcos/anaconda3/envs/XPe-IGTI/lib/python3.8/site-packages/airflow/example_dags/example_dynamic_task_mapping.py took 0.157 seconds
[2023-11-27T21:25:38.794-0300] {processor.py:157} INFO - Started process (PID=53755) to work on /home/marcos/anaconda3/envs/XPe-IGTI/lib/python3.8/site-packages/airflow/example_dags/example_dynamic_task_mapping.py
[2023-11-27T21:25:38.801-0300] {processor.py:829} INFO - Processing file /home/marcos/anaconda3/envs/XPe-IGTI/lib/python3.8/site-packages/airflow/example_dags/example_dynamic_task_mapping.py for tasks to queue
[2023-11-27T21:25:38.804-0300] {logging_mixin.py:154} INFO - [2023-11-27T21:25:38.803-0300] {dagbag.py:536} INFO - Filling up the DagBag from /home/marcos/anaconda3/envs/XPe-IGTI/lib/python3.8/site-packages/airflow/example_dags/example_dynamic_task_mapping.py
[2023-11-27T21:25:38.823-0300] {processor.py:839} INFO - DAG(s) dict_keys(['example_dynamic_task_mapping']) retrieved from /home/marcos/anaconda3/envs/XPe-IGTI/lib/python3.8/site-packages/airflow/example_dags/example_dynamic_task_mapping.py
[2023-11-27T21:25:38.848-0300] {logging_mixin.py:154} INFO - [2023-11-27T21:25:38.847-0300] {dag.py:2941} INFO - Sync 1 DAGs
[2023-11-27T21:25:38.879-0300] {logging_mixin.py:154} INFO - [2023-11-27T21:25:38.879-0300] {dag.py:3722} INFO - Setting next_dagrun for example_dynamic_task_mapping to 2022-03-04T00:00:00+00:00, run_after=2022-03-05T00:00:00+00:00
[2023-11-27T21:25:38.909-0300] {processor.py:179} INFO - Processing /home/marcos/anaconda3/envs/XPe-IGTI/lib/python3.8/site-packages/airflow/example_dags/example_dynamic_task_mapping.py took 0.129 seconds
[2023-11-27T21:26:50.876-0300] {processor.py:157} INFO - Started process (PID=53868) to work on /home/marcos/anaconda3/envs/XPe-IGTI/lib/python3.8/site-packages/airflow/example_dags/example_dynamic_task_mapping.py
[2023-11-27T21:26:50.880-0300] {processor.py:829} INFO - Processing file /home/marcos/anaconda3/envs/XPe-IGTI/lib/python3.8/site-packages/airflow/example_dags/example_dynamic_task_mapping.py for tasks to queue
[2023-11-27T21:26:50.882-0300] {logging_mixin.py:154} INFO - [2023-11-27T21:26:50.881-0300] {dagbag.py:536} INFO - Filling up the DagBag from /home/marcos/anaconda3/envs/XPe-IGTI/lib/python3.8/site-packages/airflow/example_dags/example_dynamic_task_mapping.py
[2023-11-27T21:26:50.894-0300] {processor.py:839} INFO - DAG(s) dict_keys(['example_dynamic_task_mapping']) retrieved from /home/marcos/anaconda3/envs/XPe-IGTI/lib/python3.8/site-packages/airflow/example_dags/example_dynamic_task_mapping.py
[2023-11-27T21:26:50.919-0300] {logging_mixin.py:154} INFO - [2023-11-27T21:26:50.919-0300] {dag.py:2941} INFO - Sync 1 DAGs
[2023-11-27T21:26:50.950-0300] {logging_mixin.py:154} INFO - [2023-11-27T21:26:50.950-0300] {dag.py:3722} INFO - Setting next_dagrun for example_dynamic_task_mapping to 2022-03-04T00:00:00+00:00, run_after=2022-03-05T00:00:00+00:00
[2023-11-27T21:26:50.984-0300] {processor.py:179} INFO - Processing /home/marcos/anaconda3/envs/XPe-IGTI/lib/python3.8/site-packages/airflow/example_dags/example_dynamic_task_mapping.py took 0.113 seconds
[2023-11-27T21:27:56.723-0300] {processor.py:157} INFO - Started process (PID=53948) to work on /home/marcos/anaconda3/envs/XPe-IGTI/lib/python3.8/site-packages/airflow/example_dags/example_dynamic_task_mapping.py
[2023-11-27T21:27:56.728-0300] {processor.py:829} INFO - Processing file /home/marcos/anaconda3/envs/XPe-IGTI/lib/python3.8/site-packages/airflow/example_dags/example_dynamic_task_mapping.py for tasks to queue
[2023-11-27T21:27:56.729-0300] {logging_mixin.py:154} INFO - [2023-11-27T21:27:56.729-0300] {dagbag.py:536} INFO - Filling up the DagBag from /home/marcos/anaconda3/envs/XPe-IGTI/lib/python3.8/site-packages/airflow/example_dags/example_dynamic_task_mapping.py
[2023-11-27T21:27:56.742-0300] {processor.py:839} INFO - DAG(s) dict_keys(['example_dynamic_task_mapping']) retrieved from /home/marcos/anaconda3/envs/XPe-IGTI/lib/python3.8/site-packages/airflow/example_dags/example_dynamic_task_mapping.py
[2023-11-27T21:27:56.772-0300] {logging_mixin.py:154} INFO - [2023-11-27T21:27:56.772-0300] {dag.py:2941} INFO - Sync 1 DAGs
[2023-11-27T21:27:56.806-0300] {logging_mixin.py:154} INFO - [2023-11-27T21:27:56.806-0300] {dag.py:3722} INFO - Setting next_dagrun for example_dynamic_task_mapping to 2022-03-04T00:00:00+00:00, run_after=2022-03-05T00:00:00+00:00
[2023-11-27T21:27:56.839-0300] {processor.py:179} INFO - Processing /home/marcos/anaconda3/envs/XPe-IGTI/lib/python3.8/site-packages/airflow/example_dags/example_dynamic_task_mapping.py took 0.121 seconds
[2023-11-27T21:29:00.252-0300] {processor.py:157} INFO - Started process (PID=54047) to work on /home/marcos/anaconda3/envs/XPe-IGTI/lib/python3.8/site-packages/airflow/example_dags/example_dynamic_task_mapping.py
[2023-11-27T21:29:00.257-0300] {processor.py:829} INFO - Processing file /home/marcos/anaconda3/envs/XPe-IGTI/lib/python3.8/site-packages/airflow/example_dags/example_dynamic_task_mapping.py for tasks to queue
[2023-11-27T21:29:00.258-0300] {logging_mixin.py:154} INFO - [2023-11-27T21:29:00.258-0300] {dagbag.py:536} INFO - Filling up the DagBag from /home/marcos/anaconda3/envs/XPe-IGTI/lib/python3.8/site-packages/airflow/example_dags/example_dynamic_task_mapping.py
[2023-11-27T21:29:00.270-0300] {processor.py:839} INFO - DAG(s) dict_keys(['example_dynamic_task_mapping']) retrieved from /home/marcos/anaconda3/envs/XPe-IGTI/lib/python3.8/site-packages/airflow/example_dags/example_dynamic_task_mapping.py
[2023-11-27T21:29:00.300-0300] {logging_mixin.py:154} INFO - [2023-11-27T21:29:00.300-0300] {dag.py:2941} INFO - Sync 1 DAGs
[2023-11-27T21:29:00.336-0300] {logging_mixin.py:154} INFO - [2023-11-27T21:29:00.336-0300] {dag.py:3722} INFO - Setting next_dagrun for example_dynamic_task_mapping to 2022-03-04T00:00:00+00:00, run_after=2022-03-05T00:00:00+00:00
[2023-11-27T21:29:00.373-0300] {processor.py:179} INFO - Processing /home/marcos/anaconda3/envs/XPe-IGTI/lib/python3.8/site-packages/airflow/example_dags/example_dynamic_task_mapping.py took 0.126 seconds
[2023-11-28T18:52:46.367-0300] {processor.py:157} INFO - Started process (PID=144642) to work on /home/marcos/anaconda3/envs/XPe-IGTI/lib/python3.8/site-packages/airflow/example_dags/example_dynamic_task_mapping.py
[2023-11-28T18:52:46.371-0300] {processor.py:829} INFO - Processing file /home/marcos/anaconda3/envs/XPe-IGTI/lib/python3.8/site-packages/airflow/example_dags/example_dynamic_task_mapping.py for tasks to queue
[2023-11-28T18:52:46.372-0300] {logging_mixin.py:154} INFO - [2023-11-28T18:52:46.372-0300] {dagbag.py:536} INFO - Filling up the DagBag from /home/marcos/anaconda3/envs/XPe-IGTI/lib/python3.8/site-packages/airflow/example_dags/example_dynamic_task_mapping.py
[2023-11-28T18:52:46.380-0300] {processor.py:839} INFO - DAG(s) dict_keys(['example_dynamic_task_mapping']) retrieved from /home/marcos/anaconda3/envs/XPe-IGTI/lib/python3.8/site-packages/airflow/example_dags/example_dynamic_task_mapping.py
[2023-11-28T18:52:46.398-0300] {logging_mixin.py:154} INFO - [2023-11-28T18:52:46.397-0300] {dag.py:2941} INFO - Sync 1 DAGs
[2023-11-28T18:52:46.416-0300] {logging_mixin.py:154} INFO - [2023-11-28T18:52:46.415-0300] {dag.py:3722} INFO - Setting next_dagrun for example_dynamic_task_mapping to 2022-03-04T00:00:00+00:00, run_after=2022-03-05T00:00:00+00:00
[2023-11-28T18:52:46.433-0300] {processor.py:179} INFO - Processing /home/marcos/anaconda3/envs/XPe-IGTI/lib/python3.8/site-packages/airflow/example_dags/example_dynamic_task_mapping.py took 0.069 seconds
[2023-11-28T18:53:40.872-0300] {processor.py:157} INFO - Started process (PID=144748) to work on /home/marcos/anaconda3/envs/XPe-IGTI/lib/python3.8/site-packages/airflow/example_dags/example_dynamic_task_mapping.py
[2023-11-28T18:53:40.876-0300] {processor.py:829} INFO - Processing file /home/marcos/anaconda3/envs/XPe-IGTI/lib/python3.8/site-packages/airflow/example_dags/example_dynamic_task_mapping.py for tasks to queue
[2023-11-28T18:53:40.877-0300] {logging_mixin.py:154} INFO - [2023-11-28T18:53:40.877-0300] {dagbag.py:536} INFO - Filling up the DagBag from /home/marcos/anaconda3/envs/XPe-IGTI/lib/python3.8/site-packages/airflow/example_dags/example_dynamic_task_mapping.py
[2023-11-28T18:53:40.885-0300] {processor.py:839} INFO - DAG(s) dict_keys(['example_dynamic_task_mapping']) retrieved from /home/marcos/anaconda3/envs/XPe-IGTI/lib/python3.8/site-packages/airflow/example_dags/example_dynamic_task_mapping.py
[2023-11-28T18:53:40.901-0300] {logging_mixin.py:154} INFO - [2023-11-28T18:53:40.901-0300] {dag.py:2941} INFO - Sync 1 DAGs
[2023-11-28T18:53:40.921-0300] {logging_mixin.py:154} INFO - [2023-11-28T18:53:40.921-0300] {dag.py:3722} INFO - Setting next_dagrun for example_dynamic_task_mapping to 2022-03-04T00:00:00+00:00, run_after=2022-03-05T00:00:00+00:00
[2023-11-28T18:53:40.949-0300] {processor.py:179} INFO - Processing /home/marcos/anaconda3/envs/XPe-IGTI/lib/python3.8/site-packages/airflow/example_dags/example_dynamic_task_mapping.py took 0.080 seconds
[2023-11-28T18:54:40.907-0300] {processor.py:157} INFO - Started process (PID=145290) to work on /home/marcos/anaconda3/envs/XPe-IGTI/lib/python3.8/site-packages/airflow/example_dags/example_dynamic_task_mapping.py
[2023-11-28T18:54:40.912-0300] {processor.py:829} INFO - Processing file /home/marcos/anaconda3/envs/XPe-IGTI/lib/python3.8/site-packages/airflow/example_dags/example_dynamic_task_mapping.py for tasks to queue
[2023-11-28T18:54:40.914-0300] {logging_mixin.py:154} INFO - [2023-11-28T18:54:40.913-0300] {dagbag.py:536} INFO - Filling up the DagBag from /home/marcos/anaconda3/envs/XPe-IGTI/lib/python3.8/site-packages/airflow/example_dags/example_dynamic_task_mapping.py
[2023-11-28T18:54:40.926-0300] {processor.py:839} INFO - DAG(s) dict_keys(['example_dynamic_task_mapping']) retrieved from /home/marcos/anaconda3/envs/XPe-IGTI/lib/python3.8/site-packages/airflow/example_dags/example_dynamic_task_mapping.py
[2023-11-28T18:54:40.940-0300] {logging_mixin.py:154} INFO - [2023-11-28T18:54:40.940-0300] {dag.py:2941} INFO - Sync 1 DAGs
[2023-11-28T18:54:40.958-0300] {logging_mixin.py:154} INFO - [2023-11-28T18:54:40.958-0300] {dag.py:3722} INFO - Setting next_dagrun for example_dynamic_task_mapping to 2022-03-04T00:00:00+00:00, run_after=2022-03-05T00:00:00+00:00
[2023-11-28T18:54:40.984-0300] {processor.py:179} INFO - Processing /home/marcos/anaconda3/envs/XPe-IGTI/lib/python3.8/site-packages/airflow/example_dags/example_dynamic_task_mapping.py took 0.084 seconds
[2023-11-28T18:55:32.191-0300] {processor.py:157} INFO - Started process (PID=145379) to work on /home/marcos/anaconda3/envs/XPe-IGTI/lib/python3.8/site-packages/airflow/example_dags/example_dynamic_task_mapping.py
[2023-11-28T18:55:32.192-0300] {processor.py:829} INFO - Processing file /home/marcos/anaconda3/envs/XPe-IGTI/lib/python3.8/site-packages/airflow/example_dags/example_dynamic_task_mapping.py for tasks to queue
[2023-11-28T18:55:32.193-0300] {logging_mixin.py:154} INFO - [2023-11-28T18:55:32.193-0300] {dagbag.py:536} INFO - Filling up the DagBag from /home/marcos/anaconda3/envs/XPe-IGTI/lib/python3.8/site-packages/airflow/example_dags/example_dynamic_task_mapping.py
[2023-11-28T18:55:32.204-0300] {processor.py:839} INFO - DAG(s) dict_keys(['example_dynamic_task_mapping']) retrieved from /home/marcos/anaconda3/envs/XPe-IGTI/lib/python3.8/site-packages/airflow/example_dags/example_dynamic_task_mapping.py
[2023-11-28T18:55:32.227-0300] {logging_mixin.py:154} INFO - [2023-11-28T18:55:32.227-0300] {dag.py:2941} INFO - Sync 1 DAGs
[2023-11-28T18:55:32.257-0300] {logging_mixin.py:154} INFO - [2023-11-28T18:55:32.256-0300] {dag.py:3722} INFO - Setting next_dagrun for example_dynamic_task_mapping to 2022-03-04T00:00:00+00:00, run_after=2022-03-05T00:00:00+00:00
[2023-11-28T18:55:32.285-0300] {processor.py:179} INFO - Processing /home/marcos/anaconda3/envs/XPe-IGTI/lib/python3.8/site-packages/airflow/example_dags/example_dynamic_task_mapping.py took 0.099 seconds
[2023-11-28T18:56:29.271-0300] {processor.py:157} INFO - Started process (PID=145474) to work on /home/marcos/anaconda3/envs/XPe-IGTI/lib/python3.8/site-packages/airflow/example_dags/example_dynamic_task_mapping.py
[2023-11-28T18:56:29.277-0300] {processor.py:829} INFO - Processing file /home/marcos/anaconda3/envs/XPe-IGTI/lib/python3.8/site-packages/airflow/example_dags/example_dynamic_task_mapping.py for tasks to queue
[2023-11-28T18:56:29.279-0300] {logging_mixin.py:154} INFO - [2023-11-28T18:56:29.278-0300] {dagbag.py:536} INFO - Filling up the DagBag from /home/marcos/anaconda3/envs/XPe-IGTI/lib/python3.8/site-packages/airflow/example_dags/example_dynamic_task_mapping.py
[2023-11-28T18:56:29.297-0300] {processor.py:839} INFO - DAG(s) dict_keys(['example_dynamic_task_mapping']) retrieved from /home/marcos/anaconda3/envs/XPe-IGTI/lib/python3.8/site-packages/airflow/example_dags/example_dynamic_task_mapping.py
[2023-11-28T18:56:29.319-0300] {logging_mixin.py:154} INFO - [2023-11-28T18:56:29.318-0300] {dag.py:2941} INFO - Sync 1 DAGs
[2023-11-28T18:56:29.346-0300] {logging_mixin.py:154} INFO - [2023-11-28T18:56:29.346-0300] {dag.py:3722} INFO - Setting next_dagrun for example_dynamic_task_mapping to 2022-03-04T00:00:00+00:00, run_after=2022-03-05T00:00:00+00:00
[2023-11-28T18:56:29.373-0300] {processor.py:179} INFO - Processing /home/marcos/anaconda3/envs/XPe-IGTI/lib/python3.8/site-packages/airflow/example_dags/example_dynamic_task_mapping.py took 0.111 seconds
[2023-11-28T18:57:23.046-0300] {processor.py:157} INFO - Started process (PID=145600) to work on /home/marcos/anaconda3/envs/XPe-IGTI/lib/python3.8/site-packages/airflow/example_dags/example_dynamic_task_mapping.py
[2023-11-28T18:57:23.052-0300] {processor.py:829} INFO - Processing file /home/marcos/anaconda3/envs/XPe-IGTI/lib/python3.8/site-packages/airflow/example_dags/example_dynamic_task_mapping.py for tasks to queue
[2023-11-28T18:57:23.055-0300] {logging_mixin.py:154} INFO - [2023-11-28T18:57:23.054-0300] {dagbag.py:536} INFO - Filling up the DagBag from /home/marcos/anaconda3/envs/XPe-IGTI/lib/python3.8/site-packages/airflow/example_dags/example_dynamic_task_mapping.py
[2023-11-28T18:57:23.077-0300] {processor.py:839} INFO - DAG(s) dict_keys(['example_dynamic_task_mapping']) retrieved from /home/marcos/anaconda3/envs/XPe-IGTI/lib/python3.8/site-packages/airflow/example_dags/example_dynamic_task_mapping.py
[2023-11-28T18:57:23.100-0300] {logging_mixin.py:154} INFO - [2023-11-28T18:57:23.099-0300] {dag.py:2941} INFO - Sync 1 DAGs
[2023-11-28T18:57:23.129-0300] {logging_mixin.py:154} INFO - [2023-11-28T18:57:23.128-0300] {dag.py:3722} INFO - Setting next_dagrun for example_dynamic_task_mapping to 2022-03-04T00:00:00+00:00, run_after=2022-03-05T00:00:00+00:00
[2023-11-28T18:57:23.155-0300] {processor.py:179} INFO - Processing /home/marcos/anaconda3/envs/XPe-IGTI/lib/python3.8/site-packages/airflow/example_dags/example_dynamic_task_mapping.py took 0.118 seconds
[2023-11-28T18:58:18.106-0300] {processor.py:157} INFO - Started process (PID=145690) to work on /home/marcos/anaconda3/envs/XPe-IGTI/lib/python3.8/site-packages/airflow/example_dags/example_dynamic_task_mapping.py
[2023-11-28T18:58:18.108-0300] {processor.py:829} INFO - Processing file /home/marcos/anaconda3/envs/XPe-IGTI/lib/python3.8/site-packages/airflow/example_dags/example_dynamic_task_mapping.py for tasks to queue
[2023-11-28T18:58:18.110-0300] {logging_mixin.py:154} INFO - [2023-11-28T18:58:18.109-0300] {dagbag.py:536} INFO - Filling up the DagBag from /home/marcos/anaconda3/envs/XPe-IGTI/lib/python3.8/site-packages/airflow/example_dags/example_dynamic_task_mapping.py
[2023-11-28T18:58:18.125-0300] {processor.py:839} INFO - DAG(s) dict_keys(['example_dynamic_task_mapping']) retrieved from /home/marcos/anaconda3/envs/XPe-IGTI/lib/python3.8/site-packages/airflow/example_dags/example_dynamic_task_mapping.py
[2023-11-28T18:58:18.142-0300] {logging_mixin.py:154} INFO - [2023-11-28T18:58:18.142-0300] {dag.py:2941} INFO - Sync 1 DAGs
[2023-11-28T18:58:18.159-0300] {logging_mixin.py:154} INFO - [2023-11-28T18:58:18.159-0300] {dag.py:3722} INFO - Setting next_dagrun for example_dynamic_task_mapping to 2022-03-04T00:00:00+00:00, run_after=2022-03-05T00:00:00+00:00
[2023-11-28T18:58:18.177-0300] {processor.py:179} INFO - Processing /home/marcos/anaconda3/envs/XPe-IGTI/lib/python3.8/site-packages/airflow/example_dags/example_dynamic_task_mapping.py took 0.077 seconds
[2023-11-28T18:59:17.083-0300] {processor.py:157} INFO - Started process (PID=145769) to work on /home/marcos/anaconda3/envs/XPe-IGTI/lib/python3.8/site-packages/airflow/example_dags/example_dynamic_task_mapping.py
[2023-11-28T18:59:17.087-0300] {processor.py:829} INFO - Processing file /home/marcos/anaconda3/envs/XPe-IGTI/lib/python3.8/site-packages/airflow/example_dags/example_dynamic_task_mapping.py for tasks to queue
[2023-11-28T18:59:17.088-0300] {logging_mixin.py:154} INFO - [2023-11-28T18:59:17.087-0300] {dagbag.py:536} INFO - Filling up the DagBag from /home/marcos/anaconda3/envs/XPe-IGTI/lib/python3.8/site-packages/airflow/example_dags/example_dynamic_task_mapping.py
[2023-11-28T18:59:17.095-0300] {processor.py:839} INFO - DAG(s) dict_keys(['example_dynamic_task_mapping']) retrieved from /home/marcos/anaconda3/envs/XPe-IGTI/lib/python3.8/site-packages/airflow/example_dags/example_dynamic_task_mapping.py
[2023-11-28T18:59:17.109-0300] {logging_mixin.py:154} INFO - [2023-11-28T18:59:17.109-0300] {dag.py:2941} INFO - Sync 1 DAGs
[2023-11-28T18:59:17.126-0300] {logging_mixin.py:154} INFO - [2023-11-28T18:59:17.126-0300] {dag.py:3722} INFO - Setting next_dagrun for example_dynamic_task_mapping to 2022-03-04T00:00:00+00:00, run_after=2022-03-05T00:00:00+00:00
[2023-11-28T18:59:17.143-0300] {processor.py:179} INFO - Processing /home/marcos/anaconda3/envs/XPe-IGTI/lib/python3.8/site-packages/airflow/example_dags/example_dynamic_task_mapping.py took 0.062 seconds
[2023-11-28T19:00:14.730-0300] {processor.py:157} INFO - Started process (PID=145872) to work on /home/marcos/anaconda3/envs/XPe-IGTI/lib/python3.8/site-packages/airflow/example_dags/example_dynamic_task_mapping.py
[2023-11-28T19:00:14.734-0300] {processor.py:829} INFO - Processing file /home/marcos/anaconda3/envs/XPe-IGTI/lib/python3.8/site-packages/airflow/example_dags/example_dynamic_task_mapping.py for tasks to queue
[2023-11-28T19:00:14.735-0300] {logging_mixin.py:154} INFO - [2023-11-28T19:00:14.735-0300] {dagbag.py:536} INFO - Filling up the DagBag from /home/marcos/anaconda3/envs/XPe-IGTI/lib/python3.8/site-packages/airflow/example_dags/example_dynamic_task_mapping.py
[2023-11-28T19:00:14.743-0300] {processor.py:839} INFO - DAG(s) dict_keys(['example_dynamic_task_mapping']) retrieved from /home/marcos/anaconda3/envs/XPe-IGTI/lib/python3.8/site-packages/airflow/example_dags/example_dynamic_task_mapping.py
[2023-11-28T19:00:14.759-0300] {logging_mixin.py:154} INFO - [2023-11-28T19:00:14.758-0300] {dag.py:2941} INFO - Sync 1 DAGs
[2023-11-28T19:00:14.775-0300] {logging_mixin.py:154} INFO - [2023-11-28T19:00:14.775-0300] {dag.py:3722} INFO - Setting next_dagrun for example_dynamic_task_mapping to 2022-03-04T00:00:00+00:00, run_after=2022-03-05T00:00:00+00:00
[2023-11-28T19:00:14.793-0300] {processor.py:179} INFO - Processing /home/marcos/anaconda3/envs/XPe-IGTI/lib/python3.8/site-packages/airflow/example_dags/example_dynamic_task_mapping.py took 0.066 seconds
[2023-11-28T19:01:06.008-0300] {processor.py:157} INFO - Started process (PID=145949) to work on /home/marcos/anaconda3/envs/XPe-IGTI/lib/python3.8/site-packages/airflow/example_dags/example_dynamic_task_mapping.py
[2023-11-28T19:01:06.012-0300] {processor.py:829} INFO - Processing file /home/marcos/anaconda3/envs/XPe-IGTI/lib/python3.8/site-packages/airflow/example_dags/example_dynamic_task_mapping.py for tasks to queue
[2023-11-28T19:01:06.012-0300] {logging_mixin.py:154} INFO - [2023-11-28T19:01:06.012-0300] {dagbag.py:536} INFO - Filling up the DagBag from /home/marcos/anaconda3/envs/XPe-IGTI/lib/python3.8/site-packages/airflow/example_dags/example_dynamic_task_mapping.py
[2023-11-28T19:01:06.018-0300] {processor.py:839} INFO - DAG(s) dict_keys(['example_dynamic_task_mapping']) retrieved from /home/marcos/anaconda3/envs/XPe-IGTI/lib/python3.8/site-packages/airflow/example_dags/example_dynamic_task_mapping.py
[2023-11-28T19:01:06.032-0300] {logging_mixin.py:154} INFO - [2023-11-28T19:01:06.032-0300] {dag.py:2941} INFO - Sync 1 DAGs
[2023-11-28T19:01:06.050-0300] {logging_mixin.py:154} INFO - [2023-11-28T19:01:06.050-0300] {dag.py:3722} INFO - Setting next_dagrun for example_dynamic_task_mapping to 2022-03-04T00:00:00+00:00, run_after=2022-03-05T00:00:00+00:00
[2023-11-28T19:01:06.070-0300] {processor.py:179} INFO - Processing /home/marcos/anaconda3/envs/XPe-IGTI/lib/python3.8/site-packages/airflow/example_dags/example_dynamic_task_mapping.py took 0.065 seconds
[2023-11-28T19:02:06.846-0300] {processor.py:157} INFO - Started process (PID=146103) to work on /home/marcos/anaconda3/envs/XPe-IGTI/lib/python3.8/site-packages/airflow/example_dags/example_dynamic_task_mapping.py
[2023-11-28T19:02:06.850-0300] {processor.py:829} INFO - Processing file /home/marcos/anaconda3/envs/XPe-IGTI/lib/python3.8/site-packages/airflow/example_dags/example_dynamic_task_mapping.py for tasks to queue
[2023-11-28T19:02:06.852-0300] {logging_mixin.py:154} INFO - [2023-11-28T19:02:06.851-0300] {dagbag.py:536} INFO - Filling up the DagBag from /home/marcos/anaconda3/envs/XPe-IGTI/lib/python3.8/site-packages/airflow/example_dags/example_dynamic_task_mapping.py
[2023-11-28T19:02:06.863-0300] {processor.py:839} INFO - DAG(s) dict_keys(['example_dynamic_task_mapping']) retrieved from /home/marcos/anaconda3/envs/XPe-IGTI/lib/python3.8/site-packages/airflow/example_dags/example_dynamic_task_mapping.py
[2023-11-28T19:02:06.888-0300] {logging_mixin.py:154} INFO - [2023-11-28T19:02:06.887-0300] {dag.py:2941} INFO - Sync 1 DAGs
[2023-11-28T19:02:06.920-0300] {logging_mixin.py:154} INFO - [2023-11-28T19:02:06.920-0300] {dag.py:3722} INFO - Setting next_dagrun for example_dynamic_task_mapping to 2022-03-04T00:00:00+00:00, run_after=2022-03-05T00:00:00+00:00
[2023-11-28T19:02:06.952-0300] {processor.py:179} INFO - Processing /home/marcos/anaconda3/envs/XPe-IGTI/lib/python3.8/site-packages/airflow/example_dags/example_dynamic_task_mapping.py took 0.111 seconds
[2023-11-28T19:03:02.184-0300] {processor.py:157} INFO - Started process (PID=146204) to work on /home/marcos/anaconda3/envs/XPe-IGTI/lib/python3.8/site-packages/airflow/example_dags/example_dynamic_task_mapping.py
[2023-11-28T19:03:02.189-0300] {processor.py:829} INFO - Processing file /home/marcos/anaconda3/envs/XPe-IGTI/lib/python3.8/site-packages/airflow/example_dags/example_dynamic_task_mapping.py for tasks to queue
[2023-11-28T19:03:02.190-0300] {logging_mixin.py:154} INFO - [2023-11-28T19:03:02.190-0300] {dagbag.py:536} INFO - Filling up the DagBag from /home/marcos/anaconda3/envs/XPe-IGTI/lib/python3.8/site-packages/airflow/example_dags/example_dynamic_task_mapping.py
[2023-11-28T19:03:02.205-0300] {processor.py:839} INFO - DAG(s) dict_keys(['example_dynamic_task_mapping']) retrieved from /home/marcos/anaconda3/envs/XPe-IGTI/lib/python3.8/site-packages/airflow/example_dags/example_dynamic_task_mapping.py
[2023-11-28T19:03:02.221-0300] {logging_mixin.py:154} INFO - [2023-11-28T19:03:02.221-0300] {dag.py:2941} INFO - Sync 1 DAGs
[2023-11-28T19:03:02.238-0300] {logging_mixin.py:154} INFO - [2023-11-28T19:03:02.238-0300] {dag.py:3722} INFO - Setting next_dagrun for example_dynamic_task_mapping to 2022-03-04T00:00:00+00:00, run_after=2022-03-05T00:00:00+00:00
[2023-11-28T19:03:02.256-0300] {processor.py:179} INFO - Processing /home/marcos/anaconda3/envs/XPe-IGTI/lib/python3.8/site-packages/airflow/example_dags/example_dynamic_task_mapping.py took 0.079 seconds
[2023-11-28T19:04:07.099-0300] {processor.py:157} INFO - Started process (PID=146327) to work on /home/marcos/anaconda3/envs/XPe-IGTI/lib/python3.8/site-packages/airflow/example_dags/example_dynamic_task_mapping.py
[2023-11-28T19:04:07.100-0300] {processor.py:829} INFO - Processing file /home/marcos/anaconda3/envs/XPe-IGTI/lib/python3.8/site-packages/airflow/example_dags/example_dynamic_task_mapping.py for tasks to queue
[2023-11-28T19:04:07.101-0300] {logging_mixin.py:154} INFO - [2023-11-28T19:04:07.101-0300] {dagbag.py:536} INFO - Filling up the DagBag from /home/marcos/anaconda3/envs/XPe-IGTI/lib/python3.8/site-packages/airflow/example_dags/example_dynamic_task_mapping.py
[2023-11-28T19:04:07.115-0300] {processor.py:839} INFO - DAG(s) dict_keys(['example_dynamic_task_mapping']) retrieved from /home/marcos/anaconda3/envs/XPe-IGTI/lib/python3.8/site-packages/airflow/example_dags/example_dynamic_task_mapping.py
[2023-11-28T19:04:07.141-0300] {logging_mixin.py:154} INFO - [2023-11-28T19:04:07.141-0300] {dag.py:2941} INFO - Sync 1 DAGs
[2023-11-28T19:04:07.173-0300] {logging_mixin.py:154} INFO - [2023-11-28T19:04:07.173-0300] {dag.py:3722} INFO - Setting next_dagrun for example_dynamic_task_mapping to 2022-03-04T00:00:00+00:00, run_after=2022-03-05T00:00:00+00:00
[2023-11-28T19:04:07.205-0300] {processor.py:179} INFO - Processing /home/marcos/anaconda3/envs/XPe-IGTI/lib/python3.8/site-packages/airflow/example_dags/example_dynamic_task_mapping.py took 0.110 seconds
[2023-11-28T19:05:17.100-0300] {processor.py:157} INFO - Started process (PID=146446) to work on /home/marcos/anaconda3/envs/XPe-IGTI/lib/python3.8/site-packages/airflow/example_dags/example_dynamic_task_mapping.py
[2023-11-28T19:05:17.101-0300] {processor.py:829} INFO - Processing file /home/marcos/anaconda3/envs/XPe-IGTI/lib/python3.8/site-packages/airflow/example_dags/example_dynamic_task_mapping.py for tasks to queue
[2023-11-28T19:05:17.102-0300] {logging_mixin.py:154} INFO - [2023-11-28T19:05:17.102-0300] {dagbag.py:536} INFO - Filling up the DagBag from /home/marcos/anaconda3/envs/XPe-IGTI/lib/python3.8/site-packages/airflow/example_dags/example_dynamic_task_mapping.py
[2023-11-28T19:05:17.116-0300] {processor.py:839} INFO - DAG(s) dict_keys(['example_dynamic_task_mapping']) retrieved from /home/marcos/anaconda3/envs/XPe-IGTI/lib/python3.8/site-packages/airflow/example_dags/example_dynamic_task_mapping.py
[2023-11-28T19:05:17.140-0300] {logging_mixin.py:154} INFO - [2023-11-28T19:05:17.140-0300] {dag.py:2941} INFO - Sync 1 DAGs
[2023-11-28T19:05:17.176-0300] {logging_mixin.py:154} INFO - [2023-11-28T19:05:17.175-0300] {dag.py:3722} INFO - Setting next_dagrun for example_dynamic_task_mapping to 2022-03-04T00:00:00+00:00, run_after=2022-03-05T00:00:00+00:00
[2023-11-28T19:05:17.210-0300] {processor.py:179} INFO - Processing /home/marcos/anaconda3/envs/XPe-IGTI/lib/python3.8/site-packages/airflow/example_dags/example_dynamic_task_mapping.py took 0.116 seconds
[2023-11-28T19:06:13.944-0300] {processor.py:157} INFO - Started process (PID=146549) to work on /home/marcos/anaconda3/envs/XPe-IGTI/lib/python3.8/site-packages/airflow/example_dags/example_dynamic_task_mapping.py
[2023-11-28T19:06:13.946-0300] {processor.py:829} INFO - Processing file /home/marcos/anaconda3/envs/XPe-IGTI/lib/python3.8/site-packages/airflow/example_dags/example_dynamic_task_mapping.py for tasks to queue
[2023-11-28T19:06:13.952-0300] {logging_mixin.py:154} INFO - [2023-11-28T19:06:13.951-0300] {dagbag.py:536} INFO - Filling up the DagBag from /home/marcos/anaconda3/envs/XPe-IGTI/lib/python3.8/site-packages/airflow/example_dags/example_dynamic_task_mapping.py
[2023-11-28T19:06:13.966-0300] {processor.py:839} INFO - DAG(s) dict_keys(['example_dynamic_task_mapping']) retrieved from /home/marcos/anaconda3/envs/XPe-IGTI/lib/python3.8/site-packages/airflow/example_dags/example_dynamic_task_mapping.py
[2023-11-28T19:06:13.995-0300] {logging_mixin.py:154} INFO - [2023-11-28T19:06:13.994-0300] {dag.py:2941} INFO - Sync 1 DAGs
[2023-11-28T19:06:14.028-0300] {logging_mixin.py:154} INFO - [2023-11-28T19:06:14.027-0300] {dag.py:3722} INFO - Setting next_dagrun for example_dynamic_task_mapping to 2022-03-04T00:00:00+00:00, run_after=2022-03-05T00:00:00+00:00
[2023-11-28T19:06:14.060-0300] {processor.py:179} INFO - Processing /home/marcos/anaconda3/envs/XPe-IGTI/lib/python3.8/site-packages/airflow/example_dags/example_dynamic_task_mapping.py took 0.123 seconds
[2023-11-28T19:07:17.529-0300] {processor.py:157} INFO - Started process (PID=146643) to work on /home/marcos/anaconda3/envs/XPe-IGTI/lib/python3.8/site-packages/airflow/example_dags/example_dynamic_task_mapping.py
[2023-11-28T19:07:17.533-0300] {processor.py:829} INFO - Processing file /home/marcos/anaconda3/envs/XPe-IGTI/lib/python3.8/site-packages/airflow/example_dags/example_dynamic_task_mapping.py for tasks to queue
[2023-11-28T19:07:17.541-0300] {logging_mixin.py:154} INFO - [2023-11-28T19:07:17.539-0300] {dagbag.py:536} INFO - Filling up the DagBag from /home/marcos/anaconda3/envs/XPe-IGTI/lib/python3.8/site-packages/airflow/example_dags/example_dynamic_task_mapping.py
[2023-11-28T19:07:17.557-0300] {processor.py:839} INFO - DAG(s) dict_keys(['example_dynamic_task_mapping']) retrieved from /home/marcos/anaconda3/envs/XPe-IGTI/lib/python3.8/site-packages/airflow/example_dags/example_dynamic_task_mapping.py
[2023-11-28T19:07:17.574-0300] {logging_mixin.py:154} INFO - [2023-11-28T19:07:17.574-0300] {dag.py:2941} INFO - Sync 1 DAGs
[2023-11-28T19:07:17.591-0300] {logging_mixin.py:154} INFO - [2023-11-28T19:07:17.591-0300] {dag.py:3722} INFO - Setting next_dagrun for example_dynamic_task_mapping to 2022-03-04T00:00:00+00:00, run_after=2022-03-05T00:00:00+00:00
[2023-11-28T19:07:17.609-0300] {processor.py:179} INFO - Processing /home/marcos/anaconda3/envs/XPe-IGTI/lib/python3.8/site-packages/airflow/example_dags/example_dynamic_task_mapping.py took 0.085 seconds
[2023-11-28T19:08:26.351-0300] {processor.py:157} INFO - Started process (PID=146729) to work on /home/marcos/anaconda3/envs/XPe-IGTI/lib/python3.8/site-packages/airflow/example_dags/example_dynamic_task_mapping.py
[2023-11-28T19:08:26.356-0300] {processor.py:829} INFO - Processing file /home/marcos/anaconda3/envs/XPe-IGTI/lib/python3.8/site-packages/airflow/example_dags/example_dynamic_task_mapping.py for tasks to queue
[2023-11-28T19:08:26.359-0300] {logging_mixin.py:154} INFO - [2023-11-28T19:08:26.358-0300] {dagbag.py:536} INFO - Filling up the DagBag from /home/marcos/anaconda3/envs/XPe-IGTI/lib/python3.8/site-packages/airflow/example_dags/example_dynamic_task_mapping.py
[2023-11-28T19:08:26.369-0300] {processor.py:839} INFO - DAG(s) dict_keys(['example_dynamic_task_mapping']) retrieved from /home/marcos/anaconda3/envs/XPe-IGTI/lib/python3.8/site-packages/airflow/example_dags/example_dynamic_task_mapping.py
[2023-11-28T19:08:26.389-0300] {logging_mixin.py:154} INFO - [2023-11-28T19:08:26.389-0300] {dag.py:2941} INFO - Sync 1 DAGs
[2023-11-28T19:08:26.418-0300] {logging_mixin.py:154} INFO - [2023-11-28T19:08:26.417-0300] {dag.py:3722} INFO - Setting next_dagrun for example_dynamic_task_mapping to 2022-03-04T00:00:00+00:00, run_after=2022-03-05T00:00:00+00:00
[2023-11-28T19:08:26.446-0300] {processor.py:179} INFO - Processing /home/marcos/anaconda3/envs/XPe-IGTI/lib/python3.8/site-packages/airflow/example_dags/example_dynamic_task_mapping.py took 0.099 seconds
[2023-11-28T19:09:54.797-0300] {processor.py:157} INFO - Started process (PID=146951) to work on /home/marcos/anaconda3/envs/XPe-IGTI/lib/python3.8/site-packages/airflow/example_dags/example_dynamic_task_mapping.py
[2023-11-28T19:09:54.801-0300] {processor.py:829} INFO - Processing file /home/marcos/anaconda3/envs/XPe-IGTI/lib/python3.8/site-packages/airflow/example_dags/example_dynamic_task_mapping.py for tasks to queue
[2023-11-28T19:09:54.805-0300] {logging_mixin.py:154} INFO - [2023-11-28T19:09:54.804-0300] {dagbag.py:536} INFO - Filling up the DagBag from /home/marcos/anaconda3/envs/XPe-IGTI/lib/python3.8/site-packages/airflow/example_dags/example_dynamic_task_mapping.py
[2023-11-28T19:09:54.816-0300] {processor.py:839} INFO - DAG(s) dict_keys(['example_dynamic_task_mapping']) retrieved from /home/marcos/anaconda3/envs/XPe-IGTI/lib/python3.8/site-packages/airflow/example_dags/example_dynamic_task_mapping.py
[2023-11-28T19:09:54.839-0300] {logging_mixin.py:154} INFO - [2023-11-28T19:09:54.838-0300] {dag.py:2941} INFO - Sync 1 DAGs
[2023-11-28T19:09:54.870-0300] {logging_mixin.py:154} INFO - [2023-11-28T19:09:54.869-0300] {dag.py:3722} INFO - Setting next_dagrun for example_dynamic_task_mapping to 2022-03-04T00:00:00+00:00, run_after=2022-03-05T00:00:00+00:00
[2023-11-28T19:09:54.900-0300] {processor.py:179} INFO - Processing /home/marcos/anaconda3/envs/XPe-IGTI/lib/python3.8/site-packages/airflow/example_dags/example_dynamic_task_mapping.py took 0.108 seconds
[2023-11-28T19:10:55.769-0300] {processor.py:157} INFO - Started process (PID=147101) to work on /home/marcos/anaconda3/envs/XPe-IGTI/lib/python3.8/site-packages/airflow/example_dags/example_dynamic_task_mapping.py
[2023-11-28T19:10:55.773-0300] {processor.py:829} INFO - Processing file /home/marcos/anaconda3/envs/XPe-IGTI/lib/python3.8/site-packages/airflow/example_dags/example_dynamic_task_mapping.py for tasks to queue
[2023-11-28T19:10:55.784-0300] {logging_mixin.py:154} INFO - [2023-11-28T19:10:55.783-0300] {dagbag.py:536} INFO - Filling up the DagBag from /home/marcos/anaconda3/envs/XPe-IGTI/lib/python3.8/site-packages/airflow/example_dags/example_dynamic_task_mapping.py
[2023-11-28T19:10:55.794-0300] {processor.py:839} INFO - DAG(s) dict_keys(['example_dynamic_task_mapping']) retrieved from /home/marcos/anaconda3/envs/XPe-IGTI/lib/python3.8/site-packages/airflow/example_dags/example_dynamic_task_mapping.py
[2023-11-28T19:10:55.812-0300] {logging_mixin.py:154} INFO - [2023-11-28T19:10:55.811-0300] {dag.py:2941} INFO - Sync 1 DAGs
[2023-11-28T19:10:55.831-0300] {logging_mixin.py:154} INFO - [2023-11-28T19:10:55.831-0300] {dag.py:3722} INFO - Setting next_dagrun for example_dynamic_task_mapping to 2022-03-04T00:00:00+00:00, run_after=2022-03-05T00:00:00+00:00
[2023-11-28T19:10:55.850-0300] {processor.py:179} INFO - Processing /home/marcos/anaconda3/envs/XPe-IGTI/lib/python3.8/site-packages/airflow/example_dags/example_dynamic_task_mapping.py took 0.085 seconds
[2023-11-28T19:12:04.836-0300] {processor.py:157} INFO - Started process (PID=147303) to work on /home/marcos/anaconda3/envs/XPe-IGTI/lib/python3.8/site-packages/airflow/example_dags/example_dynamic_task_mapping.py
[2023-11-28T19:12:04.841-0300] {processor.py:829} INFO - Processing file /home/marcos/anaconda3/envs/XPe-IGTI/lib/python3.8/site-packages/airflow/example_dags/example_dynamic_task_mapping.py for tasks to queue
[2023-11-28T19:12:04.848-0300] {logging_mixin.py:154} INFO - [2023-11-28T19:12:04.848-0300] {dagbag.py:536} INFO - Filling up the DagBag from /home/marcos/anaconda3/envs/XPe-IGTI/lib/python3.8/site-packages/airflow/example_dags/example_dynamic_task_mapping.py
[2023-11-28T19:12:04.860-0300] {processor.py:839} INFO - DAG(s) dict_keys(['example_dynamic_task_mapping']) retrieved from /home/marcos/anaconda3/envs/XPe-IGTI/lib/python3.8/site-packages/airflow/example_dags/example_dynamic_task_mapping.py
[2023-11-28T19:12:04.888-0300] {logging_mixin.py:154} INFO - [2023-11-28T19:12:04.887-0300] {dag.py:2941} INFO - Sync 1 DAGs
[2023-11-28T19:12:04.936-0300] {logging_mixin.py:154} INFO - [2023-11-28T19:12:04.936-0300] {dag.py:3722} INFO - Setting next_dagrun for example_dynamic_task_mapping to 2022-03-04T00:00:00+00:00, run_after=2022-03-05T00:00:00+00:00
[2023-11-28T19:12:04.983-0300] {processor.py:179} INFO - Processing /home/marcos/anaconda3/envs/XPe-IGTI/lib/python3.8/site-packages/airflow/example_dags/example_dynamic_task_mapping.py took 0.153 seconds
[2023-11-28T19:13:17.823-0300] {processor.py:157} INFO - Started process (PID=147486) to work on /home/marcos/anaconda3/envs/XPe-IGTI/lib/python3.8/site-packages/airflow/example_dags/example_dynamic_task_mapping.py
[2023-11-28T19:13:17.825-0300] {processor.py:829} INFO - Processing file /home/marcos/anaconda3/envs/XPe-IGTI/lib/python3.8/site-packages/airflow/example_dags/example_dynamic_task_mapping.py for tasks to queue
[2023-11-28T19:13:17.829-0300] {logging_mixin.py:154} INFO - [2023-11-28T19:13:17.828-0300] {dagbag.py:536} INFO - Filling up the DagBag from /home/marcos/anaconda3/envs/XPe-IGTI/lib/python3.8/site-packages/airflow/example_dags/example_dynamic_task_mapping.py
[2023-11-28T19:13:17.843-0300] {processor.py:839} INFO - DAG(s) dict_keys(['example_dynamic_task_mapping']) retrieved from /home/marcos/anaconda3/envs/XPe-IGTI/lib/python3.8/site-packages/airflow/example_dags/example_dynamic_task_mapping.py
[2023-11-28T19:13:17.876-0300] {logging_mixin.py:154} INFO - [2023-11-28T19:13:17.875-0300] {dag.py:2941} INFO - Sync 1 DAGs
[2023-11-28T19:13:17.926-0300] {logging_mixin.py:154} INFO - [2023-11-28T19:13:17.926-0300] {dag.py:3722} INFO - Setting next_dagrun for example_dynamic_task_mapping to 2022-03-04T00:00:00+00:00, run_after=2022-03-05T00:00:00+00:00
[2023-11-28T19:13:17.974-0300] {processor.py:179} INFO - Processing /home/marcos/anaconda3/envs/XPe-IGTI/lib/python3.8/site-packages/airflow/example_dags/example_dynamic_task_mapping.py took 0.160 seconds
[2023-11-28T19:14:15.184-0300] {processor.py:157} INFO - Started process (PID=147548) to work on /home/marcos/anaconda3/envs/XPe-IGTI/lib/python3.8/site-packages/airflow/example_dags/example_dynamic_task_mapping.py
[2023-11-28T19:14:15.188-0300] {processor.py:829} INFO - Processing file /home/marcos/anaconda3/envs/XPe-IGTI/lib/python3.8/site-packages/airflow/example_dags/example_dynamic_task_mapping.py for tasks to queue
[2023-11-28T19:14:15.192-0300] {logging_mixin.py:154} INFO - [2023-11-28T19:14:15.191-0300] {dagbag.py:536} INFO - Filling up the DagBag from /home/marcos/anaconda3/envs/XPe-IGTI/lib/python3.8/site-packages/airflow/example_dags/example_dynamic_task_mapping.py
[2023-11-28T19:14:15.202-0300] {processor.py:839} INFO - DAG(s) dict_keys(['example_dynamic_task_mapping']) retrieved from /home/marcos/anaconda3/envs/XPe-IGTI/lib/python3.8/site-packages/airflow/example_dags/example_dynamic_task_mapping.py
[2023-11-28T19:14:15.227-0300] {logging_mixin.py:154} INFO - [2023-11-28T19:14:15.227-0300] {dag.py:2941} INFO - Sync 1 DAGs
[2023-11-28T19:14:15.265-0300] {logging_mixin.py:154} INFO - [2023-11-28T19:14:15.264-0300] {dag.py:3722} INFO - Setting next_dagrun for example_dynamic_task_mapping to 2022-03-04T00:00:00+00:00, run_after=2022-03-05T00:00:00+00:00
[2023-11-28T19:14:15.304-0300] {processor.py:179} INFO - Processing /home/marcos/anaconda3/envs/XPe-IGTI/lib/python3.8/site-packages/airflow/example_dags/example_dynamic_task_mapping.py took 0.125 seconds
[2023-11-28T19:15:27.304-0300] {processor.py:157} INFO - Started process (PID=147620) to work on /home/marcos/anaconda3/envs/XPe-IGTI/lib/python3.8/site-packages/airflow/example_dags/example_dynamic_task_mapping.py
[2023-11-28T19:15:27.308-0300] {processor.py:829} INFO - Processing file /home/marcos/anaconda3/envs/XPe-IGTI/lib/python3.8/site-packages/airflow/example_dags/example_dynamic_task_mapping.py for tasks to queue
[2023-11-28T19:15:27.313-0300] {logging_mixin.py:154} INFO - [2023-11-28T19:15:27.312-0300] {dagbag.py:536} INFO - Filling up the DagBag from /home/marcos/anaconda3/envs/XPe-IGTI/lib/python3.8/site-packages/airflow/example_dags/example_dynamic_task_mapping.py
[2023-11-28T19:15:27.325-0300] {processor.py:839} INFO - DAG(s) dict_keys(['example_dynamic_task_mapping']) retrieved from /home/marcos/anaconda3/envs/XPe-IGTI/lib/python3.8/site-packages/airflow/example_dags/example_dynamic_task_mapping.py
[2023-11-28T19:15:27.354-0300] {logging_mixin.py:154} INFO - [2023-11-28T19:15:27.353-0300] {dag.py:2941} INFO - Sync 1 DAGs
[2023-11-28T19:15:27.395-0300] {logging_mixin.py:154} INFO - [2023-11-28T19:15:27.394-0300] {dag.py:3722} INFO - Setting next_dagrun for example_dynamic_task_mapping to 2022-03-04T00:00:00+00:00, run_after=2022-03-05T00:00:00+00:00
[2023-11-28T19:15:27.433-0300] {processor.py:179} INFO - Processing /home/marcos/anaconda3/envs/XPe-IGTI/lib/python3.8/site-packages/airflow/example_dags/example_dynamic_task_mapping.py took 0.134 seconds
[2023-11-28T19:16:17.532-0300] {processor.py:157} INFO - Started process (PID=147676) to work on /home/marcos/anaconda3/envs/XPe-IGTI/lib/python3.8/site-packages/airflow/example_dags/example_dynamic_task_mapping.py
[2023-11-28T19:16:17.536-0300] {processor.py:829} INFO - Processing file /home/marcos/anaconda3/envs/XPe-IGTI/lib/python3.8/site-packages/airflow/example_dags/example_dynamic_task_mapping.py for tasks to queue
[2023-11-28T19:16:17.541-0300] {logging_mixin.py:154} INFO - [2023-11-28T19:16:17.540-0300] {dagbag.py:536} INFO - Filling up the DagBag from /home/marcos/anaconda3/envs/XPe-IGTI/lib/python3.8/site-packages/airflow/example_dags/example_dynamic_task_mapping.py
[2023-11-28T19:16:17.551-0300] {processor.py:839} INFO - DAG(s) dict_keys(['example_dynamic_task_mapping']) retrieved from /home/marcos/anaconda3/envs/XPe-IGTI/lib/python3.8/site-packages/airflow/example_dags/example_dynamic_task_mapping.py
[2023-11-28T19:16:17.576-0300] {logging_mixin.py:154} INFO - [2023-11-28T19:16:17.575-0300] {dag.py:2941} INFO - Sync 1 DAGs
[2023-11-28T19:16:17.617-0300] {logging_mixin.py:154} INFO - [2023-11-28T19:16:17.616-0300] {dag.py:3722} INFO - Setting next_dagrun for example_dynamic_task_mapping to 2022-03-04T00:00:00+00:00, run_after=2022-03-05T00:00:00+00:00
[2023-11-28T19:16:17.652-0300] {processor.py:179} INFO - Processing /home/marcos/anaconda3/envs/XPe-IGTI/lib/python3.8/site-packages/airflow/example_dags/example_dynamic_task_mapping.py took 0.126 seconds
[2023-11-28T19:17:21.764-0300] {processor.py:157} INFO - Started process (PID=147774) to work on /home/marcos/anaconda3/envs/XPe-IGTI/lib/python3.8/site-packages/airflow/example_dags/example_dynamic_task_mapping.py
[2023-11-28T19:17:21.770-0300] {processor.py:829} INFO - Processing file /home/marcos/anaconda3/envs/XPe-IGTI/lib/python3.8/site-packages/airflow/example_dags/example_dynamic_task_mapping.py for tasks to queue
[2023-11-28T19:17:21.779-0300] {logging_mixin.py:154} INFO - [2023-11-28T19:17:21.777-0300] {dagbag.py:536} INFO - Filling up the DagBag from /home/marcos/anaconda3/envs/XPe-IGTI/lib/python3.8/site-packages/airflow/example_dags/example_dynamic_task_mapping.py
[2023-11-28T19:17:21.806-0300] {processor.py:839} INFO - DAG(s) dict_keys(['example_dynamic_task_mapping']) retrieved from /home/marcos/anaconda3/envs/XPe-IGTI/lib/python3.8/site-packages/airflow/example_dags/example_dynamic_task_mapping.py
[2023-11-28T19:17:21.839-0300] {logging_mixin.py:154} INFO - [2023-11-28T19:17:21.838-0300] {dag.py:2941} INFO - Sync 1 DAGs
[2023-11-28T19:17:21.869-0300] {logging_mixin.py:154} INFO - [2023-11-28T19:17:21.869-0300] {dag.py:3722} INFO - Setting next_dagrun for example_dynamic_task_mapping to 2022-03-04T00:00:00+00:00, run_after=2022-03-05T00:00:00+00:00
[2023-11-28T19:17:21.901-0300] {processor.py:179} INFO - Processing /home/marcos/anaconda3/envs/XPe-IGTI/lib/python3.8/site-packages/airflow/example_dags/example_dynamic_task_mapping.py took 0.148 seconds
[2023-11-28T19:18:31.258-0300] {processor.py:157} INFO - Started process (PID=147855) to work on /home/marcos/anaconda3/envs/XPe-IGTI/lib/python3.8/site-packages/airflow/example_dags/example_dynamic_task_mapping.py
[2023-11-28T19:18:31.263-0300] {processor.py:829} INFO - Processing file /home/marcos/anaconda3/envs/XPe-IGTI/lib/python3.8/site-packages/airflow/example_dags/example_dynamic_task_mapping.py for tasks to queue
[2023-11-28T19:18:31.271-0300] {logging_mixin.py:154} INFO - [2023-11-28T19:18:31.270-0300] {dagbag.py:536} INFO - Filling up the DagBag from /home/marcos/anaconda3/envs/XPe-IGTI/lib/python3.8/site-packages/airflow/example_dags/example_dynamic_task_mapping.py
[2023-11-28T19:18:31.289-0300] {processor.py:839} INFO - DAG(s) dict_keys(['example_dynamic_task_mapping']) retrieved from /home/marcos/anaconda3/envs/XPe-IGTI/lib/python3.8/site-packages/airflow/example_dags/example_dynamic_task_mapping.py
[2023-11-28T19:18:31.310-0300] {logging_mixin.py:154} INFO - [2023-11-28T19:18:31.309-0300] {dag.py:2941} INFO - Sync 1 DAGs
[2023-11-28T19:18:31.341-0300] {logging_mixin.py:154} INFO - [2023-11-28T19:18:31.341-0300] {dag.py:3722} INFO - Setting next_dagrun for example_dynamic_task_mapping to 2022-03-04T00:00:00+00:00, run_after=2022-03-05T00:00:00+00:00
[2023-11-28T19:18:31.372-0300] {processor.py:179} INFO - Processing /home/marcos/anaconda3/envs/XPe-IGTI/lib/python3.8/site-packages/airflow/example_dags/example_dynamic_task_mapping.py took 0.118 seconds
[2023-11-28T19:21:16.575-0300] {processor.py:157} INFO - Started process (PID=148643) to work on /home/marcos/anaconda3/envs/XPe-IGTI/lib/python3.8/site-packages/airflow/example_dags/example_dynamic_task_mapping.py
[2023-11-28T19:21:16.577-0300] {processor.py:829} INFO - Processing file /home/marcos/anaconda3/envs/XPe-IGTI/lib/python3.8/site-packages/airflow/example_dags/example_dynamic_task_mapping.py for tasks to queue
[2023-11-28T19:21:16.580-0300] {logging_mixin.py:154} INFO - [2023-11-28T19:21:16.580-0300] {dagbag.py:536} INFO - Filling up the DagBag from /home/marcos/anaconda3/envs/XPe-IGTI/lib/python3.8/site-packages/airflow/example_dags/example_dynamic_task_mapping.py
[2023-11-28T19:21:16.593-0300] {processor.py:839} INFO - DAG(s) dict_keys(['example_dynamic_task_mapping']) retrieved from /home/marcos/anaconda3/envs/XPe-IGTI/lib/python3.8/site-packages/airflow/example_dags/example_dynamic_task_mapping.py
[2023-11-28T19:21:16.620-0300] {logging_mixin.py:154} INFO - [2023-11-28T19:21:16.619-0300] {dag.py:2941} INFO - Sync 1 DAGs
[2023-11-28T19:21:16.654-0300] {logging_mixin.py:154} INFO - [2023-11-28T19:21:16.654-0300] {dag.py:3722} INFO - Setting next_dagrun for example_dynamic_task_mapping to 2022-03-04T00:00:00+00:00, run_after=2022-03-05T00:00:00+00:00
[2023-11-28T19:21:16.687-0300] {processor.py:179} INFO - Processing /home/marcos/anaconda3/envs/XPe-IGTI/lib/python3.8/site-packages/airflow/example_dags/example_dynamic_task_mapping.py took 0.118 seconds
[2023-11-28T19:22:26.280-0300] {processor.py:157} INFO - Started process (PID=148839) to work on /home/marcos/anaconda3/envs/XPe-IGTI/lib/python3.8/site-packages/airflow/example_dags/example_dynamic_task_mapping.py
[2023-11-28T19:22:26.285-0300] {processor.py:829} INFO - Processing file /home/marcos/anaconda3/envs/XPe-IGTI/lib/python3.8/site-packages/airflow/example_dags/example_dynamic_task_mapping.py for tasks to queue
[2023-11-28T19:22:26.290-0300] {logging_mixin.py:154} INFO - [2023-11-28T19:22:26.290-0300] {dagbag.py:536} INFO - Filling up the DagBag from /home/marcos/anaconda3/envs/XPe-IGTI/lib/python3.8/site-packages/airflow/example_dags/example_dynamic_task_mapping.py
[2023-11-28T19:22:26.300-0300] {processor.py:839} INFO - DAG(s) dict_keys(['example_dynamic_task_mapping']) retrieved from /home/marcos/anaconda3/envs/XPe-IGTI/lib/python3.8/site-packages/airflow/example_dags/example_dynamic_task_mapping.py
[2023-11-28T19:22:26.326-0300] {logging_mixin.py:154} INFO - [2023-11-28T19:22:26.324-0300] {dag.py:2941} INFO - Sync 1 DAGs
[2023-11-28T19:22:26.362-0300] {logging_mixin.py:154} INFO - [2023-11-28T19:22:26.362-0300] {dag.py:3722} INFO - Setting next_dagrun for example_dynamic_task_mapping to 2022-03-04T00:00:00+00:00, run_after=2022-03-05T00:00:00+00:00
[2023-11-28T19:22:26.400-0300] {processor.py:179} INFO - Processing /home/marcos/anaconda3/envs/XPe-IGTI/lib/python3.8/site-packages/airflow/example_dags/example_dynamic_task_mapping.py took 0.126 seconds
[2023-11-28T19:23:18.639-0300] {processor.py:157} INFO - Started process (PID=148922) to work on /home/marcos/anaconda3/envs/XPe-IGTI/lib/python3.8/site-packages/airflow/example_dags/example_dynamic_task_mapping.py
[2023-11-28T19:23:18.644-0300] {processor.py:829} INFO - Processing file /home/marcos/anaconda3/envs/XPe-IGTI/lib/python3.8/site-packages/airflow/example_dags/example_dynamic_task_mapping.py for tasks to queue
[2023-11-28T19:23:18.649-0300] {logging_mixin.py:154} INFO - [2023-11-28T19:23:18.649-0300] {dagbag.py:536} INFO - Filling up the DagBag from /home/marcos/anaconda3/envs/XPe-IGTI/lib/python3.8/site-packages/airflow/example_dags/example_dynamic_task_mapping.py
[2023-11-28T19:23:18.662-0300] {processor.py:839} INFO - DAG(s) dict_keys(['example_dynamic_task_mapping']) retrieved from /home/marcos/anaconda3/envs/XPe-IGTI/lib/python3.8/site-packages/airflow/example_dags/example_dynamic_task_mapping.py
[2023-11-28T19:23:18.688-0300] {logging_mixin.py:154} INFO - [2023-11-28T19:23:18.687-0300] {dag.py:2941} INFO - Sync 1 DAGs
[2023-11-28T19:23:18.727-0300] {logging_mixin.py:154} INFO - [2023-11-28T19:23:18.727-0300] {dag.py:3722} INFO - Setting next_dagrun for example_dynamic_task_mapping to 2022-03-04T00:00:00+00:00, run_after=2022-03-05T00:00:00+00:00
[2023-11-28T19:23:18.762-0300] {processor.py:179} INFO - Processing /home/marcos/anaconda3/envs/XPe-IGTI/lib/python3.8/site-packages/airflow/example_dags/example_dynamic_task_mapping.py took 0.129 seconds
[2023-11-28T19:24:27.246-0300] {processor.py:157} INFO - Started process (PID=148994) to work on /home/marcos/anaconda3/envs/XPe-IGTI/lib/python3.8/site-packages/airflow/example_dags/example_dynamic_task_mapping.py
[2023-11-28T19:24:27.250-0300] {processor.py:829} INFO - Processing file /home/marcos/anaconda3/envs/XPe-IGTI/lib/python3.8/site-packages/airflow/example_dags/example_dynamic_task_mapping.py for tasks to queue
[2023-11-28T19:24:27.254-0300] {logging_mixin.py:154} INFO - [2023-11-28T19:24:27.254-0300] {dagbag.py:536} INFO - Filling up the DagBag from /home/marcos/anaconda3/envs/XPe-IGTI/lib/python3.8/site-packages/airflow/example_dags/example_dynamic_task_mapping.py
[2023-11-28T19:24:27.266-0300] {processor.py:839} INFO - DAG(s) dict_keys(['example_dynamic_task_mapping']) retrieved from /home/marcos/anaconda3/envs/XPe-IGTI/lib/python3.8/site-packages/airflow/example_dags/example_dynamic_task_mapping.py
[2023-11-28T19:24:27.289-0300] {logging_mixin.py:154} INFO - [2023-11-28T19:24:27.289-0300] {dag.py:2941} INFO - Sync 1 DAGs
[2023-11-28T19:24:27.319-0300] {logging_mixin.py:154} INFO - [2023-11-28T19:24:27.319-0300] {dag.py:3722} INFO - Setting next_dagrun for example_dynamic_task_mapping to 2022-03-04T00:00:00+00:00, run_after=2022-03-05T00:00:00+00:00
[2023-11-28T19:24:27.349-0300] {processor.py:179} INFO - Processing /home/marcos/anaconda3/envs/XPe-IGTI/lib/python3.8/site-packages/airflow/example_dags/example_dynamic_task_mapping.py took 0.109 seconds
[2023-11-28T19:25:39.741-0300] {processor.py:157} INFO - Started process (PID=149066) to work on /home/marcos/anaconda3/envs/XPe-IGTI/lib/python3.8/site-packages/airflow/example_dags/example_dynamic_task_mapping.py
[2023-11-28T19:25:39.746-0300] {processor.py:829} INFO - Processing file /home/marcos/anaconda3/envs/XPe-IGTI/lib/python3.8/site-packages/airflow/example_dags/example_dynamic_task_mapping.py for tasks to queue
[2023-11-28T19:25:39.750-0300] {logging_mixin.py:154} INFO - [2023-11-28T19:25:39.749-0300] {dagbag.py:536} INFO - Filling up the DagBag from /home/marcos/anaconda3/envs/XPe-IGTI/lib/python3.8/site-packages/airflow/example_dags/example_dynamic_task_mapping.py
[2023-11-28T19:25:39.761-0300] {processor.py:839} INFO - DAG(s) dict_keys(['example_dynamic_task_mapping']) retrieved from /home/marcos/anaconda3/envs/XPe-IGTI/lib/python3.8/site-packages/airflow/example_dags/example_dynamic_task_mapping.py
[2023-11-28T19:25:39.786-0300] {logging_mixin.py:154} INFO - [2023-11-28T19:25:39.786-0300] {dag.py:2941} INFO - Sync 1 DAGs
[2023-11-28T19:25:39.818-0300] {logging_mixin.py:154} INFO - [2023-11-28T19:25:39.818-0300] {dag.py:3722} INFO - Setting next_dagrun for example_dynamic_task_mapping to 2022-03-04T00:00:00+00:00, run_after=2022-03-05T00:00:00+00:00
[2023-11-28T19:25:39.845-0300] {processor.py:179} INFO - Processing /home/marcos/anaconda3/envs/XPe-IGTI/lib/python3.8/site-packages/airflow/example_dags/example_dynamic_task_mapping.py took 0.109 seconds
[2023-11-28T19:26:32.398-0300] {processor.py:157} INFO - Started process (PID=149122) to work on /home/marcos/anaconda3/envs/XPe-IGTI/lib/python3.8/site-packages/airflow/example_dags/example_dynamic_task_mapping.py
[2023-11-28T19:26:32.402-0300] {processor.py:829} INFO - Processing file /home/marcos/anaconda3/envs/XPe-IGTI/lib/python3.8/site-packages/airflow/example_dags/example_dynamic_task_mapping.py for tasks to queue
[2023-11-28T19:26:32.407-0300] {logging_mixin.py:154} INFO - [2023-11-28T19:26:32.406-0300] {dagbag.py:536} INFO - Filling up the DagBag from /home/marcos/anaconda3/envs/XPe-IGTI/lib/python3.8/site-packages/airflow/example_dags/example_dynamic_task_mapping.py
[2023-11-28T19:26:32.417-0300] {processor.py:839} INFO - DAG(s) dict_keys(['example_dynamic_task_mapping']) retrieved from /home/marcos/anaconda3/envs/XPe-IGTI/lib/python3.8/site-packages/airflow/example_dags/example_dynamic_task_mapping.py
[2023-11-28T19:26:32.441-0300] {logging_mixin.py:154} INFO - [2023-11-28T19:26:32.440-0300] {dag.py:2941} INFO - Sync 1 DAGs
[2023-11-28T19:26:32.471-0300] {logging_mixin.py:154} INFO - [2023-11-28T19:26:32.471-0300] {dag.py:3722} INFO - Setting next_dagrun for example_dynamic_task_mapping to 2022-03-04T00:00:00+00:00, run_after=2022-03-05T00:00:00+00:00
[2023-11-28T19:26:32.504-0300] {processor.py:179} INFO - Processing /home/marcos/anaconda3/envs/XPe-IGTI/lib/python3.8/site-packages/airflow/example_dags/example_dynamic_task_mapping.py took 0.111 seconds
[2023-11-28T19:27:38.399-0300] {processor.py:157} INFO - Started process (PID=149222) to work on /home/marcos/anaconda3/envs/XPe-IGTI/lib/python3.8/site-packages/airflow/example_dags/example_dynamic_task_mapping.py
[2023-11-28T19:27:38.400-0300] {processor.py:829} INFO - Processing file /home/marcos/anaconda3/envs/XPe-IGTI/lib/python3.8/site-packages/airflow/example_dags/example_dynamic_task_mapping.py for tasks to queue
[2023-11-28T19:27:38.403-0300] {logging_mixin.py:154} INFO - [2023-11-28T19:27:38.403-0300] {dagbag.py:536} INFO - Filling up the DagBag from /home/marcos/anaconda3/envs/XPe-IGTI/lib/python3.8/site-packages/airflow/example_dags/example_dynamic_task_mapping.py
[2023-11-28T19:27:38.412-0300] {processor.py:839} INFO - DAG(s) dict_keys(['example_dynamic_task_mapping']) retrieved from /home/marcos/anaconda3/envs/XPe-IGTI/lib/python3.8/site-packages/airflow/example_dags/example_dynamic_task_mapping.py
[2023-11-28T19:27:38.428-0300] {logging_mixin.py:154} INFO - [2023-11-28T19:27:38.428-0300] {dag.py:2941} INFO - Sync 1 DAGs
[2023-11-28T19:27:38.449-0300] {logging_mixin.py:154} INFO - [2023-11-28T19:27:38.448-0300] {dag.py:3722} INFO - Setting next_dagrun for example_dynamic_task_mapping to 2022-03-04T00:00:00+00:00, run_after=2022-03-05T00:00:00+00:00
[2023-11-28T19:27:38.468-0300] {processor.py:179} INFO - Processing /home/marcos/anaconda3/envs/XPe-IGTI/lib/python3.8/site-packages/airflow/example_dags/example_dynamic_task_mapping.py took 0.072 seconds
[2023-11-28T19:28:34.761-0300] {processor.py:157} INFO - Started process (PID=149323) to work on /home/marcos/anaconda3/envs/XPe-IGTI/lib/python3.8/site-packages/airflow/example_dags/example_dynamic_task_mapping.py
[2023-11-28T19:28:34.766-0300] {processor.py:829} INFO - Processing file /home/marcos/anaconda3/envs/XPe-IGTI/lib/python3.8/site-packages/airflow/example_dags/example_dynamic_task_mapping.py for tasks to queue
[2023-11-28T19:28:34.769-0300] {logging_mixin.py:154} INFO - [2023-11-28T19:28:34.769-0300] {dagbag.py:536} INFO - Filling up the DagBag from /home/marcos/anaconda3/envs/XPe-IGTI/lib/python3.8/site-packages/airflow/example_dags/example_dynamic_task_mapping.py
[2023-11-28T19:28:34.779-0300] {processor.py:839} INFO - DAG(s) dict_keys(['example_dynamic_task_mapping']) retrieved from /home/marcos/anaconda3/envs/XPe-IGTI/lib/python3.8/site-packages/airflow/example_dags/example_dynamic_task_mapping.py
[2023-11-28T19:28:34.798-0300] {logging_mixin.py:154} INFO - [2023-11-28T19:28:34.797-0300] {dag.py:2941} INFO - Sync 1 DAGs
[2023-11-28T19:28:34.818-0300] {logging_mixin.py:154} INFO - [2023-11-28T19:28:34.817-0300] {dag.py:3722} INFO - Setting next_dagrun for example_dynamic_task_mapping to 2022-03-04T00:00:00+00:00, run_after=2022-03-05T00:00:00+00:00
[2023-11-28T19:28:34.839-0300] {processor.py:179} INFO - Processing /home/marcos/anaconda3/envs/XPe-IGTI/lib/python3.8/site-packages/airflow/example_dags/example_dynamic_task_mapping.py took 0.082 seconds
