[2023-11-27T21:00:23.664-0300] {processor.py:157} INFO - Started process (PID=51729) to work on /home/marcos/anaconda3/envs/XPe-IGTI/lib/python3.8/site-packages/airflow/example_dags/example_branch_operator.py
[2023-11-27T21:00:23.666-0300] {processor.py:829} INFO - Processing file /home/marcos/anaconda3/envs/XPe-IGTI/lib/python3.8/site-packages/airflow/example_dags/example_branch_operator.py for tasks to queue
[2023-11-27T21:00:23.667-0300] {logging_mixin.py:154} INFO - [2023-11-27T21:00:23.666-0300] {dagbag.py:536} INFO - Filling up the DagBag from /home/marcos/anaconda3/envs/XPe-IGTI/lib/python3.8/site-packages/airflow/example_dags/example_branch_operator.py
[2023-11-27T21:00:23.689-0300] {processor.py:839} INFO - DAG(s) dict_keys(['example_branch_operator']) retrieved from /home/marcos/anaconda3/envs/XPe-IGTI/lib/python3.8/site-packages/airflow/example_dags/example_branch_operator.py
[2023-11-27T21:00:23.722-0300] {logging_mixin.py:154} INFO - [2023-11-27T21:00:23.722-0300] {dag.py:2941} INFO - Sync 1 DAGs
[2023-11-27T21:00:23.763-0300] {logging_mixin.py:154} INFO - [2023-11-27T21:00:23.763-0300] {dag.py:3722} INFO - Setting next_dagrun for example_branch_operator to 2023-11-27T00:00:00+00:00, run_after=2023-11-28T00:00:00+00:00
[2023-11-27T21:00:23.809-0300] {processor.py:179} INFO - Processing /home/marcos/anaconda3/envs/XPe-IGTI/lib/python3.8/site-packages/airflow/example_dags/example_branch_operator.py took 0.149 seconds
[2023-11-27T21:01:24.185-0300] {processor.py:157} INFO - Started process (PID=51806) to work on /home/marcos/anaconda3/envs/XPe-IGTI/lib/python3.8/site-packages/airflow/example_dags/example_branch_operator.py
[2023-11-27T21:01:24.189-0300] {processor.py:829} INFO - Processing file /home/marcos/anaconda3/envs/XPe-IGTI/lib/python3.8/site-packages/airflow/example_dags/example_branch_operator.py for tasks to queue
[2023-11-27T21:01:24.190-0300] {logging_mixin.py:154} INFO - [2023-11-27T21:01:24.190-0300] {dagbag.py:536} INFO - Filling up the DagBag from /home/marcos/anaconda3/envs/XPe-IGTI/lib/python3.8/site-packages/airflow/example_dags/example_branch_operator.py
[2023-11-27T21:01:24.209-0300] {processor.py:839} INFO - DAG(s) dict_keys(['example_branch_operator']) retrieved from /home/marcos/anaconda3/envs/XPe-IGTI/lib/python3.8/site-packages/airflow/example_dags/example_branch_operator.py
[2023-11-27T21:01:24.246-0300] {logging_mixin.py:154} INFO - [2023-11-27T21:01:24.246-0300] {dag.py:2941} INFO - Sync 1 DAGs
[2023-11-27T21:01:24.286-0300] {logging_mixin.py:154} INFO - [2023-11-27T21:01:24.286-0300] {dag.py:3722} INFO - Setting next_dagrun for example_branch_operator to 2023-11-27T00:00:00+00:00, run_after=2023-11-28T00:00:00+00:00
[2023-11-27T21:01:24.328-0300] {processor.py:179} INFO - Processing /home/marcos/anaconda3/envs/XPe-IGTI/lib/python3.8/site-packages/airflow/example_dags/example_branch_operator.py took 0.148 seconds
[2023-11-27T21:02:25.518-0300] {processor.py:157} INFO - Started process (PID=51907) to work on /home/marcos/anaconda3/envs/XPe-IGTI/lib/python3.8/site-packages/airflow/example_dags/example_branch_operator.py
[2023-11-27T21:02:25.523-0300] {processor.py:829} INFO - Processing file /home/marcos/anaconda3/envs/XPe-IGTI/lib/python3.8/site-packages/airflow/example_dags/example_branch_operator.py for tasks to queue
[2023-11-27T21:02:25.524-0300] {logging_mixin.py:154} INFO - [2023-11-27T21:02:25.523-0300] {dagbag.py:536} INFO - Filling up the DagBag from /home/marcos/anaconda3/envs/XPe-IGTI/lib/python3.8/site-packages/airflow/example_dags/example_branch_operator.py
[2023-11-27T21:02:25.541-0300] {processor.py:839} INFO - DAG(s) dict_keys(['example_branch_operator']) retrieved from /home/marcos/anaconda3/envs/XPe-IGTI/lib/python3.8/site-packages/airflow/example_dags/example_branch_operator.py
[2023-11-27T21:02:25.573-0300] {logging_mixin.py:154} INFO - [2023-11-27T21:02:25.573-0300] {dag.py:2941} INFO - Sync 1 DAGs
[2023-11-27T21:02:25.609-0300] {logging_mixin.py:154} INFO - [2023-11-27T21:02:25.609-0300] {dag.py:3722} INFO - Setting next_dagrun for example_branch_operator to 2023-11-27T00:00:00+00:00, run_after=2023-11-28T00:00:00+00:00
[2023-11-27T21:02:25.644-0300] {processor.py:179} INFO - Processing /home/marcos/anaconda3/envs/XPe-IGTI/lib/python3.8/site-packages/airflow/example_dags/example_branch_operator.py took 0.132 seconds
[2023-11-27T21:03:24.708-0300] {processor.py:157} INFO - Started process (PID=51983) to work on /home/marcos/anaconda3/envs/XPe-IGTI/lib/python3.8/site-packages/airflow/example_dags/example_branch_operator.py
[2023-11-27T21:03:24.713-0300] {processor.py:829} INFO - Processing file /home/marcos/anaconda3/envs/XPe-IGTI/lib/python3.8/site-packages/airflow/example_dags/example_branch_operator.py for tasks to queue
[2023-11-27T21:03:24.716-0300] {logging_mixin.py:154} INFO - [2023-11-27T21:03:24.715-0300] {dagbag.py:536} INFO - Filling up the DagBag from /home/marcos/anaconda3/envs/XPe-IGTI/lib/python3.8/site-packages/airflow/example_dags/example_branch_operator.py
[2023-11-27T21:03:24.760-0300] {processor.py:839} INFO - DAG(s) dict_keys(['example_branch_operator']) retrieved from /home/marcos/anaconda3/envs/XPe-IGTI/lib/python3.8/site-packages/airflow/example_dags/example_branch_operator.py
[2023-11-27T21:03:24.798-0300] {logging_mixin.py:154} INFO - [2023-11-27T21:03:24.798-0300] {dag.py:2941} INFO - Sync 1 DAGs
[2023-11-27T21:03:24.837-0300] {logging_mixin.py:154} INFO - [2023-11-27T21:03:24.837-0300] {dag.py:3722} INFO - Setting next_dagrun for example_branch_operator to 2023-11-27T00:00:00+00:00, run_after=2023-11-28T00:00:00+00:00
[2023-11-27T21:03:24.878-0300] {processor.py:179} INFO - Processing /home/marcos/anaconda3/envs/XPe-IGTI/lib/python3.8/site-packages/airflow/example_dags/example_branch_operator.py took 0.182 seconds
[2023-11-27T21:04:33.174-0300] {processor.py:157} INFO - Started process (PID=52067) to work on /home/marcos/anaconda3/envs/XPe-IGTI/lib/python3.8/site-packages/airflow/example_dags/example_branch_operator.py
[2023-11-27T21:04:33.181-0300] {processor.py:829} INFO - Processing file /home/marcos/anaconda3/envs/XPe-IGTI/lib/python3.8/site-packages/airflow/example_dags/example_branch_operator.py for tasks to queue
[2023-11-27T21:04:33.186-0300] {logging_mixin.py:154} INFO - [2023-11-27T21:04:33.184-0300] {dagbag.py:536} INFO - Filling up the DagBag from /home/marcos/anaconda3/envs/XPe-IGTI/lib/python3.8/site-packages/airflow/example_dags/example_branch_operator.py
[2023-11-27T21:04:33.227-0300] {processor.py:839} INFO - DAG(s) dict_keys(['example_branch_operator']) retrieved from /home/marcos/anaconda3/envs/XPe-IGTI/lib/python3.8/site-packages/airflow/example_dags/example_branch_operator.py
[2023-11-27T21:04:33.276-0300] {logging_mixin.py:154} INFO - [2023-11-27T21:04:33.275-0300] {dag.py:2941} INFO - Sync 1 DAGs
[2023-11-27T21:04:33.324-0300] {logging_mixin.py:154} INFO - [2023-11-27T21:04:33.324-0300] {dag.py:3722} INFO - Setting next_dagrun for example_branch_operator to 2023-11-27T00:00:00+00:00, run_after=2023-11-28T00:00:00+00:00
[2023-11-27T21:04:33.357-0300] {processor.py:179} INFO - Processing /home/marcos/anaconda3/envs/XPe-IGTI/lib/python3.8/site-packages/airflow/example_dags/example_branch_operator.py took 0.195 seconds
[2023-11-27T21:05:36.733-0300] {processor.py:157} INFO - Started process (PID=52163) to work on /home/marcos/anaconda3/envs/XPe-IGTI/lib/python3.8/site-packages/airflow/example_dags/example_branch_operator.py
[2023-11-27T21:05:36.737-0300] {processor.py:829} INFO - Processing file /home/marcos/anaconda3/envs/XPe-IGTI/lib/python3.8/site-packages/airflow/example_dags/example_branch_operator.py for tasks to queue
[2023-11-27T21:05:36.740-0300] {logging_mixin.py:154} INFO - [2023-11-27T21:05:36.739-0300] {dagbag.py:536} INFO - Filling up the DagBag from /home/marcos/anaconda3/envs/XPe-IGTI/lib/python3.8/site-packages/airflow/example_dags/example_branch_operator.py
[2023-11-27T21:05:36.765-0300] {processor.py:839} INFO - DAG(s) dict_keys(['example_branch_operator']) retrieved from /home/marcos/anaconda3/envs/XPe-IGTI/lib/python3.8/site-packages/airflow/example_dags/example_branch_operator.py
[2023-11-27T21:05:36.795-0300] {logging_mixin.py:154} INFO - [2023-11-27T21:05:36.794-0300] {dag.py:2941} INFO - Sync 1 DAGs
[2023-11-27T21:05:36.829-0300] {logging_mixin.py:154} INFO - [2023-11-27T21:05:36.828-0300] {dag.py:3722} INFO - Setting next_dagrun for example_branch_operator to 2023-11-27T00:00:00+00:00, run_after=2023-11-28T00:00:00+00:00
[2023-11-27T21:05:36.864-0300] {processor.py:179} INFO - Processing /home/marcos/anaconda3/envs/XPe-IGTI/lib/python3.8/site-packages/airflow/example_dags/example_branch_operator.py took 0.135 seconds
[2023-11-27T21:06:37.527-0300] {processor.py:157} INFO - Started process (PID=52250) to work on /home/marcos/anaconda3/envs/XPe-IGTI/lib/python3.8/site-packages/airflow/example_dags/example_branch_operator.py
[2023-11-27T21:06:37.531-0300] {processor.py:829} INFO - Processing file /home/marcos/anaconda3/envs/XPe-IGTI/lib/python3.8/site-packages/airflow/example_dags/example_branch_operator.py for tasks to queue
[2023-11-27T21:06:37.533-0300] {logging_mixin.py:154} INFO - [2023-11-27T21:06:37.532-0300] {dagbag.py:536} INFO - Filling up the DagBag from /home/marcos/anaconda3/envs/XPe-IGTI/lib/python3.8/site-packages/airflow/example_dags/example_branch_operator.py
[2023-11-27T21:06:37.552-0300] {processor.py:839} INFO - DAG(s) dict_keys(['example_branch_operator']) retrieved from /home/marcos/anaconda3/envs/XPe-IGTI/lib/python3.8/site-packages/airflow/example_dags/example_branch_operator.py
[2023-11-27T21:06:37.591-0300] {logging_mixin.py:154} INFO - [2023-11-27T21:06:37.591-0300] {dag.py:2941} INFO - Sync 1 DAGs
[2023-11-27T21:06:37.637-0300] {logging_mixin.py:154} INFO - [2023-11-27T21:06:37.637-0300] {dag.py:3722} INFO - Setting next_dagrun for example_branch_operator to 2023-11-27T00:00:00+00:00, run_after=2023-11-28T00:00:00+00:00
[2023-11-27T21:06:37.672-0300] {processor.py:179} INFO - Processing /home/marcos/anaconda3/envs/XPe-IGTI/lib/python3.8/site-packages/airflow/example_dags/example_branch_operator.py took 0.150 seconds
[2023-11-27T21:07:37.726-0300] {processor.py:157} INFO - Started process (PID=52351) to work on /home/marcos/anaconda3/envs/XPe-IGTI/lib/python3.8/site-packages/airflow/example_dags/example_branch_operator.py
[2023-11-27T21:07:37.730-0300] {processor.py:829} INFO - Processing file /home/marcos/anaconda3/envs/XPe-IGTI/lib/python3.8/site-packages/airflow/example_dags/example_branch_operator.py for tasks to queue
[2023-11-27T21:07:37.732-0300] {logging_mixin.py:154} INFO - [2023-11-27T21:07:37.731-0300] {dagbag.py:536} INFO - Filling up the DagBag from /home/marcos/anaconda3/envs/XPe-IGTI/lib/python3.8/site-packages/airflow/example_dags/example_branch_operator.py
[2023-11-27T21:07:37.745-0300] {processor.py:839} INFO - DAG(s) dict_keys(['example_branch_operator']) retrieved from /home/marcos/anaconda3/envs/XPe-IGTI/lib/python3.8/site-packages/airflow/example_dags/example_branch_operator.py
[2023-11-27T21:07:37.771-0300] {logging_mixin.py:154} INFO - [2023-11-27T21:07:37.771-0300] {dag.py:2941} INFO - Sync 1 DAGs
[2023-11-27T21:07:37.802-0300] {logging_mixin.py:154} INFO - [2023-11-27T21:07:37.802-0300] {dag.py:3722} INFO - Setting next_dagrun for example_branch_operator to 2023-11-27T00:00:00+00:00, run_after=2023-11-28T00:00:00+00:00
[2023-11-27T21:07:37.831-0300] {processor.py:179} INFO - Processing /home/marcos/anaconda3/envs/XPe-IGTI/lib/python3.8/site-packages/airflow/example_dags/example_branch_operator.py took 0.109 seconds
[2023-11-27T21:08:39.388-0300] {processor.py:157} INFO - Started process (PID=52422) to work on /home/marcos/anaconda3/envs/XPe-IGTI/lib/python3.8/site-packages/airflow/example_dags/example_branch_operator.py
[2023-11-27T21:08:39.393-0300] {processor.py:829} INFO - Processing file /home/marcos/anaconda3/envs/XPe-IGTI/lib/python3.8/site-packages/airflow/example_dags/example_branch_operator.py for tasks to queue
[2023-11-27T21:08:39.394-0300] {logging_mixin.py:154} INFO - [2023-11-27T21:08:39.393-0300] {dagbag.py:536} INFO - Filling up the DagBag from /home/marcos/anaconda3/envs/XPe-IGTI/lib/python3.8/site-packages/airflow/example_dags/example_branch_operator.py
[2023-11-27T21:08:39.414-0300] {processor.py:839} INFO - DAG(s) dict_keys(['example_branch_operator']) retrieved from /home/marcos/anaconda3/envs/XPe-IGTI/lib/python3.8/site-packages/airflow/example_dags/example_branch_operator.py
[2023-11-27T21:08:39.440-0300] {logging_mixin.py:154} INFO - [2023-11-27T21:08:39.439-0300] {dag.py:2941} INFO - Sync 1 DAGs
[2023-11-27T21:08:39.470-0300] {logging_mixin.py:154} INFO - [2023-11-27T21:08:39.469-0300] {dag.py:3722} INFO - Setting next_dagrun for example_branch_operator to 2023-11-27T00:00:00+00:00, run_after=2023-11-28T00:00:00+00:00
[2023-11-27T21:08:39.498-0300] {processor.py:179} INFO - Processing /home/marcos/anaconda3/envs/XPe-IGTI/lib/python3.8/site-packages/airflow/example_dags/example_branch_operator.py took 0.116 seconds
[2023-11-27T21:09:46.354-0300] {processor.py:157} INFO - Started process (PID=52501) to work on /home/marcos/anaconda3/envs/XPe-IGTI/lib/python3.8/site-packages/airflow/example_dags/example_branch_operator.py
[2023-11-27T21:09:46.358-0300] {processor.py:829} INFO - Processing file /home/marcos/anaconda3/envs/XPe-IGTI/lib/python3.8/site-packages/airflow/example_dags/example_branch_operator.py for tasks to queue
[2023-11-27T21:09:46.359-0300] {logging_mixin.py:154} INFO - [2023-11-27T21:09:46.359-0300] {dagbag.py:536} INFO - Filling up the DagBag from /home/marcos/anaconda3/envs/XPe-IGTI/lib/python3.8/site-packages/airflow/example_dags/example_branch_operator.py
[2023-11-27T21:09:46.375-0300] {processor.py:839} INFO - DAG(s) dict_keys(['example_branch_operator']) retrieved from /home/marcos/anaconda3/envs/XPe-IGTI/lib/python3.8/site-packages/airflow/example_dags/example_branch_operator.py
[2023-11-27T21:09:46.400-0300] {logging_mixin.py:154} INFO - [2023-11-27T21:09:46.400-0300] {dag.py:2941} INFO - Sync 1 DAGs
[2023-11-27T21:09:46.431-0300] {logging_mixin.py:154} INFO - [2023-11-27T21:09:46.431-0300] {dag.py:3722} INFO - Setting next_dagrun for example_branch_operator to 2023-11-27T00:00:00+00:00, run_after=2023-11-28T00:00:00+00:00
[2023-11-27T21:09:46.458-0300] {processor.py:179} INFO - Processing /home/marcos/anaconda3/envs/XPe-IGTI/lib/python3.8/site-packages/airflow/example_dags/example_branch_operator.py took 0.108 seconds
[2023-11-27T21:10:49.968-0300] {processor.py:157} INFO - Started process (PID=52574) to work on /home/marcos/anaconda3/envs/XPe-IGTI/lib/python3.8/site-packages/airflow/example_dags/example_branch_operator.py
[2023-11-27T21:10:49.973-0300] {processor.py:829} INFO - Processing file /home/marcos/anaconda3/envs/XPe-IGTI/lib/python3.8/site-packages/airflow/example_dags/example_branch_operator.py for tasks to queue
[2023-11-27T21:10:49.975-0300] {logging_mixin.py:154} INFO - [2023-11-27T21:10:49.974-0300] {dagbag.py:536} INFO - Filling up the DagBag from /home/marcos/anaconda3/envs/XPe-IGTI/lib/python3.8/site-packages/airflow/example_dags/example_branch_operator.py
[2023-11-27T21:10:49.992-0300] {processor.py:839} INFO - DAG(s) dict_keys(['example_branch_operator']) retrieved from /home/marcos/anaconda3/envs/XPe-IGTI/lib/python3.8/site-packages/airflow/example_dags/example_branch_operator.py
[2023-11-27T21:10:50.017-0300] {logging_mixin.py:154} INFO - [2023-11-27T21:10:50.017-0300] {dag.py:2941} INFO - Sync 1 DAGs
[2023-11-27T21:10:50.048-0300] {logging_mixin.py:154} INFO - [2023-11-27T21:10:50.047-0300] {dag.py:3722} INFO - Setting next_dagrun for example_branch_operator to 2023-11-27T00:00:00+00:00, run_after=2023-11-28T00:00:00+00:00
[2023-11-27T21:10:50.075-0300] {processor.py:179} INFO - Processing /home/marcos/anaconda3/envs/XPe-IGTI/lib/python3.8/site-packages/airflow/example_dags/example_branch_operator.py took 0.113 seconds
[2023-11-27T21:11:59.118-0300] {processor.py:157} INFO - Started process (PID=52683) to work on /home/marcos/anaconda3/envs/XPe-IGTI/lib/python3.8/site-packages/airflow/example_dags/example_branch_operator.py
[2023-11-27T21:11:59.123-0300] {processor.py:829} INFO - Processing file /home/marcos/anaconda3/envs/XPe-IGTI/lib/python3.8/site-packages/airflow/example_dags/example_branch_operator.py for tasks to queue
[2023-11-27T21:11:59.126-0300] {logging_mixin.py:154} INFO - [2023-11-27T21:11:59.125-0300] {dagbag.py:536} INFO - Filling up the DagBag from /home/marcos/anaconda3/envs/XPe-IGTI/lib/python3.8/site-packages/airflow/example_dags/example_branch_operator.py
[2023-11-27T21:11:59.150-0300] {processor.py:839} INFO - DAG(s) dict_keys(['example_branch_operator']) retrieved from /home/marcos/anaconda3/envs/XPe-IGTI/lib/python3.8/site-packages/airflow/example_dags/example_branch_operator.py
[2023-11-27T21:11:59.176-0300] {logging_mixin.py:154} INFO - [2023-11-27T21:11:59.176-0300] {dag.py:2941} INFO - Sync 1 DAGs
[2023-11-27T21:11:59.207-0300] {logging_mixin.py:154} INFO - [2023-11-27T21:11:59.207-0300] {dag.py:3722} INFO - Setting next_dagrun for example_branch_operator to 2023-11-27T00:00:00+00:00, run_after=2023-11-28T00:00:00+00:00
[2023-11-27T21:11:59.235-0300] {processor.py:179} INFO - Processing /home/marcos/anaconda3/envs/XPe-IGTI/lib/python3.8/site-packages/airflow/example_dags/example_branch_operator.py took 0.123 seconds
[2023-11-27T21:13:02.757-0300] {processor.py:157} INFO - Started process (PID=52755) to work on /home/marcos/anaconda3/envs/XPe-IGTI/lib/python3.8/site-packages/airflow/example_dags/example_branch_operator.py
[2023-11-27T21:13:02.761-0300] {processor.py:829} INFO - Processing file /home/marcos/anaconda3/envs/XPe-IGTI/lib/python3.8/site-packages/airflow/example_dags/example_branch_operator.py for tasks to queue
[2023-11-27T21:13:02.762-0300] {logging_mixin.py:154} INFO - [2023-11-27T21:13:02.762-0300] {dagbag.py:536} INFO - Filling up the DagBag from /home/marcos/anaconda3/envs/XPe-IGTI/lib/python3.8/site-packages/airflow/example_dags/example_branch_operator.py
[2023-11-27T21:13:02.783-0300] {processor.py:839} INFO - DAG(s) dict_keys(['example_branch_operator']) retrieved from /home/marcos/anaconda3/envs/XPe-IGTI/lib/python3.8/site-packages/airflow/example_dags/example_branch_operator.py
[2023-11-27T21:13:02.819-0300] {logging_mixin.py:154} INFO - [2023-11-27T21:13:02.818-0300] {dag.py:2941} INFO - Sync 1 DAGs
[2023-11-27T21:13:02.849-0300] {logging_mixin.py:154} INFO - [2023-11-27T21:13:02.849-0300] {dag.py:3722} INFO - Setting next_dagrun for example_branch_operator to 2023-11-27T00:00:00+00:00, run_after=2023-11-28T00:00:00+00:00
[2023-11-27T21:13:02.878-0300] {processor.py:179} INFO - Processing /home/marcos/anaconda3/envs/XPe-IGTI/lib/python3.8/site-packages/airflow/example_dags/example_branch_operator.py took 0.126 seconds
[2023-11-27T21:14:00.408-0300] {processor.py:157} INFO - Started process (PID=52864) to work on /home/marcos/anaconda3/envs/XPe-IGTI/lib/python3.8/site-packages/airflow/example_dags/example_branch_operator.py
[2023-11-27T21:14:00.411-0300] {processor.py:829} INFO - Processing file /home/marcos/anaconda3/envs/XPe-IGTI/lib/python3.8/site-packages/airflow/example_dags/example_branch_operator.py for tasks to queue
[2023-11-27T21:14:00.412-0300] {logging_mixin.py:154} INFO - [2023-11-27T21:14:00.412-0300] {dagbag.py:536} INFO - Filling up the DagBag from /home/marcos/anaconda3/envs/XPe-IGTI/lib/python3.8/site-packages/airflow/example_dags/example_branch_operator.py
[2023-11-27T21:14:00.430-0300] {processor.py:839} INFO - DAG(s) dict_keys(['example_branch_operator']) retrieved from /home/marcos/anaconda3/envs/XPe-IGTI/lib/python3.8/site-packages/airflow/example_dags/example_branch_operator.py
[2023-11-27T21:14:00.465-0300] {logging_mixin.py:154} INFO - [2023-11-27T21:14:00.465-0300] {dag.py:2941} INFO - Sync 1 DAGs
[2023-11-27T21:14:00.513-0300] {logging_mixin.py:154} INFO - [2023-11-27T21:14:00.513-0300] {dag.py:3722} INFO - Setting next_dagrun for example_branch_operator to 2023-11-27T00:00:00+00:00, run_after=2023-11-28T00:00:00+00:00
[2023-11-27T21:14:00.559-0300] {processor.py:179} INFO - Processing /home/marcos/anaconda3/envs/XPe-IGTI/lib/python3.8/site-packages/airflow/example_dags/example_branch_operator.py took 0.157 seconds
[2023-11-27T21:15:08.677-0300] {processor.py:157} INFO - Started process (PID=52959) to work on /home/marcos/anaconda3/envs/XPe-IGTI/lib/python3.8/site-packages/airflow/example_dags/example_branch_operator.py
[2023-11-27T21:15:08.684-0300] {processor.py:829} INFO - Processing file /home/marcos/anaconda3/envs/XPe-IGTI/lib/python3.8/site-packages/airflow/example_dags/example_branch_operator.py for tasks to queue
[2023-11-27T21:15:08.687-0300] {logging_mixin.py:154} INFO - [2023-11-27T21:15:08.686-0300] {dagbag.py:536} INFO - Filling up the DagBag from /home/marcos/anaconda3/envs/XPe-IGTI/lib/python3.8/site-packages/airflow/example_dags/example_branch_operator.py
[2023-11-27T21:15:08.725-0300] {processor.py:839} INFO - DAG(s) dict_keys(['example_branch_operator']) retrieved from /home/marcos/anaconda3/envs/XPe-IGTI/lib/python3.8/site-packages/airflow/example_dags/example_branch_operator.py
[2023-11-27T21:15:08.783-0300] {logging_mixin.py:154} INFO - [2023-11-27T21:15:08.783-0300] {dag.py:2941} INFO - Sync 1 DAGs
[2023-11-27T21:15:08.818-0300] {logging_mixin.py:154} INFO - [2023-11-27T21:15:08.817-0300] {dag.py:3722} INFO - Setting next_dagrun for example_branch_operator to 2023-11-27T00:00:00+00:00, run_after=2023-11-28T00:00:00+00:00
[2023-11-27T21:15:08.852-0300] {processor.py:179} INFO - Processing /home/marcos/anaconda3/envs/XPe-IGTI/lib/python3.8/site-packages/airflow/example_dags/example_branch_operator.py took 0.186 seconds
[2023-11-27T21:16:18.755-0300] {processor.py:157} INFO - Started process (PID=53040) to work on /home/marcos/anaconda3/envs/XPe-IGTI/lib/python3.8/site-packages/airflow/example_dags/example_branch_operator.py
[2023-11-27T21:16:18.762-0300] {processor.py:829} INFO - Processing file /home/marcos/anaconda3/envs/XPe-IGTI/lib/python3.8/site-packages/airflow/example_dags/example_branch_operator.py for tasks to queue
[2023-11-27T21:16:18.765-0300] {logging_mixin.py:154} INFO - [2023-11-27T21:16:18.764-0300] {dagbag.py:536} INFO - Filling up the DagBag from /home/marcos/anaconda3/envs/XPe-IGTI/lib/python3.8/site-packages/airflow/example_dags/example_branch_operator.py
[2023-11-27T21:16:18.811-0300] {processor.py:839} INFO - DAG(s) dict_keys(['example_branch_operator']) retrieved from /home/marcos/anaconda3/envs/XPe-IGTI/lib/python3.8/site-packages/airflow/example_dags/example_branch_operator.py
[2023-11-27T21:16:18.852-0300] {logging_mixin.py:154} INFO - [2023-11-27T21:16:18.852-0300] {dag.py:2941} INFO - Sync 1 DAGs
[2023-11-27T21:16:18.895-0300] {logging_mixin.py:154} INFO - [2023-11-27T21:16:18.895-0300] {dag.py:3722} INFO - Setting next_dagrun for example_branch_operator to 2023-11-27T00:00:00+00:00, run_after=2023-11-28T00:00:00+00:00
[2023-11-27T21:16:18.934-0300] {processor.py:179} INFO - Processing /home/marcos/anaconda3/envs/XPe-IGTI/lib/python3.8/site-packages/airflow/example_dags/example_branch_operator.py took 0.194 seconds
[2023-11-27T21:17:30.117-0300] {processor.py:157} INFO - Started process (PID=53150) to work on /home/marcos/anaconda3/envs/XPe-IGTI/lib/python3.8/site-packages/airflow/example_dags/example_branch_operator.py
[2023-11-27T21:17:30.124-0300] {processor.py:829} INFO - Processing file /home/marcos/anaconda3/envs/XPe-IGTI/lib/python3.8/site-packages/airflow/example_dags/example_branch_operator.py for tasks to queue
[2023-11-27T21:17:30.130-0300] {logging_mixin.py:154} INFO - [2023-11-27T21:17:30.128-0300] {dagbag.py:536} INFO - Filling up the DagBag from /home/marcos/anaconda3/envs/XPe-IGTI/lib/python3.8/site-packages/airflow/example_dags/example_branch_operator.py
[2023-11-27T21:17:30.153-0300] {processor.py:839} INFO - DAG(s) dict_keys(['example_branch_operator']) retrieved from /home/marcos/anaconda3/envs/XPe-IGTI/lib/python3.8/site-packages/airflow/example_dags/example_branch_operator.py
[2023-11-27T21:17:30.192-0300] {logging_mixin.py:154} INFO - [2023-11-27T21:17:30.191-0300] {dag.py:2941} INFO - Sync 1 DAGs
[2023-11-27T21:17:30.235-0300] {logging_mixin.py:154} INFO - [2023-11-27T21:17:30.235-0300] {dag.py:3722} INFO - Setting next_dagrun for example_branch_operator to 2023-11-27T00:00:00+00:00, run_after=2023-11-28T00:00:00+00:00
[2023-11-27T21:17:30.274-0300] {processor.py:179} INFO - Processing /home/marcos/anaconda3/envs/XPe-IGTI/lib/python3.8/site-packages/airflow/example_dags/example_branch_operator.py took 0.171 seconds
[2023-11-27T21:18:38.811-0300] {processor.py:157} INFO - Started process (PID=53237) to work on /home/marcos/anaconda3/envs/XPe-IGTI/lib/python3.8/site-packages/airflow/example_dags/example_branch_operator.py
[2023-11-27T21:18:38.815-0300] {processor.py:829} INFO - Processing file /home/marcos/anaconda3/envs/XPe-IGTI/lib/python3.8/site-packages/airflow/example_dags/example_branch_operator.py for tasks to queue
[2023-11-27T21:18:38.817-0300] {logging_mixin.py:154} INFO - [2023-11-27T21:18:38.816-0300] {dagbag.py:536} INFO - Filling up the DagBag from /home/marcos/anaconda3/envs/XPe-IGTI/lib/python3.8/site-packages/airflow/example_dags/example_branch_operator.py
[2023-11-27T21:18:38.833-0300] {processor.py:839} INFO - DAG(s) dict_keys(['example_branch_operator']) retrieved from /home/marcos/anaconda3/envs/XPe-IGTI/lib/python3.8/site-packages/airflow/example_dags/example_branch_operator.py
[2023-11-27T21:18:38.862-0300] {logging_mixin.py:154} INFO - [2023-11-27T21:18:38.862-0300] {dag.py:2941} INFO - Sync 1 DAGs
[2023-11-27T21:18:38.897-0300] {logging_mixin.py:154} INFO - [2023-11-27T21:18:38.897-0300] {dag.py:3722} INFO - Setting next_dagrun for example_branch_operator to 2023-11-27T00:00:00+00:00, run_after=2023-11-28T00:00:00+00:00
[2023-11-27T21:18:38.929-0300] {processor.py:179} INFO - Processing /home/marcos/anaconda3/envs/XPe-IGTI/lib/python3.8/site-packages/airflow/example_dags/example_branch_operator.py took 0.124 seconds
[2023-11-27T21:19:44.242-0300] {processor.py:157} INFO - Started process (PID=53310) to work on /home/marcos/anaconda3/envs/XPe-IGTI/lib/python3.8/site-packages/airflow/example_dags/example_branch_operator.py
[2023-11-27T21:19:44.247-0300] {processor.py:829} INFO - Processing file /home/marcos/anaconda3/envs/XPe-IGTI/lib/python3.8/site-packages/airflow/example_dags/example_branch_operator.py for tasks to queue
[2023-11-27T21:19:44.249-0300] {logging_mixin.py:154} INFO - [2023-11-27T21:19:44.248-0300] {dagbag.py:536} INFO - Filling up the DagBag from /home/marcos/anaconda3/envs/XPe-IGTI/lib/python3.8/site-packages/airflow/example_dags/example_branch_operator.py
[2023-11-27T21:19:44.264-0300] {processor.py:839} INFO - DAG(s) dict_keys(['example_branch_operator']) retrieved from /home/marcos/anaconda3/envs/XPe-IGTI/lib/python3.8/site-packages/airflow/example_dags/example_branch_operator.py
[2023-11-27T21:19:44.295-0300] {logging_mixin.py:154} INFO - [2023-11-27T21:19:44.295-0300] {dag.py:2941} INFO - Sync 1 DAGs
[2023-11-27T21:19:44.330-0300] {logging_mixin.py:154} INFO - [2023-11-27T21:19:44.330-0300] {dag.py:3722} INFO - Setting next_dagrun for example_branch_operator to 2023-11-27T00:00:00+00:00, run_after=2023-11-28T00:00:00+00:00
[2023-11-27T21:19:44.361-0300] {processor.py:179} INFO - Processing /home/marcos/anaconda3/envs/XPe-IGTI/lib/python3.8/site-packages/airflow/example_dags/example_branch_operator.py took 0.124 seconds
[2023-11-27T21:20:53.375-0300] {processor.py:157} INFO - Started process (PID=53393) to work on /home/marcos/anaconda3/envs/XPe-IGTI/lib/python3.8/site-packages/airflow/example_dags/example_branch_operator.py
[2023-11-27T21:20:53.380-0300] {processor.py:829} INFO - Processing file /home/marcos/anaconda3/envs/XPe-IGTI/lib/python3.8/site-packages/airflow/example_dags/example_branch_operator.py for tasks to queue
[2023-11-27T21:20:53.382-0300] {logging_mixin.py:154} INFO - [2023-11-27T21:20:53.381-0300] {dagbag.py:536} INFO - Filling up the DagBag from /home/marcos/anaconda3/envs/XPe-IGTI/lib/python3.8/site-packages/airflow/example_dags/example_branch_operator.py
[2023-11-27T21:20:53.403-0300] {processor.py:839} INFO - DAG(s) dict_keys(['example_branch_operator']) retrieved from /home/marcos/anaconda3/envs/XPe-IGTI/lib/python3.8/site-packages/airflow/example_dags/example_branch_operator.py
[2023-11-27T21:20:53.444-0300] {logging_mixin.py:154} INFO - [2023-11-27T21:20:53.444-0300] {dag.py:2941} INFO - Sync 1 DAGs
[2023-11-27T21:20:53.494-0300] {logging_mixin.py:154} INFO - [2023-11-27T21:20:53.493-0300] {dag.py:3722} INFO - Setting next_dagrun for example_branch_operator to 2023-11-27T00:00:00+00:00, run_after=2023-11-28T00:00:00+00:00
[2023-11-27T21:20:53.531-0300] {processor.py:179} INFO - Processing /home/marcos/anaconda3/envs/XPe-IGTI/lib/python3.8/site-packages/airflow/example_dags/example_branch_operator.py took 0.163 seconds
[2023-11-27T21:22:00.476-0300] {processor.py:157} INFO - Started process (PID=53487) to work on /home/marcos/anaconda3/envs/XPe-IGTI/lib/python3.8/site-packages/airflow/example_dags/example_branch_operator.py
[2023-11-27T21:22:00.481-0300] {processor.py:829} INFO - Processing file /home/marcos/anaconda3/envs/XPe-IGTI/lib/python3.8/site-packages/airflow/example_dags/example_branch_operator.py for tasks to queue
[2023-11-27T21:22:00.483-0300] {logging_mixin.py:154} INFO - [2023-11-27T21:22:00.482-0300] {dagbag.py:536} INFO - Filling up the DagBag from /home/marcos/anaconda3/envs/XPe-IGTI/lib/python3.8/site-packages/airflow/example_dags/example_branch_operator.py
[2023-11-27T21:22:00.501-0300] {processor.py:839} INFO - DAG(s) dict_keys(['example_branch_operator']) retrieved from /home/marcos/anaconda3/envs/XPe-IGTI/lib/python3.8/site-packages/airflow/example_dags/example_branch_operator.py
[2023-11-27T21:22:00.533-0300] {logging_mixin.py:154} INFO - [2023-11-27T21:22:00.532-0300] {dag.py:2941} INFO - Sync 1 DAGs
[2023-11-27T21:22:00.572-0300] {logging_mixin.py:154} INFO - [2023-11-27T21:22:00.571-0300] {dag.py:3722} INFO - Setting next_dagrun for example_branch_operator to 2023-11-27T00:00:00+00:00, run_after=2023-11-28T00:00:00+00:00
[2023-11-27T21:22:00.608-0300] {processor.py:179} INFO - Processing /home/marcos/anaconda3/envs/XPe-IGTI/lib/python3.8/site-packages/airflow/example_dags/example_branch_operator.py took 0.136 seconds
[2023-11-27T21:23:00.986-0300] {processor.py:157} INFO - Started process (PID=53564) to work on /home/marcos/anaconda3/envs/XPe-IGTI/lib/python3.8/site-packages/airflow/example_dags/example_branch_operator.py
[2023-11-27T21:23:00.992-0300] {processor.py:829} INFO - Processing file /home/marcos/anaconda3/envs/XPe-IGTI/lib/python3.8/site-packages/airflow/example_dags/example_branch_operator.py for tasks to queue
[2023-11-27T21:23:00.994-0300] {logging_mixin.py:154} INFO - [2023-11-27T21:23:00.993-0300] {dagbag.py:536} INFO - Filling up the DagBag from /home/marcos/anaconda3/envs/XPe-IGTI/lib/python3.8/site-packages/airflow/example_dags/example_branch_operator.py
[2023-11-27T21:23:01.014-0300] {processor.py:839} INFO - DAG(s) dict_keys(['example_branch_operator']) retrieved from /home/marcos/anaconda3/envs/XPe-IGTI/lib/python3.8/site-packages/airflow/example_dags/example_branch_operator.py
[2023-11-27T21:23:01.059-0300] {logging_mixin.py:154} INFO - [2023-11-27T21:23:01.059-0300] {dag.py:2941} INFO - Sync 1 DAGs
[2023-11-27T21:23:01.106-0300] {logging_mixin.py:154} INFO - [2023-11-27T21:23:01.105-0300] {dag.py:3722} INFO - Setting next_dagrun for example_branch_operator to 2023-11-27T00:00:00+00:00, run_after=2023-11-28T00:00:00+00:00
[2023-11-27T21:23:01.146-0300] {processor.py:179} INFO - Processing /home/marcos/anaconda3/envs/XPe-IGTI/lib/python3.8/site-packages/airflow/example_dags/example_branch_operator.py took 0.167 seconds
[2023-11-27T21:24:04.801-0300] {processor.py:157} INFO - Started process (PID=53636) to work on /home/marcos/anaconda3/envs/XPe-IGTI/lib/python3.8/site-packages/airflow/example_dags/example_branch_operator.py
[2023-11-27T21:24:04.809-0300] {processor.py:829} INFO - Processing file /home/marcos/anaconda3/envs/XPe-IGTI/lib/python3.8/site-packages/airflow/example_dags/example_branch_operator.py for tasks to queue
[2023-11-27T21:24:04.812-0300] {logging_mixin.py:154} INFO - [2023-11-27T21:24:04.810-0300] {dagbag.py:536} INFO - Filling up the DagBag from /home/marcos/anaconda3/envs/XPe-IGTI/lib/python3.8/site-packages/airflow/example_dags/example_branch_operator.py
[2023-11-27T21:24:04.854-0300] {processor.py:839} INFO - DAG(s) dict_keys(['example_branch_operator']) retrieved from /home/marcos/anaconda3/envs/XPe-IGTI/lib/python3.8/site-packages/airflow/example_dags/example_branch_operator.py
[2023-11-27T21:24:04.885-0300] {logging_mixin.py:154} INFO - [2023-11-27T21:24:04.885-0300] {dag.py:2941} INFO - Sync 1 DAGs
[2023-11-27T21:24:04.920-0300] {logging_mixin.py:154} INFO - [2023-11-27T21:24:04.919-0300] {dag.py:3722} INFO - Setting next_dagrun for example_branch_operator to 2023-11-27T00:00:00+00:00, run_after=2023-11-28T00:00:00+00:00
[2023-11-27T21:24:04.956-0300] {processor.py:179} INFO - Processing /home/marcos/anaconda3/envs/XPe-IGTI/lib/python3.8/site-packages/airflow/example_dags/example_branch_operator.py took 0.168 seconds
[2023-11-27T21:25:14.934-0300] {processor.py:157} INFO - Started process (PID=53728) to work on /home/marcos/anaconda3/envs/XPe-IGTI/lib/python3.8/site-packages/airflow/example_dags/example_branch_operator.py
[2023-11-27T21:25:14.939-0300] {processor.py:829} INFO - Processing file /home/marcos/anaconda3/envs/XPe-IGTI/lib/python3.8/site-packages/airflow/example_dags/example_branch_operator.py for tasks to queue
[2023-11-27T21:25:14.940-0300] {logging_mixin.py:154} INFO - [2023-11-27T21:25:14.939-0300] {dagbag.py:536} INFO - Filling up the DagBag from /home/marcos/anaconda3/envs/XPe-IGTI/lib/python3.8/site-packages/airflow/example_dags/example_branch_operator.py
[2023-11-27T21:25:14.955-0300] {processor.py:839} INFO - DAG(s) dict_keys(['example_branch_operator']) retrieved from /home/marcos/anaconda3/envs/XPe-IGTI/lib/python3.8/site-packages/airflow/example_dags/example_branch_operator.py
[2023-11-27T21:25:14.985-0300] {logging_mixin.py:154} INFO - [2023-11-27T21:25:14.985-0300] {dag.py:2941} INFO - Sync 1 DAGs
[2023-11-27T21:25:15.021-0300] {logging_mixin.py:154} INFO - [2023-11-27T21:25:15.021-0300] {dag.py:3722} INFO - Setting next_dagrun for example_branch_operator to 2023-11-27T00:00:00+00:00, run_after=2023-11-28T00:00:00+00:00
[2023-11-27T21:25:15.055-0300] {processor.py:179} INFO - Processing /home/marcos/anaconda3/envs/XPe-IGTI/lib/python3.8/site-packages/airflow/example_dags/example_branch_operator.py took 0.127 seconds
[2023-11-27T21:26:28.994-0300] {processor.py:157} INFO - Started process (PID=53819) to work on /home/marcos/anaconda3/envs/XPe-IGTI/lib/python3.8/site-packages/airflow/example_dags/example_branch_operator.py
[2023-11-27T21:26:28.998-0300] {processor.py:829} INFO - Processing file /home/marcos/anaconda3/envs/XPe-IGTI/lib/python3.8/site-packages/airflow/example_dags/example_branch_operator.py for tasks to queue
[2023-11-27T21:26:28.999-0300] {logging_mixin.py:154} INFO - [2023-11-27T21:26:28.999-0300] {dagbag.py:536} INFO - Filling up the DagBag from /home/marcos/anaconda3/envs/XPe-IGTI/lib/python3.8/site-packages/airflow/example_dags/example_branch_operator.py
[2023-11-27T21:26:29.015-0300] {processor.py:839} INFO - DAG(s) dict_keys(['example_branch_operator']) retrieved from /home/marcos/anaconda3/envs/XPe-IGTI/lib/python3.8/site-packages/airflow/example_dags/example_branch_operator.py
[2023-11-27T21:26:29.045-0300] {logging_mixin.py:154} INFO - [2023-11-27T21:26:29.045-0300] {dag.py:2941} INFO - Sync 1 DAGs
[2023-11-27T21:26:29.081-0300] {logging_mixin.py:154} INFO - [2023-11-27T21:26:29.081-0300] {dag.py:3722} INFO - Setting next_dagrun for example_branch_operator to 2023-11-27T00:00:00+00:00, run_after=2023-11-28T00:00:00+00:00
[2023-11-27T21:26:29.114-0300] {processor.py:179} INFO - Processing /home/marcos/anaconda3/envs/XPe-IGTI/lib/python3.8/site-packages/airflow/example_dags/example_branch_operator.py took 0.125 seconds
[2023-11-27T21:27:38.465-0300] {processor.py:157} INFO - Started process (PID=53927) to work on /home/marcos/anaconda3/envs/XPe-IGTI/lib/python3.8/site-packages/airflow/example_dags/example_branch_operator.py
[2023-11-27T21:27:38.470-0300] {processor.py:829} INFO - Processing file /home/marcos/anaconda3/envs/XPe-IGTI/lib/python3.8/site-packages/airflow/example_dags/example_branch_operator.py for tasks to queue
[2023-11-27T21:27:38.471-0300] {logging_mixin.py:154} INFO - [2023-11-27T21:27:38.471-0300] {dagbag.py:536} INFO - Filling up the DagBag from /home/marcos/anaconda3/envs/XPe-IGTI/lib/python3.8/site-packages/airflow/example_dags/example_branch_operator.py
[2023-11-27T21:27:38.494-0300] {processor.py:839} INFO - DAG(s) dict_keys(['example_branch_operator']) retrieved from /home/marcos/anaconda3/envs/XPe-IGTI/lib/python3.8/site-packages/airflow/example_dags/example_branch_operator.py
[2023-11-27T21:27:38.536-0300] {logging_mixin.py:154} INFO - [2023-11-27T21:27:38.536-0300] {dag.py:2941} INFO - Sync 1 DAGs
[2023-11-27T21:27:38.581-0300] {logging_mixin.py:154} INFO - [2023-11-27T21:27:38.580-0300] {dag.py:3722} INFO - Setting next_dagrun for example_branch_operator to 2023-11-27T00:00:00+00:00, run_after=2023-11-28T00:00:00+00:00
[2023-11-27T21:27:38.624-0300] {processor.py:179} INFO - Processing /home/marcos/anaconda3/envs/XPe-IGTI/lib/python3.8/site-packages/airflow/example_dags/example_branch_operator.py took 0.165 seconds
[2023-11-27T21:28:43.702-0300] {processor.py:157} INFO - Started process (PID=54011) to work on /home/marcos/anaconda3/envs/XPe-IGTI/lib/python3.8/site-packages/airflow/example_dags/example_branch_operator.py
[2023-11-27T21:28:43.707-0300] {processor.py:829} INFO - Processing file /home/marcos/anaconda3/envs/XPe-IGTI/lib/python3.8/site-packages/airflow/example_dags/example_branch_operator.py for tasks to queue
[2023-11-27T21:28:43.708-0300] {logging_mixin.py:154} INFO - [2023-11-27T21:28:43.708-0300] {dagbag.py:536} INFO - Filling up the DagBag from /home/marcos/anaconda3/envs/XPe-IGTI/lib/python3.8/site-packages/airflow/example_dags/example_branch_operator.py
[2023-11-27T21:28:43.723-0300] {processor.py:839} INFO - DAG(s) dict_keys(['example_branch_operator']) retrieved from /home/marcos/anaconda3/envs/XPe-IGTI/lib/python3.8/site-packages/airflow/example_dags/example_branch_operator.py
[2023-11-27T21:28:43.750-0300] {logging_mixin.py:154} INFO - [2023-11-27T21:28:43.750-0300] {dag.py:2941} INFO - Sync 1 DAGs
[2023-11-27T21:28:43.782-0300] {logging_mixin.py:154} INFO - [2023-11-27T21:28:43.782-0300] {dag.py:3722} INFO - Setting next_dagrun for example_branch_operator to 2023-11-27T00:00:00+00:00, run_after=2023-11-28T00:00:00+00:00
[2023-11-27T21:28:43.810-0300] {processor.py:179} INFO - Processing /home/marcos/anaconda3/envs/XPe-IGTI/lib/python3.8/site-packages/airflow/example_dags/example_branch_operator.py took 0.112 seconds
[2023-11-28T18:52:51.543-0300] {processor.py:157} INFO - Started process (PID=144649) to work on /home/marcos/anaconda3/envs/XPe-IGTI/lib/python3.8/site-packages/airflow/example_dags/example_branch_operator.py
[2023-11-28T18:52:51.549-0300] {processor.py:829} INFO - Processing file /home/marcos/anaconda3/envs/XPe-IGTI/lib/python3.8/site-packages/airflow/example_dags/example_branch_operator.py for tasks to queue
[2023-11-28T18:52:51.551-0300] {logging_mixin.py:154} INFO - [2023-11-28T18:52:51.550-0300] {dagbag.py:536} INFO - Filling up the DagBag from /home/marcos/anaconda3/envs/XPe-IGTI/lib/python3.8/site-packages/airflow/example_dags/example_branch_operator.py
[2023-11-28T18:52:51.569-0300] {processor.py:839} INFO - DAG(s) dict_keys(['example_branch_operator']) retrieved from /home/marcos/anaconda3/envs/XPe-IGTI/lib/python3.8/site-packages/airflow/example_dags/example_branch_operator.py
[2023-11-28T18:52:51.588-0300] {logging_mixin.py:154} INFO - [2023-11-28T18:52:51.588-0300] {dag.py:2941} INFO - Sync 1 DAGs
[2023-11-28T18:52:51.606-0300] {logging_mixin.py:154} INFO - [2023-11-28T18:52:51.605-0300] {dag.py:3722} INFO - Setting next_dagrun for example_branch_operator to 2023-11-27T00:00:00+00:00, run_after=2023-11-28T00:00:00+00:00
[2023-11-28T18:52:51.623-0300] {processor.py:179} INFO - Processing /home/marcos/anaconda3/envs/XPe-IGTI/lib/python3.8/site-packages/airflow/example_dags/example_branch_operator.py took 0.087 seconds
[2023-11-28T18:53:46.062-0300] {processor.py:157} INFO - Started process (PID=144757) to work on /home/marcos/anaconda3/envs/XPe-IGTI/lib/python3.8/site-packages/airflow/example_dags/example_branch_operator.py
[2023-11-28T18:53:46.066-0300] {processor.py:829} INFO - Processing file /home/marcos/anaconda3/envs/XPe-IGTI/lib/python3.8/site-packages/airflow/example_dags/example_branch_operator.py for tasks to queue
[2023-11-28T18:53:46.068-0300] {logging_mixin.py:154} INFO - [2023-11-28T18:53:46.067-0300] {dagbag.py:536} INFO - Filling up the DagBag from /home/marcos/anaconda3/envs/XPe-IGTI/lib/python3.8/site-packages/airflow/example_dags/example_branch_operator.py
[2023-11-28T18:53:46.088-0300] {processor.py:839} INFO - DAG(s) dict_keys(['example_branch_operator']) retrieved from /home/marcos/anaconda3/envs/XPe-IGTI/lib/python3.8/site-packages/airflow/example_dags/example_branch_operator.py
[2023-11-28T18:53:46.108-0300] {logging_mixin.py:154} INFO - [2023-11-28T18:53:46.108-0300] {dag.py:2941} INFO - Sync 1 DAGs
[2023-11-28T18:53:46.125-0300] {logging_mixin.py:154} INFO - [2023-11-28T18:53:46.125-0300] {dag.py:3722} INFO - Setting next_dagrun for example_branch_operator to 2023-11-27T00:00:00+00:00, run_after=2023-11-28T00:00:00+00:00
[2023-11-28T18:53:46.144-0300] {processor.py:179} INFO - Processing /home/marcos/anaconda3/envs/XPe-IGTI/lib/python3.8/site-packages/airflow/example_dags/example_branch_operator.py took 0.089 seconds
[2023-11-28T18:54:46.039-0300] {processor.py:157} INFO - Started process (PID=145298) to work on /home/marcos/anaconda3/envs/XPe-IGTI/lib/python3.8/site-packages/airflow/example_dags/example_branch_operator.py
[2023-11-28T18:54:46.041-0300] {processor.py:829} INFO - Processing file /home/marcos/anaconda3/envs/XPe-IGTI/lib/python3.8/site-packages/airflow/example_dags/example_branch_operator.py for tasks to queue
[2023-11-28T18:54:46.041-0300] {logging_mixin.py:154} INFO - [2023-11-28T18:54:46.041-0300] {dagbag.py:536} INFO - Filling up the DagBag from /home/marcos/anaconda3/envs/XPe-IGTI/lib/python3.8/site-packages/airflow/example_dags/example_branch_operator.py
[2023-11-28T18:54:46.050-0300] {processor.py:839} INFO - DAG(s) dict_keys(['example_branch_operator']) retrieved from /home/marcos/anaconda3/envs/XPe-IGTI/lib/python3.8/site-packages/airflow/example_dags/example_branch_operator.py
[2023-11-28T18:54:46.067-0300] {logging_mixin.py:154} INFO - [2023-11-28T18:54:46.067-0300] {dag.py:2941} INFO - Sync 1 DAGs
[2023-11-28T18:54:46.087-0300] {logging_mixin.py:154} INFO - [2023-11-28T18:54:46.087-0300] {dag.py:3722} INFO - Setting next_dagrun for example_branch_operator to 2023-11-27T00:00:00+00:00, run_after=2023-11-28T00:00:00+00:00
[2023-11-28T18:54:46.105-0300] {processor.py:179} INFO - Processing /home/marcos/anaconda3/envs/XPe-IGTI/lib/python3.8/site-packages/airflow/example_dags/example_branch_operator.py took 0.068 seconds
[2023-11-28T18:55:49.647-0300] {processor.py:157} INFO - Started process (PID=145403) to work on /home/marcos/anaconda3/envs/XPe-IGTI/lib/python3.8/site-packages/airflow/example_dags/example_branch_operator.py
[2023-11-28T18:55:49.648-0300] {processor.py:829} INFO - Processing file /home/marcos/anaconda3/envs/XPe-IGTI/lib/python3.8/site-packages/airflow/example_dags/example_branch_operator.py for tasks to queue
[2023-11-28T18:55:49.649-0300] {logging_mixin.py:154} INFO - [2023-11-28T18:55:49.648-0300] {dagbag.py:536} INFO - Filling up the DagBag from /home/marcos/anaconda3/envs/XPe-IGTI/lib/python3.8/site-packages/airflow/example_dags/example_branch_operator.py
[2023-11-28T18:55:49.660-0300] {processor.py:839} INFO - DAG(s) dict_keys(['example_branch_operator']) retrieved from /home/marcos/anaconda3/envs/XPe-IGTI/lib/python3.8/site-packages/airflow/example_dags/example_branch_operator.py
[2023-11-28T18:55:49.680-0300] {logging_mixin.py:154} INFO - [2023-11-28T18:55:49.680-0300] {dag.py:2941} INFO - Sync 1 DAGs
[2023-11-28T18:55:49.702-0300] {logging_mixin.py:154} INFO - [2023-11-28T18:55:49.701-0300] {dag.py:3722} INFO - Setting next_dagrun for example_branch_operator to 2023-11-27T00:00:00+00:00, run_after=2023-11-28T00:00:00+00:00
[2023-11-28T18:55:49.726-0300] {processor.py:179} INFO - Processing /home/marcos/anaconda3/envs/XPe-IGTI/lib/python3.8/site-packages/airflow/example_dags/example_branch_operator.py took 0.083 seconds
[2023-11-28T18:56:44.907-0300] {processor.py:157} INFO - Started process (PID=145496) to work on /home/marcos/anaconda3/envs/XPe-IGTI/lib/python3.8/site-packages/airflow/example_dags/example_branch_operator.py
[2023-11-28T18:56:44.911-0300] {processor.py:829} INFO - Processing file /home/marcos/anaconda3/envs/XPe-IGTI/lib/python3.8/site-packages/airflow/example_dags/example_branch_operator.py for tasks to queue
[2023-11-28T18:56:44.912-0300] {logging_mixin.py:154} INFO - [2023-11-28T18:56:44.911-0300] {dagbag.py:536} INFO - Filling up the DagBag from /home/marcos/anaconda3/envs/XPe-IGTI/lib/python3.8/site-packages/airflow/example_dags/example_branch_operator.py
[2023-11-28T18:56:44.920-0300] {processor.py:839} INFO - DAG(s) dict_keys(['example_branch_operator']) retrieved from /home/marcos/anaconda3/envs/XPe-IGTI/lib/python3.8/site-packages/airflow/example_dags/example_branch_operator.py
[2023-11-28T18:56:44.938-0300] {logging_mixin.py:154} INFO - [2023-11-28T18:56:44.938-0300] {dag.py:2941} INFO - Sync 1 DAGs
[2023-11-28T18:56:44.957-0300] {logging_mixin.py:154} INFO - [2023-11-28T18:56:44.957-0300] {dag.py:3722} INFO - Setting next_dagrun for example_branch_operator to 2023-11-27T00:00:00+00:00, run_after=2023-11-28T00:00:00+00:00
[2023-11-28T18:56:44.977-0300] {processor.py:179} INFO - Processing /home/marcos/anaconda3/envs/XPe-IGTI/lib/python3.8/site-packages/airflow/example_dags/example_branch_operator.py took 0.073 seconds
[2023-11-28T18:57:39.015-0300] {processor.py:157} INFO - Started process (PID=145631) to work on /home/marcos/anaconda3/envs/XPe-IGTI/lib/python3.8/site-packages/airflow/example_dags/example_branch_operator.py
[2023-11-28T18:57:39.019-0300] {processor.py:829} INFO - Processing file /home/marcos/anaconda3/envs/XPe-IGTI/lib/python3.8/site-packages/airflow/example_dags/example_branch_operator.py for tasks to queue
[2023-11-28T18:57:39.020-0300] {logging_mixin.py:154} INFO - [2023-11-28T18:57:39.020-0300] {dagbag.py:536} INFO - Filling up the DagBag from /home/marcos/anaconda3/envs/XPe-IGTI/lib/python3.8/site-packages/airflow/example_dags/example_branch_operator.py
[2023-11-28T18:57:39.036-0300] {processor.py:839} INFO - DAG(s) dict_keys(['example_branch_operator']) retrieved from /home/marcos/anaconda3/envs/XPe-IGTI/lib/python3.8/site-packages/airflow/example_dags/example_branch_operator.py
[2023-11-28T18:57:39.057-0300] {logging_mixin.py:154} INFO - [2023-11-28T18:57:39.057-0300] {dag.py:2941} INFO - Sync 1 DAGs
[2023-11-28T18:57:39.075-0300] {logging_mixin.py:154} INFO - [2023-11-28T18:57:39.075-0300] {dag.py:3722} INFO - Setting next_dagrun for example_branch_operator to 2023-11-27T00:00:00+00:00, run_after=2023-11-28T00:00:00+00:00
[2023-11-28T18:57:39.093-0300] {processor.py:179} INFO - Processing /home/marcos/anaconda3/envs/XPe-IGTI/lib/python3.8/site-packages/airflow/example_dags/example_branch_operator.py took 0.084 seconds
[2023-11-28T18:58:33.590-0300] {processor.py:157} INFO - Started process (PID=145709) to work on /home/marcos/anaconda3/envs/XPe-IGTI/lib/python3.8/site-packages/airflow/example_dags/example_branch_operator.py
[2023-11-28T18:58:33.594-0300] {processor.py:829} INFO - Processing file /home/marcos/anaconda3/envs/XPe-IGTI/lib/python3.8/site-packages/airflow/example_dags/example_branch_operator.py for tasks to queue
[2023-11-28T18:58:33.595-0300] {logging_mixin.py:154} INFO - [2023-11-28T18:58:33.595-0300] {dagbag.py:536} INFO - Filling up the DagBag from /home/marcos/anaconda3/envs/XPe-IGTI/lib/python3.8/site-packages/airflow/example_dags/example_branch_operator.py
[2023-11-28T18:58:33.605-0300] {processor.py:839} INFO - DAG(s) dict_keys(['example_branch_operator']) retrieved from /home/marcos/anaconda3/envs/XPe-IGTI/lib/python3.8/site-packages/airflow/example_dags/example_branch_operator.py
[2023-11-28T18:58:33.623-0300] {logging_mixin.py:154} INFO - [2023-11-28T18:58:33.622-0300] {dag.py:2941} INFO - Sync 1 DAGs
[2023-11-28T18:58:33.641-0300] {logging_mixin.py:154} INFO - [2023-11-28T18:58:33.641-0300] {dag.py:3722} INFO - Setting next_dagrun for example_branch_operator to 2023-11-27T00:00:00+00:00, run_after=2023-11-28T00:00:00+00:00
[2023-11-28T18:58:33.669-0300] {processor.py:179} INFO - Processing /home/marcos/anaconda3/envs/XPe-IGTI/lib/python3.8/site-packages/airflow/example_dags/example_branch_operator.py took 0.084 seconds
[2023-11-28T18:59:35.154-0300] {processor.py:157} INFO - Started process (PID=145811) to work on /home/marcos/anaconda3/envs/XPe-IGTI/lib/python3.8/site-packages/airflow/example_dags/example_branch_operator.py
[2023-11-28T18:59:35.158-0300] {processor.py:829} INFO - Processing file /home/marcos/anaconda3/envs/XPe-IGTI/lib/python3.8/site-packages/airflow/example_dags/example_branch_operator.py for tasks to queue
[2023-11-28T18:59:35.160-0300] {logging_mixin.py:154} INFO - [2023-11-28T18:59:35.160-0300] {dagbag.py:536} INFO - Filling up the DagBag from /home/marcos/anaconda3/envs/XPe-IGTI/lib/python3.8/site-packages/airflow/example_dags/example_branch_operator.py
[2023-11-28T18:59:35.179-0300] {processor.py:839} INFO - DAG(s) dict_keys(['example_branch_operator']) retrieved from /home/marcos/anaconda3/envs/XPe-IGTI/lib/python3.8/site-packages/airflow/example_dags/example_branch_operator.py
[2023-11-28T18:59:35.198-0300] {logging_mixin.py:154} INFO - [2023-11-28T18:59:35.198-0300] {dag.py:2941} INFO - Sync 1 DAGs
[2023-11-28T18:59:35.217-0300] {logging_mixin.py:154} INFO - [2023-11-28T18:59:35.217-0300] {dag.py:3722} INFO - Setting next_dagrun for example_branch_operator to 2023-11-27T00:00:00+00:00, run_after=2023-11-28T00:00:00+00:00
[2023-11-28T18:59:35.238-0300] {processor.py:179} INFO - Processing /home/marcos/anaconda3/envs/XPe-IGTI/lib/python3.8/site-packages/airflow/example_dags/example_branch_operator.py took 0.091 seconds
[2023-11-28T19:00:28.225-0300] {processor.py:157} INFO - Started process (PID=145894) to work on /home/marcos/anaconda3/envs/XPe-IGTI/lib/python3.8/site-packages/airflow/example_dags/example_branch_operator.py
[2023-11-28T19:00:28.226-0300] {processor.py:829} INFO - Processing file /home/marcos/anaconda3/envs/XPe-IGTI/lib/python3.8/site-packages/airflow/example_dags/example_branch_operator.py for tasks to queue
[2023-11-28T19:00:28.228-0300] {logging_mixin.py:154} INFO - [2023-11-28T19:00:28.227-0300] {dagbag.py:536} INFO - Filling up the DagBag from /home/marcos/anaconda3/envs/XPe-IGTI/lib/python3.8/site-packages/airflow/example_dags/example_branch_operator.py
[2023-11-28T19:00:28.242-0300] {processor.py:839} INFO - DAG(s) dict_keys(['example_branch_operator']) retrieved from /home/marcos/anaconda3/envs/XPe-IGTI/lib/python3.8/site-packages/airflow/example_dags/example_branch_operator.py
[2023-11-28T19:00:28.279-0300] {logging_mixin.py:154} INFO - [2023-11-28T19:00:28.279-0300] {dag.py:2941} INFO - Sync 1 DAGs
[2023-11-28T19:00:28.311-0300] {logging_mixin.py:154} INFO - [2023-11-28T19:00:28.311-0300] {dag.py:3722} INFO - Setting next_dagrun for example_branch_operator to 2023-11-27T00:00:00+00:00, run_after=2023-11-28T00:00:00+00:00
[2023-11-28T19:00:28.339-0300] {processor.py:179} INFO - Processing /home/marcos/anaconda3/envs/XPe-IGTI/lib/python3.8/site-packages/airflow/example_dags/example_branch_operator.py took 0.119 seconds
[2023-11-28T19:01:22.148-0300] {processor.py:157} INFO - Started process (PID=145972) to work on /home/marcos/anaconda3/envs/XPe-IGTI/lib/python3.8/site-packages/airflow/example_dags/example_branch_operator.py
[2023-11-28T19:01:22.152-0300] {processor.py:829} INFO - Processing file /home/marcos/anaconda3/envs/XPe-IGTI/lib/python3.8/site-packages/airflow/example_dags/example_branch_operator.py for tasks to queue
[2023-11-28T19:01:22.152-0300] {logging_mixin.py:154} INFO - [2023-11-28T19:01:22.152-0300] {dagbag.py:536} INFO - Filling up the DagBag from /home/marcos/anaconda3/envs/XPe-IGTI/lib/python3.8/site-packages/airflow/example_dags/example_branch_operator.py
[2023-11-28T19:01:22.161-0300] {processor.py:839} INFO - DAG(s) dict_keys(['example_branch_operator']) retrieved from /home/marcos/anaconda3/envs/XPe-IGTI/lib/python3.8/site-packages/airflow/example_dags/example_branch_operator.py
[2023-11-28T19:01:22.179-0300] {logging_mixin.py:154} INFO - [2023-11-28T19:01:22.179-0300] {dag.py:2941} INFO - Sync 1 DAGs
[2023-11-28T19:01:22.196-0300] {logging_mixin.py:154} INFO - [2023-11-28T19:01:22.196-0300] {dag.py:3722} INFO - Setting next_dagrun for example_branch_operator to 2023-11-27T00:00:00+00:00, run_after=2023-11-28T00:00:00+00:00
[2023-11-28T19:01:22.215-0300] {processor.py:179} INFO - Processing /home/marcos/anaconda3/envs/XPe-IGTI/lib/python3.8/site-packages/airflow/example_dags/example_branch_operator.py took 0.070 seconds
[2023-11-28T19:02:24.154-0300] {processor.py:157} INFO - Started process (PID=146129) to work on /home/marcos/anaconda3/envs/XPe-IGTI/lib/python3.8/site-packages/airflow/example_dags/example_branch_operator.py
[2023-11-28T19:02:24.159-0300] {processor.py:829} INFO - Processing file /home/marcos/anaconda3/envs/XPe-IGTI/lib/python3.8/site-packages/airflow/example_dags/example_branch_operator.py for tasks to queue
[2023-11-28T19:02:24.161-0300] {logging_mixin.py:154} INFO - [2023-11-28T19:02:24.160-0300] {dagbag.py:536} INFO - Filling up the DagBag from /home/marcos/anaconda3/envs/XPe-IGTI/lib/python3.8/site-packages/airflow/example_dags/example_branch_operator.py
[2023-11-28T19:02:24.172-0300] {processor.py:839} INFO - DAG(s) dict_keys(['example_branch_operator']) retrieved from /home/marcos/anaconda3/envs/XPe-IGTI/lib/python3.8/site-packages/airflow/example_dags/example_branch_operator.py
[2023-11-28T19:02:24.192-0300] {logging_mixin.py:154} INFO - [2023-11-28T19:02:24.192-0300] {dag.py:2941} INFO - Sync 1 DAGs
[2023-11-28T19:02:24.212-0300] {logging_mixin.py:154} INFO - [2023-11-28T19:02:24.212-0300] {dag.py:3722} INFO - Setting next_dagrun for example_branch_operator to 2023-11-27T00:00:00+00:00, run_after=2023-11-28T00:00:00+00:00
[2023-11-28T19:02:24.234-0300] {processor.py:179} INFO - Processing /home/marcos/anaconda3/envs/XPe-IGTI/lib/python3.8/site-packages/airflow/example_dags/example_branch_operator.py took 0.086 seconds
[2023-11-28T19:03:18.683-0300] {processor.py:157} INFO - Started process (PID=146227) to work on /home/marcos/anaconda3/envs/XPe-IGTI/lib/python3.8/site-packages/airflow/example_dags/example_branch_operator.py
[2023-11-28T19:03:18.685-0300] {processor.py:829} INFO - Processing file /home/marcos/anaconda3/envs/XPe-IGTI/lib/python3.8/site-packages/airflow/example_dags/example_branch_operator.py for tasks to queue
[2023-11-28T19:03:18.686-0300] {logging_mixin.py:154} INFO - [2023-11-28T19:03:18.685-0300] {dagbag.py:536} INFO - Filling up the DagBag from /home/marcos/anaconda3/envs/XPe-IGTI/lib/python3.8/site-packages/airflow/example_dags/example_branch_operator.py
[2023-11-28T19:03:18.701-0300] {processor.py:839} INFO - DAG(s) dict_keys(['example_branch_operator']) retrieved from /home/marcos/anaconda3/envs/XPe-IGTI/lib/python3.8/site-packages/airflow/example_dags/example_branch_operator.py
[2023-11-28T19:03:18.735-0300] {logging_mixin.py:154} INFO - [2023-11-28T19:03:18.734-0300] {dag.py:2941} INFO - Sync 1 DAGs
[2023-11-28T19:03:18.770-0300] {logging_mixin.py:154} INFO - [2023-11-28T19:03:18.770-0300] {dag.py:3722} INFO - Setting next_dagrun for example_branch_operator to 2023-11-27T00:00:00+00:00, run_after=2023-11-28T00:00:00+00:00
[2023-11-28T19:03:18.805-0300] {processor.py:179} INFO - Processing /home/marcos/anaconda3/envs/XPe-IGTI/lib/python3.8/site-packages/airflow/example_dags/example_branch_operator.py took 0.127 seconds
[2023-11-28T19:04:27.784-0300] {processor.py:157} INFO - Started process (PID=146364) to work on /home/marcos/anaconda3/envs/XPe-IGTI/lib/python3.8/site-packages/airflow/example_dags/example_branch_operator.py
[2023-11-28T19:04:27.786-0300] {processor.py:829} INFO - Processing file /home/marcos/anaconda3/envs/XPe-IGTI/lib/python3.8/site-packages/airflow/example_dags/example_branch_operator.py for tasks to queue
[2023-11-28T19:04:27.788-0300] {logging_mixin.py:154} INFO - [2023-11-28T19:04:27.787-0300] {dagbag.py:536} INFO - Filling up the DagBag from /home/marcos/anaconda3/envs/XPe-IGTI/lib/python3.8/site-packages/airflow/example_dags/example_branch_operator.py
[2023-11-28T19:04:27.804-0300] {processor.py:839} INFO - DAG(s) dict_keys(['example_branch_operator']) retrieved from /home/marcos/anaconda3/envs/XPe-IGTI/lib/python3.8/site-packages/airflow/example_dags/example_branch_operator.py
[2023-11-28T19:04:27.834-0300] {logging_mixin.py:154} INFO - [2023-11-28T19:04:27.834-0300] {dag.py:2941} INFO - Sync 1 DAGs
[2023-11-28T19:04:27.876-0300] {logging_mixin.py:154} INFO - [2023-11-28T19:04:27.875-0300] {dag.py:3722} INFO - Setting next_dagrun for example_branch_operator to 2023-11-27T00:00:00+00:00, run_after=2023-11-28T00:00:00+00:00
[2023-11-28T19:04:27.913-0300] {processor.py:179} INFO - Processing /home/marcos/anaconda3/envs/XPe-IGTI/lib/python3.8/site-packages/airflow/example_dags/example_branch_operator.py took 0.135 seconds
[2023-11-28T19:05:22.952-0300] {processor.py:157} INFO - Started process (PID=146451) to work on /home/marcos/anaconda3/envs/XPe-IGTI/lib/python3.8/site-packages/airflow/example_dags/example_branch_operator.py
[2023-11-28T19:05:22.953-0300] {processor.py:829} INFO - Processing file /home/marcos/anaconda3/envs/XPe-IGTI/lib/python3.8/site-packages/airflow/example_dags/example_branch_operator.py for tasks to queue
[2023-11-28T19:05:22.955-0300] {logging_mixin.py:154} INFO - [2023-11-28T19:05:22.954-0300] {dagbag.py:536} INFO - Filling up the DagBag from /home/marcos/anaconda3/envs/XPe-IGTI/lib/python3.8/site-packages/airflow/example_dags/example_branch_operator.py
[2023-11-28T19:05:22.972-0300] {processor.py:839} INFO - DAG(s) dict_keys(['example_branch_operator']) retrieved from /home/marcos/anaconda3/envs/XPe-IGTI/lib/python3.8/site-packages/airflow/example_dags/example_branch_operator.py
[2023-11-28T19:05:23.019-0300] {logging_mixin.py:154} INFO - [2023-11-28T19:05:23.019-0300] {dag.py:2941} INFO - Sync 1 DAGs
[2023-11-28T19:05:23.070-0300] {logging_mixin.py:154} INFO - [2023-11-28T19:05:23.070-0300] {dag.py:3722} INFO - Setting next_dagrun for example_branch_operator to 2023-11-27T00:00:00+00:00, run_after=2023-11-28T00:00:00+00:00
[2023-11-28T19:05:23.105-0300] {processor.py:179} INFO - Processing /home/marcos/anaconda3/envs/XPe-IGTI/lib/python3.8/site-packages/airflow/example_dags/example_branch_operator.py took 0.162 seconds
[2023-11-28T19:06:38.744-0300] {processor.py:157} INFO - Started process (PID=146572) to work on /home/marcos/anaconda3/envs/XPe-IGTI/lib/python3.8/site-packages/airflow/example_dags/example_branch_operator.py
[2023-11-28T19:06:38.745-0300] {processor.py:829} INFO - Processing file /home/marcos/anaconda3/envs/XPe-IGTI/lib/python3.8/site-packages/airflow/example_dags/example_branch_operator.py for tasks to queue
[2023-11-28T19:06:38.749-0300] {logging_mixin.py:154} INFO - [2023-11-28T19:06:38.748-0300] {dagbag.py:536} INFO - Filling up the DagBag from /home/marcos/anaconda3/envs/XPe-IGTI/lib/python3.8/site-packages/airflow/example_dags/example_branch_operator.py
[2023-11-28T19:06:38.763-0300] {processor.py:839} INFO - DAG(s) dict_keys(['example_branch_operator']) retrieved from /home/marcos/anaconda3/envs/XPe-IGTI/lib/python3.8/site-packages/airflow/example_dags/example_branch_operator.py
[2023-11-28T19:06:38.783-0300] {logging_mixin.py:154} INFO - [2023-11-28T19:06:38.781-0300] {dag.py:2941} INFO - Sync 1 DAGs
[2023-11-28T19:06:38.806-0300] {logging_mixin.py:154} INFO - [2023-11-28T19:06:38.806-0300] {dag.py:3722} INFO - Setting next_dagrun for example_branch_operator to 2023-11-27T00:00:00+00:00, run_after=2023-11-28T00:00:00+00:00
[2023-11-28T19:06:38.825-0300] {processor.py:179} INFO - Processing /home/marcos/anaconda3/envs/XPe-IGTI/lib/python3.8/site-packages/airflow/example_dags/example_branch_operator.py took 0.084 seconds
[2023-11-28T19:07:38.333-0300] {processor.py:157} INFO - Started process (PID=146677) to work on /home/marcos/anaconda3/envs/XPe-IGTI/lib/python3.8/site-packages/airflow/example_dags/example_branch_operator.py
[2023-11-28T19:07:38.339-0300] {processor.py:829} INFO - Processing file /home/marcos/anaconda3/envs/XPe-IGTI/lib/python3.8/site-packages/airflow/example_dags/example_branch_operator.py for tasks to queue
[2023-11-28T19:07:38.345-0300] {logging_mixin.py:154} INFO - [2023-11-28T19:07:38.344-0300] {dagbag.py:536} INFO - Filling up the DagBag from /home/marcos/anaconda3/envs/XPe-IGTI/lib/python3.8/site-packages/airflow/example_dags/example_branch_operator.py
[2023-11-28T19:07:38.361-0300] {processor.py:839} INFO - DAG(s) dict_keys(['example_branch_operator']) retrieved from /home/marcos/anaconda3/envs/XPe-IGTI/lib/python3.8/site-packages/airflow/example_dags/example_branch_operator.py
[2023-11-28T19:07:38.393-0300] {logging_mixin.py:154} INFO - [2023-11-28T19:07:38.392-0300] {dag.py:2941} INFO - Sync 1 DAGs
[2023-11-28T19:07:38.444-0300] {logging_mixin.py:154} INFO - [2023-11-28T19:07:38.443-0300] {dag.py:3722} INFO - Setting next_dagrun for example_branch_operator to 2023-11-27T00:00:00+00:00, run_after=2023-11-28T00:00:00+00:00
[2023-11-28T19:07:38.489-0300] {processor.py:179} INFO - Processing /home/marcos/anaconda3/envs/XPe-IGTI/lib/python3.8/site-packages/airflow/example_dags/example_branch_operator.py took 0.166 seconds
[2023-11-28T19:09:15.679-0300] {processor.py:157} INFO - Started process (PID=146893) to work on /home/marcos/anaconda3/envs/XPe-IGTI/lib/python3.8/site-packages/airflow/example_dags/example_branch_operator.py
[2023-11-28T19:09:15.683-0300] {processor.py:829} INFO - Processing file /home/marcos/anaconda3/envs/XPe-IGTI/lib/python3.8/site-packages/airflow/example_dags/example_branch_operator.py for tasks to queue
[2023-11-28T19:09:15.687-0300] {logging_mixin.py:154} INFO - [2023-11-28T19:09:15.686-0300] {dagbag.py:536} INFO - Filling up the DagBag from /home/marcos/anaconda3/envs/XPe-IGTI/lib/python3.8/site-packages/airflow/example_dags/example_branch_operator.py
[2023-11-28T19:09:15.702-0300] {processor.py:839} INFO - DAG(s) dict_keys(['example_branch_operator']) retrieved from /home/marcos/anaconda3/envs/XPe-IGTI/lib/python3.8/site-packages/airflow/example_dags/example_branch_operator.py
[2023-11-28T19:09:15.719-0300] {logging_mixin.py:154} INFO - [2023-11-28T19:09:15.719-0300] {dag.py:2941} INFO - Sync 1 DAGs
[2023-11-28T19:09:15.738-0300] {logging_mixin.py:154} INFO - [2023-11-28T19:09:15.738-0300] {dag.py:3722} INFO - Setting next_dagrun for example_branch_operator to 2023-11-27T00:00:00+00:00, run_after=2023-11-28T00:00:00+00:00
[2023-11-28T19:09:15.755-0300] {processor.py:179} INFO - Processing /home/marcos/anaconda3/envs/XPe-IGTI/lib/python3.8/site-packages/airflow/example_dags/example_branch_operator.py took 0.081 seconds
[2023-11-28T19:10:18.151-0300] {processor.py:157} INFO - Started process (PID=146976) to work on /home/marcos/anaconda3/envs/XPe-IGTI/lib/python3.8/site-packages/airflow/example_dags/example_branch_operator.py
[2023-11-28T19:10:18.152-0300] {processor.py:829} INFO - Processing file /home/marcos/anaconda3/envs/XPe-IGTI/lib/python3.8/site-packages/airflow/example_dags/example_branch_operator.py for tasks to queue
[2023-11-28T19:10:18.156-0300] {logging_mixin.py:154} INFO - [2023-11-28T19:10:18.156-0300] {dagbag.py:536} INFO - Filling up the DagBag from /home/marcos/anaconda3/envs/XPe-IGTI/lib/python3.8/site-packages/airflow/example_dags/example_branch_operator.py
[2023-11-28T19:10:18.170-0300] {processor.py:839} INFO - DAG(s) dict_keys(['example_branch_operator']) retrieved from /home/marcos/anaconda3/envs/XPe-IGTI/lib/python3.8/site-packages/airflow/example_dags/example_branch_operator.py
[2023-11-28T19:10:18.191-0300] {logging_mixin.py:154} INFO - [2023-11-28T19:10:18.191-0300] {dag.py:2941} INFO - Sync 1 DAGs
[2023-11-28T19:10:18.233-0300] {logging_mixin.py:154} INFO - [2023-11-28T19:10:18.233-0300] {dag.py:3722} INFO - Setting next_dagrun for example_branch_operator to 2023-11-27T00:00:00+00:00, run_after=2023-11-28T00:00:00+00:00
[2023-11-28T19:10:18.284-0300] {processor.py:179} INFO - Processing /home/marcos/anaconda3/envs/XPe-IGTI/lib/python3.8/site-packages/airflow/example_dags/example_branch_operator.py took 0.138 seconds
[2023-11-28T19:11:17.706-0300] {processor.py:157} INFO - Started process (PID=147140) to work on /home/marcos/anaconda3/envs/XPe-IGTI/lib/python3.8/site-packages/airflow/example_dags/example_branch_operator.py
[2023-11-28T19:11:17.710-0300] {processor.py:829} INFO - Processing file /home/marcos/anaconda3/envs/XPe-IGTI/lib/python3.8/site-packages/airflow/example_dags/example_branch_operator.py for tasks to queue
[2023-11-28T19:11:17.715-0300] {logging_mixin.py:154} INFO - [2023-11-28T19:11:17.714-0300] {dagbag.py:536} INFO - Filling up the DagBag from /home/marcos/anaconda3/envs/XPe-IGTI/lib/python3.8/site-packages/airflow/example_dags/example_branch_operator.py
[2023-11-28T19:11:17.729-0300] {processor.py:839} INFO - DAG(s) dict_keys(['example_branch_operator']) retrieved from /home/marcos/anaconda3/envs/XPe-IGTI/lib/python3.8/site-packages/airflow/example_dags/example_branch_operator.py
[2023-11-28T19:11:17.756-0300] {logging_mixin.py:154} INFO - [2023-11-28T19:11:17.756-0300] {dag.py:2941} INFO - Sync 1 DAGs
[2023-11-28T19:11:17.794-0300] {logging_mixin.py:154} INFO - [2023-11-28T19:11:17.794-0300] {dag.py:3722} INFO - Setting next_dagrun for example_branch_operator to 2023-11-27T00:00:00+00:00, run_after=2023-11-28T00:00:00+00:00
[2023-11-28T19:11:17.830-0300] {processor.py:179} INFO - Processing /home/marcos/anaconda3/envs/XPe-IGTI/lib/python3.8/site-packages/airflow/example_dags/example_branch_operator.py took 0.130 seconds
[2023-11-28T19:12:31.080-0300] {processor.py:157} INFO - Started process (PID=147357) to work on /home/marcos/anaconda3/envs/XPe-IGTI/lib/python3.8/site-packages/airflow/example_dags/example_branch_operator.py
[2023-11-28T19:12:31.085-0300] {processor.py:829} INFO - Processing file /home/marcos/anaconda3/envs/XPe-IGTI/lib/python3.8/site-packages/airflow/example_dags/example_branch_operator.py for tasks to queue
[2023-11-28T19:12:31.088-0300] {logging_mixin.py:154} INFO - [2023-11-28T19:12:31.088-0300] {dagbag.py:536} INFO - Filling up the DagBag from /home/marcos/anaconda3/envs/XPe-IGTI/lib/python3.8/site-packages/airflow/example_dags/example_branch_operator.py
[2023-11-28T19:12:31.104-0300] {processor.py:839} INFO - DAG(s) dict_keys(['example_branch_operator']) retrieved from /home/marcos/anaconda3/envs/XPe-IGTI/lib/python3.8/site-packages/airflow/example_dags/example_branch_operator.py
[2023-11-28T19:12:31.136-0300] {logging_mixin.py:154} INFO - [2023-11-28T19:12:31.135-0300] {dag.py:2941} INFO - Sync 1 DAGs
[2023-11-28T19:12:31.172-0300] {logging_mixin.py:154} INFO - [2023-11-28T19:12:31.171-0300] {dag.py:3722} INFO - Setting next_dagrun for example_branch_operator to 2023-11-27T00:00:00+00:00, run_after=2023-11-28T00:00:00+00:00
[2023-11-28T19:12:31.208-0300] {processor.py:179} INFO - Processing /home/marcos/anaconda3/envs/XPe-IGTI/lib/python3.8/site-packages/airflow/example_dags/example_branch_operator.py took 0.133 seconds
[2023-11-28T19:13:50.354-0300] {processor.py:157} INFO - Started process (PID=147516) to work on /home/marcos/anaconda3/envs/XPe-IGTI/lib/python3.8/site-packages/airflow/example_dags/example_branch_operator.py
[2023-11-28T19:13:50.356-0300] {processor.py:829} INFO - Processing file /home/marcos/anaconda3/envs/XPe-IGTI/lib/python3.8/site-packages/airflow/example_dags/example_branch_operator.py for tasks to queue
[2023-11-28T19:13:50.361-0300] {logging_mixin.py:154} INFO - [2023-11-28T19:13:50.360-0300] {dagbag.py:536} INFO - Filling up the DagBag from /home/marcos/anaconda3/envs/XPe-IGTI/lib/python3.8/site-packages/airflow/example_dags/example_branch_operator.py
[2023-11-28T19:13:50.376-0300] {processor.py:839} INFO - DAG(s) dict_keys(['example_branch_operator']) retrieved from /home/marcos/anaconda3/envs/XPe-IGTI/lib/python3.8/site-packages/airflow/example_dags/example_branch_operator.py
[2023-11-28T19:13:50.403-0300] {logging_mixin.py:154} INFO - [2023-11-28T19:13:50.402-0300] {dag.py:2941} INFO - Sync 1 DAGs
[2023-11-28T19:13:50.436-0300] {logging_mixin.py:154} INFO - [2023-11-28T19:13:50.436-0300] {dag.py:3722} INFO - Setting next_dagrun for example_branch_operator to 2023-11-27T00:00:00+00:00, run_after=2023-11-28T00:00:00+00:00
[2023-11-28T19:13:50.469-0300] {processor.py:179} INFO - Processing /home/marcos/anaconda3/envs/XPe-IGTI/lib/python3.8/site-packages/airflow/example_dags/example_branch_operator.py took 0.122 seconds
[2023-11-28T19:14:42.755-0300] {processor.py:157} INFO - Started process (PID=147574) to work on /home/marcos/anaconda3/envs/XPe-IGTI/lib/python3.8/site-packages/airflow/example_dags/example_branch_operator.py
[2023-11-28T19:14:42.759-0300] {processor.py:829} INFO - Processing file /home/marcos/anaconda3/envs/XPe-IGTI/lib/python3.8/site-packages/airflow/example_dags/example_branch_operator.py for tasks to queue
[2023-11-28T19:14:42.763-0300] {logging_mixin.py:154} INFO - [2023-11-28T19:14:42.762-0300] {dagbag.py:536} INFO - Filling up the DagBag from /home/marcos/anaconda3/envs/XPe-IGTI/lib/python3.8/site-packages/airflow/example_dags/example_branch_operator.py
[2023-11-28T19:14:42.777-0300] {processor.py:839} INFO - DAG(s) dict_keys(['example_branch_operator']) retrieved from /home/marcos/anaconda3/envs/XPe-IGTI/lib/python3.8/site-packages/airflow/example_dags/example_branch_operator.py
[2023-11-28T19:14:42.813-0300] {logging_mixin.py:154} INFO - [2023-11-28T19:14:42.812-0300] {dag.py:2941} INFO - Sync 1 DAGs
[2023-11-28T19:14:42.851-0300] {logging_mixin.py:154} INFO - [2023-11-28T19:14:42.851-0300] {dag.py:3722} INFO - Setting next_dagrun for example_branch_operator to 2023-11-27T00:00:00+00:00, run_after=2023-11-28T00:00:00+00:00
[2023-11-28T19:14:42.890-0300] {processor.py:179} INFO - Processing /home/marcos/anaconda3/envs/XPe-IGTI/lib/python3.8/site-packages/airflow/example_dags/example_branch_operator.py took 0.142 seconds
[2023-11-28T19:15:57.500-0300] {processor.py:157} INFO - Started process (PID=147656) to work on /home/marcos/anaconda3/envs/XPe-IGTI/lib/python3.8/site-packages/airflow/example_dags/example_branch_operator.py
[2023-11-28T19:15:57.504-0300] {processor.py:829} INFO - Processing file /home/marcos/anaconda3/envs/XPe-IGTI/lib/python3.8/site-packages/airflow/example_dags/example_branch_operator.py for tasks to queue
[2023-11-28T19:15:57.508-0300] {logging_mixin.py:154} INFO - [2023-11-28T19:15:57.507-0300] {dagbag.py:536} INFO - Filling up the DagBag from /home/marcos/anaconda3/envs/XPe-IGTI/lib/python3.8/site-packages/airflow/example_dags/example_branch_operator.py
[2023-11-28T19:15:57.527-0300] {processor.py:839} INFO - DAG(s) dict_keys(['example_branch_operator']) retrieved from /home/marcos/anaconda3/envs/XPe-IGTI/lib/python3.8/site-packages/airflow/example_dags/example_branch_operator.py
[2023-11-28T19:15:57.554-0300] {logging_mixin.py:154} INFO - [2023-11-28T19:15:57.553-0300] {dag.py:2941} INFO - Sync 1 DAGs
[2023-11-28T19:15:57.587-0300] {logging_mixin.py:154} INFO - [2023-11-28T19:15:57.586-0300] {dag.py:3722} INFO - Setting next_dagrun for example_branch_operator to 2023-11-27T00:00:00+00:00, run_after=2023-11-28T00:00:00+00:00
[2023-11-28T19:15:57.624-0300] {processor.py:179} INFO - Processing /home/marcos/anaconda3/envs/XPe-IGTI/lib/python3.8/site-packages/airflow/example_dags/example_branch_operator.py took 0.129 seconds
[2023-11-28T19:17:03.332-0300] {processor.py:157} INFO - Started process (PID=147752) to work on /home/marcos/anaconda3/envs/XPe-IGTI/lib/python3.8/site-packages/airflow/example_dags/example_branch_operator.py
[2023-11-28T19:17:03.339-0300] {processor.py:829} INFO - Processing file /home/marcos/anaconda3/envs/XPe-IGTI/lib/python3.8/site-packages/airflow/example_dags/example_branch_operator.py for tasks to queue
[2023-11-28T19:17:03.346-0300] {logging_mixin.py:154} INFO - [2023-11-28T19:17:03.345-0300] {dagbag.py:536} INFO - Filling up the DagBag from /home/marcos/anaconda3/envs/XPe-IGTI/lib/python3.8/site-packages/airflow/example_dags/example_branch_operator.py
[2023-11-28T19:17:03.373-0300] {processor.py:839} INFO - DAG(s) dict_keys(['example_branch_operator']) retrieved from /home/marcos/anaconda3/envs/XPe-IGTI/lib/python3.8/site-packages/airflow/example_dags/example_branch_operator.py
[2023-11-28T19:17:03.400-0300] {logging_mixin.py:154} INFO - [2023-11-28T19:17:03.398-0300] {dag.py:2941} INFO - Sync 1 DAGs
[2023-11-28T19:17:03.433-0300] {logging_mixin.py:154} INFO - [2023-11-28T19:17:03.433-0300] {dag.py:3722} INFO - Setting next_dagrun for example_branch_operator to 2023-11-27T00:00:00+00:00, run_after=2023-11-28T00:00:00+00:00
[2023-11-28T19:17:03.464-0300] {processor.py:179} INFO - Processing /home/marcos/anaconda3/envs/XPe-IGTI/lib/python3.8/site-packages/airflow/example_dags/example_branch_operator.py took 0.142 seconds
[2023-11-28T19:18:10.107-0300] {processor.py:157} INFO - Started process (PID=147831) to work on /home/marcos/anaconda3/envs/XPe-IGTI/lib/python3.8/site-packages/airflow/example_dags/example_branch_operator.py
[2023-11-28T19:18:10.109-0300] {processor.py:829} INFO - Processing file /home/marcos/anaconda3/envs/XPe-IGTI/lib/python3.8/site-packages/airflow/example_dags/example_branch_operator.py for tasks to queue
[2023-11-28T19:18:10.113-0300] {logging_mixin.py:154} INFO - [2023-11-28T19:18:10.112-0300] {dagbag.py:536} INFO - Filling up the DagBag from /home/marcos/anaconda3/envs/XPe-IGTI/lib/python3.8/site-packages/airflow/example_dags/example_branch_operator.py
[2023-11-28T19:18:10.131-0300] {processor.py:839} INFO - DAG(s) dict_keys(['example_branch_operator']) retrieved from /home/marcos/anaconda3/envs/XPe-IGTI/lib/python3.8/site-packages/airflow/example_dags/example_branch_operator.py
[2023-11-28T19:18:10.159-0300] {logging_mixin.py:154} INFO - [2023-11-28T19:18:10.158-0300] {dag.py:2941} INFO - Sync 1 DAGs
[2023-11-28T19:18:10.193-0300] {logging_mixin.py:154} INFO - [2023-11-28T19:18:10.193-0300] {dag.py:3722} INFO - Setting next_dagrun for example_branch_operator to 2023-11-27T00:00:00+00:00, run_after=2023-11-28T00:00:00+00:00
[2023-11-28T19:18:10.224-0300] {processor.py:179} INFO - Processing /home/marcos/anaconda3/envs/XPe-IGTI/lib/python3.8/site-packages/airflow/example_dags/example_branch_operator.py took 0.122 seconds
[2023-11-28T19:20:04.519-0300] {processor.py:157} INFO - Started process (PID=148257) to work on /home/marcos/anaconda3/envs/XPe-IGTI/lib/python3.8/site-packages/airflow/example_dags/example_branch_operator.py
[2023-11-28T19:20:04.524-0300] {processor.py:829} INFO - Processing file /home/marcos/anaconda3/envs/XPe-IGTI/lib/python3.8/site-packages/airflow/example_dags/example_branch_operator.py for tasks to queue
[2023-11-28T19:20:04.531-0300] {logging_mixin.py:154} INFO - [2023-11-28T19:20:04.530-0300] {dagbag.py:536} INFO - Filling up the DagBag from /home/marcos/anaconda3/envs/XPe-IGTI/lib/python3.8/site-packages/airflow/example_dags/example_branch_operator.py
[2023-11-28T19:20:04.552-0300] {processor.py:839} INFO - DAG(s) dict_keys(['example_branch_operator']) retrieved from /home/marcos/anaconda3/envs/XPe-IGTI/lib/python3.8/site-packages/airflow/example_dags/example_branch_operator.py
[2023-11-28T19:20:04.591-0300] {logging_mixin.py:154} INFO - [2023-11-28T19:20:04.590-0300] {dag.py:2941} INFO - Sync 1 DAGs
[2023-11-28T19:20:04.631-0300] {logging_mixin.py:154} INFO - [2023-11-28T19:20:04.631-0300] {dag.py:3722} INFO - Setting next_dagrun for example_branch_operator to 2023-11-27T00:00:00+00:00, run_after=2023-11-28T00:00:00+00:00
[2023-11-28T19:20:04.665-0300] {processor.py:179} INFO - Processing /home/marcos/anaconda3/envs/XPe-IGTI/lib/python3.8/site-packages/airflow/example_dags/example_branch_operator.py took 0.152 seconds
[2023-11-28T19:22:08.708-0300] {processor.py:157} INFO - Started process (PID=148734) to work on /home/marcos/anaconda3/envs/XPe-IGTI/lib/python3.8/site-packages/airflow/example_dags/example_branch_operator.py
[2023-11-28T19:22:08.712-0300] {processor.py:829} INFO - Processing file /home/marcos/anaconda3/envs/XPe-IGTI/lib/python3.8/site-packages/airflow/example_dags/example_branch_operator.py for tasks to queue
[2023-11-28T19:22:08.719-0300] {logging_mixin.py:154} INFO - [2023-11-28T19:22:08.718-0300] {dagbag.py:536} INFO - Filling up the DagBag from /home/marcos/anaconda3/envs/XPe-IGTI/lib/python3.8/site-packages/airflow/example_dags/example_branch_operator.py
[2023-11-28T19:22:08.744-0300] {processor.py:839} INFO - DAG(s) dict_keys(['example_branch_operator']) retrieved from /home/marcos/anaconda3/envs/XPe-IGTI/lib/python3.8/site-packages/airflow/example_dags/example_branch_operator.py
[2023-11-28T19:22:08.787-0300] {logging_mixin.py:154} INFO - [2023-11-28T19:22:08.786-0300] {dag.py:2941} INFO - Sync 1 DAGs
[2023-11-28T19:22:08.841-0300] {logging_mixin.py:154} INFO - [2023-11-28T19:22:08.841-0300] {dag.py:3722} INFO - Setting next_dagrun for example_branch_operator to 2023-11-27T00:00:00+00:00, run_after=2023-11-28T00:00:00+00:00
[2023-11-28T19:22:08.895-0300] {processor.py:179} INFO - Processing /home/marcos/anaconda3/envs/XPe-IGTI/lib/python3.8/site-packages/airflow/example_dags/example_branch_operator.py took 0.193 seconds
[2023-11-28T19:23:22.927-0300] {processor.py:157} INFO - Started process (PID=148926) to work on /home/marcos/anaconda3/envs/XPe-IGTI/lib/python3.8/site-packages/airflow/example_dags/example_branch_operator.py
[2023-11-28T19:23:22.932-0300] {processor.py:829} INFO - Processing file /home/marcos/anaconda3/envs/XPe-IGTI/lib/python3.8/site-packages/airflow/example_dags/example_branch_operator.py for tasks to queue
[2023-11-28T19:23:22.936-0300] {logging_mixin.py:154} INFO - [2023-11-28T19:23:22.936-0300] {dagbag.py:536} INFO - Filling up the DagBag from /home/marcos/anaconda3/envs/XPe-IGTI/lib/python3.8/site-packages/airflow/example_dags/example_branch_operator.py
[2023-11-28T19:23:22.958-0300] {processor.py:839} INFO - DAG(s) dict_keys(['example_branch_operator']) retrieved from /home/marcos/anaconda3/envs/XPe-IGTI/lib/python3.8/site-packages/airflow/example_dags/example_branch_operator.py
[2023-11-28T19:23:22.992-0300] {logging_mixin.py:154} INFO - [2023-11-28T19:23:22.991-0300] {dag.py:2941} INFO - Sync 1 DAGs
[2023-11-28T19:23:23.027-0300] {logging_mixin.py:154} INFO - [2023-11-28T19:23:23.027-0300] {dag.py:3722} INFO - Setting next_dagrun for example_branch_operator to 2023-11-27T00:00:00+00:00, run_after=2023-11-28T00:00:00+00:00
[2023-11-28T19:23:23.068-0300] {processor.py:179} INFO - Processing /home/marcos/anaconda3/envs/XPe-IGTI/lib/python3.8/site-packages/airflow/example_dags/example_branch_operator.py took 0.146 seconds
[2023-11-28T19:24:31.258-0300] {processor.py:157} INFO - Started process (PID=148998) to work on /home/marcos/anaconda3/envs/XPe-IGTI/lib/python3.8/site-packages/airflow/example_dags/example_branch_operator.py
[2023-11-28T19:24:31.262-0300] {processor.py:829} INFO - Processing file /home/marcos/anaconda3/envs/XPe-IGTI/lib/python3.8/site-packages/airflow/example_dags/example_branch_operator.py for tasks to queue
[2023-11-28T19:24:31.266-0300] {logging_mixin.py:154} INFO - [2023-11-28T19:24:31.265-0300] {dagbag.py:536} INFO - Filling up the DagBag from /home/marcos/anaconda3/envs/XPe-IGTI/lib/python3.8/site-packages/airflow/example_dags/example_branch_operator.py
[2023-11-28T19:24:31.282-0300] {processor.py:839} INFO - DAG(s) dict_keys(['example_branch_operator']) retrieved from /home/marcos/anaconda3/envs/XPe-IGTI/lib/python3.8/site-packages/airflow/example_dags/example_branch_operator.py
[2023-11-28T19:24:31.308-0300] {logging_mixin.py:154} INFO - [2023-11-28T19:24:31.307-0300] {dag.py:2941} INFO - Sync 1 DAGs
[2023-11-28T19:24:31.343-0300] {logging_mixin.py:154} INFO - [2023-11-28T19:24:31.343-0300] {dag.py:3722} INFO - Setting next_dagrun for example_branch_operator to 2023-11-27T00:00:00+00:00, run_after=2023-11-28T00:00:00+00:00
[2023-11-28T19:24:31.372-0300] {processor.py:179} INFO - Processing /home/marcos/anaconda3/envs/XPe-IGTI/lib/python3.8/site-packages/airflow/example_dags/example_branch_operator.py took 0.118 seconds
[2023-11-28T19:25:44.600-0300] {processor.py:157} INFO - Started process (PID=149071) to work on /home/marcos/anaconda3/envs/XPe-IGTI/lib/python3.8/site-packages/airflow/example_dags/example_branch_operator.py
[2023-11-28T19:25:44.604-0300] {processor.py:829} INFO - Processing file /home/marcos/anaconda3/envs/XPe-IGTI/lib/python3.8/site-packages/airflow/example_dags/example_branch_operator.py for tasks to queue
[2023-11-28T19:25:44.608-0300] {logging_mixin.py:154} INFO - [2023-11-28T19:25:44.607-0300] {dagbag.py:536} INFO - Filling up the DagBag from /home/marcos/anaconda3/envs/XPe-IGTI/lib/python3.8/site-packages/airflow/example_dags/example_branch_operator.py
[2023-11-28T19:25:44.624-0300] {processor.py:839} INFO - DAG(s) dict_keys(['example_branch_operator']) retrieved from /home/marcos/anaconda3/envs/XPe-IGTI/lib/python3.8/site-packages/airflow/example_dags/example_branch_operator.py
[2023-11-28T19:25:44.654-0300] {logging_mixin.py:154} INFO - [2023-11-28T19:25:44.653-0300] {dag.py:2941} INFO - Sync 1 DAGs
[2023-11-28T19:25:44.693-0300] {logging_mixin.py:154} INFO - [2023-11-28T19:25:44.693-0300] {dag.py:3722} INFO - Setting next_dagrun for example_branch_operator to 2023-11-27T00:00:00+00:00, run_after=2023-11-28T00:00:00+00:00
[2023-11-28T19:25:44.724-0300] {processor.py:179} INFO - Processing /home/marcos/anaconda3/envs/XPe-IGTI/lib/python3.8/site-packages/airflow/example_dags/example_branch_operator.py took 0.129 seconds
[2023-11-28T19:26:55.386-0300] {processor.py:157} INFO - Started process (PID=149172) to work on /home/marcos/anaconda3/envs/XPe-IGTI/lib/python3.8/site-packages/airflow/example_dags/example_branch_operator.py
[2023-11-28T19:26:55.388-0300] {processor.py:829} INFO - Processing file /home/marcos/anaconda3/envs/XPe-IGTI/lib/python3.8/site-packages/airflow/example_dags/example_branch_operator.py for tasks to queue
[2023-11-28T19:26:55.391-0300] {logging_mixin.py:154} INFO - [2023-11-28T19:26:55.391-0300] {dagbag.py:536} INFO - Filling up the DagBag from /home/marcos/anaconda3/envs/XPe-IGTI/lib/python3.8/site-packages/airflow/example_dags/example_branch_operator.py
[2023-11-28T19:26:55.407-0300] {processor.py:839} INFO - DAG(s) dict_keys(['example_branch_operator']) retrieved from /home/marcos/anaconda3/envs/XPe-IGTI/lib/python3.8/site-packages/airflow/example_dags/example_branch_operator.py
[2023-11-28T19:26:55.434-0300] {logging_mixin.py:154} INFO - [2023-11-28T19:26:55.433-0300] {dag.py:2941} INFO - Sync 1 DAGs
[2023-11-28T19:26:55.469-0300] {logging_mixin.py:154} INFO - [2023-11-28T19:26:55.469-0300] {dag.py:3722} INFO - Setting next_dagrun for example_branch_operator to 2023-11-27T00:00:00+00:00, run_after=2023-11-28T00:00:00+00:00
[2023-11-28T19:26:55.498-0300] {processor.py:179} INFO - Processing /home/marcos/anaconda3/envs/XPe-IGTI/lib/python3.8/site-packages/airflow/example_dags/example_branch_operator.py took 0.117 seconds
[2023-11-28T19:27:56.590-0300] {processor.py:157} INFO - Started process (PID=149283) to work on /home/marcos/anaconda3/envs/XPe-IGTI/lib/python3.8/site-packages/airflow/example_dags/example_branch_operator.py
[2023-11-28T19:27:56.594-0300] {processor.py:829} INFO - Processing file /home/marcos/anaconda3/envs/XPe-IGTI/lib/python3.8/site-packages/airflow/example_dags/example_branch_operator.py for tasks to queue
[2023-11-28T19:27:56.596-0300] {logging_mixin.py:154} INFO - [2023-11-28T19:27:56.596-0300] {dagbag.py:536} INFO - Filling up the DagBag from /home/marcos/anaconda3/envs/XPe-IGTI/lib/python3.8/site-packages/airflow/example_dags/example_branch_operator.py
[2023-11-28T19:27:56.607-0300] {processor.py:839} INFO - DAG(s) dict_keys(['example_branch_operator']) retrieved from /home/marcos/anaconda3/envs/XPe-IGTI/lib/python3.8/site-packages/airflow/example_dags/example_branch_operator.py
[2023-11-28T19:27:56.625-0300] {logging_mixin.py:154} INFO - [2023-11-28T19:27:56.625-0300] {dag.py:2941} INFO - Sync 1 DAGs
[2023-11-28T19:27:56.645-0300] {logging_mixin.py:154} INFO - [2023-11-28T19:27:56.645-0300] {dag.py:3722} INFO - Setting next_dagrun for example_branch_operator to 2023-11-27T00:00:00+00:00, run_after=2023-11-28T00:00:00+00:00
[2023-11-28T19:27:56.666-0300] {processor.py:179} INFO - Processing /home/marcos/anaconda3/envs/XPe-IGTI/lib/python3.8/site-packages/airflow/example_dags/example_branch_operator.py took 0.078 seconds
