[2023-11-27T21:00:38.602-0300] {processor.py:157} INFO - Started process (PID=51756) to work on /home/marcos/anaconda3/envs/XPe-IGTI/lib/python3.8/site-packages/airflow/example_dags/example_params_ui_tutorial.py
[2023-11-27T21:00:38.603-0300] {processor.py:829} INFO - Processing file /home/marcos/anaconda3/envs/XPe-IGTI/lib/python3.8/site-packages/airflow/example_dags/example_params_ui_tutorial.py for tasks to queue
[2023-11-27T21:00:38.604-0300] {logging_mixin.py:154} INFO - [2023-11-27T21:00:38.604-0300] {dagbag.py:536} INFO - Filling up the DagBag from /home/marcos/anaconda3/envs/XPe-IGTI/lib/python3.8/site-packages/airflow/example_dags/example_params_ui_tutorial.py
[2023-11-27T21:00:38.658-0300] {processor.py:839} INFO - DAG(s) dict_keys(['example_params_ui_tutorial']) retrieved from /home/marcos/anaconda3/envs/XPe-IGTI/lib/python3.8/site-packages/airflow/example_dags/example_params_ui_tutorial.py
[2023-11-27T21:00:38.763-0300] {logging_mixin.py:154} INFO - [2023-11-27T21:00:38.763-0300] {dag.py:2941} INFO - Sync 1 DAGs
[2023-11-27T21:00:38.784-0300] {logging_mixin.py:154} INFO - [2023-11-27T21:00:38.783-0300] {dag.py:3722} INFO - Setting next_dagrun for example_params_ui_tutorial to None, run_after=None
[2023-11-27T21:00:38.820-0300] {processor.py:179} INFO - Processing /home/marcos/anaconda3/envs/XPe-IGTI/lib/python3.8/site-packages/airflow/example_dags/example_params_ui_tutorial.py took 0.224 seconds
[2023-11-27T21:01:38.650-0300] {processor.py:157} INFO - Started process (PID=51826) to work on /home/marcos/anaconda3/envs/XPe-IGTI/lib/python3.8/site-packages/airflow/example_dags/example_params_ui_tutorial.py
[2023-11-27T21:01:38.654-0300] {processor.py:829} INFO - Processing file /home/marcos/anaconda3/envs/XPe-IGTI/lib/python3.8/site-packages/airflow/example_dags/example_params_ui_tutorial.py for tasks to queue
[2023-11-27T21:01:38.656-0300] {logging_mixin.py:154} INFO - [2023-11-27T21:01:38.656-0300] {dagbag.py:536} INFO - Filling up the DagBag from /home/marcos/anaconda3/envs/XPe-IGTI/lib/python3.8/site-packages/airflow/example_dags/example_params_ui_tutorial.py
[2023-11-27T21:01:38.712-0300] {processor.py:839} INFO - DAG(s) dict_keys(['example_params_ui_tutorial']) retrieved from /home/marcos/anaconda3/envs/XPe-IGTI/lib/python3.8/site-packages/airflow/example_dags/example_params_ui_tutorial.py
[2023-11-27T21:01:38.800-0300] {logging_mixin.py:154} INFO - [2023-11-27T21:01:38.799-0300] {dag.py:2941} INFO - Sync 1 DAGs
[2023-11-27T21:01:38.817-0300] {logging_mixin.py:154} INFO - [2023-11-27T21:01:38.817-0300] {dag.py:3722} INFO - Setting next_dagrun for example_params_ui_tutorial to None, run_after=None
[2023-11-27T21:01:38.855-0300] {processor.py:179} INFO - Processing /home/marcos/anaconda3/envs/XPe-IGTI/lib/python3.8/site-packages/airflow/example_dags/example_params_ui_tutorial.py took 0.209 seconds
[2023-11-27T21:02:37.585-0300] {processor.py:157} INFO - Started process (PID=51933) to work on /home/marcos/anaconda3/envs/XPe-IGTI/lib/python3.8/site-packages/airflow/example_dags/example_params_ui_tutorial.py
[2023-11-27T21:02:37.590-0300] {processor.py:829} INFO - Processing file /home/marcos/anaconda3/envs/XPe-IGTI/lib/python3.8/site-packages/airflow/example_dags/example_params_ui_tutorial.py for tasks to queue
[2023-11-27T21:02:37.591-0300] {logging_mixin.py:154} INFO - [2023-11-27T21:02:37.591-0300] {dagbag.py:536} INFO - Filling up the DagBag from /home/marcos/anaconda3/envs/XPe-IGTI/lib/python3.8/site-packages/airflow/example_dags/example_params_ui_tutorial.py
[2023-11-27T21:02:37.648-0300] {processor.py:839} INFO - DAG(s) dict_keys(['example_params_ui_tutorial']) retrieved from /home/marcos/anaconda3/envs/XPe-IGTI/lib/python3.8/site-packages/airflow/example_dags/example_params_ui_tutorial.py
[2023-11-27T21:02:37.733-0300] {logging_mixin.py:154} INFO - [2023-11-27T21:02:37.733-0300] {dag.py:2941} INFO - Sync 1 DAGs
[2023-11-27T21:02:37.754-0300] {logging_mixin.py:154} INFO - [2023-11-27T21:02:37.753-0300] {dag.py:3722} INFO - Setting next_dagrun for example_params_ui_tutorial to None, run_after=None
[2023-11-27T21:02:37.789-0300] {processor.py:179} INFO - Processing /home/marcos/anaconda3/envs/XPe-IGTI/lib/python3.8/site-packages/airflow/example_dags/example_params_ui_tutorial.py took 0.210 seconds
[2023-11-27T21:03:41.496-0300] {processor.py:157} INFO - Started process (PID=52004) to work on /home/marcos/anaconda3/envs/XPe-IGTI/lib/python3.8/site-packages/airflow/example_dags/example_params_ui_tutorial.py
[2023-11-27T21:03:41.500-0300] {processor.py:829} INFO - Processing file /home/marcos/anaconda3/envs/XPe-IGTI/lib/python3.8/site-packages/airflow/example_dags/example_params_ui_tutorial.py for tasks to queue
[2023-11-27T21:03:41.501-0300] {logging_mixin.py:154} INFO - [2023-11-27T21:03:41.501-0300] {dagbag.py:536} INFO - Filling up the DagBag from /home/marcos/anaconda3/envs/XPe-IGTI/lib/python3.8/site-packages/airflow/example_dags/example_params_ui_tutorial.py
[2023-11-27T21:03:41.563-0300] {processor.py:839} INFO - DAG(s) dict_keys(['example_params_ui_tutorial']) retrieved from /home/marcos/anaconda3/envs/XPe-IGTI/lib/python3.8/site-packages/airflow/example_dags/example_params_ui_tutorial.py
[2023-11-27T21:03:41.651-0300] {logging_mixin.py:154} INFO - [2023-11-27T21:03:41.651-0300] {dag.py:2941} INFO - Sync 1 DAGs
[2023-11-27T21:03:41.673-0300] {logging_mixin.py:154} INFO - [2023-11-27T21:03:41.673-0300] {dag.py:3722} INFO - Setting next_dagrun for example_params_ui_tutorial to None, run_after=None
[2023-11-27T21:03:41.713-0300] {processor.py:179} INFO - Processing /home/marcos/anaconda3/envs/XPe-IGTI/lib/python3.8/site-packages/airflow/example_dags/example_params_ui_tutorial.py took 0.223 seconds
[2023-11-27T21:04:27.159-0300] {processor.py:157} INFO - Started process (PID=52059) to work on /home/marcos/anaconda3/envs/XPe-IGTI/lib/python3.8/site-packages/airflow/example_dags/example_params_ui_tutorial.py
[2023-11-27T21:04:27.161-0300] {processor.py:829} INFO - Processing file /home/marcos/anaconda3/envs/XPe-IGTI/lib/python3.8/site-packages/airflow/example_dags/example_params_ui_tutorial.py for tasks to queue
[2023-11-27T21:04:27.164-0300] {logging_mixin.py:154} INFO - [2023-11-27T21:04:27.163-0300] {dagbag.py:536} INFO - Filling up the DagBag from /home/marcos/anaconda3/envs/XPe-IGTI/lib/python3.8/site-packages/airflow/example_dags/example_params_ui_tutorial.py
[2023-11-27T21:04:27.266-0300] {processor.py:839} INFO - DAG(s) dict_keys(['example_params_ui_tutorial']) retrieved from /home/marcos/anaconda3/envs/XPe-IGTI/lib/python3.8/site-packages/airflow/example_dags/example_params_ui_tutorial.py
[2023-11-27T21:04:27.358-0300] {logging_mixin.py:154} INFO - [2023-11-27T21:04:27.358-0300] {dag.py:2941} INFO - Sync 1 DAGs
[2023-11-27T21:04:27.377-0300] {logging_mixin.py:154} INFO - [2023-11-27T21:04:27.376-0300] {dag.py:3722} INFO - Setting next_dagrun for example_params_ui_tutorial to None, run_after=None
[2023-11-27T21:04:27.414-0300] {processor.py:179} INFO - Processing /home/marcos/anaconda3/envs/XPe-IGTI/lib/python3.8/site-packages/airflow/example_dags/example_params_ui_tutorial.py took 0.261 seconds
[2023-11-27T21:05:31.914-0300] {processor.py:157} INFO - Started process (PID=52157) to work on /home/marcos/anaconda3/envs/XPe-IGTI/lib/python3.8/site-packages/airflow/example_dags/example_params_ui_tutorial.py
[2023-11-27T21:05:31.920-0300] {processor.py:829} INFO - Processing file /home/marcos/anaconda3/envs/XPe-IGTI/lib/python3.8/site-packages/airflow/example_dags/example_params_ui_tutorial.py for tasks to queue
[2023-11-27T21:05:31.922-0300] {logging_mixin.py:154} INFO - [2023-11-27T21:05:31.921-0300] {dagbag.py:536} INFO - Filling up the DagBag from /home/marcos/anaconda3/envs/XPe-IGTI/lib/python3.8/site-packages/airflow/example_dags/example_params_ui_tutorial.py
[2023-11-27T21:05:31.980-0300] {processor.py:839} INFO - DAG(s) dict_keys(['example_params_ui_tutorial']) retrieved from /home/marcos/anaconda3/envs/XPe-IGTI/lib/python3.8/site-packages/airflow/example_dags/example_params_ui_tutorial.py
[2023-11-27T21:05:32.060-0300] {logging_mixin.py:154} INFO - [2023-11-27T21:05:32.060-0300] {dag.py:2941} INFO - Sync 1 DAGs
[2023-11-27T21:05:32.077-0300] {logging_mixin.py:154} INFO - [2023-11-27T21:05:32.077-0300] {dag.py:3722} INFO - Setting next_dagrun for example_params_ui_tutorial to None, run_after=None
[2023-11-27T21:05:32.104-0300] {processor.py:179} INFO - Processing /home/marcos/anaconda3/envs/XPe-IGTI/lib/python3.8/site-packages/airflow/example_dags/example_params_ui_tutorial.py took 0.196 seconds
[2023-11-27T21:06:31.860-0300] {processor.py:157} INFO - Started process (PID=52245) to work on /home/marcos/anaconda3/envs/XPe-IGTI/lib/python3.8/site-packages/airflow/example_dags/example_params_ui_tutorial.py
[2023-11-27T21:06:31.865-0300] {processor.py:829} INFO - Processing file /home/marcos/anaconda3/envs/XPe-IGTI/lib/python3.8/site-packages/airflow/example_dags/example_params_ui_tutorial.py for tasks to queue
[2023-11-27T21:06:31.866-0300] {logging_mixin.py:154} INFO - [2023-11-27T21:06:31.865-0300] {dagbag.py:536} INFO - Filling up the DagBag from /home/marcos/anaconda3/envs/XPe-IGTI/lib/python3.8/site-packages/airflow/example_dags/example_params_ui_tutorial.py
[2023-11-27T21:06:31.915-0300] {processor.py:839} INFO - DAG(s) dict_keys(['example_params_ui_tutorial']) retrieved from /home/marcos/anaconda3/envs/XPe-IGTI/lib/python3.8/site-packages/airflow/example_dags/example_params_ui_tutorial.py
[2023-11-27T21:06:32.029-0300] {logging_mixin.py:154} INFO - [2023-11-27T21:06:32.029-0300] {dag.py:2941} INFO - Sync 1 DAGs
[2023-11-27T21:06:32.049-0300] {logging_mixin.py:154} INFO - [2023-11-27T21:06:32.049-0300] {dag.py:3722} INFO - Setting next_dagrun for example_params_ui_tutorial to None, run_after=None
[2023-11-27T21:06:32.086-0300] {processor.py:179} INFO - Processing /home/marcos/anaconda3/envs/XPe-IGTI/lib/python3.8/site-packages/airflow/example_dags/example_params_ui_tutorial.py took 0.230 seconds
[2023-11-27T21:07:32.467-0300] {processor.py:157} INFO - Started process (PID=52346) to work on /home/marcos/anaconda3/envs/XPe-IGTI/lib/python3.8/site-packages/airflow/example_dags/example_params_ui_tutorial.py
[2023-11-27T21:07:32.471-0300] {processor.py:829} INFO - Processing file /home/marcos/anaconda3/envs/XPe-IGTI/lib/python3.8/site-packages/airflow/example_dags/example_params_ui_tutorial.py for tasks to queue
[2023-11-27T21:07:32.472-0300] {logging_mixin.py:154} INFO - [2023-11-27T21:07:32.472-0300] {dagbag.py:536} INFO - Filling up the DagBag from /home/marcos/anaconda3/envs/XPe-IGTI/lib/python3.8/site-packages/airflow/example_dags/example_params_ui_tutorial.py
[2023-11-27T21:07:32.520-0300] {processor.py:839} INFO - DAG(s) dict_keys(['example_params_ui_tutorial']) retrieved from /home/marcos/anaconda3/envs/XPe-IGTI/lib/python3.8/site-packages/airflow/example_dags/example_params_ui_tutorial.py
[2023-11-27T21:07:32.595-0300] {logging_mixin.py:154} INFO - [2023-11-27T21:07:32.595-0300] {dag.py:2941} INFO - Sync 1 DAGs
[2023-11-27T21:07:32.611-0300] {logging_mixin.py:154} INFO - [2023-11-27T21:07:32.611-0300] {dag.py:3722} INFO - Setting next_dagrun for example_params_ui_tutorial to None, run_after=None
[2023-11-27T21:07:32.642-0300] {processor.py:179} INFO - Processing /home/marcos/anaconda3/envs/XPe-IGTI/lib/python3.8/site-packages/airflow/example_dags/example_params_ui_tutorial.py took 0.180 seconds
[2023-11-27T21:08:33.979-0300] {processor.py:157} INFO - Started process (PID=52416) to work on /home/marcos/anaconda3/envs/XPe-IGTI/lib/python3.8/site-packages/airflow/example_dags/example_params_ui_tutorial.py
[2023-11-27T21:08:33.983-0300] {processor.py:829} INFO - Processing file /home/marcos/anaconda3/envs/XPe-IGTI/lib/python3.8/site-packages/airflow/example_dags/example_params_ui_tutorial.py for tasks to queue
[2023-11-27T21:08:33.985-0300] {logging_mixin.py:154} INFO - [2023-11-27T21:08:33.984-0300] {dagbag.py:536} INFO - Filling up the DagBag from /home/marcos/anaconda3/envs/XPe-IGTI/lib/python3.8/site-packages/airflow/example_dags/example_params_ui_tutorial.py
[2023-11-27T21:08:34.033-0300] {processor.py:839} INFO - DAG(s) dict_keys(['example_params_ui_tutorial']) retrieved from /home/marcos/anaconda3/envs/XPe-IGTI/lib/python3.8/site-packages/airflow/example_dags/example_params_ui_tutorial.py
[2023-11-27T21:08:34.108-0300] {logging_mixin.py:154} INFO - [2023-11-27T21:08:34.108-0300] {dag.py:2941} INFO - Sync 1 DAGs
[2023-11-27T21:08:34.124-0300] {logging_mixin.py:154} INFO - [2023-11-27T21:08:34.124-0300] {dag.py:3722} INFO - Setting next_dagrun for example_params_ui_tutorial to None, run_after=None
[2023-11-27T21:08:34.154-0300] {processor.py:179} INFO - Processing /home/marcos/anaconda3/envs/XPe-IGTI/lib/python3.8/site-packages/airflow/example_dags/example_params_ui_tutorial.py took 0.180 seconds
[2023-11-27T21:09:17.678-0300] {processor.py:157} INFO - Started process (PID=52463) to work on /home/marcos/anaconda3/envs/XPe-IGTI/lib/python3.8/site-packages/airflow/example_dags/example_params_ui_tutorial.py
[2023-11-27T21:09:17.683-0300] {processor.py:829} INFO - Processing file /home/marcos/anaconda3/envs/XPe-IGTI/lib/python3.8/site-packages/airflow/example_dags/example_params_ui_tutorial.py for tasks to queue
[2023-11-27T21:09:17.684-0300] {logging_mixin.py:154} INFO - [2023-11-27T21:09:17.683-0300] {dagbag.py:536} INFO - Filling up the DagBag from /home/marcos/anaconda3/envs/XPe-IGTI/lib/python3.8/site-packages/airflow/example_dags/example_params_ui_tutorial.py
[2023-11-27T21:09:17.746-0300] {processor.py:839} INFO - DAG(s) dict_keys(['example_params_ui_tutorial']) retrieved from /home/marcos/anaconda3/envs/XPe-IGTI/lib/python3.8/site-packages/airflow/example_dags/example_params_ui_tutorial.py
[2023-11-27T21:09:17.830-0300] {logging_mixin.py:154} INFO - [2023-11-27T21:09:17.830-0300] {dag.py:2941} INFO - Sync 1 DAGs
[2023-11-27T21:09:17.849-0300] {logging_mixin.py:154} INFO - [2023-11-27T21:09:17.848-0300] {dag.py:3722} INFO - Setting next_dagrun for example_params_ui_tutorial to None, run_after=None
[2023-11-27T21:09:17.883-0300] {processor.py:179} INFO - Processing /home/marcos/anaconda3/envs/XPe-IGTI/lib/python3.8/site-packages/airflow/example_dags/example_params_ui_tutorial.py took 0.210 seconds
[2023-11-27T21:10:20.435-0300] {processor.py:157} INFO - Started process (PID=52543) to work on /home/marcos/anaconda3/envs/XPe-IGTI/lib/python3.8/site-packages/airflow/example_dags/example_params_ui_tutorial.py
[2023-11-27T21:10:20.437-0300] {processor.py:829} INFO - Processing file /home/marcos/anaconda3/envs/XPe-IGTI/lib/python3.8/site-packages/airflow/example_dags/example_params_ui_tutorial.py for tasks to queue
[2023-11-27T21:10:20.438-0300] {logging_mixin.py:154} INFO - [2023-11-27T21:10:20.438-0300] {dagbag.py:536} INFO - Filling up the DagBag from /home/marcos/anaconda3/envs/XPe-IGTI/lib/python3.8/site-packages/airflow/example_dags/example_params_ui_tutorial.py
[2023-11-27T21:10:20.487-0300] {processor.py:839} INFO - DAG(s) dict_keys(['example_params_ui_tutorial']) retrieved from /home/marcos/anaconda3/envs/XPe-IGTI/lib/python3.8/site-packages/airflow/example_dags/example_params_ui_tutorial.py
[2023-11-27T21:10:20.560-0300] {logging_mixin.py:154} INFO - [2023-11-27T21:10:20.560-0300] {dag.py:2941} INFO - Sync 1 DAGs
[2023-11-27T21:10:20.576-0300] {logging_mixin.py:154} INFO - [2023-11-27T21:10:20.576-0300] {dag.py:3722} INFO - Setting next_dagrun for example_params_ui_tutorial to None, run_after=None
[2023-11-27T21:10:20.609-0300] {processor.py:179} INFO - Processing /home/marcos/anaconda3/envs/XPe-IGTI/lib/python3.8/site-packages/airflow/example_dags/example_params_ui_tutorial.py took 0.178 seconds
[2023-11-27T21:11:08.985-0300] {processor.py:157} INFO - Started process (PID=52598) to work on /home/marcos/anaconda3/envs/XPe-IGTI/lib/python3.8/site-packages/airflow/example_dags/example_params_ui_tutorial.py
[2023-11-27T21:11:08.989-0300] {processor.py:829} INFO - Processing file /home/marcos/anaconda3/envs/XPe-IGTI/lib/python3.8/site-packages/airflow/example_dags/example_params_ui_tutorial.py for tasks to queue
[2023-11-27T21:11:08.991-0300] {logging_mixin.py:154} INFO - [2023-11-27T21:11:08.990-0300] {dagbag.py:536} INFO - Filling up the DagBag from /home/marcos/anaconda3/envs/XPe-IGTI/lib/python3.8/site-packages/airflow/example_dags/example_params_ui_tutorial.py
[2023-11-27T21:11:09.040-0300] {processor.py:839} INFO - DAG(s) dict_keys(['example_params_ui_tutorial']) retrieved from /home/marcos/anaconda3/envs/XPe-IGTI/lib/python3.8/site-packages/airflow/example_dags/example_params_ui_tutorial.py
[2023-11-27T21:11:09.114-0300] {logging_mixin.py:154} INFO - [2023-11-27T21:11:09.114-0300] {dag.py:2941} INFO - Sync 1 DAGs
[2023-11-27T21:11:09.130-0300] {logging_mixin.py:154} INFO - [2023-11-27T21:11:09.130-0300] {dag.py:3722} INFO - Setting next_dagrun for example_params_ui_tutorial to None, run_after=None
[2023-11-27T21:11:09.164-0300] {processor.py:179} INFO - Processing /home/marcos/anaconda3/envs/XPe-IGTI/lib/python3.8/site-packages/airflow/example_dags/example_params_ui_tutorial.py took 0.183 seconds
[2023-11-27T21:11:55.003-0300] {processor.py:157} INFO - Started process (PID=52679) to work on /home/marcos/anaconda3/envs/XPe-IGTI/lib/python3.8/site-packages/airflow/example_dags/example_params_ui_tutorial.py
[2023-11-27T21:11:55.008-0300] {processor.py:829} INFO - Processing file /home/marcos/anaconda3/envs/XPe-IGTI/lib/python3.8/site-packages/airflow/example_dags/example_params_ui_tutorial.py for tasks to queue
[2023-11-27T21:11:55.009-0300] {logging_mixin.py:154} INFO - [2023-11-27T21:11:55.009-0300] {dagbag.py:536} INFO - Filling up the DagBag from /home/marcos/anaconda3/envs/XPe-IGTI/lib/python3.8/site-packages/airflow/example_dags/example_params_ui_tutorial.py
[2023-11-27T21:11:55.060-0300] {processor.py:839} INFO - DAG(s) dict_keys(['example_params_ui_tutorial']) retrieved from /home/marcos/anaconda3/envs/XPe-IGTI/lib/python3.8/site-packages/airflow/example_dags/example_params_ui_tutorial.py
[2023-11-27T21:11:55.136-0300] {logging_mixin.py:154} INFO - [2023-11-27T21:11:55.136-0300] {dag.py:2941} INFO - Sync 1 DAGs
[2023-11-27T21:11:55.154-0300] {logging_mixin.py:154} INFO - [2023-11-27T21:11:55.154-0300] {dag.py:3722} INFO - Setting next_dagrun for example_params_ui_tutorial to None, run_after=None
[2023-11-27T21:11:55.187-0300] {processor.py:179} INFO - Processing /home/marcos/anaconda3/envs/XPe-IGTI/lib/python3.8/site-packages/airflow/example_dags/example_params_ui_tutorial.py took 0.189 seconds
[2023-11-27T21:12:58.260-0300] {processor.py:157} INFO - Started process (PID=52751) to work on /home/marcos/anaconda3/envs/XPe-IGTI/lib/python3.8/site-packages/airflow/example_dags/example_params_ui_tutorial.py
[2023-11-27T21:12:58.264-0300] {processor.py:829} INFO - Processing file /home/marcos/anaconda3/envs/XPe-IGTI/lib/python3.8/site-packages/airflow/example_dags/example_params_ui_tutorial.py for tasks to queue
[2023-11-27T21:12:58.265-0300] {logging_mixin.py:154} INFO - [2023-11-27T21:12:58.265-0300] {dagbag.py:536} INFO - Filling up the DagBag from /home/marcos/anaconda3/envs/XPe-IGTI/lib/python3.8/site-packages/airflow/example_dags/example_params_ui_tutorial.py
[2023-11-27T21:12:58.314-0300] {processor.py:839} INFO - DAG(s) dict_keys(['example_params_ui_tutorial']) retrieved from /home/marcos/anaconda3/envs/XPe-IGTI/lib/python3.8/site-packages/airflow/example_dags/example_params_ui_tutorial.py
[2023-11-27T21:12:58.424-0300] {logging_mixin.py:154} INFO - [2023-11-27T21:12:58.424-0300] {dag.py:2941} INFO - Sync 1 DAGs
[2023-11-27T21:12:58.448-0300] {logging_mixin.py:154} INFO - [2023-11-27T21:12:58.448-0300] {dag.py:3722} INFO - Setting next_dagrun for example_params_ui_tutorial to None, run_after=None
[2023-11-27T21:12:58.490-0300] {processor.py:179} INFO - Processing /home/marcos/anaconda3/envs/XPe-IGTI/lib/python3.8/site-packages/airflow/example_dags/example_params_ui_tutorial.py took 0.234 seconds
[2023-11-27T21:13:55.344-0300] {processor.py:157} INFO - Started process (PID=52860) to work on /home/marcos/anaconda3/envs/XPe-IGTI/lib/python3.8/site-packages/airflow/example_dags/example_params_ui_tutorial.py
[2023-11-27T21:13:55.349-0300] {processor.py:829} INFO - Processing file /home/marcos/anaconda3/envs/XPe-IGTI/lib/python3.8/site-packages/airflow/example_dags/example_params_ui_tutorial.py for tasks to queue
[2023-11-27T21:13:55.350-0300] {logging_mixin.py:154} INFO - [2023-11-27T21:13:55.350-0300] {dagbag.py:536} INFO - Filling up the DagBag from /home/marcos/anaconda3/envs/XPe-IGTI/lib/python3.8/site-packages/airflow/example_dags/example_params_ui_tutorial.py
[2023-11-27T21:13:55.426-0300] {processor.py:839} INFO - DAG(s) dict_keys(['example_params_ui_tutorial']) retrieved from /home/marcos/anaconda3/envs/XPe-IGTI/lib/python3.8/site-packages/airflow/example_dags/example_params_ui_tutorial.py
[2023-11-27T21:13:55.533-0300] {logging_mixin.py:154} INFO - [2023-11-27T21:13:55.532-0300] {dag.py:2941} INFO - Sync 1 DAGs
[2023-11-27T21:13:55.559-0300] {logging_mixin.py:154} INFO - [2023-11-27T21:13:55.559-0300] {dag.py:3722} INFO - Setting next_dagrun for example_params_ui_tutorial to None, run_after=None
[2023-11-27T21:13:55.596-0300] {processor.py:179} INFO - Processing /home/marcos/anaconda3/envs/XPe-IGTI/lib/python3.8/site-packages/airflow/example_dags/example_params_ui_tutorial.py took 0.259 seconds
[2023-11-27T21:15:03.411-0300] {processor.py:157} INFO - Started process (PID=52954) to work on /home/marcos/anaconda3/envs/XPe-IGTI/lib/python3.8/site-packages/airflow/example_dags/example_params_ui_tutorial.py
[2023-11-27T21:15:03.420-0300] {processor.py:829} INFO - Processing file /home/marcos/anaconda3/envs/XPe-IGTI/lib/python3.8/site-packages/airflow/example_dags/example_params_ui_tutorial.py for tasks to queue
[2023-11-27T21:15:03.422-0300] {logging_mixin.py:154} INFO - [2023-11-27T21:15:03.421-0300] {dagbag.py:536} INFO - Filling up the DagBag from /home/marcos/anaconda3/envs/XPe-IGTI/lib/python3.8/site-packages/airflow/example_dags/example_params_ui_tutorial.py
[2023-11-27T21:15:03.506-0300] {processor.py:839} INFO - DAG(s) dict_keys(['example_params_ui_tutorial']) retrieved from /home/marcos/anaconda3/envs/XPe-IGTI/lib/python3.8/site-packages/airflow/example_dags/example_params_ui_tutorial.py
[2023-11-27T21:15:03.602-0300] {logging_mixin.py:154} INFO - [2023-11-27T21:15:03.601-0300] {dag.py:2941} INFO - Sync 1 DAGs
[2023-11-27T21:15:03.620-0300] {logging_mixin.py:154} INFO - [2023-11-27T21:15:03.620-0300] {dag.py:3722} INFO - Setting next_dagrun for example_params_ui_tutorial to None, run_after=None
[2023-11-27T21:15:03.656-0300] {processor.py:179} INFO - Processing /home/marcos/anaconda3/envs/XPe-IGTI/lib/python3.8/site-packages/airflow/example_dags/example_params_ui_tutorial.py took 0.256 seconds
[2023-11-27T21:16:12.495-0300] {processor.py:157} INFO - Started process (PID=53034) to work on /home/marcos/anaconda3/envs/XPe-IGTI/lib/python3.8/site-packages/airflow/example_dags/example_params_ui_tutorial.py
[2023-11-27T21:16:12.501-0300] {processor.py:829} INFO - Processing file /home/marcos/anaconda3/envs/XPe-IGTI/lib/python3.8/site-packages/airflow/example_dags/example_params_ui_tutorial.py for tasks to queue
[2023-11-27T21:16:12.505-0300] {logging_mixin.py:154} INFO - [2023-11-27T21:16:12.504-0300] {dagbag.py:536} INFO - Filling up the DagBag from /home/marcos/anaconda3/envs/XPe-IGTI/lib/python3.8/site-packages/airflow/example_dags/example_params_ui_tutorial.py
[2023-11-27T21:16:12.612-0300] {processor.py:839} INFO - DAG(s) dict_keys(['example_params_ui_tutorial']) retrieved from /home/marcos/anaconda3/envs/XPe-IGTI/lib/python3.8/site-packages/airflow/example_dags/example_params_ui_tutorial.py
[2023-11-27T21:16:12.704-0300] {logging_mixin.py:154} INFO - [2023-11-27T21:16:12.704-0300] {dag.py:2941} INFO - Sync 1 DAGs
[2023-11-27T21:16:12.725-0300] {logging_mixin.py:154} INFO - [2023-11-27T21:16:12.725-0300] {dag.py:3722} INFO - Setting next_dagrun for example_params_ui_tutorial to None, run_after=None
[2023-11-27T21:16:12.765-0300] {processor.py:179} INFO - Processing /home/marcos/anaconda3/envs/XPe-IGTI/lib/python3.8/site-packages/airflow/example_dags/example_params_ui_tutorial.py took 0.285 seconds
[2023-11-27T21:17:22.399-0300] {processor.py:157} INFO - Started process (PID=53138) to work on /home/marcos/anaconda3/envs/XPe-IGTI/lib/python3.8/site-packages/airflow/example_dags/example_params_ui_tutorial.py
[2023-11-27T21:17:22.404-0300] {processor.py:829} INFO - Processing file /home/marcos/anaconda3/envs/XPe-IGTI/lib/python3.8/site-packages/airflow/example_dags/example_params_ui_tutorial.py for tasks to queue
[2023-11-27T21:17:22.407-0300] {logging_mixin.py:154} INFO - [2023-11-27T21:17:22.406-0300] {dagbag.py:536} INFO - Filling up the DagBag from /home/marcos/anaconda3/envs/XPe-IGTI/lib/python3.8/site-packages/airflow/example_dags/example_params_ui_tutorial.py
[2023-11-27T21:17:22.477-0300] {processor.py:839} INFO - DAG(s) dict_keys(['example_params_ui_tutorial']) retrieved from /home/marcos/anaconda3/envs/XPe-IGTI/lib/python3.8/site-packages/airflow/example_dags/example_params_ui_tutorial.py
[2023-11-27T21:17:22.563-0300] {logging_mixin.py:154} INFO - [2023-11-27T21:17:22.563-0300] {dag.py:2941} INFO - Sync 1 DAGs
[2023-11-27T21:17:22.580-0300] {logging_mixin.py:154} INFO - [2023-11-27T21:17:22.580-0300] {dag.py:3722} INFO - Setting next_dagrun for example_params_ui_tutorial to None, run_after=None
[2023-11-27T21:17:22.617-0300] {processor.py:179} INFO - Processing /home/marcos/anaconda3/envs/XPe-IGTI/lib/python3.8/site-packages/airflow/example_dags/example_params_ui_tutorial.py took 0.225 seconds
[2023-11-27T21:18:12.718-0300] {processor.py:157} INFO - Started process (PID=53196) to work on /home/marcos/anaconda3/envs/XPe-IGTI/lib/python3.8/site-packages/airflow/example_dags/example_params_ui_tutorial.py
[2023-11-27T21:18:12.723-0300] {processor.py:829} INFO - Processing file /home/marcos/anaconda3/envs/XPe-IGTI/lib/python3.8/site-packages/airflow/example_dags/example_params_ui_tutorial.py for tasks to queue
[2023-11-27T21:18:12.725-0300] {logging_mixin.py:154} INFO - [2023-11-27T21:18:12.724-0300] {dagbag.py:536} INFO - Filling up the DagBag from /home/marcos/anaconda3/envs/XPe-IGTI/lib/python3.8/site-packages/airflow/example_dags/example_params_ui_tutorial.py
[2023-11-27T21:18:12.781-0300] {processor.py:839} INFO - DAG(s) dict_keys(['example_params_ui_tutorial']) retrieved from /home/marcos/anaconda3/envs/XPe-IGTI/lib/python3.8/site-packages/airflow/example_dags/example_params_ui_tutorial.py
[2023-11-27T21:18:12.870-0300] {logging_mixin.py:154} INFO - [2023-11-27T21:18:12.869-0300] {dag.py:2941} INFO - Sync 1 DAGs
[2023-11-27T21:18:12.891-0300] {logging_mixin.py:154} INFO - [2023-11-27T21:18:12.891-0300] {dag.py:3722} INFO - Setting next_dagrun for example_params_ui_tutorial to None, run_after=None
[2023-11-27T21:18:12.930-0300] {processor.py:179} INFO - Processing /home/marcos/anaconda3/envs/XPe-IGTI/lib/python3.8/site-packages/airflow/example_dags/example_params_ui_tutorial.py took 0.217 seconds
[2023-11-27T21:19:14.678-0300] {processor.py:157} INFO - Started process (PID=53278) to work on /home/marcos/anaconda3/envs/XPe-IGTI/lib/python3.8/site-packages/airflow/example_dags/example_params_ui_tutorial.py
[2023-11-27T21:19:14.680-0300] {processor.py:829} INFO - Processing file /home/marcos/anaconda3/envs/XPe-IGTI/lib/python3.8/site-packages/airflow/example_dags/example_params_ui_tutorial.py for tasks to queue
[2023-11-27T21:19:14.681-0300] {logging_mixin.py:154} INFO - [2023-11-27T21:19:14.681-0300] {dagbag.py:536} INFO - Filling up the DagBag from /home/marcos/anaconda3/envs/XPe-IGTI/lib/python3.8/site-packages/airflow/example_dags/example_params_ui_tutorial.py
[2023-11-27T21:19:14.732-0300] {processor.py:839} INFO - DAG(s) dict_keys(['example_params_ui_tutorial']) retrieved from /home/marcos/anaconda3/envs/XPe-IGTI/lib/python3.8/site-packages/airflow/example_dags/example_params_ui_tutorial.py
[2023-11-27T21:19:14.821-0300] {logging_mixin.py:154} INFO - [2023-11-27T21:19:14.820-0300] {dag.py:2941} INFO - Sync 1 DAGs
[2023-11-27T21:19:14.839-0300] {logging_mixin.py:154} INFO - [2023-11-27T21:19:14.839-0300] {dag.py:3722} INFO - Setting next_dagrun for example_params_ui_tutorial to None, run_after=None
[2023-11-27T21:19:14.873-0300] {processor.py:179} INFO - Processing /home/marcos/anaconda3/envs/XPe-IGTI/lib/python3.8/site-packages/airflow/example_dags/example_params_ui_tutorial.py took 0.199 seconds
[2023-11-27T21:20:02.157-0300] {processor.py:157} INFO - Started process (PID=53332) to work on /home/marcos/anaconda3/envs/XPe-IGTI/lib/python3.8/site-packages/airflow/example_dags/example_params_ui_tutorial.py
[2023-11-27T21:20:02.162-0300] {processor.py:829} INFO - Processing file /home/marcos/anaconda3/envs/XPe-IGTI/lib/python3.8/site-packages/airflow/example_dags/example_params_ui_tutorial.py for tasks to queue
[2023-11-27T21:20:02.164-0300] {logging_mixin.py:154} INFO - [2023-11-27T21:20:02.163-0300] {dagbag.py:536} INFO - Filling up the DagBag from /home/marcos/anaconda3/envs/XPe-IGTI/lib/python3.8/site-packages/airflow/example_dags/example_params_ui_tutorial.py
[2023-11-27T21:20:02.254-0300] {processor.py:839} INFO - DAG(s) dict_keys(['example_params_ui_tutorial']) retrieved from /home/marcos/anaconda3/envs/XPe-IGTI/lib/python3.8/site-packages/airflow/example_dags/example_params_ui_tutorial.py
[2023-11-27T21:20:02.366-0300] {logging_mixin.py:154} INFO - [2023-11-27T21:20:02.365-0300] {dag.py:2941} INFO - Sync 1 DAGs
[2023-11-27T21:20:02.386-0300] {logging_mixin.py:154} INFO - [2023-11-27T21:20:02.386-0300] {dag.py:3722} INFO - Setting next_dagrun for example_params_ui_tutorial to None, run_after=None
[2023-11-27T21:20:02.426-0300] {processor.py:179} INFO - Processing /home/marcos/anaconda3/envs/XPe-IGTI/lib/python3.8/site-packages/airflow/example_dags/example_params_ui_tutorial.py took 0.274 seconds
[2023-11-27T21:20:49.365-0300] {processor.py:157} INFO - Started process (PID=53389) to work on /home/marcos/anaconda3/envs/XPe-IGTI/lib/python3.8/site-packages/airflow/example_dags/example_params_ui_tutorial.py
[2023-11-27T21:20:49.370-0300] {processor.py:829} INFO - Processing file /home/marcos/anaconda3/envs/XPe-IGTI/lib/python3.8/site-packages/airflow/example_dags/example_params_ui_tutorial.py for tasks to queue
[2023-11-27T21:20:49.373-0300] {logging_mixin.py:154} INFO - [2023-11-27T21:20:49.371-0300] {dagbag.py:536} INFO - Filling up the DagBag from /home/marcos/anaconda3/envs/XPe-IGTI/lib/python3.8/site-packages/airflow/example_dags/example_params_ui_tutorial.py
[2023-11-27T21:20:49.449-0300] {processor.py:839} INFO - DAG(s) dict_keys(['example_params_ui_tutorial']) retrieved from /home/marcos/anaconda3/envs/XPe-IGTI/lib/python3.8/site-packages/airflow/example_dags/example_params_ui_tutorial.py
[2023-11-27T21:20:49.546-0300] {logging_mixin.py:154} INFO - [2023-11-27T21:20:49.545-0300] {dag.py:2941} INFO - Sync 1 DAGs
[2023-11-27T21:20:49.566-0300] {logging_mixin.py:154} INFO - [2023-11-27T21:20:49.565-0300] {dag.py:3722} INFO - Setting next_dagrun for example_params_ui_tutorial to None, run_after=None
[2023-11-27T21:20:49.604-0300] {processor.py:179} INFO - Processing /home/marcos/anaconda3/envs/XPe-IGTI/lib/python3.8/site-packages/airflow/example_dags/example_params_ui_tutorial.py took 0.244 seconds
[2023-11-27T21:21:55.299-0300] {processor.py:157} INFO - Started process (PID=53483) to work on /home/marcos/anaconda3/envs/XPe-IGTI/lib/python3.8/site-packages/airflow/example_dags/example_params_ui_tutorial.py
[2023-11-27T21:21:55.301-0300] {processor.py:829} INFO - Processing file /home/marcos/anaconda3/envs/XPe-IGTI/lib/python3.8/site-packages/airflow/example_dags/example_params_ui_tutorial.py for tasks to queue
[2023-11-27T21:21:55.303-0300] {logging_mixin.py:154} INFO - [2023-11-27T21:21:55.302-0300] {dagbag.py:536} INFO - Filling up the DagBag from /home/marcos/anaconda3/envs/XPe-IGTI/lib/python3.8/site-packages/airflow/example_dags/example_params_ui_tutorial.py
[2023-11-27T21:21:55.359-0300] {processor.py:839} INFO - DAG(s) dict_keys(['example_params_ui_tutorial']) retrieved from /home/marcos/anaconda3/envs/XPe-IGTI/lib/python3.8/site-packages/airflow/example_dags/example_params_ui_tutorial.py
[2023-11-27T21:21:55.454-0300] {logging_mixin.py:154} INFO - [2023-11-27T21:21:55.453-0300] {dag.py:2941} INFO - Sync 1 DAGs
[2023-11-27T21:21:55.476-0300] {logging_mixin.py:154} INFO - [2023-11-27T21:21:55.476-0300] {dag.py:3722} INFO - Setting next_dagrun for example_params_ui_tutorial to None, run_after=None
[2023-11-27T21:21:55.519-0300] {processor.py:179} INFO - Processing /home/marcos/anaconda3/envs/XPe-IGTI/lib/python3.8/site-packages/airflow/example_dags/example_params_ui_tutorial.py took 0.227 seconds
[2023-11-27T21:22:56.761-0300] {processor.py:157} INFO - Started process (PID=53560) to work on /home/marcos/anaconda3/envs/XPe-IGTI/lib/python3.8/site-packages/airflow/example_dags/example_params_ui_tutorial.py
[2023-11-27T21:22:56.763-0300] {processor.py:829} INFO - Processing file /home/marcos/anaconda3/envs/XPe-IGTI/lib/python3.8/site-packages/airflow/example_dags/example_params_ui_tutorial.py for tasks to queue
[2023-11-27T21:22:56.764-0300] {logging_mixin.py:154} INFO - [2023-11-27T21:22:56.763-0300] {dagbag.py:536} INFO - Filling up the DagBag from /home/marcos/anaconda3/envs/XPe-IGTI/lib/python3.8/site-packages/airflow/example_dags/example_params_ui_tutorial.py
[2023-11-27T21:22:56.818-0300] {processor.py:839} INFO - DAG(s) dict_keys(['example_params_ui_tutorial']) retrieved from /home/marcos/anaconda3/envs/XPe-IGTI/lib/python3.8/site-packages/airflow/example_dags/example_params_ui_tutorial.py
[2023-11-27T21:22:56.903-0300] {logging_mixin.py:154} INFO - [2023-11-27T21:22:56.903-0300] {dag.py:2941} INFO - Sync 1 DAGs
[2023-11-27T21:22:56.923-0300] {logging_mixin.py:154} INFO - [2023-11-27T21:22:56.922-0300] {dag.py:3722} INFO - Setting next_dagrun for example_params_ui_tutorial to None, run_after=None
[2023-11-27T21:22:56.958-0300] {processor.py:179} INFO - Processing /home/marcos/anaconda3/envs/XPe-IGTI/lib/python3.8/site-packages/airflow/example_dags/example_params_ui_tutorial.py took 0.201 seconds
[2023-11-27T21:23:59.531-0300] {processor.py:157} INFO - Started process (PID=53632) to work on /home/marcos/anaconda3/envs/XPe-IGTI/lib/python3.8/site-packages/airflow/example_dags/example_params_ui_tutorial.py
[2023-11-27T21:23:59.537-0300] {processor.py:829} INFO - Processing file /home/marcos/anaconda3/envs/XPe-IGTI/lib/python3.8/site-packages/airflow/example_dags/example_params_ui_tutorial.py for tasks to queue
[2023-11-27T21:23:59.540-0300] {logging_mixin.py:154} INFO - [2023-11-27T21:23:59.539-0300] {dagbag.py:536} INFO - Filling up the DagBag from /home/marcos/anaconda3/envs/XPe-IGTI/lib/python3.8/site-packages/airflow/example_dags/example_params_ui_tutorial.py
[2023-11-27T21:23:59.605-0300] {processor.py:839} INFO - DAG(s) dict_keys(['example_params_ui_tutorial']) retrieved from /home/marcos/anaconda3/envs/XPe-IGTI/lib/python3.8/site-packages/airflow/example_dags/example_params_ui_tutorial.py
[2023-11-27T21:23:59.700-0300] {logging_mixin.py:154} INFO - [2023-11-27T21:23:59.700-0300] {dag.py:2941} INFO - Sync 1 DAGs
[2023-11-27T21:23:59.721-0300] {logging_mixin.py:154} INFO - [2023-11-27T21:23:59.720-0300] {dag.py:3722} INFO - Setting next_dagrun for example_params_ui_tutorial to None, run_after=None
[2023-11-27T21:23:59.761-0300] {processor.py:179} INFO - Processing /home/marcos/anaconda3/envs/XPe-IGTI/lib/python3.8/site-packages/airflow/example_dags/example_params_ui_tutorial.py took 0.242 seconds
[2023-11-27T21:24:44.077-0300] {processor.py:157} INFO - Started process (PID=53686) to work on /home/marcos/anaconda3/envs/XPe-IGTI/lib/python3.8/site-packages/airflow/example_dags/example_params_ui_tutorial.py
[2023-11-27T21:24:44.082-0300] {processor.py:829} INFO - Processing file /home/marcos/anaconda3/envs/XPe-IGTI/lib/python3.8/site-packages/airflow/example_dags/example_params_ui_tutorial.py for tasks to queue
[2023-11-27T21:24:44.083-0300] {logging_mixin.py:154} INFO - [2023-11-27T21:24:44.083-0300] {dagbag.py:536} INFO - Filling up the DagBag from /home/marcos/anaconda3/envs/XPe-IGTI/lib/python3.8/site-packages/airflow/example_dags/example_params_ui_tutorial.py
[2023-11-27T21:24:44.144-0300] {processor.py:839} INFO - DAG(s) dict_keys(['example_params_ui_tutorial']) retrieved from /home/marcos/anaconda3/envs/XPe-IGTI/lib/python3.8/site-packages/airflow/example_dags/example_params_ui_tutorial.py
[2023-11-27T21:24:44.233-0300] {logging_mixin.py:154} INFO - [2023-11-27T21:24:44.233-0300] {dag.py:2941} INFO - Sync 1 DAGs
[2023-11-27T21:24:44.256-0300] {logging_mixin.py:154} INFO - [2023-11-27T21:24:44.256-0300] {dag.py:3722} INFO - Setting next_dagrun for example_params_ui_tutorial to None, run_after=None
[2023-11-27T21:24:44.289-0300] {processor.py:179} INFO - Processing /home/marcos/anaconda3/envs/XPe-IGTI/lib/python3.8/site-packages/airflow/example_dags/example_params_ui_tutorial.py took 0.221 seconds
[2023-11-27T21:25:33.081-0300] {processor.py:157} INFO - Started process (PID=53750) to work on /home/marcos/anaconda3/envs/XPe-IGTI/lib/python3.8/site-packages/airflow/example_dags/example_params_ui_tutorial.py
[2023-11-27T21:25:33.086-0300] {processor.py:829} INFO - Processing file /home/marcos/anaconda3/envs/XPe-IGTI/lib/python3.8/site-packages/airflow/example_dags/example_params_ui_tutorial.py for tasks to queue
[2023-11-27T21:25:33.087-0300] {logging_mixin.py:154} INFO - [2023-11-27T21:25:33.086-0300] {dagbag.py:536} INFO - Filling up the DagBag from /home/marcos/anaconda3/envs/XPe-IGTI/lib/python3.8/site-packages/airflow/example_dags/example_params_ui_tutorial.py
[2023-11-27T21:25:33.141-0300] {processor.py:839} INFO - DAG(s) dict_keys(['example_params_ui_tutorial']) retrieved from /home/marcos/anaconda3/envs/XPe-IGTI/lib/python3.8/site-packages/airflow/example_dags/example_params_ui_tutorial.py
[2023-11-27T21:25:33.225-0300] {logging_mixin.py:154} INFO - [2023-11-27T21:25:33.225-0300] {dag.py:2941} INFO - Sync 1 DAGs
[2023-11-27T21:25:33.245-0300] {logging_mixin.py:154} INFO - [2023-11-27T21:25:33.244-0300] {dag.py:3722} INFO - Setting next_dagrun for example_params_ui_tutorial to None, run_after=None
[2023-11-27T21:25:33.280-0300] {processor.py:179} INFO - Processing /home/marcos/anaconda3/envs/XPe-IGTI/lib/python3.8/site-packages/airflow/example_dags/example_params_ui_tutorial.py took 0.204 seconds
[2023-11-27T21:26:22.685-0300] {processor.py:157} INFO - Started process (PID=53807) to work on /home/marcos/anaconda3/envs/XPe-IGTI/lib/python3.8/site-packages/airflow/example_dags/example_params_ui_tutorial.py
[2023-11-27T21:26:22.692-0300] {processor.py:829} INFO - Processing file /home/marcos/anaconda3/envs/XPe-IGTI/lib/python3.8/site-packages/airflow/example_dags/example_params_ui_tutorial.py for tasks to queue
[2023-11-27T21:26:22.695-0300] {logging_mixin.py:154} INFO - [2023-11-27T21:26:22.693-0300] {dagbag.py:536} INFO - Filling up the DagBag from /home/marcos/anaconda3/envs/XPe-IGTI/lib/python3.8/site-packages/airflow/example_dags/example_params_ui_tutorial.py
[2023-11-27T21:26:22.773-0300] {processor.py:839} INFO - DAG(s) dict_keys(['example_params_ui_tutorial']) retrieved from /home/marcos/anaconda3/envs/XPe-IGTI/lib/python3.8/site-packages/airflow/example_dags/example_params_ui_tutorial.py
[2023-11-27T21:26:22.867-0300] {logging_mixin.py:154} INFO - [2023-11-27T21:26:22.866-0300] {dag.py:2941} INFO - Sync 1 DAGs
[2023-11-27T21:26:22.897-0300] {logging_mixin.py:154} INFO - [2023-11-27T21:26:22.897-0300] {dag.py:3722} INFO - Setting next_dagrun for example_params_ui_tutorial to None, run_after=None
[2023-11-27T21:26:22.933-0300] {processor.py:179} INFO - Processing /home/marcos/anaconda3/envs/XPe-IGTI/lib/python3.8/site-packages/airflow/example_dags/example_params_ui_tutorial.py took 0.258 seconds
[2023-11-27T21:27:10.698-0300] {processor.py:157} INFO - Started process (PID=53886) to work on /home/marcos/anaconda3/envs/XPe-IGTI/lib/python3.8/site-packages/airflow/example_dags/example_params_ui_tutorial.py
[2023-11-27T21:27:10.702-0300] {processor.py:829} INFO - Processing file /home/marcos/anaconda3/envs/XPe-IGTI/lib/python3.8/site-packages/airflow/example_dags/example_params_ui_tutorial.py for tasks to queue
[2023-11-27T21:27:10.704-0300] {logging_mixin.py:154} INFO - [2023-11-27T21:27:10.703-0300] {dagbag.py:536} INFO - Filling up the DagBag from /home/marcos/anaconda3/envs/XPe-IGTI/lib/python3.8/site-packages/airflow/example_dags/example_params_ui_tutorial.py
[2023-11-27T21:27:10.777-0300] {processor.py:839} INFO - DAG(s) dict_keys(['example_params_ui_tutorial']) retrieved from /home/marcos/anaconda3/envs/XPe-IGTI/lib/python3.8/site-packages/airflow/example_dags/example_params_ui_tutorial.py
[2023-11-27T21:27:10.907-0300] {logging_mixin.py:154} INFO - [2023-11-27T21:27:10.906-0300] {dag.py:2941} INFO - Sync 1 DAGs
[2023-11-27T21:27:10.927-0300] {logging_mixin.py:154} INFO - [2023-11-27T21:27:10.926-0300] {dag.py:3722} INFO - Setting next_dagrun for example_params_ui_tutorial to None, run_after=None
[2023-11-27T21:27:10.969-0300] {processor.py:179} INFO - Processing /home/marcos/anaconda3/envs/XPe-IGTI/lib/python3.8/site-packages/airflow/example_dags/example_params_ui_tutorial.py took 0.277 seconds
[2023-11-27T21:28:15.713-0300] {processor.py:157} INFO - Started process (PID=53972) to work on /home/marcos/anaconda3/envs/XPe-IGTI/lib/python3.8/site-packages/airflow/example_dags/example_params_ui_tutorial.py
[2023-11-27T21:28:15.718-0300] {processor.py:829} INFO - Processing file /home/marcos/anaconda3/envs/XPe-IGTI/lib/python3.8/site-packages/airflow/example_dags/example_params_ui_tutorial.py for tasks to queue
[2023-11-27T21:28:15.720-0300] {logging_mixin.py:154} INFO - [2023-11-27T21:28:15.719-0300] {dagbag.py:536} INFO - Filling up the DagBag from /home/marcos/anaconda3/envs/XPe-IGTI/lib/python3.8/site-packages/airflow/example_dags/example_params_ui_tutorial.py
[2023-11-27T21:28:15.787-0300] {processor.py:839} INFO - DAG(s) dict_keys(['example_params_ui_tutorial']) retrieved from /home/marcos/anaconda3/envs/XPe-IGTI/lib/python3.8/site-packages/airflow/example_dags/example_params_ui_tutorial.py
[2023-11-27T21:28:15.892-0300] {logging_mixin.py:154} INFO - [2023-11-27T21:28:15.892-0300] {dag.py:2941} INFO - Sync 1 DAGs
[2023-11-27T21:28:15.913-0300] {logging_mixin.py:154} INFO - [2023-11-27T21:28:15.912-0300] {dag.py:3722} INFO - Setting next_dagrun for example_params_ui_tutorial to None, run_after=None
[2023-11-27T21:28:15.953-0300] {processor.py:179} INFO - Processing /home/marcos/anaconda3/envs/XPe-IGTI/lib/python3.8/site-packages/airflow/example_dags/example_params_ui_tutorial.py took 0.245 seconds
[2023-11-27T21:29:16.073-0300] {processor.py:157} INFO - Started process (PID=54063) to work on /home/marcos/anaconda3/envs/XPe-IGTI/lib/python3.8/site-packages/airflow/example_dags/example_params_ui_tutorial.py
[2023-11-27T21:29:16.078-0300] {processor.py:829} INFO - Processing file /home/marcos/anaconda3/envs/XPe-IGTI/lib/python3.8/site-packages/airflow/example_dags/example_params_ui_tutorial.py for tasks to queue
[2023-11-27T21:29:16.079-0300] {logging_mixin.py:154} INFO - [2023-11-27T21:29:16.078-0300] {dagbag.py:536} INFO - Filling up the DagBag from /home/marcos/anaconda3/envs/XPe-IGTI/lib/python3.8/site-packages/airflow/example_dags/example_params_ui_tutorial.py
[2023-11-27T21:29:16.126-0300] {processor.py:839} INFO - DAG(s) dict_keys(['example_params_ui_tutorial']) retrieved from /home/marcos/anaconda3/envs/XPe-IGTI/lib/python3.8/site-packages/airflow/example_dags/example_params_ui_tutorial.py
[2023-11-27T21:29:16.201-0300] {logging_mixin.py:154} INFO - [2023-11-27T21:29:16.201-0300] {dag.py:2941} INFO - Sync 1 DAGs
[2023-11-27T21:29:16.217-0300] {logging_mixin.py:154} INFO - [2023-11-27T21:29:16.217-0300] {dag.py:3722} INFO - Setting next_dagrun for example_params_ui_tutorial to None, run_after=None
[2023-11-27T21:29:16.250-0300] {processor.py:179} INFO - Processing /home/marcos/anaconda3/envs/XPe-IGTI/lib/python3.8/site-packages/airflow/example_dags/example_params_ui_tutorial.py took 0.181 seconds
[2023-11-28T18:52:36.362-0300] {processor.py:157} INFO - Started process (PID=144633) to work on /home/marcos/anaconda3/envs/XPe-IGTI/lib/python3.8/site-packages/airflow/example_dags/example_params_ui_tutorial.py
[2023-11-28T18:52:36.363-0300] {processor.py:829} INFO - Processing file /home/marcos/anaconda3/envs/XPe-IGTI/lib/python3.8/site-packages/airflow/example_dags/example_params_ui_tutorial.py for tasks to queue
[2023-11-28T18:52:36.365-0300] {logging_mixin.py:154} INFO - [2023-11-28T18:52:36.364-0300] {dagbag.py:536} INFO - Filling up the DagBag from /home/marcos/anaconda3/envs/XPe-IGTI/lib/python3.8/site-packages/airflow/example_dags/example_params_ui_tutorial.py
[2023-11-28T18:52:36.402-0300] {processor.py:839} INFO - DAG(s) dict_keys(['example_params_ui_tutorial']) retrieved from /home/marcos/anaconda3/envs/XPe-IGTI/lib/python3.8/site-packages/airflow/example_dags/example_params_ui_tutorial.py
[2023-11-28T18:52:36.471-0300] {logging_mixin.py:154} INFO - [2023-11-28T18:52:36.471-0300] {dag.py:2941} INFO - Sync 1 DAGs
[2023-11-28T18:52:36.490-0300] {logging_mixin.py:154} INFO - [2023-11-28T18:52:36.489-0300] {dag.py:3722} INFO - Setting next_dagrun for example_params_ui_tutorial to None, run_after=None
[2023-11-28T18:52:36.534-0300] {processor.py:179} INFO - Processing /home/marcos/anaconda3/envs/XPe-IGTI/lib/python3.8/site-packages/airflow/example_dags/example_params_ui_tutorial.py took 0.177 seconds
[2023-11-28T18:53:24.000-0300] {processor.py:157} INFO - Started process (PID=144718) to work on /home/marcos/anaconda3/envs/XPe-IGTI/lib/python3.8/site-packages/airflow/example_dags/example_params_ui_tutorial.py
[2023-11-28T18:53:24.003-0300] {processor.py:829} INFO - Processing file /home/marcos/anaconda3/envs/XPe-IGTI/lib/python3.8/site-packages/airflow/example_dags/example_params_ui_tutorial.py for tasks to queue
[2023-11-28T18:53:24.004-0300] {logging_mixin.py:154} INFO - [2023-11-28T18:53:24.004-0300] {dagbag.py:536} INFO - Filling up the DagBag from /home/marcos/anaconda3/envs/XPe-IGTI/lib/python3.8/site-packages/airflow/example_dags/example_params_ui_tutorial.py
[2023-11-28T18:53:24.034-0300] {processor.py:839} INFO - DAG(s) dict_keys(['example_params_ui_tutorial']) retrieved from /home/marcos/anaconda3/envs/XPe-IGTI/lib/python3.8/site-packages/airflow/example_dags/example_params_ui_tutorial.py
[2023-11-28T18:53:24.073-0300] {logging_mixin.py:154} INFO - [2023-11-28T18:53:24.073-0300] {dag.py:2941} INFO - Sync 1 DAGs
[2023-11-28T18:53:24.082-0300] {logging_mixin.py:154} INFO - [2023-11-28T18:53:24.081-0300] {dag.py:3722} INFO - Setting next_dagrun for example_params_ui_tutorial to None, run_after=None
[2023-11-28T18:53:24.098-0300] {processor.py:179} INFO - Processing /home/marcos/anaconda3/envs/XPe-IGTI/lib/python3.8/site-packages/airflow/example_dags/example_params_ui_tutorial.py took 0.102 seconds
[2023-11-28T18:54:20.041-0300] {processor.py:157} INFO - Started process (PID=145260) to work on /home/marcos/anaconda3/envs/XPe-IGTI/lib/python3.8/site-packages/airflow/example_dags/example_params_ui_tutorial.py
[2023-11-28T18:54:20.042-0300] {processor.py:829} INFO - Processing file /home/marcos/anaconda3/envs/XPe-IGTI/lib/python3.8/site-packages/airflow/example_dags/example_params_ui_tutorial.py for tasks to queue
[2023-11-28T18:54:20.044-0300] {logging_mixin.py:154} INFO - [2023-11-28T18:54:20.043-0300] {dagbag.py:536} INFO - Filling up the DagBag from /home/marcos/anaconda3/envs/XPe-IGTI/lib/python3.8/site-packages/airflow/example_dags/example_params_ui_tutorial.py
[2023-11-28T18:54:20.104-0300] {processor.py:839} INFO - DAG(s) dict_keys(['example_params_ui_tutorial']) retrieved from /home/marcos/anaconda3/envs/XPe-IGTI/lib/python3.8/site-packages/airflow/example_dags/example_params_ui_tutorial.py
[2023-11-28T18:54:20.227-0300] {logging_mixin.py:154} INFO - [2023-11-28T18:54:20.227-0300] {dag.py:2941} INFO - Sync 1 DAGs
[2023-11-28T18:54:20.247-0300] {logging_mixin.py:154} INFO - [2023-11-28T18:54:20.246-0300] {dag.py:3722} INFO - Setting next_dagrun for example_params_ui_tutorial to None, run_after=None
[2023-11-28T18:54:20.281-0300] {processor.py:179} INFO - Processing /home/marcos/anaconda3/envs/XPe-IGTI/lib/python3.8/site-packages/airflow/example_dags/example_params_ui_tutorial.py took 0.246 seconds
[2023-11-28T18:55:11.944-0300] {processor.py:157} INFO - Started process (PID=145341) to work on /home/marcos/anaconda3/envs/XPe-IGTI/lib/python3.8/site-packages/airflow/example_dags/example_params_ui_tutorial.py
[2023-11-28T18:55:11.945-0300] {processor.py:829} INFO - Processing file /home/marcos/anaconda3/envs/XPe-IGTI/lib/python3.8/site-packages/airflow/example_dags/example_params_ui_tutorial.py for tasks to queue
[2023-11-28T18:55:11.945-0300] {logging_mixin.py:154} INFO - [2023-11-28T18:55:11.945-0300] {dagbag.py:536} INFO - Filling up the DagBag from /home/marcos/anaconda3/envs/XPe-IGTI/lib/python3.8/site-packages/airflow/example_dags/example_params_ui_tutorial.py
[2023-11-28T18:55:11.976-0300] {processor.py:839} INFO - DAG(s) dict_keys(['example_params_ui_tutorial']) retrieved from /home/marcos/anaconda3/envs/XPe-IGTI/lib/python3.8/site-packages/airflow/example_dags/example_params_ui_tutorial.py
[2023-11-28T18:55:12.021-0300] {logging_mixin.py:154} INFO - [2023-11-28T18:55:12.021-0300] {dag.py:2941} INFO - Sync 1 DAGs
[2023-11-28T18:55:12.032-0300] {logging_mixin.py:154} INFO - [2023-11-28T18:55:12.032-0300] {dag.py:3722} INFO - Setting next_dagrun for example_params_ui_tutorial to None, run_after=None
[2023-11-28T18:55:12.049-0300] {processor.py:179} INFO - Processing /home/marcos/anaconda3/envs/XPe-IGTI/lib/python3.8/site-packages/airflow/example_dags/example_params_ui_tutorial.py took 0.109 seconds
[2023-11-28T18:56:10.410-0300] {processor.py:157} INFO - Started process (PID=145433) to work on /home/marcos/anaconda3/envs/XPe-IGTI/lib/python3.8/site-packages/airflow/example_dags/example_params_ui_tutorial.py
[2023-11-28T18:56:10.414-0300] {processor.py:829} INFO - Processing file /home/marcos/anaconda3/envs/XPe-IGTI/lib/python3.8/site-packages/airflow/example_dags/example_params_ui_tutorial.py for tasks to queue
[2023-11-28T18:56:10.416-0300] {logging_mixin.py:154} INFO - [2023-11-28T18:56:10.415-0300] {dagbag.py:536} INFO - Filling up the DagBag from /home/marcos/anaconda3/envs/XPe-IGTI/lib/python3.8/site-packages/airflow/example_dags/example_params_ui_tutorial.py
[2023-11-28T18:56:10.454-0300] {processor.py:839} INFO - DAG(s) dict_keys(['example_params_ui_tutorial']) retrieved from /home/marcos/anaconda3/envs/XPe-IGTI/lib/python3.8/site-packages/airflow/example_dags/example_params_ui_tutorial.py
[2023-11-28T18:56:10.494-0300] {logging_mixin.py:154} INFO - [2023-11-28T18:56:10.494-0300] {dag.py:2941} INFO - Sync 1 DAGs
[2023-11-28T18:56:10.503-0300] {logging_mixin.py:154} INFO - [2023-11-28T18:56:10.503-0300] {dag.py:3722} INFO - Setting next_dagrun for example_params_ui_tutorial to None, run_after=None
[2023-11-28T18:56:10.522-0300] {processor.py:179} INFO - Processing /home/marcos/anaconda3/envs/XPe-IGTI/lib/python3.8/site-packages/airflow/example_dags/example_params_ui_tutorial.py took 0.117 seconds
[2023-11-28T18:57:06.138-0300] {processor.py:157} INFO - Started process (PID=145560) to work on /home/marcos/anaconda3/envs/XPe-IGTI/lib/python3.8/site-packages/airflow/example_dags/example_params_ui_tutorial.py
[2023-11-28T18:57:06.142-0300] {processor.py:829} INFO - Processing file /home/marcos/anaconda3/envs/XPe-IGTI/lib/python3.8/site-packages/airflow/example_dags/example_params_ui_tutorial.py for tasks to queue
[2023-11-28T18:57:06.143-0300] {logging_mixin.py:154} INFO - [2023-11-28T18:57:06.143-0300] {dagbag.py:536} INFO - Filling up the DagBag from /home/marcos/anaconda3/envs/XPe-IGTI/lib/python3.8/site-packages/airflow/example_dags/example_params_ui_tutorial.py
[2023-11-28T18:57:06.190-0300] {processor.py:839} INFO - DAG(s) dict_keys(['example_params_ui_tutorial']) retrieved from /home/marcos/anaconda3/envs/XPe-IGTI/lib/python3.8/site-packages/airflow/example_dags/example_params_ui_tutorial.py
[2023-11-28T18:57:06.275-0300] {logging_mixin.py:154} INFO - [2023-11-28T18:57:06.275-0300] {dag.py:2941} INFO - Sync 1 DAGs
[2023-11-28T18:57:06.291-0300] {logging_mixin.py:154} INFO - [2023-11-28T18:57:06.291-0300] {dag.py:3722} INFO - Setting next_dagrun for example_params_ui_tutorial to None, run_after=None
[2023-11-28T18:57:06.323-0300] {processor.py:179} INFO - Processing /home/marcos/anaconda3/envs/XPe-IGTI/lib/python3.8/site-packages/airflow/example_dags/example_params_ui_tutorial.py took 0.190 seconds
[2023-11-28T18:57:59.680-0300] {processor.py:157} INFO - Started process (PID=145661) to work on /home/marcos/anaconda3/envs/XPe-IGTI/lib/python3.8/site-packages/airflow/example_dags/example_params_ui_tutorial.py
[2023-11-28T18:57:59.684-0300] {processor.py:829} INFO - Processing file /home/marcos/anaconda3/envs/XPe-IGTI/lib/python3.8/site-packages/airflow/example_dags/example_params_ui_tutorial.py for tasks to queue
[2023-11-28T18:57:59.684-0300] {logging_mixin.py:154} INFO - [2023-11-28T18:57:59.684-0300] {dagbag.py:536} INFO - Filling up the DagBag from /home/marcos/anaconda3/envs/XPe-IGTI/lib/python3.8/site-packages/airflow/example_dags/example_params_ui_tutorial.py
[2023-11-28T18:57:59.714-0300] {processor.py:839} INFO - DAG(s) dict_keys(['example_params_ui_tutorial']) retrieved from /home/marcos/anaconda3/envs/XPe-IGTI/lib/python3.8/site-packages/airflow/example_dags/example_params_ui_tutorial.py
[2023-11-28T18:57:59.755-0300] {logging_mixin.py:154} INFO - [2023-11-28T18:57:59.755-0300] {dag.py:2941} INFO - Sync 1 DAGs
[2023-11-28T18:57:59.764-0300] {logging_mixin.py:154} INFO - [2023-11-28T18:57:59.764-0300] {dag.py:3722} INFO - Setting next_dagrun for example_params_ui_tutorial to None, run_after=None
[2023-11-28T18:57:59.780-0300] {processor.py:179} INFO - Processing /home/marcos/anaconda3/envs/XPe-IGTI/lib/python3.8/site-packages/airflow/example_dags/example_params_ui_tutorial.py took 0.104 seconds
[2023-11-28T18:58:56.696-0300] {processor.py:157} INFO - Started process (PID=145748) to work on /home/marcos/anaconda3/envs/XPe-IGTI/lib/python3.8/site-packages/airflow/example_dags/example_params_ui_tutorial.py
[2023-11-28T18:58:56.700-0300] {processor.py:829} INFO - Processing file /home/marcos/anaconda3/envs/XPe-IGTI/lib/python3.8/site-packages/airflow/example_dags/example_params_ui_tutorial.py for tasks to queue
[2023-11-28T18:58:56.701-0300] {logging_mixin.py:154} INFO - [2023-11-28T18:58:56.701-0300] {dagbag.py:536} INFO - Filling up the DagBag from /home/marcos/anaconda3/envs/XPe-IGTI/lib/python3.8/site-packages/airflow/example_dags/example_params_ui_tutorial.py
[2023-11-28T18:58:56.733-0300] {processor.py:839} INFO - DAG(s) dict_keys(['example_params_ui_tutorial']) retrieved from /home/marcos/anaconda3/envs/XPe-IGTI/lib/python3.8/site-packages/airflow/example_dags/example_params_ui_tutorial.py
[2023-11-28T18:58:56.775-0300] {logging_mixin.py:154} INFO - [2023-11-28T18:58:56.775-0300] {dag.py:2941} INFO - Sync 1 DAGs
[2023-11-28T18:58:56.784-0300] {logging_mixin.py:154} INFO - [2023-11-28T18:58:56.784-0300] {dag.py:3722} INFO - Setting next_dagrun for example_params_ui_tutorial to None, run_after=None
[2023-11-28T18:58:56.811-0300] {processor.py:179} INFO - Processing /home/marcos/anaconda3/envs/XPe-IGTI/lib/python3.8/site-packages/airflow/example_dags/example_params_ui_tutorial.py took 0.120 seconds
[2023-11-28T18:59:57.230-0300] {processor.py:157} INFO - Started process (PID=145843) to work on /home/marcos/anaconda3/envs/XPe-IGTI/lib/python3.8/site-packages/airflow/example_dags/example_params_ui_tutorial.py
[2023-11-28T18:59:57.235-0300] {processor.py:829} INFO - Processing file /home/marcos/anaconda3/envs/XPe-IGTI/lib/python3.8/site-packages/airflow/example_dags/example_params_ui_tutorial.py for tasks to queue
[2023-11-28T18:59:57.236-0300] {logging_mixin.py:154} INFO - [2023-11-28T18:59:57.236-0300] {dagbag.py:536} INFO - Filling up the DagBag from /home/marcos/anaconda3/envs/XPe-IGTI/lib/python3.8/site-packages/airflow/example_dags/example_params_ui_tutorial.py
[2023-11-28T18:59:57.267-0300] {processor.py:839} INFO - DAG(s) dict_keys(['example_params_ui_tutorial']) retrieved from /home/marcos/anaconda3/envs/XPe-IGTI/lib/python3.8/site-packages/airflow/example_dags/example_params_ui_tutorial.py
[2023-11-28T18:59:57.313-0300] {logging_mixin.py:154} INFO - [2023-11-28T18:59:57.312-0300] {dag.py:2941} INFO - Sync 1 DAGs
[2023-11-28T18:59:57.324-0300] {logging_mixin.py:154} INFO - [2023-11-28T18:59:57.324-0300] {dag.py:3722} INFO - Setting next_dagrun for example_params_ui_tutorial to None, run_after=None
[2023-11-28T18:59:57.344-0300] {processor.py:179} INFO - Processing /home/marcos/anaconda3/envs/XPe-IGTI/lib/python3.8/site-packages/airflow/example_dags/example_params_ui_tutorial.py took 0.118 seconds
[2023-11-28T19:00:46.877-0300] {processor.py:157} INFO - Started process (PID=145921) to work on /home/marcos/anaconda3/envs/XPe-IGTI/lib/python3.8/site-packages/airflow/example_dags/example_params_ui_tutorial.py
[2023-11-28T19:00:46.881-0300] {processor.py:829} INFO - Processing file /home/marcos/anaconda3/envs/XPe-IGTI/lib/python3.8/site-packages/airflow/example_dags/example_params_ui_tutorial.py for tasks to queue
[2023-11-28T19:00:46.882-0300] {logging_mixin.py:154} INFO - [2023-11-28T19:00:46.882-0300] {dagbag.py:536} INFO - Filling up the DagBag from /home/marcos/anaconda3/envs/XPe-IGTI/lib/python3.8/site-packages/airflow/example_dags/example_params_ui_tutorial.py
[2023-11-28T19:00:46.917-0300] {processor.py:839} INFO - DAG(s) dict_keys(['example_params_ui_tutorial']) retrieved from /home/marcos/anaconda3/envs/XPe-IGTI/lib/python3.8/site-packages/airflow/example_dags/example_params_ui_tutorial.py
[2023-11-28T19:00:46.959-0300] {logging_mixin.py:154} INFO - [2023-11-28T19:00:46.959-0300] {dag.py:2941} INFO - Sync 1 DAGs
[2023-11-28T19:00:46.967-0300] {logging_mixin.py:154} INFO - [2023-11-28T19:00:46.967-0300] {dag.py:3722} INFO - Setting next_dagrun for example_params_ui_tutorial to None, run_after=None
[2023-11-28T19:00:46.986-0300] {processor.py:179} INFO - Processing /home/marcos/anaconda3/envs/XPe-IGTI/lib/python3.8/site-packages/airflow/example_dags/example_params_ui_tutorial.py took 0.112 seconds
[2023-11-28T19:01:44.683-0300] {processor.py:157} INFO - Started process (PID=146031) to work on /home/marcos/anaconda3/envs/XPe-IGTI/lib/python3.8/site-packages/airflow/example_dags/example_params_ui_tutorial.py
[2023-11-28T19:01:44.687-0300] {processor.py:829} INFO - Processing file /home/marcos/anaconda3/envs/XPe-IGTI/lib/python3.8/site-packages/airflow/example_dags/example_params_ui_tutorial.py for tasks to queue
[2023-11-28T19:01:44.689-0300] {logging_mixin.py:154} INFO - [2023-11-28T19:01:44.688-0300] {dagbag.py:536} INFO - Filling up the DagBag from /home/marcos/anaconda3/envs/XPe-IGTI/lib/python3.8/site-packages/airflow/example_dags/example_params_ui_tutorial.py
[2023-11-28T19:01:44.738-0300] {processor.py:839} INFO - DAG(s) dict_keys(['example_params_ui_tutorial']) retrieved from /home/marcos/anaconda3/envs/XPe-IGTI/lib/python3.8/site-packages/airflow/example_dags/example_params_ui_tutorial.py
[2023-11-28T19:01:44.826-0300] {logging_mixin.py:154} INFO - [2023-11-28T19:01:44.826-0300] {dag.py:2941} INFO - Sync 1 DAGs
[2023-11-28T19:01:44.843-0300] {logging_mixin.py:154} INFO - [2023-11-28T19:01:44.842-0300] {dag.py:3722} INFO - Setting next_dagrun for example_params_ui_tutorial to None, run_after=None
[2023-11-28T19:01:44.875-0300] {processor.py:179} INFO - Processing /home/marcos/anaconda3/envs/XPe-IGTI/lib/python3.8/site-packages/airflow/example_dags/example_params_ui_tutorial.py took 0.197 seconds
[2023-11-28T19:02:43.231-0300] {processor.py:157} INFO - Started process (PID=146156) to work on /home/marcos/anaconda3/envs/XPe-IGTI/lib/python3.8/site-packages/airflow/example_dags/example_params_ui_tutorial.py
[2023-11-28T19:02:43.235-0300] {processor.py:829} INFO - Processing file /home/marcos/anaconda3/envs/XPe-IGTI/lib/python3.8/site-packages/airflow/example_dags/example_params_ui_tutorial.py for tasks to queue
[2023-11-28T19:02:43.236-0300] {logging_mixin.py:154} INFO - [2023-11-28T19:02:43.236-0300] {dagbag.py:536} INFO - Filling up the DagBag from /home/marcos/anaconda3/envs/XPe-IGTI/lib/python3.8/site-packages/airflow/example_dags/example_params_ui_tutorial.py
[2023-11-28T19:02:43.269-0300] {processor.py:839} INFO - DAG(s) dict_keys(['example_params_ui_tutorial']) retrieved from /home/marcos/anaconda3/envs/XPe-IGTI/lib/python3.8/site-packages/airflow/example_dags/example_params_ui_tutorial.py
[2023-11-28T19:02:43.319-0300] {logging_mixin.py:154} INFO - [2023-11-28T19:02:43.319-0300] {dag.py:2941} INFO - Sync 1 DAGs
[2023-11-28T19:02:43.329-0300] {logging_mixin.py:154} INFO - [2023-11-28T19:02:43.329-0300] {dag.py:3722} INFO - Setting next_dagrun for example_params_ui_tutorial to None, run_after=None
[2023-11-28T19:02:43.349-0300] {processor.py:179} INFO - Processing /home/marcos/anaconda3/envs/XPe-IGTI/lib/python3.8/site-packages/airflow/example_dags/example_params_ui_tutorial.py took 0.122 seconds
[2023-11-28T19:03:41.191-0300] {processor.py:157} INFO - Started process (PID=146268) to work on /home/marcos/anaconda3/envs/XPe-IGTI/lib/python3.8/site-packages/airflow/example_dags/example_params_ui_tutorial.py
[2023-11-28T19:03:41.195-0300] {processor.py:829} INFO - Processing file /home/marcos/anaconda3/envs/XPe-IGTI/lib/python3.8/site-packages/airflow/example_dags/example_params_ui_tutorial.py for tasks to queue
[2023-11-28T19:03:41.196-0300] {logging_mixin.py:154} INFO - [2023-11-28T19:03:41.196-0300] {dagbag.py:536} INFO - Filling up the DagBag from /home/marcos/anaconda3/envs/XPe-IGTI/lib/python3.8/site-packages/airflow/example_dags/example_params_ui_tutorial.py
[2023-11-28T19:03:41.250-0300] {processor.py:839} INFO - DAG(s) dict_keys(['example_params_ui_tutorial']) retrieved from /home/marcos/anaconda3/envs/XPe-IGTI/lib/python3.8/site-packages/airflow/example_dags/example_params_ui_tutorial.py
[2023-11-28T19:03:41.333-0300] {logging_mixin.py:154} INFO - [2023-11-28T19:03:41.333-0300] {dag.py:2941} INFO - Sync 1 DAGs
[2023-11-28T19:03:41.353-0300] {logging_mixin.py:154} INFO - [2023-11-28T19:03:41.352-0300] {dag.py:3722} INFO - Setting next_dagrun for example_params_ui_tutorial to None, run_after=None
[2023-11-28T19:03:41.388-0300] {processor.py:179} INFO - Processing /home/marcos/anaconda3/envs/XPe-IGTI/lib/python3.8/site-packages/airflow/example_dags/example_params_ui_tutorial.py took 0.202 seconds
[2023-11-28T19:04:51.044-0300] {processor.py:157} INFO - Started process (PID=146394) to work on /home/marcos/anaconda3/envs/XPe-IGTI/lib/python3.8/site-packages/airflow/example_dags/example_params_ui_tutorial.py
[2023-11-28T19:04:51.045-0300] {processor.py:829} INFO - Processing file /home/marcos/anaconda3/envs/XPe-IGTI/lib/python3.8/site-packages/airflow/example_dags/example_params_ui_tutorial.py for tasks to queue
[2023-11-28T19:04:51.046-0300] {logging_mixin.py:154} INFO - [2023-11-28T19:04:51.046-0300] {dagbag.py:536} INFO - Filling up the DagBag from /home/marcos/anaconda3/envs/XPe-IGTI/lib/python3.8/site-packages/airflow/example_dags/example_params_ui_tutorial.py
[2023-11-28T19:04:51.102-0300] {processor.py:839} INFO - DAG(s) dict_keys(['example_params_ui_tutorial']) retrieved from /home/marcos/anaconda3/envs/XPe-IGTI/lib/python3.8/site-packages/airflow/example_dags/example_params_ui_tutorial.py
[2023-11-28T19:04:51.190-0300] {logging_mixin.py:154} INFO - [2023-11-28T19:04:51.189-0300] {dag.py:2941} INFO - Sync 1 DAGs
[2023-11-28T19:04:51.208-0300] {logging_mixin.py:154} INFO - [2023-11-28T19:04:51.208-0300] {dag.py:3722} INFO - Setting next_dagrun for example_params_ui_tutorial to None, run_after=None
[2023-11-28T19:04:51.250-0300] {processor.py:179} INFO - Processing /home/marcos/anaconda3/envs/XPe-IGTI/lib/python3.8/site-packages/airflow/example_dags/example_params_ui_tutorial.py took 0.211 seconds
[2023-11-28T19:05:41.057-0300] {processor.py:157} INFO - Started process (PID=146480) to work on /home/marcos/anaconda3/envs/XPe-IGTI/lib/python3.8/site-packages/airflow/example_dags/example_params_ui_tutorial.py
[2023-11-28T19:05:41.062-0300] {processor.py:829} INFO - Processing file /home/marcos/anaconda3/envs/XPe-IGTI/lib/python3.8/site-packages/airflow/example_dags/example_params_ui_tutorial.py for tasks to queue
[2023-11-28T19:05:41.063-0300] {logging_mixin.py:154} INFO - [2023-11-28T19:05:41.063-0300] {dagbag.py:536} INFO - Filling up the DagBag from /home/marcos/anaconda3/envs/XPe-IGTI/lib/python3.8/site-packages/airflow/example_dags/example_params_ui_tutorial.py
[2023-11-28T19:05:41.112-0300] {processor.py:839} INFO - DAG(s) dict_keys(['example_params_ui_tutorial']) retrieved from /home/marcos/anaconda3/envs/XPe-IGTI/lib/python3.8/site-packages/airflow/example_dags/example_params_ui_tutorial.py
[2023-11-28T19:05:41.197-0300] {logging_mixin.py:154} INFO - [2023-11-28T19:05:41.196-0300] {dag.py:2941} INFO - Sync 1 DAGs
[2023-11-28T19:05:41.214-0300] {logging_mixin.py:154} INFO - [2023-11-28T19:05:41.213-0300] {dag.py:3722} INFO - Setting next_dagrun for example_params_ui_tutorial to None, run_after=None
[2023-11-28T19:05:41.248-0300] {processor.py:179} INFO - Processing /home/marcos/anaconda3/envs/XPe-IGTI/lib/python3.8/site-packages/airflow/example_dags/example_params_ui_tutorial.py took 0.196 seconds
[2023-11-28T19:06:33.149-0300] {processor.py:157} INFO - Started process (PID=146567) to work on /home/marcos/anaconda3/envs/XPe-IGTI/lib/python3.8/site-packages/airflow/example_dags/example_params_ui_tutorial.py
[2023-11-28T19:06:33.151-0300] {processor.py:829} INFO - Processing file /home/marcos/anaconda3/envs/XPe-IGTI/lib/python3.8/site-packages/airflow/example_dags/example_params_ui_tutorial.py for tasks to queue
[2023-11-28T19:06:33.156-0300] {logging_mixin.py:154} INFO - [2023-11-28T19:06:33.155-0300] {dagbag.py:536} INFO - Filling up the DagBag from /home/marcos/anaconda3/envs/XPe-IGTI/lib/python3.8/site-packages/airflow/example_dags/example_params_ui_tutorial.py
[2023-11-28T19:06:33.210-0300] {processor.py:839} INFO - DAG(s) dict_keys(['example_params_ui_tutorial']) retrieved from /home/marcos/anaconda3/envs/XPe-IGTI/lib/python3.8/site-packages/airflow/example_dags/example_params_ui_tutorial.py
[2023-11-28T19:06:33.297-0300] {logging_mixin.py:154} INFO - [2023-11-28T19:06:33.296-0300] {dag.py:2941} INFO - Sync 1 DAGs
[2023-11-28T19:06:33.315-0300] {logging_mixin.py:154} INFO - [2023-11-28T19:06:33.314-0300] {dag.py:3722} INFO - Setting next_dagrun for example_params_ui_tutorial to None, run_after=None
[2023-11-28T19:06:33.342-0300] {processor.py:179} INFO - Processing /home/marcos/anaconda3/envs/XPe-IGTI/lib/python3.8/site-packages/airflow/example_dags/example_params_ui_tutorial.py took 0.198 seconds
[2023-11-28T19:07:32.625-0300] {processor.py:157} INFO - Started process (PID=146657) to work on /home/marcos/anaconda3/envs/XPe-IGTI/lib/python3.8/site-packages/airflow/example_dags/example_params_ui_tutorial.py
[2023-11-28T19:07:32.629-0300] {processor.py:829} INFO - Processing file /home/marcos/anaconda3/envs/XPe-IGTI/lib/python3.8/site-packages/airflow/example_dags/example_params_ui_tutorial.py for tasks to queue
[2023-11-28T19:07:32.632-0300] {logging_mixin.py:154} INFO - [2023-11-28T19:07:32.631-0300] {dagbag.py:536} INFO - Filling up the DagBag from /home/marcos/anaconda3/envs/XPe-IGTI/lib/python3.8/site-packages/airflow/example_dags/example_params_ui_tutorial.py
[2023-11-28T19:07:32.661-0300] {processor.py:839} INFO - DAG(s) dict_keys(['example_params_ui_tutorial']) retrieved from /home/marcos/anaconda3/envs/XPe-IGTI/lib/python3.8/site-packages/airflow/example_dags/example_params_ui_tutorial.py
[2023-11-28T19:07:32.703-0300] {logging_mixin.py:154} INFO - [2023-11-28T19:07:32.702-0300] {dag.py:2941} INFO - Sync 1 DAGs
[2023-11-28T19:07:32.713-0300] {logging_mixin.py:154} INFO - [2023-11-28T19:07:32.713-0300] {dag.py:3722} INFO - Setting next_dagrun for example_params_ui_tutorial to None, run_after=None
[2023-11-28T19:07:32.733-0300] {processor.py:179} INFO - Processing /home/marcos/anaconda3/envs/XPe-IGTI/lib/python3.8/site-packages/airflow/example_dags/example_params_ui_tutorial.py took 0.112 seconds
[2023-11-28T19:08:19.785-0300] {processor.py:157} INFO - Started process (PID=146724) to work on /home/marcos/anaconda3/envs/XPe-IGTI/lib/python3.8/site-packages/airflow/example_dags/example_params_ui_tutorial.py
[2023-11-28T19:08:19.789-0300] {processor.py:829} INFO - Processing file /home/marcos/anaconda3/envs/XPe-IGTI/lib/python3.8/site-packages/airflow/example_dags/example_params_ui_tutorial.py for tasks to queue
[2023-11-28T19:08:19.793-0300] {logging_mixin.py:154} INFO - [2023-11-28T19:08:19.792-0300] {dagbag.py:536} INFO - Filling up the DagBag from /home/marcos/anaconda3/envs/XPe-IGTI/lib/python3.8/site-packages/airflow/example_dags/example_params_ui_tutorial.py
[2023-11-28T19:08:19.840-0300] {processor.py:839} INFO - DAG(s) dict_keys(['example_params_ui_tutorial']) retrieved from /home/marcos/anaconda3/envs/XPe-IGTI/lib/python3.8/site-packages/airflow/example_dags/example_params_ui_tutorial.py
[2023-11-28T19:08:19.919-0300] {logging_mixin.py:154} INFO - [2023-11-28T19:08:19.918-0300] {dag.py:2941} INFO - Sync 1 DAGs
[2023-11-28T19:08:19.936-0300] {logging_mixin.py:154} INFO - [2023-11-28T19:08:19.935-0300] {dag.py:3722} INFO - Setting next_dagrun for example_params_ui_tutorial to None, run_after=None
[2023-11-28T19:08:19.967-0300] {processor.py:179} INFO - Processing /home/marcos/anaconda3/envs/XPe-IGTI/lib/python3.8/site-packages/airflow/example_dags/example_params_ui_tutorial.py took 0.186 seconds
[2023-11-28T19:09:46.514-0300] {processor.py:157} INFO - Started process (PID=146923) to work on /home/marcos/anaconda3/envs/XPe-IGTI/lib/python3.8/site-packages/airflow/example_dags/example_params_ui_tutorial.py
[2023-11-28T19:09:46.515-0300] {processor.py:829} INFO - Processing file /home/marcos/anaconda3/envs/XPe-IGTI/lib/python3.8/site-packages/airflow/example_dags/example_params_ui_tutorial.py for tasks to queue
[2023-11-28T19:09:46.517-0300] {logging_mixin.py:154} INFO - [2023-11-28T19:09:46.516-0300] {dagbag.py:536} INFO - Filling up the DagBag from /home/marcos/anaconda3/envs/XPe-IGTI/lib/python3.8/site-packages/airflow/example_dags/example_params_ui_tutorial.py
[2023-11-28T19:09:46.543-0300] {processor.py:839} INFO - DAG(s) dict_keys(['example_params_ui_tutorial']) retrieved from /home/marcos/anaconda3/envs/XPe-IGTI/lib/python3.8/site-packages/airflow/example_dags/example_params_ui_tutorial.py
[2023-11-28T19:09:46.584-0300] {logging_mixin.py:154} INFO - [2023-11-28T19:09:46.583-0300] {dag.py:2941} INFO - Sync 1 DAGs
[2023-11-28T19:09:46.593-0300] {logging_mixin.py:154} INFO - [2023-11-28T19:09:46.592-0300] {dag.py:3722} INFO - Setting next_dagrun for example_params_ui_tutorial to None, run_after=None
[2023-11-28T19:09:46.619-0300] {processor.py:179} INFO - Processing /home/marcos/anaconda3/envs/XPe-IGTI/lib/python3.8/site-packages/airflow/example_dags/example_params_ui_tutorial.py took 0.108 seconds
[2023-11-28T19:10:36.347-0300] {processor.py:157} INFO - Started process (PID=146996) to work on /home/marcos/anaconda3/envs/XPe-IGTI/lib/python3.8/site-packages/airflow/example_dags/example_params_ui_tutorial.py
[2023-11-28T19:10:36.352-0300] {processor.py:829} INFO - Processing file /home/marcos/anaconda3/envs/XPe-IGTI/lib/python3.8/site-packages/airflow/example_dags/example_params_ui_tutorial.py for tasks to queue
[2023-11-28T19:10:36.360-0300] {logging_mixin.py:154} INFO - [2023-11-28T19:10:36.359-0300] {dagbag.py:536} INFO - Filling up the DagBag from /home/marcos/anaconda3/envs/XPe-IGTI/lib/python3.8/site-packages/airflow/example_dags/example_params_ui_tutorial.py
[2023-11-28T19:10:36.405-0300] {processor.py:839} INFO - DAG(s) dict_keys(['example_params_ui_tutorial']) retrieved from /home/marcos/anaconda3/envs/XPe-IGTI/lib/python3.8/site-packages/airflow/example_dags/example_params_ui_tutorial.py
[2023-11-28T19:10:36.458-0300] {logging_mixin.py:154} INFO - [2023-11-28T19:10:36.458-0300] {dag.py:2941} INFO - Sync 1 DAGs
[2023-11-28T19:10:36.471-0300] {logging_mixin.py:154} INFO - [2023-11-28T19:10:36.471-0300] {dag.py:3722} INFO - Setting next_dagrun for example_params_ui_tutorial to None, run_after=None
[2023-11-28T19:10:36.494-0300] {processor.py:179} INFO - Processing /home/marcos/anaconda3/envs/XPe-IGTI/lib/python3.8/site-packages/airflow/example_dags/example_params_ui_tutorial.py took 0.152 seconds
[2023-11-28T19:11:38.615-0300] {processor.py:157} INFO - Started process (PID=147163) to work on /home/marcos/anaconda3/envs/XPe-IGTI/lib/python3.8/site-packages/airflow/example_dags/example_params_ui_tutorial.py
[2023-11-28T19:11:38.619-0300] {processor.py:829} INFO - Processing file /home/marcos/anaconda3/envs/XPe-IGTI/lib/python3.8/site-packages/airflow/example_dags/example_params_ui_tutorial.py for tasks to queue
[2023-11-28T19:11:38.622-0300] {logging_mixin.py:154} INFO - [2023-11-28T19:11:38.622-0300] {dagbag.py:536} INFO - Filling up the DagBag from /home/marcos/anaconda3/envs/XPe-IGTI/lib/python3.8/site-packages/airflow/example_dags/example_params_ui_tutorial.py
[2023-11-28T19:11:38.677-0300] {processor.py:839} INFO - DAG(s) dict_keys(['example_params_ui_tutorial']) retrieved from /home/marcos/anaconda3/envs/XPe-IGTI/lib/python3.8/site-packages/airflow/example_dags/example_params_ui_tutorial.py
[2023-11-28T19:11:38.767-0300] {logging_mixin.py:154} INFO - [2023-11-28T19:11:38.766-0300] {dag.py:2941} INFO - Sync 1 DAGs
[2023-11-28T19:11:38.789-0300] {logging_mixin.py:154} INFO - [2023-11-28T19:11:38.788-0300] {dag.py:3722} INFO - Setting next_dagrun for example_params_ui_tutorial to None, run_after=None
[2023-11-28T19:11:38.826-0300] {processor.py:179} INFO - Processing /home/marcos/anaconda3/envs/XPe-IGTI/lib/python3.8/site-packages/airflow/example_dags/example_params_ui_tutorial.py took 0.217 seconds
[2023-11-28T19:12:27.945-0300] {processor.py:157} INFO - Started process (PID=147354) to work on /home/marcos/anaconda3/envs/XPe-IGTI/lib/python3.8/site-packages/airflow/example_dags/example_params_ui_tutorial.py
[2023-11-28T19:12:27.950-0300] {processor.py:829} INFO - Processing file /home/marcos/anaconda3/envs/XPe-IGTI/lib/python3.8/site-packages/airflow/example_dags/example_params_ui_tutorial.py for tasks to queue
[2023-11-28T19:12:27.959-0300] {logging_mixin.py:154} INFO - [2023-11-28T19:12:27.958-0300] {dagbag.py:536} INFO - Filling up the DagBag from /home/marcos/anaconda3/envs/XPe-IGTI/lib/python3.8/site-packages/airflow/example_dags/example_params_ui_tutorial.py
[2023-11-28T19:12:28.018-0300] {processor.py:839} INFO - DAG(s) dict_keys(['example_params_ui_tutorial']) retrieved from /home/marcos/anaconda3/envs/XPe-IGTI/lib/python3.8/site-packages/airflow/example_dags/example_params_ui_tutorial.py
[2023-11-28T19:12:28.100-0300] {logging_mixin.py:154} INFO - [2023-11-28T19:12:28.099-0300] {dag.py:2941} INFO - Sync 1 DAGs
[2023-11-28T19:12:28.120-0300] {logging_mixin.py:154} INFO - [2023-11-28T19:12:28.120-0300] {dag.py:3722} INFO - Setting next_dagrun for example_params_ui_tutorial to None, run_after=None
[2023-11-28T19:12:28.154-0300] {processor.py:179} INFO - Processing /home/marcos/anaconda3/envs/XPe-IGTI/lib/python3.8/site-packages/airflow/example_dags/example_params_ui_tutorial.py took 0.215 seconds
[2023-11-28T19:13:17.124-0300] {processor.py:157} INFO - Started process (PID=147485) to work on /home/marcos/anaconda3/envs/XPe-IGTI/lib/python3.8/site-packages/airflow/example_dags/example_params_ui_tutorial.py
[2023-11-28T19:13:17.126-0300] {processor.py:829} INFO - Processing file /home/marcos/anaconda3/envs/XPe-IGTI/lib/python3.8/site-packages/airflow/example_dags/example_params_ui_tutorial.py for tasks to queue
[2023-11-28T19:13:17.130-0300] {logging_mixin.py:154} INFO - [2023-11-28T19:13:17.130-0300] {dagbag.py:536} INFO - Filling up the DagBag from /home/marcos/anaconda3/envs/XPe-IGTI/lib/python3.8/site-packages/airflow/example_dags/example_params_ui_tutorial.py
[2023-11-28T19:13:17.196-0300] {processor.py:839} INFO - DAG(s) dict_keys(['example_params_ui_tutorial']) retrieved from /home/marcos/anaconda3/envs/XPe-IGTI/lib/python3.8/site-packages/airflow/example_dags/example_params_ui_tutorial.py
[2023-11-28T19:13:17.311-0300] {logging_mixin.py:154} INFO - [2023-11-28T19:13:17.310-0300] {dag.py:2941} INFO - Sync 1 DAGs
[2023-11-28T19:13:17.336-0300] {logging_mixin.py:154} INFO - [2023-11-28T19:13:17.335-0300] {dag.py:3722} INFO - Setting next_dagrun for example_params_ui_tutorial to None, run_after=None
[2023-11-28T19:13:17.381-0300] {processor.py:179} INFO - Processing /home/marcos/anaconda3/envs/XPe-IGTI/lib/python3.8/site-packages/airflow/example_dags/example_params_ui_tutorial.py took 0.265 seconds
[2023-11-28T19:14:09.821-0300] {processor.py:157} INFO - Started process (PID=147544) to work on /home/marcos/anaconda3/envs/XPe-IGTI/lib/python3.8/site-packages/airflow/example_dags/example_params_ui_tutorial.py
[2023-11-28T19:14:09.822-0300] {processor.py:829} INFO - Processing file /home/marcos/anaconda3/envs/XPe-IGTI/lib/python3.8/site-packages/airflow/example_dags/example_params_ui_tutorial.py for tasks to queue
[2023-11-28T19:14:09.826-0300] {logging_mixin.py:154} INFO - [2023-11-28T19:14:09.826-0300] {dagbag.py:536} INFO - Filling up the DagBag from /home/marcos/anaconda3/envs/XPe-IGTI/lib/python3.8/site-packages/airflow/example_dags/example_params_ui_tutorial.py
[2023-11-28T19:14:09.900-0300] {processor.py:839} INFO - DAG(s) dict_keys(['example_params_ui_tutorial']) retrieved from /home/marcos/anaconda3/envs/XPe-IGTI/lib/python3.8/site-packages/airflow/example_dags/example_params_ui_tutorial.py
[2023-11-28T19:14:10.018-0300] {logging_mixin.py:154} INFO - [2023-11-28T19:14:10.017-0300] {dag.py:2941} INFO - Sync 1 DAGs
[2023-11-28T19:14:10.037-0300] {logging_mixin.py:154} INFO - [2023-11-28T19:14:10.037-0300] {dag.py:3722} INFO - Setting next_dagrun for example_params_ui_tutorial to None, run_after=None
[2023-11-28T19:14:10.075-0300] {processor.py:179} INFO - Processing /home/marcos/anaconda3/envs/XPe-IGTI/lib/python3.8/site-packages/airflow/example_dags/example_params_ui_tutorial.py took 0.260 seconds
[2023-11-28T19:15:01.810-0300] {processor.py:157} INFO - Started process (PID=147598) to work on /home/marcos/anaconda3/envs/XPe-IGTI/lib/python3.8/site-packages/airflow/example_dags/example_params_ui_tutorial.py
[2023-11-28T19:15:01.815-0300] {processor.py:829} INFO - Processing file /home/marcos/anaconda3/envs/XPe-IGTI/lib/python3.8/site-packages/airflow/example_dags/example_params_ui_tutorial.py for tasks to queue
[2023-11-28T19:15:01.819-0300] {logging_mixin.py:154} INFO - [2023-11-28T19:15:01.818-0300] {dagbag.py:536} INFO - Filling up the DagBag from /home/marcos/anaconda3/envs/XPe-IGTI/lib/python3.8/site-packages/airflow/example_dags/example_params_ui_tutorial.py
[2023-11-28T19:15:01.876-0300] {processor.py:839} INFO - DAG(s) dict_keys(['example_params_ui_tutorial']) retrieved from /home/marcos/anaconda3/envs/XPe-IGTI/lib/python3.8/site-packages/airflow/example_dags/example_params_ui_tutorial.py
[2023-11-28T19:15:01.971-0300] {logging_mixin.py:154} INFO - [2023-11-28T19:15:01.970-0300] {dag.py:2941} INFO - Sync 1 DAGs
[2023-11-28T19:15:01.988-0300] {logging_mixin.py:154} INFO - [2023-11-28T19:15:01.988-0300] {dag.py:3722} INFO - Setting next_dagrun for example_params_ui_tutorial to None, run_after=None
[2023-11-28T19:15:02.023-0300] {processor.py:179} INFO - Processing /home/marcos/anaconda3/envs/XPe-IGTI/lib/python3.8/site-packages/airflow/example_dags/example_params_ui_tutorial.py took 0.217 seconds
[2023-11-28T19:15:51.035-0300] {processor.py:157} INFO - Started process (PID=147642) to work on /home/marcos/anaconda3/envs/XPe-IGTI/lib/python3.8/site-packages/airflow/example_dags/example_params_ui_tutorial.py
[2023-11-28T19:15:51.039-0300] {processor.py:829} INFO - Processing file /home/marcos/anaconda3/envs/XPe-IGTI/lib/python3.8/site-packages/airflow/example_dags/example_params_ui_tutorial.py for tasks to queue
[2023-11-28T19:15:51.044-0300] {logging_mixin.py:154} INFO - [2023-11-28T19:15:51.043-0300] {dagbag.py:536} INFO - Filling up the DagBag from /home/marcos/anaconda3/envs/XPe-IGTI/lib/python3.8/site-packages/airflow/example_dags/example_params_ui_tutorial.py
[2023-11-28T19:15:51.107-0300] {processor.py:839} INFO - DAG(s) dict_keys(['example_params_ui_tutorial']) retrieved from /home/marcos/anaconda3/envs/XPe-IGTI/lib/python3.8/site-packages/airflow/example_dags/example_params_ui_tutorial.py
[2023-11-28T19:15:51.221-0300] {logging_mixin.py:154} INFO - [2023-11-28T19:15:51.220-0300] {dag.py:2941} INFO - Sync 1 DAGs
[2023-11-28T19:15:51.239-0300] {logging_mixin.py:154} INFO - [2023-11-28T19:15:51.239-0300] {dag.py:3722} INFO - Setting next_dagrun for example_params_ui_tutorial to None, run_after=None
[2023-11-28T19:15:51.274-0300] {processor.py:179} INFO - Processing /home/marcos/anaconda3/envs/XPe-IGTI/lib/python3.8/site-packages/airflow/example_dags/example_params_ui_tutorial.py took 0.245 seconds
[2023-11-28T19:16:36.068-0300] {processor.py:157} INFO - Started process (PID=147696) to work on /home/marcos/anaconda3/envs/XPe-IGTI/lib/python3.8/site-packages/airflow/example_dags/example_params_ui_tutorial.py
[2023-11-28T19:16:36.073-0300] {processor.py:829} INFO - Processing file /home/marcos/anaconda3/envs/XPe-IGTI/lib/python3.8/site-packages/airflow/example_dags/example_params_ui_tutorial.py for tasks to queue
[2023-11-28T19:16:36.076-0300] {logging_mixin.py:154} INFO - [2023-11-28T19:16:36.076-0300] {dagbag.py:536} INFO - Filling up the DagBag from /home/marcos/anaconda3/envs/XPe-IGTI/lib/python3.8/site-packages/airflow/example_dags/example_params_ui_tutorial.py
[2023-11-28T19:16:36.131-0300] {processor.py:839} INFO - DAG(s) dict_keys(['example_params_ui_tutorial']) retrieved from /home/marcos/anaconda3/envs/XPe-IGTI/lib/python3.8/site-packages/airflow/example_dags/example_params_ui_tutorial.py
[2023-11-28T19:16:36.221-0300] {logging_mixin.py:154} INFO - [2023-11-28T19:16:36.221-0300] {dag.py:2941} INFO - Sync 1 DAGs
[2023-11-28T19:16:36.241-0300] {logging_mixin.py:154} INFO - [2023-11-28T19:16:36.241-0300] {dag.py:3722} INFO - Setting next_dagrun for example_params_ui_tutorial to None, run_after=None
[2023-11-28T19:16:36.275-0300] {processor.py:179} INFO - Processing /home/marcos/anaconda3/envs/XPe-IGTI/lib/python3.8/site-packages/airflow/example_dags/example_params_ui_tutorial.py took 0.211 seconds
[2023-11-28T19:17:40.622-0300] {processor.py:157} INFO - Started process (PID=147796) to work on /home/marcos/anaconda3/envs/XPe-IGTI/lib/python3.8/site-packages/airflow/example_dags/example_params_ui_tutorial.py
[2023-11-28T19:17:40.626-0300] {processor.py:829} INFO - Processing file /home/marcos/anaconda3/envs/XPe-IGTI/lib/python3.8/site-packages/airflow/example_dags/example_params_ui_tutorial.py for tasks to queue
[2023-11-28T19:17:40.631-0300] {logging_mixin.py:154} INFO - [2023-11-28T19:17:40.630-0300] {dagbag.py:536} INFO - Filling up the DagBag from /home/marcos/anaconda3/envs/XPe-IGTI/lib/python3.8/site-packages/airflow/example_dags/example_params_ui_tutorial.py
[2023-11-28T19:17:40.690-0300] {processor.py:839} INFO - DAG(s) dict_keys(['example_params_ui_tutorial']) retrieved from /home/marcos/anaconda3/envs/XPe-IGTI/lib/python3.8/site-packages/airflow/example_dags/example_params_ui_tutorial.py
[2023-11-28T19:17:40.828-0300] {logging_mixin.py:154} INFO - [2023-11-28T19:17:40.828-0300] {dag.py:2941} INFO - Sync 1 DAGs
[2023-11-28T19:17:40.850-0300] {logging_mixin.py:154} INFO - [2023-11-28T19:17:40.850-0300] {dag.py:3722} INFO - Setting next_dagrun for example_params_ui_tutorial to None, run_after=None
[2023-11-28T19:17:40.894-0300] {processor.py:179} INFO - Processing /home/marcos/anaconda3/envs/XPe-IGTI/lib/python3.8/site-packages/airflow/example_dags/example_params_ui_tutorial.py took 0.279 seconds
[2023-11-28T19:18:25.315-0300] {processor.py:157} INFO - Started process (PID=147850) to work on /home/marcos/anaconda3/envs/XPe-IGTI/lib/python3.8/site-packages/airflow/example_dags/example_params_ui_tutorial.py
[2023-11-28T19:18:25.320-0300] {processor.py:829} INFO - Processing file /home/marcos/anaconda3/envs/XPe-IGTI/lib/python3.8/site-packages/airflow/example_dags/example_params_ui_tutorial.py for tasks to queue
[2023-11-28T19:18:25.324-0300] {logging_mixin.py:154} INFO - [2023-11-28T19:18:25.323-0300] {dagbag.py:536} INFO - Filling up the DagBag from /home/marcos/anaconda3/envs/XPe-IGTI/lib/python3.8/site-packages/airflow/example_dags/example_params_ui_tutorial.py
[2023-11-28T19:18:25.375-0300] {processor.py:839} INFO - DAG(s) dict_keys(['example_params_ui_tutorial']) retrieved from /home/marcos/anaconda3/envs/XPe-IGTI/lib/python3.8/site-packages/airflow/example_dags/example_params_ui_tutorial.py
[2023-11-28T19:18:25.464-0300] {logging_mixin.py:154} INFO - [2023-11-28T19:18:25.464-0300] {dag.py:2941} INFO - Sync 1 DAGs
[2023-11-28T19:18:25.484-0300] {logging_mixin.py:154} INFO - [2023-11-28T19:18:25.484-0300] {dag.py:3722} INFO - Setting next_dagrun for example_params_ui_tutorial to None, run_after=None
[2023-11-28T19:18:25.520-0300] {processor.py:179} INFO - Processing /home/marcos/anaconda3/envs/XPe-IGTI/lib/python3.8/site-packages/airflow/example_dags/example_params_ui_tutorial.py took 0.211 seconds
[2023-11-28T19:19:57.849-0300] {processor.py:157} INFO - Started process (PID=148251) to work on /home/marcos/anaconda3/envs/XPe-IGTI/lib/python3.8/site-packages/airflow/example_dags/example_params_ui_tutorial.py
[2023-11-28T19:19:57.854-0300] {processor.py:829} INFO - Processing file /home/marcos/anaconda3/envs/XPe-IGTI/lib/python3.8/site-packages/airflow/example_dags/example_params_ui_tutorial.py for tasks to queue
[2023-11-28T19:19:57.857-0300] {logging_mixin.py:154} INFO - [2023-11-28T19:19:57.856-0300] {dagbag.py:536} INFO - Filling up the DagBag from /home/marcos/anaconda3/envs/XPe-IGTI/lib/python3.8/site-packages/airflow/example_dags/example_params_ui_tutorial.py
[2023-11-28T19:19:57.909-0300] {processor.py:839} INFO - DAG(s) dict_keys(['example_params_ui_tutorial']) retrieved from /home/marcos/anaconda3/envs/XPe-IGTI/lib/python3.8/site-packages/airflow/example_dags/example_params_ui_tutorial.py
[2023-11-28T19:19:57.991-0300] {logging_mixin.py:154} INFO - [2023-11-28T19:19:57.990-0300] {dag.py:2941} INFO - Sync 1 DAGs
[2023-11-28T19:19:58.011-0300] {logging_mixin.py:154} INFO - [2023-11-28T19:19:58.010-0300] {dag.py:3722} INFO - Setting next_dagrun for example_params_ui_tutorial to None, run_after=None
[2023-11-28T19:19:58.044-0300] {processor.py:179} INFO - Processing /home/marcos/anaconda3/envs/XPe-IGTI/lib/python3.8/site-packages/airflow/example_dags/example_params_ui_tutorial.py took 0.200 seconds
[2023-11-28T19:21:56.798-0300] {processor.py:157} INFO - Started process (PID=148717) to work on /home/marcos/anaconda3/envs/XPe-IGTI/lib/python3.8/site-packages/airflow/example_dags/example_params_ui_tutorial.py
[2023-11-28T19:21:56.804-0300] {processor.py:829} INFO - Processing file /home/marcos/anaconda3/envs/XPe-IGTI/lib/python3.8/site-packages/airflow/example_dags/example_params_ui_tutorial.py for tasks to queue
[2023-11-28T19:21:56.809-0300] {logging_mixin.py:154} INFO - [2023-11-28T19:21:56.808-0300] {dagbag.py:536} INFO - Filling up the DagBag from /home/marcos/anaconda3/envs/XPe-IGTI/lib/python3.8/site-packages/airflow/example_dags/example_params_ui_tutorial.py
[2023-11-28T19:21:56.894-0300] {processor.py:839} INFO - DAG(s) dict_keys(['example_params_ui_tutorial']) retrieved from /home/marcos/anaconda3/envs/XPe-IGTI/lib/python3.8/site-packages/airflow/example_dags/example_params_ui_tutorial.py
[2023-11-28T19:21:57.026-0300] {logging_mixin.py:154} INFO - [2023-11-28T19:21:57.025-0300] {dag.py:2941} INFO - Sync 1 DAGs
[2023-11-28T19:21:57.056-0300] {logging_mixin.py:154} INFO - [2023-11-28T19:21:57.056-0300] {dag.py:3722} INFO - Setting next_dagrun for example_params_ui_tutorial to None, run_after=None
[2023-11-28T19:21:57.099-0300] {processor.py:179} INFO - Processing /home/marcos/anaconda3/envs/XPe-IGTI/lib/python3.8/site-packages/airflow/example_dags/example_params_ui_tutorial.py took 0.306 seconds
[2023-11-28T19:22:51.265-0300] {processor.py:157} INFO - Started process (PID=148888) to work on /home/marcos/anaconda3/envs/XPe-IGTI/lib/python3.8/site-packages/airflow/example_dags/example_params_ui_tutorial.py
[2023-11-28T19:22:51.269-0300] {processor.py:829} INFO - Processing file /home/marcos/anaconda3/envs/XPe-IGTI/lib/python3.8/site-packages/airflow/example_dags/example_params_ui_tutorial.py for tasks to queue
[2023-11-28T19:22:51.273-0300] {logging_mixin.py:154} INFO - [2023-11-28T19:22:51.272-0300] {dagbag.py:536} INFO - Filling up the DagBag from /home/marcos/anaconda3/envs/XPe-IGTI/lib/python3.8/site-packages/airflow/example_dags/example_params_ui_tutorial.py
[2023-11-28T19:22:51.338-0300] {processor.py:839} INFO - DAG(s) dict_keys(['example_params_ui_tutorial']) retrieved from /home/marcos/anaconda3/envs/XPe-IGTI/lib/python3.8/site-packages/airflow/example_dags/example_params_ui_tutorial.py
[2023-11-28T19:22:51.448-0300] {logging_mixin.py:154} INFO - [2023-11-28T19:22:51.447-0300] {dag.py:2941} INFO - Sync 1 DAGs
[2023-11-28T19:22:51.466-0300] {logging_mixin.py:154} INFO - [2023-11-28T19:22:51.466-0300] {dag.py:3722} INFO - Setting next_dagrun for example_params_ui_tutorial to None, run_after=None
[2023-11-28T19:22:51.503-0300] {processor.py:179} INFO - Processing /home/marcos/anaconda3/envs/XPe-IGTI/lib/python3.8/site-packages/airflow/example_dags/example_params_ui_tutorial.py took 0.243 seconds
[2023-11-28T19:23:39.171-0300] {processor.py:157} INFO - Started process (PID=148942) to work on /home/marcos/anaconda3/envs/XPe-IGTI/lib/python3.8/site-packages/airflow/example_dags/example_params_ui_tutorial.py
[2023-11-28T19:23:39.176-0300] {processor.py:829} INFO - Processing file /home/marcos/anaconda3/envs/XPe-IGTI/lib/python3.8/site-packages/airflow/example_dags/example_params_ui_tutorial.py for tasks to queue
[2023-11-28T19:23:39.179-0300] {logging_mixin.py:154} INFO - [2023-11-28T19:23:39.179-0300] {dagbag.py:536} INFO - Filling up the DagBag from /home/marcos/anaconda3/envs/XPe-IGTI/lib/python3.8/site-packages/airflow/example_dags/example_params_ui_tutorial.py
[2023-11-28T19:23:39.232-0300] {processor.py:839} INFO - DAG(s) dict_keys(['example_params_ui_tutorial']) retrieved from /home/marcos/anaconda3/envs/XPe-IGTI/lib/python3.8/site-packages/airflow/example_dags/example_params_ui_tutorial.py
[2023-11-28T19:23:39.341-0300] {logging_mixin.py:154} INFO - [2023-11-28T19:23:39.340-0300] {dag.py:2941} INFO - Sync 1 DAGs
[2023-11-28T19:23:39.360-0300] {logging_mixin.py:154} INFO - [2023-11-28T19:23:39.359-0300] {dag.py:3722} INFO - Setting next_dagrun for example_params_ui_tutorial to None, run_after=None
[2023-11-28T19:23:39.397-0300] {processor.py:179} INFO - Processing /home/marcos/anaconda3/envs/XPe-IGTI/lib/python3.8/site-packages/airflow/example_dags/example_params_ui_tutorial.py took 0.231 seconds
[2023-11-28T19:24:25.223-0300] {processor.py:157} INFO - Started process (PID=148992) to work on /home/marcos/anaconda3/envs/XPe-IGTI/lib/python3.8/site-packages/airflow/example_dags/example_params_ui_tutorial.py
[2023-11-28T19:24:25.228-0300] {processor.py:829} INFO - Processing file /home/marcos/anaconda3/envs/XPe-IGTI/lib/python3.8/site-packages/airflow/example_dags/example_params_ui_tutorial.py for tasks to queue
[2023-11-28T19:24:25.231-0300] {logging_mixin.py:154} INFO - [2023-11-28T19:24:25.231-0300] {dagbag.py:536} INFO - Filling up the DagBag from /home/marcos/anaconda3/envs/XPe-IGTI/lib/python3.8/site-packages/airflow/example_dags/example_params_ui_tutorial.py
[2023-11-28T19:24:25.282-0300] {processor.py:839} INFO - DAG(s) dict_keys(['example_params_ui_tutorial']) retrieved from /home/marcos/anaconda3/envs/XPe-IGTI/lib/python3.8/site-packages/airflow/example_dags/example_params_ui_tutorial.py
[2023-11-28T19:24:25.365-0300] {logging_mixin.py:154} INFO - [2023-11-28T19:24:25.364-0300] {dag.py:2941} INFO - Sync 1 DAGs
[2023-11-28T19:24:25.384-0300] {logging_mixin.py:154} INFO - [2023-11-28T19:24:25.384-0300] {dag.py:3722} INFO - Setting next_dagrun for example_params_ui_tutorial to None, run_after=None
[2023-11-28T19:24:25.419-0300] {processor.py:179} INFO - Processing /home/marcos/anaconda3/envs/XPe-IGTI/lib/python3.8/site-packages/airflow/example_dags/example_params_ui_tutorial.py took 0.200 seconds
[2023-11-28T19:25:35.837-0300] {processor.py:157} INFO - Started process (PID=149063) to work on /home/marcos/anaconda3/envs/XPe-IGTI/lib/python3.8/site-packages/airflow/example_dags/example_params_ui_tutorial.py
[2023-11-28T19:25:35.842-0300] {processor.py:829} INFO - Processing file /home/marcos/anaconda3/envs/XPe-IGTI/lib/python3.8/site-packages/airflow/example_dags/example_params_ui_tutorial.py for tasks to queue
[2023-11-28T19:25:35.845-0300] {logging_mixin.py:154} INFO - [2023-11-28T19:25:35.845-0300] {dagbag.py:536} INFO - Filling up the DagBag from /home/marcos/anaconda3/envs/XPe-IGTI/lib/python3.8/site-packages/airflow/example_dags/example_params_ui_tutorial.py
[2023-11-28T19:25:35.895-0300] {processor.py:839} INFO - DAG(s) dict_keys(['example_params_ui_tutorial']) retrieved from /home/marcos/anaconda3/envs/XPe-IGTI/lib/python3.8/site-packages/airflow/example_dags/example_params_ui_tutorial.py
[2023-11-28T19:25:35.976-0300] {logging_mixin.py:154} INFO - [2023-11-28T19:25:35.975-0300] {dag.py:2941} INFO - Sync 1 DAGs
[2023-11-28T19:25:35.994-0300] {logging_mixin.py:154} INFO - [2023-11-28T19:25:35.994-0300] {dag.py:3722} INFO - Setting next_dagrun for example_params_ui_tutorial to None, run_after=None
[2023-11-28T19:25:36.034-0300] {processor.py:179} INFO - Processing /home/marcos/anaconda3/envs/XPe-IGTI/lib/python3.8/site-packages/airflow/example_dags/example_params_ui_tutorial.py took 0.201 seconds
[2023-11-28T19:26:24.759-0300] {processor.py:157} INFO - Started process (PID=149116) to work on /home/marcos/anaconda3/envs/XPe-IGTI/lib/python3.8/site-packages/airflow/example_dags/example_params_ui_tutorial.py
[2023-11-28T19:26:24.764-0300] {processor.py:829} INFO - Processing file /home/marcos/anaconda3/envs/XPe-IGTI/lib/python3.8/site-packages/airflow/example_dags/example_params_ui_tutorial.py for tasks to queue
[2023-11-28T19:26:24.767-0300] {logging_mixin.py:154} INFO - [2023-11-28T19:26:24.767-0300] {dagbag.py:536} INFO - Filling up the DagBag from /home/marcos/anaconda3/envs/XPe-IGTI/lib/python3.8/site-packages/airflow/example_dags/example_params_ui_tutorial.py
[2023-11-28T19:26:24.825-0300] {processor.py:839} INFO - DAG(s) dict_keys(['example_params_ui_tutorial']) retrieved from /home/marcos/anaconda3/envs/XPe-IGTI/lib/python3.8/site-packages/airflow/example_dags/example_params_ui_tutorial.py
[2023-11-28T19:26:24.962-0300] {logging_mixin.py:154} INFO - [2023-11-28T19:26:24.961-0300] {dag.py:2941} INFO - Sync 1 DAGs
[2023-11-28T19:26:24.982-0300] {logging_mixin.py:154} INFO - [2023-11-28T19:26:24.981-0300] {dag.py:3722} INFO - Setting next_dagrun for example_params_ui_tutorial to None, run_after=None
[2023-11-28T19:26:25.026-0300] {processor.py:179} INFO - Processing /home/marcos/anaconda3/envs/XPe-IGTI/lib/python3.8/site-packages/airflow/example_dags/example_params_ui_tutorial.py took 0.272 seconds
[2023-11-28T19:27:12.627-0300] {processor.py:157} INFO - Started process (PID=149189) to work on /home/marcos/anaconda3/envs/XPe-IGTI/lib/python3.8/site-packages/airflow/example_dags/example_params_ui_tutorial.py
[2023-11-28T19:27:12.632-0300] {processor.py:829} INFO - Processing file /home/marcos/anaconda3/envs/XPe-IGTI/lib/python3.8/site-packages/airflow/example_dags/example_params_ui_tutorial.py for tasks to queue
[2023-11-28T19:27:12.641-0300] {logging_mixin.py:154} INFO - [2023-11-28T19:27:12.640-0300] {dagbag.py:536} INFO - Filling up the DagBag from /home/marcos/anaconda3/envs/XPe-IGTI/lib/python3.8/site-packages/airflow/example_dags/example_params_ui_tutorial.py
[2023-11-28T19:27:12.685-0300] {processor.py:839} INFO - DAG(s) dict_keys(['example_params_ui_tutorial']) retrieved from /home/marcos/anaconda3/envs/XPe-IGTI/lib/python3.8/site-packages/airflow/example_dags/example_params_ui_tutorial.py
[2023-11-28T19:27:12.739-0300] {logging_mixin.py:154} INFO - [2023-11-28T19:27:12.738-0300] {dag.py:2941} INFO - Sync 1 DAGs
[2023-11-28T19:27:12.749-0300] {logging_mixin.py:154} INFO - [2023-11-28T19:27:12.749-0300] {dag.py:3722} INFO - Setting next_dagrun for example_params_ui_tutorial to None, run_after=None
[2023-11-28T19:27:12.772-0300] {processor.py:179} INFO - Processing /home/marcos/anaconda3/envs/XPe-IGTI/lib/python3.8/site-packages/airflow/example_dags/example_params_ui_tutorial.py took 0.149 seconds
[2023-11-28T19:28:09.975-0300] {processor.py:157} INFO - Started process (PID=149296) to work on /home/marcos/anaconda3/envs/XPe-IGTI/lib/python3.8/site-packages/airflow/example_dags/example_params_ui_tutorial.py
[2023-11-28T19:28:09.980-0300] {processor.py:829} INFO - Processing file /home/marcos/anaconda3/envs/XPe-IGTI/lib/python3.8/site-packages/airflow/example_dags/example_params_ui_tutorial.py for tasks to queue
[2023-11-28T19:28:09.988-0300] {logging_mixin.py:154} INFO - [2023-11-28T19:28:09.986-0300] {dagbag.py:536} INFO - Filling up the DagBag from /home/marcos/anaconda3/envs/XPe-IGTI/lib/python3.8/site-packages/airflow/example_dags/example_params_ui_tutorial.py
[2023-11-28T19:28:10.030-0300] {processor.py:839} INFO - DAG(s) dict_keys(['example_params_ui_tutorial']) retrieved from /home/marcos/anaconda3/envs/XPe-IGTI/lib/python3.8/site-packages/airflow/example_dags/example_params_ui_tutorial.py
[2023-11-28T19:28:10.076-0300] {logging_mixin.py:154} INFO - [2023-11-28T19:28:10.075-0300] {dag.py:2941} INFO - Sync 1 DAGs
[2023-11-28T19:28:10.087-0300] {logging_mixin.py:154} INFO - [2023-11-28T19:28:10.087-0300] {dag.py:3722} INFO - Setting next_dagrun for example_params_ui_tutorial to None, run_after=None
[2023-11-28T19:28:10.109-0300] {processor.py:179} INFO - Processing /home/marcos/anaconda3/envs/XPe-IGTI/lib/python3.8/site-packages/airflow/example_dags/example_params_ui_tutorial.py took 0.138 seconds
