[2023-11-27T21:00:18.706-0300] {processor.py:157} INFO - Started process (PID=51725) to work on /home/marcos/anaconda3/envs/XPe-IGTI/lib/python3.8/site-packages/airflow/example_dags/example_latest_only.py
[2023-11-27T21:00:18.707-0300] {processor.py:829} INFO - Processing file /home/marcos/anaconda3/envs/XPe-IGTI/lib/python3.8/site-packages/airflow/example_dags/example_latest_only.py for tasks to queue
[2023-11-27T21:00:18.709-0300] {logging_mixin.py:154} INFO - [2023-11-27T21:00:18.708-0300] {dagbag.py:536} INFO - Filling up the DagBag from /home/marcos/anaconda3/envs/XPe-IGTI/lib/python3.8/site-packages/airflow/example_dags/example_latest_only.py
[2023-11-27T21:00:18.719-0300] {processor.py:839} INFO - DAG(s) dict_keys(['latest_only']) retrieved from /home/marcos/anaconda3/envs/XPe-IGTI/lib/python3.8/site-packages/airflow/example_dags/example_latest_only.py
[2023-11-27T21:00:18.756-0300] {logging_mixin.py:154} INFO - [2023-11-27T21:00:18.755-0300] {dag.py:2941} INFO - Sync 1 DAGs
[2023-11-27T21:00:18.798-0300] {logging_mixin.py:154} INFO - [2023-11-27T21:00:18.798-0300] {dag.py:3722} INFO - Setting next_dagrun for latest_only to 2023-11-27T20:00:18.797708+00:00, run_after=2023-11-28T00:00:18.797708+00:00
[2023-11-27T21:00:18.841-0300] {processor.py:179} INFO - Processing /home/marcos/anaconda3/envs/XPe-IGTI/lib/python3.8/site-packages/airflow/example_dags/example_latest_only.py took 0.141 seconds
[2023-11-27T21:01:20.174-0300] {processor.py:157} INFO - Started process (PID=51802) to work on /home/marcos/anaconda3/envs/XPe-IGTI/lib/python3.8/site-packages/airflow/example_dags/example_latest_only.py
[2023-11-27T21:01:20.179-0300] {processor.py:829} INFO - Processing file /home/marcos/anaconda3/envs/XPe-IGTI/lib/python3.8/site-packages/airflow/example_dags/example_latest_only.py for tasks to queue
[2023-11-27T21:01:20.181-0300] {logging_mixin.py:154} INFO - [2023-11-27T21:01:20.180-0300] {dagbag.py:536} INFO - Filling up the DagBag from /home/marcos/anaconda3/envs/XPe-IGTI/lib/python3.8/site-packages/airflow/example_dags/example_latest_only.py
[2023-11-27T21:01:20.190-0300] {processor.py:839} INFO - DAG(s) dict_keys(['latest_only']) retrieved from /home/marcos/anaconda3/envs/XPe-IGTI/lib/python3.8/site-packages/airflow/example_dags/example_latest_only.py
[2023-11-27T21:01:20.214-0300] {logging_mixin.py:154} INFO - [2023-11-27T21:01:20.214-0300] {dag.py:2941} INFO - Sync 1 DAGs
[2023-11-27T21:01:20.246-0300] {logging_mixin.py:154} INFO - [2023-11-27T21:01:20.246-0300] {dag.py:3722} INFO - Setting next_dagrun for latest_only to 2023-11-27T20:01:20.245873+00:00, run_after=2023-11-28T00:01:20.245873+00:00
[2023-11-27T21:01:20.276-0300] {processor.py:179} INFO - Processing /home/marcos/anaconda3/envs/XPe-IGTI/lib/python3.8/site-packages/airflow/example_dags/example_latest_only.py took 0.106 seconds
[2023-11-27T21:02:21.486-0300] {processor.py:157} INFO - Started process (PID=51903) to work on /home/marcos/anaconda3/envs/XPe-IGTI/lib/python3.8/site-packages/airflow/example_dags/example_latest_only.py
[2023-11-27T21:02:21.490-0300] {processor.py:829} INFO - Processing file /home/marcos/anaconda3/envs/XPe-IGTI/lib/python3.8/site-packages/airflow/example_dags/example_latest_only.py for tasks to queue
[2023-11-27T21:02:21.492-0300] {logging_mixin.py:154} INFO - [2023-11-27T21:02:21.491-0300] {dagbag.py:536} INFO - Filling up the DagBag from /home/marcos/anaconda3/envs/XPe-IGTI/lib/python3.8/site-packages/airflow/example_dags/example_latest_only.py
[2023-11-27T21:02:21.503-0300] {processor.py:839} INFO - DAG(s) dict_keys(['latest_only']) retrieved from /home/marcos/anaconda3/envs/XPe-IGTI/lib/python3.8/site-packages/airflow/example_dags/example_latest_only.py
[2023-11-27T21:02:21.527-0300] {logging_mixin.py:154} INFO - [2023-11-27T21:02:21.527-0300] {dag.py:2941} INFO - Sync 1 DAGs
[2023-11-27T21:02:21.561-0300] {logging_mixin.py:154} INFO - [2023-11-27T21:02:21.560-0300] {dag.py:3722} INFO - Setting next_dagrun for latest_only to 2023-11-27T20:02:21.560379+00:00, run_after=2023-11-28T00:02:21.560379+00:00
[2023-11-27T21:02:21.593-0300] {processor.py:179} INFO - Processing /home/marcos/anaconda3/envs/XPe-IGTI/lib/python3.8/site-packages/airflow/example_dags/example_latest_only.py took 0.112 seconds
[2023-11-27T21:03:20.200-0300] {processor.py:157} INFO - Started process (PID=51979) to work on /home/marcos/anaconda3/envs/XPe-IGTI/lib/python3.8/site-packages/airflow/example_dags/example_latest_only.py
[2023-11-27T21:03:20.205-0300] {processor.py:829} INFO - Processing file /home/marcos/anaconda3/envs/XPe-IGTI/lib/python3.8/site-packages/airflow/example_dags/example_latest_only.py for tasks to queue
[2023-11-27T21:03:20.207-0300] {logging_mixin.py:154} INFO - [2023-11-27T21:03:20.206-0300] {dagbag.py:536} INFO - Filling up the DagBag from /home/marcos/anaconda3/envs/XPe-IGTI/lib/python3.8/site-packages/airflow/example_dags/example_latest_only.py
[2023-11-27T21:03:20.220-0300] {processor.py:839} INFO - DAG(s) dict_keys(['latest_only']) retrieved from /home/marcos/anaconda3/envs/XPe-IGTI/lib/python3.8/site-packages/airflow/example_dags/example_latest_only.py
[2023-11-27T21:03:20.246-0300] {logging_mixin.py:154} INFO - [2023-11-27T21:03:20.246-0300] {dag.py:2941} INFO - Sync 1 DAGs
[2023-11-27T21:03:20.278-0300] {logging_mixin.py:154} INFO - [2023-11-27T21:03:20.278-0300] {dag.py:3722} INFO - Setting next_dagrun for latest_only to 2023-11-27T20:03:20.278267+00:00, run_after=2023-11-28T00:03:20.278267+00:00
[2023-11-27T21:03:20.310-0300] {processor.py:179} INFO - Processing /home/marcos/anaconda3/envs/XPe-IGTI/lib/python3.8/site-packages/airflow/example_dags/example_latest_only.py took 0.117 seconds
[2023-11-27T21:04:09.053-0300] {processor.py:157} INFO - Started process (PID=52037) to work on /home/marcos/anaconda3/envs/XPe-IGTI/lib/python3.8/site-packages/airflow/example_dags/example_latest_only.py
[2023-11-27T21:04:09.057-0300] {processor.py:829} INFO - Processing file /home/marcos/anaconda3/envs/XPe-IGTI/lib/python3.8/site-packages/airflow/example_dags/example_latest_only.py for tasks to queue
[2023-11-27T21:04:09.059-0300] {logging_mixin.py:154} INFO - [2023-11-27T21:04:09.058-0300] {dagbag.py:536} INFO - Filling up the DagBag from /home/marcos/anaconda3/envs/XPe-IGTI/lib/python3.8/site-packages/airflow/example_dags/example_latest_only.py
[2023-11-27T21:04:09.069-0300] {processor.py:839} INFO - DAG(s) dict_keys(['latest_only']) retrieved from /home/marcos/anaconda3/envs/XPe-IGTI/lib/python3.8/site-packages/airflow/example_dags/example_latest_only.py
[2023-11-27T21:04:09.093-0300] {logging_mixin.py:154} INFO - [2023-11-27T21:04:09.093-0300] {dag.py:2941} INFO - Sync 1 DAGs
[2023-11-27T21:04:09.127-0300] {logging_mixin.py:154} INFO - [2023-11-27T21:04:09.127-0300] {dag.py:3722} INFO - Setting next_dagrun for latest_only to 2023-11-27T20:04:09.127024+00:00, run_after=2023-11-28T00:04:09.127024+00:00
[2023-11-27T21:04:09.160-0300] {processor.py:179} INFO - Processing /home/marcos/anaconda3/envs/XPe-IGTI/lib/python3.8/site-packages/airflow/example_dags/example_latest_only.py took 0.113 seconds
[2023-11-27T21:05:11.443-0300] {processor.py:157} INFO - Started process (PID=52125) to work on /home/marcos/anaconda3/envs/XPe-IGTI/lib/python3.8/site-packages/airflow/example_dags/example_latest_only.py
[2023-11-27T21:05:11.445-0300] {processor.py:829} INFO - Processing file /home/marcos/anaconda3/envs/XPe-IGTI/lib/python3.8/site-packages/airflow/example_dags/example_latest_only.py for tasks to queue
[2023-11-27T21:05:11.446-0300] {logging_mixin.py:154} INFO - [2023-11-27T21:05:11.446-0300] {dagbag.py:536} INFO - Filling up the DagBag from /home/marcos/anaconda3/envs/XPe-IGTI/lib/python3.8/site-packages/airflow/example_dags/example_latest_only.py
[2023-11-27T21:05:11.455-0300] {processor.py:839} INFO - DAG(s) dict_keys(['latest_only']) retrieved from /home/marcos/anaconda3/envs/XPe-IGTI/lib/python3.8/site-packages/airflow/example_dags/example_latest_only.py
[2023-11-27T21:05:11.482-0300] {logging_mixin.py:154} INFO - [2023-11-27T21:05:11.482-0300] {dag.py:2941} INFO - Sync 1 DAGs
[2023-11-27T21:05:11.515-0300] {logging_mixin.py:154} INFO - [2023-11-27T21:05:11.515-0300] {dag.py:3722} INFO - Setting next_dagrun for latest_only to 2023-11-27T20:05:11.515027+00:00, run_after=2023-11-28T00:05:11.515027+00:00
[2023-11-27T21:05:11.549-0300] {processor.py:179} INFO - Processing /home/marcos/anaconda3/envs/XPe-IGTI/lib/python3.8/site-packages/airflow/example_dags/example_latest_only.py took 0.112 seconds
[2023-11-27T21:06:14.025-0300] {processor.py:157} INFO - Started process (PID=52223) to work on /home/marcos/anaconda3/envs/XPe-IGTI/lib/python3.8/site-packages/airflow/example_dags/example_latest_only.py
[2023-11-27T21:06:14.030-0300] {processor.py:829} INFO - Processing file /home/marcos/anaconda3/envs/XPe-IGTI/lib/python3.8/site-packages/airflow/example_dags/example_latest_only.py for tasks to queue
[2023-11-27T21:06:14.031-0300] {logging_mixin.py:154} INFO - [2023-11-27T21:06:14.031-0300] {dagbag.py:536} INFO - Filling up the DagBag from /home/marcos/anaconda3/envs/XPe-IGTI/lib/python3.8/site-packages/airflow/example_dags/example_latest_only.py
[2023-11-27T21:06:14.043-0300] {processor.py:839} INFO - DAG(s) dict_keys(['latest_only']) retrieved from /home/marcos/anaconda3/envs/XPe-IGTI/lib/python3.8/site-packages/airflow/example_dags/example_latest_only.py
[2023-11-27T21:06:14.069-0300] {logging_mixin.py:154} INFO - [2023-11-27T21:06:14.068-0300] {dag.py:2941} INFO - Sync 1 DAGs
[2023-11-27T21:06:14.096-0300] {logging_mixin.py:154} INFO - [2023-11-27T21:06:14.096-0300] {dag.py:3722} INFO - Setting next_dagrun for latest_only to 2023-11-27T20:06:14.096362+00:00, run_after=2023-11-28T00:06:14.096362+00:00
[2023-11-27T21:06:14.124-0300] {processor.py:179} INFO - Processing /home/marcos/anaconda3/envs/XPe-IGTI/lib/python3.8/site-packages/airflow/example_dags/example_latest_only.py took 0.104 seconds
[2023-11-27T21:07:15.351-0300] {processor.py:157} INFO - Started process (PID=52317) to work on /home/marcos/anaconda3/envs/XPe-IGTI/lib/python3.8/site-packages/airflow/example_dags/example_latest_only.py
[2023-11-27T21:07:15.356-0300] {processor.py:829} INFO - Processing file /home/marcos/anaconda3/envs/XPe-IGTI/lib/python3.8/site-packages/airflow/example_dags/example_latest_only.py for tasks to queue
[2023-11-27T21:07:15.357-0300] {logging_mixin.py:154} INFO - [2023-11-27T21:07:15.356-0300] {dagbag.py:536} INFO - Filling up the DagBag from /home/marcos/anaconda3/envs/XPe-IGTI/lib/python3.8/site-packages/airflow/example_dags/example_latest_only.py
[2023-11-27T21:07:15.365-0300] {processor.py:839} INFO - DAG(s) dict_keys(['latest_only']) retrieved from /home/marcos/anaconda3/envs/XPe-IGTI/lib/python3.8/site-packages/airflow/example_dags/example_latest_only.py
[2023-11-27T21:07:15.387-0300] {logging_mixin.py:154} INFO - [2023-11-27T21:07:15.386-0300] {dag.py:2941} INFO - Sync 1 DAGs
[2023-11-27T21:07:15.415-0300] {logging_mixin.py:154} INFO - [2023-11-27T21:07:15.414-0300] {dag.py:3722} INFO - Setting next_dagrun for latest_only to 2023-11-27T20:07:15.414394+00:00, run_after=2023-11-28T00:07:15.414394+00:00
[2023-11-27T21:07:15.442-0300] {processor.py:179} INFO - Processing /home/marcos/anaconda3/envs/XPe-IGTI/lib/python3.8/site-packages/airflow/example_dags/example_latest_only.py took 0.096 seconds
[2023-11-27T21:08:15.160-0300] {processor.py:157} INFO - Started process (PID=52393) to work on /home/marcos/anaconda3/envs/XPe-IGTI/lib/python3.8/site-packages/airflow/example_dags/example_latest_only.py
[2023-11-27T21:08:15.165-0300] {processor.py:829} INFO - Processing file /home/marcos/anaconda3/envs/XPe-IGTI/lib/python3.8/site-packages/airflow/example_dags/example_latest_only.py for tasks to queue
[2023-11-27T21:08:15.166-0300] {logging_mixin.py:154} INFO - [2023-11-27T21:08:15.166-0300] {dagbag.py:536} INFO - Filling up the DagBag from /home/marcos/anaconda3/envs/XPe-IGTI/lib/python3.8/site-packages/airflow/example_dags/example_latest_only.py
[2023-11-27T21:08:15.175-0300] {processor.py:839} INFO - DAG(s) dict_keys(['latest_only']) retrieved from /home/marcos/anaconda3/envs/XPe-IGTI/lib/python3.8/site-packages/airflow/example_dags/example_latest_only.py
[2023-11-27T21:08:15.196-0300] {logging_mixin.py:154} INFO - [2023-11-27T21:08:15.195-0300] {dag.py:2941} INFO - Sync 1 DAGs
[2023-11-27T21:08:15.223-0300] {logging_mixin.py:154} INFO - [2023-11-27T21:08:15.223-0300] {dag.py:3722} INFO - Setting next_dagrun for latest_only to 2023-11-27T20:08:15.222890+00:00, run_after=2023-11-28T00:08:15.222890+00:00
[2023-11-27T21:08:15.251-0300] {processor.py:179} INFO - Processing /home/marcos/anaconda3/envs/XPe-IGTI/lib/python3.8/site-packages/airflow/example_dags/example_latest_only.py took 0.094 seconds
[2023-11-27T21:09:21.612-0300] {processor.py:157} INFO - Started process (PID=52466) to work on /home/marcos/anaconda3/envs/XPe-IGTI/lib/python3.8/site-packages/airflow/example_dags/example_latest_only.py
[2023-11-27T21:09:21.617-0300] {processor.py:829} INFO - Processing file /home/marcos/anaconda3/envs/XPe-IGTI/lib/python3.8/site-packages/airflow/example_dags/example_latest_only.py for tasks to queue
[2023-11-27T21:09:21.619-0300] {logging_mixin.py:154} INFO - [2023-11-27T21:09:21.618-0300] {dagbag.py:536} INFO - Filling up the DagBag from /home/marcos/anaconda3/envs/XPe-IGTI/lib/python3.8/site-packages/airflow/example_dags/example_latest_only.py
[2023-11-27T21:09:21.632-0300] {processor.py:839} INFO - DAG(s) dict_keys(['latest_only']) retrieved from /home/marcos/anaconda3/envs/XPe-IGTI/lib/python3.8/site-packages/airflow/example_dags/example_latest_only.py
[2023-11-27T21:09:21.654-0300] {logging_mixin.py:154} INFO - [2023-11-27T21:09:21.654-0300] {dag.py:2941} INFO - Sync 1 DAGs
[2023-11-27T21:09:21.682-0300] {logging_mixin.py:154} INFO - [2023-11-27T21:09:21.682-0300] {dag.py:3722} INFO - Setting next_dagrun for latest_only to 2023-11-27T20:09:21.682153+00:00, run_after=2023-11-28T00:09:21.682153+00:00
[2023-11-27T21:09:21.710-0300] {processor.py:179} INFO - Processing /home/marcos/anaconda3/envs/XPe-IGTI/lib/python3.8/site-packages/airflow/example_dags/example_latest_only.py took 0.104 seconds
[2023-11-27T21:10:24.279-0300] {processor.py:157} INFO - Started process (PID=52546) to work on /home/marcos/anaconda3/envs/XPe-IGTI/lib/python3.8/site-packages/airflow/example_dags/example_latest_only.py
[2023-11-27T21:10:24.284-0300] {processor.py:829} INFO - Processing file /home/marcos/anaconda3/envs/XPe-IGTI/lib/python3.8/site-packages/airflow/example_dags/example_latest_only.py for tasks to queue
[2023-11-27T21:10:24.285-0300] {logging_mixin.py:154} INFO - [2023-11-27T21:10:24.285-0300] {dagbag.py:536} INFO - Filling up the DagBag from /home/marcos/anaconda3/envs/XPe-IGTI/lib/python3.8/site-packages/airflow/example_dags/example_latest_only.py
[2023-11-27T21:10:24.296-0300] {processor.py:839} INFO - DAG(s) dict_keys(['latest_only']) retrieved from /home/marcos/anaconda3/envs/XPe-IGTI/lib/python3.8/site-packages/airflow/example_dags/example_latest_only.py
[2023-11-27T21:10:24.320-0300] {logging_mixin.py:154} INFO - [2023-11-27T21:10:24.319-0300] {dag.py:2941} INFO - Sync 1 DAGs
[2023-11-27T21:10:24.350-0300] {logging_mixin.py:154} INFO - [2023-11-27T21:10:24.350-0300] {dag.py:3722} INFO - Setting next_dagrun for latest_only to 2023-11-27T20:10:24.350175+00:00, run_after=2023-11-28T00:10:24.350175+00:00
[2023-11-27T21:10:24.383-0300] {processor.py:179} INFO - Processing /home/marcos/anaconda3/envs/XPe-IGTI/lib/python3.8/site-packages/airflow/example_dags/example_latest_only.py took 0.108 seconds
[2023-11-27T21:11:33.020-0300] {processor.py:157} INFO - Started process (PID=52627) to work on /home/marcos/anaconda3/envs/XPe-IGTI/lib/python3.8/site-packages/airflow/example_dags/example_latest_only.py
[2023-11-27T21:11:33.021-0300] {processor.py:829} INFO - Processing file /home/marcos/anaconda3/envs/XPe-IGTI/lib/python3.8/site-packages/airflow/example_dags/example_latest_only.py for tasks to queue
[2023-11-27T21:11:33.022-0300] {logging_mixin.py:154} INFO - [2023-11-27T21:11:33.022-0300] {dagbag.py:536} INFO - Filling up the DagBag from /home/marcos/anaconda3/envs/XPe-IGTI/lib/python3.8/site-packages/airflow/example_dags/example_latest_only.py
[2023-11-27T21:11:33.032-0300] {processor.py:839} INFO - DAG(s) dict_keys(['latest_only']) retrieved from /home/marcos/anaconda3/envs/XPe-IGTI/lib/python3.8/site-packages/airflow/example_dags/example_latest_only.py
[2023-11-27T21:11:33.056-0300] {logging_mixin.py:154} INFO - [2023-11-27T21:11:33.056-0300] {dag.py:2941} INFO - Sync 1 DAGs
[2023-11-27T21:11:33.092-0300] {logging_mixin.py:154} INFO - [2023-11-27T21:11:33.091-0300] {dag.py:3722} INFO - Setting next_dagrun for latest_only to 2023-11-27T20:11:33.091646+00:00, run_after=2023-11-28T00:11:33.091646+00:00
[2023-11-27T21:11:33.118-0300] {processor.py:179} INFO - Processing /home/marcos/anaconda3/envs/XPe-IGTI/lib/python3.8/site-packages/airflow/example_dags/example_latest_only.py took 0.103 seconds
[2023-11-27T21:12:39.451-0300] {processor.py:157} INFO - Started process (PID=52733) to work on /home/marcos/anaconda3/envs/XPe-IGTI/lib/python3.8/site-packages/airflow/example_dags/example_latest_only.py
[2023-11-27T21:12:39.456-0300] {processor.py:829} INFO - Processing file /home/marcos/anaconda3/envs/XPe-IGTI/lib/python3.8/site-packages/airflow/example_dags/example_latest_only.py for tasks to queue
[2023-11-27T21:12:39.457-0300] {logging_mixin.py:154} INFO - [2023-11-27T21:12:39.457-0300] {dagbag.py:536} INFO - Filling up the DagBag from /home/marcos/anaconda3/envs/XPe-IGTI/lib/python3.8/site-packages/airflow/example_dags/example_latest_only.py
[2023-11-27T21:12:39.466-0300] {processor.py:839} INFO - DAG(s) dict_keys(['latest_only']) retrieved from /home/marcos/anaconda3/envs/XPe-IGTI/lib/python3.8/site-packages/airflow/example_dags/example_latest_only.py
[2023-11-27T21:12:39.487-0300] {logging_mixin.py:154} INFO - [2023-11-27T21:12:39.487-0300] {dag.py:2941} INFO - Sync 1 DAGs
[2023-11-27T21:12:39.515-0300] {logging_mixin.py:154} INFO - [2023-11-27T21:12:39.515-0300] {dag.py:3722} INFO - Setting next_dagrun for latest_only to 2023-11-27T20:12:39.515053+00:00, run_after=2023-11-28T00:12:39.515053+00:00
[2023-11-27T21:12:39.543-0300] {processor.py:179} INFO - Processing /home/marcos/anaconda3/envs/XPe-IGTI/lib/python3.8/site-packages/airflow/example_dags/example_latest_only.py took 0.100 seconds
[2023-11-27T21:13:36.133-0300] {processor.py:157} INFO - Started process (PID=52811) to work on /home/marcos/anaconda3/envs/XPe-IGTI/lib/python3.8/site-packages/airflow/example_dags/example_latest_only.py
[2023-11-27T21:13:36.135-0300] {processor.py:829} INFO - Processing file /home/marcos/anaconda3/envs/XPe-IGTI/lib/python3.8/site-packages/airflow/example_dags/example_latest_only.py for tasks to queue
[2023-11-27T21:13:36.138-0300] {logging_mixin.py:154} INFO - [2023-11-27T21:13:36.137-0300] {dagbag.py:536} INFO - Filling up the DagBag from /home/marcos/anaconda3/envs/XPe-IGTI/lib/python3.8/site-packages/airflow/example_dags/example_latest_only.py
[2023-11-27T21:13:36.151-0300] {processor.py:839} INFO - DAG(s) dict_keys(['latest_only']) retrieved from /home/marcos/anaconda3/envs/XPe-IGTI/lib/python3.8/site-packages/airflow/example_dags/example_latest_only.py
[2023-11-27T21:13:36.185-0300] {logging_mixin.py:154} INFO - [2023-11-27T21:13:36.185-0300] {dag.py:2941} INFO - Sync 1 DAGs
[2023-11-27T21:13:36.232-0300] {logging_mixin.py:154} INFO - [2023-11-27T21:13:36.232-0300] {dag.py:3722} INFO - Setting next_dagrun for latest_only to 2023-11-27T20:13:36.231970+00:00, run_after=2023-11-28T00:13:36.231970+00:00
[2023-11-27T21:13:36.279-0300] {processor.py:179} INFO - Processing /home/marcos/anaconda3/envs/XPe-IGTI/lib/python3.8/site-packages/airflow/example_dags/example_latest_only.py took 0.152 seconds
[2023-11-27T21:14:42.372-0300] {processor.py:157} INFO - Started process (PID=52924) to work on /home/marcos/anaconda3/envs/XPe-IGTI/lib/python3.8/site-packages/airflow/example_dags/example_latest_only.py
[2023-11-27T21:14:42.377-0300] {processor.py:829} INFO - Processing file /home/marcos/anaconda3/envs/XPe-IGTI/lib/python3.8/site-packages/airflow/example_dags/example_latest_only.py for tasks to queue
[2023-11-27T21:14:42.378-0300] {logging_mixin.py:154} INFO - [2023-11-27T21:14:42.377-0300] {dagbag.py:536} INFO - Filling up the DagBag from /home/marcos/anaconda3/envs/XPe-IGTI/lib/python3.8/site-packages/airflow/example_dags/example_latest_only.py
[2023-11-27T21:14:42.391-0300] {processor.py:839} INFO - DAG(s) dict_keys(['latest_only']) retrieved from /home/marcos/anaconda3/envs/XPe-IGTI/lib/python3.8/site-packages/airflow/example_dags/example_latest_only.py
[2023-11-27T21:14:42.422-0300] {logging_mixin.py:154} INFO - [2023-11-27T21:14:42.422-0300] {dag.py:2941} INFO - Sync 1 DAGs
[2023-11-27T21:14:42.465-0300] {logging_mixin.py:154} INFO - [2023-11-27T21:14:42.464-0300] {dag.py:3722} INFO - Setting next_dagrun for latest_only to 2023-11-27T20:14:42.463703+00:00, run_after=2023-11-28T00:14:42.463703+00:00
[2023-11-27T21:14:42.512-0300] {processor.py:179} INFO - Processing /home/marcos/anaconda3/envs/XPe-IGTI/lib/python3.8/site-packages/airflow/example_dags/example_latest_only.py took 0.146 seconds
[2023-11-27T21:15:50.310-0300] {processor.py:157} INFO - Started process (PID=53009) to work on /home/marcos/anaconda3/envs/XPe-IGTI/lib/python3.8/site-packages/airflow/example_dags/example_latest_only.py
[2023-11-27T21:15:50.317-0300] {processor.py:829} INFO - Processing file /home/marcos/anaconda3/envs/XPe-IGTI/lib/python3.8/site-packages/airflow/example_dags/example_latest_only.py for tasks to queue
[2023-11-27T21:15:50.319-0300] {logging_mixin.py:154} INFO - [2023-11-27T21:15:50.318-0300] {dagbag.py:536} INFO - Filling up the DagBag from /home/marcos/anaconda3/envs/XPe-IGTI/lib/python3.8/site-packages/airflow/example_dags/example_latest_only.py
[2023-11-27T21:15:50.342-0300] {processor.py:839} INFO - DAG(s) dict_keys(['latest_only']) retrieved from /home/marcos/anaconda3/envs/XPe-IGTI/lib/python3.8/site-packages/airflow/example_dags/example_latest_only.py
[2023-11-27T21:15:50.397-0300] {logging_mixin.py:154} INFO - [2023-11-27T21:15:50.397-0300] {dag.py:2941} INFO - Sync 1 DAGs
[2023-11-27T21:15:50.429-0300] {logging_mixin.py:154} INFO - [2023-11-27T21:15:50.429-0300] {dag.py:3722} INFO - Setting next_dagrun for latest_only to 2023-11-27T20:15:50.429043+00:00, run_after=2023-11-28T00:15:50.429043+00:00
[2023-11-27T21:15:50.466-0300] {processor.py:179} INFO - Processing /home/marcos/anaconda3/envs/XPe-IGTI/lib/python3.8/site-packages/airflow/example_dags/example_latest_only.py took 0.169 seconds
[2023-11-27T21:16:59.417-0300] {processor.py:157} INFO - Started process (PID=53112) to work on /home/marcos/anaconda3/envs/XPe-IGTI/lib/python3.8/site-packages/airflow/example_dags/example_latest_only.py
[2023-11-27T21:16:59.422-0300] {processor.py:829} INFO - Processing file /home/marcos/anaconda3/envs/XPe-IGTI/lib/python3.8/site-packages/airflow/example_dags/example_latest_only.py for tasks to queue
[2023-11-27T21:16:59.423-0300] {logging_mixin.py:154} INFO - [2023-11-27T21:16:59.423-0300] {dagbag.py:536} INFO - Filling up the DagBag from /home/marcos/anaconda3/envs/XPe-IGTI/lib/python3.8/site-packages/airflow/example_dags/example_latest_only.py
[2023-11-27T21:16:59.434-0300] {processor.py:839} INFO - DAG(s) dict_keys(['latest_only']) retrieved from /home/marcos/anaconda3/envs/XPe-IGTI/lib/python3.8/site-packages/airflow/example_dags/example_latest_only.py
[2023-11-27T21:16:59.462-0300] {logging_mixin.py:154} INFO - [2023-11-27T21:16:59.462-0300] {dag.py:2941} INFO - Sync 1 DAGs
[2023-11-27T21:16:59.497-0300] {logging_mixin.py:154} INFO - [2023-11-27T21:16:59.497-0300] {dag.py:3722} INFO - Setting next_dagrun for latest_only to 2023-11-27T20:16:59.497275+00:00, run_after=2023-11-28T00:16:59.497275+00:00
[2023-11-27T21:16:59.533-0300] {processor.py:179} INFO - Processing /home/marcos/anaconda3/envs/XPe-IGTI/lib/python3.8/site-packages/airflow/example_dags/example_latest_only.py took 0.124 seconds
[2023-11-27T21:17:48.950-0300] {processor.py:157} INFO - Started process (PID=53175) to work on /home/marcos/anaconda3/envs/XPe-IGTI/lib/python3.8/site-packages/airflow/example_dags/example_latest_only.py
[2023-11-27T21:17:48.955-0300] {processor.py:829} INFO - Processing file /home/marcos/anaconda3/envs/XPe-IGTI/lib/python3.8/site-packages/airflow/example_dags/example_latest_only.py for tasks to queue
[2023-11-27T21:17:48.956-0300] {logging_mixin.py:154} INFO - [2023-11-27T21:17:48.956-0300] {dagbag.py:536} INFO - Filling up the DagBag from /home/marcos/anaconda3/envs/XPe-IGTI/lib/python3.8/site-packages/airflow/example_dags/example_latest_only.py
[2023-11-27T21:17:48.966-0300] {processor.py:839} INFO - DAG(s) dict_keys(['latest_only']) retrieved from /home/marcos/anaconda3/envs/XPe-IGTI/lib/python3.8/site-packages/airflow/example_dags/example_latest_only.py
[2023-11-27T21:17:48.993-0300] {logging_mixin.py:154} INFO - [2023-11-27T21:17:48.992-0300] {dag.py:2941} INFO - Sync 1 DAGs
[2023-11-27T21:17:49.028-0300] {logging_mixin.py:154} INFO - [2023-11-27T21:17:49.027-0300] {dag.py:3722} INFO - Setting next_dagrun for latest_only to 2023-11-27T20:17:49.027317+00:00, run_after=2023-11-28T00:17:49.027317+00:00
[2023-11-27T21:17:49.064-0300] {processor.py:179} INFO - Processing /home/marcos/anaconda3/envs/XPe-IGTI/lib/python3.8/site-packages/airflow/example_dags/example_latest_only.py took 0.118 seconds
[2023-11-27T21:18:36.254-0300] {processor.py:157} INFO - Started process (PID=53234) to work on /home/marcos/anaconda3/envs/XPe-IGTI/lib/python3.8/site-packages/airflow/example_dags/example_latest_only.py
[2023-11-27T21:18:36.256-0300] {processor.py:829} INFO - Processing file /home/marcos/anaconda3/envs/XPe-IGTI/lib/python3.8/site-packages/airflow/example_dags/example_latest_only.py for tasks to queue
[2023-11-27T21:18:36.257-0300] {logging_mixin.py:154} INFO - [2023-11-27T21:18:36.257-0300] {dagbag.py:536} INFO - Filling up the DagBag from /home/marcos/anaconda3/envs/XPe-IGTI/lib/python3.8/site-packages/airflow/example_dags/example_latest_only.py
[2023-11-27T21:18:36.268-0300] {processor.py:839} INFO - DAG(s) dict_keys(['latest_only']) retrieved from /home/marcos/anaconda3/envs/XPe-IGTI/lib/python3.8/site-packages/airflow/example_dags/example_latest_only.py
[2023-11-27T21:18:36.296-0300] {logging_mixin.py:154} INFO - [2023-11-27T21:18:36.296-0300] {dag.py:2941} INFO - Sync 1 DAGs
[2023-11-27T21:18:36.330-0300] {logging_mixin.py:154} INFO - [2023-11-27T21:18:36.330-0300] {dag.py:3722} INFO - Setting next_dagrun for latest_only to 2023-11-27T20:18:36.330010+00:00, run_after=2023-11-28T00:18:36.330010+00:00
[2023-11-27T21:18:36.364-0300] {processor.py:179} INFO - Processing /home/marcos/anaconda3/envs/XPe-IGTI/lib/python3.8/site-packages/airflow/example_dags/example_latest_only.py took 0.116 seconds
[2023-11-27T21:19:41.715-0300] {processor.py:157} INFO - Started process (PID=53308) to work on /home/marcos/anaconda3/envs/XPe-IGTI/lib/python3.8/site-packages/airflow/example_dags/example_latest_only.py
[2023-11-27T21:19:41.720-0300] {processor.py:829} INFO - Processing file /home/marcos/anaconda3/envs/XPe-IGTI/lib/python3.8/site-packages/airflow/example_dags/example_latest_only.py for tasks to queue
[2023-11-27T21:19:41.722-0300] {logging_mixin.py:154} INFO - [2023-11-27T21:19:41.721-0300] {dagbag.py:536} INFO - Filling up the DagBag from /home/marcos/anaconda3/envs/XPe-IGTI/lib/python3.8/site-packages/airflow/example_dags/example_latest_only.py
[2023-11-27T21:19:41.732-0300] {processor.py:839} INFO - DAG(s) dict_keys(['latest_only']) retrieved from /home/marcos/anaconda3/envs/XPe-IGTI/lib/python3.8/site-packages/airflow/example_dags/example_latest_only.py
[2023-11-27T21:19:41.758-0300] {logging_mixin.py:154} INFO - [2023-11-27T21:19:41.758-0300] {dag.py:2941} INFO - Sync 1 DAGs
[2023-11-27T21:19:41.791-0300] {logging_mixin.py:154} INFO - [2023-11-27T21:19:41.790-0300] {dag.py:3722} INFO - Setting next_dagrun for latest_only to 2023-11-27T20:19:41.790491+00:00, run_after=2023-11-28T00:19:41.790491+00:00
[2023-11-27T21:19:41.826-0300] {processor.py:179} INFO - Processing /home/marcos/anaconda3/envs/XPe-IGTI/lib/python3.8/site-packages/airflow/example_dags/example_latest_only.py took 0.116 seconds
[2023-11-27T21:20:51.341-0300] {processor.py:157} INFO - Started process (PID=53391) to work on /home/marcos/anaconda3/envs/XPe-IGTI/lib/python3.8/site-packages/airflow/example_dags/example_latest_only.py
[2023-11-27T21:20:51.345-0300] {processor.py:829} INFO - Processing file /home/marcos/anaconda3/envs/XPe-IGTI/lib/python3.8/site-packages/airflow/example_dags/example_latest_only.py for tasks to queue
[2023-11-27T21:20:51.346-0300] {logging_mixin.py:154} INFO - [2023-11-27T21:20:51.346-0300] {dagbag.py:536} INFO - Filling up the DagBag from /home/marcos/anaconda3/envs/XPe-IGTI/lib/python3.8/site-packages/airflow/example_dags/example_latest_only.py
[2023-11-27T21:20:51.357-0300] {processor.py:839} INFO - DAG(s) dict_keys(['latest_only']) retrieved from /home/marcos/anaconda3/envs/XPe-IGTI/lib/python3.8/site-packages/airflow/example_dags/example_latest_only.py
[2023-11-27T21:20:51.384-0300] {logging_mixin.py:154} INFO - [2023-11-27T21:20:51.384-0300] {dag.py:2941} INFO - Sync 1 DAGs
[2023-11-27T21:20:51.426-0300] {logging_mixin.py:154} INFO - [2023-11-27T21:20:51.425-0300] {dag.py:3722} INFO - Setting next_dagrun for latest_only to 2023-11-27T20:20:51.425569+00:00, run_after=2023-11-28T00:20:51.425569+00:00
[2023-11-27T21:20:51.465-0300] {processor.py:179} INFO - Processing /home/marcos/anaconda3/envs/XPe-IGTI/lib/python3.8/site-packages/airflow/example_dags/example_latest_only.py took 0.130 seconds
[2023-11-27T21:21:57.950-0300] {processor.py:157} INFO - Started process (PID=53485) to work on /home/marcos/anaconda3/envs/XPe-IGTI/lib/python3.8/site-packages/airflow/example_dags/example_latest_only.py
[2023-11-27T21:21:57.955-0300] {processor.py:829} INFO - Processing file /home/marcos/anaconda3/envs/XPe-IGTI/lib/python3.8/site-packages/airflow/example_dags/example_latest_only.py for tasks to queue
[2023-11-27T21:21:57.956-0300] {logging_mixin.py:154} INFO - [2023-11-27T21:21:57.956-0300] {dagbag.py:536} INFO - Filling up the DagBag from /home/marcos/anaconda3/envs/XPe-IGTI/lib/python3.8/site-packages/airflow/example_dags/example_latest_only.py
[2023-11-27T21:21:57.970-0300] {processor.py:839} INFO - DAG(s) dict_keys(['latest_only']) retrieved from /home/marcos/anaconda3/envs/XPe-IGTI/lib/python3.8/site-packages/airflow/example_dags/example_latest_only.py
[2023-11-27T21:21:57.994-0300] {logging_mixin.py:154} INFO - [2023-11-27T21:21:57.993-0300] {dag.py:2941} INFO - Sync 1 DAGs
[2023-11-27T21:21:58.026-0300] {logging_mixin.py:154} INFO - [2023-11-27T21:21:58.026-0300] {dag.py:3722} INFO - Setting next_dagrun for latest_only to 2023-11-27T20:21:58.026087+00:00, run_after=2023-11-28T00:21:58.026087+00:00
[2023-11-27T21:21:58.064-0300] {processor.py:179} INFO - Processing /home/marcos/anaconda3/envs/XPe-IGTI/lib/python3.8/site-packages/airflow/example_dags/example_latest_only.py took 0.121 seconds
[2023-11-27T21:22:58.439-0300] {processor.py:157} INFO - Started process (PID=53562) to work on /home/marcos/anaconda3/envs/XPe-IGTI/lib/python3.8/site-packages/airflow/example_dags/example_latest_only.py
[2023-11-27T21:22:58.443-0300] {processor.py:829} INFO - Processing file /home/marcos/anaconda3/envs/XPe-IGTI/lib/python3.8/site-packages/airflow/example_dags/example_latest_only.py for tasks to queue
[2023-11-27T21:22:58.445-0300] {logging_mixin.py:154} INFO - [2023-11-27T21:22:58.444-0300] {dagbag.py:536} INFO - Filling up the DagBag from /home/marcos/anaconda3/envs/XPe-IGTI/lib/python3.8/site-packages/airflow/example_dags/example_latest_only.py
[2023-11-27T21:22:58.456-0300] {processor.py:839} INFO - DAG(s) dict_keys(['latest_only']) retrieved from /home/marcos/anaconda3/envs/XPe-IGTI/lib/python3.8/site-packages/airflow/example_dags/example_latest_only.py
[2023-11-27T21:22:58.478-0300] {logging_mixin.py:154} INFO - [2023-11-27T21:22:58.478-0300] {dag.py:2941} INFO - Sync 1 DAGs
[2023-11-27T21:22:58.510-0300] {logging_mixin.py:154} INFO - [2023-11-27T21:22:58.510-0300] {dag.py:3722} INFO - Setting next_dagrun for latest_only to 2023-11-27T20:22:58.510178+00:00, run_after=2023-11-28T00:22:58.510178+00:00
[2023-11-27T21:22:58.546-0300] {processor.py:179} INFO - Processing /home/marcos/anaconda3/envs/XPe-IGTI/lib/python3.8/site-packages/airflow/example_dags/example_latest_only.py took 0.113 seconds
[2023-11-27T21:24:02.246-0300] {processor.py:157} INFO - Started process (PID=53634) to work on /home/marcos/anaconda3/envs/XPe-IGTI/lib/python3.8/site-packages/airflow/example_dags/example_latest_only.py
[2023-11-27T21:24:02.253-0300] {processor.py:829} INFO - Processing file /home/marcos/anaconda3/envs/XPe-IGTI/lib/python3.8/site-packages/airflow/example_dags/example_latest_only.py for tasks to queue
[2023-11-27T21:24:02.256-0300] {logging_mixin.py:154} INFO - [2023-11-27T21:24:02.255-0300] {dagbag.py:536} INFO - Filling up the DagBag from /home/marcos/anaconda3/envs/XPe-IGTI/lib/python3.8/site-packages/airflow/example_dags/example_latest_only.py
[2023-11-27T21:24:02.279-0300] {processor.py:839} INFO - DAG(s) dict_keys(['latest_only']) retrieved from /home/marcos/anaconda3/envs/XPe-IGTI/lib/python3.8/site-packages/airflow/example_dags/example_latest_only.py
[2023-11-27T21:24:02.303-0300] {logging_mixin.py:154} INFO - [2023-11-27T21:24:02.303-0300] {dag.py:2941} INFO - Sync 1 DAGs
[2023-11-27T21:24:02.338-0300] {logging_mixin.py:154} INFO - [2023-11-27T21:24:02.337-0300] {dag.py:3722} INFO - Setting next_dagrun for latest_only to 2023-11-27T20:24:02.337468+00:00, run_after=2023-11-28T00:24:02.337468+00:00
[2023-11-27T21:24:02.371-0300] {processor.py:179} INFO - Processing /home/marcos/anaconda3/envs/XPe-IGTI/lib/python3.8/site-packages/airflow/example_dags/example_latest_only.py took 0.137 seconds
[2023-11-27T21:25:12.794-0300] {processor.py:157} INFO - Started process (PID=53726) to work on /home/marcos/anaconda3/envs/XPe-IGTI/lib/python3.8/site-packages/airflow/example_dags/example_latest_only.py
[2023-11-27T21:25:12.801-0300] {processor.py:829} INFO - Processing file /home/marcos/anaconda3/envs/XPe-IGTI/lib/python3.8/site-packages/airflow/example_dags/example_latest_only.py for tasks to queue
[2023-11-27T21:25:12.805-0300] {logging_mixin.py:154} INFO - [2023-11-27T21:25:12.804-0300] {dagbag.py:536} INFO - Filling up the DagBag from /home/marcos/anaconda3/envs/XPe-IGTI/lib/python3.8/site-packages/airflow/example_dags/example_latest_only.py
[2023-11-27T21:25:12.830-0300] {processor.py:839} INFO - DAG(s) dict_keys(['latest_only']) retrieved from /home/marcos/anaconda3/envs/XPe-IGTI/lib/python3.8/site-packages/airflow/example_dags/example_latest_only.py
[2023-11-27T21:25:12.886-0300] {logging_mixin.py:154} INFO - [2023-11-27T21:25:12.885-0300] {dag.py:2941} INFO - Sync 1 DAGs
[2023-11-27T21:25:12.922-0300] {logging_mixin.py:154} INFO - [2023-11-27T21:25:12.922-0300] {dag.py:3722} INFO - Setting next_dagrun for latest_only to 2023-11-27T20:25:12.921876+00:00, run_after=2023-11-28T00:25:12.921876+00:00
[2023-11-27T21:25:12.962-0300] {processor.py:179} INFO - Processing /home/marcos/anaconda3/envs/XPe-IGTI/lib/python3.8/site-packages/airflow/example_dags/example_latest_only.py took 0.180 seconds
[2023-11-27T21:26:01.972-0300] {processor.py:157} INFO - Started process (PID=53783) to work on /home/marcos/anaconda3/envs/XPe-IGTI/lib/python3.8/site-packages/airflow/example_dags/example_latest_only.py
[2023-11-27T21:26:01.977-0300] {processor.py:829} INFO - Processing file /home/marcos/anaconda3/envs/XPe-IGTI/lib/python3.8/site-packages/airflow/example_dags/example_latest_only.py for tasks to queue
[2023-11-27T21:26:01.978-0300] {logging_mixin.py:154} INFO - [2023-11-27T21:26:01.978-0300] {dagbag.py:536} INFO - Filling up the DagBag from /home/marcos/anaconda3/envs/XPe-IGTI/lib/python3.8/site-packages/airflow/example_dags/example_latest_only.py
[2023-11-27T21:26:01.987-0300] {processor.py:839} INFO - DAG(s) dict_keys(['latest_only']) retrieved from /home/marcos/anaconda3/envs/XPe-IGTI/lib/python3.8/site-packages/airflow/example_dags/example_latest_only.py
[2023-11-27T21:26:02.012-0300] {logging_mixin.py:154} INFO - [2023-11-27T21:26:02.012-0300] {dag.py:2941} INFO - Sync 1 DAGs
[2023-11-27T21:26:02.045-0300] {logging_mixin.py:154} INFO - [2023-11-27T21:26:02.045-0300] {dag.py:3722} INFO - Setting next_dagrun for latest_only to 2023-11-27T20:26:02.045200+00:00, run_after=2023-11-28T00:26:02.045200+00:00
[2023-11-27T21:26:02.078-0300] {processor.py:179} INFO - Processing /home/marcos/anaconda3/envs/XPe-IGTI/lib/python3.8/site-packages/airflow/example_dags/example_latest_only.py took 0.110 seconds
[2023-11-27T21:27:13.440-0300] {processor.py:157} INFO - Started process (PID=53889) to work on /home/marcos/anaconda3/envs/XPe-IGTI/lib/python3.8/site-packages/airflow/example_dags/example_latest_only.py
[2023-11-27T21:27:13.445-0300] {processor.py:829} INFO - Processing file /home/marcos/anaconda3/envs/XPe-IGTI/lib/python3.8/site-packages/airflow/example_dags/example_latest_only.py for tasks to queue
[2023-11-27T21:27:13.447-0300] {logging_mixin.py:154} INFO - [2023-11-27T21:27:13.446-0300] {dagbag.py:536} INFO - Filling up the DagBag from /home/marcos/anaconda3/envs/XPe-IGTI/lib/python3.8/site-packages/airflow/example_dags/example_latest_only.py
[2023-11-27T21:27:13.459-0300] {processor.py:839} INFO - DAG(s) dict_keys(['latest_only']) retrieved from /home/marcos/anaconda3/envs/XPe-IGTI/lib/python3.8/site-packages/airflow/example_dags/example_latest_only.py
[2023-11-27T21:27:13.488-0300] {logging_mixin.py:154} INFO - [2023-11-27T21:27:13.488-0300] {dag.py:2941} INFO - Sync 1 DAGs
[2023-11-27T21:27:13.535-0300] {logging_mixin.py:154} INFO - [2023-11-27T21:27:13.534-0300] {dag.py:3722} INFO - Setting next_dagrun for latest_only to 2023-11-27T20:27:13.534205+00:00, run_after=2023-11-28T00:27:13.534205+00:00
[2023-11-27T21:27:13.575-0300] {processor.py:179} INFO - Processing /home/marcos/anaconda3/envs/XPe-IGTI/lib/python3.8/site-packages/airflow/example_dags/example_latest_only.py took 0.140 seconds
[2023-11-27T21:28:18.997-0300] {processor.py:157} INFO - Started process (PID=53975) to work on /home/marcos/anaconda3/envs/XPe-IGTI/lib/python3.8/site-packages/airflow/example_dags/example_latest_only.py
[2023-11-27T21:28:19.002-0300] {processor.py:829} INFO - Processing file /home/marcos/anaconda3/envs/XPe-IGTI/lib/python3.8/site-packages/airflow/example_dags/example_latest_only.py for tasks to queue
[2023-11-27T21:28:19.004-0300] {logging_mixin.py:154} INFO - [2023-11-27T21:28:19.003-0300] {dagbag.py:536} INFO - Filling up the DagBag from /home/marcos/anaconda3/envs/XPe-IGTI/lib/python3.8/site-packages/airflow/example_dags/example_latest_only.py
[2023-11-27T21:28:19.016-0300] {processor.py:839} INFO - DAG(s) dict_keys(['latest_only']) retrieved from /home/marcos/anaconda3/envs/XPe-IGTI/lib/python3.8/site-packages/airflow/example_dags/example_latest_only.py
[2023-11-27T21:28:19.046-0300] {logging_mixin.py:154} INFO - [2023-11-27T21:28:19.046-0300] {dag.py:2941} INFO - Sync 1 DAGs
[2023-11-27T21:28:19.089-0300] {logging_mixin.py:154} INFO - [2023-11-27T21:28:19.089-0300] {dag.py:3722} INFO - Setting next_dagrun for latest_only to 2023-11-27T20:28:19.088886+00:00, run_after=2023-11-28T00:28:19.088886+00:00
[2023-11-27T21:28:19.128-0300] {processor.py:179} INFO - Processing /home/marcos/anaconda3/envs/XPe-IGTI/lib/python3.8/site-packages/airflow/example_dags/example_latest_only.py took 0.137 seconds
[2023-11-27T21:29:19.116-0300] {processor.py:157} INFO - Started process (PID=54069) to work on /home/marcos/anaconda3/envs/XPe-IGTI/lib/python3.8/site-packages/airflow/example_dags/example_latest_only.py
[2023-11-27T21:29:19.121-0300] {processor.py:829} INFO - Processing file /home/marcos/anaconda3/envs/XPe-IGTI/lib/python3.8/site-packages/airflow/example_dags/example_latest_only.py for tasks to queue
[2023-11-27T21:29:19.123-0300] {logging_mixin.py:154} INFO - [2023-11-27T21:29:19.122-0300] {dagbag.py:536} INFO - Filling up the DagBag from /home/marcos/anaconda3/envs/XPe-IGTI/lib/python3.8/site-packages/airflow/example_dags/example_latest_only.py
[2023-11-27T21:29:19.135-0300] {processor.py:839} INFO - DAG(s) dict_keys(['latest_only']) retrieved from /home/marcos/anaconda3/envs/XPe-IGTI/lib/python3.8/site-packages/airflow/example_dags/example_latest_only.py
[2023-11-27T21:29:19.157-0300] {logging_mixin.py:154} INFO - [2023-11-27T21:29:19.157-0300] {dag.py:2941} INFO - Sync 1 DAGs
[2023-11-27T21:29:19.184-0300] {logging_mixin.py:154} INFO - [2023-11-27T21:29:19.184-0300] {dag.py:3722} INFO - Setting next_dagrun for latest_only to 2023-11-27T20:29:19.183935+00:00, run_after=2023-11-28T00:29:19.183935+00:00
[2023-11-27T21:29:19.212-0300] {processor.py:179} INFO - Processing /home/marcos/anaconda3/envs/XPe-IGTI/lib/python3.8/site-packages/airflow/example_dags/example_latest_only.py took 0.102 seconds
[2023-11-28T18:52:41.638-0300] {processor.py:157} INFO - Started process (PID=144638) to work on /home/marcos/anaconda3/envs/XPe-IGTI/lib/python3.8/site-packages/airflow/example_dags/example_latest_only.py
[2023-11-28T18:52:41.640-0300] {processor.py:829} INFO - Processing file /home/marcos/anaconda3/envs/XPe-IGTI/lib/python3.8/site-packages/airflow/example_dags/example_latest_only.py for tasks to queue
[2023-11-28T18:52:41.640-0300] {logging_mixin.py:154} INFO - [2023-11-28T18:52:41.640-0300] {dagbag.py:536} INFO - Filling up the DagBag from /home/marcos/anaconda3/envs/XPe-IGTI/lib/python3.8/site-packages/airflow/example_dags/example_latest_only.py
[2023-11-28T18:52:41.645-0300] {processor.py:839} INFO - DAG(s) dict_keys(['latest_only']) retrieved from /home/marcos/anaconda3/envs/XPe-IGTI/lib/python3.8/site-packages/airflow/example_dags/example_latest_only.py
[2023-11-28T18:52:41.658-0300] {logging_mixin.py:154} INFO - [2023-11-28T18:52:41.658-0300] {dag.py:2941} INFO - Sync 1 DAGs
[2023-11-28T18:52:41.674-0300] {logging_mixin.py:154} INFO - [2023-11-28T18:52:41.674-0300] {dag.py:3722} INFO - Setting next_dagrun for latest_only to 2023-11-28T17:52:41.674269+00:00, run_after=2023-11-28T21:52:41.674269+00:00
[2023-11-28T18:52:41.692-0300] {processor.py:179} INFO - Processing /home/marcos/anaconda3/envs/XPe-IGTI/lib/python3.8/site-packages/airflow/example_dags/example_latest_only.py took 0.056 seconds
[2023-11-28T18:53:29.162-0300] {processor.py:157} INFO - Started process (PID=144723) to work on /home/marcos/anaconda3/envs/XPe-IGTI/lib/python3.8/site-packages/airflow/example_dags/example_latest_only.py
[2023-11-28T18:53:29.165-0300] {processor.py:829} INFO - Processing file /home/marcos/anaconda3/envs/XPe-IGTI/lib/python3.8/site-packages/airflow/example_dags/example_latest_only.py for tasks to queue
[2023-11-28T18:53:29.166-0300] {logging_mixin.py:154} INFO - [2023-11-28T18:53:29.166-0300] {dagbag.py:536} INFO - Filling up the DagBag from /home/marcos/anaconda3/envs/XPe-IGTI/lib/python3.8/site-packages/airflow/example_dags/example_latest_only.py
[2023-11-28T18:53:29.178-0300] {processor.py:839} INFO - DAG(s) dict_keys(['latest_only']) retrieved from /home/marcos/anaconda3/envs/XPe-IGTI/lib/python3.8/site-packages/airflow/example_dags/example_latest_only.py
[2023-11-28T18:53:29.195-0300] {logging_mixin.py:154} INFO - [2023-11-28T18:53:29.194-0300] {dag.py:2941} INFO - Sync 1 DAGs
[2023-11-28T18:53:29.213-0300] {logging_mixin.py:154} INFO - [2023-11-28T18:53:29.212-0300] {dag.py:3722} INFO - Setting next_dagrun for latest_only to 2023-11-28T17:53:29.212399+00:00, run_after=2023-11-28T21:53:29.212399+00:00
[2023-11-28T18:53:29.243-0300] {processor.py:179} INFO - Processing /home/marcos/anaconda3/envs/XPe-IGTI/lib/python3.8/site-packages/airflow/example_dags/example_latest_only.py took 0.087 seconds
[2023-11-28T18:54:25.428-0300] {processor.py:157} INFO - Started process (PID=145266) to work on /home/marcos/anaconda3/envs/XPe-IGTI/lib/python3.8/site-packages/airflow/example_dags/example_latest_only.py
[2023-11-28T18:54:25.433-0300] {processor.py:829} INFO - Processing file /home/marcos/anaconda3/envs/XPe-IGTI/lib/python3.8/site-packages/airflow/example_dags/example_latest_only.py for tasks to queue
[2023-11-28T18:54:25.436-0300] {logging_mixin.py:154} INFO - [2023-11-28T18:54:25.435-0300] {dagbag.py:536} INFO - Filling up the DagBag from /home/marcos/anaconda3/envs/XPe-IGTI/lib/python3.8/site-packages/airflow/example_dags/example_latest_only.py
[2023-11-28T18:54:25.451-0300] {processor.py:839} INFO - DAG(s) dict_keys(['latest_only']) retrieved from /home/marcos/anaconda3/envs/XPe-IGTI/lib/python3.8/site-packages/airflow/example_dags/example_latest_only.py
[2023-11-28T18:54:25.473-0300] {logging_mixin.py:154} INFO - [2023-11-28T18:54:25.473-0300] {dag.py:2941} INFO - Sync 1 DAGs
[2023-11-28T18:54:25.503-0300] {logging_mixin.py:154} INFO - [2023-11-28T18:54:25.503-0300] {dag.py:3722} INFO - Setting next_dagrun for latest_only to 2023-11-28T17:54:25.502732+00:00, run_after=2023-11-28T21:54:25.502732+00:00
[2023-11-28T18:54:25.532-0300] {processor.py:179} INFO - Processing /home/marcos/anaconda3/envs/XPe-IGTI/lib/python3.8/site-packages/airflow/example_dags/example_latest_only.py took 0.112 seconds
[2023-11-28T18:55:27.717-0300] {processor.py:157} INFO - Started process (PID=145372) to work on /home/marcos/anaconda3/envs/XPe-IGTI/lib/python3.8/site-packages/airflow/example_dags/example_latest_only.py
[2023-11-28T18:55:27.722-0300] {processor.py:829} INFO - Processing file /home/marcos/anaconda3/envs/XPe-IGTI/lib/python3.8/site-packages/airflow/example_dags/example_latest_only.py for tasks to queue
[2023-11-28T18:55:27.723-0300] {logging_mixin.py:154} INFO - [2023-11-28T18:55:27.723-0300] {dagbag.py:536} INFO - Filling up the DagBag from /home/marcos/anaconda3/envs/XPe-IGTI/lib/python3.8/site-packages/airflow/example_dags/example_latest_only.py
[2023-11-28T18:55:27.733-0300] {processor.py:839} INFO - DAG(s) dict_keys(['latest_only']) retrieved from /home/marcos/anaconda3/envs/XPe-IGTI/lib/python3.8/site-packages/airflow/example_dags/example_latest_only.py
[2023-11-28T18:55:27.755-0300] {logging_mixin.py:154} INFO - [2023-11-28T18:55:27.754-0300] {dag.py:2941} INFO - Sync 1 DAGs
[2023-11-28T18:55:27.782-0300] {logging_mixin.py:154} INFO - [2023-11-28T18:55:27.782-0300] {dag.py:3722} INFO - Setting next_dagrun for latest_only to 2023-11-28T17:55:27.782237+00:00, run_after=2023-11-28T21:55:27.782237+00:00
[2023-11-28T18:55:27.810-0300] {processor.py:179} INFO - Processing /home/marcos/anaconda3/envs/XPe-IGTI/lib/python3.8/site-packages/airflow/example_dags/example_latest_only.py took 0.097 seconds
[2023-11-28T18:56:24.258-0300] {processor.py:157} INFO - Started process (PID=145455) to work on /home/marcos/anaconda3/envs/XPe-IGTI/lib/python3.8/site-packages/airflow/example_dags/example_latest_only.py
[2023-11-28T18:56:24.264-0300] {processor.py:829} INFO - Processing file /home/marcos/anaconda3/envs/XPe-IGTI/lib/python3.8/site-packages/airflow/example_dags/example_latest_only.py for tasks to queue
[2023-11-28T18:56:24.267-0300] {logging_mixin.py:154} INFO - [2023-11-28T18:56:24.266-0300] {dagbag.py:536} INFO - Filling up the DagBag from /home/marcos/anaconda3/envs/XPe-IGTI/lib/python3.8/site-packages/airflow/example_dags/example_latest_only.py
[2023-11-28T18:56:24.281-0300] {processor.py:839} INFO - DAG(s) dict_keys(['latest_only']) retrieved from /home/marcos/anaconda3/envs/XPe-IGTI/lib/python3.8/site-packages/airflow/example_dags/example_latest_only.py
[2023-11-28T18:56:24.300-0300] {logging_mixin.py:154} INFO - [2023-11-28T18:56:24.299-0300] {dag.py:2941} INFO - Sync 1 DAGs
[2023-11-28T18:56:24.323-0300] {logging_mixin.py:154} INFO - [2023-11-28T18:56:24.322-0300] {dag.py:3722} INFO - Setting next_dagrun for latest_only to 2023-11-28T17:56:24.322709+00:00, run_after=2023-11-28T21:56:24.322709+00:00
[2023-11-28T18:56:24.345-0300] {processor.py:179} INFO - Processing /home/marcos/anaconda3/envs/XPe-IGTI/lib/python3.8/site-packages/airflow/example_dags/example_latest_only.py took 0.099 seconds
[2023-11-28T18:57:19.497-0300] {processor.py:157} INFO - Started process (PID=145593) to work on /home/marcos/anaconda3/envs/XPe-IGTI/lib/python3.8/site-packages/airflow/example_dags/example_latest_only.py
[2023-11-28T18:57:19.498-0300] {processor.py:829} INFO - Processing file /home/marcos/anaconda3/envs/XPe-IGTI/lib/python3.8/site-packages/airflow/example_dags/example_latest_only.py for tasks to queue
[2023-11-28T18:57:19.500-0300] {logging_mixin.py:154} INFO - [2023-11-28T18:57:19.499-0300] {dagbag.py:536} INFO - Filling up the DagBag from /home/marcos/anaconda3/envs/XPe-IGTI/lib/python3.8/site-packages/airflow/example_dags/example_latest_only.py
[2023-11-28T18:57:19.510-0300] {processor.py:839} INFO - DAG(s) dict_keys(['latest_only']) retrieved from /home/marcos/anaconda3/envs/XPe-IGTI/lib/python3.8/site-packages/airflow/example_dags/example_latest_only.py
[2023-11-28T18:57:19.557-0300] {logging_mixin.py:154} INFO - [2023-11-28T18:57:19.557-0300] {dag.py:2941} INFO - Sync 1 DAGs
[2023-11-28T18:57:19.597-0300] {logging_mixin.py:154} INFO - [2023-11-28T18:57:19.597-0300] {dag.py:3722} INFO - Setting next_dagrun for latest_only to 2023-11-28T17:57:19.597207+00:00, run_after=2023-11-28T21:57:19.597207+00:00
[2023-11-28T18:57:19.652-0300] {processor.py:179} INFO - Processing /home/marcos/anaconda3/envs/XPe-IGTI/lib/python3.8/site-packages/airflow/example_dags/example_latest_only.py took 0.161 seconds
[2023-11-28T18:58:14.113-0300] {processor.py:157} INFO - Started process (PID=145686) to work on /home/marcos/anaconda3/envs/XPe-IGTI/lib/python3.8/site-packages/airflow/example_dags/example_latest_only.py
[2023-11-28T18:58:14.117-0300] {processor.py:829} INFO - Processing file /home/marcos/anaconda3/envs/XPe-IGTI/lib/python3.8/site-packages/airflow/example_dags/example_latest_only.py for tasks to queue
[2023-11-28T18:58:14.118-0300] {logging_mixin.py:154} INFO - [2023-11-28T18:58:14.118-0300] {dagbag.py:536} INFO - Filling up the DagBag from /home/marcos/anaconda3/envs/XPe-IGTI/lib/python3.8/site-packages/airflow/example_dags/example_latest_only.py
[2023-11-28T18:58:14.124-0300] {processor.py:839} INFO - DAG(s) dict_keys(['latest_only']) retrieved from /home/marcos/anaconda3/envs/XPe-IGTI/lib/python3.8/site-packages/airflow/example_dags/example_latest_only.py
[2023-11-28T18:58:14.139-0300] {logging_mixin.py:154} INFO - [2023-11-28T18:58:14.138-0300] {dag.py:2941} INFO - Sync 1 DAGs
[2023-11-28T18:58:14.155-0300] {logging_mixin.py:154} INFO - [2023-11-28T18:58:14.155-0300] {dag.py:3722} INFO - Setting next_dagrun for latest_only to 2023-11-28T17:58:14.155250+00:00, run_after=2023-11-28T21:58:14.155250+00:00
[2023-11-28T18:58:14.182-0300] {processor.py:179} INFO - Processing /home/marcos/anaconda3/envs/XPe-IGTI/lib/python3.8/site-packages/airflow/example_dags/example_latest_only.py took 0.072 seconds
[2023-11-28T18:59:13.001-0300] {processor.py:157} INFO - Started process (PID=145765) to work on /home/marcos/anaconda3/envs/XPe-IGTI/lib/python3.8/site-packages/airflow/example_dags/example_latest_only.py
[2023-11-28T18:59:13.007-0300] {processor.py:829} INFO - Processing file /home/marcos/anaconda3/envs/XPe-IGTI/lib/python3.8/site-packages/airflow/example_dags/example_latest_only.py for tasks to queue
[2023-11-28T18:59:13.009-0300] {logging_mixin.py:154} INFO - [2023-11-28T18:59:13.008-0300] {dagbag.py:536} INFO - Filling up the DagBag from /home/marcos/anaconda3/envs/XPe-IGTI/lib/python3.8/site-packages/airflow/example_dags/example_latest_only.py
[2023-11-28T18:59:13.027-0300] {processor.py:839} INFO - DAG(s) dict_keys(['latest_only']) retrieved from /home/marcos/anaconda3/envs/XPe-IGTI/lib/python3.8/site-packages/airflow/example_dags/example_latest_only.py
[2023-11-28T18:59:13.046-0300] {logging_mixin.py:154} INFO - [2023-11-28T18:59:13.046-0300] {dag.py:2941} INFO - Sync 1 DAGs
[2023-11-28T18:59:13.063-0300] {logging_mixin.py:154} INFO - [2023-11-28T18:59:13.063-0300] {dag.py:3722} INFO - Setting next_dagrun for latest_only to 2023-11-28T17:59:13.063283+00:00, run_after=2023-11-28T21:59:13.063283+00:00
[2023-11-28T18:59:13.082-0300] {processor.py:179} INFO - Processing /home/marcos/anaconda3/envs/XPe-IGTI/lib/python3.8/site-packages/airflow/example_dags/example_latest_only.py took 0.088 seconds
[2023-11-28T19:00:11.214-0300] {processor.py:157} INFO - Started process (PID=145867) to work on /home/marcos/anaconda3/envs/XPe-IGTI/lib/python3.8/site-packages/airflow/example_dags/example_latest_only.py
[2023-11-28T19:00:11.218-0300] {processor.py:829} INFO - Processing file /home/marcos/anaconda3/envs/XPe-IGTI/lib/python3.8/site-packages/airflow/example_dags/example_latest_only.py for tasks to queue
[2023-11-28T19:00:11.219-0300] {logging_mixin.py:154} INFO - [2023-11-28T19:00:11.219-0300] {dagbag.py:536} INFO - Filling up the DagBag from /home/marcos/anaconda3/envs/XPe-IGTI/lib/python3.8/site-packages/airflow/example_dags/example_latest_only.py
[2023-11-28T19:00:11.226-0300] {processor.py:839} INFO - DAG(s) dict_keys(['latest_only']) retrieved from /home/marcos/anaconda3/envs/XPe-IGTI/lib/python3.8/site-packages/airflow/example_dags/example_latest_only.py
[2023-11-28T19:00:11.241-0300] {logging_mixin.py:154} INFO - [2023-11-28T19:00:11.241-0300] {dag.py:2941} INFO - Sync 1 DAGs
[2023-11-28T19:00:11.259-0300] {logging_mixin.py:154} INFO - [2023-11-28T19:00:11.259-0300] {dag.py:3722} INFO - Setting next_dagrun for latest_only to 2023-11-28T18:00:11.259101+00:00, run_after=2023-11-28T22:00:11.259101+00:00
[2023-11-28T19:00:11.286-0300] {processor.py:179} INFO - Processing /home/marcos/anaconda3/envs/XPe-IGTI/lib/python3.8/site-packages/airflow/example_dags/example_latest_only.py took 0.075 seconds
[2023-11-28T19:01:02.835-0300] {processor.py:157} INFO - Started process (PID=145945) to work on /home/marcos/anaconda3/envs/XPe-IGTI/lib/python3.8/site-packages/airflow/example_dags/example_latest_only.py
[2023-11-28T19:01:02.839-0300] {processor.py:829} INFO - Processing file /home/marcos/anaconda3/envs/XPe-IGTI/lib/python3.8/site-packages/airflow/example_dags/example_latest_only.py for tasks to queue
[2023-11-28T19:01:02.840-0300] {logging_mixin.py:154} INFO - [2023-11-28T19:01:02.839-0300] {dagbag.py:536} INFO - Filling up the DagBag from /home/marcos/anaconda3/envs/XPe-IGTI/lib/python3.8/site-packages/airflow/example_dags/example_latest_only.py
[2023-11-28T19:01:02.845-0300] {processor.py:839} INFO - DAG(s) dict_keys(['latest_only']) retrieved from /home/marcos/anaconda3/envs/XPe-IGTI/lib/python3.8/site-packages/airflow/example_dags/example_latest_only.py
[2023-11-28T19:01:02.858-0300] {logging_mixin.py:154} INFO - [2023-11-28T19:01:02.858-0300] {dag.py:2941} INFO - Sync 1 DAGs
[2023-11-28T19:01:02.875-0300] {logging_mixin.py:154} INFO - [2023-11-28T19:01:02.875-0300] {dag.py:3722} INFO - Setting next_dagrun for latest_only to 2023-11-28T18:01:02.875162+00:00, run_after=2023-11-28T22:01:02.875162+00:00
[2023-11-28T19:01:02.894-0300] {processor.py:179} INFO - Processing /home/marcos/anaconda3/envs/XPe-IGTI/lib/python3.8/site-packages/airflow/example_dags/example_latest_only.py took 0.062 seconds
[2023-11-28T19:02:03.475-0300] {processor.py:157} INFO - Started process (PID=146099) to work on /home/marcos/anaconda3/envs/XPe-IGTI/lib/python3.8/site-packages/airflow/example_dags/example_latest_only.py
[2023-11-28T19:02:03.479-0300] {processor.py:829} INFO - Processing file /home/marcos/anaconda3/envs/XPe-IGTI/lib/python3.8/site-packages/airflow/example_dags/example_latest_only.py for tasks to queue
[2023-11-28T19:02:03.481-0300] {logging_mixin.py:154} INFO - [2023-11-28T19:02:03.480-0300] {dagbag.py:536} INFO - Filling up the DagBag from /home/marcos/anaconda3/envs/XPe-IGTI/lib/python3.8/site-packages/airflow/example_dags/example_latest_only.py
[2023-11-28T19:02:03.490-0300] {processor.py:839} INFO - DAG(s) dict_keys(['latest_only']) retrieved from /home/marcos/anaconda3/envs/XPe-IGTI/lib/python3.8/site-packages/airflow/example_dags/example_latest_only.py
[2023-11-28T19:02:03.514-0300] {logging_mixin.py:154} INFO - [2023-11-28T19:02:03.514-0300] {dag.py:2941} INFO - Sync 1 DAGs
[2023-11-28T19:02:03.547-0300] {logging_mixin.py:154} INFO - [2023-11-28T19:02:03.547-0300] {dag.py:3722} INFO - Setting next_dagrun for latest_only to 2023-11-28T18:02:03.546897+00:00, run_after=2023-11-28T22:02:03.546897+00:00
[2023-11-28T19:02:03.583-0300] {processor.py:179} INFO - Processing /home/marcos/anaconda3/envs/XPe-IGTI/lib/python3.8/site-packages/airflow/example_dags/example_latest_only.py took 0.113 seconds
[2023-11-28T19:02:58.294-0300] {processor.py:157} INFO - Started process (PID=146198) to work on /home/marcos/anaconda3/envs/XPe-IGTI/lib/python3.8/site-packages/airflow/example_dags/example_latest_only.py
[2023-11-28T19:02:58.297-0300] {processor.py:829} INFO - Processing file /home/marcos/anaconda3/envs/XPe-IGTI/lib/python3.8/site-packages/airflow/example_dags/example_latest_only.py for tasks to queue
[2023-11-28T19:02:58.298-0300] {logging_mixin.py:154} INFO - [2023-11-28T19:02:58.298-0300] {dagbag.py:536} INFO - Filling up the DagBag from /home/marcos/anaconda3/envs/XPe-IGTI/lib/python3.8/site-packages/airflow/example_dags/example_latest_only.py
[2023-11-28T19:02:58.307-0300] {processor.py:839} INFO - DAG(s) dict_keys(['latest_only']) retrieved from /home/marcos/anaconda3/envs/XPe-IGTI/lib/python3.8/site-packages/airflow/example_dags/example_latest_only.py
[2023-11-28T19:02:58.323-0300] {logging_mixin.py:154} INFO - [2023-11-28T19:02:58.322-0300] {dag.py:2941} INFO - Sync 1 DAGs
[2023-11-28T19:02:58.339-0300] {logging_mixin.py:154} INFO - [2023-11-28T19:02:58.339-0300] {dag.py:3722} INFO - Setting next_dagrun for latest_only to 2023-11-28T18:02:58.339615+00:00, run_after=2023-11-28T22:02:58.339615+00:00
[2023-11-28T19:02:58.357-0300] {processor.py:179} INFO - Processing /home/marcos/anaconda3/envs/XPe-IGTI/lib/python3.8/site-packages/airflow/example_dags/example_latest_only.py took 0.069 seconds
[2023-11-28T19:04:02.173-0300] {processor.py:157} INFO - Started process (PID=146323) to work on /home/marcos/anaconda3/envs/XPe-IGTI/lib/python3.8/site-packages/airflow/example_dags/example_latest_only.py
[2023-11-28T19:04:02.178-0300] {processor.py:829} INFO - Processing file /home/marcos/anaconda3/envs/XPe-IGTI/lib/python3.8/site-packages/airflow/example_dags/example_latest_only.py for tasks to queue
[2023-11-28T19:04:02.180-0300] {logging_mixin.py:154} INFO - [2023-11-28T19:04:02.179-0300] {dagbag.py:536} INFO - Filling up the DagBag from /home/marcos/anaconda3/envs/XPe-IGTI/lib/python3.8/site-packages/airflow/example_dags/example_latest_only.py
[2023-11-28T19:04:02.193-0300] {processor.py:839} INFO - DAG(s) dict_keys(['latest_only']) retrieved from /home/marcos/anaconda3/envs/XPe-IGTI/lib/python3.8/site-packages/airflow/example_dags/example_latest_only.py
[2023-11-28T19:04:02.222-0300] {logging_mixin.py:154} INFO - [2023-11-28T19:04:02.221-0300] {dag.py:2941} INFO - Sync 1 DAGs
[2023-11-28T19:04:02.257-0300] {logging_mixin.py:154} INFO - [2023-11-28T19:04:02.257-0300] {dag.py:3722} INFO - Setting next_dagrun for latest_only to 2023-11-28T18:04:02.257148+00:00, run_after=2023-11-28T22:04:02.257148+00:00
[2023-11-28T19:04:02.300-0300] {processor.py:179} INFO - Processing /home/marcos/anaconda3/envs/XPe-IGTI/lib/python3.8/site-packages/airflow/example_dags/example_latest_only.py took 0.133 seconds
[2023-11-28T19:04:57.310-0300] {processor.py:157} INFO - Started process (PID=146407) to work on /home/marcos/anaconda3/envs/XPe-IGTI/lib/python3.8/site-packages/airflow/example_dags/example_latest_only.py
[2023-11-28T19:04:57.314-0300] {processor.py:829} INFO - Processing file /home/marcos/anaconda3/envs/XPe-IGTI/lib/python3.8/site-packages/airflow/example_dags/example_latest_only.py for tasks to queue
[2023-11-28T19:04:57.316-0300] {logging_mixin.py:154} INFO - [2023-11-28T19:04:57.316-0300] {dagbag.py:536} INFO - Filling up the DagBag from /home/marcos/anaconda3/envs/XPe-IGTI/lib/python3.8/site-packages/airflow/example_dags/example_latest_only.py
[2023-11-28T19:04:57.326-0300] {processor.py:839} INFO - DAG(s) dict_keys(['latest_only']) retrieved from /home/marcos/anaconda3/envs/XPe-IGTI/lib/python3.8/site-packages/airflow/example_dags/example_latest_only.py
[2023-11-28T19:04:57.350-0300] {logging_mixin.py:154} INFO - [2023-11-28T19:04:57.349-0300] {dag.py:2941} INFO - Sync 1 DAGs
[2023-11-28T19:04:57.381-0300] {logging_mixin.py:154} INFO - [2023-11-28T19:04:57.381-0300] {dag.py:3722} INFO - Setting next_dagrun for latest_only to 2023-11-28T18:04:57.380992+00:00, run_after=2023-11-28T22:04:57.380992+00:00
[2023-11-28T19:04:57.414-0300] {processor.py:179} INFO - Processing /home/marcos/anaconda3/envs/XPe-IGTI/lib/python3.8/site-packages/airflow/example_dags/example_latest_only.py took 0.109 seconds
[2023-11-28T19:06:08.715-0300] {processor.py:157} INFO - Started process (PID=146545) to work on /home/marcos/anaconda3/envs/XPe-IGTI/lib/python3.8/site-packages/airflow/example_dags/example_latest_only.py
[2023-11-28T19:06:08.719-0300] {processor.py:829} INFO - Processing file /home/marcos/anaconda3/envs/XPe-IGTI/lib/python3.8/site-packages/airflow/example_dags/example_latest_only.py for tasks to queue
[2023-11-28T19:06:08.724-0300] {logging_mixin.py:154} INFO - [2023-11-28T19:06:08.723-0300] {dagbag.py:536} INFO - Filling up the DagBag from /home/marcos/anaconda3/envs/XPe-IGTI/lib/python3.8/site-packages/airflow/example_dags/example_latest_only.py
[2023-11-28T19:06:08.733-0300] {processor.py:839} INFO - DAG(s) dict_keys(['latest_only']) retrieved from /home/marcos/anaconda3/envs/XPe-IGTI/lib/python3.8/site-packages/airflow/example_dags/example_latest_only.py
[2023-11-28T19:06:08.761-0300] {logging_mixin.py:154} INFO - [2023-11-28T19:06:08.760-0300] {dag.py:2941} INFO - Sync 1 DAGs
[2023-11-28T19:06:08.791-0300] {logging_mixin.py:154} INFO - [2023-11-28T19:06:08.790-0300] {dag.py:3722} INFO - Setting next_dagrun for latest_only to 2023-11-28T18:06:08.790611+00:00, run_after=2023-11-28T22:06:08.790611+00:00
[2023-11-28T19:06:08.824-0300] {processor.py:179} INFO - Processing /home/marcos/anaconda3/envs/XPe-IGTI/lib/python3.8/site-packages/airflow/example_dags/example_latest_only.py took 0.114 seconds
[2023-11-28T19:06:58.033-0300] {processor.py:157} INFO - Started process (PID=146619) to work on /home/marcos/anaconda3/envs/XPe-IGTI/lib/python3.8/site-packages/airflow/example_dags/example_latest_only.py
[2023-11-28T19:06:58.035-0300] {processor.py:829} INFO - Processing file /home/marcos/anaconda3/envs/XPe-IGTI/lib/python3.8/site-packages/airflow/example_dags/example_latest_only.py for tasks to queue
[2023-11-28T19:06:58.039-0300] {logging_mixin.py:154} INFO - [2023-11-28T19:06:58.039-0300] {dagbag.py:536} INFO - Filling up the DagBag from /home/marcos/anaconda3/envs/XPe-IGTI/lib/python3.8/site-packages/airflow/example_dags/example_latest_only.py
[2023-11-28T19:06:58.054-0300] {processor.py:839} INFO - DAG(s) dict_keys(['latest_only']) retrieved from /home/marcos/anaconda3/envs/XPe-IGTI/lib/python3.8/site-packages/airflow/example_dags/example_latest_only.py
[2023-11-28T19:06:58.069-0300] {logging_mixin.py:154} INFO - [2023-11-28T19:06:58.069-0300] {dag.py:2941} INFO - Sync 1 DAGs
[2023-11-28T19:06:58.087-0300] {logging_mixin.py:154} INFO - [2023-11-28T19:06:58.087-0300] {dag.py:3722} INFO - Setting next_dagrun for latest_only to 2023-11-28T18:06:58.087124+00:00, run_after=2023-11-28T22:06:58.087124+00:00
[2023-11-28T19:06:58.105-0300] {processor.py:179} INFO - Processing /home/marcos/anaconda3/envs/XPe-IGTI/lib/python3.8/site-packages/airflow/example_dags/example_latest_only.py took 0.077 seconds
[2023-11-28T19:08:01.524-0300] {processor.py:157} INFO - Started process (PID=146706) to work on /home/marcos/anaconda3/envs/XPe-IGTI/lib/python3.8/site-packages/airflow/example_dags/example_latest_only.py
[2023-11-28T19:08:01.528-0300] {processor.py:829} INFO - Processing file /home/marcos/anaconda3/envs/XPe-IGTI/lib/python3.8/site-packages/airflow/example_dags/example_latest_only.py for tasks to queue
[2023-11-28T19:08:01.532-0300] {logging_mixin.py:154} INFO - [2023-11-28T19:08:01.531-0300] {dagbag.py:536} INFO - Filling up the DagBag from /home/marcos/anaconda3/envs/XPe-IGTI/lib/python3.8/site-packages/airflow/example_dags/example_latest_only.py
[2023-11-28T19:08:01.540-0300] {processor.py:839} INFO - DAG(s) dict_keys(['latest_only']) retrieved from /home/marcos/anaconda3/envs/XPe-IGTI/lib/python3.8/site-packages/airflow/example_dags/example_latest_only.py
[2023-11-28T19:08:01.560-0300] {logging_mixin.py:154} INFO - [2023-11-28T19:08:01.559-0300] {dag.py:2941} INFO - Sync 1 DAGs
[2023-11-28T19:08:01.576-0300] {logging_mixin.py:154} INFO - [2023-11-28T19:08:01.576-0300] {dag.py:3722} INFO - Setting next_dagrun for latest_only to 2023-11-28T18:08:01.576326+00:00, run_after=2023-11-28T22:08:01.576326+00:00
[2023-11-28T19:08:01.595-0300] {processor.py:179} INFO - Processing /home/marcos/anaconda3/envs/XPe-IGTI/lib/python3.8/site-packages/airflow/example_dags/example_latest_only.py took 0.076 seconds
[2023-11-28T19:09:50.753-0300] {processor.py:157} INFO - Started process (PID=146940) to work on /home/marcos/anaconda3/envs/XPe-IGTI/lib/python3.8/site-packages/airflow/example_dags/example_latest_only.py
[2023-11-28T19:09:50.758-0300] {processor.py:829} INFO - Processing file /home/marcos/anaconda3/envs/XPe-IGTI/lib/python3.8/site-packages/airflow/example_dags/example_latest_only.py for tasks to queue
[2023-11-28T19:09:50.761-0300] {logging_mixin.py:154} INFO - [2023-11-28T19:09:50.760-0300] {dagbag.py:536} INFO - Filling up the DagBag from /home/marcos/anaconda3/envs/XPe-IGTI/lib/python3.8/site-packages/airflow/example_dags/example_latest_only.py
[2023-11-28T19:09:50.769-0300] {processor.py:839} INFO - DAG(s) dict_keys(['latest_only']) retrieved from /home/marcos/anaconda3/envs/XPe-IGTI/lib/python3.8/site-packages/airflow/example_dags/example_latest_only.py
[2023-11-28T19:09:50.793-0300] {logging_mixin.py:154} INFO - [2023-11-28T19:09:50.792-0300] {dag.py:2941} INFO - Sync 1 DAGs
[2023-11-28T19:09:50.826-0300] {logging_mixin.py:154} INFO - [2023-11-28T19:09:50.826-0300] {dag.py:3722} INFO - Setting next_dagrun for latest_only to 2023-11-28T18:09:50.825837+00:00, run_after=2023-11-28T22:09:50.825837+00:00
[2023-11-28T19:09:50.858-0300] {processor.py:179} INFO - Processing /home/marcos/anaconda3/envs/XPe-IGTI/lib/python3.8/site-packages/airflow/example_dags/example_latest_only.py took 0.110 seconds
[2023-11-28T19:10:41.391-0300] {processor.py:157} INFO - Started process (PID=147022) to work on /home/marcos/anaconda3/envs/XPe-IGTI/lib/python3.8/site-packages/airflow/example_dags/example_latest_only.py
[2023-11-28T19:10:41.392-0300] {processor.py:829} INFO - Processing file /home/marcos/anaconda3/envs/XPe-IGTI/lib/python3.8/site-packages/airflow/example_dags/example_latest_only.py for tasks to queue
[2023-11-28T19:10:41.395-0300] {logging_mixin.py:154} INFO - [2023-11-28T19:10:41.394-0300] {dagbag.py:536} INFO - Filling up the DagBag from /home/marcos/anaconda3/envs/XPe-IGTI/lib/python3.8/site-packages/airflow/example_dags/example_latest_only.py
[2023-11-28T19:10:41.400-0300] {processor.py:839} INFO - DAG(s) dict_keys(['latest_only']) retrieved from /home/marcos/anaconda3/envs/XPe-IGTI/lib/python3.8/site-packages/airflow/example_dags/example_latest_only.py
[2023-11-28T19:10:41.415-0300] {logging_mixin.py:154} INFO - [2023-11-28T19:10:41.414-0300] {dag.py:2941} INFO - Sync 1 DAGs
[2023-11-28T19:10:41.433-0300] {logging_mixin.py:154} INFO - [2023-11-28T19:10:41.433-0300] {dag.py:3722} INFO - Setting next_dagrun for latest_only to 2023-11-28T18:10:41.433307+00:00, run_after=2023-11-28T22:10:41.433307+00:00
[2023-11-28T19:10:41.451-0300] {processor.py:179} INFO - Processing /home/marcos/anaconda3/envs/XPe-IGTI/lib/python3.8/site-packages/airflow/example_dags/example_latest_only.py took 0.063 seconds
[2023-11-28T19:11:43.548-0300] {processor.py:157} INFO - Started process (PID=147170) to work on /home/marcos/anaconda3/envs/XPe-IGTI/lib/python3.8/site-packages/airflow/example_dags/example_latest_only.py
[2023-11-28T19:11:43.555-0300] {processor.py:829} INFO - Processing file /home/marcos/anaconda3/envs/XPe-IGTI/lib/python3.8/site-packages/airflow/example_dags/example_latest_only.py for tasks to queue
[2023-11-28T19:11:43.565-0300] {logging_mixin.py:154} INFO - [2023-11-28T19:11:43.563-0300] {dagbag.py:536} INFO - Filling up the DagBag from /home/marcos/anaconda3/envs/XPe-IGTI/lib/python3.8/site-packages/airflow/example_dags/example_latest_only.py
[2023-11-28T19:11:43.588-0300] {processor.py:839} INFO - DAG(s) dict_keys(['latest_only']) retrieved from /home/marcos/anaconda3/envs/XPe-IGTI/lib/python3.8/site-packages/airflow/example_dags/example_latest_only.py
[2023-11-28T19:11:43.632-0300] {logging_mixin.py:154} INFO - [2023-11-28T19:11:43.630-0300] {dag.py:2941} INFO - Sync 1 DAGs
[2023-11-28T19:11:43.678-0300] {logging_mixin.py:154} INFO - [2023-11-28T19:11:43.678-0300] {dag.py:3722} INFO - Setting next_dagrun for latest_only to 2023-11-28T18:11:43.677514+00:00, run_after=2023-11-28T22:11:43.677514+00:00
[2023-11-28T19:11:43.714-0300] {processor.py:179} INFO - Processing /home/marcos/anaconda3/envs/XPe-IGTI/lib/python3.8/site-packages/airflow/example_dags/example_latest_only.py took 0.177 seconds
[2023-11-28T19:12:54.714-0300] {processor.py:157} INFO - Started process (PID=147386) to work on /home/marcos/anaconda3/envs/XPe-IGTI/lib/python3.8/site-packages/airflow/example_dags/example_latest_only.py
[2023-11-28T19:12:54.720-0300] {processor.py:829} INFO - Processing file /home/marcos/anaconda3/envs/XPe-IGTI/lib/python3.8/site-packages/airflow/example_dags/example_latest_only.py for tasks to queue
[2023-11-28T19:12:54.730-0300] {logging_mixin.py:154} INFO - [2023-11-28T19:12:54.728-0300] {dagbag.py:536} INFO - Filling up the DagBag from /home/marcos/anaconda3/envs/XPe-IGTI/lib/python3.8/site-packages/airflow/example_dags/example_latest_only.py
[2023-11-28T19:12:54.750-0300] {processor.py:839} INFO - DAG(s) dict_keys(['latest_only']) retrieved from /home/marcos/anaconda3/envs/XPe-IGTI/lib/python3.8/site-packages/airflow/example_dags/example_latest_only.py
[2023-11-28T19:12:54.782-0300] {logging_mixin.py:154} INFO - [2023-11-28T19:12:54.781-0300] {dag.py:2941} INFO - Sync 1 DAGs
[2023-11-28T19:12:54.817-0300] {logging_mixin.py:154} INFO - [2023-11-28T19:12:54.817-0300] {dag.py:3722} INFO - Setting next_dagrun for latest_only to 2023-11-28T18:12:54.816974+00:00, run_after=2023-11-28T22:12:54.816974+00:00
[2023-11-28T19:12:54.862-0300] {processor.py:179} INFO - Processing /home/marcos/anaconda3/envs/XPe-IGTI/lib/python3.8/site-packages/airflow/example_dags/example_latest_only.py took 0.160 seconds
[2023-11-28T19:13:48.332-0300] {processor.py:157} INFO - Started process (PID=147513) to work on /home/marcos/anaconda3/envs/XPe-IGTI/lib/python3.8/site-packages/airflow/example_dags/example_latest_only.py
[2023-11-28T19:13:48.334-0300] {processor.py:829} INFO - Processing file /home/marcos/anaconda3/envs/XPe-IGTI/lib/python3.8/site-packages/airflow/example_dags/example_latest_only.py for tasks to queue
[2023-11-28T19:13:48.337-0300] {logging_mixin.py:154} INFO - [2023-11-28T19:13:48.337-0300] {dagbag.py:536} INFO - Filling up the DagBag from /home/marcos/anaconda3/envs/XPe-IGTI/lib/python3.8/site-packages/airflow/example_dags/example_latest_only.py
[2023-11-28T19:13:48.346-0300] {processor.py:839} INFO - DAG(s) dict_keys(['latest_only']) retrieved from /home/marcos/anaconda3/envs/XPe-IGTI/lib/python3.8/site-packages/airflow/example_dags/example_latest_only.py
[2023-11-28T19:13:48.368-0300] {logging_mixin.py:154} INFO - [2023-11-28T19:13:48.368-0300] {dag.py:2941} INFO - Sync 1 DAGs
[2023-11-28T19:13:48.399-0300] {logging_mixin.py:154} INFO - [2023-11-28T19:13:48.399-0300] {dag.py:3722} INFO - Setting next_dagrun for latest_only to 2023-11-28T18:13:48.399161+00:00, run_after=2023-11-28T22:13:48.399161+00:00
[2023-11-28T19:13:48.433-0300] {processor.py:179} INFO - Processing /home/marcos/anaconda3/envs/XPe-IGTI/lib/python3.8/site-packages/airflow/example_dags/example_latest_only.py took 0.106 seconds
[2023-11-28T19:14:40.323-0300] {processor.py:157} INFO - Started process (PID=147572) to work on /home/marcos/anaconda3/envs/XPe-IGTI/lib/python3.8/site-packages/airflow/example_dags/example_latest_only.py
[2023-11-28T19:14:40.327-0300] {processor.py:829} INFO - Processing file /home/marcos/anaconda3/envs/XPe-IGTI/lib/python3.8/site-packages/airflow/example_dags/example_latest_only.py for tasks to queue
[2023-11-28T19:14:40.329-0300] {logging_mixin.py:154} INFO - [2023-11-28T19:14:40.329-0300] {dagbag.py:536} INFO - Filling up the DagBag from /home/marcos/anaconda3/envs/XPe-IGTI/lib/python3.8/site-packages/airflow/example_dags/example_latest_only.py
[2023-11-28T19:14:40.335-0300] {processor.py:839} INFO - DAG(s) dict_keys(['latest_only']) retrieved from /home/marcos/anaconda3/envs/XPe-IGTI/lib/python3.8/site-packages/airflow/example_dags/example_latest_only.py
[2023-11-28T19:14:40.350-0300] {logging_mixin.py:154} INFO - [2023-11-28T19:14:40.350-0300] {dag.py:2941} INFO - Sync 1 DAGs
[2023-11-28T19:14:40.369-0300] {logging_mixin.py:154} INFO - [2023-11-28T19:14:40.369-0300] {dag.py:3722} INFO - Setting next_dagrun for latest_only to 2023-11-28T18:14:40.369012+00:00, run_after=2023-11-28T22:14:40.369012+00:00
[2023-11-28T19:14:40.389-0300] {processor.py:179} INFO - Processing /home/marcos/anaconda3/envs/XPe-IGTI/lib/python3.8/site-packages/airflow/example_dags/example_latest_only.py took 0.069 seconds
[2023-11-28T19:15:53.781-0300] {processor.py:157} INFO - Started process (PID=147646) to work on /home/marcos/anaconda3/envs/XPe-IGTI/lib/python3.8/site-packages/airflow/example_dags/example_latest_only.py
[2023-11-28T19:15:53.786-0300] {processor.py:829} INFO - Processing file /home/marcos/anaconda3/envs/XPe-IGTI/lib/python3.8/site-packages/airflow/example_dags/example_latest_only.py for tasks to queue
[2023-11-28T19:15:53.789-0300] {logging_mixin.py:154} INFO - [2023-11-28T19:15:53.788-0300] {dagbag.py:536} INFO - Filling up the DagBag from /home/marcos/anaconda3/envs/XPe-IGTI/lib/python3.8/site-packages/airflow/example_dags/example_latest_only.py
[2023-11-28T19:15:53.798-0300] {processor.py:839} INFO - DAG(s) dict_keys(['latest_only']) retrieved from /home/marcos/anaconda3/envs/XPe-IGTI/lib/python3.8/site-packages/airflow/example_dags/example_latest_only.py
[2023-11-28T19:15:53.824-0300] {logging_mixin.py:154} INFO - [2023-11-28T19:15:53.823-0300] {dag.py:2941} INFO - Sync 1 DAGs
[2023-11-28T19:15:53.861-0300] {logging_mixin.py:154} INFO - [2023-11-28T19:15:53.861-0300] {dag.py:3722} INFO - Setting next_dagrun for latest_only to 2023-11-28T18:15:53.860825+00:00, run_after=2023-11-28T22:15:53.860825+00:00
[2023-11-28T19:15:53.904-0300] {processor.py:179} INFO - Processing /home/marcos/anaconda3/envs/XPe-IGTI/lib/python3.8/site-packages/airflow/example_dags/example_latest_only.py took 0.128 seconds
[2023-11-28T19:17:00.699-0300] {processor.py:157} INFO - Started process (PID=147746) to work on /home/marcos/anaconda3/envs/XPe-IGTI/lib/python3.8/site-packages/airflow/example_dags/example_latest_only.py
[2023-11-28T19:17:00.703-0300] {processor.py:829} INFO - Processing file /home/marcos/anaconda3/envs/XPe-IGTI/lib/python3.8/site-packages/airflow/example_dags/example_latest_only.py for tasks to queue
[2023-11-28T19:17:00.707-0300] {logging_mixin.py:154} INFO - [2023-11-28T19:17:00.706-0300] {dagbag.py:536} INFO - Filling up the DagBag from /home/marcos/anaconda3/envs/XPe-IGTI/lib/python3.8/site-packages/airflow/example_dags/example_latest_only.py
[2023-11-28T19:17:00.716-0300] {processor.py:839} INFO - DAG(s) dict_keys(['latest_only']) retrieved from /home/marcos/anaconda3/envs/XPe-IGTI/lib/python3.8/site-packages/airflow/example_dags/example_latest_only.py
[2023-11-28T19:17:00.738-0300] {logging_mixin.py:154} INFO - [2023-11-28T19:17:00.737-0300] {dag.py:2941} INFO - Sync 1 DAGs
[2023-11-28T19:17:00.773-0300] {logging_mixin.py:154} INFO - [2023-11-28T19:17:00.772-0300] {dag.py:3722} INFO - Setting next_dagrun for latest_only to 2023-11-28T18:17:00.772476+00:00, run_after=2023-11-28T22:17:00.772476+00:00
[2023-11-28T19:17:00.804-0300] {processor.py:179} INFO - Processing /home/marcos/anaconda3/envs/XPe-IGTI/lib/python3.8/site-packages/airflow/example_dags/example_latest_only.py took 0.110 seconds
[2023-11-28T19:18:07.372-0300] {processor.py:157} INFO - Started process (PID=147826) to work on /home/marcos/anaconda3/envs/XPe-IGTI/lib/python3.8/site-packages/airflow/example_dags/example_latest_only.py
[2023-11-28T19:18:07.376-0300] {processor.py:829} INFO - Processing file /home/marcos/anaconda3/envs/XPe-IGTI/lib/python3.8/site-packages/airflow/example_dags/example_latest_only.py for tasks to queue
[2023-11-28T19:18:07.383-0300] {logging_mixin.py:154} INFO - [2023-11-28T19:18:07.382-0300] {dagbag.py:536} INFO - Filling up the DagBag from /home/marcos/anaconda3/envs/XPe-IGTI/lib/python3.8/site-packages/airflow/example_dags/example_latest_only.py
[2023-11-28T19:18:07.394-0300] {processor.py:839} INFO - DAG(s) dict_keys(['latest_only']) retrieved from /home/marcos/anaconda3/envs/XPe-IGTI/lib/python3.8/site-packages/airflow/example_dags/example_latest_only.py
[2023-11-28T19:18:07.420-0300] {logging_mixin.py:154} INFO - [2023-11-28T19:18:07.419-0300] {dag.py:2941} INFO - Sync 1 DAGs
[2023-11-28T19:18:07.451-0300] {logging_mixin.py:154} INFO - [2023-11-28T19:18:07.451-0300] {dag.py:3722} INFO - Setting next_dagrun for latest_only to 2023-11-28T18:18:07.450911+00:00, run_after=2023-11-28T22:18:07.450911+00:00
[2023-11-28T19:18:07.485-0300] {processor.py:179} INFO - Processing /home/marcos/anaconda3/envs/XPe-IGTI/lib/python3.8/site-packages/airflow/example_dags/example_latest_only.py took 0.118 seconds
[2023-11-28T19:20:01.763-0300] {processor.py:157} INFO - Started process (PID=148254) to work on /home/marcos/anaconda3/envs/XPe-IGTI/lib/python3.8/site-packages/airflow/example_dags/example_latest_only.py
[2023-11-28T19:20:01.769-0300] {processor.py:829} INFO - Processing file /home/marcos/anaconda3/envs/XPe-IGTI/lib/python3.8/site-packages/airflow/example_dags/example_latest_only.py for tasks to queue
[2023-11-28T19:20:01.774-0300] {logging_mixin.py:154} INFO - [2023-11-28T19:20:01.773-0300] {dagbag.py:536} INFO - Filling up the DagBag from /home/marcos/anaconda3/envs/XPe-IGTI/lib/python3.8/site-packages/airflow/example_dags/example_latest_only.py
[2023-11-28T19:20:01.784-0300] {processor.py:839} INFO - DAG(s) dict_keys(['latest_only']) retrieved from /home/marcos/anaconda3/envs/XPe-IGTI/lib/python3.8/site-packages/airflow/example_dags/example_latest_only.py
[2023-11-28T19:20:01.809-0300] {logging_mixin.py:154} INFO - [2023-11-28T19:20:01.808-0300] {dag.py:2941} INFO - Sync 1 DAGs
[2023-11-28T19:20:01.841-0300] {logging_mixin.py:154} INFO - [2023-11-28T19:20:01.841-0300] {dag.py:3722} INFO - Setting next_dagrun for latest_only to 2023-11-28T18:20:01.840827+00:00, run_after=2023-11-28T22:20:01.840827+00:00
[2023-11-28T19:20:01.876-0300] {processor.py:179} INFO - Processing /home/marcos/anaconda3/envs/XPe-IGTI/lib/python3.8/site-packages/airflow/example_dags/example_latest_only.py took 0.119 seconds
[2023-11-28T19:22:03.417-0300] {processor.py:157} INFO - Started process (PID=148726) to work on /home/marcos/anaconda3/envs/XPe-IGTI/lib/python3.8/site-packages/airflow/example_dags/example_latest_only.py
[2023-11-28T19:22:03.422-0300] {processor.py:829} INFO - Processing file /home/marcos/anaconda3/envs/XPe-IGTI/lib/python3.8/site-packages/airflow/example_dags/example_latest_only.py for tasks to queue
[2023-11-28T19:22:03.426-0300] {logging_mixin.py:154} INFO - [2023-11-28T19:22:03.425-0300] {dagbag.py:536} INFO - Filling up the DagBag from /home/marcos/anaconda3/envs/XPe-IGTI/lib/python3.8/site-packages/airflow/example_dags/example_latest_only.py
[2023-11-28T19:22:03.437-0300] {processor.py:839} INFO - DAG(s) dict_keys(['latest_only']) retrieved from /home/marcos/anaconda3/envs/XPe-IGTI/lib/python3.8/site-packages/airflow/example_dags/example_latest_only.py
[2023-11-28T19:22:03.466-0300] {logging_mixin.py:154} INFO - [2023-11-28T19:22:03.465-0300] {dag.py:2941} INFO - Sync 1 DAGs
[2023-11-28T19:22:03.505-0300] {logging_mixin.py:154} INFO - [2023-11-28T19:22:03.504-0300] {dag.py:3722} INFO - Setting next_dagrun for latest_only to 2023-11-28T18:22:03.504352+00:00, run_after=2023-11-28T22:22:03.504352+00:00
[2023-11-28T19:22:03.540-0300] {processor.py:179} INFO - Processing /home/marcos/anaconda3/envs/XPe-IGTI/lib/python3.8/site-packages/airflow/example_dags/example_latest_only.py took 0.131 seconds
[2023-11-28T19:22:57.926-0300] {processor.py:157} INFO - Started process (PID=148900) to work on /home/marcos/anaconda3/envs/XPe-IGTI/lib/python3.8/site-packages/airflow/example_dags/example_latest_only.py
[2023-11-28T19:22:57.931-0300] {processor.py:829} INFO - Processing file /home/marcos/anaconda3/envs/XPe-IGTI/lib/python3.8/site-packages/airflow/example_dags/example_latest_only.py for tasks to queue
[2023-11-28T19:22:57.934-0300] {logging_mixin.py:154} INFO - [2023-11-28T19:22:57.933-0300] {dagbag.py:536} INFO - Filling up the DagBag from /home/marcos/anaconda3/envs/XPe-IGTI/lib/python3.8/site-packages/airflow/example_dags/example_latest_only.py
[2023-11-28T19:22:57.943-0300] {processor.py:839} INFO - DAG(s) dict_keys(['latest_only']) retrieved from /home/marcos/anaconda3/envs/XPe-IGTI/lib/python3.8/site-packages/airflow/example_dags/example_latest_only.py
[2023-11-28T19:22:57.968-0300] {logging_mixin.py:154} INFO - [2023-11-28T19:22:57.967-0300] {dag.py:2941} INFO - Sync 1 DAGs
[2023-11-28T19:22:58.008-0300] {logging_mixin.py:154} INFO - [2023-11-28T19:22:58.007-0300] {dag.py:3722} INFO - Setting next_dagrun for latest_only to 2023-11-28T18:22:58.007142+00:00, run_after=2023-11-28T22:22:58.007142+00:00
[2023-11-28T19:22:58.046-0300] {processor.py:179} INFO - Processing /home/marcos/anaconda3/envs/XPe-IGTI/lib/python3.8/site-packages/airflow/example_dags/example_latest_only.py took 0.125 seconds
[2023-11-28T19:24:06.256-0300] {processor.py:157} INFO - Started process (PID=148974) to work on /home/marcos/anaconda3/envs/XPe-IGTI/lib/python3.8/site-packages/airflow/example_dags/example_latest_only.py
[2023-11-28T19:24:06.260-0300] {processor.py:829} INFO - Processing file /home/marcos/anaconda3/envs/XPe-IGTI/lib/python3.8/site-packages/airflow/example_dags/example_latest_only.py for tasks to queue
[2023-11-28T19:24:06.265-0300] {logging_mixin.py:154} INFO - [2023-11-28T19:24:06.264-0300] {dagbag.py:536} INFO - Filling up the DagBag from /home/marcos/anaconda3/envs/XPe-IGTI/lib/python3.8/site-packages/airflow/example_dags/example_latest_only.py
[2023-11-28T19:24:06.272-0300] {processor.py:839} INFO - DAG(s) dict_keys(['latest_only']) retrieved from /home/marcos/anaconda3/envs/XPe-IGTI/lib/python3.8/site-packages/airflow/example_dags/example_latest_only.py
[2023-11-28T19:24:06.296-0300] {logging_mixin.py:154} INFO - [2023-11-28T19:24:06.295-0300] {dag.py:2941} INFO - Sync 1 DAGs
[2023-11-28T19:24:06.327-0300] {logging_mixin.py:154} INFO - [2023-11-28T19:24:06.327-0300] {dag.py:3722} INFO - Setting next_dagrun for latest_only to 2023-11-28T18:24:06.326987+00:00, run_after=2023-11-28T22:24:06.326987+00:00
[2023-11-28T19:24:06.360-0300] {processor.py:179} INFO - Processing /home/marcos/anaconda3/envs/XPe-IGTI/lib/python3.8/site-packages/airflow/example_dags/example_latest_only.py took 0.108 seconds
[2023-11-28T19:25:17.637-0300] {processor.py:157} INFO - Started process (PID=149045) to work on /home/marcos/anaconda3/envs/XPe-IGTI/lib/python3.8/site-packages/airflow/example_dags/example_latest_only.py
[2023-11-28T19:25:17.641-0300] {processor.py:829} INFO - Processing file /home/marcos/anaconda3/envs/XPe-IGTI/lib/python3.8/site-packages/airflow/example_dags/example_latest_only.py for tasks to queue
[2023-11-28T19:25:17.645-0300] {logging_mixin.py:154} INFO - [2023-11-28T19:25:17.644-0300] {dagbag.py:536} INFO - Filling up the DagBag from /home/marcos/anaconda3/envs/XPe-IGTI/lib/python3.8/site-packages/airflow/example_dags/example_latest_only.py
[2023-11-28T19:25:17.653-0300] {processor.py:839} INFO - DAG(s) dict_keys(['latest_only']) retrieved from /home/marcos/anaconda3/envs/XPe-IGTI/lib/python3.8/site-packages/airflow/example_dags/example_latest_only.py
[2023-11-28T19:25:17.676-0300] {logging_mixin.py:154} INFO - [2023-11-28T19:25:17.675-0300] {dag.py:2941} INFO - Sync 1 DAGs
[2023-11-28T19:25:17.706-0300] {logging_mixin.py:154} INFO - [2023-11-28T19:25:17.706-0300] {dag.py:3722} INFO - Setting next_dagrun for latest_only to 2023-11-28T18:25:17.706141+00:00, run_after=2023-11-28T22:25:17.706141+00:00
[2023-11-28T19:25:17.737-0300] {processor.py:179} INFO - Processing /home/marcos/anaconda3/envs/XPe-IGTI/lib/python3.8/site-packages/airflow/example_dags/example_latest_only.py took 0.105 seconds
[2023-11-28T19:26:27.193-0300] {processor.py:157} INFO - Started process (PID=149118) to work on /home/marcos/anaconda3/envs/XPe-IGTI/lib/python3.8/site-packages/airflow/example_dags/example_latest_only.py
[2023-11-28T19:26:27.198-0300] {processor.py:829} INFO - Processing file /home/marcos/anaconda3/envs/XPe-IGTI/lib/python3.8/site-packages/airflow/example_dags/example_latest_only.py for tasks to queue
[2023-11-28T19:26:27.201-0300] {logging_mixin.py:154} INFO - [2023-11-28T19:26:27.200-0300] {dagbag.py:536} INFO - Filling up the DagBag from /home/marcos/anaconda3/envs/XPe-IGTI/lib/python3.8/site-packages/airflow/example_dags/example_latest_only.py
[2023-11-28T19:26:27.209-0300] {processor.py:839} INFO - DAG(s) dict_keys(['latest_only']) retrieved from /home/marcos/anaconda3/envs/XPe-IGTI/lib/python3.8/site-packages/airflow/example_dags/example_latest_only.py
[2023-11-28T19:26:27.234-0300] {logging_mixin.py:154} INFO - [2023-11-28T19:26:27.233-0300] {dag.py:2941} INFO - Sync 1 DAGs
[2023-11-28T19:26:27.268-0300] {logging_mixin.py:154} INFO - [2023-11-28T19:26:27.268-0300] {dag.py:3722} INFO - Setting next_dagrun for latest_only to 2023-11-28T18:26:27.267898+00:00, run_after=2023-11-28T22:26:27.267898+00:00
[2023-11-28T19:26:27.300-0300] {processor.py:179} INFO - Processing /home/marcos/anaconda3/envs/XPe-IGTI/lib/python3.8/site-packages/airflow/example_dags/example_latest_only.py took 0.112 seconds
[2023-11-28T19:27:15.933-0300] {processor.py:157} INFO - Started process (PID=149197) to work on /home/marcos/anaconda3/envs/XPe-IGTI/lib/python3.8/site-packages/airflow/example_dags/example_latest_only.py
[2023-11-28T19:27:15.937-0300] {processor.py:829} INFO - Processing file /home/marcos/anaconda3/envs/XPe-IGTI/lib/python3.8/site-packages/airflow/example_dags/example_latest_only.py for tasks to queue
[2023-11-28T19:27:15.940-0300] {logging_mixin.py:154} INFO - [2023-11-28T19:27:15.939-0300] {dagbag.py:536} INFO - Filling up the DagBag from /home/marcos/anaconda3/envs/XPe-IGTI/lib/python3.8/site-packages/airflow/example_dags/example_latest_only.py
[2023-11-28T19:27:15.946-0300] {processor.py:839} INFO - DAG(s) dict_keys(['latest_only']) retrieved from /home/marcos/anaconda3/envs/XPe-IGTI/lib/python3.8/site-packages/airflow/example_dags/example_latest_only.py
[2023-11-28T19:27:15.963-0300] {logging_mixin.py:154} INFO - [2023-11-28T19:27:15.962-0300] {dag.py:2941} INFO - Sync 1 DAGs
[2023-11-28T19:27:15.983-0300] {logging_mixin.py:154} INFO - [2023-11-28T19:27:15.983-0300] {dag.py:3722} INFO - Setting next_dagrun for latest_only to 2023-11-28T18:27:15.983290+00:00, run_after=2023-11-28T22:27:15.983290+00:00
[2023-11-28T19:27:16.003-0300] {processor.py:179} INFO - Processing /home/marcos/anaconda3/envs/XPe-IGTI/lib/python3.8/site-packages/airflow/example_dags/example_latest_only.py took 0.074 seconds
[2023-11-28T19:28:13.001-0300] {processor.py:157} INFO - Started process (PID=149300) to work on /home/marcos/anaconda3/envs/XPe-IGTI/lib/python3.8/site-packages/airflow/example_dags/example_latest_only.py
[2023-11-28T19:28:13.005-0300] {processor.py:829} INFO - Processing file /home/marcos/anaconda3/envs/XPe-IGTI/lib/python3.8/site-packages/airflow/example_dags/example_latest_only.py for tasks to queue
[2023-11-28T19:28:13.008-0300] {logging_mixin.py:154} INFO - [2023-11-28T19:28:13.008-0300] {dagbag.py:536} INFO - Filling up the DagBag from /home/marcos/anaconda3/envs/XPe-IGTI/lib/python3.8/site-packages/airflow/example_dags/example_latest_only.py
[2023-11-28T19:28:13.014-0300] {processor.py:839} INFO - DAG(s) dict_keys(['latest_only']) retrieved from /home/marcos/anaconda3/envs/XPe-IGTI/lib/python3.8/site-packages/airflow/example_dags/example_latest_only.py
[2023-11-28T19:28:13.030-0300] {logging_mixin.py:154} INFO - [2023-11-28T19:28:13.030-0300] {dag.py:2941} INFO - Sync 1 DAGs
[2023-11-28T19:28:13.051-0300] {logging_mixin.py:154} INFO - [2023-11-28T19:28:13.050-0300] {dag.py:3722} INFO - Setting next_dagrun for latest_only to 2023-11-28T18:28:13.050654+00:00, run_after=2023-11-28T22:28:13.050654+00:00
[2023-11-28T19:28:13.081-0300] {processor.py:179} INFO - Processing /home/marcos/anaconda3/envs/XPe-IGTI/lib/python3.8/site-packages/airflow/example_dags/example_latest_only.py took 0.083 seconds
