[2023-11-27T21:00:07.912-0300] {processor.py:157} INFO - Started process (PID=51642) to work on /home/marcos/anaconda3/envs/XPe-IGTI/lib/python3.8/site-packages/airflow/example_dags/plugins/event_listener.py
[2023-11-27T21:00:07.913-0300] {processor.py:829} INFO - Processing file /home/marcos/anaconda3/envs/XPe-IGTI/lib/python3.8/site-packages/airflow/example_dags/plugins/event_listener.py for tasks to queue
[2023-11-27T21:00:07.914-0300] {logging_mixin.py:154} INFO - [2023-11-27T21:00:07.913-0300] {dagbag.py:536} INFO - Filling up the DagBag from /home/marcos/anaconda3/envs/XPe-IGTI/lib/python3.8/site-packages/airflow/example_dags/plugins/event_listener.py
[2023-11-27T21:00:07.917-0300] {processor.py:841} WARNING - No viable dags retrieved from /home/marcos/anaconda3/envs/XPe-IGTI/lib/python3.8/site-packages/airflow/example_dags/plugins/event_listener.py
[2023-11-27T21:00:07.934-0300] {processor.py:179} INFO - Processing /home/marcos/anaconda3/envs/XPe-IGTI/lib/python3.8/site-packages/airflow/example_dags/plugins/event_listener.py took 0.028 seconds
[2023-11-27T21:00:51.559-0300] {processor.py:157} INFO - Started process (PID=51769) to work on /home/marcos/anaconda3/envs/XPe-IGTI/lib/python3.8/site-packages/airflow/example_dags/plugins/event_listener.py
[2023-11-27T21:00:51.563-0300] {processor.py:829} INFO - Processing file /home/marcos/anaconda3/envs/XPe-IGTI/lib/python3.8/site-packages/airflow/example_dags/plugins/event_listener.py for tasks to queue
[2023-11-27T21:00:51.565-0300] {logging_mixin.py:154} INFO - [2023-11-27T21:00:51.564-0300] {dagbag.py:536} INFO - Filling up the DagBag from /home/marcos/anaconda3/envs/XPe-IGTI/lib/python3.8/site-packages/airflow/example_dags/plugins/event_listener.py
[2023-11-27T21:00:51.569-0300] {processor.py:841} WARNING - No viable dags retrieved from /home/marcos/anaconda3/envs/XPe-IGTI/lib/python3.8/site-packages/airflow/example_dags/plugins/event_listener.py
[2023-11-27T21:00:51.586-0300] {processor.py:179} INFO - Processing /home/marcos/anaconda3/envs/XPe-IGTI/lib/python3.8/site-packages/airflow/example_dags/plugins/event_listener.py took 0.032 seconds
[2023-11-27T21:01:31.645-0300] {processor.py:157} INFO - Started process (PID=51819) to work on /home/marcos/anaconda3/envs/XPe-IGTI/lib/python3.8/site-packages/airflow/example_dags/plugins/event_listener.py
[2023-11-27T21:01:31.649-0300] {processor.py:829} INFO - Processing file /home/marcos/anaconda3/envs/XPe-IGTI/lib/python3.8/site-packages/airflow/example_dags/plugins/event_listener.py for tasks to queue
[2023-11-27T21:01:31.650-0300] {logging_mixin.py:154} INFO - [2023-11-27T21:01:31.650-0300] {dagbag.py:536} INFO - Filling up the DagBag from /home/marcos/anaconda3/envs/XPe-IGTI/lib/python3.8/site-packages/airflow/example_dags/plugins/event_listener.py
[2023-11-27T21:01:31.654-0300] {processor.py:841} WARNING - No viable dags retrieved from /home/marcos/anaconda3/envs/XPe-IGTI/lib/python3.8/site-packages/airflow/example_dags/plugins/event_listener.py
[2023-11-27T21:01:31.670-0300] {processor.py:179} INFO - Processing /home/marcos/anaconda3/envs/XPe-IGTI/lib/python3.8/site-packages/airflow/example_dags/plugins/event_listener.py took 0.030 seconds
[2023-11-27T21:02:12.631-0300] {processor.py:157} INFO - Started process (PID=51887) to work on /home/marcos/anaconda3/envs/XPe-IGTI/lib/python3.8/site-packages/airflow/example_dags/plugins/event_listener.py
[2023-11-27T21:02:12.635-0300] {processor.py:829} INFO - Processing file /home/marcos/anaconda3/envs/XPe-IGTI/lib/python3.8/site-packages/airflow/example_dags/plugins/event_listener.py for tasks to queue
[2023-11-27T21:02:12.637-0300] {logging_mixin.py:154} INFO - [2023-11-27T21:02:12.637-0300] {dagbag.py:536} INFO - Filling up the DagBag from /home/marcos/anaconda3/envs/XPe-IGTI/lib/python3.8/site-packages/airflow/example_dags/plugins/event_listener.py
[2023-11-27T21:02:12.642-0300] {processor.py:841} WARNING - No viable dags retrieved from /home/marcos/anaconda3/envs/XPe-IGTI/lib/python3.8/site-packages/airflow/example_dags/plugins/event_listener.py
[2023-11-27T21:02:12.661-0300] {processor.py:179} INFO - Processing /home/marcos/anaconda3/envs/XPe-IGTI/lib/python3.8/site-packages/airflow/example_dags/plugins/event_listener.py took 0.034 seconds
[2023-11-27T21:02:50.516-0300] {processor.py:157} INFO - Started process (PID=51946) to work on /home/marcos/anaconda3/envs/XPe-IGTI/lib/python3.8/site-packages/airflow/example_dags/plugins/event_listener.py
[2023-11-27T21:02:50.520-0300] {processor.py:829} INFO - Processing file /home/marcos/anaconda3/envs/XPe-IGTI/lib/python3.8/site-packages/airflow/example_dags/plugins/event_listener.py for tasks to queue
[2023-11-27T21:02:50.522-0300] {logging_mixin.py:154} INFO - [2023-11-27T21:02:50.521-0300] {dagbag.py:536} INFO - Filling up the DagBag from /home/marcos/anaconda3/envs/XPe-IGTI/lib/python3.8/site-packages/airflow/example_dags/plugins/event_listener.py
[2023-11-27T21:02:50.525-0300] {processor.py:841} WARNING - No viable dags retrieved from /home/marcos/anaconda3/envs/XPe-IGTI/lib/python3.8/site-packages/airflow/example_dags/plugins/event_listener.py
[2023-11-27T21:02:50.541-0300] {processor.py:179} INFO - Processing /home/marcos/anaconda3/envs/XPe-IGTI/lib/python3.8/site-packages/airflow/example_dags/plugins/event_listener.py took 0.031 seconds
[2023-11-27T21:03:32.493-0300] {processor.py:157} INFO - Started process (PID=51996) to work on /home/marcos/anaconda3/envs/XPe-IGTI/lib/python3.8/site-packages/airflow/example_dags/plugins/event_listener.py
[2023-11-27T21:03:32.498-0300] {processor.py:829} INFO - Processing file /home/marcos/anaconda3/envs/XPe-IGTI/lib/python3.8/site-packages/airflow/example_dags/plugins/event_listener.py for tasks to queue
[2023-11-27T21:03:32.499-0300] {logging_mixin.py:154} INFO - [2023-11-27T21:03:32.499-0300] {dagbag.py:536} INFO - Filling up the DagBag from /home/marcos/anaconda3/envs/XPe-IGTI/lib/python3.8/site-packages/airflow/example_dags/plugins/event_listener.py
[2023-11-27T21:03:32.503-0300] {processor.py:841} WARNING - No viable dags retrieved from /home/marcos/anaconda3/envs/XPe-IGTI/lib/python3.8/site-packages/airflow/example_dags/plugins/event_listener.py
[2023-11-27T21:03:32.519-0300] {processor.py:179} INFO - Processing /home/marcos/anaconda3/envs/XPe-IGTI/lib/python3.8/site-packages/airflow/example_dags/plugins/event_listener.py took 0.032 seconds
[2023-11-27T21:04:19.394-0300] {processor.py:157} INFO - Started process (PID=52048) to work on /home/marcos/anaconda3/envs/XPe-IGTI/lib/python3.8/site-packages/airflow/example_dags/plugins/event_listener.py
[2023-11-27T21:04:19.401-0300] {processor.py:829} INFO - Processing file /home/marcos/anaconda3/envs/XPe-IGTI/lib/python3.8/site-packages/airflow/example_dags/plugins/event_listener.py for tasks to queue
[2023-11-27T21:04:19.405-0300] {logging_mixin.py:154} INFO - [2023-11-27T21:04:19.403-0300] {dagbag.py:536} INFO - Filling up the DagBag from /home/marcos/anaconda3/envs/XPe-IGTI/lib/python3.8/site-packages/airflow/example_dags/plugins/event_listener.py
[2023-11-27T21:04:19.416-0300] {processor.py:841} WARNING - No viable dags retrieved from /home/marcos/anaconda3/envs/XPe-IGTI/lib/python3.8/site-packages/airflow/example_dags/plugins/event_listener.py
[2023-11-27T21:04:19.460-0300] {processor.py:179} INFO - Processing /home/marcos/anaconda3/envs/XPe-IGTI/lib/python3.8/site-packages/airflow/example_dags/plugins/event_listener.py took 0.082 seconds
[2023-11-27T21:05:00.952-0300] {processor.py:157} INFO - Started process (PID=52110) to work on /home/marcos/anaconda3/envs/XPe-IGTI/lib/python3.8/site-packages/airflow/example_dags/plugins/event_listener.py
[2023-11-27T21:05:00.957-0300] {processor.py:829} INFO - Processing file /home/marcos/anaconda3/envs/XPe-IGTI/lib/python3.8/site-packages/airflow/example_dags/plugins/event_listener.py for tasks to queue
[2023-11-27T21:05:00.960-0300] {logging_mixin.py:154} INFO - [2023-11-27T21:05:00.959-0300] {dagbag.py:536} INFO - Filling up the DagBag from /home/marcos/anaconda3/envs/XPe-IGTI/lib/python3.8/site-packages/airflow/example_dags/plugins/event_listener.py
[2023-11-27T21:05:00.965-0300] {processor.py:841} WARNING - No viable dags retrieved from /home/marcos/anaconda3/envs/XPe-IGTI/lib/python3.8/site-packages/airflow/example_dags/plugins/event_listener.py
[2023-11-27T21:05:00.984-0300] {processor.py:179} INFO - Processing /home/marcos/anaconda3/envs/XPe-IGTI/lib/python3.8/site-packages/airflow/example_dags/plugins/event_listener.py took 0.043 seconds
[2023-11-27T21:05:44.238-0300] {processor.py:157} INFO - Started process (PID=52177) to work on /home/marcos/anaconda3/envs/XPe-IGTI/lib/python3.8/site-packages/airflow/example_dags/plugins/event_listener.py
[2023-11-27T21:05:44.242-0300] {processor.py:829} INFO - Processing file /home/marcos/anaconda3/envs/XPe-IGTI/lib/python3.8/site-packages/airflow/example_dags/plugins/event_listener.py for tasks to queue
[2023-11-27T21:05:44.244-0300] {logging_mixin.py:154} INFO - [2023-11-27T21:05:44.243-0300] {dagbag.py:536} INFO - Filling up the DagBag from /home/marcos/anaconda3/envs/XPe-IGTI/lib/python3.8/site-packages/airflow/example_dags/plugins/event_listener.py
[2023-11-27T21:05:44.247-0300] {processor.py:841} WARNING - No viable dags retrieved from /home/marcos/anaconda3/envs/XPe-IGTI/lib/python3.8/site-packages/airflow/example_dags/plugins/event_listener.py
[2023-11-27T21:05:44.263-0300] {processor.py:179} INFO - Processing /home/marcos/anaconda3/envs/XPe-IGTI/lib/python3.8/site-packages/airflow/example_dags/plugins/event_listener.py took 0.030 seconds
[2023-11-27T21:06:24.415-0300] {processor.py:157} INFO - Started process (PID=52233) to work on /home/marcos/anaconda3/envs/XPe-IGTI/lib/python3.8/site-packages/airflow/example_dags/plugins/event_listener.py
[2023-11-27T21:06:24.420-0300] {processor.py:829} INFO - Processing file /home/marcos/anaconda3/envs/XPe-IGTI/lib/python3.8/site-packages/airflow/example_dags/plugins/event_listener.py for tasks to queue
[2023-11-27T21:06:24.421-0300] {logging_mixin.py:154} INFO - [2023-11-27T21:06:24.420-0300] {dagbag.py:536} INFO - Filling up the DagBag from /home/marcos/anaconda3/envs/XPe-IGTI/lib/python3.8/site-packages/airflow/example_dags/plugins/event_listener.py
[2023-11-27T21:06:24.424-0300] {processor.py:841} WARNING - No viable dags retrieved from /home/marcos/anaconda3/envs/XPe-IGTI/lib/python3.8/site-packages/airflow/example_dags/plugins/event_listener.py
[2023-11-27T21:06:24.440-0300] {processor.py:179} INFO - Processing /home/marcos/anaconda3/envs/XPe-IGTI/lib/python3.8/site-packages/airflow/example_dags/plugins/event_listener.py took 0.029 seconds
[2023-11-27T21:07:05.538-0300] {processor.py:157} INFO - Started process (PID=52308) to work on /home/marcos/anaconda3/envs/XPe-IGTI/lib/python3.8/site-packages/airflow/example_dags/plugins/event_listener.py
[2023-11-27T21:07:05.543-0300] {processor.py:829} INFO - Processing file /home/marcos/anaconda3/envs/XPe-IGTI/lib/python3.8/site-packages/airflow/example_dags/plugins/event_listener.py for tasks to queue
[2023-11-27T21:07:05.544-0300] {logging_mixin.py:154} INFO - [2023-11-27T21:07:05.544-0300] {dagbag.py:536} INFO - Filling up the DagBag from /home/marcos/anaconda3/envs/XPe-IGTI/lib/python3.8/site-packages/airflow/example_dags/plugins/event_listener.py
[2023-11-27T21:07:05.549-0300] {processor.py:841} WARNING - No viable dags retrieved from /home/marcos/anaconda3/envs/XPe-IGTI/lib/python3.8/site-packages/airflow/example_dags/plugins/event_listener.py
[2023-11-27T21:07:05.567-0300] {processor.py:179} INFO - Processing /home/marcos/anaconda3/envs/XPe-IGTI/lib/python3.8/site-packages/airflow/example_dags/plugins/event_listener.py took 0.034 seconds
[2023-11-27T21:07:44.769-0300] {processor.py:157} INFO - Started process (PID=52358) to work on /home/marcos/anaconda3/envs/XPe-IGTI/lib/python3.8/site-packages/airflow/example_dags/plugins/event_listener.py
[2023-11-27T21:07:44.773-0300] {processor.py:829} INFO - Processing file /home/marcos/anaconda3/envs/XPe-IGTI/lib/python3.8/site-packages/airflow/example_dags/plugins/event_listener.py for tasks to queue
[2023-11-27T21:07:44.774-0300] {logging_mixin.py:154} INFO - [2023-11-27T21:07:44.773-0300] {dagbag.py:536} INFO - Filling up the DagBag from /home/marcos/anaconda3/envs/XPe-IGTI/lib/python3.8/site-packages/airflow/example_dags/plugins/event_listener.py
[2023-11-27T21:07:44.777-0300] {processor.py:841} WARNING - No viable dags retrieved from /home/marcos/anaconda3/envs/XPe-IGTI/lib/python3.8/site-packages/airflow/example_dags/plugins/event_listener.py
[2023-11-27T21:07:44.791-0300] {processor.py:179} INFO - Processing /home/marcos/anaconda3/envs/XPe-IGTI/lib/python3.8/site-packages/airflow/example_dags/plugins/event_listener.py took 0.026 seconds
[2023-11-27T21:08:25.336-0300] {processor.py:157} INFO - Started process (PID=52403) to work on /home/marcos/anaconda3/envs/XPe-IGTI/lib/python3.8/site-packages/airflow/example_dags/plugins/event_listener.py
[2023-11-27T21:08:25.341-0300] {processor.py:829} INFO - Processing file /home/marcos/anaconda3/envs/XPe-IGTI/lib/python3.8/site-packages/airflow/example_dags/plugins/event_listener.py for tasks to queue
[2023-11-27T21:08:25.342-0300] {logging_mixin.py:154} INFO - [2023-11-27T21:08:25.341-0300] {dagbag.py:536} INFO - Filling up the DagBag from /home/marcos/anaconda3/envs/XPe-IGTI/lib/python3.8/site-packages/airflow/example_dags/plugins/event_listener.py
[2023-11-27T21:08:25.345-0300] {processor.py:841} WARNING - No viable dags retrieved from /home/marcos/anaconda3/envs/XPe-IGTI/lib/python3.8/site-packages/airflow/example_dags/plugins/event_listener.py
[2023-11-27T21:08:25.361-0300] {processor.py:179} INFO - Processing /home/marcos/anaconda3/envs/XPe-IGTI/lib/python3.8/site-packages/airflow/example_dags/plugins/event_listener.py took 0.029 seconds
[2023-11-27T21:09:09.946-0300] {processor.py:157} INFO - Started process (PID=52455) to work on /home/marcos/anaconda3/envs/XPe-IGTI/lib/python3.8/site-packages/airflow/example_dags/plugins/event_listener.py
[2023-11-27T21:09:09.951-0300] {processor.py:829} INFO - Processing file /home/marcos/anaconda3/envs/XPe-IGTI/lib/python3.8/site-packages/airflow/example_dags/plugins/event_listener.py for tasks to queue
[2023-11-27T21:09:09.952-0300] {logging_mixin.py:154} INFO - [2023-11-27T21:09:09.951-0300] {dagbag.py:536} INFO - Filling up the DagBag from /home/marcos/anaconda3/envs/XPe-IGTI/lib/python3.8/site-packages/airflow/example_dags/plugins/event_listener.py
[2023-11-27T21:09:09.956-0300] {processor.py:841} WARNING - No viable dags retrieved from /home/marcos/anaconda3/envs/XPe-IGTI/lib/python3.8/site-packages/airflow/example_dags/plugins/event_listener.py
[2023-11-27T21:09:09.971-0300] {processor.py:179} INFO - Processing /home/marcos/anaconda3/envs/XPe-IGTI/lib/python3.8/site-packages/airflow/example_dags/plugins/event_listener.py took 0.029 seconds
[2023-11-27T21:09:53.078-0300] {processor.py:157} INFO - Started process (PID=52508) to work on /home/marcos/anaconda3/envs/XPe-IGTI/lib/python3.8/site-packages/airflow/example_dags/plugins/event_listener.py
[2023-11-27T21:09:53.083-0300] {processor.py:829} INFO - Processing file /home/marcos/anaconda3/envs/XPe-IGTI/lib/python3.8/site-packages/airflow/example_dags/plugins/event_listener.py for tasks to queue
[2023-11-27T21:09:53.085-0300] {logging_mixin.py:154} INFO - [2023-11-27T21:09:53.084-0300] {dagbag.py:536} INFO - Filling up the DagBag from /home/marcos/anaconda3/envs/XPe-IGTI/lib/python3.8/site-packages/airflow/example_dags/plugins/event_listener.py
[2023-11-27T21:09:53.089-0300] {processor.py:841} WARNING - No viable dags retrieved from /home/marcos/anaconda3/envs/XPe-IGTI/lib/python3.8/site-packages/airflow/example_dags/plugins/event_listener.py
[2023-11-27T21:09:53.107-0300] {processor.py:179} INFO - Processing /home/marcos/anaconda3/envs/XPe-IGTI/lib/python3.8/site-packages/airflow/example_dags/plugins/event_listener.py took 0.035 seconds
[2023-11-27T21:10:34.779-0300] {processor.py:157} INFO - Started process (PID=52562) to work on /home/marcos/anaconda3/envs/XPe-IGTI/lib/python3.8/site-packages/airflow/example_dags/plugins/event_listener.py
[2023-11-27T21:10:34.784-0300] {processor.py:829} INFO - Processing file /home/marcos/anaconda3/envs/XPe-IGTI/lib/python3.8/site-packages/airflow/example_dags/plugins/event_listener.py for tasks to queue
[2023-11-27T21:10:34.786-0300] {logging_mixin.py:154} INFO - [2023-11-27T21:10:34.785-0300] {dagbag.py:536} INFO - Filling up the DagBag from /home/marcos/anaconda3/envs/XPe-IGTI/lib/python3.8/site-packages/airflow/example_dags/plugins/event_listener.py
[2023-11-27T21:10:34.791-0300] {processor.py:841} WARNING - No viable dags retrieved from /home/marcos/anaconda3/envs/XPe-IGTI/lib/python3.8/site-packages/airflow/example_dags/plugins/event_listener.py
[2023-11-27T21:10:34.808-0300] {processor.py:179} INFO - Processing /home/marcos/anaconda3/envs/XPe-IGTI/lib/python3.8/site-packages/airflow/example_dags/plugins/event_listener.py took 0.035 seconds
[2023-11-27T21:11:21.376-0300] {processor.py:157} INFO - Started process (PID=52610) to work on /home/marcos/anaconda3/envs/XPe-IGTI/lib/python3.8/site-packages/airflow/example_dags/plugins/event_listener.py
[2023-11-27T21:11:21.381-0300] {processor.py:829} INFO - Processing file /home/marcos/anaconda3/envs/XPe-IGTI/lib/python3.8/site-packages/airflow/example_dags/plugins/event_listener.py for tasks to queue
[2023-11-27T21:11:21.383-0300] {logging_mixin.py:154} INFO - [2023-11-27T21:11:21.382-0300] {dagbag.py:536} INFO - Filling up the DagBag from /home/marcos/anaconda3/envs/XPe-IGTI/lib/python3.8/site-packages/airflow/example_dags/plugins/event_listener.py
[2023-11-27T21:11:21.390-0300] {processor.py:841} WARNING - No viable dags retrieved from /home/marcos/anaconda3/envs/XPe-IGTI/lib/python3.8/site-packages/airflow/example_dags/plugins/event_listener.py
[2023-11-27T21:11:21.412-0300] {processor.py:179} INFO - Processing /home/marcos/anaconda3/envs/XPe-IGTI/lib/python3.8/site-packages/airflow/example_dags/plugins/event_listener.py took 0.040 seconds
[2023-11-27T21:12:06.869-0300] {processor.py:157} INFO - Started process (PID=52691) to work on /home/marcos/anaconda3/envs/XPe-IGTI/lib/python3.8/site-packages/airflow/example_dags/plugins/event_listener.py
[2023-11-27T21:12:06.873-0300] {processor.py:829} INFO - Processing file /home/marcos/anaconda3/envs/XPe-IGTI/lib/python3.8/site-packages/airflow/example_dags/plugins/event_listener.py for tasks to queue
[2023-11-27T21:12:06.875-0300] {logging_mixin.py:154} INFO - [2023-11-27T21:12:06.874-0300] {dagbag.py:536} INFO - Filling up the DagBag from /home/marcos/anaconda3/envs/XPe-IGTI/lib/python3.8/site-packages/airflow/example_dags/plugins/event_listener.py
[2023-11-27T21:12:06.879-0300] {processor.py:841} WARNING - No viable dags retrieved from /home/marcos/anaconda3/envs/XPe-IGTI/lib/python3.8/site-packages/airflow/example_dags/plugins/event_listener.py
[2023-11-27T21:12:06.894-0300] {processor.py:179} INFO - Processing /home/marcos/anaconda3/envs/XPe-IGTI/lib/python3.8/site-packages/airflow/example_dags/plugins/event_listener.py took 0.030 seconds
[2023-11-27T21:12:49.648-0300] {processor.py:157} INFO - Started process (PID=52743) to work on /home/marcos/anaconda3/envs/XPe-IGTI/lib/python3.8/site-packages/airflow/example_dags/plugins/event_listener.py
[2023-11-27T21:12:49.653-0300] {processor.py:829} INFO - Processing file /home/marcos/anaconda3/envs/XPe-IGTI/lib/python3.8/site-packages/airflow/example_dags/plugins/event_listener.py for tasks to queue
[2023-11-27T21:12:49.656-0300] {logging_mixin.py:154} INFO - [2023-11-27T21:12:49.655-0300] {dagbag.py:536} INFO - Filling up the DagBag from /home/marcos/anaconda3/envs/XPe-IGTI/lib/python3.8/site-packages/airflow/example_dags/plugins/event_listener.py
[2023-11-27T21:12:49.663-0300] {processor.py:841} WARNING - No viable dags retrieved from /home/marcos/anaconda3/envs/XPe-IGTI/lib/python3.8/site-packages/airflow/example_dags/plugins/event_listener.py
[2023-11-27T21:12:49.683-0300] {processor.py:179} INFO - Processing /home/marcos/anaconda3/envs/XPe-IGTI/lib/python3.8/site-packages/airflow/example_dags/plugins/event_listener.py took 0.040 seconds
[2023-11-27T21:13:28.360-0300] {processor.py:157} INFO - Started process (PID=52795) to work on /home/marcos/anaconda3/envs/XPe-IGTI/lib/python3.8/site-packages/airflow/example_dags/plugins/event_listener.py
[2023-11-27T21:13:28.361-0300] {processor.py:829} INFO - Processing file /home/marcos/anaconda3/envs/XPe-IGTI/lib/python3.8/site-packages/airflow/example_dags/plugins/event_listener.py for tasks to queue
[2023-11-27T21:13:28.363-0300] {logging_mixin.py:154} INFO - [2023-11-27T21:13:28.362-0300] {dagbag.py:536} INFO - Filling up the DagBag from /home/marcos/anaconda3/envs/XPe-IGTI/lib/python3.8/site-packages/airflow/example_dags/plugins/event_listener.py
[2023-11-27T21:13:28.366-0300] {processor.py:841} WARNING - No viable dags retrieved from /home/marcos/anaconda3/envs/XPe-IGTI/lib/python3.8/site-packages/airflow/example_dags/plugins/event_listener.py
[2023-11-27T21:13:28.381-0300] {processor.py:179} INFO - Processing /home/marcos/anaconda3/envs/XPe-IGTI/lib/python3.8/site-packages/airflow/example_dags/plugins/event_listener.py took 0.026 seconds
[2023-11-27T21:14:08.248-0300] {processor.py:157} INFO - Started process (PID=52873) to work on /home/marcos/anaconda3/envs/XPe-IGTI/lib/python3.8/site-packages/airflow/example_dags/plugins/event_listener.py
[2023-11-27T21:14:08.249-0300] {processor.py:829} INFO - Processing file /home/marcos/anaconda3/envs/XPe-IGTI/lib/python3.8/site-packages/airflow/example_dags/plugins/event_listener.py for tasks to queue
[2023-11-27T21:14:08.251-0300] {logging_mixin.py:154} INFO - [2023-11-27T21:14:08.250-0300] {dagbag.py:536} INFO - Filling up the DagBag from /home/marcos/anaconda3/envs/XPe-IGTI/lib/python3.8/site-packages/airflow/example_dags/plugins/event_listener.py
[2023-11-27T21:14:08.255-0300] {processor.py:841} WARNING - No viable dags retrieved from /home/marcos/anaconda3/envs/XPe-IGTI/lib/python3.8/site-packages/airflow/example_dags/plugins/event_listener.py
[2023-11-27T21:14:08.272-0300] {processor.py:179} INFO - Processing /home/marcos/anaconda3/envs/XPe-IGTI/lib/python3.8/site-packages/airflow/example_dags/plugins/event_listener.py took 0.028 seconds
[2023-11-27T21:14:52.963-0300] {processor.py:157} INFO - Started process (PID=52945) to work on /home/marcos/anaconda3/envs/XPe-IGTI/lib/python3.8/site-packages/airflow/example_dags/plugins/event_listener.py
[2023-11-27T21:14:52.970-0300] {processor.py:829} INFO - Processing file /home/marcos/anaconda3/envs/XPe-IGTI/lib/python3.8/site-packages/airflow/example_dags/plugins/event_listener.py for tasks to queue
[2023-11-27T21:14:52.973-0300] {logging_mixin.py:154} INFO - [2023-11-27T21:14:52.971-0300] {dagbag.py:536} INFO - Filling up the DagBag from /home/marcos/anaconda3/envs/XPe-IGTI/lib/python3.8/site-packages/airflow/example_dags/plugins/event_listener.py
[2023-11-27T21:14:52.982-0300] {processor.py:841} WARNING - No viable dags retrieved from /home/marcos/anaconda3/envs/XPe-IGTI/lib/python3.8/site-packages/airflow/example_dags/plugins/event_listener.py
[2023-11-27T21:14:53.019-0300] {processor.py:179} INFO - Processing /home/marcos/anaconda3/envs/XPe-IGTI/lib/python3.8/site-packages/airflow/example_dags/plugins/event_listener.py took 0.067 seconds
[2023-11-27T21:15:38.472-0300] {processor.py:157} INFO - Started process (PID=52999) to work on /home/marcos/anaconda3/envs/XPe-IGTI/lib/python3.8/site-packages/airflow/example_dags/plugins/event_listener.py
[2023-11-27T21:15:38.476-0300] {processor.py:829} INFO - Processing file /home/marcos/anaconda3/envs/XPe-IGTI/lib/python3.8/site-packages/airflow/example_dags/plugins/event_listener.py for tasks to queue
[2023-11-27T21:15:38.478-0300] {logging_mixin.py:154} INFO - [2023-11-27T21:15:38.477-0300] {dagbag.py:536} INFO - Filling up the DagBag from /home/marcos/anaconda3/envs/XPe-IGTI/lib/python3.8/site-packages/airflow/example_dags/plugins/event_listener.py
[2023-11-27T21:15:38.482-0300] {processor.py:841} WARNING - No viable dags retrieved from /home/marcos/anaconda3/envs/XPe-IGTI/lib/python3.8/site-packages/airflow/example_dags/plugins/event_listener.py
[2023-11-27T21:15:38.497-0300] {processor.py:179} INFO - Processing /home/marcos/anaconda3/envs/XPe-IGTI/lib/python3.8/site-packages/airflow/example_dags/plugins/event_listener.py took 0.031 seconds
[2023-11-27T21:16:25.627-0300] {processor.py:157} INFO - Started process (PID=53047) to work on /home/marcos/anaconda3/envs/XPe-IGTI/lib/python3.8/site-packages/airflow/example_dags/plugins/event_listener.py
[2023-11-27T21:16:25.628-0300] {processor.py:829} INFO - Processing file /home/marcos/anaconda3/envs/XPe-IGTI/lib/python3.8/site-packages/airflow/example_dags/plugins/event_listener.py for tasks to queue
[2023-11-27T21:16:25.629-0300] {logging_mixin.py:154} INFO - [2023-11-27T21:16:25.629-0300] {dagbag.py:536} INFO - Filling up the DagBag from /home/marcos/anaconda3/envs/XPe-IGTI/lib/python3.8/site-packages/airflow/example_dags/plugins/event_listener.py
[2023-11-27T21:16:25.634-0300] {processor.py:841} WARNING - No viable dags retrieved from /home/marcos/anaconda3/envs/XPe-IGTI/lib/python3.8/site-packages/airflow/example_dags/plugins/event_listener.py
[2023-11-27T21:16:25.649-0300] {processor.py:179} INFO - Processing /home/marcos/anaconda3/envs/XPe-IGTI/lib/python3.8/site-packages/airflow/example_dags/plugins/event_listener.py took 0.027 seconds
[2023-11-27T21:17:12.168-0300] {processor.py:157} INFO - Started process (PID=53126) to work on /home/marcos/anaconda3/envs/XPe-IGTI/lib/python3.8/site-packages/airflow/example_dags/plugins/event_listener.py
[2023-11-27T21:17:12.173-0300] {processor.py:829} INFO - Processing file /home/marcos/anaconda3/envs/XPe-IGTI/lib/python3.8/site-packages/airflow/example_dags/plugins/event_listener.py for tasks to queue
[2023-11-27T21:17:12.177-0300] {logging_mixin.py:154} INFO - [2023-11-27T21:17:12.176-0300] {dagbag.py:536} INFO - Filling up the DagBag from /home/marcos/anaconda3/envs/XPe-IGTI/lib/python3.8/site-packages/airflow/example_dags/plugins/event_listener.py
[2023-11-27T21:17:12.184-0300] {processor.py:841} WARNING - No viable dags retrieved from /home/marcos/anaconda3/envs/XPe-IGTI/lib/python3.8/site-packages/airflow/example_dags/plugins/event_listener.py
[2023-11-27T21:17:12.202-0300] {processor.py:179} INFO - Processing /home/marcos/anaconda3/envs/XPe-IGTI/lib/python3.8/site-packages/airflow/example_dags/plugins/event_listener.py took 0.040 seconds
[2023-11-27T21:18:02.766-0300] {processor.py:157} INFO - Started process (PID=53187) to work on /home/marcos/anaconda3/envs/XPe-IGTI/lib/python3.8/site-packages/airflow/example_dags/plugins/event_listener.py
[2023-11-27T21:18:02.768-0300] {processor.py:829} INFO - Processing file /home/marcos/anaconda3/envs/XPe-IGTI/lib/python3.8/site-packages/airflow/example_dags/plugins/event_listener.py for tasks to queue
[2023-11-27T21:18:02.769-0300] {logging_mixin.py:154} INFO - [2023-11-27T21:18:02.768-0300] {dagbag.py:536} INFO - Filling up the DagBag from /home/marcos/anaconda3/envs/XPe-IGTI/lib/python3.8/site-packages/airflow/example_dags/plugins/event_listener.py
[2023-11-27T21:18:02.772-0300] {processor.py:841} WARNING - No viable dags retrieved from /home/marcos/anaconda3/envs/XPe-IGTI/lib/python3.8/site-packages/airflow/example_dags/plugins/event_listener.py
[2023-11-27T21:18:02.789-0300] {processor.py:179} INFO - Processing /home/marcos/anaconda3/envs/XPe-IGTI/lib/python3.8/site-packages/airflow/example_dags/plugins/event_listener.py took 0.028 seconds
[2023-11-27T21:18:46.537-0300] {processor.py:157} INFO - Started process (PID=53244) to work on /home/marcos/anaconda3/envs/XPe-IGTI/lib/python3.8/site-packages/airflow/example_dags/plugins/event_listener.py
[2023-11-27T21:18:46.542-0300] {processor.py:829} INFO - Processing file /home/marcos/anaconda3/envs/XPe-IGTI/lib/python3.8/site-packages/airflow/example_dags/plugins/event_listener.py for tasks to queue
[2023-11-27T21:18:46.543-0300] {logging_mixin.py:154} INFO - [2023-11-27T21:18:46.543-0300] {dagbag.py:536} INFO - Filling up the DagBag from /home/marcos/anaconda3/envs/XPe-IGTI/lib/python3.8/site-packages/airflow/example_dags/plugins/event_listener.py
[2023-11-27T21:18:46.547-0300] {processor.py:841} WARNING - No viable dags retrieved from /home/marcos/anaconda3/envs/XPe-IGTI/lib/python3.8/site-packages/airflow/example_dags/plugins/event_listener.py
[2023-11-27T21:18:46.563-0300] {processor.py:179} INFO - Processing /home/marcos/anaconda3/envs/XPe-IGTI/lib/python3.8/site-packages/airflow/example_dags/plugins/event_listener.py took 0.031 seconds
[2023-11-27T21:19:28.781-0300] {processor.py:157} INFO - Started process (PID=53297) to work on /home/marcos/anaconda3/envs/XPe-IGTI/lib/python3.8/site-packages/airflow/example_dags/plugins/event_listener.py
[2023-11-27T21:19:28.785-0300] {processor.py:829} INFO - Processing file /home/marcos/anaconda3/envs/XPe-IGTI/lib/python3.8/site-packages/airflow/example_dags/plugins/event_listener.py for tasks to queue
[2023-11-27T21:19:28.787-0300] {logging_mixin.py:154} INFO - [2023-11-27T21:19:28.786-0300] {dagbag.py:536} INFO - Filling up the DagBag from /home/marcos/anaconda3/envs/XPe-IGTI/lib/python3.8/site-packages/airflow/example_dags/plugins/event_listener.py
[2023-11-27T21:19:28.790-0300] {processor.py:841} WARNING - No viable dags retrieved from /home/marcos/anaconda3/envs/XPe-IGTI/lib/python3.8/site-packages/airflow/example_dags/plugins/event_listener.py
[2023-11-27T21:19:28.806-0300] {processor.py:179} INFO - Processing /home/marcos/anaconda3/envs/XPe-IGTI/lib/python3.8/site-packages/airflow/example_dags/plugins/event_listener.py took 0.031 seconds
[2023-11-27T21:20:16.731-0300] {processor.py:157} INFO - Started process (PID=53345) to work on /home/marcos/anaconda3/envs/XPe-IGTI/lib/python3.8/site-packages/airflow/example_dags/plugins/event_listener.py
[2023-11-27T21:20:16.735-0300] {processor.py:829} INFO - Processing file /home/marcos/anaconda3/envs/XPe-IGTI/lib/python3.8/site-packages/airflow/example_dags/plugins/event_listener.py for tasks to queue
[2023-11-27T21:20:16.736-0300] {logging_mixin.py:154} INFO - [2023-11-27T21:20:16.735-0300] {dagbag.py:536} INFO - Filling up the DagBag from /home/marcos/anaconda3/envs/XPe-IGTI/lib/python3.8/site-packages/airflow/example_dags/plugins/event_listener.py
[2023-11-27T21:20:16.740-0300] {processor.py:841} WARNING - No viable dags retrieved from /home/marcos/anaconda3/envs/XPe-IGTI/lib/python3.8/site-packages/airflow/example_dags/plugins/event_listener.py
[2023-11-27T21:20:16.756-0300] {processor.py:179} INFO - Processing /home/marcos/anaconda3/envs/XPe-IGTI/lib/python3.8/site-packages/airflow/example_dags/plugins/event_listener.py took 0.030 seconds
[2023-11-27T21:21:01.172-0300] {processor.py:157} INFO - Started process (PID=53400) to work on /home/marcos/anaconda3/envs/XPe-IGTI/lib/python3.8/site-packages/airflow/example_dags/plugins/event_listener.py
[2023-11-27T21:21:01.174-0300] {processor.py:829} INFO - Processing file /home/marcos/anaconda3/envs/XPe-IGTI/lib/python3.8/site-packages/airflow/example_dags/plugins/event_listener.py for tasks to queue
[2023-11-27T21:21:01.175-0300] {logging_mixin.py:154} INFO - [2023-11-27T21:21:01.175-0300] {dagbag.py:536} INFO - Filling up the DagBag from /home/marcos/anaconda3/envs/XPe-IGTI/lib/python3.8/site-packages/airflow/example_dags/plugins/event_listener.py
[2023-11-27T21:21:01.179-0300] {processor.py:841} WARNING - No viable dags retrieved from /home/marcos/anaconda3/envs/XPe-IGTI/lib/python3.8/site-packages/airflow/example_dags/plugins/event_listener.py
[2023-11-27T21:21:01.198-0300] {processor.py:179} INFO - Processing /home/marcos/anaconda3/envs/XPe-IGTI/lib/python3.8/site-packages/airflow/example_dags/plugins/event_listener.py took 0.032 seconds
[2023-11-27T21:21:45.044-0300] {processor.py:157} INFO - Started process (PID=53452) to work on /home/marcos/anaconda3/envs/XPe-IGTI/lib/python3.8/site-packages/airflow/example_dags/plugins/event_listener.py
[2023-11-27T21:21:45.048-0300] {processor.py:829} INFO - Processing file /home/marcos/anaconda3/envs/XPe-IGTI/lib/python3.8/site-packages/airflow/example_dags/plugins/event_listener.py for tasks to queue
[2023-11-27T21:21:45.049-0300] {logging_mixin.py:154} INFO - [2023-11-27T21:21:45.049-0300] {dagbag.py:536} INFO - Filling up the DagBag from /home/marcos/anaconda3/envs/XPe-IGTI/lib/python3.8/site-packages/airflow/example_dags/plugins/event_listener.py
[2023-11-27T21:21:45.053-0300] {processor.py:841} WARNING - No viable dags retrieved from /home/marcos/anaconda3/envs/XPe-IGTI/lib/python3.8/site-packages/airflow/example_dags/plugins/event_listener.py
[2023-11-27T21:21:45.070-0300] {processor.py:179} INFO - Processing /home/marcos/anaconda3/envs/XPe-IGTI/lib/python3.8/site-packages/airflow/example_dags/plugins/event_listener.py took 0.030 seconds
[2023-11-27T21:22:28.501-0300] {processor.py:157} INFO - Started process (PID=53528) to work on /home/marcos/anaconda3/envs/XPe-IGTI/lib/python3.8/site-packages/airflow/example_dags/plugins/event_listener.py
[2023-11-27T21:22:28.505-0300] {processor.py:829} INFO - Processing file /home/marcos/anaconda3/envs/XPe-IGTI/lib/python3.8/site-packages/airflow/example_dags/plugins/event_listener.py for tasks to queue
[2023-11-27T21:22:28.507-0300] {logging_mixin.py:154} INFO - [2023-11-27T21:22:28.506-0300] {dagbag.py:536} INFO - Filling up the DagBag from /home/marcos/anaconda3/envs/XPe-IGTI/lib/python3.8/site-packages/airflow/example_dags/plugins/event_listener.py
[2023-11-27T21:22:28.511-0300] {processor.py:841} WARNING - No viable dags retrieved from /home/marcos/anaconda3/envs/XPe-IGTI/lib/python3.8/site-packages/airflow/example_dags/plugins/event_listener.py
[2023-11-27T21:22:28.526-0300] {processor.py:179} INFO - Processing /home/marcos/anaconda3/envs/XPe-IGTI/lib/python3.8/site-packages/airflow/example_dags/plugins/event_listener.py took 0.030 seconds
[2023-11-27T21:23:08.787-0300] {processor.py:157} INFO - Started process (PID=53571) to work on /home/marcos/anaconda3/envs/XPe-IGTI/lib/python3.8/site-packages/airflow/example_dags/plugins/event_listener.py
[2023-11-27T21:23:08.791-0300] {processor.py:829} INFO - Processing file /home/marcos/anaconda3/envs/XPe-IGTI/lib/python3.8/site-packages/airflow/example_dags/plugins/event_listener.py for tasks to queue
[2023-11-27T21:23:08.792-0300] {logging_mixin.py:154} INFO - [2023-11-27T21:23:08.792-0300] {dagbag.py:536} INFO - Filling up the DagBag from /home/marcos/anaconda3/envs/XPe-IGTI/lib/python3.8/site-packages/airflow/example_dags/plugins/event_listener.py
[2023-11-27T21:23:08.796-0300] {processor.py:841} WARNING - No viable dags retrieved from /home/marcos/anaconda3/envs/XPe-IGTI/lib/python3.8/site-packages/airflow/example_dags/plugins/event_listener.py
[2023-11-27T21:23:08.815-0300] {processor.py:179} INFO - Processing /home/marcos/anaconda3/envs/XPe-IGTI/lib/python3.8/site-packages/airflow/example_dags/plugins/event_listener.py took 0.035 seconds
[2023-11-27T21:23:50.430-0300] {processor.py:157} INFO - Started process (PID=53623) to work on /home/marcos/anaconda3/envs/XPe-IGTI/lib/python3.8/site-packages/airflow/example_dags/plugins/event_listener.py
[2023-11-27T21:23:50.435-0300] {processor.py:829} INFO - Processing file /home/marcos/anaconda3/envs/XPe-IGTI/lib/python3.8/site-packages/airflow/example_dags/plugins/event_listener.py for tasks to queue
[2023-11-27T21:23:50.437-0300] {logging_mixin.py:154} INFO - [2023-11-27T21:23:50.436-0300] {dagbag.py:536} INFO - Filling up the DagBag from /home/marcos/anaconda3/envs/XPe-IGTI/lib/python3.8/site-packages/airflow/example_dags/plugins/event_listener.py
[2023-11-27T21:23:50.441-0300] {processor.py:841} WARNING - No viable dags retrieved from /home/marcos/anaconda3/envs/XPe-IGTI/lib/python3.8/site-packages/airflow/example_dags/plugins/event_listener.py
[2023-11-27T21:23:50.456-0300] {processor.py:179} INFO - Processing /home/marcos/anaconda3/envs/XPe-IGTI/lib/python3.8/site-packages/airflow/example_dags/plugins/event_listener.py took 0.034 seconds
[2023-11-27T21:24:36.315-0300] {processor.py:157} INFO - Started process (PID=53678) to work on /home/marcos/anaconda3/envs/XPe-IGTI/lib/python3.8/site-packages/airflow/example_dags/plugins/event_listener.py
[2023-11-27T21:24:36.321-0300] {processor.py:829} INFO - Processing file /home/marcos/anaconda3/envs/XPe-IGTI/lib/python3.8/site-packages/airflow/example_dags/plugins/event_listener.py for tasks to queue
[2023-11-27T21:24:36.325-0300] {logging_mixin.py:154} INFO - [2023-11-27T21:24:36.323-0300] {dagbag.py:536} INFO - Filling up the DagBag from /home/marcos/anaconda3/envs/XPe-IGTI/lib/python3.8/site-packages/airflow/example_dags/plugins/event_listener.py
[2023-11-27T21:24:36.334-0300] {processor.py:841} WARNING - No viable dags retrieved from /home/marcos/anaconda3/envs/XPe-IGTI/lib/python3.8/site-packages/airflow/example_dags/plugins/event_listener.py
[2023-11-27T21:24:36.367-0300] {processor.py:179} INFO - Processing /home/marcos/anaconda3/envs/XPe-IGTI/lib/python3.8/site-packages/airflow/example_dags/plugins/event_listener.py took 0.069 seconds
[2023-11-27T21:25:23.952-0300] {processor.py:157} INFO - Started process (PID=53736) to work on /home/marcos/anaconda3/envs/XPe-IGTI/lib/python3.8/site-packages/airflow/example_dags/plugins/event_listener.py
[2023-11-27T21:25:23.958-0300] {processor.py:829} INFO - Processing file /home/marcos/anaconda3/envs/XPe-IGTI/lib/python3.8/site-packages/airflow/example_dags/plugins/event_listener.py for tasks to queue
[2023-11-27T21:25:23.959-0300] {logging_mixin.py:154} INFO - [2023-11-27T21:25:23.958-0300] {dagbag.py:536} INFO - Filling up the DagBag from /home/marcos/anaconda3/envs/XPe-IGTI/lib/python3.8/site-packages/airflow/example_dags/plugins/event_listener.py
[2023-11-27T21:25:23.963-0300] {processor.py:841} WARNING - No viable dags retrieved from /home/marcos/anaconda3/envs/XPe-IGTI/lib/python3.8/site-packages/airflow/example_dags/plugins/event_listener.py
[2023-11-27T21:25:23.980-0300] {processor.py:179} INFO - Processing /home/marcos/anaconda3/envs/XPe-IGTI/lib/python3.8/site-packages/airflow/example_dags/plugins/event_listener.py took 0.035 seconds
[2023-11-27T21:26:13.635-0300] {processor.py:157} INFO - Started process (PID=53799) to work on /home/marcos/anaconda3/envs/XPe-IGTI/lib/python3.8/site-packages/airflow/example_dags/plugins/event_listener.py
[2023-11-27T21:26:13.642-0300] {processor.py:829} INFO - Processing file /home/marcos/anaconda3/envs/XPe-IGTI/lib/python3.8/site-packages/airflow/example_dags/plugins/event_listener.py for tasks to queue
[2023-11-27T21:26:13.647-0300] {logging_mixin.py:154} INFO - [2023-11-27T21:26:13.645-0300] {dagbag.py:536} INFO - Filling up the DagBag from /home/marcos/anaconda3/envs/XPe-IGTI/lib/python3.8/site-packages/airflow/example_dags/plugins/event_listener.py
[2023-11-27T21:26:13.656-0300] {processor.py:841} WARNING - No viable dags retrieved from /home/marcos/anaconda3/envs/XPe-IGTI/lib/python3.8/site-packages/airflow/example_dags/plugins/event_listener.py
[2023-11-27T21:26:13.695-0300] {processor.py:179} INFO - Processing /home/marcos/anaconda3/envs/XPe-IGTI/lib/python3.8/site-packages/airflow/example_dags/plugins/event_listener.py took 0.071 seconds
[2023-11-27T21:27:01.141-0300] {processor.py:157} INFO - Started process (PID=53878) to work on /home/marcos/anaconda3/envs/XPe-IGTI/lib/python3.8/site-packages/airflow/example_dags/plugins/event_listener.py
[2023-11-27T21:27:01.145-0300] {processor.py:829} INFO - Processing file /home/marcos/anaconda3/envs/XPe-IGTI/lib/python3.8/site-packages/airflow/example_dags/plugins/event_listener.py for tasks to queue
[2023-11-27T21:27:01.147-0300] {logging_mixin.py:154} INFO - [2023-11-27T21:27:01.146-0300] {dagbag.py:536} INFO - Filling up the DagBag from /home/marcos/anaconda3/envs/XPe-IGTI/lib/python3.8/site-packages/airflow/example_dags/plugins/event_listener.py
[2023-11-27T21:27:01.151-0300] {processor.py:841} WARNING - No viable dags retrieved from /home/marcos/anaconda3/envs/XPe-IGTI/lib/python3.8/site-packages/airflow/example_dags/plugins/event_listener.py
[2023-11-27T21:27:01.170-0300] {processor.py:179} INFO - Processing /home/marcos/anaconda3/envs/XPe-IGTI/lib/python3.8/site-packages/airflow/example_dags/plugins/event_listener.py took 0.036 seconds
[2023-11-27T21:27:46.081-0300] {processor.py:157} INFO - Started process (PID=53934) to work on /home/marcos/anaconda3/envs/XPe-IGTI/lib/python3.8/site-packages/airflow/example_dags/plugins/event_listener.py
[2023-11-27T21:27:46.088-0300] {processor.py:829} INFO - Processing file /home/marcos/anaconda3/envs/XPe-IGTI/lib/python3.8/site-packages/airflow/example_dags/plugins/event_listener.py for tasks to queue
[2023-11-27T21:27:46.090-0300] {logging_mixin.py:154} INFO - [2023-11-27T21:27:46.089-0300] {dagbag.py:536} INFO - Filling up the DagBag from /home/marcos/anaconda3/envs/XPe-IGTI/lib/python3.8/site-packages/airflow/example_dags/plugins/event_listener.py
[2023-11-27T21:27:46.094-0300] {processor.py:841} WARNING - No viable dags retrieved from /home/marcos/anaconda3/envs/XPe-IGTI/lib/python3.8/site-packages/airflow/example_dags/plugins/event_listener.py
[2023-11-27T21:27:46.112-0300] {processor.py:179} INFO - Processing /home/marcos/anaconda3/envs/XPe-IGTI/lib/python3.8/site-packages/airflow/example_dags/plugins/event_listener.py took 0.036 seconds
[2023-11-27T21:28:29.707-0300] {processor.py:157} INFO - Started process (PID=53992) to work on /home/marcos/anaconda3/envs/XPe-IGTI/lib/python3.8/site-packages/airflow/example_dags/plugins/event_listener.py
[2023-11-27T21:28:29.709-0300] {processor.py:829} INFO - Processing file /home/marcos/anaconda3/envs/XPe-IGTI/lib/python3.8/site-packages/airflow/example_dags/plugins/event_listener.py for tasks to queue
[2023-11-27T21:28:29.711-0300] {logging_mixin.py:154} INFO - [2023-11-27T21:28:29.710-0300] {dagbag.py:536} INFO - Filling up the DagBag from /home/marcos/anaconda3/envs/XPe-IGTI/lib/python3.8/site-packages/airflow/example_dags/plugins/event_listener.py
[2023-11-27T21:28:29.715-0300] {processor.py:841} WARNING - No viable dags retrieved from /home/marcos/anaconda3/envs/XPe-IGTI/lib/python3.8/site-packages/airflow/example_dags/plugins/event_listener.py
[2023-11-27T21:28:29.733-0300] {processor.py:179} INFO - Processing /home/marcos/anaconda3/envs/XPe-IGTI/lib/python3.8/site-packages/airflow/example_dags/plugins/event_listener.py took 0.031 seconds
[2023-11-27T21:29:10.965-0300] {processor.py:157} INFO - Started process (PID=54057) to work on /home/marcos/anaconda3/envs/XPe-IGTI/lib/python3.8/site-packages/airflow/example_dags/plugins/event_listener.py
[2023-11-27T21:29:10.967-0300] {processor.py:829} INFO - Processing file /home/marcos/anaconda3/envs/XPe-IGTI/lib/python3.8/site-packages/airflow/example_dags/plugins/event_listener.py for tasks to queue
[2023-11-27T21:29:10.968-0300] {logging_mixin.py:154} INFO - [2023-11-27T21:29:10.967-0300] {dagbag.py:536} INFO - Filling up the DagBag from /home/marcos/anaconda3/envs/XPe-IGTI/lib/python3.8/site-packages/airflow/example_dags/plugins/event_listener.py
[2023-11-27T21:29:10.971-0300] {processor.py:841} WARNING - No viable dags retrieved from /home/marcos/anaconda3/envs/XPe-IGTI/lib/python3.8/site-packages/airflow/example_dags/plugins/event_listener.py
[2023-11-27T21:29:10.984-0300] {processor.py:179} INFO - Processing /home/marcos/anaconda3/envs/XPe-IGTI/lib/python3.8/site-packages/airflow/example_dags/plugins/event_listener.py took 0.024 seconds
[2023-11-28T18:52:21.104-0300] {processor.py:157} INFO - Started process (PID=144602) to work on /home/marcos/anaconda3/envs/XPe-IGTI/lib/python3.8/site-packages/airflow/example_dags/plugins/event_listener.py
[2023-11-28T18:52:21.108-0300] {processor.py:829} INFO - Processing file /home/marcos/anaconda3/envs/XPe-IGTI/lib/python3.8/site-packages/airflow/example_dags/plugins/event_listener.py for tasks to queue
[2023-11-28T18:52:21.111-0300] {logging_mixin.py:154} INFO - [2023-11-28T18:52:21.110-0300] {dagbag.py:536} INFO - Filling up the DagBag from /home/marcos/anaconda3/envs/XPe-IGTI/lib/python3.8/site-packages/airflow/example_dags/plugins/event_listener.py
[2023-11-28T18:52:21.118-0300] {processor.py:841} WARNING - No viable dags retrieved from /home/marcos/anaconda3/envs/XPe-IGTI/lib/python3.8/site-packages/airflow/example_dags/plugins/event_listener.py
[2023-11-28T18:52:21.132-0300] {processor.py:179} INFO - Processing /home/marcos/anaconda3/envs/XPe-IGTI/lib/python3.8/site-packages/airflow/example_dags/plugins/event_listener.py took 0.032 seconds
[2023-11-28T18:53:08.498-0300] {processor.py:157} INFO - Started process (PID=144703) to work on /home/marcos/anaconda3/envs/XPe-IGTI/lib/python3.8/site-packages/airflow/example_dags/plugins/event_listener.py
[2023-11-28T18:53:08.502-0300] {processor.py:829} INFO - Processing file /home/marcos/anaconda3/envs/XPe-IGTI/lib/python3.8/site-packages/airflow/example_dags/plugins/event_listener.py for tasks to queue
[2023-11-28T18:53:08.502-0300] {logging_mixin.py:154} INFO - [2023-11-28T18:53:08.502-0300] {dagbag.py:536} INFO - Filling up the DagBag from /home/marcos/anaconda3/envs/XPe-IGTI/lib/python3.8/site-packages/airflow/example_dags/plugins/event_listener.py
[2023-11-28T18:53:08.504-0300] {processor.py:841} WARNING - No viable dags retrieved from /home/marcos/anaconda3/envs/XPe-IGTI/lib/python3.8/site-packages/airflow/example_dags/plugins/event_listener.py
[2023-11-28T18:53:08.513-0300] {processor.py:179} INFO - Processing /home/marcos/anaconda3/envs/XPe-IGTI/lib/python3.8/site-packages/airflow/example_dags/plugins/event_listener.py took 0.017 seconds
[2023-11-28T18:53:57.752-0300] {processor.py:157} INFO - Started process (PID=144779) to work on /home/marcos/anaconda3/envs/XPe-IGTI/lib/python3.8/site-packages/airflow/example_dags/plugins/event_listener.py
[2023-11-28T18:53:57.757-0300] {processor.py:829} INFO - Processing file /home/marcos/anaconda3/envs/XPe-IGTI/lib/python3.8/site-packages/airflow/example_dags/plugins/event_listener.py for tasks to queue
[2023-11-28T18:53:57.758-0300] {logging_mixin.py:154} INFO - [2023-11-28T18:53:57.757-0300] {dagbag.py:536} INFO - Filling up the DagBag from /home/marcos/anaconda3/envs/XPe-IGTI/lib/python3.8/site-packages/airflow/example_dags/plugins/event_listener.py
[2023-11-28T18:53:57.761-0300] {processor.py:841} WARNING - No viable dags retrieved from /home/marcos/anaconda3/envs/XPe-IGTI/lib/python3.8/site-packages/airflow/example_dags/plugins/event_listener.py
[2023-11-28T18:53:57.774-0300] {processor.py:179} INFO - Processing /home/marcos/anaconda3/envs/XPe-IGTI/lib/python3.8/site-packages/airflow/example_dags/plugins/event_listener.py took 0.026 seconds
[2023-11-28T18:54:37.692-0300] {processor.py:157} INFO - Started process (PID=145286) to work on /home/marcos/anaconda3/envs/XPe-IGTI/lib/python3.8/site-packages/airflow/example_dags/plugins/event_listener.py
[2023-11-28T18:54:37.696-0300] {processor.py:829} INFO - Processing file /home/marcos/anaconda3/envs/XPe-IGTI/lib/python3.8/site-packages/airflow/example_dags/plugins/event_listener.py for tasks to queue
[2023-11-28T18:54:37.698-0300] {logging_mixin.py:154} INFO - [2023-11-28T18:54:37.698-0300] {dagbag.py:536} INFO - Filling up the DagBag from /home/marcos/anaconda3/envs/XPe-IGTI/lib/python3.8/site-packages/airflow/example_dags/plugins/event_listener.py
[2023-11-28T18:54:37.703-0300] {processor.py:841} WARNING - No viable dags retrieved from /home/marcos/anaconda3/envs/XPe-IGTI/lib/python3.8/site-packages/airflow/example_dags/plugins/event_listener.py
[2023-11-28T18:54:37.721-0300] {processor.py:179} INFO - Processing /home/marcos/anaconda3/envs/XPe-IGTI/lib/python3.8/site-packages/airflow/example_dags/plugins/event_listener.py took 0.036 seconds
[2023-11-28T18:55:21.713-0300] {processor.py:157} INFO - Started process (PID=145366) to work on /home/marcos/anaconda3/envs/XPe-IGTI/lib/python3.8/site-packages/airflow/example_dags/plugins/event_listener.py
[2023-11-28T18:55:21.718-0300] {processor.py:829} INFO - Processing file /home/marcos/anaconda3/envs/XPe-IGTI/lib/python3.8/site-packages/airflow/example_dags/plugins/event_listener.py for tasks to queue
[2023-11-28T18:55:21.719-0300] {logging_mixin.py:154} INFO - [2023-11-28T18:55:21.718-0300] {dagbag.py:536} INFO - Filling up the DagBag from /home/marcos/anaconda3/envs/XPe-IGTI/lib/python3.8/site-packages/airflow/example_dags/plugins/event_listener.py
[2023-11-28T18:55:21.722-0300] {processor.py:841} WARNING - No viable dags retrieved from /home/marcos/anaconda3/envs/XPe-IGTI/lib/python3.8/site-packages/airflow/example_dags/plugins/event_listener.py
[2023-11-28T18:55:21.736-0300] {processor.py:179} INFO - Processing /home/marcos/anaconda3/envs/XPe-IGTI/lib/python3.8/site-packages/airflow/example_dags/plugins/event_listener.py took 0.026 seconds
[2023-11-28T18:56:01.408-0300] {processor.py:157} INFO - Started process (PID=145424) to work on /home/marcos/anaconda3/envs/XPe-IGTI/lib/python3.8/site-packages/airflow/example_dags/plugins/event_listener.py
[2023-11-28T18:56:01.412-0300] {processor.py:829} INFO - Processing file /home/marcos/anaconda3/envs/XPe-IGTI/lib/python3.8/site-packages/airflow/example_dags/plugins/event_listener.py for tasks to queue
[2023-11-28T18:56:01.413-0300] {logging_mixin.py:154} INFO - [2023-11-28T18:56:01.412-0300] {dagbag.py:536} INFO - Filling up the DagBag from /home/marcos/anaconda3/envs/XPe-IGTI/lib/python3.8/site-packages/airflow/example_dags/plugins/event_listener.py
[2023-11-28T18:56:01.415-0300] {processor.py:841} WARNING - No viable dags retrieved from /home/marcos/anaconda3/envs/XPe-IGTI/lib/python3.8/site-packages/airflow/example_dags/plugins/event_listener.py
[2023-11-28T18:56:01.426-0300] {processor.py:179} INFO - Processing /home/marcos/anaconda3/envs/XPe-IGTI/lib/python3.8/site-packages/airflow/example_dags/plugins/event_listener.py took 0.022 seconds
[2023-11-28T18:56:56.420-0300] {processor.py:157} INFO - Started process (PID=145544) to work on /home/marcos/anaconda3/envs/XPe-IGTI/lib/python3.8/site-packages/airflow/example_dags/plugins/event_listener.py
[2023-11-28T18:56:56.425-0300] {processor.py:829} INFO - Processing file /home/marcos/anaconda3/envs/XPe-IGTI/lib/python3.8/site-packages/airflow/example_dags/plugins/event_listener.py for tasks to queue
[2023-11-28T18:56:56.427-0300] {logging_mixin.py:154} INFO - [2023-11-28T18:56:56.426-0300] {dagbag.py:536} INFO - Filling up the DagBag from /home/marcos/anaconda3/envs/XPe-IGTI/lib/python3.8/site-packages/airflow/example_dags/plugins/event_listener.py
[2023-11-28T18:56:56.432-0300] {processor.py:841} WARNING - No viable dags retrieved from /home/marcos/anaconda3/envs/XPe-IGTI/lib/python3.8/site-packages/airflow/example_dags/plugins/event_listener.py
[2023-11-28T18:56:56.447-0300] {processor.py:179} INFO - Processing /home/marcos/anaconda3/envs/XPe-IGTI/lib/python3.8/site-packages/airflow/example_dags/plugins/event_listener.py took 0.034 seconds
[2023-11-28T18:57:49.356-0300] {processor.py:157} INFO - Started process (PID=145642) to work on /home/marcos/anaconda3/envs/XPe-IGTI/lib/python3.8/site-packages/airflow/example_dags/plugins/event_listener.py
[2023-11-28T18:57:49.360-0300] {processor.py:829} INFO - Processing file /home/marcos/anaconda3/envs/XPe-IGTI/lib/python3.8/site-packages/airflow/example_dags/plugins/event_listener.py for tasks to queue
[2023-11-28T18:57:49.361-0300] {logging_mixin.py:154} INFO - [2023-11-28T18:57:49.360-0300] {dagbag.py:536} INFO - Filling up the DagBag from /home/marcos/anaconda3/envs/XPe-IGTI/lib/python3.8/site-packages/airflow/example_dags/plugins/event_listener.py
[2023-11-28T18:57:49.363-0300] {processor.py:841} WARNING - No viable dags retrieved from /home/marcos/anaconda3/envs/XPe-IGTI/lib/python3.8/site-packages/airflow/example_dags/plugins/event_listener.py
[2023-11-28T18:57:49.374-0300] {processor.py:179} INFO - Processing /home/marcos/anaconda3/envs/XPe-IGTI/lib/python3.8/site-packages/airflow/example_dags/plugins/event_listener.py took 0.022 seconds
[2023-11-28T18:58:26.495-0300] {processor.py:157} INFO - Started process (PID=145698) to work on /home/marcos/anaconda3/envs/XPe-IGTI/lib/python3.8/site-packages/airflow/example_dags/plugins/event_listener.py
[2023-11-28T18:58:26.500-0300] {processor.py:829} INFO - Processing file /home/marcos/anaconda3/envs/XPe-IGTI/lib/python3.8/site-packages/airflow/example_dags/plugins/event_listener.py for tasks to queue
[2023-11-28T18:58:26.503-0300] {logging_mixin.py:154} INFO - [2023-11-28T18:58:26.502-0300] {dagbag.py:536} INFO - Filling up the DagBag from /home/marcos/anaconda3/envs/XPe-IGTI/lib/python3.8/site-packages/airflow/example_dags/plugins/event_listener.py
[2023-11-28T18:58:26.509-0300] {processor.py:841} WARNING - No viable dags retrieved from /home/marcos/anaconda3/envs/XPe-IGTI/lib/python3.8/site-packages/airflow/example_dags/plugins/event_listener.py
[2023-11-28T18:58:26.526-0300] {processor.py:179} INFO - Processing /home/marcos/anaconda3/envs/XPe-IGTI/lib/python3.8/site-packages/airflow/example_dags/plugins/event_listener.py took 0.039 seconds
[2023-11-28T18:59:04.540-0300] {processor.py:157} INFO - Started process (PID=145756) to work on /home/marcos/anaconda3/envs/XPe-IGTI/lib/python3.8/site-packages/airflow/example_dags/plugins/event_listener.py
[2023-11-28T18:59:04.541-0300] {processor.py:829} INFO - Processing file /home/marcos/anaconda3/envs/XPe-IGTI/lib/python3.8/site-packages/airflow/example_dags/plugins/event_listener.py for tasks to queue
[2023-11-28T18:59:04.542-0300] {logging_mixin.py:154} INFO - [2023-11-28T18:59:04.542-0300] {dagbag.py:536} INFO - Filling up the DagBag from /home/marcos/anaconda3/envs/XPe-IGTI/lib/python3.8/site-packages/airflow/example_dags/plugins/event_listener.py
[2023-11-28T18:59:04.545-0300] {processor.py:841} WARNING - No viable dags retrieved from /home/marcos/anaconda3/envs/XPe-IGTI/lib/python3.8/site-packages/airflow/example_dags/plugins/event_listener.py
[2023-11-28T18:59:04.555-0300] {processor.py:179} INFO - Processing /home/marcos/anaconda3/envs/XPe-IGTI/lib/python3.8/site-packages/airflow/example_dags/plugins/event_listener.py took 0.019 seconds
[2023-11-28T18:59:45.694-0300] {processor.py:157} INFO - Started process (PID=145824) to work on /home/marcos/anaconda3/envs/XPe-IGTI/lib/python3.8/site-packages/airflow/example_dags/plugins/event_listener.py
[2023-11-28T18:59:45.698-0300] {processor.py:829} INFO - Processing file /home/marcos/anaconda3/envs/XPe-IGTI/lib/python3.8/site-packages/airflow/example_dags/plugins/event_listener.py for tasks to queue
[2023-11-28T18:59:45.699-0300] {logging_mixin.py:154} INFO - [2023-11-28T18:59:45.699-0300] {dagbag.py:536} INFO - Filling up the DagBag from /home/marcos/anaconda3/envs/XPe-IGTI/lib/python3.8/site-packages/airflow/example_dags/plugins/event_listener.py
[2023-11-28T18:59:45.702-0300] {processor.py:841} WARNING - No viable dags retrieved from /home/marcos/anaconda3/envs/XPe-IGTI/lib/python3.8/site-packages/airflow/example_dags/plugins/event_listener.py
[2023-11-28T18:59:45.715-0300] {processor.py:179} INFO - Processing /home/marcos/anaconda3/envs/XPe-IGTI/lib/python3.8/site-packages/airflow/example_dags/plugins/event_listener.py took 0.025 seconds
[2023-11-28T19:00:24.248-0300] {processor.py:157} INFO - Started process (PID=145881) to work on /home/marcos/anaconda3/envs/XPe-IGTI/lib/python3.8/site-packages/airflow/example_dags/plugins/event_listener.py
[2023-11-28T19:00:24.253-0300] {processor.py:829} INFO - Processing file /home/marcos/anaconda3/envs/XPe-IGTI/lib/python3.8/site-packages/airflow/example_dags/plugins/event_listener.py for tasks to queue
[2023-11-28T19:00:24.254-0300] {logging_mixin.py:154} INFO - [2023-11-28T19:00:24.253-0300] {dagbag.py:536} INFO - Filling up the DagBag from /home/marcos/anaconda3/envs/XPe-IGTI/lib/python3.8/site-packages/airflow/example_dags/plugins/event_listener.py
[2023-11-28T19:00:24.256-0300] {processor.py:841} WARNING - No viable dags retrieved from /home/marcos/anaconda3/envs/XPe-IGTI/lib/python3.8/site-packages/airflow/example_dags/plugins/event_listener.py
[2023-11-28T19:00:24.265-0300] {processor.py:179} INFO - Processing /home/marcos/anaconda3/envs/XPe-IGTI/lib/python3.8/site-packages/airflow/example_dags/plugins/event_listener.py took 0.020 seconds
[2023-11-28T19:01:15.878-0300] {processor.py:157} INFO - Started process (PID=145965) to work on /home/marcos/anaconda3/envs/XPe-IGTI/lib/python3.8/site-packages/airflow/example_dags/plugins/event_listener.py
[2023-11-28T19:01:15.883-0300] {processor.py:829} INFO - Processing file /home/marcos/anaconda3/envs/XPe-IGTI/lib/python3.8/site-packages/airflow/example_dags/plugins/event_listener.py for tasks to queue
[2023-11-28T19:01:15.885-0300] {logging_mixin.py:154} INFO - [2023-11-28T19:01:15.884-0300] {dagbag.py:536} INFO - Filling up the DagBag from /home/marcos/anaconda3/envs/XPe-IGTI/lib/python3.8/site-packages/airflow/example_dags/plugins/event_listener.py
[2023-11-28T19:01:15.890-0300] {processor.py:841} WARNING - No viable dags retrieved from /home/marcos/anaconda3/envs/XPe-IGTI/lib/python3.8/site-packages/airflow/example_dags/plugins/event_listener.py
[2023-11-28T19:01:15.911-0300] {processor.py:179} INFO - Processing /home/marcos/anaconda3/envs/XPe-IGTI/lib/python3.8/site-packages/airflow/example_dags/plugins/event_listener.py took 0.039 seconds
[2023-11-28T19:01:55.772-0300] {processor.py:157} INFO - Started process (PID=146091) to work on /home/marcos/anaconda3/envs/XPe-IGTI/lib/python3.8/site-packages/airflow/example_dags/plugins/event_listener.py
[2023-11-28T19:01:55.777-0300] {processor.py:829} INFO - Processing file /home/marcos/anaconda3/envs/XPe-IGTI/lib/python3.8/site-packages/airflow/example_dags/plugins/event_listener.py for tasks to queue
[2023-11-28T19:01:55.778-0300] {logging_mixin.py:154} INFO - [2023-11-28T19:01:55.778-0300] {dagbag.py:536} INFO - Filling up the DagBag from /home/marcos/anaconda3/envs/XPe-IGTI/lib/python3.8/site-packages/airflow/example_dags/plugins/event_listener.py
[2023-11-28T19:01:55.782-0300] {processor.py:841} WARNING - No viable dags retrieved from /home/marcos/anaconda3/envs/XPe-IGTI/lib/python3.8/site-packages/airflow/example_dags/plugins/event_listener.py
[2023-11-28T19:01:55.798-0300] {processor.py:179} INFO - Processing /home/marcos/anaconda3/envs/XPe-IGTI/lib/python3.8/site-packages/airflow/example_dags/plugins/event_listener.py took 0.031 seconds
[2023-11-28T19:02:35.719-0300] {processor.py:157} INFO - Started process (PID=146148) to work on /home/marcos/anaconda3/envs/XPe-IGTI/lib/python3.8/site-packages/airflow/example_dags/plugins/event_listener.py
[2023-11-28T19:02:35.723-0300] {processor.py:829} INFO - Processing file /home/marcos/anaconda3/envs/XPe-IGTI/lib/python3.8/site-packages/airflow/example_dags/plugins/event_listener.py for tasks to queue
[2023-11-28T19:02:35.724-0300] {logging_mixin.py:154} INFO - [2023-11-28T19:02:35.724-0300] {dagbag.py:536} INFO - Filling up the DagBag from /home/marcos/anaconda3/envs/XPe-IGTI/lib/python3.8/site-packages/airflow/example_dags/plugins/event_listener.py
[2023-11-28T19:02:35.728-0300] {processor.py:841} WARNING - No viable dags retrieved from /home/marcos/anaconda3/envs/XPe-IGTI/lib/python3.8/site-packages/airflow/example_dags/plugins/event_listener.py
[2023-11-28T19:02:35.741-0300] {processor.py:179} INFO - Processing /home/marcos/anaconda3/envs/XPe-IGTI/lib/python3.8/site-packages/airflow/example_dags/plugins/event_listener.py took 0.027 seconds
[2023-11-28T19:03:31.938-0300] {processor.py:157} INFO - Started process (PID=146259) to work on /home/marcos/anaconda3/envs/XPe-IGTI/lib/python3.8/site-packages/airflow/example_dags/plugins/event_listener.py
[2023-11-28T19:03:31.943-0300] {processor.py:829} INFO - Processing file /home/marcos/anaconda3/envs/XPe-IGTI/lib/python3.8/site-packages/airflow/example_dags/plugins/event_listener.py for tasks to queue
[2023-11-28T19:03:31.945-0300] {logging_mixin.py:154} INFO - [2023-11-28T19:03:31.944-0300] {dagbag.py:536} INFO - Filling up the DagBag from /home/marcos/anaconda3/envs/XPe-IGTI/lib/python3.8/site-packages/airflow/example_dags/plugins/event_listener.py
[2023-11-28T19:03:31.950-0300] {processor.py:841} WARNING - No viable dags retrieved from /home/marcos/anaconda3/envs/XPe-IGTI/lib/python3.8/site-packages/airflow/example_dags/plugins/event_listener.py
[2023-11-28T19:03:31.969-0300] {processor.py:179} INFO - Processing /home/marcos/anaconda3/envs/XPe-IGTI/lib/python3.8/site-packages/airflow/example_dags/plugins/event_listener.py took 0.035 seconds
[2023-11-28T19:04:16.441-0300] {processor.py:157} INFO - Started process (PID=146355) to work on /home/marcos/anaconda3/envs/XPe-IGTI/lib/python3.8/site-packages/airflow/example_dags/plugins/event_listener.py
[2023-11-28T19:04:16.446-0300] {processor.py:829} INFO - Processing file /home/marcos/anaconda3/envs/XPe-IGTI/lib/python3.8/site-packages/airflow/example_dags/plugins/event_listener.py for tasks to queue
[2023-11-28T19:04:16.447-0300] {logging_mixin.py:154} INFO - [2023-11-28T19:04:16.446-0300] {dagbag.py:536} INFO - Filling up the DagBag from /home/marcos/anaconda3/envs/XPe-IGTI/lib/python3.8/site-packages/airflow/example_dags/plugins/event_listener.py
[2023-11-28T19:04:16.451-0300] {processor.py:841} WARNING - No viable dags retrieved from /home/marcos/anaconda3/envs/XPe-IGTI/lib/python3.8/site-packages/airflow/example_dags/plugins/event_listener.py
[2023-11-28T19:04:16.472-0300] {processor.py:179} INFO - Processing /home/marcos/anaconda3/envs/XPe-IGTI/lib/python3.8/site-packages/airflow/example_dags/plugins/event_listener.py took 0.035 seconds
[2023-11-28T19:05:07.502-0300] {processor.py:157} INFO - Started process (PID=146435) to work on /home/marcos/anaconda3/envs/XPe-IGTI/lib/python3.8/site-packages/airflow/example_dags/plugins/event_listener.py
[2023-11-28T19:05:07.507-0300] {processor.py:829} INFO - Processing file /home/marcos/anaconda3/envs/XPe-IGTI/lib/python3.8/site-packages/airflow/example_dags/plugins/event_listener.py for tasks to queue
[2023-11-28T19:05:07.508-0300] {logging_mixin.py:154} INFO - [2023-11-28T19:05:07.507-0300] {dagbag.py:536} INFO - Filling up the DagBag from /home/marcos/anaconda3/envs/XPe-IGTI/lib/python3.8/site-packages/airflow/example_dags/plugins/event_listener.py
[2023-11-28T19:05:07.511-0300] {processor.py:841} WARNING - No viable dags retrieved from /home/marcos/anaconda3/envs/XPe-IGTI/lib/python3.8/site-packages/airflow/example_dags/plugins/event_listener.py
[2023-11-28T19:05:07.527-0300] {processor.py:179} INFO - Processing /home/marcos/anaconda3/envs/XPe-IGTI/lib/python3.8/site-packages/airflow/example_dags/plugins/event_listener.py took 0.029 seconds
[2023-11-28T19:06:00.702-0300] {processor.py:157} INFO - Started process (PID=146536) to work on /home/marcos/anaconda3/envs/XPe-IGTI/lib/python3.8/site-packages/airflow/example_dags/plugins/event_listener.py
[2023-11-28T19:06:00.707-0300] {processor.py:829} INFO - Processing file /home/marcos/anaconda3/envs/XPe-IGTI/lib/python3.8/site-packages/airflow/example_dags/plugins/event_listener.py for tasks to queue
[2023-11-28T19:06:00.711-0300] {logging_mixin.py:154} INFO - [2023-11-28T19:06:00.710-0300] {dagbag.py:536} INFO - Filling up the DagBag from /home/marcos/anaconda3/envs/XPe-IGTI/lib/python3.8/site-packages/airflow/example_dags/plugins/event_listener.py
[2023-11-28T19:06:00.714-0300] {processor.py:841} WARNING - No viable dags retrieved from /home/marcos/anaconda3/envs/XPe-IGTI/lib/python3.8/site-packages/airflow/example_dags/plugins/event_listener.py
[2023-11-28T19:06:00.726-0300] {processor.py:179} INFO - Processing /home/marcos/anaconda3/envs/XPe-IGTI/lib/python3.8/site-packages/airflow/example_dags/plugins/event_listener.py took 0.028 seconds
[2023-11-28T19:06:49.481-0300] {processor.py:157} INFO - Started process (PID=146603) to work on /home/marcos/anaconda3/envs/XPe-IGTI/lib/python3.8/site-packages/airflow/example_dags/plugins/event_listener.py
[2023-11-28T19:06:49.482-0300] {processor.py:829} INFO - Processing file /home/marcos/anaconda3/envs/XPe-IGTI/lib/python3.8/site-packages/airflow/example_dags/plugins/event_listener.py for tasks to queue
[2023-11-28T19:06:49.485-0300] {logging_mixin.py:154} INFO - [2023-11-28T19:06:49.485-0300] {dagbag.py:536} INFO - Filling up the DagBag from /home/marcos/anaconda3/envs/XPe-IGTI/lib/python3.8/site-packages/airflow/example_dags/plugins/event_listener.py
[2023-11-28T19:06:49.487-0300] {processor.py:841} WARNING - No viable dags retrieved from /home/marcos/anaconda3/envs/XPe-IGTI/lib/python3.8/site-packages/airflow/example_dags/plugins/event_listener.py
[2023-11-28T19:06:49.496-0300] {processor.py:179} INFO - Processing /home/marcos/anaconda3/envs/XPe-IGTI/lib/python3.8/site-packages/airflow/example_dags/plugins/event_listener.py took 0.018 seconds
[2023-11-28T19:07:29.149-0300] {processor.py:157} INFO - Started process (PID=146654) to work on /home/marcos/anaconda3/envs/XPe-IGTI/lib/python3.8/site-packages/airflow/example_dags/plugins/event_listener.py
[2023-11-28T19:07:29.150-0300] {processor.py:829} INFO - Processing file /home/marcos/anaconda3/envs/XPe-IGTI/lib/python3.8/site-packages/airflow/example_dags/plugins/event_listener.py for tasks to queue
[2023-11-28T19:07:29.153-0300] {logging_mixin.py:154} INFO - [2023-11-28T19:07:29.153-0300] {dagbag.py:536} INFO - Filling up the DagBag from /home/marcos/anaconda3/envs/XPe-IGTI/lib/python3.8/site-packages/airflow/example_dags/plugins/event_listener.py
[2023-11-28T19:07:29.156-0300] {processor.py:841} WARNING - No viable dags retrieved from /home/marcos/anaconda3/envs/XPe-IGTI/lib/python3.8/site-packages/airflow/example_dags/plugins/event_listener.py
[2023-11-28T19:07:29.167-0300] {processor.py:179} INFO - Processing /home/marcos/anaconda3/envs/XPe-IGTI/lib/python3.8/site-packages/airflow/example_dags/plugins/event_listener.py took 0.022 seconds
[2023-11-28T19:08:14.088-0300] {processor.py:157} INFO - Started process (PID=146718) to work on /home/marcos/anaconda3/envs/XPe-IGTI/lib/python3.8/site-packages/airflow/example_dags/plugins/event_listener.py
[2023-11-28T19:08:14.092-0300] {processor.py:829} INFO - Processing file /home/marcos/anaconda3/envs/XPe-IGTI/lib/python3.8/site-packages/airflow/example_dags/plugins/event_listener.py for tasks to queue
[2023-11-28T19:08:14.096-0300] {logging_mixin.py:154} INFO - [2023-11-28T19:08:14.095-0300] {dagbag.py:536} INFO - Filling up the DagBag from /home/marcos/anaconda3/envs/XPe-IGTI/lib/python3.8/site-packages/airflow/example_dags/plugins/event_listener.py
[2023-11-28T19:08:14.099-0300] {processor.py:841} WARNING - No viable dags retrieved from /home/marcos/anaconda3/envs/XPe-IGTI/lib/python3.8/site-packages/airflow/example_dags/plugins/event_listener.py
[2023-11-28T19:08:14.111-0300] {processor.py:179} INFO - Processing /home/marcos/anaconda3/envs/XPe-IGTI/lib/python3.8/site-packages/airflow/example_dags/plugins/event_listener.py took 0.028 seconds
[2023-11-28T19:09:32.694-0300] {processor.py:157} INFO - Started process (PID=146910) to work on /home/marcos/anaconda3/envs/XPe-IGTI/lib/python3.8/site-packages/airflow/example_dags/plugins/event_listener.py
[2023-11-28T19:09:32.699-0300] {processor.py:829} INFO - Processing file /home/marcos/anaconda3/envs/XPe-IGTI/lib/python3.8/site-packages/airflow/example_dags/plugins/event_listener.py for tasks to queue
[2023-11-28T19:09:32.701-0300] {logging_mixin.py:154} INFO - [2023-11-28T19:09:32.701-0300] {dagbag.py:536} INFO - Filling up the DagBag from /home/marcos/anaconda3/envs/XPe-IGTI/lib/python3.8/site-packages/airflow/example_dags/plugins/event_listener.py
[2023-11-28T19:09:32.704-0300] {processor.py:841} WARNING - No viable dags retrieved from /home/marcos/anaconda3/envs/XPe-IGTI/lib/python3.8/site-packages/airflow/example_dags/plugins/event_listener.py
[2023-11-28T19:09:32.716-0300] {processor.py:179} INFO - Processing /home/marcos/anaconda3/envs/XPe-IGTI/lib/python3.8/site-packages/airflow/example_dags/plugins/event_listener.py took 0.024 seconds
[2023-11-28T19:10:23.183-0300] {processor.py:157} INFO - Started process (PID=146983) to work on /home/marcos/anaconda3/envs/XPe-IGTI/lib/python3.8/site-packages/airflow/example_dags/plugins/event_listener.py
[2023-11-28T19:10:23.187-0300] {processor.py:829} INFO - Processing file /home/marcos/anaconda3/envs/XPe-IGTI/lib/python3.8/site-packages/airflow/example_dags/plugins/event_listener.py for tasks to queue
[2023-11-28T19:10:23.191-0300] {logging_mixin.py:154} INFO - [2023-11-28T19:10:23.190-0300] {dagbag.py:536} INFO - Filling up the DagBag from /home/marcos/anaconda3/envs/XPe-IGTI/lib/python3.8/site-packages/airflow/example_dags/plugins/event_listener.py
[2023-11-28T19:10:23.194-0300] {processor.py:841} WARNING - No viable dags retrieved from /home/marcos/anaconda3/envs/XPe-IGTI/lib/python3.8/site-packages/airflow/example_dags/plugins/event_listener.py
[2023-11-28T19:10:23.205-0300] {processor.py:179} INFO - Processing /home/marcos/anaconda3/envs/XPe-IGTI/lib/python3.8/site-packages/airflow/example_dags/plugins/event_listener.py took 0.026 seconds
[2023-11-28T19:11:04.188-0300] {processor.py:157} INFO - Started process (PID=147109) to work on /home/marcos/anaconda3/envs/XPe-IGTI/lib/python3.8/site-packages/airflow/example_dags/plugins/event_listener.py
[2023-11-28T19:11:04.193-0300] {processor.py:829} INFO - Processing file /home/marcos/anaconda3/envs/XPe-IGTI/lib/python3.8/site-packages/airflow/example_dags/plugins/event_listener.py for tasks to queue
[2023-11-28T19:11:04.195-0300] {logging_mixin.py:154} INFO - [2023-11-28T19:11:04.195-0300] {dagbag.py:536} INFO - Filling up the DagBag from /home/marcos/anaconda3/envs/XPe-IGTI/lib/python3.8/site-packages/airflow/example_dags/plugins/event_listener.py
[2023-11-28T19:11:04.198-0300] {processor.py:841} WARNING - No viable dags retrieved from /home/marcos/anaconda3/envs/XPe-IGTI/lib/python3.8/site-packages/airflow/example_dags/plugins/event_listener.py
[2023-11-28T19:11:04.208-0300] {processor.py:179} INFO - Processing /home/marcos/anaconda3/envs/XPe-IGTI/lib/python3.8/site-packages/airflow/example_dags/plugins/event_listener.py took 0.024 seconds
[2023-11-28T19:11:49.096-0300] {processor.py:157} INFO - Started process (PID=147201) to work on /home/marcos/anaconda3/envs/XPe-IGTI/lib/python3.8/site-packages/airflow/example_dags/plugins/event_listener.py
[2023-11-28T19:11:49.100-0300] {processor.py:829} INFO - Processing file /home/marcos/anaconda3/envs/XPe-IGTI/lib/python3.8/site-packages/airflow/example_dags/plugins/event_listener.py for tasks to queue
[2023-11-28T19:11:49.104-0300] {logging_mixin.py:154} INFO - [2023-11-28T19:11:49.103-0300] {dagbag.py:536} INFO - Filling up the DagBag from /home/marcos/anaconda3/envs/XPe-IGTI/lib/python3.8/site-packages/airflow/example_dags/plugins/event_listener.py
[2023-11-28T19:11:49.107-0300] {processor.py:841} WARNING - No viable dags retrieved from /home/marcos/anaconda3/envs/XPe-IGTI/lib/python3.8/site-packages/airflow/example_dags/plugins/event_listener.py
[2023-11-28T19:11:49.123-0300] {processor.py:179} INFO - Processing /home/marcos/anaconda3/envs/XPe-IGTI/lib/python3.8/site-packages/airflow/example_dags/plugins/event_listener.py took 0.032 seconds
[2023-11-28T19:12:39.587-0300] {processor.py:157} INFO - Started process (PID=147364) to work on /home/marcos/anaconda3/envs/XPe-IGTI/lib/python3.8/site-packages/airflow/example_dags/plugins/event_listener.py
[2023-11-28T19:12:39.593-0300] {processor.py:829} INFO - Processing file /home/marcos/anaconda3/envs/XPe-IGTI/lib/python3.8/site-packages/airflow/example_dags/plugins/event_listener.py for tasks to queue
[2023-11-28T19:12:39.602-0300] {logging_mixin.py:154} INFO - [2023-11-28T19:12:39.601-0300] {dagbag.py:536} INFO - Filling up the DagBag from /home/marcos/anaconda3/envs/XPe-IGTI/lib/python3.8/site-packages/airflow/example_dags/plugins/event_listener.py
[2023-11-28T19:12:39.611-0300] {processor.py:841} WARNING - No viable dags retrieved from /home/marcos/anaconda3/envs/XPe-IGTI/lib/python3.8/site-packages/airflow/example_dags/plugins/event_listener.py
[2023-11-28T19:12:39.629-0300] {processor.py:179} INFO - Processing /home/marcos/anaconda3/envs/XPe-IGTI/lib/python3.8/site-packages/airflow/example_dags/plugins/event_listener.py took 0.053 seconds
[2023-11-28T19:13:29.385-0300] {processor.py:157} INFO - Started process (PID=147496) to work on /home/marcos/anaconda3/envs/XPe-IGTI/lib/python3.8/site-packages/airflow/example_dags/plugins/event_listener.py
[2023-11-28T19:13:29.387-0300] {processor.py:829} INFO - Processing file /home/marcos/anaconda3/envs/XPe-IGTI/lib/python3.8/site-packages/airflow/example_dags/plugins/event_listener.py for tasks to queue
[2023-11-28T19:13:29.390-0300] {logging_mixin.py:154} INFO - [2023-11-28T19:13:29.390-0300] {dagbag.py:536} INFO - Filling up the DagBag from /home/marcos/anaconda3/envs/XPe-IGTI/lib/python3.8/site-packages/airflow/example_dags/plugins/event_listener.py
[2023-11-28T19:13:29.394-0300] {processor.py:841} WARNING - No viable dags retrieved from /home/marcos/anaconda3/envs/XPe-IGTI/lib/python3.8/site-packages/airflow/example_dags/plugins/event_listener.py
[2023-11-28T19:13:29.407-0300] {processor.py:179} INFO - Processing /home/marcos/anaconda3/envs/XPe-IGTI/lib/python3.8/site-packages/airflow/example_dags/plugins/event_listener.py took 0.027 seconds
[2023-11-28T19:14:25.737-0300] {processor.py:157} INFO - Started process (PID=147558) to work on /home/marcos/anaconda3/envs/XPe-IGTI/lib/python3.8/site-packages/airflow/example_dags/plugins/event_listener.py
[2023-11-28T19:14:25.741-0300] {processor.py:829} INFO - Processing file /home/marcos/anaconda3/envs/XPe-IGTI/lib/python3.8/site-packages/airflow/example_dags/plugins/event_listener.py for tasks to queue
[2023-11-28T19:14:25.745-0300] {logging_mixin.py:154} INFO - [2023-11-28T19:14:25.744-0300] {dagbag.py:536} INFO - Filling up the DagBag from /home/marcos/anaconda3/envs/XPe-IGTI/lib/python3.8/site-packages/airflow/example_dags/plugins/event_listener.py
[2023-11-28T19:14:25.748-0300] {processor.py:841} WARNING - No viable dags retrieved from /home/marcos/anaconda3/envs/XPe-IGTI/lib/python3.8/site-packages/airflow/example_dags/plugins/event_listener.py
[2023-11-28T19:14:25.761-0300] {processor.py:179} INFO - Processing /home/marcos/anaconda3/envs/XPe-IGTI/lib/python3.8/site-packages/airflow/example_dags/plugins/event_listener.py took 0.029 seconds
[2023-11-28T19:15:12.291-0300] {processor.py:157} INFO - Started process (PID=147607) to work on /home/marcos/anaconda3/envs/XPe-IGTI/lib/python3.8/site-packages/airflow/example_dags/plugins/event_listener.py
[2023-11-28T19:15:12.295-0300] {processor.py:829} INFO - Processing file /home/marcos/anaconda3/envs/XPe-IGTI/lib/python3.8/site-packages/airflow/example_dags/plugins/event_listener.py for tasks to queue
[2023-11-28T19:15:12.299-0300] {logging_mixin.py:154} INFO - [2023-11-28T19:15:12.298-0300] {dagbag.py:536} INFO - Filling up the DagBag from /home/marcos/anaconda3/envs/XPe-IGTI/lib/python3.8/site-packages/airflow/example_dags/plugins/event_listener.py
[2023-11-28T19:15:12.304-0300] {processor.py:841} WARNING - No viable dags retrieved from /home/marcos/anaconda3/envs/XPe-IGTI/lib/python3.8/site-packages/airflow/example_dags/plugins/event_listener.py
[2023-11-28T19:15:12.321-0300] {processor.py:179} INFO - Processing /home/marcos/anaconda3/envs/XPe-IGTI/lib/python3.8/site-packages/airflow/example_dags/plugins/event_listener.py took 0.035 seconds
[2023-11-28T19:16:02.820-0300] {processor.py:157} INFO - Started process (PID=147661) to work on /home/marcos/anaconda3/envs/XPe-IGTI/lib/python3.8/site-packages/airflow/example_dags/plugins/event_listener.py
[2023-11-28T19:16:02.824-0300] {processor.py:829} INFO - Processing file /home/marcos/anaconda3/envs/XPe-IGTI/lib/python3.8/site-packages/airflow/example_dags/plugins/event_listener.py for tasks to queue
[2023-11-28T19:16:02.829-0300] {logging_mixin.py:154} INFO - [2023-11-28T19:16:02.828-0300] {dagbag.py:536} INFO - Filling up the DagBag from /home/marcos/anaconda3/envs/XPe-IGTI/lib/python3.8/site-packages/airflow/example_dags/plugins/event_listener.py
[2023-11-28T19:16:02.832-0300] {processor.py:841} WARNING - No viable dags retrieved from /home/marcos/anaconda3/envs/XPe-IGTI/lib/python3.8/site-packages/airflow/example_dags/plugins/event_listener.py
[2023-11-28T19:16:02.848-0300] {processor.py:179} INFO - Processing /home/marcos/anaconda3/envs/XPe-IGTI/lib/python3.8/site-packages/airflow/example_dags/plugins/event_listener.py took 0.033 seconds
[2023-11-28T19:16:46.559-0300] {processor.py:157} INFO - Started process (PID=147726) to work on /home/marcos/anaconda3/envs/XPe-IGTI/lib/python3.8/site-packages/airflow/example_dags/plugins/event_listener.py
[2023-11-28T19:16:46.563-0300] {processor.py:829} INFO - Processing file /home/marcos/anaconda3/envs/XPe-IGTI/lib/python3.8/site-packages/airflow/example_dags/plugins/event_listener.py for tasks to queue
[2023-11-28T19:16:46.566-0300] {logging_mixin.py:154} INFO - [2023-11-28T19:16:46.566-0300] {dagbag.py:536} INFO - Filling up the DagBag from /home/marcos/anaconda3/envs/XPe-IGTI/lib/python3.8/site-packages/airflow/example_dags/plugins/event_listener.py
[2023-11-28T19:16:46.570-0300] {processor.py:841} WARNING - No viable dags retrieved from /home/marcos/anaconda3/envs/XPe-IGTI/lib/python3.8/site-packages/airflow/example_dags/plugins/event_listener.py
[2023-11-28T19:16:46.585-0300] {processor.py:179} INFO - Processing /home/marcos/anaconda3/envs/XPe-IGTI/lib/python3.8/site-packages/airflow/example_dags/plugins/event_listener.py took 0.030 seconds
[2023-11-28T19:17:30.061-0300] {processor.py:157} INFO - Started process (PID=147782) to work on /home/marcos/anaconda3/envs/XPe-IGTI/lib/python3.8/site-packages/airflow/example_dags/plugins/event_listener.py
[2023-11-28T19:17:30.066-0300] {processor.py:829} INFO - Processing file /home/marcos/anaconda3/envs/XPe-IGTI/lib/python3.8/site-packages/airflow/example_dags/plugins/event_listener.py for tasks to queue
[2023-11-28T19:17:30.069-0300] {logging_mixin.py:154} INFO - [2023-11-28T19:17:30.069-0300] {dagbag.py:536} INFO - Filling up the DagBag from /home/marcos/anaconda3/envs/XPe-IGTI/lib/python3.8/site-packages/airflow/example_dags/plugins/event_listener.py
[2023-11-28T19:17:30.072-0300] {processor.py:841} WARNING - No viable dags retrieved from /home/marcos/anaconda3/envs/XPe-IGTI/lib/python3.8/site-packages/airflow/example_dags/plugins/event_listener.py
[2023-11-28T19:17:30.086-0300] {processor.py:179} INFO - Processing /home/marcos/anaconda3/envs/XPe-IGTI/lib/python3.8/site-packages/airflow/example_dags/plugins/event_listener.py took 0.029 seconds
[2023-11-28T19:18:15.150-0300] {processor.py:157} INFO - Started process (PID=147837) to work on /home/marcos/anaconda3/envs/XPe-IGTI/lib/python3.8/site-packages/airflow/example_dags/plugins/event_listener.py
[2023-11-28T19:18:15.156-0300] {processor.py:829} INFO - Processing file /home/marcos/anaconda3/envs/XPe-IGTI/lib/python3.8/site-packages/airflow/example_dags/plugins/event_listener.py for tasks to queue
[2023-11-28T19:18:15.165-0300] {logging_mixin.py:154} INFO - [2023-11-28T19:18:15.164-0300] {dagbag.py:536} INFO - Filling up the DagBag from /home/marcos/anaconda3/envs/XPe-IGTI/lib/python3.8/site-packages/airflow/example_dags/plugins/event_listener.py
[2023-11-28T19:18:15.174-0300] {processor.py:841} WARNING - No viable dags retrieved from /home/marcos/anaconda3/envs/XPe-IGTI/lib/python3.8/site-packages/airflow/example_dags/plugins/event_listener.py
[2023-11-28T19:18:15.212-0300] {processor.py:179} INFO - Processing /home/marcos/anaconda3/envs/XPe-IGTI/lib/python3.8/site-packages/airflow/example_dags/plugins/event_listener.py took 0.074 seconds
[2023-11-28T19:19:12.362-0300] {processor.py:157} INFO - Started process (PID=147948) to work on /home/marcos/anaconda3/envs/XPe-IGTI/lib/python3.8/site-packages/airflow/example_dags/plugins/event_listener.py
[2023-11-28T19:19:12.364-0300] {processor.py:829} INFO - Processing file /home/marcos/anaconda3/envs/XPe-IGTI/lib/python3.8/site-packages/airflow/example_dags/plugins/event_listener.py for tasks to queue
[2023-11-28T19:19:12.367-0300] {logging_mixin.py:154} INFO - [2023-11-28T19:19:12.367-0300] {dagbag.py:536} INFO - Filling up the DagBag from /home/marcos/anaconda3/envs/XPe-IGTI/lib/python3.8/site-packages/airflow/example_dags/plugins/event_listener.py
[2023-11-28T19:19:12.371-0300] {processor.py:841} WARNING - No viable dags retrieved from /home/marcos/anaconda3/envs/XPe-IGTI/lib/python3.8/site-packages/airflow/example_dags/plugins/event_listener.py
[2023-11-28T19:19:12.386-0300] {processor.py:179} INFO - Processing /home/marcos/anaconda3/envs/XPe-IGTI/lib/python3.8/site-packages/airflow/example_dags/plugins/event_listener.py took 0.029 seconds
[2023-11-28T19:20:20.656-0300] {processor.py:157} INFO - Started process (PID=148273) to work on /home/marcos/anaconda3/envs/XPe-IGTI/lib/python3.8/site-packages/airflow/example_dags/plugins/event_listener.py
[2023-11-28T19:20:20.660-0300] {processor.py:829} INFO - Processing file /home/marcos/anaconda3/envs/XPe-IGTI/lib/python3.8/site-packages/airflow/example_dags/plugins/event_listener.py for tasks to queue
[2023-11-28T19:20:20.665-0300] {logging_mixin.py:154} INFO - [2023-11-28T19:20:20.664-0300] {dagbag.py:536} INFO - Filling up the DagBag from /home/marcos/anaconda3/envs/XPe-IGTI/lib/python3.8/site-packages/airflow/example_dags/plugins/event_listener.py
[2023-11-28T19:20:20.669-0300] {processor.py:841} WARNING - No viable dags retrieved from /home/marcos/anaconda3/envs/XPe-IGTI/lib/python3.8/site-packages/airflow/example_dags/plugins/event_listener.py
[2023-11-28T19:20:20.685-0300] {processor.py:179} INFO - Processing /home/marcos/anaconda3/envs/XPe-IGTI/lib/python3.8/site-packages/airflow/example_dags/plugins/event_listener.py took 0.036 seconds
[2023-11-28T19:21:39.866-0300] {processor.py:157} INFO - Started process (PID=148669) to work on /home/marcos/anaconda3/envs/XPe-IGTI/lib/python3.8/site-packages/airflow/example_dags/plugins/event_listener.py
[2023-11-28T19:21:39.871-0300] {processor.py:829} INFO - Processing file /home/marcos/anaconda3/envs/XPe-IGTI/lib/python3.8/site-packages/airflow/example_dags/plugins/event_listener.py for tasks to queue
[2023-11-28T19:21:39.875-0300] {logging_mixin.py:154} INFO - [2023-11-28T19:21:39.875-0300] {dagbag.py:536} INFO - Filling up the DagBag from /home/marcos/anaconda3/envs/XPe-IGTI/lib/python3.8/site-packages/airflow/example_dags/plugins/event_listener.py
[2023-11-28T19:21:39.879-0300] {processor.py:841} WARNING - No viable dags retrieved from /home/marcos/anaconda3/envs/XPe-IGTI/lib/python3.8/site-packages/airflow/example_dags/plugins/event_listener.py
[2023-11-28T19:21:39.897-0300] {processor.py:179} INFO - Processing /home/marcos/anaconda3/envs/XPe-IGTI/lib/python3.8/site-packages/airflow/example_dags/plugins/event_listener.py took 0.035 seconds
[2023-11-28T19:22:35.246-0300] {processor.py:157} INFO - Started process (PID=148850) to work on /home/marcos/anaconda3/envs/XPe-IGTI/lib/python3.8/site-packages/airflow/example_dags/plugins/event_listener.py
[2023-11-28T19:22:35.250-0300] {processor.py:829} INFO - Processing file /home/marcos/anaconda3/envs/XPe-IGTI/lib/python3.8/site-packages/airflow/example_dags/plugins/event_listener.py for tasks to queue
[2023-11-28T19:22:35.254-0300] {logging_mixin.py:154} INFO - [2023-11-28T19:22:35.253-0300] {dagbag.py:536} INFO - Filling up the DagBag from /home/marcos/anaconda3/envs/XPe-IGTI/lib/python3.8/site-packages/airflow/example_dags/plugins/event_listener.py
[2023-11-28T19:22:35.257-0300] {processor.py:841} WARNING - No viable dags retrieved from /home/marcos/anaconda3/envs/XPe-IGTI/lib/python3.8/site-packages/airflow/example_dags/plugins/event_listener.py
[2023-11-28T19:22:35.270-0300] {processor.py:179} INFO - Processing /home/marcos/anaconda3/envs/XPe-IGTI/lib/python3.8/site-packages/airflow/example_dags/plugins/event_listener.py took 0.030 seconds
[2023-11-28T19:23:24.196-0300] {processor.py:157} INFO - Started process (PID=148927) to work on /home/marcos/anaconda3/envs/XPe-IGTI/lib/python3.8/site-packages/airflow/example_dags/plugins/event_listener.py
[2023-11-28T19:23:24.203-0300] {processor.py:829} INFO - Processing file /home/marcos/anaconda3/envs/XPe-IGTI/lib/python3.8/site-packages/airflow/example_dags/plugins/event_listener.py for tasks to queue
[2023-11-28T19:23:24.207-0300] {logging_mixin.py:154} INFO - [2023-11-28T19:23:24.207-0300] {dagbag.py:536} INFO - Filling up the DagBag from /home/marcos/anaconda3/envs/XPe-IGTI/lib/python3.8/site-packages/airflow/example_dags/plugins/event_listener.py
[2023-11-28T19:23:24.210-0300] {processor.py:841} WARNING - No viable dags retrieved from /home/marcos/anaconda3/envs/XPe-IGTI/lib/python3.8/site-packages/airflow/example_dags/plugins/event_listener.py
[2023-11-28T19:23:24.226-0300] {processor.py:179} INFO - Processing /home/marcos/anaconda3/envs/XPe-IGTI/lib/python3.8/site-packages/airflow/example_dags/plugins/event_listener.py took 0.036 seconds
[2023-11-28T19:24:09.912-0300] {processor.py:157} INFO - Started process (PID=148977) to work on /home/marcos/anaconda3/envs/XPe-IGTI/lib/python3.8/site-packages/airflow/example_dags/plugins/event_listener.py
[2023-11-28T19:24:09.917-0300] {processor.py:829} INFO - Processing file /home/marcos/anaconda3/envs/XPe-IGTI/lib/python3.8/site-packages/airflow/example_dags/plugins/event_listener.py for tasks to queue
[2023-11-28T19:24:09.921-0300] {logging_mixin.py:154} INFO - [2023-11-28T19:24:09.920-0300] {dagbag.py:536} INFO - Filling up the DagBag from /home/marcos/anaconda3/envs/XPe-IGTI/lib/python3.8/site-packages/airflow/example_dags/plugins/event_listener.py
[2023-11-28T19:24:09.924-0300] {processor.py:841} WARNING - No viable dags retrieved from /home/marcos/anaconda3/envs/XPe-IGTI/lib/python3.8/site-packages/airflow/example_dags/plugins/event_listener.py
[2023-11-28T19:24:09.937-0300] {processor.py:179} INFO - Processing /home/marcos/anaconda3/envs/XPe-IGTI/lib/python3.8/site-packages/airflow/example_dags/plugins/event_listener.py took 0.030 seconds
[2023-11-28T19:24:54.721-0300] {processor.py:157} INFO - Started process (PID=149027) to work on /home/marcos/anaconda3/envs/XPe-IGTI/lib/python3.8/site-packages/airflow/example_dags/plugins/event_listener.py
[2023-11-28T19:24:54.725-0300] {processor.py:829} INFO - Processing file /home/marcos/anaconda3/envs/XPe-IGTI/lib/python3.8/site-packages/airflow/example_dags/plugins/event_listener.py for tasks to queue
[2023-11-28T19:24:54.729-0300] {logging_mixin.py:154} INFO - [2023-11-28T19:24:54.729-0300] {dagbag.py:536} INFO - Filling up the DagBag from /home/marcos/anaconda3/envs/XPe-IGTI/lib/python3.8/site-packages/airflow/example_dags/plugins/event_listener.py
[2023-11-28T19:24:54.733-0300] {processor.py:841} WARNING - No viable dags retrieved from /home/marcos/anaconda3/envs/XPe-IGTI/lib/python3.8/site-packages/airflow/example_dags/plugins/event_listener.py
[2023-11-28T19:24:54.747-0300] {processor.py:179} INFO - Processing /home/marcos/anaconda3/envs/XPe-IGTI/lib/python3.8/site-packages/airflow/example_dags/plugins/event_listener.py took 0.031 seconds
[2023-11-28T19:25:46.597-0300] {processor.py:157} INFO - Started process (PID=149073) to work on /home/marcos/anaconda3/envs/XPe-IGTI/lib/python3.8/site-packages/airflow/example_dags/plugins/event_listener.py
[2023-11-28T19:25:46.602-0300] {processor.py:829} INFO - Processing file /home/marcos/anaconda3/envs/XPe-IGTI/lib/python3.8/site-packages/airflow/example_dags/plugins/event_listener.py for tasks to queue
[2023-11-28T19:25:46.605-0300] {logging_mixin.py:154} INFO - [2023-11-28T19:25:46.604-0300] {dagbag.py:536} INFO - Filling up the DagBag from /home/marcos/anaconda3/envs/XPe-IGTI/lib/python3.8/site-packages/airflow/example_dags/plugins/event_listener.py
[2023-11-28T19:25:46.608-0300] {processor.py:841} WARNING - No viable dags retrieved from /home/marcos/anaconda3/envs/XPe-IGTI/lib/python3.8/site-packages/airflow/example_dags/plugins/event_listener.py
[2023-11-28T19:25:46.625-0300] {processor.py:179} INFO - Processing /home/marcos/anaconda3/envs/XPe-IGTI/lib/python3.8/site-packages/airflow/example_dags/plugins/event_listener.py took 0.033 seconds
[2023-11-28T19:26:33.673-0300] {processor.py:157} INFO - Started process (PID=149123) to work on /home/marcos/anaconda3/envs/XPe-IGTI/lib/python3.8/site-packages/airflow/example_dags/plugins/event_listener.py
[2023-11-28T19:26:33.674-0300] {processor.py:829} INFO - Processing file /home/marcos/anaconda3/envs/XPe-IGTI/lib/python3.8/site-packages/airflow/example_dags/plugins/event_listener.py for tasks to queue
[2023-11-28T19:26:33.678-0300] {logging_mixin.py:154} INFO - [2023-11-28T19:26:33.677-0300] {dagbag.py:536} INFO - Filling up the DagBag from /home/marcos/anaconda3/envs/XPe-IGTI/lib/python3.8/site-packages/airflow/example_dags/plugins/event_listener.py
[2023-11-28T19:26:33.681-0300] {processor.py:841} WARNING - No viable dags retrieved from /home/marcos/anaconda3/envs/XPe-IGTI/lib/python3.8/site-packages/airflow/example_dags/plugins/event_listener.py
[2023-11-28T19:26:33.695-0300] {processor.py:179} INFO - Processing /home/marcos/anaconda3/envs/XPe-IGTI/lib/python3.8/site-packages/airflow/example_dags/plugins/event_listener.py took 0.027 seconds
[2023-11-28T19:27:20.534-0300] {processor.py:157} INFO - Started process (PID=149202) to work on /home/marcos/anaconda3/envs/XPe-IGTI/lib/python3.8/site-packages/airflow/example_dags/plugins/event_listener.py
[2023-11-28T19:27:20.539-0300] {processor.py:829} INFO - Processing file /home/marcos/anaconda3/envs/XPe-IGTI/lib/python3.8/site-packages/airflow/example_dags/plugins/event_listener.py for tasks to queue
[2023-11-28T19:27:20.542-0300] {logging_mixin.py:154} INFO - [2023-11-28T19:27:20.541-0300] {dagbag.py:536} INFO - Filling up the DagBag from /home/marcos/anaconda3/envs/XPe-IGTI/lib/python3.8/site-packages/airflow/example_dags/plugins/event_listener.py
[2023-11-28T19:27:20.545-0300] {processor.py:841} WARNING - No viable dags retrieved from /home/marcos/anaconda3/envs/XPe-IGTI/lib/python3.8/site-packages/airflow/example_dags/plugins/event_listener.py
[2023-11-28T19:27:20.555-0300] {processor.py:179} INFO - Processing /home/marcos/anaconda3/envs/XPe-IGTI/lib/python3.8/site-packages/airflow/example_dags/plugins/event_listener.py took 0.026 seconds
[2023-11-28T19:28:00.377-0300] {processor.py:157} INFO - Started process (PID=149287) to work on /home/marcos/anaconda3/envs/XPe-IGTI/lib/python3.8/site-packages/airflow/example_dags/plugins/event_listener.py
[2023-11-28T19:28:00.381-0300] {processor.py:829} INFO - Processing file /home/marcos/anaconda3/envs/XPe-IGTI/lib/python3.8/site-packages/airflow/example_dags/plugins/event_listener.py for tasks to queue
[2023-11-28T19:28:00.383-0300] {logging_mixin.py:154} INFO - [2023-11-28T19:28:00.383-0300] {dagbag.py:536} INFO - Filling up the DagBag from /home/marcos/anaconda3/envs/XPe-IGTI/lib/python3.8/site-packages/airflow/example_dags/plugins/event_listener.py
[2023-11-28T19:28:00.386-0300] {processor.py:841} WARNING - No viable dags retrieved from /home/marcos/anaconda3/envs/XPe-IGTI/lib/python3.8/site-packages/airflow/example_dags/plugins/event_listener.py
[2023-11-28T19:28:00.395-0300] {processor.py:179} INFO - Processing /home/marcos/anaconda3/envs/XPe-IGTI/lib/python3.8/site-packages/airflow/example_dags/plugins/event_listener.py took 0.021 seconds
[2023-11-28T19:28:41.364-0300] {processor.py:157} INFO - Started process (PID=149331) to work on /home/marcos/anaconda3/envs/XPe-IGTI/lib/python3.8/site-packages/airflow/example_dags/plugins/event_listener.py
[2023-11-28T19:28:41.365-0300] {processor.py:829} INFO - Processing file /home/marcos/anaconda3/envs/XPe-IGTI/lib/python3.8/site-packages/airflow/example_dags/plugins/event_listener.py for tasks to queue
[2023-11-28T19:28:41.368-0300] {logging_mixin.py:154} INFO - [2023-11-28T19:28:41.367-0300] {dagbag.py:536} INFO - Filling up the DagBag from /home/marcos/anaconda3/envs/XPe-IGTI/lib/python3.8/site-packages/airflow/example_dags/plugins/event_listener.py
[2023-11-28T19:28:41.370-0300] {processor.py:841} WARNING - No viable dags retrieved from /home/marcos/anaconda3/envs/XPe-IGTI/lib/python3.8/site-packages/airflow/example_dags/plugins/event_listener.py
[2023-11-28T19:28:41.379-0300] {processor.py:179} INFO - Processing /home/marcos/anaconda3/envs/XPe-IGTI/lib/python3.8/site-packages/airflow/example_dags/plugins/event_listener.py took 0.019 seconds
