[2023-11-27T21:00:24.640-0300] {processor.py:157} INFO - Started process (PID=51731) to work on /home/marcos/anaconda3/envs/XPe-IGTI/lib/python3.8/site-packages/airflow/example_dags/plugins/listener_plugin.py
[2023-11-27T21:00:24.641-0300] {processor.py:829} INFO - Processing file /home/marcos/anaconda3/envs/XPe-IGTI/lib/python3.8/site-packages/airflow/example_dags/plugins/listener_plugin.py for tasks to queue
[2023-11-27T21:00:24.642-0300] {logging_mixin.py:154} INFO - [2023-11-27T21:00:24.641-0300] {dagbag.py:536} INFO - Filling up the DagBag from /home/marcos/anaconda3/envs/XPe-IGTI/lib/python3.8/site-packages/airflow/example_dags/plugins/listener_plugin.py
[2023-11-27T21:00:24.647-0300] {processor.py:841} WARNING - No viable dags retrieved from /home/marcos/anaconda3/envs/XPe-IGTI/lib/python3.8/site-packages/airflow/example_dags/plugins/listener_plugin.py
[2023-11-27T21:00:24.665-0300] {processor.py:179} INFO - Processing /home/marcos/anaconda3/envs/XPe-IGTI/lib/python3.8/site-packages/airflow/example_dags/plugins/listener_plugin.py took 0.030 seconds
[2023-11-27T21:01:05.916-0300] {processor.py:157} INFO - Started process (PID=51783) to work on /home/marcos/anaconda3/envs/XPe-IGTI/lib/python3.8/site-packages/airflow/example_dags/plugins/listener_plugin.py
[2023-11-27T21:01:05.921-0300] {processor.py:829} INFO - Processing file /home/marcos/anaconda3/envs/XPe-IGTI/lib/python3.8/site-packages/airflow/example_dags/plugins/listener_plugin.py for tasks to queue
[2023-11-27T21:01:05.922-0300] {logging_mixin.py:154} INFO - [2023-11-27T21:01:05.922-0300] {dagbag.py:536} INFO - Filling up the DagBag from /home/marcos/anaconda3/envs/XPe-IGTI/lib/python3.8/site-packages/airflow/example_dags/plugins/listener_plugin.py
[2023-11-27T21:01:05.929-0300] {processor.py:841} WARNING - No viable dags retrieved from /home/marcos/anaconda3/envs/XPe-IGTI/lib/python3.8/site-packages/airflow/example_dags/plugins/listener_plugin.py
[2023-11-27T21:01:05.950-0300] {processor.py:179} INFO - Processing /home/marcos/anaconda3/envs/XPe-IGTI/lib/python3.8/site-packages/airflow/example_dags/plugins/listener_plugin.py took 0.042 seconds
[2023-11-27T21:01:46.593-0300] {processor.py:157} INFO - Started process (PID=51855) to work on /home/marcos/anaconda3/envs/XPe-IGTI/lib/python3.8/site-packages/airflow/example_dags/plugins/listener_plugin.py
[2023-11-27T21:01:46.594-0300] {processor.py:829} INFO - Processing file /home/marcos/anaconda3/envs/XPe-IGTI/lib/python3.8/site-packages/airflow/example_dags/plugins/listener_plugin.py for tasks to queue
[2023-11-27T21:01:46.595-0300] {logging_mixin.py:154} INFO - [2023-11-27T21:01:46.595-0300] {dagbag.py:536} INFO - Filling up the DagBag from /home/marcos/anaconda3/envs/XPe-IGTI/lib/python3.8/site-packages/airflow/example_dags/plugins/listener_plugin.py
[2023-11-27T21:01:46.599-0300] {processor.py:841} WARNING - No viable dags retrieved from /home/marcos/anaconda3/envs/XPe-IGTI/lib/python3.8/site-packages/airflow/example_dags/plugins/listener_plugin.py
[2023-11-27T21:01:46.616-0300] {processor.py:179} INFO - Processing /home/marcos/anaconda3/envs/XPe-IGTI/lib/python3.8/site-packages/airflow/example_dags/plugins/listener_plugin.py took 0.028 seconds
[2023-11-27T21:02:27.417-0300] {processor.py:157} INFO - Started process (PID=51916) to work on /home/marcos/anaconda3/envs/XPe-IGTI/lib/python3.8/site-packages/airflow/example_dags/plugins/listener_plugin.py
[2023-11-27T21:02:27.423-0300] {processor.py:829} INFO - Processing file /home/marcos/anaconda3/envs/XPe-IGTI/lib/python3.8/site-packages/airflow/example_dags/plugins/listener_plugin.py for tasks to queue
[2023-11-27T21:02:27.426-0300] {logging_mixin.py:154} INFO - [2023-11-27T21:02:27.425-0300] {dagbag.py:536} INFO - Filling up the DagBag from /home/marcos/anaconda3/envs/XPe-IGTI/lib/python3.8/site-packages/airflow/example_dags/plugins/listener_plugin.py
[2023-11-27T21:02:27.436-0300] {processor.py:841} WARNING - No viable dags retrieved from /home/marcos/anaconda3/envs/XPe-IGTI/lib/python3.8/site-packages/airflow/example_dags/plugins/listener_plugin.py
[2023-11-27T21:02:27.470-0300] {processor.py:179} INFO - Processing /home/marcos/anaconda3/envs/XPe-IGTI/lib/python3.8/site-packages/airflow/example_dags/plugins/listener_plugin.py took 0.063 seconds
[2023-11-27T21:03:04.935-0300] {processor.py:157} INFO - Started process (PID=51958) to work on /home/marcos/anaconda3/envs/XPe-IGTI/lib/python3.8/site-packages/airflow/example_dags/plugins/listener_plugin.py
[2023-11-27T21:03:04.940-0300] {processor.py:829} INFO - Processing file /home/marcos/anaconda3/envs/XPe-IGTI/lib/python3.8/site-packages/airflow/example_dags/plugins/listener_plugin.py for tasks to queue
[2023-11-27T21:03:04.941-0300] {logging_mixin.py:154} INFO - [2023-11-27T21:03:04.940-0300] {dagbag.py:536} INFO - Filling up the DagBag from /home/marcos/anaconda3/envs/XPe-IGTI/lib/python3.8/site-packages/airflow/example_dags/plugins/listener_plugin.py
[2023-11-27T21:03:04.947-0300] {processor.py:841} WARNING - No viable dags retrieved from /home/marcos/anaconda3/envs/XPe-IGTI/lib/python3.8/site-packages/airflow/example_dags/plugins/listener_plugin.py
[2023-11-27T21:03:04.962-0300] {processor.py:179} INFO - Processing /home/marcos/anaconda3/envs/XPe-IGTI/lib/python3.8/site-packages/airflow/example_dags/plugins/listener_plugin.py took 0.031 seconds
[2023-11-27T21:03:50.666-0300] {processor.py:157} INFO - Started process (PID=52011) to work on /home/marcos/anaconda3/envs/XPe-IGTI/lib/python3.8/site-packages/airflow/example_dags/plugins/listener_plugin.py
[2023-11-27T21:03:50.671-0300] {processor.py:829} INFO - Processing file /home/marcos/anaconda3/envs/XPe-IGTI/lib/python3.8/site-packages/airflow/example_dags/plugins/listener_plugin.py for tasks to queue
[2023-11-27T21:03:50.672-0300] {logging_mixin.py:154} INFO - [2023-11-27T21:03:50.672-0300] {dagbag.py:536} INFO - Filling up the DagBag from /home/marcos/anaconda3/envs/XPe-IGTI/lib/python3.8/site-packages/airflow/example_dags/plugins/listener_plugin.py
[2023-11-27T21:03:50.677-0300] {processor.py:841} WARNING - No viable dags retrieved from /home/marcos/anaconda3/envs/XPe-IGTI/lib/python3.8/site-packages/airflow/example_dags/plugins/listener_plugin.py
[2023-11-27T21:03:50.693-0300] {processor.py:179} INFO - Processing /home/marcos/anaconda3/envs/XPe-IGTI/lib/python3.8/site-packages/airflow/example_dags/plugins/listener_plugin.py took 0.031 seconds
[2023-11-27T21:04:34.960-0300] {processor.py:157} INFO - Started process (PID=52069) to work on /home/marcos/anaconda3/envs/XPe-IGTI/lib/python3.8/site-packages/airflow/example_dags/plugins/listener_plugin.py
[2023-11-27T21:04:34.964-0300] {processor.py:829} INFO - Processing file /home/marcos/anaconda3/envs/XPe-IGTI/lib/python3.8/site-packages/airflow/example_dags/plugins/listener_plugin.py for tasks to queue
[2023-11-27T21:04:34.966-0300] {logging_mixin.py:154} INFO - [2023-11-27T21:04:34.965-0300] {dagbag.py:536} INFO - Filling up the DagBag from /home/marcos/anaconda3/envs/XPe-IGTI/lib/python3.8/site-packages/airflow/example_dags/plugins/listener_plugin.py
[2023-11-27T21:04:34.971-0300] {processor.py:841} WARNING - No viable dags retrieved from /home/marcos/anaconda3/envs/XPe-IGTI/lib/python3.8/site-packages/airflow/example_dags/plugins/listener_plugin.py
[2023-11-27T21:04:34.987-0300] {processor.py:179} INFO - Processing /home/marcos/anaconda3/envs/XPe-IGTI/lib/python3.8/site-packages/airflow/example_dags/plugins/listener_plugin.py took 0.032 seconds
[2023-11-27T21:05:18.061-0300] {processor.py:157} INFO - Started process (PID=52131) to work on /home/marcos/anaconda3/envs/XPe-IGTI/lib/python3.8/site-packages/airflow/example_dags/plugins/listener_plugin.py
[2023-11-27T21:05:18.066-0300] {processor.py:829} INFO - Processing file /home/marcos/anaconda3/envs/XPe-IGTI/lib/python3.8/site-packages/airflow/example_dags/plugins/listener_plugin.py for tasks to queue
[2023-11-27T21:05:18.067-0300] {logging_mixin.py:154} INFO - [2023-11-27T21:05:18.067-0300] {dagbag.py:536} INFO - Filling up the DagBag from /home/marcos/anaconda3/envs/XPe-IGTI/lib/python3.8/site-packages/airflow/example_dags/plugins/listener_plugin.py
[2023-11-27T21:05:18.071-0300] {processor.py:841} WARNING - No viable dags retrieved from /home/marcos/anaconda3/envs/XPe-IGTI/lib/python3.8/site-packages/airflow/example_dags/plugins/listener_plugin.py
[2023-11-27T21:05:18.086-0300] {processor.py:179} INFO - Processing /home/marcos/anaconda3/envs/XPe-IGTI/lib/python3.8/site-packages/airflow/example_dags/plugins/listener_plugin.py took 0.030 seconds
[2023-11-27T21:05:59.590-0300] {processor.py:157} INFO - Started process (PID=52202) to work on /home/marcos/anaconda3/envs/XPe-IGTI/lib/python3.8/site-packages/airflow/example_dags/plugins/listener_plugin.py
[2023-11-27T21:05:59.594-0300] {processor.py:829} INFO - Processing file /home/marcos/anaconda3/envs/XPe-IGTI/lib/python3.8/site-packages/airflow/example_dags/plugins/listener_plugin.py for tasks to queue
[2023-11-27T21:05:59.595-0300] {logging_mixin.py:154} INFO - [2023-11-27T21:05:59.595-0300] {dagbag.py:536} INFO - Filling up the DagBag from /home/marcos/anaconda3/envs/XPe-IGTI/lib/python3.8/site-packages/airflow/example_dags/plugins/listener_plugin.py
[2023-11-27T21:05:59.600-0300] {processor.py:841} WARNING - No viable dags retrieved from /home/marcos/anaconda3/envs/XPe-IGTI/lib/python3.8/site-packages/airflow/example_dags/plugins/listener_plugin.py
[2023-11-27T21:05:59.614-0300] {processor.py:179} INFO - Processing /home/marcos/anaconda3/envs/XPe-IGTI/lib/python3.8/site-packages/airflow/example_dags/plugins/listener_plugin.py took 0.029 seconds
[2023-11-27T21:06:39.623-0300] {processor.py:157} INFO - Started process (PID=52252) to work on /home/marcos/anaconda3/envs/XPe-IGTI/lib/python3.8/site-packages/airflow/example_dags/plugins/listener_plugin.py
[2023-11-27T21:06:39.627-0300] {processor.py:829} INFO - Processing file /home/marcos/anaconda3/envs/XPe-IGTI/lib/python3.8/site-packages/airflow/example_dags/plugins/listener_plugin.py for tasks to queue
[2023-11-27T21:06:39.628-0300] {logging_mixin.py:154} INFO - [2023-11-27T21:06:39.627-0300] {dagbag.py:536} INFO - Filling up the DagBag from /home/marcos/anaconda3/envs/XPe-IGTI/lib/python3.8/site-packages/airflow/example_dags/plugins/listener_plugin.py
[2023-11-27T21:06:39.632-0300] {processor.py:841} WARNING - No viable dags retrieved from /home/marcos/anaconda3/envs/XPe-IGTI/lib/python3.8/site-packages/airflow/example_dags/plugins/listener_plugin.py
[2023-11-27T21:06:39.646-0300] {processor.py:179} INFO - Processing /home/marcos/anaconda3/envs/XPe-IGTI/lib/python3.8/site-packages/airflow/example_dags/plugins/listener_plugin.py took 0.027 seconds
[2023-11-27T21:07:21.203-0300] {processor.py:157} INFO - Started process (PID=52322) to work on /home/marcos/anaconda3/envs/XPe-IGTI/lib/python3.8/site-packages/airflow/example_dags/plugins/listener_plugin.py
[2023-11-27T21:07:21.212-0300] {processor.py:829} INFO - Processing file /home/marcos/anaconda3/envs/XPe-IGTI/lib/python3.8/site-packages/airflow/example_dags/plugins/listener_plugin.py for tasks to queue
[2023-11-27T21:07:21.213-0300] {logging_mixin.py:154} INFO - [2023-11-27T21:07:21.213-0300] {dagbag.py:536} INFO - Filling up the DagBag from /home/marcos/anaconda3/envs/XPe-IGTI/lib/python3.8/site-packages/airflow/example_dags/plugins/listener_plugin.py
[2023-11-27T21:07:21.217-0300] {processor.py:841} WARNING - No viable dags retrieved from /home/marcos/anaconda3/envs/XPe-IGTI/lib/python3.8/site-packages/airflow/example_dags/plugins/listener_plugin.py
[2023-11-27T21:07:21.231-0300] {processor.py:179} INFO - Processing /home/marcos/anaconda3/envs/XPe-IGTI/lib/python3.8/site-packages/airflow/example_dags/plugins/listener_plugin.py took 0.032 seconds
[2023-11-27T21:07:59.849-0300] {processor.py:157} INFO - Started process (PID=52372) to work on /home/marcos/anaconda3/envs/XPe-IGTI/lib/python3.8/site-packages/airflow/example_dags/plugins/listener_plugin.py
[2023-11-27T21:07:59.853-0300] {processor.py:829} INFO - Processing file /home/marcos/anaconda3/envs/XPe-IGTI/lib/python3.8/site-packages/airflow/example_dags/plugins/listener_plugin.py for tasks to queue
[2023-11-27T21:07:59.854-0300] {logging_mixin.py:154} INFO - [2023-11-27T21:07:59.854-0300] {dagbag.py:536} INFO - Filling up the DagBag from /home/marcos/anaconda3/envs/XPe-IGTI/lib/python3.8/site-packages/airflow/example_dags/plugins/listener_plugin.py
[2023-11-27T21:07:59.859-0300] {processor.py:841} WARNING - No viable dags retrieved from /home/marcos/anaconda3/envs/XPe-IGTI/lib/python3.8/site-packages/airflow/example_dags/plugins/listener_plugin.py
[2023-11-27T21:07:59.873-0300] {processor.py:179} INFO - Processing /home/marcos/anaconda3/envs/XPe-IGTI/lib/python3.8/site-packages/airflow/example_dags/plugins/listener_plugin.py took 0.029 seconds
[2023-11-27T21:08:41.832-0300] {processor.py:157} INFO - Started process (PID=52424) to work on /home/marcos/anaconda3/envs/XPe-IGTI/lib/python3.8/site-packages/airflow/example_dags/plugins/listener_plugin.py
[2023-11-27T21:08:41.837-0300] {processor.py:829} INFO - Processing file /home/marcos/anaconda3/envs/XPe-IGTI/lib/python3.8/site-packages/airflow/example_dags/plugins/listener_plugin.py for tasks to queue
[2023-11-27T21:08:41.838-0300] {logging_mixin.py:154} INFO - [2023-11-27T21:08:41.838-0300] {dagbag.py:536} INFO - Filling up the DagBag from /home/marcos/anaconda3/envs/XPe-IGTI/lib/python3.8/site-packages/airflow/example_dags/plugins/listener_plugin.py
[2023-11-27T21:08:41.843-0300] {processor.py:841} WARNING - No viable dags retrieved from /home/marcos/anaconda3/envs/XPe-IGTI/lib/python3.8/site-packages/airflow/example_dags/plugins/listener_plugin.py
[2023-11-27T21:08:41.859-0300] {processor.py:179} INFO - Processing /home/marcos/anaconda3/envs/XPe-IGTI/lib/python3.8/site-packages/airflow/example_dags/plugins/listener_plugin.py took 0.031 seconds
[2023-11-27T21:09:26.899-0300] {processor.py:157} INFO - Started process (PID=52471) to work on /home/marcos/anaconda3/envs/XPe-IGTI/lib/python3.8/site-packages/airflow/example_dags/plugins/listener_plugin.py
[2023-11-27T21:09:26.904-0300] {processor.py:829} INFO - Processing file /home/marcos/anaconda3/envs/XPe-IGTI/lib/python3.8/site-packages/airflow/example_dags/plugins/listener_plugin.py for tasks to queue
[2023-11-27T21:09:26.905-0300] {logging_mixin.py:154} INFO - [2023-11-27T21:09:26.904-0300] {dagbag.py:536} INFO - Filling up the DagBag from /home/marcos/anaconda3/envs/XPe-IGTI/lib/python3.8/site-packages/airflow/example_dags/plugins/listener_plugin.py
[2023-11-27T21:09:26.909-0300] {processor.py:841} WARNING - No viable dags retrieved from /home/marcos/anaconda3/envs/XPe-IGTI/lib/python3.8/site-packages/airflow/example_dags/plugins/listener_plugin.py
[2023-11-27T21:09:26.922-0300] {processor.py:179} INFO - Processing /home/marcos/anaconda3/envs/XPe-IGTI/lib/python3.8/site-packages/airflow/example_dags/plugins/listener_plugin.py took 0.026 seconds
[2023-11-27T21:10:08.753-0300] {processor.py:157} INFO - Started process (PID=52523) to work on /home/marcos/anaconda3/envs/XPe-IGTI/lib/python3.8/site-packages/airflow/example_dags/plugins/listener_plugin.py
[2023-11-27T21:10:08.759-0300] {processor.py:829} INFO - Processing file /home/marcos/anaconda3/envs/XPe-IGTI/lib/python3.8/site-packages/airflow/example_dags/plugins/listener_plugin.py for tasks to queue
[2023-11-27T21:10:08.762-0300] {logging_mixin.py:154} INFO - [2023-11-27T21:10:08.760-0300] {dagbag.py:536} INFO - Filling up the DagBag from /home/marcos/anaconda3/envs/XPe-IGTI/lib/python3.8/site-packages/airflow/example_dags/plugins/listener_plugin.py
[2023-11-27T21:10:08.769-0300] {processor.py:841} WARNING - No viable dags retrieved from /home/marcos/anaconda3/envs/XPe-IGTI/lib/python3.8/site-packages/airflow/example_dags/plugins/listener_plugin.py
[2023-11-27T21:10:08.784-0300] {processor.py:179} INFO - Processing /home/marcos/anaconda3/envs/XPe-IGTI/lib/python3.8/site-packages/airflow/example_dags/plugins/listener_plugin.py took 0.041 seconds
[2023-11-27T21:10:52.552-0300] {processor.py:157} INFO - Started process (PID=52576) to work on /home/marcos/anaconda3/envs/XPe-IGTI/lib/python3.8/site-packages/airflow/example_dags/plugins/listener_plugin.py
[2023-11-27T21:10:52.557-0300] {processor.py:829} INFO - Processing file /home/marcos/anaconda3/envs/XPe-IGTI/lib/python3.8/site-packages/airflow/example_dags/plugins/listener_plugin.py for tasks to queue
[2023-11-27T21:10:52.560-0300] {logging_mixin.py:154} INFO - [2023-11-27T21:10:52.558-0300] {dagbag.py:536} INFO - Filling up the DagBag from /home/marcos/anaconda3/envs/XPe-IGTI/lib/python3.8/site-packages/airflow/example_dags/plugins/listener_plugin.py
[2023-11-27T21:10:52.568-0300] {processor.py:841} WARNING - No viable dags retrieved from /home/marcos/anaconda3/envs/XPe-IGTI/lib/python3.8/site-packages/airflow/example_dags/plugins/listener_plugin.py
[2023-11-27T21:10:52.587-0300] {processor.py:179} INFO - Processing /home/marcos/anaconda3/envs/XPe-IGTI/lib/python3.8/site-packages/airflow/example_dags/plugins/listener_plugin.py took 0.042 seconds
[2023-11-27T21:11:39.592-0300] {processor.py:157} INFO - Started process (PID=52632) to work on /home/marcos/anaconda3/envs/XPe-IGTI/lib/python3.8/site-packages/airflow/example_dags/plugins/listener_plugin.py
[2023-11-27T21:11:39.597-0300] {processor.py:829} INFO - Processing file /home/marcos/anaconda3/envs/XPe-IGTI/lib/python3.8/site-packages/airflow/example_dags/plugins/listener_plugin.py for tasks to queue
[2023-11-27T21:11:39.600-0300] {logging_mixin.py:154} INFO - [2023-11-27T21:11:39.599-0300] {dagbag.py:536} INFO - Filling up the DagBag from /home/marcos/anaconda3/envs/XPe-IGTI/lib/python3.8/site-packages/airflow/example_dags/plugins/listener_plugin.py
[2023-11-27T21:11:39.608-0300] {processor.py:841} WARNING - No viable dags retrieved from /home/marcos/anaconda3/envs/XPe-IGTI/lib/python3.8/site-packages/airflow/example_dags/plugins/listener_plugin.py
[2023-11-27T21:11:39.627-0300] {processor.py:179} INFO - Processing /home/marcos/anaconda3/envs/XPe-IGTI/lib/python3.8/site-packages/airflow/example_dags/plugins/listener_plugin.py took 0.039 seconds
[2023-11-27T21:12:23.772-0300] {processor.py:157} INFO - Started process (PID=52706) to work on /home/marcos/anaconda3/envs/XPe-IGTI/lib/python3.8/site-packages/airflow/example_dags/plugins/listener_plugin.py
[2023-11-27T21:12:23.777-0300] {processor.py:829} INFO - Processing file /home/marcos/anaconda3/envs/XPe-IGTI/lib/python3.8/site-packages/airflow/example_dags/plugins/listener_plugin.py for tasks to queue
[2023-11-27T21:12:23.778-0300] {logging_mixin.py:154} INFO - [2023-11-27T21:12:23.778-0300] {dagbag.py:536} INFO - Filling up the DagBag from /home/marcos/anaconda3/envs/XPe-IGTI/lib/python3.8/site-packages/airflow/example_dags/plugins/listener_plugin.py
[2023-11-27T21:12:23.783-0300] {processor.py:841} WARNING - No viable dags retrieved from /home/marcos/anaconda3/envs/XPe-IGTI/lib/python3.8/site-packages/airflow/example_dags/plugins/listener_plugin.py
[2023-11-27T21:12:23.798-0300] {processor.py:179} INFO - Processing /home/marcos/anaconda3/envs/XPe-IGTI/lib/python3.8/site-packages/airflow/example_dags/plugins/listener_plugin.py took 0.031 seconds
[2023-11-27T21:13:05.271-0300] {processor.py:157} INFO - Started process (PID=52757) to work on /home/marcos/anaconda3/envs/XPe-IGTI/lib/python3.8/site-packages/airflow/example_dags/plugins/listener_plugin.py
[2023-11-27T21:13:05.275-0300] {processor.py:829} INFO - Processing file /home/marcos/anaconda3/envs/XPe-IGTI/lib/python3.8/site-packages/airflow/example_dags/plugins/listener_plugin.py for tasks to queue
[2023-11-27T21:13:05.277-0300] {logging_mixin.py:154} INFO - [2023-11-27T21:13:05.276-0300] {dagbag.py:536} INFO - Filling up the DagBag from /home/marcos/anaconda3/envs/XPe-IGTI/lib/python3.8/site-packages/airflow/example_dags/plugins/listener_plugin.py
[2023-11-27T21:13:05.281-0300] {processor.py:841} WARNING - No viable dags retrieved from /home/marcos/anaconda3/envs/XPe-IGTI/lib/python3.8/site-packages/airflow/example_dags/plugins/listener_plugin.py
[2023-11-27T21:13:05.300-0300] {processor.py:179} INFO - Processing /home/marcos/anaconda3/envs/XPe-IGTI/lib/python3.8/site-packages/airflow/example_dags/plugins/listener_plugin.py took 0.034 seconds
[2023-11-27T21:13:42.254-0300] {processor.py:157} INFO - Started process (PID=52821) to work on /home/marcos/anaconda3/envs/XPe-IGTI/lib/python3.8/site-packages/airflow/example_dags/plugins/listener_plugin.py
[2023-11-27T21:13:42.258-0300] {processor.py:829} INFO - Processing file /home/marcos/anaconda3/envs/XPe-IGTI/lib/python3.8/site-packages/airflow/example_dags/plugins/listener_plugin.py for tasks to queue
[2023-11-27T21:13:42.259-0300] {logging_mixin.py:154} INFO - [2023-11-27T21:13:42.259-0300] {dagbag.py:536} INFO - Filling up the DagBag from /home/marcos/anaconda3/envs/XPe-IGTI/lib/python3.8/site-packages/airflow/example_dags/plugins/listener_plugin.py
[2023-11-27T21:13:42.263-0300] {processor.py:841} WARNING - No viable dags retrieved from /home/marcos/anaconda3/envs/XPe-IGTI/lib/python3.8/site-packages/airflow/example_dags/plugins/listener_plugin.py
[2023-11-27T21:13:42.281-0300] {processor.py:179} INFO - Processing /home/marcos/anaconda3/envs/XPe-IGTI/lib/python3.8/site-packages/airflow/example_dags/plugins/listener_plugin.py took 0.032 seconds
[2023-11-27T21:14:24.376-0300] {processor.py:157} INFO - Started process (PID=52895) to work on /home/marcos/anaconda3/envs/XPe-IGTI/lib/python3.8/site-packages/airflow/example_dags/plugins/listener_plugin.py
[2023-11-27T21:14:24.381-0300] {processor.py:829} INFO - Processing file /home/marcos/anaconda3/envs/XPe-IGTI/lib/python3.8/site-packages/airflow/example_dags/plugins/listener_plugin.py for tasks to queue
[2023-11-27T21:14:24.382-0300] {logging_mixin.py:154} INFO - [2023-11-27T21:14:24.381-0300] {dagbag.py:536} INFO - Filling up the DagBag from /home/marcos/anaconda3/envs/XPe-IGTI/lib/python3.8/site-packages/airflow/example_dags/plugins/listener_plugin.py
[2023-11-27T21:14:24.388-0300] {processor.py:841} WARNING - No viable dags retrieved from /home/marcos/anaconda3/envs/XPe-IGTI/lib/python3.8/site-packages/airflow/example_dags/plugins/listener_plugin.py
[2023-11-27T21:14:24.408-0300] {processor.py:179} INFO - Processing /home/marcos/anaconda3/envs/XPe-IGTI/lib/python3.8/site-packages/airflow/example_dags/plugins/listener_plugin.py took 0.038 seconds
[2023-11-27T21:15:11.195-0300] {processor.py:157} INFO - Started process (PID=52961) to work on /home/marcos/anaconda3/envs/XPe-IGTI/lib/python3.8/site-packages/airflow/example_dags/plugins/listener_plugin.py
[2023-11-27T21:15:11.200-0300] {processor.py:829} INFO - Processing file /home/marcos/anaconda3/envs/XPe-IGTI/lib/python3.8/site-packages/airflow/example_dags/plugins/listener_plugin.py for tasks to queue
[2023-11-27T21:15:11.201-0300] {logging_mixin.py:154} INFO - [2023-11-27T21:15:11.201-0300] {dagbag.py:536} INFO - Filling up the DagBag from /home/marcos/anaconda3/envs/XPe-IGTI/lib/python3.8/site-packages/airflow/example_dags/plugins/listener_plugin.py
[2023-11-27T21:15:11.206-0300] {processor.py:841} WARNING - No viable dags retrieved from /home/marcos/anaconda3/envs/XPe-IGTI/lib/python3.8/site-packages/airflow/example_dags/plugins/listener_plugin.py
[2023-11-27T21:15:11.222-0300] {processor.py:179} INFO - Processing /home/marcos/anaconda3/envs/XPe-IGTI/lib/python3.8/site-packages/airflow/example_dags/plugins/listener_plugin.py took 0.032 seconds
[2023-11-27T21:15:55.954-0300] {processor.py:157} INFO - Started process (PID=53014) to work on /home/marcos/anaconda3/envs/XPe-IGTI/lib/python3.8/site-packages/airflow/example_dags/plugins/listener_plugin.py
[2023-11-27T21:15:55.960-0300] {processor.py:829} INFO - Processing file /home/marcos/anaconda3/envs/XPe-IGTI/lib/python3.8/site-packages/airflow/example_dags/plugins/listener_plugin.py for tasks to queue
[2023-11-27T21:15:55.962-0300] {logging_mixin.py:154} INFO - [2023-11-27T21:15:55.961-0300] {dagbag.py:536} INFO - Filling up the DagBag from /home/marcos/anaconda3/envs/XPe-IGTI/lib/python3.8/site-packages/airflow/example_dags/plugins/listener_plugin.py
[2023-11-27T21:15:55.968-0300] {processor.py:841} WARNING - No viable dags retrieved from /home/marcos/anaconda3/envs/XPe-IGTI/lib/python3.8/site-packages/airflow/example_dags/plugins/listener_plugin.py
[2023-11-27T21:15:55.984-0300] {processor.py:179} INFO - Processing /home/marcos/anaconda3/envs/XPe-IGTI/lib/python3.8/site-packages/airflow/example_dags/plugins/listener_plugin.py took 0.037 seconds
[2023-11-27T21:16:42.680-0300] {processor.py:157} INFO - Started process (PID=53069) to work on /home/marcos/anaconda3/envs/XPe-IGTI/lib/python3.8/site-packages/airflow/example_dags/plugins/listener_plugin.py
[2023-11-27T21:16:42.685-0300] {processor.py:829} INFO - Processing file /home/marcos/anaconda3/envs/XPe-IGTI/lib/python3.8/site-packages/airflow/example_dags/plugins/listener_plugin.py for tasks to queue
[2023-11-27T21:16:42.687-0300] {logging_mixin.py:154} INFO - [2023-11-27T21:16:42.686-0300] {dagbag.py:536} INFO - Filling up the DagBag from /home/marcos/anaconda3/envs/XPe-IGTI/lib/python3.8/site-packages/airflow/example_dags/plugins/listener_plugin.py
[2023-11-27T21:16:42.691-0300] {processor.py:841} WARNING - No viable dags retrieved from /home/marcos/anaconda3/envs/XPe-IGTI/lib/python3.8/site-packages/airflow/example_dags/plugins/listener_plugin.py
[2023-11-27T21:16:42.708-0300] {processor.py:179} INFO - Processing /home/marcos/anaconda3/envs/XPe-IGTI/lib/python3.8/site-packages/airflow/example_dags/plugins/listener_plugin.py took 0.032 seconds
[2023-11-27T21:17:32.551-0300] {processor.py:157} INFO - Started process (PID=53152) to work on /home/marcos/anaconda3/envs/XPe-IGTI/lib/python3.8/site-packages/airflow/example_dags/plugins/listener_plugin.py
[2023-11-27T21:17:32.556-0300] {processor.py:829} INFO - Processing file /home/marcos/anaconda3/envs/XPe-IGTI/lib/python3.8/site-packages/airflow/example_dags/plugins/listener_plugin.py for tasks to queue
[2023-11-27T21:17:32.557-0300] {logging_mixin.py:154} INFO - [2023-11-27T21:17:32.556-0300] {dagbag.py:536} INFO - Filling up the DagBag from /home/marcos/anaconda3/envs/XPe-IGTI/lib/python3.8/site-packages/airflow/example_dags/plugins/listener_plugin.py
[2023-11-27T21:17:32.562-0300] {processor.py:841} WARNING - No viable dags retrieved from /home/marcos/anaconda3/envs/XPe-IGTI/lib/python3.8/site-packages/airflow/example_dags/plugins/listener_plugin.py
[2023-11-27T21:17:32.577-0300] {processor.py:179} INFO - Processing /home/marcos/anaconda3/envs/XPe-IGTI/lib/python3.8/site-packages/airflow/example_dags/plugins/listener_plugin.py took 0.032 seconds
[2023-11-27T21:18:19.911-0300] {processor.py:157} INFO - Started process (PID=53203) to work on /home/marcos/anaconda3/envs/XPe-IGTI/lib/python3.8/site-packages/airflow/example_dags/plugins/listener_plugin.py
[2023-11-27T21:18:19.915-0300] {processor.py:829} INFO - Processing file /home/marcos/anaconda3/envs/XPe-IGTI/lib/python3.8/site-packages/airflow/example_dags/plugins/listener_plugin.py for tasks to queue
[2023-11-27T21:18:19.917-0300] {logging_mixin.py:154} INFO - [2023-11-27T21:18:19.916-0300] {dagbag.py:536} INFO - Filling up the DagBag from /home/marcos/anaconda3/envs/XPe-IGTI/lib/python3.8/site-packages/airflow/example_dags/plugins/listener_plugin.py
[2023-11-27T21:18:19.921-0300] {processor.py:841} WARNING - No viable dags retrieved from /home/marcos/anaconda3/envs/XPe-IGTI/lib/python3.8/site-packages/airflow/example_dags/plugins/listener_plugin.py
[2023-11-27T21:18:19.936-0300] {processor.py:179} INFO - Processing /home/marcos/anaconda3/envs/XPe-IGTI/lib/python3.8/site-packages/airflow/example_dags/plugins/listener_plugin.py took 0.030 seconds
[2023-11-27T21:19:02.257-0300] {processor.py:157} INFO - Started process (PID=53258) to work on /home/marcos/anaconda3/envs/XPe-IGTI/lib/python3.8/site-packages/airflow/example_dags/plugins/listener_plugin.py
[2023-11-27T21:19:02.262-0300] {processor.py:829} INFO - Processing file /home/marcos/anaconda3/envs/XPe-IGTI/lib/python3.8/site-packages/airflow/example_dags/plugins/listener_plugin.py for tasks to queue
[2023-11-27T21:19:02.263-0300] {logging_mixin.py:154} INFO - [2023-11-27T21:19:02.262-0300] {dagbag.py:536} INFO - Filling up the DagBag from /home/marcos/anaconda3/envs/XPe-IGTI/lib/python3.8/site-packages/airflow/example_dags/plugins/listener_plugin.py
[2023-11-27T21:19:02.268-0300] {processor.py:841} WARNING - No viable dags retrieved from /home/marcos/anaconda3/envs/XPe-IGTI/lib/python3.8/site-packages/airflow/example_dags/plugins/listener_plugin.py
[2023-11-27T21:19:02.285-0300] {processor.py:179} INFO - Processing /home/marcos/anaconda3/envs/XPe-IGTI/lib/python3.8/site-packages/airflow/example_dags/plugins/listener_plugin.py took 0.032 seconds
[2023-11-27T21:19:46.796-0300] {processor.py:157} INFO - Started process (PID=53312) to work on /home/marcos/anaconda3/envs/XPe-IGTI/lib/python3.8/site-packages/airflow/example_dags/plugins/listener_plugin.py
[2023-11-27T21:19:46.801-0300] {processor.py:829} INFO - Processing file /home/marcos/anaconda3/envs/XPe-IGTI/lib/python3.8/site-packages/airflow/example_dags/plugins/listener_plugin.py for tasks to queue
[2023-11-27T21:19:46.805-0300] {logging_mixin.py:154} INFO - [2023-11-27T21:19:46.803-0300] {dagbag.py:536} INFO - Filling up the DagBag from /home/marcos/anaconda3/envs/XPe-IGTI/lib/python3.8/site-packages/airflow/example_dags/plugins/listener_plugin.py
[2023-11-27T21:19:46.813-0300] {processor.py:841} WARNING - No viable dags retrieved from /home/marcos/anaconda3/envs/XPe-IGTI/lib/python3.8/site-packages/airflow/example_dags/plugins/listener_plugin.py
[2023-11-27T21:19:46.831-0300] {processor.py:179} INFO - Processing /home/marcos/anaconda3/envs/XPe-IGTI/lib/python3.8/site-packages/airflow/example_dags/plugins/listener_plugin.py took 0.039 seconds
[2023-11-27T21:20:34.201-0300] {processor.py:157} INFO - Started process (PID=53368) to work on /home/marcos/anaconda3/envs/XPe-IGTI/lib/python3.8/site-packages/airflow/example_dags/plugins/listener_plugin.py
[2023-11-27T21:20:34.205-0300] {processor.py:829} INFO - Processing file /home/marcos/anaconda3/envs/XPe-IGTI/lib/python3.8/site-packages/airflow/example_dags/plugins/listener_plugin.py for tasks to queue
[2023-11-27T21:20:34.206-0300] {logging_mixin.py:154} INFO - [2023-11-27T21:20:34.206-0300] {dagbag.py:536} INFO - Filling up the DagBag from /home/marcos/anaconda3/envs/XPe-IGTI/lib/python3.8/site-packages/airflow/example_dags/plugins/listener_plugin.py
[2023-11-27T21:20:34.212-0300] {processor.py:841} WARNING - No viable dags retrieved from /home/marcos/anaconda3/envs/XPe-IGTI/lib/python3.8/site-packages/airflow/example_dags/plugins/listener_plugin.py
[2023-11-27T21:20:34.231-0300] {processor.py:179} INFO - Processing /home/marcos/anaconda3/envs/XPe-IGTI/lib/python3.8/site-packages/airflow/example_dags/plugins/listener_plugin.py took 0.035 seconds
[2023-11-27T21:21:17.649-0300] {processor.py:157} INFO - Started process (PID=53415) to work on /home/marcos/anaconda3/envs/XPe-IGTI/lib/python3.8/site-packages/airflow/example_dags/plugins/listener_plugin.py
[2023-11-27T21:21:17.654-0300] {processor.py:829} INFO - Processing file /home/marcos/anaconda3/envs/XPe-IGTI/lib/python3.8/site-packages/airflow/example_dags/plugins/listener_plugin.py for tasks to queue
[2023-11-27T21:21:17.655-0300] {logging_mixin.py:154} INFO - [2023-11-27T21:21:17.655-0300] {dagbag.py:536} INFO - Filling up the DagBag from /home/marcos/anaconda3/envs/XPe-IGTI/lib/python3.8/site-packages/airflow/example_dags/plugins/listener_plugin.py
[2023-11-27T21:21:17.659-0300] {processor.py:841} WARNING - No viable dags retrieved from /home/marcos/anaconda3/envs/XPe-IGTI/lib/python3.8/site-packages/airflow/example_dags/plugins/listener_plugin.py
[2023-11-27T21:21:17.677-0300] {processor.py:179} INFO - Processing /home/marcos/anaconda3/envs/XPe-IGTI/lib/python3.8/site-packages/airflow/example_dags/plugins/listener_plugin.py took 0.033 seconds
[2023-11-27T21:22:03.034-0300] {processor.py:157} INFO - Started process (PID=53489) to work on /home/marcos/anaconda3/envs/XPe-IGTI/lib/python3.8/site-packages/airflow/example_dags/plugins/listener_plugin.py
[2023-11-27T21:22:03.039-0300] {processor.py:829} INFO - Processing file /home/marcos/anaconda3/envs/XPe-IGTI/lib/python3.8/site-packages/airflow/example_dags/plugins/listener_plugin.py for tasks to queue
[2023-11-27T21:22:03.041-0300] {logging_mixin.py:154} INFO - [2023-11-27T21:22:03.040-0300] {dagbag.py:536} INFO - Filling up the DagBag from /home/marcos/anaconda3/envs/XPe-IGTI/lib/python3.8/site-packages/airflow/example_dags/plugins/listener_plugin.py
[2023-11-27T21:22:03.049-0300] {processor.py:841} WARNING - No viable dags retrieved from /home/marcos/anaconda3/envs/XPe-IGTI/lib/python3.8/site-packages/airflow/example_dags/plugins/listener_plugin.py
[2023-11-27T21:22:03.066-0300] {processor.py:179} INFO - Processing /home/marcos/anaconda3/envs/XPe-IGTI/lib/python3.8/site-packages/airflow/example_dags/plugins/listener_plugin.py took 0.040 seconds
[2023-11-27T21:22:42.883-0300] {processor.py:157} INFO - Started process (PID=53541) to work on /home/marcos/anaconda3/envs/XPe-IGTI/lib/python3.8/site-packages/airflow/example_dags/plugins/listener_plugin.py
[2023-11-27T21:22:42.889-0300] {processor.py:829} INFO - Processing file /home/marcos/anaconda3/envs/XPe-IGTI/lib/python3.8/site-packages/airflow/example_dags/plugins/listener_plugin.py for tasks to queue
[2023-11-27T21:22:42.891-0300] {logging_mixin.py:154} INFO - [2023-11-27T21:22:42.891-0300] {dagbag.py:536} INFO - Filling up the DagBag from /home/marcos/anaconda3/envs/XPe-IGTI/lib/python3.8/site-packages/airflow/example_dags/plugins/listener_plugin.py
[2023-11-27T21:22:42.896-0300] {processor.py:841} WARNING - No viable dags retrieved from /home/marcos/anaconda3/envs/XPe-IGTI/lib/python3.8/site-packages/airflow/example_dags/plugins/listener_plugin.py
[2023-11-27T21:22:42.914-0300] {processor.py:179} INFO - Processing /home/marcos/anaconda3/envs/XPe-IGTI/lib/python3.8/site-packages/airflow/example_dags/plugins/listener_plugin.py took 0.035 seconds
[2023-11-27T21:23:24.502-0300] {processor.py:157} INFO - Started process (PID=53587) to work on /home/marcos/anaconda3/envs/XPe-IGTI/lib/python3.8/site-packages/airflow/example_dags/plugins/listener_plugin.py
[2023-11-27T21:23:24.508-0300] {processor.py:829} INFO - Processing file /home/marcos/anaconda3/envs/XPe-IGTI/lib/python3.8/site-packages/airflow/example_dags/plugins/listener_plugin.py for tasks to queue
[2023-11-27T21:23:24.511-0300] {logging_mixin.py:154} INFO - [2023-11-27T21:23:24.510-0300] {dagbag.py:536} INFO - Filling up the DagBag from /home/marcos/anaconda3/envs/XPe-IGTI/lib/python3.8/site-packages/airflow/example_dags/plugins/listener_plugin.py
[2023-11-27T21:23:24.523-0300] {processor.py:841} WARNING - No viable dags retrieved from /home/marcos/anaconda3/envs/XPe-IGTI/lib/python3.8/site-packages/airflow/example_dags/plugins/listener_plugin.py
[2023-11-27T21:23:24.558-0300] {processor.py:179} INFO - Processing /home/marcos/anaconda3/envs/XPe-IGTI/lib/python3.8/site-packages/airflow/example_dags/plugins/listener_plugin.py took 0.072 seconds
[2023-11-27T21:24:07.252-0300] {processor.py:157} INFO - Started process (PID=53638) to work on /home/marcos/anaconda3/envs/XPe-IGTI/lib/python3.8/site-packages/airflow/example_dags/plugins/listener_plugin.py
[2023-11-27T21:24:07.256-0300] {processor.py:829} INFO - Processing file /home/marcos/anaconda3/envs/XPe-IGTI/lib/python3.8/site-packages/airflow/example_dags/plugins/listener_plugin.py for tasks to queue
[2023-11-27T21:24:07.260-0300] {logging_mixin.py:154} INFO - [2023-11-27T21:24:07.259-0300] {dagbag.py:536} INFO - Filling up the DagBag from /home/marcos/anaconda3/envs/XPe-IGTI/lib/python3.8/site-packages/airflow/example_dags/plugins/listener_plugin.py
[2023-11-27T21:24:07.271-0300] {processor.py:841} WARNING - No viable dags retrieved from /home/marcos/anaconda3/envs/XPe-IGTI/lib/python3.8/site-packages/airflow/example_dags/plugins/listener_plugin.py
[2023-11-27T21:24:07.313-0300] {processor.py:179} INFO - Processing /home/marcos/anaconda3/envs/XPe-IGTI/lib/python3.8/site-packages/airflow/example_dags/plugins/listener_plugin.py took 0.074 seconds
[2023-11-27T21:24:53.136-0300] {processor.py:157} INFO - Started process (PID=53703) to work on /home/marcos/anaconda3/envs/XPe-IGTI/lib/python3.8/site-packages/airflow/example_dags/plugins/listener_plugin.py
[2023-11-27T21:24:53.142-0300] {processor.py:829} INFO - Processing file /home/marcos/anaconda3/envs/XPe-IGTI/lib/python3.8/site-packages/airflow/example_dags/plugins/listener_plugin.py for tasks to queue
[2023-11-27T21:24:53.145-0300] {logging_mixin.py:154} INFO - [2023-11-27T21:24:53.143-0300] {dagbag.py:536} INFO - Filling up the DagBag from /home/marcos/anaconda3/envs/XPe-IGTI/lib/python3.8/site-packages/airflow/example_dags/plugins/listener_plugin.py
[2023-11-27T21:24:53.155-0300] {processor.py:841} WARNING - No viable dags retrieved from /home/marcos/anaconda3/envs/XPe-IGTI/lib/python3.8/site-packages/airflow/example_dags/plugins/listener_plugin.py
[2023-11-27T21:24:53.194-0300] {processor.py:179} INFO - Processing /home/marcos/anaconda3/envs/XPe-IGTI/lib/python3.8/site-packages/airflow/example_dags/plugins/listener_plugin.py took 0.069 seconds
[2023-11-27T21:25:43.221-0300] {processor.py:157} INFO - Started process (PID=53760) to work on /home/marcos/anaconda3/envs/XPe-IGTI/lib/python3.8/site-packages/airflow/example_dags/plugins/listener_plugin.py
[2023-11-27T21:25:43.225-0300] {processor.py:829} INFO - Processing file /home/marcos/anaconda3/envs/XPe-IGTI/lib/python3.8/site-packages/airflow/example_dags/plugins/listener_plugin.py for tasks to queue
[2023-11-27T21:25:43.227-0300] {logging_mixin.py:154} INFO - [2023-11-27T21:25:43.227-0300] {dagbag.py:536} INFO - Filling up the DagBag from /home/marcos/anaconda3/envs/XPe-IGTI/lib/python3.8/site-packages/airflow/example_dags/plugins/listener_plugin.py
[2023-11-27T21:25:43.234-0300] {processor.py:841} WARNING - No viable dags retrieved from /home/marcos/anaconda3/envs/XPe-IGTI/lib/python3.8/site-packages/airflow/example_dags/plugins/listener_plugin.py
[2023-11-27T21:25:43.254-0300] {processor.py:179} INFO - Processing /home/marcos/anaconda3/envs/XPe-IGTI/lib/python3.8/site-packages/airflow/example_dags/plugins/listener_plugin.py took 0.039 seconds
[2023-11-27T21:26:31.603-0300] {processor.py:157} INFO - Started process (PID=53821) to work on /home/marcos/anaconda3/envs/XPe-IGTI/lib/python3.8/site-packages/airflow/example_dags/plugins/listener_plugin.py
[2023-11-27T21:26:31.609-0300] {processor.py:829} INFO - Processing file /home/marcos/anaconda3/envs/XPe-IGTI/lib/python3.8/site-packages/airflow/example_dags/plugins/listener_plugin.py for tasks to queue
[2023-11-27T21:26:31.610-0300] {logging_mixin.py:154} INFO - [2023-11-27T21:26:31.610-0300] {dagbag.py:536} INFO - Filling up the DagBag from /home/marcos/anaconda3/envs/XPe-IGTI/lib/python3.8/site-packages/airflow/example_dags/plugins/listener_plugin.py
[2023-11-27T21:26:31.616-0300] {processor.py:841} WARNING - No viable dags retrieved from /home/marcos/anaconda3/envs/XPe-IGTI/lib/python3.8/site-packages/airflow/example_dags/plugins/listener_plugin.py
[2023-11-27T21:26:31.639-0300] {processor.py:179} INFO - Processing /home/marcos/anaconda3/envs/XPe-IGTI/lib/python3.8/site-packages/airflow/example_dags/plugins/listener_plugin.py took 0.042 seconds
[2023-11-27T21:27:18.716-0300] {processor.py:157} INFO - Started process (PID=53898) to work on /home/marcos/anaconda3/envs/XPe-IGTI/lib/python3.8/site-packages/airflow/example_dags/plugins/listener_plugin.py
[2023-11-27T21:27:18.719-0300] {processor.py:829} INFO - Processing file /home/marcos/anaconda3/envs/XPe-IGTI/lib/python3.8/site-packages/airflow/example_dags/plugins/listener_plugin.py for tasks to queue
[2023-11-27T21:27:18.720-0300] {logging_mixin.py:154} INFO - [2023-11-27T21:27:18.720-0300] {dagbag.py:536} INFO - Filling up the DagBag from /home/marcos/anaconda3/envs/XPe-IGTI/lib/python3.8/site-packages/airflow/example_dags/plugins/listener_plugin.py
[2023-11-27T21:27:18.724-0300] {processor.py:841} WARNING - No viable dags retrieved from /home/marcos/anaconda3/envs/XPe-IGTI/lib/python3.8/site-packages/airflow/example_dags/plugins/listener_plugin.py
[2023-11-27T21:27:18.741-0300] {processor.py:179} INFO - Processing /home/marcos/anaconda3/envs/XPe-IGTI/lib/python3.8/site-packages/airflow/example_dags/plugins/listener_plugin.py took 0.030 seconds
[2023-11-27T21:28:02.008-0300] {processor.py:157} INFO - Started process (PID=53953) to work on /home/marcos/anaconda3/envs/XPe-IGTI/lib/python3.8/site-packages/airflow/example_dags/plugins/listener_plugin.py
[2023-11-27T21:28:02.013-0300] {processor.py:829} INFO - Processing file /home/marcos/anaconda3/envs/XPe-IGTI/lib/python3.8/site-packages/airflow/example_dags/plugins/listener_plugin.py for tasks to queue
[2023-11-27T21:28:02.014-0300] {logging_mixin.py:154} INFO - [2023-11-27T21:28:02.013-0300] {dagbag.py:536} INFO - Filling up the DagBag from /home/marcos/anaconda3/envs/XPe-IGTI/lib/python3.8/site-packages/airflow/example_dags/plugins/listener_plugin.py
[2023-11-27T21:28:02.019-0300] {processor.py:841} WARNING - No viable dags retrieved from /home/marcos/anaconda3/envs/XPe-IGTI/lib/python3.8/site-packages/airflow/example_dags/plugins/listener_plugin.py
[2023-11-27T21:28:02.038-0300] {processor.py:179} INFO - Processing /home/marcos/anaconda3/envs/XPe-IGTI/lib/python3.8/site-packages/airflow/example_dags/plugins/listener_plugin.py took 0.034 seconds
[2023-11-27T21:28:45.240-0300] {processor.py:157} INFO - Started process (PID=54013) to work on /home/marcos/anaconda3/envs/XPe-IGTI/lib/python3.8/site-packages/airflow/example_dags/plugins/listener_plugin.py
[2023-11-27T21:28:45.244-0300] {processor.py:829} INFO - Processing file /home/marcos/anaconda3/envs/XPe-IGTI/lib/python3.8/site-packages/airflow/example_dags/plugins/listener_plugin.py for tasks to queue
[2023-11-27T21:28:45.245-0300] {logging_mixin.py:154} INFO - [2023-11-27T21:28:45.245-0300] {dagbag.py:536} INFO - Filling up the DagBag from /home/marcos/anaconda3/envs/XPe-IGTI/lib/python3.8/site-packages/airflow/example_dags/plugins/listener_plugin.py
[2023-11-27T21:28:45.249-0300] {processor.py:841} WARNING - No viable dags retrieved from /home/marcos/anaconda3/envs/XPe-IGTI/lib/python3.8/site-packages/airflow/example_dags/plugins/listener_plugin.py
[2023-11-27T21:28:45.265-0300] {processor.py:179} INFO - Processing /home/marcos/anaconda3/envs/XPe-IGTI/lib/python3.8/site-packages/airflow/example_dags/plugins/listener_plugin.py took 0.030 seconds
[2023-11-28T18:52:08.526-0300] {processor.py:157} INFO - Started process (PID=144579) to work on /home/marcos/anaconda3/envs/XPe-IGTI/lib/python3.8/site-packages/airflow/example_dags/plugins/listener_plugin.py
[2023-11-28T18:52:08.527-0300] {processor.py:829} INFO - Processing file /home/marcos/anaconda3/envs/XPe-IGTI/lib/python3.8/site-packages/airflow/example_dags/plugins/listener_plugin.py for tasks to queue
[2023-11-28T18:52:08.528-0300] {logging_mixin.py:154} INFO - [2023-11-28T18:52:08.528-0300] {dagbag.py:536} INFO - Filling up the DagBag from /home/marcos/anaconda3/envs/XPe-IGTI/lib/python3.8/site-packages/airflow/example_dags/plugins/listener_plugin.py
[2023-11-28T18:52:08.531-0300] {processor.py:841} WARNING - No viable dags retrieved from /home/marcos/anaconda3/envs/XPe-IGTI/lib/python3.8/site-packages/airflow/example_dags/plugins/listener_plugin.py
[2023-11-28T18:52:08.542-0300] {processor.py:179} INFO - Processing /home/marcos/anaconda3/envs/XPe-IGTI/lib/python3.8/site-packages/airflow/example_dags/plugins/listener_plugin.py took 0.019 seconds
[2023-11-28T18:52:58.184-0300] {processor.py:157} INFO - Started process (PID=144682) to work on /home/marcos/anaconda3/envs/XPe-IGTI/lib/python3.8/site-packages/airflow/example_dags/plugins/listener_plugin.py
[2023-11-28T18:52:58.193-0300] {processor.py:829} INFO - Processing file /home/marcos/anaconda3/envs/XPe-IGTI/lib/python3.8/site-packages/airflow/example_dags/plugins/listener_plugin.py for tasks to queue
[2023-11-28T18:52:58.196-0300] {logging_mixin.py:154} INFO - [2023-11-28T18:52:58.195-0300] {dagbag.py:536} INFO - Filling up the DagBag from /home/marcos/anaconda3/envs/XPe-IGTI/lib/python3.8/site-packages/airflow/example_dags/plugins/listener_plugin.py
[2023-11-28T18:52:58.202-0300] {processor.py:841} WARNING - No viable dags retrieved from /home/marcos/anaconda3/envs/XPe-IGTI/lib/python3.8/site-packages/airflow/example_dags/plugins/listener_plugin.py
[2023-11-28T18:52:58.217-0300] {processor.py:179} INFO - Processing /home/marcos/anaconda3/envs/XPe-IGTI/lib/python3.8/site-packages/airflow/example_dags/plugins/listener_plugin.py took 0.043 seconds
[2023-11-28T18:53:34.410-0300] {processor.py:157} INFO - Started process (PID=144735) to work on /home/marcos/anaconda3/envs/XPe-IGTI/lib/python3.8/site-packages/airflow/example_dags/plugins/listener_plugin.py
[2023-11-28T18:53:34.414-0300] {processor.py:829} INFO - Processing file /home/marcos/anaconda3/envs/XPe-IGTI/lib/python3.8/site-packages/airflow/example_dags/plugins/listener_plugin.py for tasks to queue
[2023-11-28T18:53:34.415-0300] {logging_mixin.py:154} INFO - [2023-11-28T18:53:34.415-0300] {dagbag.py:536} INFO - Filling up the DagBag from /home/marcos/anaconda3/envs/XPe-IGTI/lib/python3.8/site-packages/airflow/example_dags/plugins/listener_plugin.py
[2023-11-28T18:53:34.418-0300] {processor.py:841} WARNING - No viable dags retrieved from /home/marcos/anaconda3/envs/XPe-IGTI/lib/python3.8/site-packages/airflow/example_dags/plugins/listener_plugin.py
[2023-11-28T18:53:34.428-0300] {processor.py:179} INFO - Processing /home/marcos/anaconda3/envs/XPe-IGTI/lib/python3.8/site-packages/airflow/example_dags/plugins/listener_plugin.py took 0.021 seconds
[2023-11-28T18:54:10.442-0300] {processor.py:157} INFO - Started process (PID=145082) to work on /home/marcos/anaconda3/envs/XPe-IGTI/lib/python3.8/site-packages/airflow/example_dags/plugins/listener_plugin.py
[2023-11-28T18:54:10.444-0300] {processor.py:829} INFO - Processing file /home/marcos/anaconda3/envs/XPe-IGTI/lib/python3.8/site-packages/airflow/example_dags/plugins/listener_plugin.py for tasks to queue
[2023-11-28T18:54:10.446-0300] {logging_mixin.py:154} INFO - [2023-11-28T18:54:10.445-0300] {dagbag.py:536} INFO - Filling up the DagBag from /home/marcos/anaconda3/envs/XPe-IGTI/lib/python3.8/site-packages/airflow/example_dags/plugins/listener_plugin.py
[2023-11-28T18:54:10.453-0300] {processor.py:841} WARNING - No viable dags retrieved from /home/marcos/anaconda3/envs/XPe-IGTI/lib/python3.8/site-packages/airflow/example_dags/plugins/listener_plugin.py
[2023-11-28T18:54:10.478-0300] {processor.py:179} INFO - Processing /home/marcos/anaconda3/envs/XPe-IGTI/lib/python3.8/site-packages/airflow/example_dags/plugins/listener_plugin.py took 0.052 seconds
[2023-11-28T18:54:52.833-0300] {processor.py:157} INFO - Started process (PID=145306) to work on /home/marcos/anaconda3/envs/XPe-IGTI/lib/python3.8/site-packages/airflow/example_dags/plugins/listener_plugin.py
[2023-11-28T18:54:52.837-0300] {processor.py:829} INFO - Processing file /home/marcos/anaconda3/envs/XPe-IGTI/lib/python3.8/site-packages/airflow/example_dags/plugins/listener_plugin.py for tasks to queue
[2023-11-28T18:54:52.838-0300] {logging_mixin.py:154} INFO - [2023-11-28T18:54:52.838-0300] {dagbag.py:536} INFO - Filling up the DagBag from /home/marcos/anaconda3/envs/XPe-IGTI/lib/python3.8/site-packages/airflow/example_dags/plugins/listener_plugin.py
[2023-11-28T18:54:52.840-0300] {processor.py:841} WARNING - No viable dags retrieved from /home/marcos/anaconda3/envs/XPe-IGTI/lib/python3.8/site-packages/airflow/example_dags/plugins/listener_plugin.py
[2023-11-28T18:54:52.848-0300] {processor.py:179} INFO - Processing /home/marcos/anaconda3/envs/XPe-IGTI/lib/python3.8/site-packages/airflow/example_dags/plugins/listener_plugin.py took 0.018 seconds
[2023-11-28T18:55:35.461-0300] {processor.py:157} INFO - Started process (PID=145382) to work on /home/marcos/anaconda3/envs/XPe-IGTI/lib/python3.8/site-packages/airflow/example_dags/plugins/listener_plugin.py
[2023-11-28T18:55:35.466-0300] {processor.py:829} INFO - Processing file /home/marcos/anaconda3/envs/XPe-IGTI/lib/python3.8/site-packages/airflow/example_dags/plugins/listener_plugin.py for tasks to queue
[2023-11-28T18:55:35.468-0300] {logging_mixin.py:154} INFO - [2023-11-28T18:55:35.468-0300] {dagbag.py:536} INFO - Filling up the DagBag from /home/marcos/anaconda3/envs/XPe-IGTI/lib/python3.8/site-packages/airflow/example_dags/plugins/listener_plugin.py
[2023-11-28T18:55:35.474-0300] {processor.py:841} WARNING - No viable dags retrieved from /home/marcos/anaconda3/envs/XPe-IGTI/lib/python3.8/site-packages/airflow/example_dags/plugins/listener_plugin.py
[2023-11-28T18:55:35.490-0300] {processor.py:179} INFO - Processing /home/marcos/anaconda3/envs/XPe-IGTI/lib/python3.8/site-packages/airflow/example_dags/plugins/listener_plugin.py took 0.035 seconds
[2023-11-28T18:56:13.875-0300] {processor.py:157} INFO - Started process (PID=145437) to work on /home/marcos/anaconda3/envs/XPe-IGTI/lib/python3.8/site-packages/airflow/example_dags/plugins/listener_plugin.py
[2023-11-28T18:56:13.879-0300] {processor.py:829} INFO - Processing file /home/marcos/anaconda3/envs/XPe-IGTI/lib/python3.8/site-packages/airflow/example_dags/plugins/listener_plugin.py for tasks to queue
[2023-11-28T18:56:13.880-0300] {logging_mixin.py:154} INFO - [2023-11-28T18:56:13.879-0300] {dagbag.py:536} INFO - Filling up the DagBag from /home/marcos/anaconda3/envs/XPe-IGTI/lib/python3.8/site-packages/airflow/example_dags/plugins/listener_plugin.py
[2023-11-28T18:56:13.883-0300] {processor.py:841} WARNING - No viable dags retrieved from /home/marcos/anaconda3/envs/XPe-IGTI/lib/python3.8/site-packages/airflow/example_dags/plugins/listener_plugin.py
[2023-11-28T18:56:13.894-0300] {processor.py:179} INFO - Processing /home/marcos/anaconda3/envs/XPe-IGTI/lib/python3.8/site-packages/airflow/example_dags/plugins/listener_plugin.py took 0.023 seconds
[2023-11-28T18:56:51.267-0300] {processor.py:157} INFO - Started process (PID=145524) to work on /home/marcos/anaconda3/envs/XPe-IGTI/lib/python3.8/site-packages/airflow/example_dags/plugins/listener_plugin.py
[2023-11-28T18:56:51.273-0300] {processor.py:829} INFO - Processing file /home/marcos/anaconda3/envs/XPe-IGTI/lib/python3.8/site-packages/airflow/example_dags/plugins/listener_plugin.py for tasks to queue
[2023-11-28T18:56:51.275-0300] {logging_mixin.py:154} INFO - [2023-11-28T18:56:51.274-0300] {dagbag.py:536} INFO - Filling up the DagBag from /home/marcos/anaconda3/envs/XPe-IGTI/lib/python3.8/site-packages/airflow/example_dags/plugins/listener_plugin.py
[2023-11-28T18:56:51.283-0300] {processor.py:841} WARNING - No viable dags retrieved from /home/marcos/anaconda3/envs/XPe-IGTI/lib/python3.8/site-packages/airflow/example_dags/plugins/listener_plugin.py
[2023-11-28T18:56:51.298-0300] {processor.py:179} INFO - Processing /home/marcos/anaconda3/envs/XPe-IGTI/lib/python3.8/site-packages/airflow/example_dags/plugins/listener_plugin.py took 0.041 seconds
[2023-11-28T18:57:26.510-0300] {processor.py:157} INFO - Started process (PID=145604) to work on /home/marcos/anaconda3/envs/XPe-IGTI/lib/python3.8/site-packages/airflow/example_dags/plugins/listener_plugin.py
[2023-11-28T18:57:26.512-0300] {processor.py:829} INFO - Processing file /home/marcos/anaconda3/envs/XPe-IGTI/lib/python3.8/site-packages/airflow/example_dags/plugins/listener_plugin.py for tasks to queue
[2023-11-28T18:57:26.513-0300] {logging_mixin.py:154} INFO - [2023-11-28T18:57:26.512-0300] {dagbag.py:536} INFO - Filling up the DagBag from /home/marcos/anaconda3/envs/XPe-IGTI/lib/python3.8/site-packages/airflow/example_dags/plugins/listener_plugin.py
[2023-11-28T18:57:26.516-0300] {processor.py:841} WARNING - No viable dags retrieved from /home/marcos/anaconda3/envs/XPe-IGTI/lib/python3.8/site-packages/airflow/example_dags/plugins/listener_plugin.py
[2023-11-28T18:57:26.531-0300] {processor.py:179} INFO - Processing /home/marcos/anaconda3/envs/XPe-IGTI/lib/python3.8/site-packages/airflow/example_dags/plugins/listener_plugin.py took 0.025 seconds
[2023-11-28T18:58:02.520-0300] {processor.py:157} INFO - Started process (PID=145668) to work on /home/marcos/anaconda3/envs/XPe-IGTI/lib/python3.8/site-packages/airflow/example_dags/plugins/listener_plugin.py
[2023-11-28T18:58:02.522-0300] {processor.py:829} INFO - Processing file /home/marcos/anaconda3/envs/XPe-IGTI/lib/python3.8/site-packages/airflow/example_dags/plugins/listener_plugin.py for tasks to queue
[2023-11-28T18:58:02.522-0300] {logging_mixin.py:154} INFO - [2023-11-28T18:58:02.522-0300] {dagbag.py:536} INFO - Filling up the DagBag from /home/marcos/anaconda3/envs/XPe-IGTI/lib/python3.8/site-packages/airflow/example_dags/plugins/listener_plugin.py
[2023-11-28T18:58:02.524-0300] {processor.py:841} WARNING - No viable dags retrieved from /home/marcos/anaconda3/envs/XPe-IGTI/lib/python3.8/site-packages/airflow/example_dags/plugins/listener_plugin.py
[2023-11-28T18:58:02.532-0300] {processor.py:179} INFO - Processing /home/marcos/anaconda3/envs/XPe-IGTI/lib/python3.8/site-packages/airflow/example_dags/plugins/listener_plugin.py took 0.013 seconds
[2023-11-28T18:58:40.496-0300] {processor.py:157} INFO - Started process (PID=145717) to work on /home/marcos/anaconda3/envs/XPe-IGTI/lib/python3.8/site-packages/airflow/example_dags/plugins/listener_plugin.py
[2023-11-28T18:58:40.501-0300] {processor.py:829} INFO - Processing file /home/marcos/anaconda3/envs/XPe-IGTI/lib/python3.8/site-packages/airflow/example_dags/plugins/listener_plugin.py for tasks to queue
[2023-11-28T18:58:40.503-0300] {logging_mixin.py:154} INFO - [2023-11-28T18:58:40.502-0300] {dagbag.py:536} INFO - Filling up the DagBag from /home/marcos/anaconda3/envs/XPe-IGTI/lib/python3.8/site-packages/airflow/example_dags/plugins/listener_plugin.py
[2023-11-28T18:58:40.509-0300] {processor.py:841} WARNING - No viable dags retrieved from /home/marcos/anaconda3/envs/XPe-IGTI/lib/python3.8/site-packages/airflow/example_dags/plugins/listener_plugin.py
[2023-11-28T18:58:40.525-0300] {processor.py:179} INFO - Processing /home/marcos/anaconda3/envs/XPe-IGTI/lib/python3.8/site-packages/airflow/example_dags/plugins/listener_plugin.py took 0.037 seconds
[2023-11-28T18:59:21.116-0300] {processor.py:157} INFO - Started process (PID=145773) to work on /home/marcos/anaconda3/envs/XPe-IGTI/lib/python3.8/site-packages/airflow/example_dags/plugins/listener_plugin.py
[2023-11-28T18:59:21.120-0300] {processor.py:829} INFO - Processing file /home/marcos/anaconda3/envs/XPe-IGTI/lib/python3.8/site-packages/airflow/example_dags/plugins/listener_plugin.py for tasks to queue
[2023-11-28T18:59:21.121-0300] {logging_mixin.py:154} INFO - [2023-11-28T18:59:21.121-0300] {dagbag.py:536} INFO - Filling up the DagBag from /home/marcos/anaconda3/envs/XPe-IGTI/lib/python3.8/site-packages/airflow/example_dags/plugins/listener_plugin.py
[2023-11-28T18:59:21.125-0300] {processor.py:841} WARNING - No viable dags retrieved from /home/marcos/anaconda3/envs/XPe-IGTI/lib/python3.8/site-packages/airflow/example_dags/plugins/listener_plugin.py
[2023-11-28T18:59:21.138-0300] {processor.py:179} INFO - Processing /home/marcos/anaconda3/envs/XPe-IGTI/lib/python3.8/site-packages/airflow/example_dags/plugins/listener_plugin.py took 0.026 seconds
[2023-11-28T19:00:01.196-0300] {processor.py:157} INFO - Started process (PID=145848) to work on /home/marcos/anaconda3/envs/XPe-IGTI/lib/python3.8/site-packages/airflow/example_dags/plugins/listener_plugin.py
[2023-11-28T19:00:01.201-0300] {processor.py:829} INFO - Processing file /home/marcos/anaconda3/envs/XPe-IGTI/lib/python3.8/site-packages/airflow/example_dags/plugins/listener_plugin.py for tasks to queue
[2023-11-28T19:00:01.201-0300] {logging_mixin.py:154} INFO - [2023-11-28T19:00:01.201-0300] {dagbag.py:536} INFO - Filling up the DagBag from /home/marcos/anaconda3/envs/XPe-IGTI/lib/python3.8/site-packages/airflow/example_dags/plugins/listener_plugin.py
[2023-11-28T19:00:01.204-0300] {processor.py:841} WARNING - No viable dags retrieved from /home/marcos/anaconda3/envs/XPe-IGTI/lib/python3.8/site-packages/airflow/example_dags/plugins/listener_plugin.py
[2023-11-28T19:00:01.212-0300] {processor.py:179} INFO - Processing /home/marcos/anaconda3/envs/XPe-IGTI/lib/python3.8/site-packages/airflow/example_dags/plugins/listener_plugin.py took 0.018 seconds
[2023-11-28T19:00:34.636-0300] {processor.py:157} INFO - Started process (PID=145902) to work on /home/marcos/anaconda3/envs/XPe-IGTI/lib/python3.8/site-packages/airflow/example_dags/plugins/listener_plugin.py
[2023-11-28T19:00:34.640-0300] {processor.py:829} INFO - Processing file /home/marcos/anaconda3/envs/XPe-IGTI/lib/python3.8/site-packages/airflow/example_dags/plugins/listener_plugin.py for tasks to queue
[2023-11-28T19:00:34.641-0300] {logging_mixin.py:154} INFO - [2023-11-28T19:00:34.641-0300] {dagbag.py:536} INFO - Filling up the DagBag from /home/marcos/anaconda3/envs/XPe-IGTI/lib/python3.8/site-packages/airflow/example_dags/plugins/listener_plugin.py
[2023-11-28T19:00:34.646-0300] {processor.py:841} WARNING - No viable dags retrieved from /home/marcos/anaconda3/envs/XPe-IGTI/lib/python3.8/site-packages/airflow/example_dags/plugins/listener_plugin.py
[2023-11-28T19:00:34.660-0300] {processor.py:179} INFO - Processing /home/marcos/anaconda3/envs/XPe-IGTI/lib/python3.8/site-packages/airflow/example_dags/plugins/listener_plugin.py took 0.027 seconds
[2023-11-28T19:01:09.498-0300] {processor.py:157} INFO - Started process (PID=145952) to work on /home/marcos/anaconda3/envs/XPe-IGTI/lib/python3.8/site-packages/airflow/example_dags/plugins/listener_plugin.py
[2023-11-28T19:01:09.499-0300] {processor.py:829} INFO - Processing file /home/marcos/anaconda3/envs/XPe-IGTI/lib/python3.8/site-packages/airflow/example_dags/plugins/listener_plugin.py for tasks to queue
[2023-11-28T19:01:09.500-0300] {logging_mixin.py:154} INFO - [2023-11-28T19:01:09.500-0300] {dagbag.py:536} INFO - Filling up the DagBag from /home/marcos/anaconda3/envs/XPe-IGTI/lib/python3.8/site-packages/airflow/example_dags/plugins/listener_plugin.py
[2023-11-28T19:01:09.503-0300] {processor.py:841} WARNING - No viable dags retrieved from /home/marcos/anaconda3/envs/XPe-IGTI/lib/python3.8/site-packages/airflow/example_dags/plugins/listener_plugin.py
[2023-11-28T19:01:09.513-0300] {processor.py:179} INFO - Processing /home/marcos/anaconda3/envs/XPe-IGTI/lib/python3.8/site-packages/airflow/example_dags/plugins/listener_plugin.py took 0.018 seconds
[2023-11-28T19:01:49.455-0300] {processor.py:157} INFO - Started process (PID=146071) to work on /home/marcos/anaconda3/envs/XPe-IGTI/lib/python3.8/site-packages/airflow/example_dags/plugins/listener_plugin.py
[2023-11-28T19:01:49.459-0300] {processor.py:829} INFO - Processing file /home/marcos/anaconda3/envs/XPe-IGTI/lib/python3.8/site-packages/airflow/example_dags/plugins/listener_plugin.py for tasks to queue
[2023-11-28T19:01:49.461-0300] {logging_mixin.py:154} INFO - [2023-11-28T19:01:49.460-0300] {dagbag.py:536} INFO - Filling up the DagBag from /home/marcos/anaconda3/envs/XPe-IGTI/lib/python3.8/site-packages/airflow/example_dags/plugins/listener_plugin.py
[2023-11-28T19:01:49.465-0300] {processor.py:841} WARNING - No viable dags retrieved from /home/marcos/anaconda3/envs/XPe-IGTI/lib/python3.8/site-packages/airflow/example_dags/plugins/listener_plugin.py
[2023-11-28T19:01:49.483-0300] {processor.py:179} INFO - Processing /home/marcos/anaconda3/envs/XPe-IGTI/lib/python3.8/site-packages/airflow/example_dags/plugins/listener_plugin.py took 0.033 seconds
[2023-11-28T19:02:29.228-0300] {processor.py:157} INFO - Started process (PID=146135) to work on /home/marcos/anaconda3/envs/XPe-IGTI/lib/python3.8/site-packages/airflow/example_dags/plugins/listener_plugin.py
[2023-11-28T19:02:29.232-0300] {processor.py:829} INFO - Processing file /home/marcos/anaconda3/envs/XPe-IGTI/lib/python3.8/site-packages/airflow/example_dags/plugins/listener_plugin.py for tasks to queue
[2023-11-28T19:02:29.233-0300] {logging_mixin.py:154} INFO - [2023-11-28T19:02:29.233-0300] {dagbag.py:536} INFO - Filling up the DagBag from /home/marcos/anaconda3/envs/XPe-IGTI/lib/python3.8/site-packages/airflow/example_dags/plugins/listener_plugin.py
[2023-11-28T19:02:29.236-0300] {processor.py:841} WARNING - No viable dags retrieved from /home/marcos/anaconda3/envs/XPe-IGTI/lib/python3.8/site-packages/airflow/example_dags/plugins/listener_plugin.py
[2023-11-28T19:02:29.247-0300] {processor.py:179} INFO - Processing /home/marcos/anaconda3/envs/XPe-IGTI/lib/python3.8/site-packages/airflow/example_dags/plugins/listener_plugin.py took 0.022 seconds
[2023-11-28T19:03:05.638-0300] {processor.py:157} INFO - Started process (PID=146207) to work on /home/marcos/anaconda3/envs/XPe-IGTI/lib/python3.8/site-packages/airflow/example_dags/plugins/listener_plugin.py
[2023-11-28T19:03:05.643-0300] {processor.py:829} INFO - Processing file /home/marcos/anaconda3/envs/XPe-IGTI/lib/python3.8/site-packages/airflow/example_dags/plugins/listener_plugin.py for tasks to queue
[2023-11-28T19:03:05.646-0300] {logging_mixin.py:154} INFO - [2023-11-28T19:03:05.645-0300] {dagbag.py:536} INFO - Filling up the DagBag from /home/marcos/anaconda3/envs/XPe-IGTI/lib/python3.8/site-packages/airflow/example_dags/plugins/listener_plugin.py
[2023-11-28T19:03:05.655-0300] {processor.py:841} WARNING - No viable dags retrieved from /home/marcos/anaconda3/envs/XPe-IGTI/lib/python3.8/site-packages/airflow/example_dags/plugins/listener_plugin.py
[2023-11-28T19:03:05.671-0300] {processor.py:179} INFO - Processing /home/marcos/anaconda3/envs/XPe-IGTI/lib/python3.8/site-packages/airflow/example_dags/plugins/listener_plugin.py took 0.041 seconds
[2023-11-28T19:03:45.182-0300] {processor.py:157} INFO - Started process (PID=146290) to work on /home/marcos/anaconda3/envs/XPe-IGTI/lib/python3.8/site-packages/airflow/example_dags/plugins/listener_plugin.py
[2023-11-28T19:03:45.186-0300] {processor.py:829} INFO - Processing file /home/marcos/anaconda3/envs/XPe-IGTI/lib/python3.8/site-packages/airflow/example_dags/plugins/listener_plugin.py for tasks to queue
[2023-11-28T19:03:45.188-0300] {logging_mixin.py:154} INFO - [2023-11-28T19:03:45.187-0300] {dagbag.py:536} INFO - Filling up the DagBag from /home/marcos/anaconda3/envs/XPe-IGTI/lib/python3.8/site-packages/airflow/example_dags/plugins/listener_plugin.py
[2023-11-28T19:03:45.192-0300] {processor.py:841} WARNING - No viable dags retrieved from /home/marcos/anaconda3/envs/XPe-IGTI/lib/python3.8/site-packages/airflow/example_dags/plugins/listener_plugin.py
[2023-11-28T19:03:45.206-0300] {processor.py:179} INFO - Processing /home/marcos/anaconda3/envs/XPe-IGTI/lib/python3.8/site-packages/airflow/example_dags/plugins/listener_plugin.py took 0.028 seconds
[2023-11-28T19:04:34.270-0300] {processor.py:157} INFO - Started process (PID=146371) to work on /home/marcos/anaconda3/envs/XPe-IGTI/lib/python3.8/site-packages/airflow/example_dags/plugins/listener_plugin.py
[2023-11-28T19:04:34.275-0300] {processor.py:829} INFO - Processing file /home/marcos/anaconda3/envs/XPe-IGTI/lib/python3.8/site-packages/airflow/example_dags/plugins/listener_plugin.py for tasks to queue
[2023-11-28T19:04:34.277-0300] {logging_mixin.py:154} INFO - [2023-11-28T19:04:34.276-0300] {dagbag.py:536} INFO - Filling up the DagBag from /home/marcos/anaconda3/envs/XPe-IGTI/lib/python3.8/site-packages/airflow/example_dags/plugins/listener_plugin.py
[2023-11-28T19:04:34.283-0300] {processor.py:841} WARNING - No viable dags retrieved from /home/marcos/anaconda3/envs/XPe-IGTI/lib/python3.8/site-packages/airflow/example_dags/plugins/listener_plugin.py
[2023-11-28T19:04:34.303-0300] {processor.py:179} INFO - Processing /home/marcos/anaconda3/envs/XPe-IGTI/lib/python3.8/site-packages/airflow/example_dags/plugins/listener_plugin.py took 0.039 seconds
[2023-11-28T19:05:25.471-0300] {processor.py:157} INFO - Started process (PID=146453) to work on /home/marcos/anaconda3/envs/XPe-IGTI/lib/python3.8/site-packages/airflow/example_dags/plugins/listener_plugin.py
[2023-11-28T19:05:25.475-0300] {processor.py:829} INFO - Processing file /home/marcos/anaconda3/envs/XPe-IGTI/lib/python3.8/site-packages/airflow/example_dags/plugins/listener_plugin.py for tasks to queue
[2023-11-28T19:05:25.477-0300] {logging_mixin.py:154} INFO - [2023-11-28T19:05:25.477-0300] {dagbag.py:536} INFO - Filling up the DagBag from /home/marcos/anaconda3/envs/XPe-IGTI/lib/python3.8/site-packages/airflow/example_dags/plugins/listener_plugin.py
[2023-11-28T19:05:25.481-0300] {processor.py:841} WARNING - No viable dags retrieved from /home/marcos/anaconda3/envs/XPe-IGTI/lib/python3.8/site-packages/airflow/example_dags/plugins/listener_plugin.py
[2023-11-28T19:05:25.497-0300] {processor.py:179} INFO - Processing /home/marcos/anaconda3/envs/XPe-IGTI/lib/python3.8/site-packages/airflow/example_dags/plugins/listener_plugin.py took 0.030 seconds
[2023-11-28T19:06:17.856-0300] {processor.py:157} INFO - Started process (PID=146553) to work on /home/marcos/anaconda3/envs/XPe-IGTI/lib/python3.8/site-packages/airflow/example_dags/plugins/listener_plugin.py
[2023-11-28T19:06:17.861-0300] {processor.py:829} INFO - Processing file /home/marcos/anaconda3/envs/XPe-IGTI/lib/python3.8/site-packages/airflow/example_dags/plugins/listener_plugin.py for tasks to queue
[2023-11-28T19:06:17.865-0300] {logging_mixin.py:154} INFO - [2023-11-28T19:06:17.865-0300] {dagbag.py:536} INFO - Filling up the DagBag from /home/marcos/anaconda3/envs/XPe-IGTI/lib/python3.8/site-packages/airflow/example_dags/plugins/listener_plugin.py
[2023-11-28T19:06:17.870-0300] {processor.py:841} WARNING - No viable dags retrieved from /home/marcos/anaconda3/envs/XPe-IGTI/lib/python3.8/site-packages/airflow/example_dags/plugins/listener_plugin.py
[2023-11-28T19:06:17.889-0300] {processor.py:179} INFO - Processing /home/marcos/anaconda3/envs/XPe-IGTI/lib/python3.8/site-packages/airflow/example_dags/plugins/listener_plugin.py took 0.038 seconds
[2023-11-28T19:07:02.347-0300] {processor.py:157} INFO - Started process (PID=146624) to work on /home/marcos/anaconda3/envs/XPe-IGTI/lib/python3.8/site-packages/airflow/example_dags/plugins/listener_plugin.py
[2023-11-28T19:07:02.353-0300] {processor.py:829} INFO - Processing file /home/marcos/anaconda3/envs/XPe-IGTI/lib/python3.8/site-packages/airflow/example_dags/plugins/listener_plugin.py for tasks to queue
[2023-11-28T19:07:02.364-0300] {logging_mixin.py:154} INFO - [2023-11-28T19:07:02.363-0300] {dagbag.py:536} INFO - Filling up the DagBag from /home/marcos/anaconda3/envs/XPe-IGTI/lib/python3.8/site-packages/airflow/example_dags/plugins/listener_plugin.py
[2023-11-28T19:07:02.369-0300] {processor.py:841} WARNING - No viable dags retrieved from /home/marcos/anaconda3/envs/XPe-IGTI/lib/python3.8/site-packages/airflow/example_dags/plugins/listener_plugin.py
[2023-11-28T19:07:02.381-0300] {processor.py:179} INFO - Processing /home/marcos/anaconda3/envs/XPe-IGTI/lib/python3.8/site-packages/airflow/example_dags/plugins/listener_plugin.py took 0.038 seconds
[2023-11-28T19:07:43.425-0300] {processor.py:157} INFO - Started process (PID=146681) to work on /home/marcos/anaconda3/envs/XPe-IGTI/lib/python3.8/site-packages/airflow/example_dags/plugins/listener_plugin.py
[2023-11-28T19:07:43.430-0300] {processor.py:829} INFO - Processing file /home/marcos/anaconda3/envs/XPe-IGTI/lib/python3.8/site-packages/airflow/example_dags/plugins/listener_plugin.py for tasks to queue
[2023-11-28T19:07:43.434-0300] {logging_mixin.py:154} INFO - [2023-11-28T19:07:43.434-0300] {dagbag.py:536} INFO - Filling up the DagBag from /home/marcos/anaconda3/envs/XPe-IGTI/lib/python3.8/site-packages/airflow/example_dags/plugins/listener_plugin.py
[2023-11-28T19:07:43.440-0300] {processor.py:841} WARNING - No viable dags retrieved from /home/marcos/anaconda3/envs/XPe-IGTI/lib/python3.8/site-packages/airflow/example_dags/plugins/listener_plugin.py
[2023-11-28T19:07:43.455-0300] {processor.py:179} INFO - Processing /home/marcos/anaconda3/envs/XPe-IGTI/lib/python3.8/site-packages/airflow/example_dags/plugins/listener_plugin.py took 0.036 seconds
[2023-11-28T19:08:31.442-0300] {processor.py:157} INFO - Started process (PID=146733) to work on /home/marcos/anaconda3/envs/XPe-IGTI/lib/python3.8/site-packages/airflow/example_dags/plugins/listener_plugin.py
[2023-11-28T19:08:31.446-0300] {processor.py:829} INFO - Processing file /home/marcos/anaconda3/envs/XPe-IGTI/lib/python3.8/site-packages/airflow/example_dags/plugins/listener_plugin.py for tasks to queue
[2023-11-28T19:08:31.450-0300] {logging_mixin.py:154} INFO - [2023-11-28T19:08:31.449-0300] {dagbag.py:536} INFO - Filling up the DagBag from /home/marcos/anaconda3/envs/XPe-IGTI/lib/python3.8/site-packages/airflow/example_dags/plugins/listener_plugin.py
[2023-11-28T19:08:31.454-0300] {processor.py:841} WARNING - No viable dags retrieved from /home/marcos/anaconda3/envs/XPe-IGTI/lib/python3.8/site-packages/airflow/example_dags/plugins/listener_plugin.py
[2023-11-28T19:08:31.468-0300] {processor.py:179} INFO - Processing /home/marcos/anaconda3/envs/XPe-IGTI/lib/python3.8/site-packages/airflow/example_dags/plugins/listener_plugin.py took 0.030 seconds
[2023-11-28T19:09:20.673-0300] {processor.py:157} INFO - Started process (PID=146898) to work on /home/marcos/anaconda3/envs/XPe-IGTI/lib/python3.8/site-packages/airflow/example_dags/plugins/listener_plugin.py
[2023-11-28T19:09:20.678-0300] {processor.py:829} INFO - Processing file /home/marcos/anaconda3/envs/XPe-IGTI/lib/python3.8/site-packages/airflow/example_dags/plugins/listener_plugin.py for tasks to queue
[2023-11-28T19:09:20.682-0300] {logging_mixin.py:154} INFO - [2023-11-28T19:09:20.681-0300] {dagbag.py:536} INFO - Filling up the DagBag from /home/marcos/anaconda3/envs/XPe-IGTI/lib/python3.8/site-packages/airflow/example_dags/plugins/listener_plugin.py
[2023-11-28T19:09:20.686-0300] {processor.py:841} WARNING - No viable dags retrieved from /home/marcos/anaconda3/envs/XPe-IGTI/lib/python3.8/site-packages/airflow/example_dags/plugins/listener_plugin.py
[2023-11-28T19:09:20.696-0300] {processor.py:179} INFO - Processing /home/marcos/anaconda3/envs/XPe-IGTI/lib/python3.8/site-packages/airflow/example_dags/plugins/listener_plugin.py took 0.029 seconds
[2023-11-28T19:10:02.867-0300] {processor.py:157} INFO - Started process (PID=146961) to work on /home/marcos/anaconda3/envs/XPe-IGTI/lib/python3.8/site-packages/airflow/example_dags/plugins/listener_plugin.py
[2023-11-28T19:10:02.871-0300] {processor.py:829} INFO - Processing file /home/marcos/anaconda3/envs/XPe-IGTI/lib/python3.8/site-packages/airflow/example_dags/plugins/listener_plugin.py for tasks to queue
[2023-11-28T19:10:02.875-0300] {logging_mixin.py:154} INFO - [2023-11-28T19:10:02.874-0300] {dagbag.py:536} INFO - Filling up the DagBag from /home/marcos/anaconda3/envs/XPe-IGTI/lib/python3.8/site-packages/airflow/example_dags/plugins/listener_plugin.py
[2023-11-28T19:10:02.879-0300] {processor.py:841} WARNING - No viable dags retrieved from /home/marcos/anaconda3/envs/XPe-IGTI/lib/python3.8/site-packages/airflow/example_dags/plugins/listener_plugin.py
[2023-11-28T19:10:02.895-0300] {processor.py:179} INFO - Processing /home/marcos/anaconda3/envs/XPe-IGTI/lib/python3.8/site-packages/airflow/example_dags/plugins/listener_plugin.py took 0.032 seconds
[2023-11-28T19:10:43.651-0300] {processor.py:157} INFO - Started process (PID=147079) to work on /home/marcos/anaconda3/envs/XPe-IGTI/lib/python3.8/site-packages/airflow/example_dags/plugins/listener_plugin.py
[2023-11-28T19:10:43.656-0300] {processor.py:829} INFO - Processing file /home/marcos/anaconda3/envs/XPe-IGTI/lib/python3.8/site-packages/airflow/example_dags/plugins/listener_plugin.py for tasks to queue
[2023-11-28T19:10:43.659-0300] {logging_mixin.py:154} INFO - [2023-11-28T19:10:43.658-0300] {dagbag.py:536} INFO - Filling up the DagBag from /home/marcos/anaconda3/envs/XPe-IGTI/lib/python3.8/site-packages/airflow/example_dags/plugins/listener_plugin.py
[2023-11-28T19:10:43.662-0300] {processor.py:841} WARNING - No viable dags retrieved from /home/marcos/anaconda3/envs/XPe-IGTI/lib/python3.8/site-packages/airflow/example_dags/plugins/listener_plugin.py
[2023-11-28T19:10:43.673-0300] {processor.py:179} INFO - Processing /home/marcos/anaconda3/envs/XPe-IGTI/lib/python3.8/site-packages/airflow/example_dags/plugins/listener_plugin.py took 0.025 seconds
[2023-11-28T19:11:24.325-0300] {processor.py:157} INFO - Started process (PID=147150) to work on /home/marcos/anaconda3/envs/XPe-IGTI/lib/python3.8/site-packages/airflow/example_dags/plugins/listener_plugin.py
[2023-11-28T19:11:24.329-0300] {processor.py:829} INFO - Processing file /home/marcos/anaconda3/envs/XPe-IGTI/lib/python3.8/site-packages/airflow/example_dags/plugins/listener_plugin.py for tasks to queue
[2023-11-28T19:11:24.333-0300] {logging_mixin.py:154} INFO - [2023-11-28T19:11:24.332-0300] {dagbag.py:536} INFO - Filling up the DagBag from /home/marcos/anaconda3/envs/XPe-IGTI/lib/python3.8/site-packages/airflow/example_dags/plugins/listener_plugin.py
[2023-11-28T19:11:24.337-0300] {processor.py:841} WARNING - No viable dags retrieved from /home/marcos/anaconda3/envs/XPe-IGTI/lib/python3.8/site-packages/airflow/example_dags/plugins/listener_plugin.py
[2023-11-28T19:11:24.352-0300] {processor.py:179} INFO - Processing /home/marcos/anaconda3/envs/XPe-IGTI/lib/python3.8/site-packages/airflow/example_dags/plugins/listener_plugin.py took 0.032 seconds
[2023-11-28T19:12:12.385-0300] {processor.py:157} INFO - Started process (PID=147336) to work on /home/marcos/anaconda3/envs/XPe-IGTI/lib/python3.8/site-packages/airflow/example_dags/plugins/listener_plugin.py
[2023-11-28T19:12:12.390-0300] {processor.py:829} INFO - Processing file /home/marcos/anaconda3/envs/XPe-IGTI/lib/python3.8/site-packages/airflow/example_dags/plugins/listener_plugin.py for tasks to queue
[2023-11-28T19:12:12.393-0300] {logging_mixin.py:154} INFO - [2023-11-28T19:12:12.393-0300] {dagbag.py:536} INFO - Filling up the DagBag from /home/marcos/anaconda3/envs/XPe-IGTI/lib/python3.8/site-packages/airflow/example_dags/plugins/listener_plugin.py
[2023-11-28T19:12:12.399-0300] {processor.py:841} WARNING - No viable dags retrieved from /home/marcos/anaconda3/envs/XPe-IGTI/lib/python3.8/site-packages/airflow/example_dags/plugins/listener_plugin.py
[2023-11-28T19:12:12.416-0300] {processor.py:179} INFO - Processing /home/marcos/anaconda3/envs/XPe-IGTI/lib/python3.8/site-packages/airflow/example_dags/plugins/listener_plugin.py took 0.036 seconds
[2023-11-28T19:13:02.656-0300] {processor.py:157} INFO - Started process (PID=147416) to work on /home/marcos/anaconda3/envs/XPe-IGTI/lib/python3.8/site-packages/airflow/example_dags/plugins/listener_plugin.py
[2023-11-28T19:13:02.660-0300] {processor.py:829} INFO - Processing file /home/marcos/anaconda3/envs/XPe-IGTI/lib/python3.8/site-packages/airflow/example_dags/plugins/listener_plugin.py for tasks to queue
[2023-11-28T19:13:02.664-0300] {logging_mixin.py:154} INFO - [2023-11-28T19:13:02.664-0300] {dagbag.py:536} INFO - Filling up the DagBag from /home/marcos/anaconda3/envs/XPe-IGTI/lib/python3.8/site-packages/airflow/example_dags/plugins/listener_plugin.py
[2023-11-28T19:13:02.669-0300] {processor.py:841} WARNING - No viable dags retrieved from /home/marcos/anaconda3/envs/XPe-IGTI/lib/python3.8/site-packages/airflow/example_dags/plugins/listener_plugin.py
[2023-11-28T19:13:02.684-0300] {processor.py:179} INFO - Processing /home/marcos/anaconda3/envs/XPe-IGTI/lib/python3.8/site-packages/airflow/example_dags/plugins/listener_plugin.py took 0.036 seconds
[2023-11-28T19:13:56.710-0300] {processor.py:157} INFO - Started process (PID=147530) to work on /home/marcos/anaconda3/envs/XPe-IGTI/lib/python3.8/site-packages/airflow/example_dags/plugins/listener_plugin.py
[2023-11-28T19:13:56.712-0300] {processor.py:829} INFO - Processing file /home/marcos/anaconda3/envs/XPe-IGTI/lib/python3.8/site-packages/airflow/example_dags/plugins/listener_plugin.py for tasks to queue
[2023-11-28T19:13:56.716-0300] {logging_mixin.py:154} INFO - [2023-11-28T19:13:56.716-0300] {dagbag.py:536} INFO - Filling up the DagBag from /home/marcos/anaconda3/envs/XPe-IGTI/lib/python3.8/site-packages/airflow/example_dags/plugins/listener_plugin.py
[2023-11-28T19:13:56.721-0300] {processor.py:841} WARNING - No viable dags retrieved from /home/marcos/anaconda3/envs/XPe-IGTI/lib/python3.8/site-packages/airflow/example_dags/plugins/listener_plugin.py
[2023-11-28T19:13:56.736-0300] {processor.py:179} INFO - Processing /home/marcos/anaconda3/envs/XPe-IGTI/lib/python3.8/site-packages/airflow/example_dags/plugins/listener_plugin.py took 0.032 seconds
[2023-11-28T19:14:46.632-0300] {processor.py:157} INFO - Started process (PID=147577) to work on /home/marcos/anaconda3/envs/XPe-IGTI/lib/python3.8/site-packages/airflow/example_dags/plugins/listener_plugin.py
[2023-11-28T19:14:46.634-0300] {processor.py:829} INFO - Processing file /home/marcos/anaconda3/envs/XPe-IGTI/lib/python3.8/site-packages/airflow/example_dags/plugins/listener_plugin.py for tasks to queue
[2023-11-28T19:14:46.639-0300] {logging_mixin.py:154} INFO - [2023-11-28T19:14:46.638-0300] {dagbag.py:536} INFO - Filling up the DagBag from /home/marcos/anaconda3/envs/XPe-IGTI/lib/python3.8/site-packages/airflow/example_dags/plugins/listener_plugin.py
[2023-11-28T19:14:46.644-0300] {processor.py:841} WARNING - No viable dags retrieved from /home/marcos/anaconda3/envs/XPe-IGTI/lib/python3.8/site-packages/airflow/example_dags/plugins/listener_plugin.py
[2023-11-28T19:14:46.660-0300] {processor.py:179} INFO - Processing /home/marcos/anaconda3/envs/XPe-IGTI/lib/python3.8/site-packages/airflow/example_dags/plugins/listener_plugin.py took 0.032 seconds
[2023-11-28T19:15:36.366-0300] {processor.py:157} INFO - Started process (PID=147628) to work on /home/marcos/anaconda3/envs/XPe-IGTI/lib/python3.8/site-packages/airflow/example_dags/plugins/listener_plugin.py
[2023-11-28T19:15:36.371-0300] {processor.py:829} INFO - Processing file /home/marcos/anaconda3/envs/XPe-IGTI/lib/python3.8/site-packages/airflow/example_dags/plugins/listener_plugin.py for tasks to queue
[2023-11-28T19:15:36.375-0300] {logging_mixin.py:154} INFO - [2023-11-28T19:15:36.374-0300] {dagbag.py:536} INFO - Filling up the DagBag from /home/marcos/anaconda3/envs/XPe-IGTI/lib/python3.8/site-packages/airflow/example_dags/plugins/listener_plugin.py
[2023-11-28T19:15:36.379-0300] {processor.py:841} WARNING - No viable dags retrieved from /home/marcos/anaconda3/envs/XPe-IGTI/lib/python3.8/site-packages/airflow/example_dags/plugins/listener_plugin.py
[2023-11-28T19:15:36.393-0300] {processor.py:179} INFO - Processing /home/marcos/anaconda3/envs/XPe-IGTI/lib/python3.8/site-packages/airflow/example_dags/plugins/listener_plugin.py took 0.031 seconds
[2023-11-28T19:16:23.510-0300] {processor.py:157} INFO - Started process (PID=147683) to work on /home/marcos/anaconda3/envs/XPe-IGTI/lib/python3.8/site-packages/airflow/example_dags/plugins/listener_plugin.py
[2023-11-28T19:16:23.515-0300] {processor.py:829} INFO - Processing file /home/marcos/anaconda3/envs/XPe-IGTI/lib/python3.8/site-packages/airflow/example_dags/plugins/listener_plugin.py for tasks to queue
[2023-11-28T19:16:23.519-0300] {logging_mixin.py:154} INFO - [2023-11-28T19:16:23.518-0300] {dagbag.py:536} INFO - Filling up the DagBag from /home/marcos/anaconda3/envs/XPe-IGTI/lib/python3.8/site-packages/airflow/example_dags/plugins/listener_plugin.py
[2023-11-28T19:16:23.524-0300] {processor.py:841} WARNING - No viable dags retrieved from /home/marcos/anaconda3/envs/XPe-IGTI/lib/python3.8/site-packages/airflow/example_dags/plugins/listener_plugin.py
[2023-11-28T19:16:23.542-0300] {processor.py:179} INFO - Processing /home/marcos/anaconda3/envs/XPe-IGTI/lib/python3.8/site-packages/airflow/example_dags/plugins/listener_plugin.py took 0.037 seconds
[2023-11-28T19:17:06.275-0300] {processor.py:157} INFO - Started process (PID=147756) to work on /home/marcos/anaconda3/envs/XPe-IGTI/lib/python3.8/site-packages/airflow/example_dags/plugins/listener_plugin.py
[2023-11-28T19:17:06.279-0300] {processor.py:829} INFO - Processing file /home/marcos/anaconda3/envs/XPe-IGTI/lib/python3.8/site-packages/airflow/example_dags/plugins/listener_plugin.py for tasks to queue
[2023-11-28T19:17:06.284-0300] {logging_mixin.py:154} INFO - [2023-11-28T19:17:06.283-0300] {dagbag.py:536} INFO - Filling up the DagBag from /home/marcos/anaconda3/envs/XPe-IGTI/lib/python3.8/site-packages/airflow/example_dags/plugins/listener_plugin.py
[2023-11-28T19:17:06.288-0300] {processor.py:841} WARNING - No viable dags retrieved from /home/marcos/anaconda3/envs/XPe-IGTI/lib/python3.8/site-packages/airflow/example_dags/plugins/listener_plugin.py
[2023-11-28T19:17:06.302-0300] {processor.py:179} INFO - Processing /home/marcos/anaconda3/envs/XPe-IGTI/lib/python3.8/site-packages/airflow/example_dags/plugins/listener_plugin.py took 0.032 seconds
[2023-11-28T19:17:49.616-0300] {processor.py:157} INFO - Started process (PID=147803) to work on /home/marcos/anaconda3/envs/XPe-IGTI/lib/python3.8/site-packages/airflow/example_dags/plugins/listener_plugin.py
[2023-11-28T19:17:49.617-0300] {processor.py:829} INFO - Processing file /home/marcos/anaconda3/envs/XPe-IGTI/lib/python3.8/site-packages/airflow/example_dags/plugins/listener_plugin.py for tasks to queue
[2023-11-28T19:17:49.620-0300] {logging_mixin.py:154} INFO - [2023-11-28T19:17:49.620-0300] {dagbag.py:536} INFO - Filling up the DagBag from /home/marcos/anaconda3/envs/XPe-IGTI/lib/python3.8/site-packages/airflow/example_dags/plugins/listener_plugin.py
[2023-11-28T19:17:49.624-0300] {processor.py:841} WARNING - No viable dags retrieved from /home/marcos/anaconda3/envs/XPe-IGTI/lib/python3.8/site-packages/airflow/example_dags/plugins/listener_plugin.py
[2023-11-28T19:17:49.638-0300] {processor.py:179} INFO - Processing /home/marcos/anaconda3/envs/XPe-IGTI/lib/python3.8/site-packages/airflow/example_dags/plugins/listener_plugin.py took 0.027 seconds
[2023-11-28T19:18:36.560-0300] {processor.py:157} INFO - Started process (PID=147862) to work on /home/marcos/anaconda3/envs/XPe-IGTI/lib/python3.8/site-packages/airflow/example_dags/plugins/listener_plugin.py
[2023-11-28T19:18:36.564-0300] {processor.py:829} INFO - Processing file /home/marcos/anaconda3/envs/XPe-IGTI/lib/python3.8/site-packages/airflow/example_dags/plugins/listener_plugin.py for tasks to queue
[2023-11-28T19:18:36.567-0300] {logging_mixin.py:154} INFO - [2023-11-28T19:18:36.567-0300] {dagbag.py:536} INFO - Filling up the DagBag from /home/marcos/anaconda3/envs/XPe-IGTI/lib/python3.8/site-packages/airflow/example_dags/plugins/listener_plugin.py
[2023-11-28T19:18:36.571-0300] {processor.py:841} WARNING - No viable dags retrieved from /home/marcos/anaconda3/envs/XPe-IGTI/lib/python3.8/site-packages/airflow/example_dags/plugins/listener_plugin.py
[2023-11-28T19:18:36.588-0300] {processor.py:179} INFO - Processing /home/marcos/anaconda3/envs/XPe-IGTI/lib/python3.8/site-packages/airflow/example_dags/plugins/listener_plugin.py took 0.032 seconds
[2023-11-28T19:20:08.238-0300] {processor.py:157} INFO - Started process (PID=148260) to work on /home/marcos/anaconda3/envs/XPe-IGTI/lib/python3.8/site-packages/airflow/example_dags/plugins/listener_plugin.py
[2023-11-28T19:20:08.242-0300] {processor.py:829} INFO - Processing file /home/marcos/anaconda3/envs/XPe-IGTI/lib/python3.8/site-packages/airflow/example_dags/plugins/listener_plugin.py for tasks to queue
[2023-11-28T19:20:08.247-0300] {logging_mixin.py:154} INFO - [2023-11-28T19:20:08.246-0300] {dagbag.py:536} INFO - Filling up the DagBag from /home/marcos/anaconda3/envs/XPe-IGTI/lib/python3.8/site-packages/airflow/example_dags/plugins/listener_plugin.py
[2023-11-28T19:20:08.251-0300] {processor.py:841} WARNING - No viable dags retrieved from /home/marcos/anaconda3/envs/XPe-IGTI/lib/python3.8/site-packages/airflow/example_dags/plugins/listener_plugin.py
[2023-11-28T19:20:08.265-0300] {processor.py:179} INFO - Processing /home/marcos/anaconda3/envs/XPe-IGTI/lib/python3.8/site-packages/airflow/example_dags/plugins/listener_plugin.py took 0.032 seconds
[2023-11-28T19:21:26.870-0300] {processor.py:157} INFO - Started process (PID=148653) to work on /home/marcos/anaconda3/envs/XPe-IGTI/lib/python3.8/site-packages/airflow/example_dags/plugins/listener_plugin.py
[2023-11-28T19:21:26.874-0300] {processor.py:829} INFO - Processing file /home/marcos/anaconda3/envs/XPe-IGTI/lib/python3.8/site-packages/airflow/example_dags/plugins/listener_plugin.py for tasks to queue
[2023-11-28T19:21:26.877-0300] {logging_mixin.py:154} INFO - [2023-11-28T19:21:26.877-0300] {dagbag.py:536} INFO - Filling up the DagBag from /home/marcos/anaconda3/envs/XPe-IGTI/lib/python3.8/site-packages/airflow/example_dags/plugins/listener_plugin.py
[2023-11-28T19:21:26.881-0300] {processor.py:841} WARNING - No viable dags retrieved from /home/marcos/anaconda3/envs/XPe-IGTI/lib/python3.8/site-packages/airflow/example_dags/plugins/listener_plugin.py
[2023-11-28T19:21:26.896-0300] {processor.py:179} INFO - Processing /home/marcos/anaconda3/envs/XPe-IGTI/lib/python3.8/site-packages/airflow/example_dags/plugins/listener_plugin.py took 0.031 seconds
[2023-11-28T19:22:12.373-0300] {processor.py:157} INFO - Started process (PID=148738) to work on /home/marcos/anaconda3/envs/XPe-IGTI/lib/python3.8/site-packages/airflow/example_dags/plugins/listener_plugin.py
[2023-11-28T19:22:12.378-0300] {processor.py:829} INFO - Processing file /home/marcos/anaconda3/envs/XPe-IGTI/lib/python3.8/site-packages/airflow/example_dags/plugins/listener_plugin.py for tasks to queue
[2023-11-28T19:22:12.383-0300] {logging_mixin.py:154} INFO - [2023-11-28T19:22:12.382-0300] {dagbag.py:536} INFO - Filling up the DagBag from /home/marcos/anaconda3/envs/XPe-IGTI/lib/python3.8/site-packages/airflow/example_dags/plugins/listener_plugin.py
[2023-11-28T19:22:12.388-0300] {processor.py:841} WARNING - No viable dags retrieved from /home/marcos/anaconda3/envs/XPe-IGTI/lib/python3.8/site-packages/airflow/example_dags/plugins/listener_plugin.py
[2023-11-28T19:22:12.407-0300] {processor.py:179} INFO - Processing /home/marcos/anaconda3/envs/XPe-IGTI/lib/python3.8/site-packages/airflow/example_dags/plugins/listener_plugin.py took 0.040 seconds
[2023-11-28T19:23:01.922-0300] {processor.py:157} INFO - Started process (PID=148905) to work on /home/marcos/anaconda3/envs/XPe-IGTI/lib/python3.8/site-packages/airflow/example_dags/plugins/listener_plugin.py
[2023-11-28T19:23:01.927-0300] {processor.py:829} INFO - Processing file /home/marcos/anaconda3/envs/XPe-IGTI/lib/python3.8/site-packages/airflow/example_dags/plugins/listener_plugin.py for tasks to queue
[2023-11-28T19:23:01.931-0300] {logging_mixin.py:154} INFO - [2023-11-28T19:23:01.930-0300] {dagbag.py:536} INFO - Filling up the DagBag from /home/marcos/anaconda3/envs/XPe-IGTI/lib/python3.8/site-packages/airflow/example_dags/plugins/listener_plugin.py
[2023-11-28T19:23:01.935-0300] {processor.py:841} WARNING - No viable dags retrieved from /home/marcos/anaconda3/envs/XPe-IGTI/lib/python3.8/site-packages/airflow/example_dags/plugins/listener_plugin.py
[2023-11-28T19:23:01.953-0300] {processor.py:179} INFO - Processing /home/marcos/anaconda3/envs/XPe-IGTI/lib/python3.8/site-packages/airflow/example_dags/plugins/listener_plugin.py took 0.037 seconds
[2023-11-28T19:23:49.532-0300] {processor.py:157} INFO - Started process (PID=148951) to work on /home/marcos/anaconda3/envs/XPe-IGTI/lib/python3.8/site-packages/airflow/example_dags/plugins/listener_plugin.py
[2023-11-28T19:23:49.534-0300] {processor.py:829} INFO - Processing file /home/marcos/anaconda3/envs/XPe-IGTI/lib/python3.8/site-packages/airflow/example_dags/plugins/listener_plugin.py for tasks to queue
[2023-11-28T19:23:49.537-0300] {logging_mixin.py:154} INFO - [2023-11-28T19:23:49.537-0300] {dagbag.py:536} INFO - Filling up the DagBag from /home/marcos/anaconda3/envs/XPe-IGTI/lib/python3.8/site-packages/airflow/example_dags/plugins/listener_plugin.py
[2023-11-28T19:23:49.541-0300] {processor.py:841} WARNING - No viable dags retrieved from /home/marcos/anaconda3/envs/XPe-IGTI/lib/python3.8/site-packages/airflow/example_dags/plugins/listener_plugin.py
[2023-11-28T19:23:49.557-0300] {processor.py:179} INFO - Processing /home/marcos/anaconda3/envs/XPe-IGTI/lib/python3.8/site-packages/airflow/example_dags/plugins/listener_plugin.py took 0.029 seconds
[2023-11-28T19:24:35.078-0300] {processor.py:157} INFO - Started process (PID=149002) to work on /home/marcos/anaconda3/envs/XPe-IGTI/lib/python3.8/site-packages/airflow/example_dags/plugins/listener_plugin.py
[2023-11-28T19:24:35.082-0300] {processor.py:829} INFO - Processing file /home/marcos/anaconda3/envs/XPe-IGTI/lib/python3.8/site-packages/airflow/example_dags/plugins/listener_plugin.py for tasks to queue
[2023-11-28T19:24:35.086-0300] {logging_mixin.py:154} INFO - [2023-11-28T19:24:35.085-0300] {dagbag.py:536} INFO - Filling up the DagBag from /home/marcos/anaconda3/envs/XPe-IGTI/lib/python3.8/site-packages/airflow/example_dags/plugins/listener_plugin.py
[2023-11-28T19:24:35.090-0300] {processor.py:841} WARNING - No viable dags retrieved from /home/marcos/anaconda3/envs/XPe-IGTI/lib/python3.8/site-packages/airflow/example_dags/plugins/listener_plugin.py
[2023-11-28T19:24:35.104-0300] {processor.py:179} INFO - Processing /home/marcos/anaconda3/envs/XPe-IGTI/lib/python3.8/site-packages/airflow/example_dags/plugins/listener_plugin.py took 0.032 seconds
[2023-11-28T19:25:22.912-0300] {processor.py:157} INFO - Started process (PID=149050) to work on /home/marcos/anaconda3/envs/XPe-IGTI/lib/python3.8/site-packages/airflow/example_dags/plugins/listener_plugin.py
[2023-11-28T19:25:22.916-0300] {processor.py:829} INFO - Processing file /home/marcos/anaconda3/envs/XPe-IGTI/lib/python3.8/site-packages/airflow/example_dags/plugins/listener_plugin.py for tasks to queue
[2023-11-28T19:25:22.920-0300] {logging_mixin.py:154} INFO - [2023-11-28T19:25:22.920-0300] {dagbag.py:536} INFO - Filling up the DagBag from /home/marcos/anaconda3/envs/XPe-IGTI/lib/python3.8/site-packages/airflow/example_dags/plugins/listener_plugin.py
[2023-11-28T19:25:22.925-0300] {processor.py:841} WARNING - No viable dags retrieved from /home/marcos/anaconda3/envs/XPe-IGTI/lib/python3.8/site-packages/airflow/example_dags/plugins/listener_plugin.py
[2023-11-28T19:25:22.938-0300] {processor.py:179} INFO - Processing /home/marcos/anaconda3/envs/XPe-IGTI/lib/python3.8/site-packages/airflow/example_dags/plugins/listener_plugin.py took 0.031 seconds
[2023-11-28T19:26:12.640-0300] {processor.py:157} INFO - Started process (PID=149104) to work on /home/marcos/anaconda3/envs/XPe-IGTI/lib/python3.8/site-packages/airflow/example_dags/plugins/listener_plugin.py
[2023-11-28T19:26:12.644-0300] {processor.py:829} INFO - Processing file /home/marcos/anaconda3/envs/XPe-IGTI/lib/python3.8/site-packages/airflow/example_dags/plugins/listener_plugin.py for tasks to queue
[2023-11-28T19:26:12.648-0300] {logging_mixin.py:154} INFO - [2023-11-28T19:26:12.647-0300] {dagbag.py:536} INFO - Filling up the DagBag from /home/marcos/anaconda3/envs/XPe-IGTI/lib/python3.8/site-packages/airflow/example_dags/plugins/listener_plugin.py
[2023-11-28T19:26:12.652-0300] {processor.py:841} WARNING - No viable dags retrieved from /home/marcos/anaconda3/envs/XPe-IGTI/lib/python3.8/site-packages/airflow/example_dags/plugins/listener_plugin.py
[2023-11-28T19:26:12.666-0300] {processor.py:179} INFO - Processing /home/marcos/anaconda3/envs/XPe-IGTI/lib/python3.8/site-packages/airflow/example_dags/plugins/listener_plugin.py took 0.031 seconds
[2023-11-28T19:26:59.998-0300] {processor.py:157} INFO - Started process (PID=149176) to work on /home/marcos/anaconda3/envs/XPe-IGTI/lib/python3.8/site-packages/airflow/example_dags/plugins/listener_plugin.py
[2023-11-28T19:27:00.002-0300] {processor.py:829} INFO - Processing file /home/marcos/anaconda3/envs/XPe-IGTI/lib/python3.8/site-packages/airflow/example_dags/plugins/listener_plugin.py for tasks to queue
[2023-11-28T19:27:00.006-0300] {logging_mixin.py:154} INFO - [2023-11-28T19:27:00.005-0300] {dagbag.py:536} INFO - Filling up the DagBag from /home/marcos/anaconda3/envs/XPe-IGTI/lib/python3.8/site-packages/airflow/example_dags/plugins/listener_plugin.py
[2023-11-28T19:27:00.010-0300] {processor.py:841} WARNING - No viable dags retrieved from /home/marcos/anaconda3/envs/XPe-IGTI/lib/python3.8/site-packages/airflow/example_dags/plugins/listener_plugin.py
[2023-11-28T19:27:00.024-0300] {processor.py:179} INFO - Processing /home/marcos/anaconda3/envs/XPe-IGTI/lib/python3.8/site-packages/airflow/example_dags/plugins/listener_plugin.py took 0.031 seconds
[2023-11-28T19:27:41.058-0300] {processor.py:157} INFO - Started process (PID=149225) to work on /home/marcos/anaconda3/envs/XPe-IGTI/lib/python3.8/site-packages/airflow/example_dags/plugins/listener_plugin.py
[2023-11-28T19:27:41.063-0300] {processor.py:829} INFO - Processing file /home/marcos/anaconda3/envs/XPe-IGTI/lib/python3.8/site-packages/airflow/example_dags/plugins/listener_plugin.py for tasks to queue
[2023-11-28T19:27:41.065-0300] {logging_mixin.py:154} INFO - [2023-11-28T19:27:41.065-0300] {dagbag.py:536} INFO - Filling up the DagBag from /home/marcos/anaconda3/envs/XPe-IGTI/lib/python3.8/site-packages/airflow/example_dags/plugins/listener_plugin.py
[2023-11-28T19:27:41.069-0300] {processor.py:841} WARNING - No viable dags retrieved from /home/marcos/anaconda3/envs/XPe-IGTI/lib/python3.8/site-packages/airflow/example_dags/plugins/listener_plugin.py
[2023-11-28T19:27:41.079-0300] {processor.py:179} INFO - Processing /home/marcos/anaconda3/envs/XPe-IGTI/lib/python3.8/site-packages/airflow/example_dags/plugins/listener_plugin.py took 0.024 seconds
[2023-11-28T19:28:19.278-0300] {processor.py:157} INFO - Started process (PID=149306) to work on /home/marcos/anaconda3/envs/XPe-IGTI/lib/python3.8/site-packages/airflow/example_dags/plugins/listener_plugin.py
[2023-11-28T19:28:19.282-0300] {processor.py:829} INFO - Processing file /home/marcos/anaconda3/envs/XPe-IGTI/lib/python3.8/site-packages/airflow/example_dags/plugins/listener_plugin.py for tasks to queue
[2023-11-28T19:28:19.285-0300] {logging_mixin.py:154} INFO - [2023-11-28T19:28:19.285-0300] {dagbag.py:536} INFO - Filling up the DagBag from /home/marcos/anaconda3/envs/XPe-IGTI/lib/python3.8/site-packages/airflow/example_dags/plugins/listener_plugin.py
[2023-11-28T19:28:19.288-0300] {processor.py:841} WARNING - No viable dags retrieved from /home/marcos/anaconda3/envs/XPe-IGTI/lib/python3.8/site-packages/airflow/example_dags/plugins/listener_plugin.py
[2023-11-28T19:28:19.298-0300] {processor.py:179} INFO - Processing /home/marcos/anaconda3/envs/XPe-IGTI/lib/python3.8/site-packages/airflow/example_dags/plugins/listener_plugin.py took 0.024 seconds
