[2023-11-27T21:00:25.809-0300] {processor.py:157} INFO - Started process (PID=51732) to work on /home/marcos/anaconda3/envs/XPe-IGTI/lib/python3.8/site-packages/airflow/example_dags/plugins/workday.py
[2023-11-27T21:00:25.810-0300] {processor.py:829} INFO - Processing file /home/marcos/anaconda3/envs/XPe-IGTI/lib/python3.8/site-packages/airflow/example_dags/plugins/workday.py for tasks to queue
[2023-11-27T21:00:25.812-0300] {logging_mixin.py:154} INFO - [2023-11-27T21:00:25.811-0300] {dagbag.py:536} INFO - Filling up the DagBag from /home/marcos/anaconda3/envs/XPe-IGTI/lib/python3.8/site-packages/airflow/example_dags/plugins/workday.py
[2023-11-27T21:00:26.579-0300] {processor.py:841} WARNING - No viable dags retrieved from /home/marcos/anaconda3/envs/XPe-IGTI/lib/python3.8/site-packages/airflow/example_dags/plugins/workday.py
[2023-11-27T21:00:26.591-0300] {processor.py:179} INFO - Processing /home/marcos/anaconda3/envs/XPe-IGTI/lib/python3.8/site-packages/airflow/example_dags/plugins/workday.py took 0.787 seconds
[2023-11-27T21:01:07.099-0300] {processor.py:157} INFO - Started process (PID=51784) to work on /home/marcos/anaconda3/envs/XPe-IGTI/lib/python3.8/site-packages/airflow/example_dags/plugins/workday.py
[2023-11-27T21:01:07.103-0300] {processor.py:829} INFO - Processing file /home/marcos/anaconda3/envs/XPe-IGTI/lib/python3.8/site-packages/airflow/example_dags/plugins/workday.py for tasks to queue
[2023-11-27T21:01:07.104-0300] {logging_mixin.py:154} INFO - [2023-11-27T21:01:07.104-0300] {dagbag.py:536} INFO - Filling up the DagBag from /home/marcos/anaconda3/envs/XPe-IGTI/lib/python3.8/site-packages/airflow/example_dags/plugins/workday.py
[2023-11-27T21:01:07.965-0300] {processor.py:841} WARNING - No viable dags retrieved from /home/marcos/anaconda3/envs/XPe-IGTI/lib/python3.8/site-packages/airflow/example_dags/plugins/workday.py
[2023-11-27T21:01:07.976-0300] {processor.py:179} INFO - Processing /home/marcos/anaconda3/envs/XPe-IGTI/lib/python3.8/site-packages/airflow/example_dags/plugins/workday.py took 0.883 seconds
[2023-11-27T21:01:46.801-0300] {processor.py:157} INFO - Started process (PID=51856) to work on /home/marcos/anaconda3/envs/XPe-IGTI/lib/python3.8/site-packages/airflow/example_dags/plugins/workday.py
[2023-11-27T21:01:46.806-0300] {processor.py:829} INFO - Processing file /home/marcos/anaconda3/envs/XPe-IGTI/lib/python3.8/site-packages/airflow/example_dags/plugins/workday.py for tasks to queue
[2023-11-27T21:01:46.808-0300] {logging_mixin.py:154} INFO - [2023-11-27T21:01:46.808-0300] {dagbag.py:536} INFO - Filling up the DagBag from /home/marcos/anaconda3/envs/XPe-IGTI/lib/python3.8/site-packages/airflow/example_dags/plugins/workday.py
[2023-11-27T21:01:47.465-0300] {processor.py:841} WARNING - No viable dags retrieved from /home/marcos/anaconda3/envs/XPe-IGTI/lib/python3.8/site-packages/airflow/example_dags/plugins/workday.py
[2023-11-27T21:01:47.478-0300] {processor.py:179} INFO - Processing /home/marcos/anaconda3/envs/XPe-IGTI/lib/python3.8/site-packages/airflow/example_dags/plugins/workday.py took 0.682 seconds
[2023-11-27T21:02:28.587-0300] {processor.py:157} INFO - Started process (PID=51917) to work on /home/marcos/anaconda3/envs/XPe-IGTI/lib/python3.8/site-packages/airflow/example_dags/plugins/workday.py
[2023-11-27T21:02:28.589-0300] {processor.py:829} INFO - Processing file /home/marcos/anaconda3/envs/XPe-IGTI/lib/python3.8/site-packages/airflow/example_dags/plugins/workday.py for tasks to queue
[2023-11-27T21:02:28.590-0300] {logging_mixin.py:154} INFO - [2023-11-27T21:02:28.590-0300] {dagbag.py:536} INFO - Filling up the DagBag from /home/marcos/anaconda3/envs/XPe-IGTI/lib/python3.8/site-packages/airflow/example_dags/plugins/workday.py
[2023-11-27T21:02:29.225-0300] {processor.py:841} WARNING - No viable dags retrieved from /home/marcos/anaconda3/envs/XPe-IGTI/lib/python3.8/site-packages/airflow/example_dags/plugins/workday.py
[2023-11-27T21:02:29.238-0300] {processor.py:179} INFO - Processing /home/marcos/anaconda3/envs/XPe-IGTI/lib/python3.8/site-packages/airflow/example_dags/plugins/workday.py took 0.655 seconds
[2023-11-27T21:03:05.907-0300] {processor.py:157} INFO - Started process (PID=51959) to work on /home/marcos/anaconda3/envs/XPe-IGTI/lib/python3.8/site-packages/airflow/example_dags/plugins/workday.py
[2023-11-27T21:03:05.912-0300] {processor.py:829} INFO - Processing file /home/marcos/anaconda3/envs/XPe-IGTI/lib/python3.8/site-packages/airflow/example_dags/plugins/workday.py for tasks to queue
[2023-11-27T21:03:05.914-0300] {logging_mixin.py:154} INFO - [2023-11-27T21:03:05.913-0300] {dagbag.py:536} INFO - Filling up the DagBag from /home/marcos/anaconda3/envs/XPe-IGTI/lib/python3.8/site-packages/airflow/example_dags/plugins/workday.py
[2023-11-27T21:03:06.600-0300] {processor.py:841} WARNING - No viable dags retrieved from /home/marcos/anaconda3/envs/XPe-IGTI/lib/python3.8/site-packages/airflow/example_dags/plugins/workday.py
[2023-11-27T21:03:06.609-0300] {processor.py:179} INFO - Processing /home/marcos/anaconda3/envs/XPe-IGTI/lib/python3.8/site-packages/airflow/example_dags/plugins/workday.py took 0.708 seconds
[2023-11-27T21:03:51.827-0300] {processor.py:157} INFO - Started process (PID=52012) to work on /home/marcos/anaconda3/envs/XPe-IGTI/lib/python3.8/site-packages/airflow/example_dags/plugins/workday.py
[2023-11-27T21:03:51.832-0300] {processor.py:829} INFO - Processing file /home/marcos/anaconda3/envs/XPe-IGTI/lib/python3.8/site-packages/airflow/example_dags/plugins/workday.py for tasks to queue
[2023-11-27T21:03:51.836-0300] {logging_mixin.py:154} INFO - [2023-11-27T21:03:51.834-0300] {dagbag.py:536} INFO - Filling up the DagBag from /home/marcos/anaconda3/envs/XPe-IGTI/lib/python3.8/site-packages/airflow/example_dags/plugins/workday.py
[2023-11-27T21:03:52.583-0300] {processor.py:841} WARNING - No viable dags retrieved from /home/marcos/anaconda3/envs/XPe-IGTI/lib/python3.8/site-packages/airflow/example_dags/plugins/workday.py
[2023-11-27T21:03:52.596-0300] {processor.py:179} INFO - Processing /home/marcos/anaconda3/envs/XPe-IGTI/lib/python3.8/site-packages/airflow/example_dags/plugins/workday.py took 0.773 seconds
[2023-11-27T21:04:35.256-0300] {processor.py:157} INFO - Started process (PID=52070) to work on /home/marcos/anaconda3/envs/XPe-IGTI/lib/python3.8/site-packages/airflow/example_dags/plugins/workday.py
[2023-11-27T21:04:35.257-0300] {processor.py:829} INFO - Processing file /home/marcos/anaconda3/envs/XPe-IGTI/lib/python3.8/site-packages/airflow/example_dags/plugins/workday.py for tasks to queue
[2023-11-27T21:04:35.258-0300] {logging_mixin.py:154} INFO - [2023-11-27T21:04:35.258-0300] {dagbag.py:536} INFO - Filling up the DagBag from /home/marcos/anaconda3/envs/XPe-IGTI/lib/python3.8/site-packages/airflow/example_dags/plugins/workday.py
[2023-11-27T21:04:36.002-0300] {processor.py:841} WARNING - No viable dags retrieved from /home/marcos/anaconda3/envs/XPe-IGTI/lib/python3.8/site-packages/airflow/example_dags/plugins/workday.py
[2023-11-27T21:04:36.013-0300] {processor.py:179} INFO - Processing /home/marcos/anaconda3/envs/XPe-IGTI/lib/python3.8/site-packages/airflow/example_dags/plugins/workday.py took 0.761 seconds
[2023-11-27T21:05:19.212-0300] {processor.py:157} INFO - Started process (PID=52132) to work on /home/marcos/anaconda3/envs/XPe-IGTI/lib/python3.8/site-packages/airflow/example_dags/plugins/workday.py
[2023-11-27T21:05:19.217-0300] {processor.py:829} INFO - Processing file /home/marcos/anaconda3/envs/XPe-IGTI/lib/python3.8/site-packages/airflow/example_dags/plugins/workday.py for tasks to queue
[2023-11-27T21:05:19.218-0300] {logging_mixin.py:154} INFO - [2023-11-27T21:05:19.217-0300] {dagbag.py:536} INFO - Filling up the DagBag from /home/marcos/anaconda3/envs/XPe-IGTI/lib/python3.8/site-packages/airflow/example_dags/plugins/workday.py
[2023-11-27T21:05:19.779-0300] {processor.py:841} WARNING - No viable dags retrieved from /home/marcos/anaconda3/envs/XPe-IGTI/lib/python3.8/site-packages/airflow/example_dags/plugins/workday.py
[2023-11-27T21:05:19.788-0300] {processor.py:179} INFO - Processing /home/marcos/anaconda3/envs/XPe-IGTI/lib/python3.8/site-packages/airflow/example_dags/plugins/workday.py took 0.581 seconds
[2023-11-27T21:06:00.779-0300] {processor.py:157} INFO - Started process (PID=52203) to work on /home/marcos/anaconda3/envs/XPe-IGTI/lib/python3.8/site-packages/airflow/example_dags/plugins/workday.py
[2023-11-27T21:06:00.784-0300] {processor.py:829} INFO - Processing file /home/marcos/anaconda3/envs/XPe-IGTI/lib/python3.8/site-packages/airflow/example_dags/plugins/workday.py for tasks to queue
[2023-11-27T21:06:00.785-0300] {logging_mixin.py:154} INFO - [2023-11-27T21:06:00.784-0300] {dagbag.py:536} INFO - Filling up the DagBag from /home/marcos/anaconda3/envs/XPe-IGTI/lib/python3.8/site-packages/airflow/example_dags/plugins/workday.py
[2023-11-27T21:06:01.392-0300] {processor.py:841} WARNING - No viable dags retrieved from /home/marcos/anaconda3/envs/XPe-IGTI/lib/python3.8/site-packages/airflow/example_dags/plugins/workday.py
[2023-11-27T21:06:01.402-0300] {processor.py:179} INFO - Processing /home/marcos/anaconda3/envs/XPe-IGTI/lib/python3.8/site-packages/airflow/example_dags/plugins/workday.py took 0.628 seconds
[2023-11-27T21:06:40.803-0300] {processor.py:157} INFO - Started process (PID=52253) to work on /home/marcos/anaconda3/envs/XPe-IGTI/lib/python3.8/site-packages/airflow/example_dags/plugins/workday.py
[2023-11-27T21:06:40.807-0300] {processor.py:829} INFO - Processing file /home/marcos/anaconda3/envs/XPe-IGTI/lib/python3.8/site-packages/airflow/example_dags/plugins/workday.py for tasks to queue
[2023-11-27T21:06:40.808-0300] {logging_mixin.py:154} INFO - [2023-11-27T21:06:40.808-0300] {dagbag.py:536} INFO - Filling up the DagBag from /home/marcos/anaconda3/envs/XPe-IGTI/lib/python3.8/site-packages/airflow/example_dags/plugins/workday.py
[2023-11-27T21:06:41.405-0300] {processor.py:841} WARNING - No viable dags retrieved from /home/marcos/anaconda3/envs/XPe-IGTI/lib/python3.8/site-packages/airflow/example_dags/plugins/workday.py
[2023-11-27T21:06:41.415-0300] {processor.py:179} INFO - Processing /home/marcos/anaconda3/envs/XPe-IGTI/lib/python3.8/site-packages/airflow/example_dags/plugins/workday.py took 0.617 seconds
[2023-11-27T21:07:21.428-0300] {processor.py:157} INFO - Started process (PID=52323) to work on /home/marcos/anaconda3/envs/XPe-IGTI/lib/python3.8/site-packages/airflow/example_dags/plugins/workday.py
[2023-11-27T21:07:21.432-0300] {processor.py:829} INFO - Processing file /home/marcos/anaconda3/envs/XPe-IGTI/lib/python3.8/site-packages/airflow/example_dags/plugins/workday.py for tasks to queue
[2023-11-27T21:07:21.433-0300] {logging_mixin.py:154} INFO - [2023-11-27T21:07:21.433-0300] {dagbag.py:536} INFO - Filling up the DagBag from /home/marcos/anaconda3/envs/XPe-IGTI/lib/python3.8/site-packages/airflow/example_dags/plugins/workday.py
[2023-11-27T21:07:22.020-0300] {processor.py:841} WARNING - No viable dags retrieved from /home/marcos/anaconda3/envs/XPe-IGTI/lib/python3.8/site-packages/airflow/example_dags/plugins/workday.py
[2023-11-27T21:07:22.032-0300] {processor.py:179} INFO - Processing /home/marcos/anaconda3/envs/XPe-IGTI/lib/python3.8/site-packages/airflow/example_dags/plugins/workday.py took 0.608 seconds
[2023-11-27T21:08:01.033-0300] {processor.py:157} INFO - Started process (PID=52373) to work on /home/marcos/anaconda3/envs/XPe-IGTI/lib/python3.8/site-packages/airflow/example_dags/plugins/workday.py
[2023-11-27T21:08:01.038-0300] {processor.py:829} INFO - Processing file /home/marcos/anaconda3/envs/XPe-IGTI/lib/python3.8/site-packages/airflow/example_dags/plugins/workday.py for tasks to queue
[2023-11-27T21:08:01.039-0300] {logging_mixin.py:154} INFO - [2023-11-27T21:08:01.039-0300] {dagbag.py:536} INFO - Filling up the DagBag from /home/marcos/anaconda3/envs/XPe-IGTI/lib/python3.8/site-packages/airflow/example_dags/plugins/workday.py
[2023-11-27T21:08:01.612-0300] {processor.py:841} WARNING - No viable dags retrieved from /home/marcos/anaconda3/envs/XPe-IGTI/lib/python3.8/site-packages/airflow/example_dags/plugins/workday.py
[2023-11-27T21:08:01.621-0300] {processor.py:179} INFO - Processing /home/marcos/anaconda3/envs/XPe-IGTI/lib/python3.8/site-packages/airflow/example_dags/plugins/workday.py took 0.592 seconds
[2023-11-27T21:08:43.019-0300] {processor.py:157} INFO - Started process (PID=52425) to work on /home/marcos/anaconda3/envs/XPe-IGTI/lib/python3.8/site-packages/airflow/example_dags/plugins/workday.py
[2023-11-27T21:08:43.024-0300] {processor.py:829} INFO - Processing file /home/marcos/anaconda3/envs/XPe-IGTI/lib/python3.8/site-packages/airflow/example_dags/plugins/workday.py for tasks to queue
[2023-11-27T21:08:43.025-0300] {logging_mixin.py:154} INFO - [2023-11-27T21:08:43.024-0300] {dagbag.py:536} INFO - Filling up the DagBag from /home/marcos/anaconda3/envs/XPe-IGTI/lib/python3.8/site-packages/airflow/example_dags/plugins/workday.py
[2023-11-27T21:08:43.603-0300] {processor.py:841} WARNING - No viable dags retrieved from /home/marcos/anaconda3/envs/XPe-IGTI/lib/python3.8/site-packages/airflow/example_dags/plugins/workday.py
[2023-11-27T21:08:43.612-0300] {processor.py:179} INFO - Processing /home/marcos/anaconda3/envs/XPe-IGTI/lib/python3.8/site-packages/airflow/example_dags/plugins/workday.py took 0.597 seconds
[2023-11-27T21:09:28.102-0300] {processor.py:157} INFO - Started process (PID=52478) to work on /home/marcos/anaconda3/envs/XPe-IGTI/lib/python3.8/site-packages/airflow/example_dags/plugins/workday.py
[2023-11-27T21:09:28.106-0300] {processor.py:829} INFO - Processing file /home/marcos/anaconda3/envs/XPe-IGTI/lib/python3.8/site-packages/airflow/example_dags/plugins/workday.py for tasks to queue
[2023-11-27T21:09:28.107-0300] {logging_mixin.py:154} INFO - [2023-11-27T21:09:28.107-0300] {dagbag.py:536} INFO - Filling up the DagBag from /home/marcos/anaconda3/envs/XPe-IGTI/lib/python3.8/site-packages/airflow/example_dags/plugins/workday.py
[2023-11-27T21:09:28.652-0300] {processor.py:841} WARNING - No viable dags retrieved from /home/marcos/anaconda3/envs/XPe-IGTI/lib/python3.8/site-packages/airflow/example_dags/plugins/workday.py
[2023-11-27T21:09:28.661-0300] {processor.py:179} INFO - Processing /home/marcos/anaconda3/envs/XPe-IGTI/lib/python3.8/site-packages/airflow/example_dags/plugins/workday.py took 0.564 seconds
[2023-11-27T21:10:09.947-0300] {processor.py:157} INFO - Started process (PID=52524) to work on /home/marcos/anaconda3/envs/XPe-IGTI/lib/python3.8/site-packages/airflow/example_dags/plugins/workday.py
[2023-11-27T21:10:09.952-0300] {processor.py:829} INFO - Processing file /home/marcos/anaconda3/envs/XPe-IGTI/lib/python3.8/site-packages/airflow/example_dags/plugins/workday.py for tasks to queue
[2023-11-27T21:10:09.953-0300] {logging_mixin.py:154} INFO - [2023-11-27T21:10:09.953-0300] {dagbag.py:536} INFO - Filling up the DagBag from /home/marcos/anaconda3/envs/XPe-IGTI/lib/python3.8/site-packages/airflow/example_dags/plugins/workday.py
[2023-11-27T21:10:10.517-0300] {processor.py:841} WARNING - No viable dags retrieved from /home/marcos/anaconda3/envs/XPe-IGTI/lib/python3.8/site-packages/airflow/example_dags/plugins/workday.py
[2023-11-27T21:10:10.525-0300] {processor.py:179} INFO - Processing /home/marcos/anaconda3/envs/XPe-IGTI/lib/python3.8/site-packages/airflow/example_dags/plugins/workday.py took 0.585 seconds
[2023-11-27T21:10:53.714-0300] {processor.py:157} INFO - Started process (PID=52577) to work on /home/marcos/anaconda3/envs/XPe-IGTI/lib/python3.8/site-packages/airflow/example_dags/plugins/workday.py
[2023-11-27T21:10:53.715-0300] {processor.py:829} INFO - Processing file /home/marcos/anaconda3/envs/XPe-IGTI/lib/python3.8/site-packages/airflow/example_dags/plugins/workday.py for tasks to queue
[2023-11-27T21:10:53.717-0300] {logging_mixin.py:154} INFO - [2023-11-27T21:10:53.716-0300] {dagbag.py:536} INFO - Filling up the DagBag from /home/marcos/anaconda3/envs/XPe-IGTI/lib/python3.8/site-packages/airflow/example_dags/plugins/workday.py
[2023-11-27T21:10:54.308-0300] {processor.py:841} WARNING - No viable dags retrieved from /home/marcos/anaconda3/envs/XPe-IGTI/lib/python3.8/site-packages/airflow/example_dags/plugins/workday.py
[2023-11-27T21:10:54.317-0300] {processor.py:179} INFO - Processing /home/marcos/anaconda3/envs/XPe-IGTI/lib/python3.8/site-packages/airflow/example_dags/plugins/workday.py took 0.607 seconds
[2023-11-27T21:11:40.785-0300] {processor.py:157} INFO - Started process (PID=52633) to work on /home/marcos/anaconda3/envs/XPe-IGTI/lib/python3.8/site-packages/airflow/example_dags/plugins/workday.py
[2023-11-27T21:11:40.790-0300] {processor.py:829} INFO - Processing file /home/marcos/anaconda3/envs/XPe-IGTI/lib/python3.8/site-packages/airflow/example_dags/plugins/workday.py for tasks to queue
[2023-11-27T21:11:40.791-0300] {logging_mixin.py:154} INFO - [2023-11-27T21:11:40.791-0300] {dagbag.py:536} INFO - Filling up the DagBag from /home/marcos/anaconda3/envs/XPe-IGTI/lib/python3.8/site-packages/airflow/example_dags/plugins/workday.py
[2023-11-27T21:11:41.345-0300] {processor.py:841} WARNING - No viable dags retrieved from /home/marcos/anaconda3/envs/XPe-IGTI/lib/python3.8/site-packages/airflow/example_dags/plugins/workday.py
[2023-11-27T21:11:41.354-0300] {processor.py:179} INFO - Processing /home/marcos/anaconda3/envs/XPe-IGTI/lib/python3.8/site-packages/airflow/example_dags/plugins/workday.py took 0.575 seconds
[2023-11-27T21:12:24.967-0300] {processor.py:157} INFO - Started process (PID=52707) to work on /home/marcos/anaconda3/envs/XPe-IGTI/lib/python3.8/site-packages/airflow/example_dags/plugins/workday.py
[2023-11-27T21:12:24.971-0300] {processor.py:829} INFO - Processing file /home/marcos/anaconda3/envs/XPe-IGTI/lib/python3.8/site-packages/airflow/example_dags/plugins/workday.py for tasks to queue
[2023-11-27T21:12:24.972-0300] {logging_mixin.py:154} INFO - [2023-11-27T21:12:24.972-0300] {dagbag.py:536} INFO - Filling up the DagBag from /home/marcos/anaconda3/envs/XPe-IGTI/lib/python3.8/site-packages/airflow/example_dags/plugins/workday.py
[2023-11-27T21:12:25.556-0300] {processor.py:841} WARNING - No viable dags retrieved from /home/marcos/anaconda3/envs/XPe-IGTI/lib/python3.8/site-packages/airflow/example_dags/plugins/workday.py
[2023-11-27T21:12:25.565-0300] {processor.py:179} INFO - Processing /home/marcos/anaconda3/envs/XPe-IGTI/lib/python3.8/site-packages/airflow/example_dags/plugins/workday.py took 0.603 seconds
[2023-11-27T21:13:05.598-0300] {processor.py:157} INFO - Started process (PID=52758) to work on /home/marcos/anaconda3/envs/XPe-IGTI/lib/python3.8/site-packages/airflow/example_dags/plugins/workday.py
[2023-11-27T21:13:05.603-0300] {processor.py:829} INFO - Processing file /home/marcos/anaconda3/envs/XPe-IGTI/lib/python3.8/site-packages/airflow/example_dags/plugins/workday.py for tasks to queue
[2023-11-27T21:13:05.605-0300] {logging_mixin.py:154} INFO - [2023-11-27T21:13:05.604-0300] {dagbag.py:536} INFO - Filling up the DagBag from /home/marcos/anaconda3/envs/XPe-IGTI/lib/python3.8/site-packages/airflow/example_dags/plugins/workday.py
[2023-11-27T21:13:06.298-0300] {processor.py:841} WARNING - No viable dags retrieved from /home/marcos/anaconda3/envs/XPe-IGTI/lib/python3.8/site-packages/airflow/example_dags/plugins/workday.py
[2023-11-27T21:13:06.308-0300] {processor.py:179} INFO - Processing /home/marcos/anaconda3/envs/XPe-IGTI/lib/python3.8/site-packages/airflow/example_dags/plugins/workday.py took 0.716 seconds
[2023-11-27T21:13:42.659-0300] {processor.py:157} INFO - Started process (PID=52822) to work on /home/marcos/anaconda3/envs/XPe-IGTI/lib/python3.8/site-packages/airflow/example_dags/plugins/workday.py
[2023-11-27T21:13:42.661-0300] {processor.py:829} INFO - Processing file /home/marcos/anaconda3/envs/XPe-IGTI/lib/python3.8/site-packages/airflow/example_dags/plugins/workday.py for tasks to queue
[2023-11-27T21:13:42.663-0300] {logging_mixin.py:154} INFO - [2023-11-27T21:13:42.662-0300] {dagbag.py:536} INFO - Filling up the DagBag from /home/marcos/anaconda3/envs/XPe-IGTI/lib/python3.8/site-packages/airflow/example_dags/plugins/workday.py
[2023-11-27T21:13:43.523-0300] {processor.py:841} WARNING - No viable dags retrieved from /home/marcos/anaconda3/envs/XPe-IGTI/lib/python3.8/site-packages/airflow/example_dags/plugins/workday.py
[2023-11-27T21:13:43.540-0300] {processor.py:179} INFO - Processing /home/marcos/anaconda3/envs/XPe-IGTI/lib/python3.8/site-packages/airflow/example_dags/plugins/workday.py took 0.886 seconds
[2023-11-27T21:14:25.158-0300] {processor.py:157} INFO - Started process (PID=52896) to work on /home/marcos/anaconda3/envs/XPe-IGTI/lib/python3.8/site-packages/airflow/example_dags/plugins/workday.py
[2023-11-27T21:14:25.160-0300] {processor.py:829} INFO - Processing file /home/marcos/anaconda3/envs/XPe-IGTI/lib/python3.8/site-packages/airflow/example_dags/plugins/workday.py for tasks to queue
[2023-11-27T21:14:25.161-0300] {logging_mixin.py:154} INFO - [2023-11-27T21:14:25.161-0300] {dagbag.py:536} INFO - Filling up the DagBag from /home/marcos/anaconda3/envs/XPe-IGTI/lib/python3.8/site-packages/airflow/example_dags/plugins/workday.py
[2023-11-27T21:14:25.894-0300] {processor.py:841} WARNING - No viable dags retrieved from /home/marcos/anaconda3/envs/XPe-IGTI/lib/python3.8/site-packages/airflow/example_dags/plugins/workday.py
[2023-11-27T21:14:25.906-0300] {processor.py:179} INFO - Processing /home/marcos/anaconda3/envs/XPe-IGTI/lib/python3.8/site-packages/airflow/example_dags/plugins/workday.py took 0.755 seconds
[2023-11-27T21:15:11.866-0300] {processor.py:157} INFO - Started process (PID=52962) to work on /home/marcos/anaconda3/envs/XPe-IGTI/lib/python3.8/site-packages/airflow/example_dags/plugins/workday.py
[2023-11-27T21:15:11.873-0300] {processor.py:829} INFO - Processing file /home/marcos/anaconda3/envs/XPe-IGTI/lib/python3.8/site-packages/airflow/example_dags/plugins/workday.py for tasks to queue
[2023-11-27T21:15:11.876-0300] {logging_mixin.py:154} INFO - [2023-11-27T21:15:11.875-0300] {dagbag.py:536} INFO - Filling up the DagBag from /home/marcos/anaconda3/envs/XPe-IGTI/lib/python3.8/site-packages/airflow/example_dags/plugins/workday.py
[2023-11-27T21:15:12.615-0300] {processor.py:841} WARNING - No viable dags retrieved from /home/marcos/anaconda3/envs/XPe-IGTI/lib/python3.8/site-packages/airflow/example_dags/plugins/workday.py
[2023-11-27T21:15:12.625-0300] {processor.py:179} INFO - Processing /home/marcos/anaconda3/envs/XPe-IGTI/lib/python3.8/site-packages/airflow/example_dags/plugins/workday.py took 0.773 seconds
[2023-11-27T21:15:57.115-0300] {processor.py:157} INFO - Started process (PID=53015) to work on /home/marcos/anaconda3/envs/XPe-IGTI/lib/python3.8/site-packages/airflow/example_dags/plugins/workday.py
[2023-11-27T21:15:57.116-0300] {processor.py:829} INFO - Processing file /home/marcos/anaconda3/envs/XPe-IGTI/lib/python3.8/site-packages/airflow/example_dags/plugins/workday.py for tasks to queue
[2023-11-27T21:15:57.117-0300] {logging_mixin.py:154} INFO - [2023-11-27T21:15:57.117-0300] {dagbag.py:536} INFO - Filling up the DagBag from /home/marcos/anaconda3/envs/XPe-IGTI/lib/python3.8/site-packages/airflow/example_dags/plugins/workday.py
[2023-11-27T21:15:57.764-0300] {processor.py:841} WARNING - No viable dags retrieved from /home/marcos/anaconda3/envs/XPe-IGTI/lib/python3.8/site-packages/airflow/example_dags/plugins/workday.py
[2023-11-27T21:15:57.774-0300] {processor.py:179} INFO - Processing /home/marcos/anaconda3/envs/XPe-IGTI/lib/python3.8/site-packages/airflow/example_dags/plugins/workday.py took 0.665 seconds
[2023-11-27T21:16:43.916-0300] {processor.py:157} INFO - Started process (PID=53070) to work on /home/marcos/anaconda3/envs/XPe-IGTI/lib/python3.8/site-packages/airflow/example_dags/plugins/workday.py
[2023-11-27T21:16:43.921-0300] {processor.py:829} INFO - Processing file /home/marcos/anaconda3/envs/XPe-IGTI/lib/python3.8/site-packages/airflow/example_dags/plugins/workday.py for tasks to queue
[2023-11-27T21:16:43.922-0300] {logging_mixin.py:154} INFO - [2023-11-27T21:16:43.922-0300] {dagbag.py:536} INFO - Filling up the DagBag from /home/marcos/anaconda3/envs/XPe-IGTI/lib/python3.8/site-packages/airflow/example_dags/plugins/workday.py
[2023-11-27T21:16:44.559-0300] {processor.py:841} WARNING - No viable dags retrieved from /home/marcos/anaconda3/envs/XPe-IGTI/lib/python3.8/site-packages/airflow/example_dags/plugins/workday.py
[2023-11-27T21:16:44.569-0300] {processor.py:179} INFO - Processing /home/marcos/anaconda3/envs/XPe-IGTI/lib/python3.8/site-packages/airflow/example_dags/plugins/workday.py took 0.662 seconds
[2023-11-27T21:17:32.789-0300] {processor.py:157} INFO - Started process (PID=53153) to work on /home/marcos/anaconda3/envs/XPe-IGTI/lib/python3.8/site-packages/airflow/example_dags/plugins/workday.py
[2023-11-27T21:17:32.794-0300] {processor.py:829} INFO - Processing file /home/marcos/anaconda3/envs/XPe-IGTI/lib/python3.8/site-packages/airflow/example_dags/plugins/workday.py for tasks to queue
[2023-11-27T21:17:32.795-0300] {logging_mixin.py:154} INFO - [2023-11-27T21:17:32.794-0300] {dagbag.py:536} INFO - Filling up the DagBag from /home/marcos/anaconda3/envs/XPe-IGTI/lib/python3.8/site-packages/airflow/example_dags/plugins/workday.py
[2023-11-27T21:17:33.406-0300] {processor.py:841} WARNING - No viable dags retrieved from /home/marcos/anaconda3/envs/XPe-IGTI/lib/python3.8/site-packages/airflow/example_dags/plugins/workday.py
[2023-11-27T21:17:33.416-0300] {processor.py:179} INFO - Processing /home/marcos/anaconda3/envs/XPe-IGTI/lib/python3.8/site-packages/airflow/example_dags/plugins/workday.py took 0.631 seconds
[2023-11-27T21:18:20.150-0300] {processor.py:157} INFO - Started process (PID=53204) to work on /home/marcos/anaconda3/envs/XPe-IGTI/lib/python3.8/site-packages/airflow/example_dags/plugins/workday.py
[2023-11-27T21:18:20.154-0300] {processor.py:829} INFO - Processing file /home/marcos/anaconda3/envs/XPe-IGTI/lib/python3.8/site-packages/airflow/example_dags/plugins/workday.py for tasks to queue
[2023-11-27T21:18:20.155-0300] {logging_mixin.py:154} INFO - [2023-11-27T21:18:20.155-0300] {dagbag.py:536} INFO - Filling up the DagBag from /home/marcos/anaconda3/envs/XPe-IGTI/lib/python3.8/site-packages/airflow/example_dags/plugins/workday.py
[2023-11-27T21:18:20.783-0300] {processor.py:841} WARNING - No viable dags retrieved from /home/marcos/anaconda3/envs/XPe-IGTI/lib/python3.8/site-packages/airflow/example_dags/plugins/workday.py
[2023-11-27T21:18:20.793-0300] {processor.py:179} INFO - Processing /home/marcos/anaconda3/envs/XPe-IGTI/lib/python3.8/site-packages/airflow/example_dags/plugins/workday.py took 0.648 seconds
[2023-11-27T21:19:02.467-0300] {processor.py:157} INFO - Started process (PID=53259) to work on /home/marcos/anaconda3/envs/XPe-IGTI/lib/python3.8/site-packages/airflow/example_dags/plugins/workday.py
[2023-11-27T21:19:02.468-0300] {processor.py:829} INFO - Processing file /home/marcos/anaconda3/envs/XPe-IGTI/lib/python3.8/site-packages/airflow/example_dags/plugins/workday.py for tasks to queue
[2023-11-27T21:19:02.469-0300] {logging_mixin.py:154} INFO - [2023-11-27T21:19:02.469-0300] {dagbag.py:536} INFO - Filling up the DagBag from /home/marcos/anaconda3/envs/XPe-IGTI/lib/python3.8/site-packages/airflow/example_dags/plugins/workday.py
[2023-11-27T21:19:03.116-0300] {processor.py:841} WARNING - No viable dags retrieved from /home/marcos/anaconda3/envs/XPe-IGTI/lib/python3.8/site-packages/airflow/example_dags/plugins/workday.py
[2023-11-27T21:19:03.129-0300] {processor.py:179} INFO - Processing /home/marcos/anaconda3/envs/XPe-IGTI/lib/python3.8/site-packages/airflow/example_dags/plugins/workday.py took 0.667 seconds
[2023-11-27T21:19:47.949-0300] {processor.py:157} INFO - Started process (PID=53313) to work on /home/marcos/anaconda3/envs/XPe-IGTI/lib/python3.8/site-packages/airflow/example_dags/plugins/workday.py
[2023-11-27T21:19:47.951-0300] {processor.py:829} INFO - Processing file /home/marcos/anaconda3/envs/XPe-IGTI/lib/python3.8/site-packages/airflow/example_dags/plugins/workday.py for tasks to queue
[2023-11-27T21:19:47.952-0300] {logging_mixin.py:154} INFO - [2023-11-27T21:19:47.951-0300] {dagbag.py:536} INFO - Filling up the DagBag from /home/marcos/anaconda3/envs/XPe-IGTI/lib/python3.8/site-packages/airflow/example_dags/plugins/workday.py
[2023-11-27T21:19:48.622-0300] {processor.py:841} WARNING - No viable dags retrieved from /home/marcos/anaconda3/envs/XPe-IGTI/lib/python3.8/site-packages/airflow/example_dags/plugins/workday.py
[2023-11-27T21:19:48.633-0300] {processor.py:179} INFO - Processing /home/marcos/anaconda3/envs/XPe-IGTI/lib/python3.8/site-packages/airflow/example_dags/plugins/workday.py took 0.690 seconds
[2023-11-27T21:20:35.361-0300] {processor.py:157} INFO - Started process (PID=53369) to work on /home/marcos/anaconda3/envs/XPe-IGTI/lib/python3.8/site-packages/airflow/example_dags/plugins/workday.py
[2023-11-27T21:20:35.365-0300] {processor.py:829} INFO - Processing file /home/marcos/anaconda3/envs/XPe-IGTI/lib/python3.8/site-packages/airflow/example_dags/plugins/workday.py for tasks to queue
[2023-11-27T21:20:35.367-0300] {logging_mixin.py:154} INFO - [2023-11-27T21:20:35.366-0300] {dagbag.py:536} INFO - Filling up the DagBag from /home/marcos/anaconda3/envs/XPe-IGTI/lib/python3.8/site-packages/airflow/example_dags/plugins/workday.py
[2023-11-27T21:20:36.175-0300] {processor.py:841} WARNING - No viable dags retrieved from /home/marcos/anaconda3/envs/XPe-IGTI/lib/python3.8/site-packages/airflow/example_dags/plugins/workday.py
[2023-11-27T21:20:36.187-0300] {processor.py:179} INFO - Processing /home/marcos/anaconda3/envs/XPe-IGTI/lib/python3.8/site-packages/airflow/example_dags/plugins/workday.py took 0.832 seconds
[2023-11-27T21:21:18.175-0300] {processor.py:157} INFO - Started process (PID=53416) to work on /home/marcos/anaconda3/envs/XPe-IGTI/lib/python3.8/site-packages/airflow/example_dags/plugins/workday.py
[2023-11-27T21:21:18.179-0300] {processor.py:829} INFO - Processing file /home/marcos/anaconda3/envs/XPe-IGTI/lib/python3.8/site-packages/airflow/example_dags/plugins/workday.py for tasks to queue
[2023-11-27T21:21:18.181-0300] {logging_mixin.py:154} INFO - [2023-11-27T21:21:18.180-0300] {dagbag.py:536} INFO - Filling up the DagBag from /home/marcos/anaconda3/envs/XPe-IGTI/lib/python3.8/site-packages/airflow/example_dags/plugins/workday.py
[2023-11-27T21:21:18.990-0300] {processor.py:841} WARNING - No viable dags retrieved from /home/marcos/anaconda3/envs/XPe-IGTI/lib/python3.8/site-packages/airflow/example_dags/plugins/workday.py
[2023-11-27T21:21:19.001-0300] {processor.py:179} INFO - Processing /home/marcos/anaconda3/envs/XPe-IGTI/lib/python3.8/site-packages/airflow/example_dags/plugins/workday.py took 0.833 seconds
[2023-11-27T21:22:03.766-0300] {processor.py:157} INFO - Started process (PID=53490) to work on /home/marcos/anaconda3/envs/XPe-IGTI/lib/python3.8/site-packages/airflow/example_dags/plugins/workday.py
[2023-11-27T21:22:03.771-0300] {processor.py:829} INFO - Processing file /home/marcos/anaconda3/envs/XPe-IGTI/lib/python3.8/site-packages/airflow/example_dags/plugins/workday.py for tasks to queue
[2023-11-27T21:22:03.773-0300] {logging_mixin.py:154} INFO - [2023-11-27T21:22:03.772-0300] {dagbag.py:536} INFO - Filling up the DagBag from /home/marcos/anaconda3/envs/XPe-IGTI/lib/python3.8/site-packages/airflow/example_dags/plugins/workday.py
[2023-11-27T21:22:04.445-0300] {processor.py:841} WARNING - No viable dags retrieved from /home/marcos/anaconda3/envs/XPe-IGTI/lib/python3.8/site-packages/airflow/example_dags/plugins/workday.py
[2023-11-27T21:22:04.454-0300] {processor.py:179} INFO - Processing /home/marcos/anaconda3/envs/XPe-IGTI/lib/python3.8/site-packages/airflow/example_dags/plugins/workday.py took 0.696 seconds
[2023-11-27T21:22:44.066-0300] {processor.py:157} INFO - Started process (PID=53542) to work on /home/marcos/anaconda3/envs/XPe-IGTI/lib/python3.8/site-packages/airflow/example_dags/plugins/workday.py
[2023-11-27T21:22:44.071-0300] {processor.py:829} INFO - Processing file /home/marcos/anaconda3/envs/XPe-IGTI/lib/python3.8/site-packages/airflow/example_dags/plugins/workday.py for tasks to queue
[2023-11-27T21:22:44.073-0300] {logging_mixin.py:154} INFO - [2023-11-27T21:22:44.072-0300] {dagbag.py:536} INFO - Filling up the DagBag from /home/marcos/anaconda3/envs/XPe-IGTI/lib/python3.8/site-packages/airflow/example_dags/plugins/workday.py
[2023-11-27T21:22:44.700-0300] {processor.py:841} WARNING - No viable dags retrieved from /home/marcos/anaconda3/envs/XPe-IGTI/lib/python3.8/site-packages/airflow/example_dags/plugins/workday.py
[2023-11-27T21:22:44.711-0300] {processor.py:179} INFO - Processing /home/marcos/anaconda3/envs/XPe-IGTI/lib/python3.8/site-packages/airflow/example_dags/plugins/workday.py took 0.649 seconds
[2023-11-27T21:23:25.712-0300] {processor.py:157} INFO - Started process (PID=53588) to work on /home/marcos/anaconda3/envs/XPe-IGTI/lib/python3.8/site-packages/airflow/example_dags/plugins/workday.py
[2023-11-27T21:23:25.718-0300] {processor.py:829} INFO - Processing file /home/marcos/anaconda3/envs/XPe-IGTI/lib/python3.8/site-packages/airflow/example_dags/plugins/workday.py for tasks to queue
[2023-11-27T21:23:25.721-0300] {logging_mixin.py:154} INFO - [2023-11-27T21:23:25.720-0300] {dagbag.py:536} INFO - Filling up the DagBag from /home/marcos/anaconda3/envs/XPe-IGTI/lib/python3.8/site-packages/airflow/example_dags/plugins/workday.py
[2023-11-27T21:23:26.397-0300] {processor.py:841} WARNING - No viable dags retrieved from /home/marcos/anaconda3/envs/XPe-IGTI/lib/python3.8/site-packages/airflow/example_dags/plugins/workday.py
[2023-11-27T21:23:26.407-0300] {processor.py:179} INFO - Processing /home/marcos/anaconda3/envs/XPe-IGTI/lib/python3.8/site-packages/airflow/example_dags/plugins/workday.py took 0.704 seconds
[2023-11-27T21:24:08.441-0300] {processor.py:157} INFO - Started process (PID=53639) to work on /home/marcos/anaconda3/envs/XPe-IGTI/lib/python3.8/site-packages/airflow/example_dags/plugins/workday.py
[2023-11-27T21:24:08.447-0300] {processor.py:829} INFO - Processing file /home/marcos/anaconda3/envs/XPe-IGTI/lib/python3.8/site-packages/airflow/example_dags/plugins/workday.py for tasks to queue
[2023-11-27T21:24:08.450-0300] {logging_mixin.py:154} INFO - [2023-11-27T21:24:08.449-0300] {dagbag.py:536} INFO - Filling up the DagBag from /home/marcos/anaconda3/envs/XPe-IGTI/lib/python3.8/site-packages/airflow/example_dags/plugins/workday.py
[2023-11-27T21:24:09.123-0300] {processor.py:841} WARNING - No viable dags retrieved from /home/marcos/anaconda3/envs/XPe-IGTI/lib/python3.8/site-packages/airflow/example_dags/plugins/workday.py
[2023-11-27T21:24:09.134-0300] {processor.py:179} INFO - Processing /home/marcos/anaconda3/envs/XPe-IGTI/lib/python3.8/site-packages/airflow/example_dags/plugins/workday.py took 0.704 seconds
[2023-11-27T21:24:54.349-0300] {processor.py:157} INFO - Started process (PID=53704) to work on /home/marcos/anaconda3/envs/XPe-IGTI/lib/python3.8/site-packages/airflow/example_dags/plugins/workday.py
[2023-11-27T21:24:54.355-0300] {processor.py:829} INFO - Processing file /home/marcos/anaconda3/envs/XPe-IGTI/lib/python3.8/site-packages/airflow/example_dags/plugins/workday.py for tasks to queue
[2023-11-27T21:24:54.359-0300] {logging_mixin.py:154} INFO - [2023-11-27T21:24:54.358-0300] {dagbag.py:536} INFO - Filling up the DagBag from /home/marcos/anaconda3/envs/XPe-IGTI/lib/python3.8/site-packages/airflow/example_dags/plugins/workday.py
[2023-11-27T21:24:55.097-0300] {processor.py:841} WARNING - No viable dags retrieved from /home/marcos/anaconda3/envs/XPe-IGTI/lib/python3.8/site-packages/airflow/example_dags/plugins/workday.py
[2023-11-27T21:24:55.109-0300] {processor.py:179} INFO - Processing /home/marcos/anaconda3/envs/XPe-IGTI/lib/python3.8/site-packages/airflow/example_dags/plugins/workday.py took 0.777 seconds
[2023-11-27T21:25:44.394-0300] {processor.py:157} INFO - Started process (PID=53761) to work on /home/marcos/anaconda3/envs/XPe-IGTI/lib/python3.8/site-packages/airflow/example_dags/plugins/workday.py
[2023-11-27T21:25:44.400-0300] {processor.py:829} INFO - Processing file /home/marcos/anaconda3/envs/XPe-IGTI/lib/python3.8/site-packages/airflow/example_dags/plugins/workday.py for tasks to queue
[2023-11-27T21:25:44.402-0300] {logging_mixin.py:154} INFO - [2023-11-27T21:25:44.401-0300] {dagbag.py:536} INFO - Filling up the DagBag from /home/marcos/anaconda3/envs/XPe-IGTI/lib/python3.8/site-packages/airflow/example_dags/plugins/workday.py
[2023-11-27T21:25:45.070-0300] {processor.py:841} WARNING - No viable dags retrieved from /home/marcos/anaconda3/envs/XPe-IGTI/lib/python3.8/site-packages/airflow/example_dags/plugins/workday.py
[2023-11-27T21:25:45.083-0300] {processor.py:179} INFO - Processing /home/marcos/anaconda3/envs/XPe-IGTI/lib/python3.8/site-packages/airflow/example_dags/plugins/workday.py took 0.698 seconds
[2023-11-27T21:26:32.800-0300] {processor.py:157} INFO - Started process (PID=53822) to work on /home/marcos/anaconda3/envs/XPe-IGTI/lib/python3.8/site-packages/airflow/example_dags/plugins/workday.py
[2023-11-27T21:26:32.807-0300] {processor.py:829} INFO - Processing file /home/marcos/anaconda3/envs/XPe-IGTI/lib/python3.8/site-packages/airflow/example_dags/plugins/workday.py for tasks to queue
[2023-11-27T21:26:32.810-0300] {logging_mixin.py:154} INFO - [2023-11-27T21:26:32.809-0300] {dagbag.py:536} INFO - Filling up the DagBag from /home/marcos/anaconda3/envs/XPe-IGTI/lib/python3.8/site-packages/airflow/example_dags/plugins/workday.py
[2023-11-27T21:26:33.495-0300] {processor.py:841} WARNING - No viable dags retrieved from /home/marcos/anaconda3/envs/XPe-IGTI/lib/python3.8/site-packages/airflow/example_dags/plugins/workday.py
[2023-11-27T21:26:33.507-0300] {processor.py:179} INFO - Processing /home/marcos/anaconda3/envs/XPe-IGTI/lib/python3.8/site-packages/airflow/example_dags/plugins/workday.py took 0.717 seconds
[2023-11-27T21:27:19.904-0300] {processor.py:157} INFO - Started process (PID=53899) to work on /home/marcos/anaconda3/envs/XPe-IGTI/lib/python3.8/site-packages/airflow/example_dags/plugins/workday.py
[2023-11-27T21:27:19.909-0300] {processor.py:829} INFO - Processing file /home/marcos/anaconda3/envs/XPe-IGTI/lib/python3.8/site-packages/airflow/example_dags/plugins/workday.py for tasks to queue
[2023-11-27T21:27:19.911-0300] {logging_mixin.py:154} INFO - [2023-11-27T21:27:19.910-0300] {dagbag.py:536} INFO - Filling up the DagBag from /home/marcos/anaconda3/envs/XPe-IGTI/lib/python3.8/site-packages/airflow/example_dags/plugins/workday.py
[2023-11-27T21:27:20.690-0300] {processor.py:841} WARNING - No viable dags retrieved from /home/marcos/anaconda3/envs/XPe-IGTI/lib/python3.8/site-packages/airflow/example_dags/plugins/workday.py
[2023-11-27T21:27:20.702-0300] {processor.py:179} INFO - Processing /home/marcos/anaconda3/envs/XPe-IGTI/lib/python3.8/site-packages/airflow/example_dags/plugins/workday.py took 0.802 seconds
[2023-11-27T21:28:02.432-0300] {processor.py:157} INFO - Started process (PID=53954) to work on /home/marcos/anaconda3/envs/XPe-IGTI/lib/python3.8/site-packages/airflow/example_dags/plugins/workday.py
[2023-11-27T21:28:02.437-0300] {processor.py:829} INFO - Processing file /home/marcos/anaconda3/envs/XPe-IGTI/lib/python3.8/site-packages/airflow/example_dags/plugins/workday.py for tasks to queue
[2023-11-27T21:28:02.439-0300] {logging_mixin.py:154} INFO - [2023-11-27T21:28:02.438-0300] {dagbag.py:536} INFO - Filling up the DagBag from /home/marcos/anaconda3/envs/XPe-IGTI/lib/python3.8/site-packages/airflow/example_dags/plugins/workday.py
[2023-11-27T21:28:03.168-0300] {processor.py:841} WARNING - No viable dags retrieved from /home/marcos/anaconda3/envs/XPe-IGTI/lib/python3.8/site-packages/airflow/example_dags/plugins/workday.py
[2023-11-27T21:28:03.178-0300] {processor.py:179} INFO - Processing /home/marcos/anaconda3/envs/XPe-IGTI/lib/python3.8/site-packages/airflow/example_dags/plugins/workday.py took 0.750 seconds
[2023-11-27T21:28:46.393-0300] {processor.py:157} INFO - Started process (PID=54014) to work on /home/marcos/anaconda3/envs/XPe-IGTI/lib/python3.8/site-packages/airflow/example_dags/plugins/workday.py
[2023-11-27T21:28:46.397-0300] {processor.py:829} INFO - Processing file /home/marcos/anaconda3/envs/XPe-IGTI/lib/python3.8/site-packages/airflow/example_dags/plugins/workday.py for tasks to queue
[2023-11-27T21:28:46.398-0300] {logging_mixin.py:154} INFO - [2023-11-27T21:28:46.398-0300] {dagbag.py:536} INFO - Filling up the DagBag from /home/marcos/anaconda3/envs/XPe-IGTI/lib/python3.8/site-packages/airflow/example_dags/plugins/workday.py
[2023-11-27T21:28:47.089-0300] {processor.py:841} WARNING - No viable dags retrieved from /home/marcos/anaconda3/envs/XPe-IGTI/lib/python3.8/site-packages/airflow/example_dags/plugins/workday.py
[2023-11-27T21:28:47.102-0300] {processor.py:179} INFO - Processing /home/marcos/anaconda3/envs/XPe-IGTI/lib/python3.8/site-packages/airflow/example_dags/plugins/workday.py took 0.713 seconds
[2023-11-28T18:52:09.685-0300] {processor.py:157} INFO - Started process (PID=144584) to work on /home/marcos/anaconda3/envs/XPe-IGTI/lib/python3.8/site-packages/airflow/example_dags/plugins/workday.py
[2023-11-28T18:52:09.691-0300] {processor.py:829} INFO - Processing file /home/marcos/anaconda3/envs/XPe-IGTI/lib/python3.8/site-packages/airflow/example_dags/plugins/workday.py for tasks to queue
[2023-11-28T18:52:09.694-0300] {logging_mixin.py:154} INFO - [2023-11-28T18:52:09.693-0300] {dagbag.py:536} INFO - Filling up the DagBag from /home/marcos/anaconda3/envs/XPe-IGTI/lib/python3.8/site-packages/airflow/example_dags/plugins/workday.py
[2023-11-28T18:52:09.952-0300] {processor.py:841} WARNING - No viable dags retrieved from /home/marcos/anaconda3/envs/XPe-IGTI/lib/python3.8/site-packages/airflow/example_dags/plugins/workday.py
[2023-11-28T18:52:09.959-0300] {processor.py:179} INFO - Processing /home/marcos/anaconda3/envs/XPe-IGTI/lib/python3.8/site-packages/airflow/example_dags/plugins/workday.py took 0.282 seconds
[2023-11-28T18:52:59.313-0300] {processor.py:157} INFO - Started process (PID=144683) to work on /home/marcos/anaconda3/envs/XPe-IGTI/lib/python3.8/site-packages/airflow/example_dags/plugins/workday.py
[2023-11-28T18:52:59.317-0300] {processor.py:829} INFO - Processing file /home/marcos/anaconda3/envs/XPe-IGTI/lib/python3.8/site-packages/airflow/example_dags/plugins/workday.py for tasks to queue
[2023-11-28T18:52:59.318-0300] {logging_mixin.py:154} INFO - [2023-11-28T18:52:59.318-0300] {dagbag.py:536} INFO - Filling up the DagBag from /home/marcos/anaconda3/envs/XPe-IGTI/lib/python3.8/site-packages/airflow/example_dags/plugins/workday.py
[2023-11-28T18:52:59.575-0300] {processor.py:841} WARNING - No viable dags retrieved from /home/marcos/anaconda3/envs/XPe-IGTI/lib/python3.8/site-packages/airflow/example_dags/plugins/workday.py
[2023-11-28T18:52:59.582-0300] {processor.py:179} INFO - Processing /home/marcos/anaconda3/envs/XPe-IGTI/lib/python3.8/site-packages/airflow/example_dags/plugins/workday.py took 0.271 seconds
[2023-11-28T18:53:35.573-0300] {processor.py:157} INFO - Started process (PID=144736) to work on /home/marcos/anaconda3/envs/XPe-IGTI/lib/python3.8/site-packages/airflow/example_dags/plugins/workday.py
[2023-11-28T18:53:35.574-0300] {processor.py:829} INFO - Processing file /home/marcos/anaconda3/envs/XPe-IGTI/lib/python3.8/site-packages/airflow/example_dags/plugins/workday.py for tasks to queue
[2023-11-28T18:53:35.575-0300] {logging_mixin.py:154} INFO - [2023-11-28T18:53:35.574-0300] {dagbag.py:536} INFO - Filling up the DagBag from /home/marcos/anaconda3/envs/XPe-IGTI/lib/python3.8/site-packages/airflow/example_dags/plugins/workday.py
[2023-11-28T18:53:35.817-0300] {processor.py:841} WARNING - No viable dags retrieved from /home/marcos/anaconda3/envs/XPe-IGTI/lib/python3.8/site-packages/airflow/example_dags/plugins/workday.py
[2023-11-28T18:53:35.824-0300] {processor.py:179} INFO - Processing /home/marcos/anaconda3/envs/XPe-IGTI/lib/python3.8/site-packages/airflow/example_dags/plugins/workday.py took 0.253 seconds
[2023-11-28T18:54:11.608-0300] {processor.py:157} INFO - Started process (PID=145093) to work on /home/marcos/anaconda3/envs/XPe-IGTI/lib/python3.8/site-packages/airflow/example_dags/plugins/workday.py
[2023-11-28T18:54:11.613-0300] {processor.py:829} INFO - Processing file /home/marcos/anaconda3/envs/XPe-IGTI/lib/python3.8/site-packages/airflow/example_dags/plugins/workday.py for tasks to queue
[2023-11-28T18:54:11.614-0300] {logging_mixin.py:154} INFO - [2023-11-28T18:54:11.614-0300] {dagbag.py:536} INFO - Filling up the DagBag from /home/marcos/anaconda3/envs/XPe-IGTI/lib/python3.8/site-packages/airflow/example_dags/plugins/workday.py
[2023-11-28T18:54:12.333-0300] {processor.py:841} WARNING - No viable dags retrieved from /home/marcos/anaconda3/envs/XPe-IGTI/lib/python3.8/site-packages/airflow/example_dags/plugins/workday.py
[2023-11-28T18:54:12.354-0300] {processor.py:179} INFO - Processing /home/marcos/anaconda3/envs/XPe-IGTI/lib/python3.8/site-packages/airflow/example_dags/plugins/workday.py took 0.751 seconds
[2023-11-28T18:54:53.977-0300] {processor.py:157} INFO - Started process (PID=145314) to work on /home/marcos/anaconda3/envs/XPe-IGTI/lib/python3.8/site-packages/airflow/example_dags/plugins/workday.py
[2023-11-28T18:54:53.979-0300] {processor.py:829} INFO - Processing file /home/marcos/anaconda3/envs/XPe-IGTI/lib/python3.8/site-packages/airflow/example_dags/plugins/workday.py for tasks to queue
[2023-11-28T18:54:53.981-0300] {logging_mixin.py:154} INFO - [2023-11-28T18:54:53.980-0300] {dagbag.py:536} INFO - Filling up the DagBag from /home/marcos/anaconda3/envs/XPe-IGTI/lib/python3.8/site-packages/airflow/example_dags/plugins/workday.py
[2023-11-28T18:54:54.256-0300] {processor.py:841} WARNING - No viable dags retrieved from /home/marcos/anaconda3/envs/XPe-IGTI/lib/python3.8/site-packages/airflow/example_dags/plugins/workday.py
[2023-11-28T18:54:54.263-0300] {processor.py:179} INFO - Processing /home/marcos/anaconda3/envs/XPe-IGTI/lib/python3.8/site-packages/airflow/example_dags/plugins/workday.py took 0.290 seconds
[2023-11-28T18:55:36.647-0300] {processor.py:157} INFO - Started process (PID=145383) to work on /home/marcos/anaconda3/envs/XPe-IGTI/lib/python3.8/site-packages/airflow/example_dags/plugins/workday.py
[2023-11-28T18:55:36.652-0300] {processor.py:829} INFO - Processing file /home/marcos/anaconda3/envs/XPe-IGTI/lib/python3.8/site-packages/airflow/example_dags/plugins/workday.py for tasks to queue
[2023-11-28T18:55:36.653-0300] {logging_mixin.py:154} INFO - [2023-11-28T18:55:36.652-0300] {dagbag.py:536} INFO - Filling up the DagBag from /home/marcos/anaconda3/envs/XPe-IGTI/lib/python3.8/site-packages/airflow/example_dags/plugins/workday.py
[2023-11-28T18:55:37.079-0300] {processor.py:841} WARNING - No viable dags retrieved from /home/marcos/anaconda3/envs/XPe-IGTI/lib/python3.8/site-packages/airflow/example_dags/plugins/workday.py
[2023-11-28T18:55:37.087-0300] {processor.py:179} INFO - Processing /home/marcos/anaconda3/envs/XPe-IGTI/lib/python3.8/site-packages/airflow/example_dags/plugins/workday.py took 0.444 seconds
[2023-11-28T18:56:15.064-0300] {processor.py:157} INFO - Started process (PID=145438) to work on /home/marcos/anaconda3/envs/XPe-IGTI/lib/python3.8/site-packages/airflow/example_dags/plugins/workday.py
[2023-11-28T18:56:15.069-0300] {processor.py:829} INFO - Processing file /home/marcos/anaconda3/envs/XPe-IGTI/lib/python3.8/site-packages/airflow/example_dags/plugins/workday.py for tasks to queue
[2023-11-28T18:56:15.070-0300] {logging_mixin.py:154} INFO - [2023-11-28T18:56:15.069-0300] {dagbag.py:536} INFO - Filling up the DagBag from /home/marcos/anaconda3/envs/XPe-IGTI/lib/python3.8/site-packages/airflow/example_dags/plugins/workday.py
[2023-11-28T18:56:15.359-0300] {processor.py:841} WARNING - No viable dags retrieved from /home/marcos/anaconda3/envs/XPe-IGTI/lib/python3.8/site-packages/airflow/example_dags/plugins/workday.py
[2023-11-28T18:56:15.370-0300] {processor.py:179} INFO - Processing /home/marcos/anaconda3/envs/XPe-IGTI/lib/python3.8/site-packages/airflow/example_dags/plugins/workday.py took 0.309 seconds
[2023-11-28T18:56:52.452-0300] {processor.py:157} INFO - Started process (PID=145525) to work on /home/marcos/anaconda3/envs/XPe-IGTI/lib/python3.8/site-packages/airflow/example_dags/plugins/workday.py
[2023-11-28T18:56:52.457-0300] {processor.py:829} INFO - Processing file /home/marcos/anaconda3/envs/XPe-IGTI/lib/python3.8/site-packages/airflow/example_dags/plugins/workday.py for tasks to queue
[2023-11-28T18:56:52.459-0300] {logging_mixin.py:154} INFO - [2023-11-28T18:56:52.458-0300] {dagbag.py:536} INFO - Filling up the DagBag from /home/marcos/anaconda3/envs/XPe-IGTI/lib/python3.8/site-packages/airflow/example_dags/plugins/workday.py
[2023-11-28T18:56:52.720-0300] {processor.py:841} WARNING - No viable dags retrieved from /home/marcos/anaconda3/envs/XPe-IGTI/lib/python3.8/site-packages/airflow/example_dags/plugins/workday.py
[2023-11-28T18:56:52.727-0300] {processor.py:179} INFO - Processing /home/marcos/anaconda3/envs/XPe-IGTI/lib/python3.8/site-packages/airflow/example_dags/plugins/workday.py took 0.282 seconds
[2023-11-28T18:57:27.674-0300] {processor.py:157} INFO - Started process (PID=145605) to work on /home/marcos/anaconda3/envs/XPe-IGTI/lib/python3.8/site-packages/airflow/example_dags/plugins/workday.py
[2023-11-28T18:57:27.678-0300] {processor.py:829} INFO - Processing file /home/marcos/anaconda3/envs/XPe-IGTI/lib/python3.8/site-packages/airflow/example_dags/plugins/workday.py for tasks to queue
[2023-11-28T18:57:27.679-0300] {logging_mixin.py:154} INFO - [2023-11-28T18:57:27.679-0300] {dagbag.py:536} INFO - Filling up the DagBag from /home/marcos/anaconda3/envs/XPe-IGTI/lib/python3.8/site-packages/airflow/example_dags/plugins/workday.py
[2023-11-28T18:57:27.987-0300] {processor.py:841} WARNING - No viable dags retrieved from /home/marcos/anaconda3/envs/XPe-IGTI/lib/python3.8/site-packages/airflow/example_dags/plugins/workday.py
[2023-11-28T18:57:27.997-0300] {processor.py:179} INFO - Processing /home/marcos/anaconda3/envs/XPe-IGTI/lib/python3.8/site-packages/airflow/example_dags/plugins/workday.py took 0.328 seconds
[2023-11-28T18:58:03.661-0300] {processor.py:157} INFO - Started process (PID=145669) to work on /home/marcos/anaconda3/envs/XPe-IGTI/lib/python3.8/site-packages/airflow/example_dags/plugins/workday.py
[2023-11-28T18:58:03.662-0300] {processor.py:829} INFO - Processing file /home/marcos/anaconda3/envs/XPe-IGTI/lib/python3.8/site-packages/airflow/example_dags/plugins/workday.py for tasks to queue
[2023-11-28T18:58:03.663-0300] {logging_mixin.py:154} INFO - [2023-11-28T18:58:03.663-0300] {dagbag.py:536} INFO - Filling up the DagBag from /home/marcos/anaconda3/envs/XPe-IGTI/lib/python3.8/site-packages/airflow/example_dags/plugins/workday.py
[2023-11-28T18:58:03.991-0300] {processor.py:841} WARNING - No viable dags retrieved from /home/marcos/anaconda3/envs/XPe-IGTI/lib/python3.8/site-packages/airflow/example_dags/plugins/workday.py
[2023-11-28T18:58:04.000-0300] {processor.py:179} INFO - Processing /home/marcos/anaconda3/envs/XPe-IGTI/lib/python3.8/site-packages/airflow/example_dags/plugins/workday.py took 0.341 seconds
[2023-11-28T18:58:41.681-0300] {processor.py:157} INFO - Started process (PID=145718) to work on /home/marcos/anaconda3/envs/XPe-IGTI/lib/python3.8/site-packages/airflow/example_dags/plugins/workday.py
[2023-11-28T18:58:41.682-0300] {processor.py:829} INFO - Processing file /home/marcos/anaconda3/envs/XPe-IGTI/lib/python3.8/site-packages/airflow/example_dags/plugins/workday.py for tasks to queue
[2023-11-28T18:58:41.683-0300] {logging_mixin.py:154} INFO - [2023-11-28T18:58:41.683-0300] {dagbag.py:536} INFO - Filling up the DagBag from /home/marcos/anaconda3/envs/XPe-IGTI/lib/python3.8/site-packages/airflow/example_dags/plugins/workday.py
[2023-11-28T18:58:41.942-0300] {processor.py:841} WARNING - No viable dags retrieved from /home/marcos/anaconda3/envs/XPe-IGTI/lib/python3.8/site-packages/airflow/example_dags/plugins/workday.py
[2023-11-28T18:58:41.949-0300] {processor.py:179} INFO - Processing /home/marcos/anaconda3/envs/XPe-IGTI/lib/python3.8/site-packages/airflow/example_dags/plugins/workday.py took 0.272 seconds
[2023-11-28T18:59:22.286-0300] {processor.py:157} INFO - Started process (PID=145775) to work on /home/marcos/anaconda3/envs/XPe-IGTI/lib/python3.8/site-packages/airflow/example_dags/plugins/workday.py
[2023-11-28T18:59:22.291-0300] {processor.py:829} INFO - Processing file /home/marcos/anaconda3/envs/XPe-IGTI/lib/python3.8/site-packages/airflow/example_dags/plugins/workday.py for tasks to queue
[2023-11-28T18:59:22.292-0300] {logging_mixin.py:154} INFO - [2023-11-28T18:59:22.292-0300] {dagbag.py:536} INFO - Filling up the DagBag from /home/marcos/anaconda3/envs/XPe-IGTI/lib/python3.8/site-packages/airflow/example_dags/plugins/workday.py
[2023-11-28T18:59:22.575-0300] {processor.py:841} WARNING - No viable dags retrieved from /home/marcos/anaconda3/envs/XPe-IGTI/lib/python3.8/site-packages/airflow/example_dags/plugins/workday.py
[2023-11-28T18:59:22.582-0300] {processor.py:179} INFO - Processing /home/marcos/anaconda3/envs/XPe-IGTI/lib/python3.8/site-packages/airflow/example_dags/plugins/workday.py took 0.302 seconds
[2023-11-28T19:00:02.399-0300] {processor.py:157} INFO - Started process (PID=145849) to work on /home/marcos/anaconda3/envs/XPe-IGTI/lib/python3.8/site-packages/airflow/example_dags/plugins/workday.py
[2023-11-28T19:00:02.403-0300] {processor.py:829} INFO - Processing file /home/marcos/anaconda3/envs/XPe-IGTI/lib/python3.8/site-packages/airflow/example_dags/plugins/workday.py for tasks to queue
[2023-11-28T19:00:02.404-0300] {logging_mixin.py:154} INFO - [2023-11-28T19:00:02.404-0300] {dagbag.py:536} INFO - Filling up the DagBag from /home/marcos/anaconda3/envs/XPe-IGTI/lib/python3.8/site-packages/airflow/example_dags/plugins/workday.py
[2023-11-28T19:00:02.676-0300] {processor.py:841} WARNING - No viable dags retrieved from /home/marcos/anaconda3/envs/XPe-IGTI/lib/python3.8/site-packages/airflow/example_dags/plugins/workday.py
[2023-11-28T19:00:02.683-0300] {processor.py:179} INFO - Processing /home/marcos/anaconda3/envs/XPe-IGTI/lib/python3.8/site-packages/airflow/example_dags/plugins/workday.py took 0.287 seconds
[2023-11-28T19:00:35.034-0300] {processor.py:157} INFO - Started process (PID=145903) to work on /home/marcos/anaconda3/envs/XPe-IGTI/lib/python3.8/site-packages/airflow/example_dags/plugins/workday.py
[2023-11-28T19:00:35.038-0300] {processor.py:829} INFO - Processing file /home/marcos/anaconda3/envs/XPe-IGTI/lib/python3.8/site-packages/airflow/example_dags/plugins/workday.py for tasks to queue
[2023-11-28T19:00:35.039-0300] {logging_mixin.py:154} INFO - [2023-11-28T19:00:35.039-0300] {dagbag.py:536} INFO - Filling up the DagBag from /home/marcos/anaconda3/envs/XPe-IGTI/lib/python3.8/site-packages/airflow/example_dags/plugins/workday.py
[2023-11-28T19:00:35.519-0300] {processor.py:841} WARNING - No viable dags retrieved from /home/marcos/anaconda3/envs/XPe-IGTI/lib/python3.8/site-packages/airflow/example_dags/plugins/workday.py
[2023-11-28T19:00:35.533-0300] {processor.py:179} INFO - Processing /home/marcos/anaconda3/envs/XPe-IGTI/lib/python3.8/site-packages/airflow/example_dags/plugins/workday.py took 0.504 seconds
[2023-11-28T19:01:10.673-0300] {processor.py:157} INFO - Started process (PID=145953) to work on /home/marcos/anaconda3/envs/XPe-IGTI/lib/python3.8/site-packages/airflow/example_dags/plugins/workday.py
[2023-11-28T19:01:10.674-0300] {processor.py:829} INFO - Processing file /home/marcos/anaconda3/envs/XPe-IGTI/lib/python3.8/site-packages/airflow/example_dags/plugins/workday.py for tasks to queue
[2023-11-28T19:01:10.675-0300] {logging_mixin.py:154} INFO - [2023-11-28T19:01:10.674-0300] {dagbag.py:536} INFO - Filling up the DagBag from /home/marcos/anaconda3/envs/XPe-IGTI/lib/python3.8/site-packages/airflow/example_dags/plugins/workday.py
[2023-11-28T19:01:10.935-0300] {processor.py:841} WARNING - No viable dags retrieved from /home/marcos/anaconda3/envs/XPe-IGTI/lib/python3.8/site-packages/airflow/example_dags/plugins/workday.py
[2023-11-28T19:01:10.942-0300] {processor.py:179} INFO - Processing /home/marcos/anaconda3/envs/XPe-IGTI/lib/python3.8/site-packages/airflow/example_dags/plugins/workday.py took 0.272 seconds
[2023-11-28T19:01:50.067-0300] {processor.py:157} INFO - Started process (PID=146072) to work on /home/marcos/anaconda3/envs/XPe-IGTI/lib/python3.8/site-packages/airflow/example_dags/plugins/workday.py
[2023-11-28T19:01:50.072-0300] {processor.py:829} INFO - Processing file /home/marcos/anaconda3/envs/XPe-IGTI/lib/python3.8/site-packages/airflow/example_dags/plugins/workday.py for tasks to queue
[2023-11-28T19:01:50.073-0300] {logging_mixin.py:154} INFO - [2023-11-28T19:01:50.073-0300] {dagbag.py:536} INFO - Filling up the DagBag from /home/marcos/anaconda3/envs/XPe-IGTI/lib/python3.8/site-packages/airflow/example_dags/plugins/workday.py
[2023-11-28T19:01:50.625-0300] {processor.py:841} WARNING - No viable dags retrieved from /home/marcos/anaconda3/envs/XPe-IGTI/lib/python3.8/site-packages/airflow/example_dags/plugins/workday.py
[2023-11-28T19:01:50.647-0300] {processor.py:179} INFO - Processing /home/marcos/anaconda3/envs/XPe-IGTI/lib/python3.8/site-packages/airflow/example_dags/plugins/workday.py took 0.584 seconds
[2023-11-28T19:02:30.408-0300] {processor.py:157} INFO - Started process (PID=146136) to work on /home/marcos/anaconda3/envs/XPe-IGTI/lib/python3.8/site-packages/airflow/example_dags/plugins/workday.py
[2023-11-28T19:02:30.412-0300] {processor.py:829} INFO - Processing file /home/marcos/anaconda3/envs/XPe-IGTI/lib/python3.8/site-packages/airflow/example_dags/plugins/workday.py for tasks to queue
[2023-11-28T19:02:30.413-0300] {logging_mixin.py:154} INFO - [2023-11-28T19:02:30.413-0300] {dagbag.py:536} INFO - Filling up the DagBag from /home/marcos/anaconda3/envs/XPe-IGTI/lib/python3.8/site-packages/airflow/example_dags/plugins/workday.py
[2023-11-28T19:02:30.724-0300] {processor.py:841} WARNING - No viable dags retrieved from /home/marcos/anaconda3/envs/XPe-IGTI/lib/python3.8/site-packages/airflow/example_dags/plugins/workday.py
[2023-11-28T19:02:30.733-0300] {processor.py:179} INFO - Processing /home/marcos/anaconda3/envs/XPe-IGTI/lib/python3.8/site-packages/airflow/example_dags/plugins/workday.py took 0.328 seconds
[2023-11-28T19:03:06.808-0300] {processor.py:157} INFO - Started process (PID=146208) to work on /home/marcos/anaconda3/envs/XPe-IGTI/lib/python3.8/site-packages/airflow/example_dags/plugins/workday.py
[2023-11-28T19:03:06.812-0300] {processor.py:829} INFO - Processing file /home/marcos/anaconda3/envs/XPe-IGTI/lib/python3.8/site-packages/airflow/example_dags/plugins/workday.py for tasks to queue
[2023-11-28T19:03:06.812-0300] {logging_mixin.py:154} INFO - [2023-11-28T19:03:06.812-0300] {dagbag.py:536} INFO - Filling up the DagBag from /home/marcos/anaconda3/envs/XPe-IGTI/lib/python3.8/site-packages/airflow/example_dags/plugins/workday.py
[2023-11-28T19:03:07.226-0300] {processor.py:841} WARNING - No viable dags retrieved from /home/marcos/anaconda3/envs/XPe-IGTI/lib/python3.8/site-packages/airflow/example_dags/plugins/workday.py
[2023-11-28T19:03:07.239-0300] {processor.py:179} INFO - Processing /home/marcos/anaconda3/envs/XPe-IGTI/lib/python3.8/site-packages/airflow/example_dags/plugins/workday.py took 0.435 seconds
[2023-11-28T19:03:46.354-0300] {processor.py:157} INFO - Started process (PID=146291) to work on /home/marcos/anaconda3/envs/XPe-IGTI/lib/python3.8/site-packages/airflow/example_dags/plugins/workday.py
[2023-11-28T19:03:46.359-0300] {processor.py:829} INFO - Processing file /home/marcos/anaconda3/envs/XPe-IGTI/lib/python3.8/site-packages/airflow/example_dags/plugins/workday.py for tasks to queue
[2023-11-28T19:03:46.360-0300] {logging_mixin.py:154} INFO - [2023-11-28T19:03:46.359-0300] {dagbag.py:536} INFO - Filling up the DagBag from /home/marcos/anaconda3/envs/XPe-IGTI/lib/python3.8/site-packages/airflow/example_dags/plugins/workday.py
[2023-11-28T19:03:46.878-0300] {processor.py:841} WARNING - No viable dags retrieved from /home/marcos/anaconda3/envs/XPe-IGTI/lib/python3.8/site-packages/airflow/example_dags/plugins/workday.py
[2023-11-28T19:03:46.894-0300] {processor.py:179} INFO - Processing /home/marcos/anaconda3/envs/XPe-IGTI/lib/python3.8/site-packages/airflow/example_dags/plugins/workday.py took 0.546 seconds
[2023-11-28T19:04:35.443-0300] {processor.py:157} INFO - Started process (PID=146372) to work on /home/marcos/anaconda3/envs/XPe-IGTI/lib/python3.8/site-packages/airflow/example_dags/plugins/workday.py
[2023-11-28T19:04:35.447-0300] {processor.py:829} INFO - Processing file /home/marcos/anaconda3/envs/XPe-IGTI/lib/python3.8/site-packages/airflow/example_dags/plugins/workday.py for tasks to queue
[2023-11-28T19:04:35.449-0300] {logging_mixin.py:154} INFO - [2023-11-28T19:04:35.448-0300] {dagbag.py:536} INFO - Filling up the DagBag from /home/marcos/anaconda3/envs/XPe-IGTI/lib/python3.8/site-packages/airflow/example_dags/plugins/workday.py
[2023-11-28T19:04:35.897-0300] {processor.py:841} WARNING - No viable dags retrieved from /home/marcos/anaconda3/envs/XPe-IGTI/lib/python3.8/site-packages/airflow/example_dags/plugins/workday.py
[2023-11-28T19:04:35.912-0300] {processor.py:179} INFO - Processing /home/marcos/anaconda3/envs/XPe-IGTI/lib/python3.8/site-packages/airflow/example_dags/plugins/workday.py took 0.476 seconds
[2023-11-28T19:05:26.633-0300] {processor.py:157} INFO - Started process (PID=146456) to work on /home/marcos/anaconda3/envs/XPe-IGTI/lib/python3.8/site-packages/airflow/example_dags/plugins/workday.py
[2023-11-28T19:05:26.634-0300] {processor.py:829} INFO - Processing file /home/marcos/anaconda3/envs/XPe-IGTI/lib/python3.8/site-packages/airflow/example_dags/plugins/workday.py for tasks to queue
[2023-11-28T19:05:26.636-0300] {logging_mixin.py:154} INFO - [2023-11-28T19:05:26.635-0300] {dagbag.py:536} INFO - Filling up the DagBag from /home/marcos/anaconda3/envs/XPe-IGTI/lib/python3.8/site-packages/airflow/example_dags/plugins/workday.py
[2023-11-28T19:05:27.178-0300] {processor.py:841} WARNING - No viable dags retrieved from /home/marcos/anaconda3/envs/XPe-IGTI/lib/python3.8/site-packages/airflow/example_dags/plugins/workday.py
[2023-11-28T19:05:27.199-0300] {processor.py:179} INFO - Processing /home/marcos/anaconda3/envs/XPe-IGTI/lib/python3.8/site-packages/airflow/example_dags/plugins/workday.py took 0.574 seconds
[2023-11-28T19:06:19.028-0300] {processor.py:157} INFO - Started process (PID=146554) to work on /home/marcos/anaconda3/envs/XPe-IGTI/lib/python3.8/site-packages/airflow/example_dags/plugins/workday.py
[2023-11-28T19:06:19.032-0300] {processor.py:829} INFO - Processing file /home/marcos/anaconda3/envs/XPe-IGTI/lib/python3.8/site-packages/airflow/example_dags/plugins/workday.py for tasks to queue
[2023-11-28T19:06:19.036-0300] {logging_mixin.py:154} INFO - [2023-11-28T19:06:19.035-0300] {dagbag.py:536} INFO - Filling up the DagBag from /home/marcos/anaconda3/envs/XPe-IGTI/lib/python3.8/site-packages/airflow/example_dags/plugins/workday.py
[2023-11-28T19:06:19.486-0300] {processor.py:841} WARNING - No viable dags retrieved from /home/marcos/anaconda3/envs/XPe-IGTI/lib/python3.8/site-packages/airflow/example_dags/plugins/workday.py
[2023-11-28T19:06:19.497-0300] {processor.py:179} INFO - Processing /home/marcos/anaconda3/envs/XPe-IGTI/lib/python3.8/site-packages/airflow/example_dags/plugins/workday.py took 0.474 seconds
[2023-11-28T19:07:03.535-0300] {processor.py:157} INFO - Started process (PID=146625) to work on /home/marcos/anaconda3/envs/XPe-IGTI/lib/python3.8/site-packages/airflow/example_dags/plugins/workday.py
[2023-11-28T19:07:03.539-0300] {processor.py:829} INFO - Processing file /home/marcos/anaconda3/envs/XPe-IGTI/lib/python3.8/site-packages/airflow/example_dags/plugins/workday.py for tasks to queue
[2023-11-28T19:07:03.541-0300] {logging_mixin.py:154} INFO - [2023-11-28T19:07:03.541-0300] {dagbag.py:536} INFO - Filling up the DagBag from /home/marcos/anaconda3/envs/XPe-IGTI/lib/python3.8/site-packages/airflow/example_dags/plugins/workday.py
[2023-11-28T19:07:03.738-0300] {processor.py:841} WARNING - No viable dags retrieved from /home/marcos/anaconda3/envs/XPe-IGTI/lib/python3.8/site-packages/airflow/example_dags/plugins/workday.py
[2023-11-28T19:07:03.744-0300] {processor.py:179} INFO - Processing /home/marcos/anaconda3/envs/XPe-IGTI/lib/python3.8/site-packages/airflow/example_dags/plugins/workday.py took 0.213 seconds
[2023-11-28T19:07:44.619-0300] {processor.py:157} INFO - Started process (PID=146682) to work on /home/marcos/anaconda3/envs/XPe-IGTI/lib/python3.8/site-packages/airflow/example_dags/plugins/workday.py
[2023-11-28T19:07:44.624-0300] {processor.py:829} INFO - Processing file /home/marcos/anaconda3/envs/XPe-IGTI/lib/python3.8/site-packages/airflow/example_dags/plugins/workday.py for tasks to queue
[2023-11-28T19:07:44.632-0300] {logging_mixin.py:154} INFO - [2023-11-28T19:07:44.631-0300] {dagbag.py:536} INFO - Filling up the DagBag from /home/marcos/anaconda3/envs/XPe-IGTI/lib/python3.8/site-packages/airflow/example_dags/plugins/workday.py
[2023-11-28T19:07:45.006-0300] {processor.py:841} WARNING - No viable dags retrieved from /home/marcos/anaconda3/envs/XPe-IGTI/lib/python3.8/site-packages/airflow/example_dags/plugins/workday.py
[2023-11-28T19:07:45.017-0300] {processor.py:179} INFO - Processing /home/marcos/anaconda3/envs/XPe-IGTI/lib/python3.8/site-packages/airflow/example_dags/plugins/workday.py took 0.403 seconds
[2023-11-28T19:08:32.603-0300] {processor.py:157} INFO - Started process (PID=146737) to work on /home/marcos/anaconda3/envs/XPe-IGTI/lib/python3.8/site-packages/airflow/example_dags/plugins/workday.py
[2023-11-28T19:08:32.604-0300] {processor.py:829} INFO - Processing file /home/marcos/anaconda3/envs/XPe-IGTI/lib/python3.8/site-packages/airflow/example_dags/plugins/workday.py for tasks to queue
[2023-11-28T19:08:32.608-0300] {logging_mixin.py:154} INFO - [2023-11-28T19:08:32.607-0300] {dagbag.py:536} INFO - Filling up the DagBag from /home/marcos/anaconda3/envs/XPe-IGTI/lib/python3.8/site-packages/airflow/example_dags/plugins/workday.py
[2023-11-28T19:08:33.012-0300] {processor.py:841} WARNING - No viable dags retrieved from /home/marcos/anaconda3/envs/XPe-IGTI/lib/python3.8/site-packages/airflow/example_dags/plugins/workday.py
[2023-11-28T19:08:33.024-0300] {processor.py:179} INFO - Processing /home/marcos/anaconda3/envs/XPe-IGTI/lib/python3.8/site-packages/airflow/example_dags/plugins/workday.py took 0.427 seconds
[2023-11-28T19:09:21.858-0300] {processor.py:157} INFO - Started process (PID=146899) to work on /home/marcos/anaconda3/envs/XPe-IGTI/lib/python3.8/site-packages/airflow/example_dags/plugins/workday.py
[2023-11-28T19:09:21.863-0300] {processor.py:829} INFO - Processing file /home/marcos/anaconda3/envs/XPe-IGTI/lib/python3.8/site-packages/airflow/example_dags/plugins/workday.py for tasks to queue
[2023-11-28T19:09:21.866-0300] {logging_mixin.py:154} INFO - [2023-11-28T19:09:21.865-0300] {dagbag.py:536} INFO - Filling up the DagBag from /home/marcos/anaconda3/envs/XPe-IGTI/lib/python3.8/site-packages/airflow/example_dags/plugins/workday.py
[2023-11-28T19:09:22.093-0300] {processor.py:841} WARNING - No viable dags retrieved from /home/marcos/anaconda3/envs/XPe-IGTI/lib/python3.8/site-packages/airflow/example_dags/plugins/workday.py
[2023-11-28T19:09:22.101-0300] {processor.py:179} INFO - Processing /home/marcos/anaconda3/envs/XPe-IGTI/lib/python3.8/site-packages/airflow/example_dags/plugins/workday.py took 0.247 seconds
[2023-11-28T19:10:03.805-0300] {processor.py:157} INFO - Started process (PID=146962) to work on /home/marcos/anaconda3/envs/XPe-IGTI/lib/python3.8/site-packages/airflow/example_dags/plugins/workday.py
[2023-11-28T19:10:03.810-0300] {processor.py:829} INFO - Processing file /home/marcos/anaconda3/envs/XPe-IGTI/lib/python3.8/site-packages/airflow/example_dags/plugins/workday.py for tasks to queue
[2023-11-28T19:10:03.813-0300] {logging_mixin.py:154} INFO - [2023-11-28T19:10:03.813-0300] {dagbag.py:536} INFO - Filling up the DagBag from /home/marcos/anaconda3/envs/XPe-IGTI/lib/python3.8/site-packages/airflow/example_dags/plugins/workday.py
[2023-11-28T19:10:04.198-0300] {processor.py:841} WARNING - No viable dags retrieved from /home/marcos/anaconda3/envs/XPe-IGTI/lib/python3.8/site-packages/airflow/example_dags/plugins/workday.py
[2023-11-28T19:10:04.209-0300] {processor.py:179} INFO - Processing /home/marcos/anaconda3/envs/XPe-IGTI/lib/python3.8/site-packages/airflow/example_dags/plugins/workday.py took 0.408 seconds
[2023-11-28T19:10:44.830-0300] {processor.py:157} INFO - Started process (PID=147080) to work on /home/marcos/anaconda3/envs/XPe-IGTI/lib/python3.8/site-packages/airflow/example_dags/plugins/workday.py
[2023-11-28T19:10:44.835-0300] {processor.py:829} INFO - Processing file /home/marcos/anaconda3/envs/XPe-IGTI/lib/python3.8/site-packages/airflow/example_dags/plugins/workday.py for tasks to queue
[2023-11-28T19:10:44.838-0300] {logging_mixin.py:154} INFO - [2023-11-28T19:10:44.837-0300] {dagbag.py:536} INFO - Filling up the DagBag from /home/marcos/anaconda3/envs/XPe-IGTI/lib/python3.8/site-packages/airflow/example_dags/plugins/workday.py
[2023-11-28T19:10:45.085-0300] {processor.py:841} WARNING - No viable dags retrieved from /home/marcos/anaconda3/envs/XPe-IGTI/lib/python3.8/site-packages/airflow/example_dags/plugins/workday.py
[2023-11-28T19:10:45.093-0300] {processor.py:179} INFO - Processing /home/marcos/anaconda3/envs/XPe-IGTI/lib/python3.8/site-packages/airflow/example_dags/plugins/workday.py took 0.266 seconds
[2023-11-28T19:11:24.567-0300] {processor.py:157} INFO - Started process (PID=147151) to work on /home/marcos/anaconda3/envs/XPe-IGTI/lib/python3.8/site-packages/airflow/example_dags/plugins/workday.py
[2023-11-28T19:11:24.572-0300] {processor.py:829} INFO - Processing file /home/marcos/anaconda3/envs/XPe-IGTI/lib/python3.8/site-packages/airflow/example_dags/plugins/workday.py for tasks to queue
[2023-11-28T19:11:24.575-0300] {logging_mixin.py:154} INFO - [2023-11-28T19:11:24.575-0300] {dagbag.py:536} INFO - Filling up the DagBag from /home/marcos/anaconda3/envs/XPe-IGTI/lib/python3.8/site-packages/airflow/example_dags/plugins/workday.py
[2023-11-28T19:11:24.980-0300] {processor.py:841} WARNING - No viable dags retrieved from /home/marcos/anaconda3/envs/XPe-IGTI/lib/python3.8/site-packages/airflow/example_dags/plugins/workday.py
[2023-11-28T19:11:24.992-0300] {processor.py:179} INFO - Processing /home/marcos/anaconda3/envs/XPe-IGTI/lib/python3.8/site-packages/airflow/example_dags/plugins/workday.py took 0.430 seconds
[2023-11-28T19:12:13.567-0300] {processor.py:157} INFO - Started process (PID=147337) to work on /home/marcos/anaconda3/envs/XPe-IGTI/lib/python3.8/site-packages/airflow/example_dags/plugins/workday.py
[2023-11-28T19:12:13.572-0300] {processor.py:829} INFO - Processing file /home/marcos/anaconda3/envs/XPe-IGTI/lib/python3.8/site-packages/airflow/example_dags/plugins/workday.py for tasks to queue
[2023-11-28T19:12:13.576-0300] {logging_mixin.py:154} INFO - [2023-11-28T19:12:13.575-0300] {dagbag.py:536} INFO - Filling up the DagBag from /home/marcos/anaconda3/envs/XPe-IGTI/lib/python3.8/site-packages/airflow/example_dags/plugins/workday.py
[2023-11-28T19:12:14.172-0300] {processor.py:841} WARNING - No viable dags retrieved from /home/marcos/anaconda3/envs/XPe-IGTI/lib/python3.8/site-packages/airflow/example_dags/plugins/workday.py
[2023-11-28T19:12:14.192-0300] {processor.py:179} INFO - Processing /home/marcos/anaconda3/envs/XPe-IGTI/lib/python3.8/site-packages/airflow/example_dags/plugins/workday.py took 0.630 seconds
[2023-11-28T19:13:03.820-0300] {processor.py:157} INFO - Started process (PID=147448) to work on /home/marcos/anaconda3/envs/XPe-IGTI/lib/python3.8/site-packages/airflow/example_dags/plugins/workday.py
[2023-11-28T19:13:03.825-0300] {processor.py:829} INFO - Processing file /home/marcos/anaconda3/envs/XPe-IGTI/lib/python3.8/site-packages/airflow/example_dags/plugins/workday.py for tasks to queue
[2023-11-28T19:13:03.829-0300] {logging_mixin.py:154} INFO - [2023-11-28T19:13:03.828-0300] {dagbag.py:536} INFO - Filling up the DagBag from /home/marcos/anaconda3/envs/XPe-IGTI/lib/python3.8/site-packages/airflow/example_dags/plugins/workday.py
[2023-11-28T19:13:04.265-0300] {processor.py:841} WARNING - No viable dags retrieved from /home/marcos/anaconda3/envs/XPe-IGTI/lib/python3.8/site-packages/airflow/example_dags/plugins/workday.py
[2023-11-28T19:13:04.278-0300] {processor.py:179} INFO - Processing /home/marcos/anaconda3/envs/XPe-IGTI/lib/python3.8/site-packages/airflow/example_dags/plugins/workday.py took 0.463 seconds
[2023-11-28T19:13:57.941-0300] {processor.py:157} INFO - Started process (PID=147531) to work on /home/marcos/anaconda3/envs/XPe-IGTI/lib/python3.8/site-packages/airflow/example_dags/plugins/workday.py
[2023-11-28T19:13:57.945-0300] {processor.py:829} INFO - Processing file /home/marcos/anaconda3/envs/XPe-IGTI/lib/python3.8/site-packages/airflow/example_dags/plugins/workday.py for tasks to queue
[2023-11-28T19:13:57.956-0300] {logging_mixin.py:154} INFO - [2023-11-28T19:13:57.954-0300] {dagbag.py:536} INFO - Filling up the DagBag from /home/marcos/anaconda3/envs/XPe-IGTI/lib/python3.8/site-packages/airflow/example_dags/plugins/workday.py
[2023-11-28T19:13:58.499-0300] {processor.py:841} WARNING - No viable dags retrieved from /home/marcos/anaconda3/envs/XPe-IGTI/lib/python3.8/site-packages/airflow/example_dags/plugins/workday.py
[2023-11-28T19:13:58.510-0300] {processor.py:179} INFO - Processing /home/marcos/anaconda3/envs/XPe-IGTI/lib/python3.8/site-packages/airflow/example_dags/plugins/workday.py took 0.579 seconds
[2023-11-28T19:14:47.823-0300] {processor.py:157} INFO - Started process (PID=147578) to work on /home/marcos/anaconda3/envs/XPe-IGTI/lib/python3.8/site-packages/airflow/example_dags/plugins/workday.py
[2023-11-28T19:14:47.827-0300] {processor.py:829} INFO - Processing file /home/marcos/anaconda3/envs/XPe-IGTI/lib/python3.8/site-packages/airflow/example_dags/plugins/workday.py for tasks to queue
[2023-11-28T19:14:47.832-0300] {logging_mixin.py:154} INFO - [2023-11-28T19:14:47.831-0300] {dagbag.py:536} INFO - Filling up the DagBag from /home/marcos/anaconda3/envs/XPe-IGTI/lib/python3.8/site-packages/airflow/example_dags/plugins/workday.py
[2023-11-28T19:14:48.324-0300] {processor.py:841} WARNING - No viable dags retrieved from /home/marcos/anaconda3/envs/XPe-IGTI/lib/python3.8/site-packages/airflow/example_dags/plugins/workday.py
[2023-11-28T19:14:48.336-0300] {processor.py:179} INFO - Processing /home/marcos/anaconda3/envs/XPe-IGTI/lib/python3.8/site-packages/airflow/example_dags/plugins/workday.py took 0.519 seconds
[2023-11-28T19:15:37.530-0300] {processor.py:157} INFO - Started process (PID=147629) to work on /home/marcos/anaconda3/envs/XPe-IGTI/lib/python3.8/site-packages/airflow/example_dags/plugins/workday.py
[2023-11-28T19:15:37.535-0300] {processor.py:829} INFO - Processing file /home/marcos/anaconda3/envs/XPe-IGTI/lib/python3.8/site-packages/airflow/example_dags/plugins/workday.py for tasks to queue
[2023-11-28T19:15:37.538-0300] {logging_mixin.py:154} INFO - [2023-11-28T19:15:37.538-0300] {dagbag.py:536} INFO - Filling up the DagBag from /home/marcos/anaconda3/envs/XPe-IGTI/lib/python3.8/site-packages/airflow/example_dags/plugins/workday.py
[2023-11-28T19:15:38.008-0300] {processor.py:841} WARNING - No viable dags retrieved from /home/marcos/anaconda3/envs/XPe-IGTI/lib/python3.8/site-packages/airflow/example_dags/plugins/workday.py
[2023-11-28T19:15:38.023-0300] {processor.py:179} INFO - Processing /home/marcos/anaconda3/envs/XPe-IGTI/lib/python3.8/site-packages/airflow/example_dags/plugins/workday.py took 0.498 seconds
[2023-11-28T19:16:24.666-0300] {processor.py:157} INFO - Started process (PID=147684) to work on /home/marcos/anaconda3/envs/XPe-IGTI/lib/python3.8/site-packages/airflow/example_dags/plugins/workday.py
[2023-11-28T19:16:24.671-0300] {processor.py:829} INFO - Processing file /home/marcos/anaconda3/envs/XPe-IGTI/lib/python3.8/site-packages/airflow/example_dags/plugins/workday.py for tasks to queue
[2023-11-28T19:16:24.675-0300] {logging_mixin.py:154} INFO - [2023-11-28T19:16:24.674-0300] {dagbag.py:536} INFO - Filling up the DagBag from /home/marcos/anaconda3/envs/XPe-IGTI/lib/python3.8/site-packages/airflow/example_dags/plugins/workday.py
[2023-11-28T19:16:25.203-0300] {processor.py:841} WARNING - No viable dags retrieved from /home/marcos/anaconda3/envs/XPe-IGTI/lib/python3.8/site-packages/airflow/example_dags/plugins/workday.py
[2023-11-28T19:16:25.214-0300] {processor.py:179} INFO - Processing /home/marcos/anaconda3/envs/XPe-IGTI/lib/python3.8/site-packages/airflow/example_dags/plugins/workday.py took 0.554 seconds
[2023-11-28T19:17:07.469-0300] {processor.py:157} INFO - Started process (PID=147757) to work on /home/marcos/anaconda3/envs/XPe-IGTI/lib/python3.8/site-packages/airflow/example_dags/plugins/workday.py
[2023-11-28T19:17:07.470-0300] {processor.py:829} INFO - Processing file /home/marcos/anaconda3/envs/XPe-IGTI/lib/python3.8/site-packages/airflow/example_dags/plugins/workday.py for tasks to queue
[2023-11-28T19:17:07.474-0300] {logging_mixin.py:154} INFO - [2023-11-28T19:17:07.474-0300] {dagbag.py:536} INFO - Filling up the DagBag from /home/marcos/anaconda3/envs/XPe-IGTI/lib/python3.8/site-packages/airflow/example_dags/plugins/workday.py
[2023-11-28T19:17:07.886-0300] {processor.py:841} WARNING - No viable dags retrieved from /home/marcos/anaconda3/envs/XPe-IGTI/lib/python3.8/site-packages/airflow/example_dags/plugins/workday.py
[2023-11-28T19:17:07.897-0300] {processor.py:179} INFO - Processing /home/marcos/anaconda3/envs/XPe-IGTI/lib/python3.8/site-packages/airflow/example_dags/plugins/workday.py took 0.433 seconds
[2023-11-28T19:17:50.817-0300] {processor.py:157} INFO - Started process (PID=147804) to work on /home/marcos/anaconda3/envs/XPe-IGTI/lib/python3.8/site-packages/airflow/example_dags/plugins/workday.py
[2023-11-28T19:17:50.821-0300] {processor.py:829} INFO - Processing file /home/marcos/anaconda3/envs/XPe-IGTI/lib/python3.8/site-packages/airflow/example_dags/plugins/workday.py for tasks to queue
[2023-11-28T19:17:50.825-0300] {logging_mixin.py:154} INFO - [2023-11-28T19:17:50.824-0300] {dagbag.py:536} INFO - Filling up the DagBag from /home/marcos/anaconda3/envs/XPe-IGTI/lib/python3.8/site-packages/airflow/example_dags/plugins/workday.py
[2023-11-28T19:17:51.220-0300] {processor.py:841} WARNING - No viable dags retrieved from /home/marcos/anaconda3/envs/XPe-IGTI/lib/python3.8/site-packages/airflow/example_dags/plugins/workday.py
[2023-11-28T19:17:51.231-0300] {processor.py:179} INFO - Processing /home/marcos/anaconda3/envs/XPe-IGTI/lib/python3.8/site-packages/airflow/example_dags/plugins/workday.py took 0.420 seconds
[2023-11-28T19:18:37.734-0300] {processor.py:157} INFO - Started process (PID=147863) to work on /home/marcos/anaconda3/envs/XPe-IGTI/lib/python3.8/site-packages/airflow/example_dags/plugins/workday.py
[2023-11-28T19:18:37.739-0300] {processor.py:829} INFO - Processing file /home/marcos/anaconda3/envs/XPe-IGTI/lib/python3.8/site-packages/airflow/example_dags/plugins/workday.py for tasks to queue
[2023-11-28T19:18:37.748-0300] {logging_mixin.py:154} INFO - [2023-11-28T19:18:37.746-0300] {dagbag.py:536} INFO - Filling up the DagBag from /home/marcos/anaconda3/envs/XPe-IGTI/lib/python3.8/site-packages/airflow/example_dags/plugins/workday.py
[2023-11-28T19:18:38.159-0300] {processor.py:841} WARNING - No viable dags retrieved from /home/marcos/anaconda3/envs/XPe-IGTI/lib/python3.8/site-packages/airflow/example_dags/plugins/workday.py
[2023-11-28T19:18:38.170-0300] {processor.py:179} INFO - Processing /home/marcos/anaconda3/envs/XPe-IGTI/lib/python3.8/site-packages/airflow/example_dags/plugins/workday.py took 0.440 seconds
[2023-11-28T19:20:08.521-0300] {processor.py:157} INFO - Started process (PID=148261) to work on /home/marcos/anaconda3/envs/XPe-IGTI/lib/python3.8/site-packages/airflow/example_dags/plugins/workday.py
[2023-11-28T19:20:08.525-0300] {processor.py:829} INFO - Processing file /home/marcos/anaconda3/envs/XPe-IGTI/lib/python3.8/site-packages/airflow/example_dags/plugins/workday.py for tasks to queue
[2023-11-28T19:20:08.529-0300] {logging_mixin.py:154} INFO - [2023-11-28T19:20:08.528-0300] {dagbag.py:536} INFO - Filling up the DagBag from /home/marcos/anaconda3/envs/XPe-IGTI/lib/python3.8/site-packages/airflow/example_dags/plugins/workday.py
[2023-11-28T19:20:08.937-0300] {processor.py:841} WARNING - No viable dags retrieved from /home/marcos/anaconda3/envs/XPe-IGTI/lib/python3.8/site-packages/airflow/example_dags/plugins/workday.py
[2023-11-28T19:20:08.947-0300] {processor.py:179} INFO - Processing /home/marcos/anaconda3/envs/XPe-IGTI/lib/python3.8/site-packages/airflow/example_dags/plugins/workday.py took 0.431 seconds
[2023-11-28T19:21:28.056-0300] {processor.py:157} INFO - Started process (PID=148654) to work on /home/marcos/anaconda3/envs/XPe-IGTI/lib/python3.8/site-packages/airflow/example_dags/plugins/workday.py
[2023-11-28T19:21:28.061-0300] {processor.py:829} INFO - Processing file /home/marcos/anaconda3/envs/XPe-IGTI/lib/python3.8/site-packages/airflow/example_dags/plugins/workday.py for tasks to queue
[2023-11-28T19:21:28.064-0300] {logging_mixin.py:154} INFO - [2023-11-28T19:21:28.064-0300] {dagbag.py:536} INFO - Filling up the DagBag from /home/marcos/anaconda3/envs/XPe-IGTI/lib/python3.8/site-packages/airflow/example_dags/plugins/workday.py
[2023-11-28T19:21:28.478-0300] {processor.py:841} WARNING - No viable dags retrieved from /home/marcos/anaconda3/envs/XPe-IGTI/lib/python3.8/site-packages/airflow/example_dags/plugins/workday.py
[2023-11-28T19:21:28.491-0300] {processor.py:179} INFO - Processing /home/marcos/anaconda3/envs/XPe-IGTI/lib/python3.8/site-packages/airflow/example_dags/plugins/workday.py took 0.440 seconds
[2023-11-28T19:22:13.558-0300] {processor.py:157} INFO - Started process (PID=148741) to work on /home/marcos/anaconda3/envs/XPe-IGTI/lib/python3.8/site-packages/airflow/example_dags/plugins/workday.py
[2023-11-28T19:22:13.563-0300] {processor.py:829} INFO - Processing file /home/marcos/anaconda3/envs/XPe-IGTI/lib/python3.8/site-packages/airflow/example_dags/plugins/workday.py for tasks to queue
[2023-11-28T19:22:13.568-0300] {logging_mixin.py:154} INFO - [2023-11-28T19:22:13.567-0300] {dagbag.py:536} INFO - Filling up the DagBag from /home/marcos/anaconda3/envs/XPe-IGTI/lib/python3.8/site-packages/airflow/example_dags/plugins/workday.py
[2023-11-28T19:22:14.246-0300] {processor.py:841} WARNING - No viable dags retrieved from /home/marcos/anaconda3/envs/XPe-IGTI/lib/python3.8/site-packages/airflow/example_dags/plugins/workday.py
[2023-11-28T19:22:14.264-0300] {processor.py:179} INFO - Processing /home/marcos/anaconda3/envs/XPe-IGTI/lib/python3.8/site-packages/airflow/example_dags/plugins/workday.py took 0.712 seconds
[2023-11-28T19:23:03.099-0300] {processor.py:157} INFO - Started process (PID=148906) to work on /home/marcos/anaconda3/envs/XPe-IGTI/lib/python3.8/site-packages/airflow/example_dags/plugins/workday.py
[2023-11-28T19:23:03.104-0300] {processor.py:829} INFO - Processing file /home/marcos/anaconda3/envs/XPe-IGTI/lib/python3.8/site-packages/airflow/example_dags/plugins/workday.py for tasks to queue
[2023-11-28T19:23:03.108-0300] {logging_mixin.py:154} INFO - [2023-11-28T19:23:03.108-0300] {dagbag.py:536} INFO - Filling up the DagBag from /home/marcos/anaconda3/envs/XPe-IGTI/lib/python3.8/site-packages/airflow/example_dags/plugins/workday.py
[2023-11-28T19:23:03.605-0300] {processor.py:841} WARNING - No viable dags retrieved from /home/marcos/anaconda3/envs/XPe-IGTI/lib/python3.8/site-packages/airflow/example_dags/plugins/workday.py
[2023-11-28T19:23:03.621-0300] {processor.py:179} INFO - Processing /home/marcos/anaconda3/envs/XPe-IGTI/lib/python3.8/site-packages/airflow/example_dags/plugins/workday.py took 0.526 seconds
[2023-11-28T19:23:50.709-0300] {processor.py:157} INFO - Started process (PID=148952) to work on /home/marcos/anaconda3/envs/XPe-IGTI/lib/python3.8/site-packages/airflow/example_dags/plugins/workday.py
[2023-11-28T19:23:50.714-0300] {processor.py:829} INFO - Processing file /home/marcos/anaconda3/envs/XPe-IGTI/lib/python3.8/site-packages/airflow/example_dags/plugins/workday.py for tasks to queue
[2023-11-28T19:23:50.718-0300] {logging_mixin.py:154} INFO - [2023-11-28T19:23:50.718-0300] {dagbag.py:536} INFO - Filling up the DagBag from /home/marcos/anaconda3/envs/XPe-IGTI/lib/python3.8/site-packages/airflow/example_dags/plugins/workday.py
[2023-11-28T19:23:51.122-0300] {processor.py:841} WARNING - No viable dags retrieved from /home/marcos/anaconda3/envs/XPe-IGTI/lib/python3.8/site-packages/airflow/example_dags/plugins/workday.py
[2023-11-28T19:23:51.133-0300] {processor.py:179} INFO - Processing /home/marcos/anaconda3/envs/XPe-IGTI/lib/python3.8/site-packages/airflow/example_dags/plugins/workday.py took 0.429 seconds
[2023-11-28T19:24:36.257-0300] {processor.py:157} INFO - Started process (PID=149003) to work on /home/marcos/anaconda3/envs/XPe-IGTI/lib/python3.8/site-packages/airflow/example_dags/plugins/workday.py
[2023-11-28T19:24:36.262-0300] {processor.py:829} INFO - Processing file /home/marcos/anaconda3/envs/XPe-IGTI/lib/python3.8/site-packages/airflow/example_dags/plugins/workday.py for tasks to queue
[2023-11-28T19:24:36.266-0300] {logging_mixin.py:154} INFO - [2023-11-28T19:24:36.265-0300] {dagbag.py:536} INFO - Filling up the DagBag from /home/marcos/anaconda3/envs/XPe-IGTI/lib/python3.8/site-packages/airflow/example_dags/plugins/workday.py
[2023-11-28T19:24:36.671-0300] {processor.py:841} WARNING - No viable dags retrieved from /home/marcos/anaconda3/envs/XPe-IGTI/lib/python3.8/site-packages/airflow/example_dags/plugins/workday.py
[2023-11-28T19:24:36.684-0300] {processor.py:179} INFO - Processing /home/marcos/anaconda3/envs/XPe-IGTI/lib/python3.8/site-packages/airflow/example_dags/plugins/workday.py took 0.432 seconds
[2023-11-28T19:25:24.100-0300] {processor.py:157} INFO - Started process (PID=149051) to work on /home/marcos/anaconda3/envs/XPe-IGTI/lib/python3.8/site-packages/airflow/example_dags/plugins/workday.py
[2023-11-28T19:25:24.104-0300] {processor.py:829} INFO - Processing file /home/marcos/anaconda3/envs/XPe-IGTI/lib/python3.8/site-packages/airflow/example_dags/plugins/workday.py for tasks to queue
[2023-11-28T19:25:24.107-0300] {logging_mixin.py:154} INFO - [2023-11-28T19:25:24.107-0300] {dagbag.py:536} INFO - Filling up the DagBag from /home/marcos/anaconda3/envs/XPe-IGTI/lib/python3.8/site-packages/airflow/example_dags/plugins/workday.py
[2023-11-28T19:25:24.514-0300] {processor.py:841} WARNING - No viable dags retrieved from /home/marcos/anaconda3/envs/XPe-IGTI/lib/python3.8/site-packages/airflow/example_dags/plugins/workday.py
[2023-11-28T19:25:24.527-0300] {processor.py:179} INFO - Processing /home/marcos/anaconda3/envs/XPe-IGTI/lib/python3.8/site-packages/airflow/example_dags/plugins/workday.py took 0.433 seconds
[2023-11-28T19:26:12.902-0300] {processor.py:157} INFO - Started process (PID=149105) to work on /home/marcos/anaconda3/envs/XPe-IGTI/lib/python3.8/site-packages/airflow/example_dags/plugins/workday.py
[2023-11-28T19:26:12.907-0300] {processor.py:829} INFO - Processing file /home/marcos/anaconda3/envs/XPe-IGTI/lib/python3.8/site-packages/airflow/example_dags/plugins/workday.py for tasks to queue
[2023-11-28T19:26:12.911-0300] {logging_mixin.py:154} INFO - [2023-11-28T19:26:12.910-0300] {dagbag.py:536} INFO - Filling up the DagBag from /home/marcos/anaconda3/envs/XPe-IGTI/lib/python3.8/site-packages/airflow/example_dags/plugins/workday.py
[2023-11-28T19:26:13.302-0300] {processor.py:841} WARNING - No viable dags retrieved from /home/marcos/anaconda3/envs/XPe-IGTI/lib/python3.8/site-packages/airflow/example_dags/plugins/workday.py
[2023-11-28T19:26:13.315-0300] {processor.py:179} INFO - Processing /home/marcos/anaconda3/envs/XPe-IGTI/lib/python3.8/site-packages/airflow/example_dags/plugins/workday.py took 0.417 seconds
[2023-11-28T19:27:01.176-0300] {processor.py:157} INFO - Started process (PID=149177) to work on /home/marcos/anaconda3/envs/XPe-IGTI/lib/python3.8/site-packages/airflow/example_dags/plugins/workday.py
[2023-11-28T19:27:01.181-0300] {processor.py:829} INFO - Processing file /home/marcos/anaconda3/envs/XPe-IGTI/lib/python3.8/site-packages/airflow/example_dags/plugins/workday.py for tasks to queue
[2023-11-28T19:27:01.185-0300] {logging_mixin.py:154} INFO - [2023-11-28T19:27:01.184-0300] {dagbag.py:536} INFO - Filling up the DagBag from /home/marcos/anaconda3/envs/XPe-IGTI/lib/python3.8/site-packages/airflow/example_dags/plugins/workday.py
[2023-11-28T19:27:01.604-0300] {processor.py:841} WARNING - No viable dags retrieved from /home/marcos/anaconda3/envs/XPe-IGTI/lib/python3.8/site-packages/airflow/example_dags/plugins/workday.py
[2023-11-28T19:27:01.616-0300] {processor.py:179} INFO - Processing /home/marcos/anaconda3/envs/XPe-IGTI/lib/python3.8/site-packages/airflow/example_dags/plugins/workday.py took 0.446 seconds
[2023-11-28T19:27:42.223-0300] {processor.py:157} INFO - Started process (PID=149226) to work on /home/marcos/anaconda3/envs/XPe-IGTI/lib/python3.8/site-packages/airflow/example_dags/plugins/workday.py
[2023-11-28T19:27:42.228-0300] {processor.py:829} INFO - Processing file /home/marcos/anaconda3/envs/XPe-IGTI/lib/python3.8/site-packages/airflow/example_dags/plugins/workday.py for tasks to queue
[2023-11-28T19:27:42.236-0300] {logging_mixin.py:154} INFO - [2023-11-28T19:27:42.235-0300] {dagbag.py:536} INFO - Filling up the DagBag from /home/marcos/anaconda3/envs/XPe-IGTI/lib/python3.8/site-packages/airflow/example_dags/plugins/workday.py
[2023-11-28T19:27:42.487-0300] {processor.py:841} WARNING - No viable dags retrieved from /home/marcos/anaconda3/envs/XPe-IGTI/lib/python3.8/site-packages/airflow/example_dags/plugins/workday.py
[2023-11-28T19:27:42.494-0300] {processor.py:179} INFO - Processing /home/marcos/anaconda3/envs/XPe-IGTI/lib/python3.8/site-packages/airflow/example_dags/plugins/workday.py took 0.275 seconds
[2023-11-28T19:28:20.449-0300] {processor.py:157} INFO - Started process (PID=149307) to work on /home/marcos/anaconda3/envs/XPe-IGTI/lib/python3.8/site-packages/airflow/example_dags/plugins/workday.py
[2023-11-28T19:28:20.452-0300] {processor.py:829} INFO - Processing file /home/marcos/anaconda3/envs/XPe-IGTI/lib/python3.8/site-packages/airflow/example_dags/plugins/workday.py for tasks to queue
[2023-11-28T19:28:20.456-0300] {logging_mixin.py:154} INFO - [2023-11-28T19:28:20.455-0300] {dagbag.py:536} INFO - Filling up the DagBag from /home/marcos/anaconda3/envs/XPe-IGTI/lib/python3.8/site-packages/airflow/example_dags/plugins/workday.py
[2023-11-28T19:28:20.743-0300] {processor.py:841} WARNING - No viable dags retrieved from /home/marcos/anaconda3/envs/XPe-IGTI/lib/python3.8/site-packages/airflow/example_dags/plugins/workday.py
[2023-11-28T19:28:20.750-0300] {processor.py:179} INFO - Processing /home/marcos/anaconda3/envs/XPe-IGTI/lib/python3.8/site-packages/airflow/example_dags/plugins/workday.py took 0.305 seconds
