[2023-11-27T21:00:27.673-0300] {processor.py:157} INFO - Started process (PID=51746) to work on /home/marcos/anaconda3/envs/XPe-IGTI/lib/python3.8/site-packages/airflow/example_dags/subdags/subdag.py
[2023-11-27T21:00:27.675-0300] {processor.py:829} INFO - Processing file /home/marcos/anaconda3/envs/XPe-IGTI/lib/python3.8/site-packages/airflow/example_dags/subdags/subdag.py for tasks to queue
[2023-11-27T21:00:27.676-0300] {logging_mixin.py:154} INFO - [2023-11-27T21:00:27.676-0300] {dagbag.py:536} INFO - Filling up the DagBag from /home/marcos/anaconda3/envs/XPe-IGTI/lib/python3.8/site-packages/airflow/example_dags/subdags/subdag.py
[2023-11-27T21:00:27.680-0300] {processor.py:841} WARNING - No viable dags retrieved from /home/marcos/anaconda3/envs/XPe-IGTI/lib/python3.8/site-packages/airflow/example_dags/subdags/subdag.py
[2023-11-27T21:00:27.697-0300] {processor.py:179} INFO - Processing /home/marcos/anaconda3/envs/XPe-IGTI/lib/python3.8/site-packages/airflow/example_dags/subdags/subdag.py took 0.029 seconds
[2023-11-27T21:01:08.635-0300] {processor.py:157} INFO - Started process (PID=51792) to work on /home/marcos/anaconda3/envs/XPe-IGTI/lib/python3.8/site-packages/airflow/example_dags/subdags/subdag.py
[2023-11-27T21:01:08.640-0300] {processor.py:829} INFO - Processing file /home/marcos/anaconda3/envs/XPe-IGTI/lib/python3.8/site-packages/airflow/example_dags/subdags/subdag.py for tasks to queue
[2023-11-27T21:01:08.641-0300] {logging_mixin.py:154} INFO - [2023-11-27T21:01:08.640-0300] {dagbag.py:536} INFO - Filling up the DagBag from /home/marcos/anaconda3/envs/XPe-IGTI/lib/python3.8/site-packages/airflow/example_dags/subdags/subdag.py
[2023-11-27T21:01:08.644-0300] {processor.py:841} WARNING - No viable dags retrieved from /home/marcos/anaconda3/envs/XPe-IGTI/lib/python3.8/site-packages/airflow/example_dags/subdags/subdag.py
[2023-11-27T21:01:08.664-0300] {processor.py:179} INFO - Processing /home/marcos/anaconda3/envs/XPe-IGTI/lib/python3.8/site-packages/airflow/example_dags/subdags/subdag.py took 0.034 seconds
[2023-11-27T21:01:47.745-0300] {processor.py:157} INFO - Started process (PID=51864) to work on /home/marcos/anaconda3/envs/XPe-IGTI/lib/python3.8/site-packages/airflow/example_dags/subdags/subdag.py
[2023-11-27T21:01:47.752-0300] {processor.py:829} INFO - Processing file /home/marcos/anaconda3/envs/XPe-IGTI/lib/python3.8/site-packages/airflow/example_dags/subdags/subdag.py for tasks to queue
[2023-11-27T21:01:47.754-0300] {logging_mixin.py:154} INFO - [2023-11-27T21:01:47.753-0300] {dagbag.py:536} INFO - Filling up the DagBag from /home/marcos/anaconda3/envs/XPe-IGTI/lib/python3.8/site-packages/airflow/example_dags/subdags/subdag.py
[2023-11-27T21:01:47.761-0300] {processor.py:841} WARNING - No viable dags retrieved from /home/marcos/anaconda3/envs/XPe-IGTI/lib/python3.8/site-packages/airflow/example_dags/subdags/subdag.py
[2023-11-27T21:01:47.786-0300] {processor.py:179} INFO - Processing /home/marcos/anaconda3/envs/XPe-IGTI/lib/python3.8/site-packages/airflow/example_dags/subdags/subdag.py took 0.053 seconds
[2023-11-27T21:02:29.522-0300] {processor.py:157} INFO - Started process (PID=51925) to work on /home/marcos/anaconda3/envs/XPe-IGTI/lib/python3.8/site-packages/airflow/example_dags/subdags/subdag.py
[2023-11-27T21:02:29.527-0300] {processor.py:829} INFO - Processing file /home/marcos/anaconda3/envs/XPe-IGTI/lib/python3.8/site-packages/airflow/example_dags/subdags/subdag.py for tasks to queue
[2023-11-27T21:02:29.528-0300] {logging_mixin.py:154} INFO - [2023-11-27T21:02:29.528-0300] {dagbag.py:536} INFO - Filling up the DagBag from /home/marcos/anaconda3/envs/XPe-IGTI/lib/python3.8/site-packages/airflow/example_dags/subdags/subdag.py
[2023-11-27T21:02:29.532-0300] {processor.py:841} WARNING - No viable dags retrieved from /home/marcos/anaconda3/envs/XPe-IGTI/lib/python3.8/site-packages/airflow/example_dags/subdags/subdag.py
[2023-11-27T21:02:29.548-0300] {processor.py:179} INFO - Processing /home/marcos/anaconda3/envs/XPe-IGTI/lib/python3.8/site-packages/airflow/example_dags/subdags/subdag.py took 0.031 seconds
[2023-11-27T21:03:07.780-0300] {processor.py:157} INFO - Started process (PID=51967) to work on /home/marcos/anaconda3/envs/XPe-IGTI/lib/python3.8/site-packages/airflow/example_dags/subdags/subdag.py
[2023-11-27T21:03:07.785-0300] {processor.py:829} INFO - Processing file /home/marcos/anaconda3/envs/XPe-IGTI/lib/python3.8/site-packages/airflow/example_dags/subdags/subdag.py for tasks to queue
[2023-11-27T21:03:07.786-0300] {logging_mixin.py:154} INFO - [2023-11-27T21:03:07.786-0300] {dagbag.py:536} INFO - Filling up the DagBag from /home/marcos/anaconda3/envs/XPe-IGTI/lib/python3.8/site-packages/airflow/example_dags/subdags/subdag.py
[2023-11-27T21:03:07.789-0300] {processor.py:841} WARNING - No viable dags retrieved from /home/marcos/anaconda3/envs/XPe-IGTI/lib/python3.8/site-packages/airflow/example_dags/subdags/subdag.py
[2023-11-27T21:03:07.804-0300] {processor.py:179} INFO - Processing /home/marcos/anaconda3/envs/XPe-IGTI/lib/python3.8/site-packages/airflow/example_dags/subdags/subdag.py took 0.031 seconds
[2023-11-27T21:03:53.330-0300] {processor.py:157} INFO - Started process (PID=52020) to work on /home/marcos/anaconda3/envs/XPe-IGTI/lib/python3.8/site-packages/airflow/example_dags/subdags/subdag.py
[2023-11-27T21:03:53.331-0300] {processor.py:829} INFO - Processing file /home/marcos/anaconda3/envs/XPe-IGTI/lib/python3.8/site-packages/airflow/example_dags/subdags/subdag.py for tasks to queue
[2023-11-27T21:03:53.332-0300] {logging_mixin.py:154} INFO - [2023-11-27T21:03:53.332-0300] {dagbag.py:536} INFO - Filling up the DagBag from /home/marcos/anaconda3/envs/XPe-IGTI/lib/python3.8/site-packages/airflow/example_dags/subdags/subdag.py
[2023-11-27T21:03:53.336-0300] {processor.py:841} WARNING - No viable dags retrieved from /home/marcos/anaconda3/envs/XPe-IGTI/lib/python3.8/site-packages/airflow/example_dags/subdags/subdag.py
[2023-11-27T21:03:53.354-0300] {processor.py:179} INFO - Processing /home/marcos/anaconda3/envs/XPe-IGTI/lib/python3.8/site-packages/airflow/example_dags/subdags/subdag.py took 0.028 seconds
[2023-11-27T21:04:37.169-0300] {processor.py:157} INFO - Started process (PID=52078) to work on /home/marcos/anaconda3/envs/XPe-IGTI/lib/python3.8/site-packages/airflow/example_dags/subdags/subdag.py
[2023-11-27T21:04:37.177-0300] {processor.py:829} INFO - Processing file /home/marcos/anaconda3/envs/XPe-IGTI/lib/python3.8/site-packages/airflow/example_dags/subdags/subdag.py for tasks to queue
[2023-11-27T21:04:37.181-0300] {logging_mixin.py:154} INFO - [2023-11-27T21:04:37.179-0300] {dagbag.py:536} INFO - Filling up the DagBag from /home/marcos/anaconda3/envs/XPe-IGTI/lib/python3.8/site-packages/airflow/example_dags/subdags/subdag.py
[2023-11-27T21:04:37.190-0300] {processor.py:841} WARNING - No viable dags retrieved from /home/marcos/anaconda3/envs/XPe-IGTI/lib/python3.8/site-packages/airflow/example_dags/subdags/subdag.py
[2023-11-27T21:04:37.236-0300] {processor.py:179} INFO - Processing /home/marcos/anaconda3/envs/XPe-IGTI/lib/python3.8/site-packages/airflow/example_dags/subdags/subdag.py took 0.083 seconds
[2023-11-27T21:05:20.880-0300] {processor.py:157} INFO - Started process (PID=52140) to work on /home/marcos/anaconda3/envs/XPe-IGTI/lib/python3.8/site-packages/airflow/example_dags/subdags/subdag.py
[2023-11-27T21:05:20.885-0300] {processor.py:829} INFO - Processing file /home/marcos/anaconda3/envs/XPe-IGTI/lib/python3.8/site-packages/airflow/example_dags/subdags/subdag.py for tasks to queue
[2023-11-27T21:05:20.886-0300] {logging_mixin.py:154} INFO - [2023-11-27T21:05:20.886-0300] {dagbag.py:536} INFO - Filling up the DagBag from /home/marcos/anaconda3/envs/XPe-IGTI/lib/python3.8/site-packages/airflow/example_dags/subdags/subdag.py
[2023-11-27T21:05:20.891-0300] {processor.py:841} WARNING - No viable dags retrieved from /home/marcos/anaconda3/envs/XPe-IGTI/lib/python3.8/site-packages/airflow/example_dags/subdags/subdag.py
[2023-11-27T21:05:20.907-0300] {processor.py:179} INFO - Processing /home/marcos/anaconda3/envs/XPe-IGTI/lib/python3.8/site-packages/airflow/example_dags/subdags/subdag.py took 0.034 seconds
[2023-11-27T21:06:02.561-0300] {processor.py:157} INFO - Started process (PID=52211) to work on /home/marcos/anaconda3/envs/XPe-IGTI/lib/python3.8/site-packages/airflow/example_dags/subdags/subdag.py
[2023-11-27T21:06:02.566-0300] {processor.py:829} INFO - Processing file /home/marcos/anaconda3/envs/XPe-IGTI/lib/python3.8/site-packages/airflow/example_dags/subdags/subdag.py for tasks to queue
[2023-11-27T21:06:02.568-0300] {logging_mixin.py:154} INFO - [2023-11-27T21:06:02.567-0300] {dagbag.py:536} INFO - Filling up the DagBag from /home/marcos/anaconda3/envs/XPe-IGTI/lib/python3.8/site-packages/airflow/example_dags/subdags/subdag.py
[2023-11-27T21:06:02.575-0300] {processor.py:841} WARNING - No viable dags retrieved from /home/marcos/anaconda3/envs/XPe-IGTI/lib/python3.8/site-packages/airflow/example_dags/subdags/subdag.py
[2023-11-27T21:06:02.593-0300] {processor.py:179} INFO - Processing /home/marcos/anaconda3/envs/XPe-IGTI/lib/python3.8/site-packages/airflow/example_dags/subdags/subdag.py took 0.041 seconds
[2023-11-27T21:06:42.566-0300] {processor.py:157} INFO - Started process (PID=52261) to work on /home/marcos/anaconda3/envs/XPe-IGTI/lib/python3.8/site-packages/airflow/example_dags/subdags/subdag.py
[2023-11-27T21:06:42.570-0300] {processor.py:829} INFO - Processing file /home/marcos/anaconda3/envs/XPe-IGTI/lib/python3.8/site-packages/airflow/example_dags/subdags/subdag.py for tasks to queue
[2023-11-27T21:06:42.571-0300] {logging_mixin.py:154} INFO - [2023-11-27T21:06:42.570-0300] {dagbag.py:536} INFO - Filling up the DagBag from /home/marcos/anaconda3/envs/XPe-IGTI/lib/python3.8/site-packages/airflow/example_dags/subdags/subdag.py
[2023-11-27T21:06:42.575-0300] {processor.py:841} WARNING - No viable dags retrieved from /home/marcos/anaconda3/envs/XPe-IGTI/lib/python3.8/site-packages/airflow/example_dags/subdags/subdag.py
[2023-11-27T21:06:42.590-0300] {processor.py:179} INFO - Processing /home/marcos/anaconda3/envs/XPe-IGTI/lib/python3.8/site-packages/airflow/example_dags/subdags/subdag.py took 0.029 seconds
[2023-11-27T21:07:23.194-0300] {processor.py:157} INFO - Started process (PID=52331) to work on /home/marcos/anaconda3/envs/XPe-IGTI/lib/python3.8/site-packages/airflow/example_dags/subdags/subdag.py
[2023-11-27T21:07:23.198-0300] {processor.py:829} INFO - Processing file /home/marcos/anaconda3/envs/XPe-IGTI/lib/python3.8/site-packages/airflow/example_dags/subdags/subdag.py for tasks to queue
[2023-11-27T21:07:23.199-0300] {logging_mixin.py:154} INFO - [2023-11-27T21:07:23.199-0300] {dagbag.py:536} INFO - Filling up the DagBag from /home/marcos/anaconda3/envs/XPe-IGTI/lib/python3.8/site-packages/airflow/example_dags/subdags/subdag.py
[2023-11-27T21:07:23.202-0300] {processor.py:841} WARNING - No viable dags retrieved from /home/marcos/anaconda3/envs/XPe-IGTI/lib/python3.8/site-packages/airflow/example_dags/subdags/subdag.py
[2023-11-27T21:07:23.215-0300] {processor.py:179} INFO - Processing /home/marcos/anaconda3/envs/XPe-IGTI/lib/python3.8/site-packages/airflow/example_dags/subdags/subdag.py took 0.026 seconds
[2023-11-27T21:08:02.717-0300] {processor.py:157} INFO - Started process (PID=52381) to work on /home/marcos/anaconda3/envs/XPe-IGTI/lib/python3.8/site-packages/airflow/example_dags/subdags/subdag.py
[2023-11-27T21:08:02.723-0300] {processor.py:829} INFO - Processing file /home/marcos/anaconda3/envs/XPe-IGTI/lib/python3.8/site-packages/airflow/example_dags/subdags/subdag.py for tasks to queue
[2023-11-27T21:08:02.725-0300] {logging_mixin.py:154} INFO - [2023-11-27T21:08:02.724-0300] {dagbag.py:536} INFO - Filling up the DagBag from /home/marcos/anaconda3/envs/XPe-IGTI/lib/python3.8/site-packages/airflow/example_dags/subdags/subdag.py
[2023-11-27T21:08:02.732-0300] {processor.py:841} WARNING - No viable dags retrieved from /home/marcos/anaconda3/envs/XPe-IGTI/lib/python3.8/site-packages/airflow/example_dags/subdags/subdag.py
[2023-11-27T21:08:02.747-0300] {processor.py:179} INFO - Processing /home/marcos/anaconda3/envs/XPe-IGTI/lib/python3.8/site-packages/airflow/example_dags/subdags/subdag.py took 0.040 seconds
[2023-11-27T21:08:44.809-0300] {processor.py:157} INFO - Started process (PID=52433) to work on /home/marcos/anaconda3/envs/XPe-IGTI/lib/python3.8/site-packages/airflow/example_dags/subdags/subdag.py
[2023-11-27T21:08:44.815-0300] {processor.py:829} INFO - Processing file /home/marcos/anaconda3/envs/XPe-IGTI/lib/python3.8/site-packages/airflow/example_dags/subdags/subdag.py for tasks to queue
[2023-11-27T21:08:44.818-0300] {logging_mixin.py:154} INFO - [2023-11-27T21:08:44.816-0300] {dagbag.py:536} INFO - Filling up the DagBag from /home/marcos/anaconda3/envs/XPe-IGTI/lib/python3.8/site-packages/airflow/example_dags/subdags/subdag.py
[2023-11-27T21:08:44.824-0300] {processor.py:841} WARNING - No viable dags retrieved from /home/marcos/anaconda3/envs/XPe-IGTI/lib/python3.8/site-packages/airflow/example_dags/subdags/subdag.py
[2023-11-27T21:08:44.841-0300] {processor.py:179} INFO - Processing /home/marcos/anaconda3/envs/XPe-IGTI/lib/python3.8/site-packages/airflow/example_dags/subdags/subdag.py took 0.041 seconds
[2023-11-27T21:09:29.769-0300] {processor.py:157} INFO - Started process (PID=52486) to work on /home/marcos/anaconda3/envs/XPe-IGTI/lib/python3.8/site-packages/airflow/example_dags/subdags/subdag.py
[2023-11-27T21:09:29.774-0300] {processor.py:829} INFO - Processing file /home/marcos/anaconda3/envs/XPe-IGTI/lib/python3.8/site-packages/airflow/example_dags/subdags/subdag.py for tasks to queue
[2023-11-27T21:09:29.775-0300] {logging_mixin.py:154} INFO - [2023-11-27T21:09:29.774-0300] {dagbag.py:536} INFO - Filling up the DagBag from /home/marcos/anaconda3/envs/XPe-IGTI/lib/python3.8/site-packages/airflow/example_dags/subdags/subdag.py
[2023-11-27T21:09:29.779-0300] {processor.py:841} WARNING - No viable dags retrieved from /home/marcos/anaconda3/envs/XPe-IGTI/lib/python3.8/site-packages/airflow/example_dags/subdags/subdag.py
[2023-11-27T21:09:29.795-0300] {processor.py:179} INFO - Processing /home/marcos/anaconda3/envs/XPe-IGTI/lib/python3.8/site-packages/airflow/example_dags/subdags/subdag.py took 0.030 seconds
[2023-11-27T21:10:10.855-0300] {processor.py:157} INFO - Started process (PID=52532) to work on /home/marcos/anaconda3/envs/XPe-IGTI/lib/python3.8/site-packages/airflow/example_dags/subdags/subdag.py
[2023-11-27T21:10:10.861-0300] {processor.py:829} INFO - Processing file /home/marcos/anaconda3/envs/XPe-IGTI/lib/python3.8/site-packages/airflow/example_dags/subdags/subdag.py for tasks to queue
[2023-11-27T21:10:10.863-0300] {logging_mixin.py:154} INFO - [2023-11-27T21:10:10.862-0300] {dagbag.py:536} INFO - Filling up the DagBag from /home/marcos/anaconda3/envs/XPe-IGTI/lib/python3.8/site-packages/airflow/example_dags/subdags/subdag.py
[2023-11-27T21:10:10.869-0300] {processor.py:841} WARNING - No viable dags retrieved from /home/marcos/anaconda3/envs/XPe-IGTI/lib/python3.8/site-packages/airflow/example_dags/subdags/subdag.py
[2023-11-27T21:10:10.886-0300] {processor.py:179} INFO - Processing /home/marcos/anaconda3/envs/XPe-IGTI/lib/python3.8/site-packages/airflow/example_dags/subdags/subdag.py took 0.039 seconds
[2023-11-27T21:10:55.266-0300] {processor.py:157} INFO - Started process (PID=52585) to work on /home/marcos/anaconda3/envs/XPe-IGTI/lib/python3.8/site-packages/airflow/example_dags/subdags/subdag.py
[2023-11-27T21:10:55.271-0300] {processor.py:829} INFO - Processing file /home/marcos/anaconda3/envs/XPe-IGTI/lib/python3.8/site-packages/airflow/example_dags/subdags/subdag.py for tasks to queue
[2023-11-27T21:10:55.272-0300] {logging_mixin.py:154} INFO - [2023-11-27T21:10:55.271-0300] {dagbag.py:536} INFO - Filling up the DagBag from /home/marcos/anaconda3/envs/XPe-IGTI/lib/python3.8/site-packages/airflow/example_dags/subdags/subdag.py
[2023-11-27T21:10:55.275-0300] {processor.py:841} WARNING - No viable dags retrieved from /home/marcos/anaconda3/envs/XPe-IGTI/lib/python3.8/site-packages/airflow/example_dags/subdags/subdag.py
[2023-11-27T21:10:55.290-0300] {processor.py:179} INFO - Processing /home/marcos/anaconda3/envs/XPe-IGTI/lib/python3.8/site-packages/airflow/example_dags/subdags/subdag.py took 0.027 seconds
[2023-11-27T21:11:42.162-0300] {processor.py:157} INFO - Started process (PID=52641) to work on /home/marcos/anaconda3/envs/XPe-IGTI/lib/python3.8/site-packages/airflow/example_dags/subdags/subdag.py
[2023-11-27T21:11:42.167-0300] {processor.py:829} INFO - Processing file /home/marcos/anaconda3/envs/XPe-IGTI/lib/python3.8/site-packages/airflow/example_dags/subdags/subdag.py for tasks to queue
[2023-11-27T21:11:42.169-0300] {logging_mixin.py:154} INFO - [2023-11-27T21:11:42.168-0300] {dagbag.py:536} INFO - Filling up the DagBag from /home/marcos/anaconda3/envs/XPe-IGTI/lib/python3.8/site-packages/airflow/example_dags/subdags/subdag.py
[2023-11-27T21:11:42.173-0300] {processor.py:841} WARNING - No viable dags retrieved from /home/marcos/anaconda3/envs/XPe-IGTI/lib/python3.8/site-packages/airflow/example_dags/subdags/subdag.py
[2023-11-27T21:11:42.196-0300] {processor.py:179} INFO - Processing /home/marcos/anaconda3/envs/XPe-IGTI/lib/python3.8/site-packages/airflow/example_dags/subdags/subdag.py took 0.040 seconds
[2023-11-27T21:12:26.743-0300] {processor.py:157} INFO - Started process (PID=52715) to work on /home/marcos/anaconda3/envs/XPe-IGTI/lib/python3.8/site-packages/airflow/example_dags/subdags/subdag.py
[2023-11-27T21:12:26.749-0300] {processor.py:829} INFO - Processing file /home/marcos/anaconda3/envs/XPe-IGTI/lib/python3.8/site-packages/airflow/example_dags/subdags/subdag.py for tasks to queue
[2023-11-27T21:12:26.751-0300] {logging_mixin.py:154} INFO - [2023-11-27T21:12:26.750-0300] {dagbag.py:536} INFO - Filling up the DagBag from /home/marcos/anaconda3/envs/XPe-IGTI/lib/python3.8/site-packages/airflow/example_dags/subdags/subdag.py
[2023-11-27T21:12:26.758-0300] {processor.py:841} WARNING - No viable dags retrieved from /home/marcos/anaconda3/envs/XPe-IGTI/lib/python3.8/site-packages/airflow/example_dags/subdags/subdag.py
[2023-11-27T21:12:26.774-0300] {processor.py:179} INFO - Processing /home/marcos/anaconda3/envs/XPe-IGTI/lib/python3.8/site-packages/airflow/example_dags/subdags/subdag.py took 0.041 seconds
[2023-11-27T21:13:07.469-0300] {processor.py:157} INFO - Started process (PID=52767) to work on /home/marcos/anaconda3/envs/XPe-IGTI/lib/python3.8/site-packages/airflow/example_dags/subdags/subdag.py
[2023-11-27T21:13:07.473-0300] {processor.py:829} INFO - Processing file /home/marcos/anaconda3/envs/XPe-IGTI/lib/python3.8/site-packages/airflow/example_dags/subdags/subdag.py for tasks to queue
[2023-11-27T21:13:07.474-0300] {logging_mixin.py:154} INFO - [2023-11-27T21:13:07.474-0300] {dagbag.py:536} INFO - Filling up the DagBag from /home/marcos/anaconda3/envs/XPe-IGTI/lib/python3.8/site-packages/airflow/example_dags/subdags/subdag.py
[2023-11-27T21:13:07.477-0300] {processor.py:841} WARNING - No viable dags retrieved from /home/marcos/anaconda3/envs/XPe-IGTI/lib/python3.8/site-packages/airflow/example_dags/subdags/subdag.py
[2023-11-27T21:13:07.491-0300] {processor.py:179} INFO - Processing /home/marcos/anaconda3/envs/XPe-IGTI/lib/python3.8/site-packages/airflow/example_dags/subdags/subdag.py took 0.026 seconds
[2023-11-27T21:13:44.151-0300] {processor.py:157} INFO - Started process (PID=52850) to work on /home/marcos/anaconda3/envs/XPe-IGTI/lib/python3.8/site-packages/airflow/example_dags/subdags/subdag.py
[2023-11-27T21:13:44.155-0300] {processor.py:829} INFO - Processing file /home/marcos/anaconda3/envs/XPe-IGTI/lib/python3.8/site-packages/airflow/example_dags/subdags/subdag.py for tasks to queue
[2023-11-27T21:13:44.157-0300] {logging_mixin.py:154} INFO - [2023-11-27T21:13:44.156-0300] {dagbag.py:536} INFO - Filling up the DagBag from /home/marcos/anaconda3/envs/XPe-IGTI/lib/python3.8/site-packages/airflow/example_dags/subdags/subdag.py
[2023-11-27T21:13:44.162-0300] {processor.py:841} WARNING - No viable dags retrieved from /home/marcos/anaconda3/envs/XPe-IGTI/lib/python3.8/site-packages/airflow/example_dags/subdags/subdag.py
[2023-11-27T21:13:44.179-0300] {processor.py:179} INFO - Processing /home/marcos/anaconda3/envs/XPe-IGTI/lib/python3.8/site-packages/airflow/example_dags/subdags/subdag.py took 0.032 seconds
[2023-11-27T21:14:27.039-0300] {processor.py:157} INFO - Started process (PID=52904) to work on /home/marcos/anaconda3/envs/XPe-IGTI/lib/python3.8/site-packages/airflow/example_dags/subdags/subdag.py
[2023-11-27T21:14:27.044-0300] {processor.py:829} INFO - Processing file /home/marcos/anaconda3/envs/XPe-IGTI/lib/python3.8/site-packages/airflow/example_dags/subdags/subdag.py for tasks to queue
[2023-11-27T21:14:27.045-0300] {logging_mixin.py:154} INFO - [2023-11-27T21:14:27.044-0300] {dagbag.py:536} INFO - Filling up the DagBag from /home/marcos/anaconda3/envs/XPe-IGTI/lib/python3.8/site-packages/airflow/example_dags/subdags/subdag.py
[2023-11-27T21:14:27.048-0300] {processor.py:841} WARNING - No viable dags retrieved from /home/marcos/anaconda3/envs/XPe-IGTI/lib/python3.8/site-packages/airflow/example_dags/subdags/subdag.py
[2023-11-27T21:14:27.071-0300] {processor.py:179} INFO - Processing /home/marcos/anaconda3/envs/XPe-IGTI/lib/python3.8/site-packages/airflow/example_dags/subdags/subdag.py took 0.038 seconds
[2023-11-27T21:15:13.748-0300] {processor.py:157} INFO - Started process (PID=52970) to work on /home/marcos/anaconda3/envs/XPe-IGTI/lib/python3.8/site-packages/airflow/example_dags/subdags/subdag.py
[2023-11-27T21:15:13.752-0300] {processor.py:829} INFO - Processing file /home/marcos/anaconda3/envs/XPe-IGTI/lib/python3.8/site-packages/airflow/example_dags/subdags/subdag.py for tasks to queue
[2023-11-27T21:15:13.754-0300] {logging_mixin.py:154} INFO - [2023-11-27T21:15:13.753-0300] {dagbag.py:536} INFO - Filling up the DagBag from /home/marcos/anaconda3/envs/XPe-IGTI/lib/python3.8/site-packages/airflow/example_dags/subdags/subdag.py
[2023-11-27T21:15:13.757-0300] {processor.py:841} WARNING - No viable dags retrieved from /home/marcos/anaconda3/envs/XPe-IGTI/lib/python3.8/site-packages/airflow/example_dags/subdags/subdag.py
[2023-11-27T21:15:13.773-0300] {processor.py:179} INFO - Processing /home/marcos/anaconda3/envs/XPe-IGTI/lib/python3.8/site-packages/airflow/example_dags/subdags/subdag.py took 0.031 seconds
[2023-11-27T21:15:58.878-0300] {processor.py:157} INFO - Started process (PID=53023) to work on /home/marcos/anaconda3/envs/XPe-IGTI/lib/python3.8/site-packages/airflow/example_dags/subdags/subdag.py
[2023-11-27T21:15:58.883-0300] {processor.py:829} INFO - Processing file /home/marcos/anaconda3/envs/XPe-IGTI/lib/python3.8/site-packages/airflow/example_dags/subdags/subdag.py for tasks to queue
[2023-11-27T21:15:58.884-0300] {logging_mixin.py:154} INFO - [2023-11-27T21:15:58.883-0300] {dagbag.py:536} INFO - Filling up the DagBag from /home/marcos/anaconda3/envs/XPe-IGTI/lib/python3.8/site-packages/airflow/example_dags/subdags/subdag.py
[2023-11-27T21:15:58.888-0300] {processor.py:841} WARNING - No viable dags retrieved from /home/marcos/anaconda3/envs/XPe-IGTI/lib/python3.8/site-packages/airflow/example_dags/subdags/subdag.py
[2023-11-27T21:15:58.905-0300] {processor.py:179} INFO - Processing /home/marcos/anaconda3/envs/XPe-IGTI/lib/python3.8/site-packages/airflow/example_dags/subdags/subdag.py took 0.033 seconds
[2023-11-27T21:16:45.687-0300] {processor.py:157} INFO - Started process (PID=53098) to work on /home/marcos/anaconda3/envs/XPe-IGTI/lib/python3.8/site-packages/airflow/example_dags/subdags/subdag.py
[2023-11-27T21:16:45.694-0300] {processor.py:829} INFO - Processing file /home/marcos/anaconda3/envs/XPe-IGTI/lib/python3.8/site-packages/airflow/example_dags/subdags/subdag.py for tasks to queue
[2023-11-27T21:16:45.697-0300] {logging_mixin.py:154} INFO - [2023-11-27T21:16:45.696-0300] {dagbag.py:536} INFO - Filling up the DagBag from /home/marcos/anaconda3/envs/XPe-IGTI/lib/python3.8/site-packages/airflow/example_dags/subdags/subdag.py
[2023-11-27T21:16:45.705-0300] {processor.py:841} WARNING - No viable dags retrieved from /home/marcos/anaconda3/envs/XPe-IGTI/lib/python3.8/site-packages/airflow/example_dags/subdags/subdag.py
[2023-11-27T21:16:45.738-0300] {processor.py:179} INFO - Processing /home/marcos/anaconda3/envs/XPe-IGTI/lib/python3.8/site-packages/airflow/example_dags/subdags/subdag.py took 0.062 seconds
[2023-11-27T21:17:34.569-0300] {processor.py:157} INFO - Started process (PID=53161) to work on /home/marcos/anaconda3/envs/XPe-IGTI/lib/python3.8/site-packages/airflow/example_dags/subdags/subdag.py
[2023-11-27T21:17:34.573-0300] {processor.py:829} INFO - Processing file /home/marcos/anaconda3/envs/XPe-IGTI/lib/python3.8/site-packages/airflow/example_dags/subdags/subdag.py for tasks to queue
[2023-11-27T21:17:34.575-0300] {logging_mixin.py:154} INFO - [2023-11-27T21:17:34.574-0300] {dagbag.py:536} INFO - Filling up the DagBag from /home/marcos/anaconda3/envs/XPe-IGTI/lib/python3.8/site-packages/airflow/example_dags/subdags/subdag.py
[2023-11-27T21:17:34.579-0300] {processor.py:841} WARNING - No viable dags retrieved from /home/marcos/anaconda3/envs/XPe-IGTI/lib/python3.8/site-packages/airflow/example_dags/subdags/subdag.py
[2023-11-27T21:17:34.595-0300] {processor.py:179} INFO - Processing /home/marcos/anaconda3/envs/XPe-IGTI/lib/python3.8/site-packages/airflow/example_dags/subdags/subdag.py took 0.031 seconds
[2023-11-27T21:18:21.946-0300] {processor.py:157} INFO - Started process (PID=53212) to work on /home/marcos/anaconda3/envs/XPe-IGTI/lib/python3.8/site-packages/airflow/example_dags/subdags/subdag.py
[2023-11-27T21:18:21.950-0300] {processor.py:829} INFO - Processing file /home/marcos/anaconda3/envs/XPe-IGTI/lib/python3.8/site-packages/airflow/example_dags/subdags/subdag.py for tasks to queue
[2023-11-27T21:18:21.951-0300] {logging_mixin.py:154} INFO - [2023-11-27T21:18:21.951-0300] {dagbag.py:536} INFO - Filling up the DagBag from /home/marcos/anaconda3/envs/XPe-IGTI/lib/python3.8/site-packages/airflow/example_dags/subdags/subdag.py
[2023-11-27T21:18:21.955-0300] {processor.py:841} WARNING - No viable dags retrieved from /home/marcos/anaconda3/envs/XPe-IGTI/lib/python3.8/site-packages/airflow/example_dags/subdags/subdag.py
[2023-11-27T21:18:21.970-0300] {processor.py:179} INFO - Processing /home/marcos/anaconda3/envs/XPe-IGTI/lib/python3.8/site-packages/airflow/example_dags/subdags/subdag.py took 0.030 seconds
[2023-11-27T21:19:03.697-0300] {processor.py:157} INFO - Started process (PID=53267) to work on /home/marcos/anaconda3/envs/XPe-IGTI/lib/python3.8/site-packages/airflow/example_dags/subdags/subdag.py
[2023-11-27T21:19:03.702-0300] {processor.py:829} INFO - Processing file /home/marcos/anaconda3/envs/XPe-IGTI/lib/python3.8/site-packages/airflow/example_dags/subdags/subdag.py for tasks to queue
[2023-11-27T21:19:03.704-0300] {logging_mixin.py:154} INFO - [2023-11-27T21:19:03.703-0300] {dagbag.py:536} INFO - Filling up the DagBag from /home/marcos/anaconda3/envs/XPe-IGTI/lib/python3.8/site-packages/airflow/example_dags/subdags/subdag.py
[2023-11-27T21:19:03.712-0300] {processor.py:841} WARNING - No viable dags retrieved from /home/marcos/anaconda3/envs/XPe-IGTI/lib/python3.8/site-packages/airflow/example_dags/subdags/subdag.py
[2023-11-27T21:19:03.731-0300] {processor.py:179} INFO - Processing /home/marcos/anaconda3/envs/XPe-IGTI/lib/python3.8/site-packages/airflow/example_dags/subdags/subdag.py took 0.039 seconds
[2023-11-27T21:19:49.344-0300] {processor.py:157} INFO - Started process (PID=53321) to work on /home/marcos/anaconda3/envs/XPe-IGTI/lib/python3.8/site-packages/airflow/example_dags/subdags/subdag.py
[2023-11-27T21:19:49.346-0300] {processor.py:829} INFO - Processing file /home/marcos/anaconda3/envs/XPe-IGTI/lib/python3.8/site-packages/airflow/example_dags/subdags/subdag.py for tasks to queue
[2023-11-27T21:19:49.348-0300] {logging_mixin.py:154} INFO - [2023-11-27T21:19:49.347-0300] {dagbag.py:536} INFO - Filling up the DagBag from /home/marcos/anaconda3/envs/XPe-IGTI/lib/python3.8/site-packages/airflow/example_dags/subdags/subdag.py
[2023-11-27T21:19:49.352-0300] {processor.py:841} WARNING - No viable dags retrieved from /home/marcos/anaconda3/envs/XPe-IGTI/lib/python3.8/site-packages/airflow/example_dags/subdags/subdag.py
[2023-11-27T21:19:49.369-0300] {processor.py:179} INFO - Processing /home/marcos/anaconda3/envs/XPe-IGTI/lib/python3.8/site-packages/airflow/example_dags/subdags/subdag.py took 0.030 seconds
[2023-11-27T21:20:36.590-0300] {processor.py:157} INFO - Started process (PID=53377) to work on /home/marcos/anaconda3/envs/XPe-IGTI/lib/python3.8/site-packages/airflow/example_dags/subdags/subdag.py
[2023-11-27T21:20:36.595-0300] {processor.py:829} INFO - Processing file /home/marcos/anaconda3/envs/XPe-IGTI/lib/python3.8/site-packages/airflow/example_dags/subdags/subdag.py for tasks to queue
[2023-11-27T21:20:36.596-0300] {logging_mixin.py:154} INFO - [2023-11-27T21:20:36.596-0300] {dagbag.py:536} INFO - Filling up the DagBag from /home/marcos/anaconda3/envs/XPe-IGTI/lib/python3.8/site-packages/airflow/example_dags/subdags/subdag.py
[2023-11-27T21:20:36.600-0300] {processor.py:841} WARNING - No viable dags retrieved from /home/marcos/anaconda3/envs/XPe-IGTI/lib/python3.8/site-packages/airflow/example_dags/subdags/subdag.py
[2023-11-27T21:20:36.620-0300] {processor.py:179} INFO - Processing /home/marcos/anaconda3/envs/XPe-IGTI/lib/python3.8/site-packages/airflow/example_dags/subdags/subdag.py took 0.036 seconds
[2023-11-27T21:21:20.159-0300] {processor.py:157} INFO - Started process (PID=53424) to work on /home/marcos/anaconda3/envs/XPe-IGTI/lib/python3.8/site-packages/airflow/example_dags/subdags/subdag.py
[2023-11-27T21:21:20.163-0300] {processor.py:829} INFO - Processing file /home/marcos/anaconda3/envs/XPe-IGTI/lib/python3.8/site-packages/airflow/example_dags/subdags/subdag.py for tasks to queue
[2023-11-27T21:21:20.164-0300] {logging_mixin.py:154} INFO - [2023-11-27T21:21:20.164-0300] {dagbag.py:536} INFO - Filling up the DagBag from /home/marcos/anaconda3/envs/XPe-IGTI/lib/python3.8/site-packages/airflow/example_dags/subdags/subdag.py
[2023-11-27T21:21:20.168-0300] {processor.py:841} WARNING - No viable dags retrieved from /home/marcos/anaconda3/envs/XPe-IGTI/lib/python3.8/site-packages/airflow/example_dags/subdags/subdag.py
[2023-11-27T21:21:20.188-0300] {processor.py:179} INFO - Processing /home/marcos/anaconda3/envs/XPe-IGTI/lib/python3.8/site-packages/airflow/example_dags/subdags/subdag.py took 0.034 seconds
[2023-11-27T21:22:05.555-0300] {processor.py:157} INFO - Started process (PID=53498) to work on /home/marcos/anaconda3/envs/XPe-IGTI/lib/python3.8/site-packages/airflow/example_dags/subdags/subdag.py
[2023-11-27T21:22:05.559-0300] {processor.py:829} INFO - Processing file /home/marcos/anaconda3/envs/XPe-IGTI/lib/python3.8/site-packages/airflow/example_dags/subdags/subdag.py for tasks to queue
[2023-11-27T21:22:05.562-0300] {logging_mixin.py:154} INFO - [2023-11-27T21:22:05.561-0300] {dagbag.py:536} INFO - Filling up the DagBag from /home/marcos/anaconda3/envs/XPe-IGTI/lib/python3.8/site-packages/airflow/example_dags/subdags/subdag.py
[2023-11-27T21:22:05.566-0300] {processor.py:841} WARNING - No viable dags retrieved from /home/marcos/anaconda3/envs/XPe-IGTI/lib/python3.8/site-packages/airflow/example_dags/subdags/subdag.py
[2023-11-27T21:22:05.583-0300] {processor.py:179} INFO - Processing /home/marcos/anaconda3/envs/XPe-IGTI/lib/python3.8/site-packages/airflow/example_dags/subdags/subdag.py took 0.033 seconds
[2023-11-27T21:22:45.333-0300] {processor.py:157} INFO - Started process (PID=53550) to work on /home/marcos/anaconda3/envs/XPe-IGTI/lib/python3.8/site-packages/airflow/example_dags/subdags/subdag.py
[2023-11-27T21:22:45.338-0300] {processor.py:829} INFO - Processing file /home/marcos/anaconda3/envs/XPe-IGTI/lib/python3.8/site-packages/airflow/example_dags/subdags/subdag.py for tasks to queue
[2023-11-27T21:22:45.341-0300] {logging_mixin.py:154} INFO - [2023-11-27T21:22:45.340-0300] {dagbag.py:536} INFO - Filling up the DagBag from /home/marcos/anaconda3/envs/XPe-IGTI/lib/python3.8/site-packages/airflow/example_dags/subdags/subdag.py
[2023-11-27T21:22:45.345-0300] {processor.py:841} WARNING - No viable dags retrieved from /home/marcos/anaconda3/envs/XPe-IGTI/lib/python3.8/site-packages/airflow/example_dags/subdags/subdag.py
[2023-11-27T21:22:45.361-0300] {processor.py:179} INFO - Processing /home/marcos/anaconda3/envs/XPe-IGTI/lib/python3.8/site-packages/airflow/example_dags/subdags/subdag.py took 0.034 seconds
[2023-11-27T21:23:27.593-0300] {processor.py:157} INFO - Started process (PID=53602) to work on /home/marcos/anaconda3/envs/XPe-IGTI/lib/python3.8/site-packages/airflow/example_dags/subdags/subdag.py
[2023-11-27T21:23:27.599-0300] {processor.py:829} INFO - Processing file /home/marcos/anaconda3/envs/XPe-IGTI/lib/python3.8/site-packages/airflow/example_dags/subdags/subdag.py for tasks to queue
[2023-11-27T21:23:27.602-0300] {logging_mixin.py:154} INFO - [2023-11-27T21:23:27.600-0300] {dagbag.py:536} INFO - Filling up the DagBag from /home/marcos/anaconda3/envs/XPe-IGTI/lib/python3.8/site-packages/airflow/example_dags/subdags/subdag.py
[2023-11-27T21:23:27.609-0300] {processor.py:841} WARNING - No viable dags retrieved from /home/marcos/anaconda3/envs/XPe-IGTI/lib/python3.8/site-packages/airflow/example_dags/subdags/subdag.py
[2023-11-27T21:23:27.642-0300] {processor.py:179} INFO - Processing /home/marcos/anaconda3/envs/XPe-IGTI/lib/python3.8/site-packages/airflow/example_dags/subdags/subdag.py took 0.061 seconds
[2023-11-27T21:24:09.632-0300] {processor.py:157} INFO - Started process (PID=53647) to work on /home/marcos/anaconda3/envs/XPe-IGTI/lib/python3.8/site-packages/airflow/example_dags/subdags/subdag.py
[2023-11-27T21:24:09.637-0300] {processor.py:829} INFO - Processing file /home/marcos/anaconda3/envs/XPe-IGTI/lib/python3.8/site-packages/airflow/example_dags/subdags/subdag.py for tasks to queue
[2023-11-27T21:24:09.638-0300] {logging_mixin.py:154} INFO - [2023-11-27T21:24:09.637-0300] {dagbag.py:536} INFO - Filling up the DagBag from /home/marcos/anaconda3/envs/XPe-IGTI/lib/python3.8/site-packages/airflow/example_dags/subdags/subdag.py
[2023-11-27T21:24:09.642-0300] {processor.py:841} WARNING - No viable dags retrieved from /home/marcos/anaconda3/envs/XPe-IGTI/lib/python3.8/site-packages/airflow/example_dags/subdags/subdag.py
[2023-11-27T21:24:09.657-0300] {processor.py:179} INFO - Processing /home/marcos/anaconda3/envs/XPe-IGTI/lib/python3.8/site-packages/airflow/example_dags/subdags/subdag.py took 0.031 seconds
[2023-11-27T21:24:56.233-0300] {processor.py:157} INFO - Started process (PID=53712) to work on /home/marcos/anaconda3/envs/XPe-IGTI/lib/python3.8/site-packages/airflow/example_dags/subdags/subdag.py
[2023-11-27T21:24:56.241-0300] {processor.py:829} INFO - Processing file /home/marcos/anaconda3/envs/XPe-IGTI/lib/python3.8/site-packages/airflow/example_dags/subdags/subdag.py for tasks to queue
[2023-11-27T21:24:56.243-0300] {logging_mixin.py:154} INFO - [2023-11-27T21:24:56.242-0300] {dagbag.py:536} INFO - Filling up the DagBag from /home/marcos/anaconda3/envs/XPe-IGTI/lib/python3.8/site-packages/airflow/example_dags/subdags/subdag.py
[2023-11-27T21:24:56.251-0300] {processor.py:841} WARNING - No viable dags retrieved from /home/marcos/anaconda3/envs/XPe-IGTI/lib/python3.8/site-packages/airflow/example_dags/subdags/subdag.py
[2023-11-27T21:24:56.285-0300] {processor.py:179} INFO - Processing /home/marcos/anaconda3/envs/XPe-IGTI/lib/python3.8/site-packages/airflow/example_dags/subdags/subdag.py took 0.061 seconds
[2023-11-27T21:25:46.296-0300] {processor.py:157} INFO - Started process (PID=53769) to work on /home/marcos/anaconda3/envs/XPe-IGTI/lib/python3.8/site-packages/airflow/example_dags/subdags/subdag.py
[2023-11-27T21:25:46.299-0300] {processor.py:829} INFO - Processing file /home/marcos/anaconda3/envs/XPe-IGTI/lib/python3.8/site-packages/airflow/example_dags/subdags/subdag.py for tasks to queue
[2023-11-27T21:25:46.302-0300] {logging_mixin.py:154} INFO - [2023-11-27T21:25:46.301-0300] {dagbag.py:536} INFO - Filling up the DagBag from /home/marcos/anaconda3/envs/XPe-IGTI/lib/python3.8/site-packages/airflow/example_dags/subdags/subdag.py
[2023-11-27T21:25:46.309-0300] {processor.py:841} WARNING - No viable dags retrieved from /home/marcos/anaconda3/envs/XPe-IGTI/lib/python3.8/site-packages/airflow/example_dags/subdags/subdag.py
[2023-11-27T21:25:46.335-0300] {processor.py:179} INFO - Processing /home/marcos/anaconda3/envs/XPe-IGTI/lib/python3.8/site-packages/airflow/example_dags/subdags/subdag.py took 0.050 seconds
[2023-11-27T21:26:34.677-0300] {processor.py:157} INFO - Started process (PID=53830) to work on /home/marcos/anaconda3/envs/XPe-IGTI/lib/python3.8/site-packages/airflow/example_dags/subdags/subdag.py
[2023-11-27T21:26:34.681-0300] {processor.py:829} INFO - Processing file /home/marcos/anaconda3/envs/XPe-IGTI/lib/python3.8/site-packages/airflow/example_dags/subdags/subdag.py for tasks to queue
[2023-11-27T21:26:34.682-0300] {logging_mixin.py:154} INFO - [2023-11-27T21:26:34.682-0300] {dagbag.py:536} INFO - Filling up the DagBag from /home/marcos/anaconda3/envs/XPe-IGTI/lib/python3.8/site-packages/airflow/example_dags/subdags/subdag.py
[2023-11-27T21:26:34.686-0300] {processor.py:841} WARNING - No viable dags retrieved from /home/marcos/anaconda3/envs/XPe-IGTI/lib/python3.8/site-packages/airflow/example_dags/subdags/subdag.py
[2023-11-27T21:26:34.701-0300] {processor.py:179} INFO - Processing /home/marcos/anaconda3/envs/XPe-IGTI/lib/python3.8/site-packages/airflow/example_dags/subdags/subdag.py took 0.030 seconds
[2023-11-27T21:27:21.567-0300] {processor.py:157} INFO - Started process (PID=53907) to work on /home/marcos/anaconda3/envs/XPe-IGTI/lib/python3.8/site-packages/airflow/example_dags/subdags/subdag.py
[2023-11-27T21:27:21.571-0300] {processor.py:829} INFO - Processing file /home/marcos/anaconda3/envs/XPe-IGTI/lib/python3.8/site-packages/airflow/example_dags/subdags/subdag.py for tasks to queue
[2023-11-27T21:27:21.573-0300] {logging_mixin.py:154} INFO - [2023-11-27T21:27:21.573-0300] {dagbag.py:536} INFO - Filling up the DagBag from /home/marcos/anaconda3/envs/XPe-IGTI/lib/python3.8/site-packages/airflow/example_dags/subdags/subdag.py
[2023-11-27T21:27:21.577-0300] {processor.py:841} WARNING - No viable dags retrieved from /home/marcos/anaconda3/envs/XPe-IGTI/lib/python3.8/site-packages/airflow/example_dags/subdags/subdag.py
[2023-11-27T21:27:21.592-0300] {processor.py:179} INFO - Processing /home/marcos/anaconda3/envs/XPe-IGTI/lib/python3.8/site-packages/airflow/example_dags/subdags/subdag.py took 0.030 seconds
[2023-11-27T21:28:04.306-0300] {processor.py:157} INFO - Started process (PID=53962) to work on /home/marcos/anaconda3/envs/XPe-IGTI/lib/python3.8/site-packages/airflow/example_dags/subdags/subdag.py
[2023-11-27T21:28:04.311-0300] {processor.py:829} INFO - Processing file /home/marcos/anaconda3/envs/XPe-IGTI/lib/python3.8/site-packages/airflow/example_dags/subdags/subdag.py for tasks to queue
[2023-11-27T21:28:04.312-0300] {logging_mixin.py:154} INFO - [2023-11-27T21:28:04.311-0300] {dagbag.py:536} INFO - Filling up the DagBag from /home/marcos/anaconda3/envs/XPe-IGTI/lib/python3.8/site-packages/airflow/example_dags/subdags/subdag.py
[2023-11-27T21:28:04.316-0300] {processor.py:841} WARNING - No viable dags retrieved from /home/marcos/anaconda3/envs/XPe-IGTI/lib/python3.8/site-packages/airflow/example_dags/subdags/subdag.py
[2023-11-27T21:28:04.333-0300] {processor.py:179} INFO - Processing /home/marcos/anaconda3/envs/XPe-IGTI/lib/python3.8/site-packages/airflow/example_dags/subdags/subdag.py took 0.033 seconds
[2023-11-27T21:28:47.796-0300] {processor.py:157} INFO - Started process (PID=54022) to work on /home/marcos/anaconda3/envs/XPe-IGTI/lib/python3.8/site-packages/airflow/example_dags/subdags/subdag.py
[2023-11-27T21:28:47.801-0300] {processor.py:829} INFO - Processing file /home/marcos/anaconda3/envs/XPe-IGTI/lib/python3.8/site-packages/airflow/example_dags/subdags/subdag.py for tasks to queue
[2023-11-27T21:28:47.803-0300] {logging_mixin.py:154} INFO - [2023-11-27T21:28:47.802-0300] {dagbag.py:536} INFO - Filling up the DagBag from /home/marcos/anaconda3/envs/XPe-IGTI/lib/python3.8/site-packages/airflow/example_dags/subdags/subdag.py
[2023-11-27T21:28:47.807-0300] {processor.py:841} WARNING - No viable dags retrieved from /home/marcos/anaconda3/envs/XPe-IGTI/lib/python3.8/site-packages/airflow/example_dags/subdags/subdag.py
[2023-11-27T21:28:47.826-0300] {processor.py:179} INFO - Processing /home/marcos/anaconda3/envs/XPe-IGTI/lib/python3.8/site-packages/airflow/example_dags/subdags/subdag.py took 0.034 seconds
[2023-11-28T18:52:11.037-0300] {processor.py:157} INFO - Started process (PID=144592) to work on /home/marcos/anaconda3/envs/XPe-IGTI/lib/python3.8/site-packages/airflow/example_dags/subdags/subdag.py
[2023-11-28T18:52:11.039-0300] {processor.py:829} INFO - Processing file /home/marcos/anaconda3/envs/XPe-IGTI/lib/python3.8/site-packages/airflow/example_dags/subdags/subdag.py for tasks to queue
[2023-11-28T18:52:11.040-0300] {logging_mixin.py:154} INFO - [2023-11-28T18:52:11.040-0300] {dagbag.py:536} INFO - Filling up the DagBag from /home/marcos/anaconda3/envs/XPe-IGTI/lib/python3.8/site-packages/airflow/example_dags/subdags/subdag.py
[2023-11-28T18:52:11.042-0300] {processor.py:841} WARNING - No viable dags retrieved from /home/marcos/anaconda3/envs/XPe-IGTI/lib/python3.8/site-packages/airflow/example_dags/subdags/subdag.py
[2023-11-28T18:52:11.052-0300] {processor.py:179} INFO - Processing /home/marcos/anaconda3/envs/XPe-IGTI/lib/python3.8/site-packages/airflow/example_dags/subdags/subdag.py took 0.018 seconds
[2023-11-28T18:53:00.661-0300] {processor.py:157} INFO - Started process (PID=144692) to work on /home/marcos/anaconda3/envs/XPe-IGTI/lib/python3.8/site-packages/airflow/example_dags/subdags/subdag.py
[2023-11-28T18:53:00.664-0300] {processor.py:829} INFO - Processing file /home/marcos/anaconda3/envs/XPe-IGTI/lib/python3.8/site-packages/airflow/example_dags/subdags/subdag.py for tasks to queue
[2023-11-28T18:53:00.665-0300] {logging_mixin.py:154} INFO - [2023-11-28T18:53:00.665-0300] {dagbag.py:536} INFO - Filling up the DagBag from /home/marcos/anaconda3/envs/XPe-IGTI/lib/python3.8/site-packages/airflow/example_dags/subdags/subdag.py
[2023-11-28T18:53:00.667-0300] {processor.py:841} WARNING - No viable dags retrieved from /home/marcos/anaconda3/envs/XPe-IGTI/lib/python3.8/site-packages/airflow/example_dags/subdags/subdag.py
[2023-11-28T18:53:00.677-0300] {processor.py:179} INFO - Processing /home/marcos/anaconda3/envs/XPe-IGTI/lib/python3.8/site-packages/airflow/example_dags/subdags/subdag.py took 0.019 seconds
[2023-11-28T18:53:36.927-0300] {processor.py:157} INFO - Started process (PID=144744) to work on /home/marcos/anaconda3/envs/XPe-IGTI/lib/python3.8/site-packages/airflow/example_dags/subdags/subdag.py
[2023-11-28T18:53:36.931-0300] {processor.py:829} INFO - Processing file /home/marcos/anaconda3/envs/XPe-IGTI/lib/python3.8/site-packages/airflow/example_dags/subdags/subdag.py for tasks to queue
[2023-11-28T18:53:36.932-0300] {logging_mixin.py:154} INFO - [2023-11-28T18:53:36.932-0300] {dagbag.py:536} INFO - Filling up the DagBag from /home/marcos/anaconda3/envs/XPe-IGTI/lib/python3.8/site-packages/airflow/example_dags/subdags/subdag.py
[2023-11-28T18:53:36.934-0300] {processor.py:841} WARNING - No viable dags retrieved from /home/marcos/anaconda3/envs/XPe-IGTI/lib/python3.8/site-packages/airflow/example_dags/subdags/subdag.py
[2023-11-28T18:53:36.945-0300] {processor.py:179} INFO - Processing /home/marcos/anaconda3/envs/XPe-IGTI/lib/python3.8/site-packages/airflow/example_dags/subdags/subdag.py took 0.021 seconds
[2023-11-28T18:54:13.483-0300] {processor.py:157} INFO - Started process (PID=145133) to work on /home/marcos/anaconda3/envs/XPe-IGTI/lib/python3.8/site-packages/airflow/example_dags/subdags/subdag.py
[2023-11-28T18:54:13.485-0300] {processor.py:829} INFO - Processing file /home/marcos/anaconda3/envs/XPe-IGTI/lib/python3.8/site-packages/airflow/example_dags/subdags/subdag.py for tasks to queue
[2023-11-28T18:54:13.487-0300] {logging_mixin.py:154} INFO - [2023-11-28T18:54:13.486-0300] {dagbag.py:536} INFO - Filling up the DagBag from /home/marcos/anaconda3/envs/XPe-IGTI/lib/python3.8/site-packages/airflow/example_dags/subdags/subdag.py
[2023-11-28T18:54:13.492-0300] {processor.py:841} WARNING - No viable dags retrieved from /home/marcos/anaconda3/envs/XPe-IGTI/lib/python3.8/site-packages/airflow/example_dags/subdags/subdag.py
[2023-11-28T18:54:13.514-0300] {processor.py:179} INFO - Processing /home/marcos/anaconda3/envs/XPe-IGTI/lib/python3.8/site-packages/airflow/example_dags/subdags/subdag.py took 0.036 seconds
[2023-11-28T18:54:55.349-0300] {processor.py:157} INFO - Started process (PID=145322) to work on /home/marcos/anaconda3/envs/XPe-IGTI/lib/python3.8/site-packages/airflow/example_dags/subdags/subdag.py
[2023-11-28T18:54:55.354-0300] {processor.py:829} INFO - Processing file /home/marcos/anaconda3/envs/XPe-IGTI/lib/python3.8/site-packages/airflow/example_dags/subdags/subdag.py for tasks to queue
[2023-11-28T18:54:55.354-0300] {logging_mixin.py:154} INFO - [2023-11-28T18:54:55.354-0300] {dagbag.py:536} INFO - Filling up the DagBag from /home/marcos/anaconda3/envs/XPe-IGTI/lib/python3.8/site-packages/airflow/example_dags/subdags/subdag.py
[2023-11-28T18:54:55.357-0300] {processor.py:841} WARNING - No viable dags retrieved from /home/marcos/anaconda3/envs/XPe-IGTI/lib/python3.8/site-packages/airflow/example_dags/subdags/subdag.py
[2023-11-28T18:54:55.368-0300] {processor.py:179} INFO - Processing /home/marcos/anaconda3/envs/XPe-IGTI/lib/python3.8/site-packages/airflow/example_dags/subdags/subdag.py took 0.025 seconds
[2023-11-28T18:55:38.193-0300] {processor.py:157} INFO - Started process (PID=145391) to work on /home/marcos/anaconda3/envs/XPe-IGTI/lib/python3.8/site-packages/airflow/example_dags/subdags/subdag.py
[2023-11-28T18:55:38.198-0300] {processor.py:829} INFO - Processing file /home/marcos/anaconda3/envs/XPe-IGTI/lib/python3.8/site-packages/airflow/example_dags/subdags/subdag.py for tasks to queue
[2023-11-28T18:55:38.201-0300] {logging_mixin.py:154} INFO - [2023-11-28T18:55:38.200-0300] {dagbag.py:536} INFO - Filling up the DagBag from /home/marcos/anaconda3/envs/XPe-IGTI/lib/python3.8/site-packages/airflow/example_dags/subdags/subdag.py
[2023-11-28T18:55:38.210-0300] {processor.py:841} WARNING - No viable dags retrieved from /home/marcos/anaconda3/envs/XPe-IGTI/lib/python3.8/site-packages/airflow/example_dags/subdags/subdag.py
[2023-11-28T18:55:38.229-0300] {processor.py:179} INFO - Processing /home/marcos/anaconda3/envs/XPe-IGTI/lib/python3.8/site-packages/airflow/example_dags/subdags/subdag.py took 0.041 seconds
[2023-11-28T18:56:16.550-0300] {processor.py:157} INFO - Started process (PID=145446) to work on /home/marcos/anaconda3/envs/XPe-IGTI/lib/python3.8/site-packages/airflow/example_dags/subdags/subdag.py
[2023-11-28T18:56:16.554-0300] {processor.py:829} INFO - Processing file /home/marcos/anaconda3/envs/XPe-IGTI/lib/python3.8/site-packages/airflow/example_dags/subdags/subdag.py for tasks to queue
[2023-11-28T18:56:16.556-0300] {logging_mixin.py:154} INFO - [2023-11-28T18:56:16.555-0300] {dagbag.py:536} INFO - Filling up the DagBag from /home/marcos/anaconda3/envs/XPe-IGTI/lib/python3.8/site-packages/airflow/example_dags/subdags/subdag.py
[2023-11-28T18:56:16.558-0300] {processor.py:841} WARNING - No viable dags retrieved from /home/marcos/anaconda3/envs/XPe-IGTI/lib/python3.8/site-packages/airflow/example_dags/subdags/subdag.py
[2023-11-28T18:56:16.573-0300] {processor.py:179} INFO - Processing /home/marcos/anaconda3/envs/XPe-IGTI/lib/python3.8/site-packages/airflow/example_dags/subdags/subdag.py took 0.027 seconds
[2023-11-28T18:56:53.803-0300] {processor.py:157} INFO - Started process (PID=145533) to work on /home/marcos/anaconda3/envs/XPe-IGTI/lib/python3.8/site-packages/airflow/example_dags/subdags/subdag.py
[2023-11-28T18:56:53.807-0300] {processor.py:829} INFO - Processing file /home/marcos/anaconda3/envs/XPe-IGTI/lib/python3.8/site-packages/airflow/example_dags/subdags/subdag.py for tasks to queue
[2023-11-28T18:56:53.808-0300] {logging_mixin.py:154} INFO - [2023-11-28T18:56:53.808-0300] {dagbag.py:536} INFO - Filling up the DagBag from /home/marcos/anaconda3/envs/XPe-IGTI/lib/python3.8/site-packages/airflow/example_dags/subdags/subdag.py
[2023-11-28T18:56:53.810-0300] {processor.py:841} WARNING - No viable dags retrieved from /home/marcos/anaconda3/envs/XPe-IGTI/lib/python3.8/site-packages/airflow/example_dags/subdags/subdag.py
[2023-11-28T18:56:53.820-0300] {processor.py:179} INFO - Processing /home/marcos/anaconda3/envs/XPe-IGTI/lib/python3.8/site-packages/airflow/example_dags/subdags/subdag.py took 0.020 seconds
[2023-11-28T18:57:29.138-0300] {processor.py:157} INFO - Started process (PID=145613) to work on /home/marcos/anaconda3/envs/XPe-IGTI/lib/python3.8/site-packages/airflow/example_dags/subdags/subdag.py
[2023-11-28T18:57:29.139-0300] {processor.py:829} INFO - Processing file /home/marcos/anaconda3/envs/XPe-IGTI/lib/python3.8/site-packages/airflow/example_dags/subdags/subdag.py for tasks to queue
[2023-11-28T18:57:29.140-0300] {logging_mixin.py:154} INFO - [2023-11-28T18:57:29.140-0300] {dagbag.py:536} INFO - Filling up the DagBag from /home/marcos/anaconda3/envs/XPe-IGTI/lib/python3.8/site-packages/airflow/example_dags/subdags/subdag.py
[2023-11-28T18:57:29.143-0300] {processor.py:841} WARNING - No viable dags retrieved from /home/marcos/anaconda3/envs/XPe-IGTI/lib/python3.8/site-packages/airflow/example_dags/subdags/subdag.py
[2023-11-28T18:57:29.152-0300] {processor.py:179} INFO - Processing /home/marcos/anaconda3/envs/XPe-IGTI/lib/python3.8/site-packages/airflow/example_dags/subdags/subdag.py took 0.018 seconds
[2023-11-28T18:58:05.141-0300] {processor.py:157} INFO - Started process (PID=145677) to work on /home/marcos/anaconda3/envs/XPe-IGTI/lib/python3.8/site-packages/airflow/example_dags/subdags/subdag.py
[2023-11-28T18:58:05.146-0300] {processor.py:829} INFO - Processing file /home/marcos/anaconda3/envs/XPe-IGTI/lib/python3.8/site-packages/airflow/example_dags/subdags/subdag.py for tasks to queue
[2023-11-28T18:58:05.150-0300] {logging_mixin.py:154} INFO - [2023-11-28T18:58:05.149-0300] {dagbag.py:536} INFO - Filling up the DagBag from /home/marcos/anaconda3/envs/XPe-IGTI/lib/python3.8/site-packages/airflow/example_dags/subdags/subdag.py
[2023-11-28T18:58:05.157-0300] {processor.py:841} WARNING - No viable dags retrieved from /home/marcos/anaconda3/envs/XPe-IGTI/lib/python3.8/site-packages/airflow/example_dags/subdags/subdag.py
[2023-11-28T18:58:05.175-0300] {processor.py:179} INFO - Processing /home/marcos/anaconda3/envs/XPe-IGTI/lib/python3.8/site-packages/airflow/example_dags/subdags/subdag.py took 0.040 seconds
[2023-11-28T18:58:43.050-0300] {processor.py:157} INFO - Started process (PID=145726) to work on /home/marcos/anaconda3/envs/XPe-IGTI/lib/python3.8/site-packages/airflow/example_dags/subdags/subdag.py
[2023-11-28T18:58:43.056-0300] {processor.py:829} INFO - Processing file /home/marcos/anaconda3/envs/XPe-IGTI/lib/python3.8/site-packages/airflow/example_dags/subdags/subdag.py for tasks to queue
[2023-11-28T18:58:43.059-0300] {logging_mixin.py:154} INFO - [2023-11-28T18:58:43.058-0300] {dagbag.py:536} INFO - Filling up the DagBag from /home/marcos/anaconda3/envs/XPe-IGTI/lib/python3.8/site-packages/airflow/example_dags/subdags/subdag.py
[2023-11-28T18:58:43.065-0300] {processor.py:841} WARNING - No viable dags retrieved from /home/marcos/anaconda3/envs/XPe-IGTI/lib/python3.8/site-packages/airflow/example_dags/subdags/subdag.py
[2023-11-28T18:58:43.080-0300] {processor.py:179} INFO - Processing /home/marcos/anaconda3/envs/XPe-IGTI/lib/python3.8/site-packages/airflow/example_dags/subdags/subdag.py took 0.040 seconds
[2023-11-28T18:59:23.726-0300] {processor.py:157} INFO - Started process (PID=145783) to work on /home/marcos/anaconda3/envs/XPe-IGTI/lib/python3.8/site-packages/airflow/example_dags/subdags/subdag.py
[2023-11-28T18:59:23.730-0300] {processor.py:829} INFO - Processing file /home/marcos/anaconda3/envs/XPe-IGTI/lib/python3.8/site-packages/airflow/example_dags/subdags/subdag.py for tasks to queue
[2023-11-28T18:59:23.732-0300] {logging_mixin.py:154} INFO - [2023-11-28T18:59:23.731-0300] {dagbag.py:536} INFO - Filling up the DagBag from /home/marcos/anaconda3/envs/XPe-IGTI/lib/python3.8/site-packages/airflow/example_dags/subdags/subdag.py
[2023-11-28T18:59:23.736-0300] {processor.py:841} WARNING - No viable dags retrieved from /home/marcos/anaconda3/envs/XPe-IGTI/lib/python3.8/site-packages/airflow/example_dags/subdags/subdag.py
[2023-11-28T18:59:23.751-0300] {processor.py:179} INFO - Processing /home/marcos/anaconda3/envs/XPe-IGTI/lib/python3.8/site-packages/airflow/example_dags/subdags/subdag.py took 0.030 seconds
[2023-11-28T19:00:03.744-0300] {processor.py:157} INFO - Started process (PID=145857) to work on /home/marcos/anaconda3/envs/XPe-IGTI/lib/python3.8/site-packages/airflow/example_dags/subdags/subdag.py
[2023-11-28T19:00:03.746-0300] {processor.py:829} INFO - Processing file /home/marcos/anaconda3/envs/XPe-IGTI/lib/python3.8/site-packages/airflow/example_dags/subdags/subdag.py for tasks to queue
[2023-11-28T19:00:03.747-0300] {logging_mixin.py:154} INFO - [2023-11-28T19:00:03.747-0300] {dagbag.py:536} INFO - Filling up the DagBag from /home/marcos/anaconda3/envs/XPe-IGTI/lib/python3.8/site-packages/airflow/example_dags/subdags/subdag.py
[2023-11-28T19:00:03.750-0300] {processor.py:841} WARNING - No viable dags retrieved from /home/marcos/anaconda3/envs/XPe-IGTI/lib/python3.8/site-packages/airflow/example_dags/subdags/subdag.py
[2023-11-28T19:00:03.762-0300] {processor.py:179} INFO - Processing /home/marcos/anaconda3/envs/XPe-IGTI/lib/python3.8/site-packages/airflow/example_dags/subdags/subdag.py took 0.021 seconds
[2023-11-28T19:00:51.436-0300] {processor.py:157} INFO - Started process (PID=145925) to work on /home/marcos/anaconda3/envs/XPe-IGTI/lib/python3.8/site-packages/airflow/example_dags/subdags/subdag.py
[2023-11-28T19:00:51.441-0300] {processor.py:829} INFO - Processing file /home/marcos/anaconda3/envs/XPe-IGTI/lib/python3.8/site-packages/airflow/example_dags/subdags/subdag.py for tasks to queue
[2023-11-28T19:00:51.444-0300] {logging_mixin.py:154} INFO - [2023-11-28T19:00:51.443-0300] {dagbag.py:536} INFO - Filling up the DagBag from /home/marcos/anaconda3/envs/XPe-IGTI/lib/python3.8/site-packages/airflow/example_dags/subdags/subdag.py
[2023-11-28T19:00:51.451-0300] {processor.py:841} WARNING - No viable dags retrieved from /home/marcos/anaconda3/envs/XPe-IGTI/lib/python3.8/site-packages/airflow/example_dags/subdags/subdag.py
[2023-11-28T19:00:51.474-0300] {processor.py:179} INFO - Processing /home/marcos/anaconda3/envs/XPe-IGTI/lib/python3.8/site-packages/airflow/example_dags/subdags/subdag.py took 0.041 seconds
[2023-11-28T19:01:28.319-0300] {processor.py:157} INFO - Started process (PID=145994) to work on /home/marcos/anaconda3/envs/XPe-IGTI/lib/python3.8/site-packages/airflow/example_dags/subdags/subdag.py
[2023-11-28T19:01:28.320-0300] {processor.py:829} INFO - Processing file /home/marcos/anaconda3/envs/XPe-IGTI/lib/python3.8/site-packages/airflow/example_dags/subdags/subdag.py for tasks to queue
[2023-11-28T19:01:28.321-0300] {logging_mixin.py:154} INFO - [2023-11-28T19:01:28.320-0300] {dagbag.py:536} INFO - Filling up the DagBag from /home/marcos/anaconda3/envs/XPe-IGTI/lib/python3.8/site-packages/airflow/example_dags/subdags/subdag.py
[2023-11-28T19:01:28.323-0300] {processor.py:841} WARNING - No viable dags retrieved from /home/marcos/anaconda3/envs/XPe-IGTI/lib/python3.8/site-packages/airflow/example_dags/subdags/subdag.py
[2023-11-28T19:01:28.332-0300] {processor.py:179} INFO - Processing /home/marcos/anaconda3/envs/XPe-IGTI/lib/python3.8/site-packages/airflow/example_dags/subdags/subdag.py took 0.016 seconds
[2023-11-28T19:02:09.559-0300] {processor.py:157} INFO - Started process (PID=146112) to work on /home/marcos/anaconda3/envs/XPe-IGTI/lib/python3.8/site-packages/airflow/example_dags/subdags/subdag.py
[2023-11-28T19:02:09.563-0300] {processor.py:829} INFO - Processing file /home/marcos/anaconda3/envs/XPe-IGTI/lib/python3.8/site-packages/airflow/example_dags/subdags/subdag.py for tasks to queue
[2023-11-28T19:02:09.565-0300] {logging_mixin.py:154} INFO - [2023-11-28T19:02:09.564-0300] {dagbag.py:536} INFO - Filling up the DagBag from /home/marcos/anaconda3/envs/XPe-IGTI/lib/python3.8/site-packages/airflow/example_dags/subdags/subdag.py
[2023-11-28T19:02:09.568-0300] {processor.py:841} WARNING - No viable dags retrieved from /home/marcos/anaconda3/envs/XPe-IGTI/lib/python3.8/site-packages/airflow/example_dags/subdags/subdag.py
[2023-11-28T19:02:09.584-0300] {processor.py:179} INFO - Processing /home/marcos/anaconda3/envs/XPe-IGTI/lib/python3.8/site-packages/airflow/example_dags/subdags/subdag.py took 0.030 seconds
[2023-11-28T19:02:47.728-0300] {processor.py:157} INFO - Started process (PID=146178) to work on /home/marcos/anaconda3/envs/XPe-IGTI/lib/python3.8/site-packages/airflow/example_dags/subdags/subdag.py
[2023-11-28T19:02:47.732-0300] {processor.py:829} INFO - Processing file /home/marcos/anaconda3/envs/XPe-IGTI/lib/python3.8/site-packages/airflow/example_dags/subdags/subdag.py for tasks to queue
[2023-11-28T19:02:47.734-0300] {logging_mixin.py:154} INFO - [2023-11-28T19:02:47.733-0300] {dagbag.py:536} INFO - Filling up the DagBag from /home/marcos/anaconda3/envs/XPe-IGTI/lib/python3.8/site-packages/airflow/example_dags/subdags/subdag.py
[2023-11-28T19:02:47.736-0300] {processor.py:841} WARNING - No viable dags retrieved from /home/marcos/anaconda3/envs/XPe-IGTI/lib/python3.8/site-packages/airflow/example_dags/subdags/subdag.py
[2023-11-28T19:02:47.748-0300] {processor.py:179} INFO - Processing /home/marcos/anaconda3/envs/XPe-IGTI/lib/python3.8/site-packages/airflow/example_dags/subdags/subdag.py took 0.025 seconds
[2023-11-28T19:03:24.284-0300] {processor.py:157} INFO - Started process (PID=146233) to work on /home/marcos/anaconda3/envs/XPe-IGTI/lib/python3.8/site-packages/airflow/example_dags/subdags/subdag.py
[2023-11-28T19:03:24.286-0300] {processor.py:829} INFO - Processing file /home/marcos/anaconda3/envs/XPe-IGTI/lib/python3.8/site-packages/airflow/example_dags/subdags/subdag.py for tasks to queue
[2023-11-28T19:03:24.287-0300] {logging_mixin.py:154} INFO - [2023-11-28T19:03:24.286-0300] {dagbag.py:536} INFO - Filling up the DagBag from /home/marcos/anaconda3/envs/XPe-IGTI/lib/python3.8/site-packages/airflow/example_dags/subdags/subdag.py
[2023-11-28T19:03:24.290-0300] {processor.py:841} WARNING - No viable dags retrieved from /home/marcos/anaconda3/envs/XPe-IGTI/lib/python3.8/site-packages/airflow/example_dags/subdags/subdag.py
[2023-11-28T19:03:24.307-0300] {processor.py:179} INFO - Processing /home/marcos/anaconda3/envs/XPe-IGTI/lib/python3.8/site-packages/airflow/example_dags/subdags/subdag.py took 0.029 seconds
[2023-11-28T19:04:09.732-0300] {processor.py:157} INFO - Started process (PID=146346) to work on /home/marcos/anaconda3/envs/XPe-IGTI/lib/python3.8/site-packages/airflow/example_dags/subdags/subdag.py
[2023-11-28T19:04:09.736-0300] {processor.py:829} INFO - Processing file /home/marcos/anaconda3/envs/XPe-IGTI/lib/python3.8/site-packages/airflow/example_dags/subdags/subdag.py for tasks to queue
[2023-11-28T19:04:09.738-0300] {logging_mixin.py:154} INFO - [2023-11-28T19:04:09.737-0300] {dagbag.py:536} INFO - Filling up the DagBag from /home/marcos/anaconda3/envs/XPe-IGTI/lib/python3.8/site-packages/airflow/example_dags/subdags/subdag.py
[2023-11-28T19:04:09.742-0300] {processor.py:841} WARNING - No viable dags retrieved from /home/marcos/anaconda3/envs/XPe-IGTI/lib/python3.8/site-packages/airflow/example_dags/subdags/subdag.py
[2023-11-28T19:04:09.759-0300] {processor.py:179} INFO - Processing /home/marcos/anaconda3/envs/XPe-IGTI/lib/python3.8/site-packages/airflow/example_dags/subdags/subdag.py took 0.031 seconds
[2023-11-28T19:04:59.776-0300] {processor.py:157} INFO - Started process (PID=146409) to work on /home/marcos/anaconda3/envs/XPe-IGTI/lib/python3.8/site-packages/airflow/example_dags/subdags/subdag.py
[2023-11-28T19:04:59.780-0300] {processor.py:829} INFO - Processing file /home/marcos/anaconda3/envs/XPe-IGTI/lib/python3.8/site-packages/airflow/example_dags/subdags/subdag.py for tasks to queue
[2023-11-28T19:04:59.782-0300] {logging_mixin.py:154} INFO - [2023-11-28T19:04:59.781-0300] {dagbag.py:536} INFO - Filling up the DagBag from /home/marcos/anaconda3/envs/XPe-IGTI/lib/python3.8/site-packages/airflow/example_dags/subdags/subdag.py
[2023-11-28T19:04:59.786-0300] {processor.py:841} WARNING - No viable dags retrieved from /home/marcos/anaconda3/envs/XPe-IGTI/lib/python3.8/site-packages/airflow/example_dags/subdags/subdag.py
[2023-11-28T19:04:59.804-0300] {processor.py:179} INFO - Processing /home/marcos/anaconda3/envs/XPe-IGTI/lib/python3.8/site-packages/airflow/example_dags/subdags/subdag.py took 0.033 seconds
[2023-11-28T19:05:52.793-0300] {processor.py:157} INFO - Started process (PID=146502) to work on /home/marcos/anaconda3/envs/XPe-IGTI/lib/python3.8/site-packages/airflow/example_dags/subdags/subdag.py
[2023-11-28T19:05:52.798-0300] {processor.py:829} INFO - Processing file /home/marcos/anaconda3/envs/XPe-IGTI/lib/python3.8/site-packages/airflow/example_dags/subdags/subdag.py for tasks to queue
[2023-11-28T19:05:52.802-0300] {logging_mixin.py:154} INFO - [2023-11-28T19:05:52.801-0300] {dagbag.py:536} INFO - Filling up the DagBag from /home/marcos/anaconda3/envs/XPe-IGTI/lib/python3.8/site-packages/airflow/example_dags/subdags/subdag.py
[2023-11-28T19:05:52.806-0300] {processor.py:841} WARNING - No viable dags retrieved from /home/marcos/anaconda3/envs/XPe-IGTI/lib/python3.8/site-packages/airflow/example_dags/subdags/subdag.py
[2023-11-28T19:05:52.821-0300] {processor.py:179} INFO - Processing /home/marcos/anaconda3/envs/XPe-IGTI/lib/python3.8/site-packages/airflow/example_dags/subdags/subdag.py took 0.036 seconds
[2023-11-28T19:06:42.758-0300] {processor.py:157} INFO - Started process (PID=146576) to work on /home/marcos/anaconda3/envs/XPe-IGTI/lib/python3.8/site-packages/airflow/example_dags/subdags/subdag.py
[2023-11-28T19:06:42.763-0300] {processor.py:829} INFO - Processing file /home/marcos/anaconda3/envs/XPe-IGTI/lib/python3.8/site-packages/airflow/example_dags/subdags/subdag.py for tasks to queue
[2023-11-28T19:06:42.767-0300] {logging_mixin.py:154} INFO - [2023-11-28T19:06:42.766-0300] {dagbag.py:536} INFO - Filling up the DagBag from /home/marcos/anaconda3/envs/XPe-IGTI/lib/python3.8/site-packages/airflow/example_dags/subdags/subdag.py
[2023-11-28T19:06:42.770-0300] {processor.py:841} WARNING - No viable dags retrieved from /home/marcos/anaconda3/envs/XPe-IGTI/lib/python3.8/site-packages/airflow/example_dags/subdags/subdag.py
[2023-11-28T19:06:42.788-0300] {processor.py:179} INFO - Processing /home/marcos/anaconda3/envs/XPe-IGTI/lib/python3.8/site-packages/airflow/example_dags/subdags/subdag.py took 0.036 seconds
[2023-11-28T19:07:22.362-0300] {processor.py:157} INFO - Started process (PID=146647) to work on /home/marcos/anaconda3/envs/XPe-IGTI/lib/python3.8/site-packages/airflow/example_dags/subdags/subdag.py
[2023-11-28T19:07:22.367-0300] {processor.py:829} INFO - Processing file /home/marcos/anaconda3/envs/XPe-IGTI/lib/python3.8/site-packages/airflow/example_dags/subdags/subdag.py for tasks to queue
[2023-11-28T19:07:22.371-0300] {logging_mixin.py:154} INFO - [2023-11-28T19:07:22.370-0300] {dagbag.py:536} INFO - Filling up the DagBag from /home/marcos/anaconda3/envs/XPe-IGTI/lib/python3.8/site-packages/airflow/example_dags/subdags/subdag.py
[2023-11-28T19:07:22.374-0300] {processor.py:841} WARNING - No viable dags retrieved from /home/marcos/anaconda3/envs/XPe-IGTI/lib/python3.8/site-packages/airflow/example_dags/subdags/subdag.py
[2023-11-28T19:07:22.386-0300] {processor.py:179} INFO - Processing /home/marcos/anaconda3/envs/XPe-IGTI/lib/python3.8/site-packages/airflow/example_dags/subdags/subdag.py took 0.029 seconds
[2023-11-28T19:08:06.570-0300] {processor.py:157} INFO - Started process (PID=146711) to work on /home/marcos/anaconda3/envs/XPe-IGTI/lib/python3.8/site-packages/airflow/example_dags/subdags/subdag.py
[2023-11-28T19:08:06.575-0300] {processor.py:829} INFO - Processing file /home/marcos/anaconda3/envs/XPe-IGTI/lib/python3.8/site-packages/airflow/example_dags/subdags/subdag.py for tasks to queue
[2023-11-28T19:08:06.578-0300] {logging_mixin.py:154} INFO - [2023-11-28T19:08:06.578-0300] {dagbag.py:536} INFO - Filling up the DagBag from /home/marcos/anaconda3/envs/XPe-IGTI/lib/python3.8/site-packages/airflow/example_dags/subdags/subdag.py
[2023-11-28T19:08:06.582-0300] {processor.py:841} WARNING - No viable dags retrieved from /home/marcos/anaconda3/envs/XPe-IGTI/lib/python3.8/site-packages/airflow/example_dags/subdags/subdag.py
[2023-11-28T19:08:06.596-0300] {processor.py:179} INFO - Processing /home/marcos/anaconda3/envs/XPe-IGTI/lib/python3.8/site-packages/airflow/example_dags/subdags/subdag.py took 0.030 seconds
[2023-11-28T19:09:22.371-0300] {processor.py:157} INFO - Started process (PID=146900) to work on /home/marcos/anaconda3/envs/XPe-IGTI/lib/python3.8/site-packages/airflow/example_dags/subdags/subdag.py
[2023-11-28T19:09:22.375-0300] {processor.py:829} INFO - Processing file /home/marcos/anaconda3/envs/XPe-IGTI/lib/python3.8/site-packages/airflow/example_dags/subdags/subdag.py for tasks to queue
[2023-11-28T19:09:22.379-0300] {logging_mixin.py:154} INFO - [2023-11-28T19:09:22.379-0300] {dagbag.py:536} INFO - Filling up the DagBag from /home/marcos/anaconda3/envs/XPe-IGTI/lib/python3.8/site-packages/airflow/example_dags/subdags/subdag.py
[2023-11-28T19:09:22.382-0300] {processor.py:841} WARNING - No viable dags retrieved from /home/marcos/anaconda3/envs/XPe-IGTI/lib/python3.8/site-packages/airflow/example_dags/subdags/subdag.py
[2023-11-28T19:09:22.392-0300] {processor.py:179} INFO - Processing /home/marcos/anaconda3/envs/XPe-IGTI/lib/python3.8/site-packages/airflow/example_dags/subdags/subdag.py took 0.026 seconds
[2023-11-28T19:10:05.394-0300] {processor.py:157} INFO - Started process (PID=146963) to work on /home/marcos/anaconda3/envs/XPe-IGTI/lib/python3.8/site-packages/airflow/example_dags/subdags/subdag.py
[2023-11-28T19:10:05.399-0300] {processor.py:829} INFO - Processing file /home/marcos/anaconda3/envs/XPe-IGTI/lib/python3.8/site-packages/airflow/example_dags/subdags/subdag.py for tasks to queue
[2023-11-28T19:10:05.402-0300] {logging_mixin.py:154} INFO - [2023-11-28T19:10:05.402-0300] {dagbag.py:536} INFO - Filling up the DagBag from /home/marcos/anaconda3/envs/XPe-IGTI/lib/python3.8/site-packages/airflow/example_dags/subdags/subdag.py
[2023-11-28T19:10:05.405-0300] {processor.py:841} WARNING - No viable dags retrieved from /home/marcos/anaconda3/envs/XPe-IGTI/lib/python3.8/site-packages/airflow/example_dags/subdags/subdag.py
[2023-11-28T19:10:05.419-0300] {processor.py:179} INFO - Processing /home/marcos/anaconda3/envs/XPe-IGTI/lib/python3.8/site-packages/airflow/example_dags/subdags/subdag.py took 0.029 seconds
[2023-11-28T19:10:45.398-0300] {processor.py:157} INFO - Started process (PID=147081) to work on /home/marcos/anaconda3/envs/XPe-IGTI/lib/python3.8/site-packages/airflow/example_dags/subdags/subdag.py
[2023-11-28T19:10:45.402-0300] {processor.py:829} INFO - Processing file /home/marcos/anaconda3/envs/XPe-IGTI/lib/python3.8/site-packages/airflow/example_dags/subdags/subdag.py for tasks to queue
[2023-11-28T19:10:45.405-0300] {logging_mixin.py:154} INFO - [2023-11-28T19:10:45.404-0300] {dagbag.py:536} INFO - Filling up the DagBag from /home/marcos/anaconda3/envs/XPe-IGTI/lib/python3.8/site-packages/airflow/example_dags/subdags/subdag.py
[2023-11-28T19:10:45.408-0300] {processor.py:841} WARNING - No viable dags retrieved from /home/marcos/anaconda3/envs/XPe-IGTI/lib/python3.8/site-packages/airflow/example_dags/subdags/subdag.py
[2023-11-28T19:10:45.419-0300] {processor.py:179} INFO - Processing /home/marcos/anaconda3/envs/XPe-IGTI/lib/python3.8/site-packages/airflow/example_dags/subdags/subdag.py took 0.025 seconds
[2023-11-28T19:11:26.140-0300] {processor.py:157} INFO - Started process (PID=147152) to work on /home/marcos/anaconda3/envs/XPe-IGTI/lib/python3.8/site-packages/airflow/example_dags/subdags/subdag.py
[2023-11-28T19:11:26.144-0300] {processor.py:829} INFO - Processing file /home/marcos/anaconda3/envs/XPe-IGTI/lib/python3.8/site-packages/airflow/example_dags/subdags/subdag.py for tasks to queue
[2023-11-28T19:11:26.148-0300] {logging_mixin.py:154} INFO - [2023-11-28T19:11:26.147-0300] {dagbag.py:536} INFO - Filling up the DagBag from /home/marcos/anaconda3/envs/XPe-IGTI/lib/python3.8/site-packages/airflow/example_dags/subdags/subdag.py
[2023-11-28T19:11:26.151-0300] {processor.py:841} WARNING - No viable dags retrieved from /home/marcos/anaconda3/envs/XPe-IGTI/lib/python3.8/site-packages/airflow/example_dags/subdags/subdag.py
[2023-11-28T19:11:26.165-0300] {processor.py:179} INFO - Processing /home/marcos/anaconda3/envs/XPe-IGTI/lib/python3.8/site-packages/airflow/example_dags/subdags/subdag.py took 0.030 seconds
[2023-11-28T19:12:15.386-0300] {processor.py:157} INFO - Started process (PID=147339) to work on /home/marcos/anaconda3/envs/XPe-IGTI/lib/python3.8/site-packages/airflow/example_dags/subdags/subdag.py
[2023-11-28T19:12:15.388-0300] {processor.py:829} INFO - Processing file /home/marcos/anaconda3/envs/XPe-IGTI/lib/python3.8/site-packages/airflow/example_dags/subdags/subdag.py for tasks to queue
[2023-11-28T19:12:15.394-0300] {logging_mixin.py:154} INFO - [2023-11-28T19:12:15.393-0300] {dagbag.py:536} INFO - Filling up the DagBag from /home/marcos/anaconda3/envs/XPe-IGTI/lib/python3.8/site-packages/airflow/example_dags/subdags/subdag.py
[2023-11-28T19:12:15.400-0300] {processor.py:841} WARNING - No viable dags retrieved from /home/marcos/anaconda3/envs/XPe-IGTI/lib/python3.8/site-packages/airflow/example_dags/subdags/subdag.py
[2023-11-28T19:12:15.420-0300] {processor.py:179} INFO - Processing /home/marcos/anaconda3/envs/XPe-IGTI/lib/python3.8/site-packages/airflow/example_dags/subdags/subdag.py took 0.043 seconds
[2023-11-28T19:13:05.381-0300] {processor.py:157} INFO - Started process (PID=147466) to work on /home/marcos/anaconda3/envs/XPe-IGTI/lib/python3.8/site-packages/airflow/example_dags/subdags/subdag.py
[2023-11-28T19:13:05.386-0300] {processor.py:829} INFO - Processing file /home/marcos/anaconda3/envs/XPe-IGTI/lib/python3.8/site-packages/airflow/example_dags/subdags/subdag.py for tasks to queue
[2023-11-28T19:13:05.391-0300] {logging_mixin.py:154} INFO - [2023-11-28T19:13:05.390-0300] {dagbag.py:536} INFO - Filling up the DagBag from /home/marcos/anaconda3/envs/XPe-IGTI/lib/python3.8/site-packages/airflow/example_dags/subdags/subdag.py
[2023-11-28T19:13:05.394-0300] {processor.py:841} WARNING - No viable dags retrieved from /home/marcos/anaconda3/envs/XPe-IGTI/lib/python3.8/site-packages/airflow/example_dags/subdags/subdag.py
[2023-11-28T19:13:05.409-0300] {processor.py:179} INFO - Processing /home/marcos/anaconda3/envs/XPe-IGTI/lib/python3.8/site-packages/airflow/example_dags/subdags/subdag.py took 0.032 seconds
[2023-11-28T19:13:59.347-0300] {processor.py:157} INFO - Started process (PID=147532) to work on /home/marcos/anaconda3/envs/XPe-IGTI/lib/python3.8/site-packages/airflow/example_dags/subdags/subdag.py
[2023-11-28T19:13:59.349-0300] {processor.py:829} INFO - Processing file /home/marcos/anaconda3/envs/XPe-IGTI/lib/python3.8/site-packages/airflow/example_dags/subdags/subdag.py for tasks to queue
[2023-11-28T19:13:59.353-0300] {logging_mixin.py:154} INFO - [2023-11-28T19:13:59.352-0300] {dagbag.py:536} INFO - Filling up the DagBag from /home/marcos/anaconda3/envs/XPe-IGTI/lib/python3.8/site-packages/airflow/example_dags/subdags/subdag.py
[2023-11-28T19:13:59.356-0300] {processor.py:841} WARNING - No viable dags retrieved from /home/marcos/anaconda3/envs/XPe-IGTI/lib/python3.8/site-packages/airflow/example_dags/subdags/subdag.py
[2023-11-28T19:13:59.374-0300] {processor.py:179} INFO - Processing /home/marcos/anaconda3/envs/XPe-IGTI/lib/python3.8/site-packages/airflow/example_dags/subdags/subdag.py took 0.033 seconds
[2023-11-28T19:14:49.480-0300] {processor.py:157} INFO - Started process (PID=147579) to work on /home/marcos/anaconda3/envs/XPe-IGTI/lib/python3.8/site-packages/airflow/example_dags/subdags/subdag.py
[2023-11-28T19:14:49.484-0300] {processor.py:829} INFO - Processing file /home/marcos/anaconda3/envs/XPe-IGTI/lib/python3.8/site-packages/airflow/example_dags/subdags/subdag.py for tasks to queue
[2023-11-28T19:14:49.489-0300] {logging_mixin.py:154} INFO - [2023-11-28T19:14:49.488-0300] {dagbag.py:536} INFO - Filling up the DagBag from /home/marcos/anaconda3/envs/XPe-IGTI/lib/python3.8/site-packages/airflow/example_dags/subdags/subdag.py
[2023-11-28T19:14:49.493-0300] {processor.py:841} WARNING - No viable dags retrieved from /home/marcos/anaconda3/envs/XPe-IGTI/lib/python3.8/site-packages/airflow/example_dags/subdags/subdag.py
[2023-11-28T19:14:49.508-0300] {processor.py:179} INFO - Processing /home/marcos/anaconda3/envs/XPe-IGTI/lib/python3.8/site-packages/airflow/example_dags/subdags/subdag.py took 0.033 seconds
[2023-11-28T19:15:39.212-0300] {processor.py:157} INFO - Started process (PID=147630) to work on /home/marcos/anaconda3/envs/XPe-IGTI/lib/python3.8/site-packages/airflow/example_dags/subdags/subdag.py
[2023-11-28T19:15:39.216-0300] {processor.py:829} INFO - Processing file /home/marcos/anaconda3/envs/XPe-IGTI/lib/python3.8/site-packages/airflow/example_dags/subdags/subdag.py for tasks to queue
[2023-11-28T19:15:39.220-0300] {logging_mixin.py:154} INFO - [2023-11-28T19:15:39.220-0300] {dagbag.py:536} INFO - Filling up the DagBag from /home/marcos/anaconda3/envs/XPe-IGTI/lib/python3.8/site-packages/airflow/example_dags/subdags/subdag.py
[2023-11-28T19:15:39.224-0300] {processor.py:841} WARNING - No viable dags retrieved from /home/marcos/anaconda3/envs/XPe-IGTI/lib/python3.8/site-packages/airflow/example_dags/subdags/subdag.py
[2023-11-28T19:15:39.240-0300] {processor.py:179} INFO - Processing /home/marcos/anaconda3/envs/XPe-IGTI/lib/python3.8/site-packages/airflow/example_dags/subdags/subdag.py took 0.033 seconds
[2023-11-28T19:16:25.570-0300] {processor.py:157} INFO - Started process (PID=147685) to work on /home/marcos/anaconda3/envs/XPe-IGTI/lib/python3.8/site-packages/airflow/example_dags/subdags/subdag.py
[2023-11-28T19:16:25.576-0300] {processor.py:829} INFO - Processing file /home/marcos/anaconda3/envs/XPe-IGTI/lib/python3.8/site-packages/airflow/example_dags/subdags/subdag.py for tasks to queue
[2023-11-28T19:16:25.583-0300] {logging_mixin.py:154} INFO - [2023-11-28T19:16:25.582-0300] {dagbag.py:536} INFO - Filling up the DagBag from /home/marcos/anaconda3/envs/XPe-IGTI/lib/python3.8/site-packages/airflow/example_dags/subdags/subdag.py
[2023-11-28T19:16:25.589-0300] {processor.py:841} WARNING - No viable dags retrieved from /home/marcos/anaconda3/envs/XPe-IGTI/lib/python3.8/site-packages/airflow/example_dags/subdags/subdag.py
[2023-11-28T19:16:25.618-0300] {processor.py:179} INFO - Processing /home/marcos/anaconda3/envs/XPe-IGTI/lib/python3.8/site-packages/airflow/example_dags/subdags/subdag.py took 0.057 seconds
[2023-11-28T19:17:09.059-0300] {processor.py:157} INFO - Started process (PID=147758) to work on /home/marcos/anaconda3/envs/XPe-IGTI/lib/python3.8/site-packages/airflow/example_dags/subdags/subdag.py
[2023-11-28T19:17:09.063-0300] {processor.py:829} INFO - Processing file /home/marcos/anaconda3/envs/XPe-IGTI/lib/python3.8/site-packages/airflow/example_dags/subdags/subdag.py for tasks to queue
[2023-11-28T19:17:09.067-0300] {logging_mixin.py:154} INFO - [2023-11-28T19:17:09.066-0300] {dagbag.py:536} INFO - Filling up the DagBag from /home/marcos/anaconda3/envs/XPe-IGTI/lib/python3.8/site-packages/airflow/example_dags/subdags/subdag.py
[2023-11-28T19:17:09.070-0300] {processor.py:841} WARNING - No viable dags retrieved from /home/marcos/anaconda3/envs/XPe-IGTI/lib/python3.8/site-packages/airflow/example_dags/subdags/subdag.py
[2023-11-28T19:17:09.084-0300] {processor.py:179} INFO - Processing /home/marcos/anaconda3/envs/XPe-IGTI/lib/python3.8/site-packages/airflow/example_dags/subdags/subdag.py took 0.030 seconds
[2023-11-28T19:17:52.381-0300] {processor.py:157} INFO - Started process (PID=147805) to work on /home/marcos/anaconda3/envs/XPe-IGTI/lib/python3.8/site-packages/airflow/example_dags/subdags/subdag.py
[2023-11-28T19:17:52.385-0300] {processor.py:829} INFO - Processing file /home/marcos/anaconda3/envs/XPe-IGTI/lib/python3.8/site-packages/airflow/example_dags/subdags/subdag.py for tasks to queue
[2023-11-28T19:17:52.388-0300] {logging_mixin.py:154} INFO - [2023-11-28T19:17:52.388-0300] {dagbag.py:536} INFO - Filling up the DagBag from /home/marcos/anaconda3/envs/XPe-IGTI/lib/python3.8/site-packages/airflow/example_dags/subdags/subdag.py
[2023-11-28T19:17:52.392-0300] {processor.py:841} WARNING - No viable dags retrieved from /home/marcos/anaconda3/envs/XPe-IGTI/lib/python3.8/site-packages/airflow/example_dags/subdags/subdag.py
[2023-11-28T19:17:52.405-0300] {processor.py:179} INFO - Processing /home/marcos/anaconda3/envs/XPe-IGTI/lib/python3.8/site-packages/airflow/example_dags/subdags/subdag.py took 0.029 seconds
[2023-11-28T19:18:39.306-0300] {processor.py:157} INFO - Started process (PID=147864) to work on /home/marcos/anaconda3/envs/XPe-IGTI/lib/python3.8/site-packages/airflow/example_dags/subdags/subdag.py
[2023-11-28T19:18:39.310-0300] {processor.py:829} INFO - Processing file /home/marcos/anaconda3/envs/XPe-IGTI/lib/python3.8/site-packages/airflow/example_dags/subdags/subdag.py for tasks to queue
[2023-11-28T19:18:39.315-0300] {logging_mixin.py:154} INFO - [2023-11-28T19:18:39.314-0300] {dagbag.py:536} INFO - Filling up the DagBag from /home/marcos/anaconda3/envs/XPe-IGTI/lib/python3.8/site-packages/airflow/example_dags/subdags/subdag.py
[2023-11-28T19:18:39.319-0300] {processor.py:841} WARNING - No viable dags retrieved from /home/marcos/anaconda3/envs/XPe-IGTI/lib/python3.8/site-packages/airflow/example_dags/subdags/subdag.py
[2023-11-28T19:18:39.332-0300] {processor.py:179} INFO - Processing /home/marcos/anaconda3/envs/XPe-IGTI/lib/python3.8/site-packages/airflow/example_dags/subdags/subdag.py took 0.031 seconds
[2023-11-28T19:20:09.489-0300] {processor.py:157} INFO - Started process (PID=148262) to work on /home/marcos/anaconda3/envs/XPe-IGTI/lib/python3.8/site-packages/airflow/example_dags/subdags/subdag.py
[2023-11-28T19:20:09.494-0300] {processor.py:829} INFO - Processing file /home/marcos/anaconda3/envs/XPe-IGTI/lib/python3.8/site-packages/airflow/example_dags/subdags/subdag.py for tasks to queue
[2023-11-28T19:20:09.500-0300] {logging_mixin.py:154} INFO - [2023-11-28T19:20:09.499-0300] {dagbag.py:536} INFO - Filling up the DagBag from /home/marcos/anaconda3/envs/XPe-IGTI/lib/python3.8/site-packages/airflow/example_dags/subdags/subdag.py
[2023-11-28T19:20:09.505-0300] {processor.py:841} WARNING - No viable dags retrieved from /home/marcos/anaconda3/envs/XPe-IGTI/lib/python3.8/site-packages/airflow/example_dags/subdags/subdag.py
[2023-11-28T19:20:09.519-0300] {processor.py:179} INFO - Processing /home/marcos/anaconda3/envs/XPe-IGTI/lib/python3.8/site-packages/airflow/example_dags/subdags/subdag.py took 0.039 seconds
[2023-11-28T19:21:29.608-0300] {processor.py:157} INFO - Started process (PID=148659) to work on /home/marcos/anaconda3/envs/XPe-IGTI/lib/python3.8/site-packages/airflow/example_dags/subdags/subdag.py
[2023-11-28T19:21:29.613-0300] {processor.py:829} INFO - Processing file /home/marcos/anaconda3/envs/XPe-IGTI/lib/python3.8/site-packages/airflow/example_dags/subdags/subdag.py for tasks to queue
[2023-11-28T19:21:29.620-0300] {logging_mixin.py:154} INFO - [2023-11-28T19:21:29.619-0300] {dagbag.py:536} INFO - Filling up the DagBag from /home/marcos/anaconda3/envs/XPe-IGTI/lib/python3.8/site-packages/airflow/example_dags/subdags/subdag.py
[2023-11-28T19:21:29.628-0300] {processor.py:841} WARNING - No viable dags retrieved from /home/marcos/anaconda3/envs/XPe-IGTI/lib/python3.8/site-packages/airflow/example_dags/subdags/subdag.py
[2023-11-28T19:21:29.645-0300] {processor.py:179} INFO - Processing /home/marcos/anaconda3/envs/XPe-IGTI/lib/python3.8/site-packages/airflow/example_dags/subdags/subdag.py took 0.041 seconds
[2023-11-28T19:22:15.478-0300] {processor.py:157} INFO - Started process (PID=148751) to work on /home/marcos/anaconda3/envs/XPe-IGTI/lib/python3.8/site-packages/airflow/example_dags/subdags/subdag.py
[2023-11-28T19:22:15.484-0300] {processor.py:829} INFO - Processing file /home/marcos/anaconda3/envs/XPe-IGTI/lib/python3.8/site-packages/airflow/example_dags/subdags/subdag.py for tasks to queue
[2023-11-28T19:22:15.489-0300] {logging_mixin.py:154} INFO - [2023-11-28T19:22:15.488-0300] {dagbag.py:536} INFO - Filling up the DagBag from /home/marcos/anaconda3/envs/XPe-IGTI/lib/python3.8/site-packages/airflow/example_dags/subdags/subdag.py
[2023-11-28T19:22:15.492-0300] {processor.py:841} WARNING - No viable dags retrieved from /home/marcos/anaconda3/envs/XPe-IGTI/lib/python3.8/site-packages/airflow/example_dags/subdags/subdag.py
[2023-11-28T19:22:15.509-0300] {processor.py:179} INFO - Processing /home/marcos/anaconda3/envs/XPe-IGTI/lib/python3.8/site-packages/airflow/example_dags/subdags/subdag.py took 0.037 seconds
[2023-11-28T19:23:04.764-0300] {processor.py:157} INFO - Started process (PID=148907) to work on /home/marcos/anaconda3/envs/XPe-IGTI/lib/python3.8/site-packages/airflow/example_dags/subdags/subdag.py
[2023-11-28T19:23:04.768-0300] {processor.py:829} INFO - Processing file /home/marcos/anaconda3/envs/XPe-IGTI/lib/python3.8/site-packages/airflow/example_dags/subdags/subdag.py for tasks to queue
[2023-11-28T19:23:04.773-0300] {logging_mixin.py:154} INFO - [2023-11-28T19:23:04.772-0300] {dagbag.py:536} INFO - Filling up the DagBag from /home/marcos/anaconda3/envs/XPe-IGTI/lib/python3.8/site-packages/airflow/example_dags/subdags/subdag.py
[2023-11-28T19:23:04.778-0300] {processor.py:841} WARNING - No viable dags retrieved from /home/marcos/anaconda3/envs/XPe-IGTI/lib/python3.8/site-packages/airflow/example_dags/subdags/subdag.py
[2023-11-28T19:23:04.795-0300] {processor.py:179} INFO - Processing /home/marcos/anaconda3/envs/XPe-IGTI/lib/python3.8/site-packages/airflow/example_dags/subdags/subdag.py took 0.035 seconds
[2023-11-28T19:23:52.276-0300] {processor.py:157} INFO - Started process (PID=148953) to work on /home/marcos/anaconda3/envs/XPe-IGTI/lib/python3.8/site-packages/airflow/example_dags/subdags/subdag.py
[2023-11-28T19:23:52.280-0300] {processor.py:829} INFO - Processing file /home/marcos/anaconda3/envs/XPe-IGTI/lib/python3.8/site-packages/airflow/example_dags/subdags/subdag.py for tasks to queue
[2023-11-28T19:23:52.285-0300] {logging_mixin.py:154} INFO - [2023-11-28T19:23:52.284-0300] {dagbag.py:536} INFO - Filling up the DagBag from /home/marcos/anaconda3/envs/XPe-IGTI/lib/python3.8/site-packages/airflow/example_dags/subdags/subdag.py
[2023-11-28T19:23:52.288-0300] {processor.py:841} WARNING - No viable dags retrieved from /home/marcos/anaconda3/envs/XPe-IGTI/lib/python3.8/site-packages/airflow/example_dags/subdags/subdag.py
[2023-11-28T19:23:52.302-0300] {processor.py:179} INFO - Processing /home/marcos/anaconda3/envs/XPe-IGTI/lib/python3.8/site-packages/airflow/example_dags/subdags/subdag.py took 0.031 seconds
[2023-11-28T19:24:37.841-0300] {processor.py:157} INFO - Started process (PID=149004) to work on /home/marcos/anaconda3/envs/XPe-IGTI/lib/python3.8/site-packages/airflow/example_dags/subdags/subdag.py
[2023-11-28T19:24:37.846-0300] {processor.py:829} INFO - Processing file /home/marcos/anaconda3/envs/XPe-IGTI/lib/python3.8/site-packages/airflow/example_dags/subdags/subdag.py for tasks to queue
[2023-11-28T19:24:37.849-0300] {logging_mixin.py:154} INFO - [2023-11-28T19:24:37.849-0300] {dagbag.py:536} INFO - Filling up the DagBag from /home/marcos/anaconda3/envs/XPe-IGTI/lib/python3.8/site-packages/airflow/example_dags/subdags/subdag.py
[2023-11-28T19:24:37.852-0300] {processor.py:841} WARNING - No viable dags retrieved from /home/marcos/anaconda3/envs/XPe-IGTI/lib/python3.8/site-packages/airflow/example_dags/subdags/subdag.py
[2023-11-28T19:24:37.866-0300] {processor.py:179} INFO - Processing /home/marcos/anaconda3/envs/XPe-IGTI/lib/python3.8/site-packages/airflow/example_dags/subdags/subdag.py took 0.030 seconds
[2023-11-28T19:25:25.670-0300] {processor.py:157} INFO - Started process (PID=149052) to work on /home/marcos/anaconda3/envs/XPe-IGTI/lib/python3.8/site-packages/airflow/example_dags/subdags/subdag.py
[2023-11-28T19:25:25.675-0300] {processor.py:829} INFO - Processing file /home/marcos/anaconda3/envs/XPe-IGTI/lib/python3.8/site-packages/airflow/example_dags/subdags/subdag.py for tasks to queue
[2023-11-28T19:25:25.678-0300] {logging_mixin.py:154} INFO - [2023-11-28T19:25:25.677-0300] {dagbag.py:536} INFO - Filling up the DagBag from /home/marcos/anaconda3/envs/XPe-IGTI/lib/python3.8/site-packages/airflow/example_dags/subdags/subdag.py
[2023-11-28T19:25:25.681-0300] {processor.py:841} WARNING - No viable dags retrieved from /home/marcos/anaconda3/envs/XPe-IGTI/lib/python3.8/site-packages/airflow/example_dags/subdags/subdag.py
[2023-11-28T19:25:25.695-0300] {processor.py:179} INFO - Processing /home/marcos/anaconda3/envs/XPe-IGTI/lib/python3.8/site-packages/airflow/example_dags/subdags/subdag.py took 0.030 seconds
[2023-11-28T19:26:14.468-0300] {processor.py:157} INFO - Started process (PID=149106) to work on /home/marcos/anaconda3/envs/XPe-IGTI/lib/python3.8/site-packages/airflow/example_dags/subdags/subdag.py
[2023-11-28T19:26:14.473-0300] {processor.py:829} INFO - Processing file /home/marcos/anaconda3/envs/XPe-IGTI/lib/python3.8/site-packages/airflow/example_dags/subdags/subdag.py for tasks to queue
[2023-11-28T19:26:14.476-0300] {logging_mixin.py:154} INFO - [2023-11-28T19:26:14.476-0300] {dagbag.py:536} INFO - Filling up the DagBag from /home/marcos/anaconda3/envs/XPe-IGTI/lib/python3.8/site-packages/airflow/example_dags/subdags/subdag.py
[2023-11-28T19:26:14.480-0300] {processor.py:841} WARNING - No viable dags retrieved from /home/marcos/anaconda3/envs/XPe-IGTI/lib/python3.8/site-packages/airflow/example_dags/subdags/subdag.py
[2023-11-28T19:26:14.492-0300] {processor.py:179} INFO - Processing /home/marcos/anaconda3/envs/XPe-IGTI/lib/python3.8/site-packages/airflow/example_dags/subdags/subdag.py took 0.029 seconds
[2023-11-28T19:27:02.728-0300] {processor.py:157} INFO - Started process (PID=149178) to work on /home/marcos/anaconda3/envs/XPe-IGTI/lib/python3.8/site-packages/airflow/example_dags/subdags/subdag.py
[2023-11-28T19:27:02.733-0300] {processor.py:829} INFO - Processing file /home/marcos/anaconda3/envs/XPe-IGTI/lib/python3.8/site-packages/airflow/example_dags/subdags/subdag.py for tasks to queue
[2023-11-28T19:27:02.737-0300] {logging_mixin.py:154} INFO - [2023-11-28T19:27:02.737-0300] {dagbag.py:536} INFO - Filling up the DagBag from /home/marcos/anaconda3/envs/XPe-IGTI/lib/python3.8/site-packages/airflow/example_dags/subdags/subdag.py
[2023-11-28T19:27:02.742-0300] {processor.py:841} WARNING - No viable dags retrieved from /home/marcos/anaconda3/envs/XPe-IGTI/lib/python3.8/site-packages/airflow/example_dags/subdags/subdag.py
[2023-11-28T19:27:02.761-0300] {processor.py:179} INFO - Processing /home/marcos/anaconda3/envs/XPe-IGTI/lib/python3.8/site-packages/airflow/example_dags/subdags/subdag.py took 0.037 seconds
[2023-11-28T19:27:43.579-0300] {processor.py:157} INFO - Started process (PID=149227) to work on /home/marcos/anaconda3/envs/XPe-IGTI/lib/python3.8/site-packages/airflow/example_dags/subdags/subdag.py
[2023-11-28T19:27:43.580-0300] {processor.py:829} INFO - Processing file /home/marcos/anaconda3/envs/XPe-IGTI/lib/python3.8/site-packages/airflow/example_dags/subdags/subdag.py for tasks to queue
[2023-11-28T19:27:43.583-0300] {logging_mixin.py:154} INFO - [2023-11-28T19:27:43.583-0300] {dagbag.py:536} INFO - Filling up the DagBag from /home/marcos/anaconda3/envs/XPe-IGTI/lib/python3.8/site-packages/airflow/example_dags/subdags/subdag.py
[2023-11-28T19:27:43.586-0300] {processor.py:841} WARNING - No viable dags retrieved from /home/marcos/anaconda3/envs/XPe-IGTI/lib/python3.8/site-packages/airflow/example_dags/subdags/subdag.py
[2023-11-28T19:27:43.598-0300] {processor.py:179} INFO - Processing /home/marcos/anaconda3/envs/XPe-IGTI/lib/python3.8/site-packages/airflow/example_dags/subdags/subdag.py took 0.023 seconds
[2023-11-28T19:28:21.924-0300] {processor.py:157} INFO - Started process (PID=149308) to work on /home/marcos/anaconda3/envs/XPe-IGTI/lib/python3.8/site-packages/airflow/example_dags/subdags/subdag.py
[2023-11-28T19:28:21.929-0300] {processor.py:829} INFO - Processing file /home/marcos/anaconda3/envs/XPe-IGTI/lib/python3.8/site-packages/airflow/example_dags/subdags/subdag.py for tasks to queue
[2023-11-28T19:28:21.936-0300] {logging_mixin.py:154} INFO - [2023-11-28T19:28:21.935-0300] {dagbag.py:536} INFO - Filling up the DagBag from /home/marcos/anaconda3/envs/XPe-IGTI/lib/python3.8/site-packages/airflow/example_dags/subdags/subdag.py
[2023-11-28T19:28:21.943-0300] {processor.py:841} WARNING - No viable dags retrieved from /home/marcos/anaconda3/envs/XPe-IGTI/lib/python3.8/site-packages/airflow/example_dags/subdags/subdag.py
[2023-11-28T19:28:21.964-0300] {processor.py:179} INFO - Processing /home/marcos/anaconda3/envs/XPe-IGTI/lib/python3.8/site-packages/airflow/example_dags/subdags/subdag.py took 0.044 seconds
